# Flight Log 
# 25 08 17 - 17:17:23
Time		X,Y,Z				goalX,goalY,goalZ		ddx,ddy,ddz			angularx,angulary,angularz	battery
17:17:23	0.000000,0.000000,0.000000	0.000000,0.000000,0.000000	0.000000,0.000000,0.000000	0.000000,0.000000,0.000000	0
17:17:23	0.000000,0.000000,0.000000	0.000000,0.000000,0.000000	0.000000,0.000000,0.000000	0.000000,0.000000,0.000000	0
17:17:23	0.696713,0.833680,0.409556	0.697588,0.833598,0.729582	-0.071851,0.136516,10.320139	0.696713,0.833680,0.409556	3.73196482658
17:17:23	0.696704,0.833687,0.409563	0.697607,0.833589,0.729542	-0.074246,0.134121,10.308164	0.696704,0.833687,0.409563	3.73196482658
17:17:23	0.696718,0.833678,0.409559	0.697603,0.833584,0.729538	-0.083826,0.141306,10.308164	0.696718,0.833678,0.409559	3.72668623924
17:17:23	0.696704,0.833683,0.409557	0.697607,0.833581,0.729542	-0.079036,0.146096,10.320139	0.696704,0.833683,0.409557	3.72668623924
17:17:23	0.696704,0.833681,0.409557	0.697606,0.833586,0.729538	-0.079036,0.138911,10.324929	0.696704,0.833681,0.409557	3.73196482658
17:17:24	0.696693,0.833688,0.409562	0.697605,0.833591,0.729553	-0.086221,0.136516,10.320139	0.696693,0.833688,0.409562	3.73196482658
17:17:24	0.696710,0.833679,0.409549	0.697616,0.833579,0.729538	-0.074246,0.134121,10.312954	0.696710,0.833679,0.409549	3.73196482658
17:17:24	0.696691,0.833686,0.409569	0.697614,0.833587,0.729539	-0.081431,0.131726,10.310559	0.696691,0.833686,0.409569	3.73196482658
17:17:24	0.696700,0.833688,0.409566	0.697592,0.833596,0.729553	-0.083826,0.141306,10.320139	0.696700,0.833688,0.409566	3.73196482658
17:17:24	0.696695,0.833688,0.409554	0.697613,0.833595,0.729543	-0.076641,0.136516,10.310559	0.696695,0.833688,0.409554	3.72668623924
17:17:24	0.696723,0.833683,0.409550	0.697597,0.833591,0.729555	-0.081431,0.131726,10.315349	0.696723,0.833683,0.409550	3.73196482658
17:17:24	0.696734,0.833688,0.409524	0.697611,0.833583,0.729551	-0.079036,0.141306,10.320139	0.696734,0.833688,0.409524	3.73196482658
17:17:24	0.696704,0.833692,0.409562	0.697645,0.833594,0.729393	-0.074246,0.138911,10.305769	0.696704,0.833692,0.409562	3.72668623924
17:17:24	0.696699,0.833695,0.409576	0.697675,0.833590,0.729371	-0.076641,0.138911,10.317744	0.696699,0.833695,0.409576	3.73196482658
17:17:24	0.696690,0.833674,0.409551	0.697592,0.833583,0.729576	-0.081431,0.141306,10.298584	0.696690,0.833674,0.409551	3.66334319115
17:17:25	0.696684,0.833685,0.409581	0.697591,0.833589,0.729528	-0.086221,0.150886,10.303374	0.696684,0.833685,0.409581	3.65806460381
17:17:25	0.696679,0.833699,0.409624	0.697590,0.833577,0.729557	-0.062271,0.107776,10.310559	0.696679,0.833699,0.409624	3.64750742912
17:17:25	0.696690,0.833688,0.409561	0.697570,0.833596,0.729577	-0.091011,0.067061,10.334509	0.696690,0.833688,0.409561	3.64222884178
17:17:25	0.696740,0.833678,0.409525	0.697573,0.833590,0.729568	-0.040715,0.091011,10.324929	0.696740,0.833678,0.409525	3.63695025444
17:17:25	0.696721,0.833684,0.409570	0.697593,0.833608,0.729585	-0.071851,0.196392,10.212363	0.696721,0.833684,0.409570	3.6316716671
17:17:25	0.696707,0.833705,0.409547	0.697617,0.833599,0.729555	-0.067061,0.110171,10.255474	0.696707,0.833705,0.409547	3.6316716671
17:17:25	0.696765,0.833668,0.409531	0.697601,0.833592,0.729574	-0.088616,0.083826,10.257869	0.696765,0.833668,0.409531	3.62111449242
17:17:25	0.696741,0.833661,0.409543	0.697704,0.833569,0.729551	-0.059875,0.208367,10.320139	0.696741,0.833661,0.409543	3.61055731773
17:17:25	0.696671,0.833708,0.409602	0.697583,0.833626,0.729544	-0.067061,0.205972,10.245894	0.696671,0.833708,0.409602	3.60000014305
17:17:25	0.696721,0.833693,0.409596	0.697614,0.833615,0.729533	-0.026345,0.172441,10.284214	0.696721,0.833693,0.409596	3.59472155571
17:17:26	0.696625,0.833811,0.409593	0.697625,0.833626,0.729560	-0.095801,0.172441,10.245894	0.696625,0.833811,0.409593	3.58944296837
17:17:26	0.696683,0.833930,0.409450	0.697534,0.833721,0.729617	-0.081431,0.201182,10.238708	0.696683,0.833930,0.409450	3.57888579369
17:17:26	0.696607,0.833953,0.409620	0.697698,0.833701,0.729350	-0.050295,0.167651,10.190808	0.696607,0.833953,0.409620	3.57360720634
17:17:26	0.696715,0.833892,0.409425	0.697595,0.833764,0.729391	-0.079036,0.177231,10.281819	0.696715,0.833892,0.409425	3.568328619
17:17:26	0.696557,0.833845,0.409592	0.697566,0.833733,0.729458	-0.069456,0.040715,10.262659	0.696557,0.833845,0.409592	3.55777144432
17:17:26	0.696617,0.833765,0.409462	0.697570,0.833643,0.729410	-0.112566,0.184417,10.523716	0.696617,0.833765,0.409462	3.54721426964
17:17:26	0.696489,0.833748,0.409435	0.697462,0.833671,0.729622	-0.122146,0.162861,10.327324	0.696489,0.833748,0.409435	3.54721426964
17:17:26	0.696332,0.833370,0.409498	0.697432,0.833646,0.729411	0.057480,0.153281,10.312954	0.696332,0.833370,0.409498	3.5313782692
17:17:26	0.696120,0.833060,0.409680	0.697324,0.833309,0.729474	-0.146096,0.040715,10.174043	0.696120,0.833060,0.409680	3.52082109451
17:17:26	0.696957,0.832086,0.409017	0.697666,0.833009,0.728995	-0.210762,0.105381,10.111772	0.696957,0.832086,0.409017	3.52082109451
17:17:27	0.695942,0.832166,0.409744	0.697756,0.832325,0.728973	-0.186812,0.273032,10.219548	0.695942,0.832166,0.409744	3.50498533249
17:17:27	0.695771,0.831943,0.409695	0.696968,0.832404,0.729630	-0.165256,-0.172441,10.229128	0.695771,0.831943,0.409695	3.49970674515
17:17:27	0.696340,0.831485,0.409067	0.697516,0.831901,0.729017	0.069456,0.059875,10.614727	0.696340,0.831485,0.409067	3.48914957047
17:17:27	0.695603,0.831467,0.409615	0.696822,0.832057,0.729476	-0.019160,0.237107,10.382410	0.695603,0.831467,0.409615	3.47859239578
17:17:27	0.695431,0.831167,0.409514	0.696944,0.831735,0.729471	-0.045505,0.131726,10.274634	0.695431,0.831167,0.409514	3.4680352211
17:17:27	0.695641,0.830210,0.409885	0.697026,0.831577,0.729284	0.100591,0.119751,10.550061	0.695641,0.830210,0.409885	3.45747804642
17:17:27	0.696318,0.829708,0.409695	0.697090,0.830858,0.729681	-0.320933,0.172441,10.375225	0.696318,0.829708,0.409695	3.44692087173
17:17:27	0.696697,0.829327,0.409731	0.697401,0.830486,0.729684	-0.282612,0.390388,10.255474	0.696697,0.829327,0.409731	3.43636369705
17:17:27	0.696676,0.829251,0.409874	0.697508,0.830457,0.729805	0.057480,0.433499,10.298584	0.696676,0.829251,0.409874	3.42580652237
17:17:27	0.697482,0.828280,0.410061	0.697781,0.830223,0.729845	-0.112566,0.335303,10.377620	0.697482,0.828280,0.410061	3.42052793503
17:17:28	0.698737,0.827305,0.409324	0.698548,0.829232,0.729602	-0.069456,-0.043110,10.339299	0.698737,0.827305,0.409324	3.404692173
17:17:28	0.698955,0.827339,0.409579	0.698784,0.829006,0.729637	-0.335303,-0.423918,10.291399	0.698955,0.827339,0.409579	3.39413499832
17:17:28	0.700517,0.827261,0.409572	0.699539,0.828921,0.729508	-0.011975,-0.138911,10.221943	0.700517,0.827261,0.409572	3.3782992363
17:17:28	0.702338,0.829165,0.409552	0.701398,0.829084,0.728978	0.011975,0.792751,10.382410	0.702338,0.829165,0.409552	3.36774206161
17:17:28	0.705020,0.832055,0.409611	0.702455,0.830689,0.729597	-0.138911,0.050295,10.322534	0.705020,0.832055,0.409611	3.35190629959
17:17:28	0.709493,0.836814,0.411400	0.704418,0.833285,0.730207	0.258662,0.617915,10.073452	0.709493,0.836814,0.411400	3.34134912491
17:17:28	0.717282,0.845378,0.413054	0.708649,0.837561,0.731576	-0.138911,0.289797,10.559641	0.717282,0.845378,0.413054	3.32023477554
17:17:28	0.727222,0.859465,0.418931	0.714556,0.845012,0.734328	0.045505,0.361648,10.415940	0.727222,0.859465,0.418931	3.32023477554
17:17:28	0.743533,0.880057,0.428844	0.731930,0.866022,0.741931	-0.258662,0.088616,10.166858	0.743533,0.880057,0.428844	3.29912042618
17:17:28	0.772991,0.907170,0.442011	0.746403,0.882276,0.752393	0.737666,0.589175,9.994417	0.772991,0.907170,0.442011	3.2041053772
17:17:29	0.815545,0.936664,0.461378	0.780190,0.912093,0.767488	0.797542,4.107458,11.100916	0.815545,0.936664,0.461378	3.24633455276
17:17:29	0.861789,0.967260,0.487481	0.821729,0.942715,0.788956	0.253872,2.318379,10.427915	0.861789,0.967260,0.487481	3.26744890213
17:17:29	0.907103,0.999552,0.515211	0.863228,0.974293,0.815621	0.016765,0.675396,10.487791	0.907103,0.999552,0.515211	3.27272748947
17:17:29	0.949383,1.034277,0.542894	0.936674,1.029441,0.840986	0.088616,0.447869,10.032737	0.949383,1.034277,0.542894	3.27272748947
17:17:29	0.988058,1.070744,0.571614	0.975762,1.065271,0.869385	0.150886,0.742456,10.255474	0.988058,1.070744,0.571614	3.26744890213
17:17:29	1.022665,1.109681,0.601602	1.012667,1.102368,0.898376	-0.014370,-0.512534,10.595566	1.022665,1.109681,0.601602	3.26744890213
17:17:29	1.053330,1.150673,0.631739	1.046964,1.140933,0.928618	0.308958,-0.014370,10.162068	1.053330,1.150673,0.631739	3.26744890213
17:17:29	1.078242,1.192922,0.664044	1.078965,1.180330,0.959173	-0.110171,0.273032,10.447075	1.078242,1.192922,0.664044	3.26744890213
17:17:29	1.097698,1.236310,0.698483	1.108692,1.219927,0.990949	0.091011,-0.189207,10.248289	1.097698,1.236310,0.698483	3.26744890213
17:17:29	1.114734,1.280087,0.729140	1.136995,1.277015,1.017766	-0.047900,-0.031135,10.262659	1.114734,1.280087,0.729140	3.25689172745
17:17:30	1.128970,1.321603,0.762402	1.147814,1.317645,1.051527	0.256267,-0.354463,10.368040	1.128970,1.321603,0.762402	3.26217031479
17:17:30	1.142874,1.362692,0.797281	1.178410,1.356394,1.078131	0.682581,0.320933,10.317744	1.142874,1.362692,0.797281	3.26217031479
17:17:30	1.157731,1.404289,0.833381	1.189717,1.395398,1.115858	0.191602,0.510139,10.023157	1.157731,1.404289,0.833381	3.26217031479
17:17:30	1.173232,1.444854,0.867894	1.226596,1.462047,1.125096	-0.114961,-0.299377,10.212363	1.173232,1.444854,0.867894	3.25161314011
17:17:30	1.191186,1.482894,0.900666	1.241508,1.506341,1.157224	0.000000,0.459844,10.351274	1.191186,1.482894,0.900666	3.24633455276
17:17:30	1.210290,1.520143,0.933321	1.290941,1.546611,1.150215	0.184417,-0.301772,10.003997	1.210290,1.520143,0.933321	3.26744890213
17:17:30	1.230588,1.557005,0.962636	1.296498,1.587197,1.124287	0.304167,0.292192,9.819580	1.230588,1.557005,0.962636	3.24633455276
17:17:30	1.252125,1.593509,0.984891	1.337418,1.618513,1.063869	0.079036,0.419128,9.465117	1.252125,1.593509,0.984891	3.24105596542
17:17:30	1.274928,1.629624,0.992030	1.324196,1.650021,1.023915	0.011975,0.574805,9.165740	1.274928,1.629624,0.992030	3.21994161606
17:17:30	1.297828,1.664717,0.987352	1.363803,1.735112,1.019386	0.023950,0.481399,9.881851	1.297828,1.664717,0.987352	3.21994161606
17:17:31	1.320287,1.698258,0.980727	1.403456,1.767666,1.032833	-0.201182,-0.213157,10.497371	1.320287,1.698258,0.980727	3.21994161606
17:17:31	1.341474,1.730507,0.976320	1.390250,1.801174,1.046053	0.028740,0.462239,10.456655	1.341474,1.730507,0.976320	3.2252202034
17:17:31	1.361758,1.760800,0.975416	1.430997,1.835474,1.053732	0.098196,0.680186,10.518926	1.361758,1.760800,0.975416	3.2252202034
17:17:31	1.380884,1.789685,0.978889	1.472314,1.871052,1.052383	-0.081431,0.680186,10.763218	1.380884,1.789685,0.978889	3.2252202034
17:17:31	1.398539,1.819859,0.984089	1.461112,1.853703,1.043066	-0.047900,-0.129331,10.423125	1.398539,1.819859,0.984089	3.2252202034
17:17:31	1.415615,1.851894,0.988134	1.504167,1.888386,1.032167	-0.160466,0.325723,9.984836	1.415615,1.851894,0.988134	3.2252202034
17:17:31	1.432775,1.883836,0.991825	1.493902,1.922444,1.023250	-0.112566,-0.134121,10.095007	1.432775,1.883836,0.991825	3.23049879074
17:17:31	1.450356,1.916135,0.994110	1.536828,1.956718,1.015957	0.627495,0.728086,10.056687	1.450356,1.916135,0.994110	3.21994161606
17:17:31	1.468636,1.949510,0.995478	1.526171,1.990411,1.012103	0.079036,0.570015,10.480605	1.468636,1.949510,0.995478	3.21994161606
17:17:31	1.487167,1.983718,0.996778	1.568425,1.970177,1.008906	0.483794,0.158071,10.509346	1.487167,1.983718,0.996778	3.21994161606
17:17:32	1.506226,2.017956,0.997859	1.557287,1.949541,1.006150	0.335303,0.694556,10.411150	1.506226,2.017956,0.997859	3.21994161606
17:17:32	1.527508,2.048934,0.999178	1.598840,1.982709,1.004164	0.325723,1.099314,10.104587	1.527508,2.048934,0.999178	3.21466302872
17:17:32	1.551582,2.073467,1.002008	1.638840,2.125267,0.999878	0.083826,0.352068,10.375225	1.551582,2.073467,1.002008	3.21994161606
17:17:32	1.577439,2.092445,1.003101	1.623947,2.165151,0.994527	0.304167,-0.062271,10.159673	1.577439,2.092445,1.003101	3.21994161606
17:17:32	1.603368,2.109096,1.002384	1.661625,2.154493,0.993394	0.340093,-0.023950,10.140513	1.603368,2.109096,1.002384	3.21466302872
17:17:32	1.627485,2.126369,1.000651	1.699686,2.144482,0.995940	-0.035925,0.639470,10.408755	1.627485,2.126369,1.000651	3.21994161606
17:17:32	1.650700,2.144713,0.999306	1.738844,2.187257,0.999887	0.100591,0.146096,10.557246	1.650700,2.144713,0.999306	3.21994161606
17:17:32	1.673381,2.164929,0.999906	1.725057,2.175923,1.001075	0.093406,0.320933,10.183623	1.673381,2.164929,0.999906	3.21994161606
17:17:32	1.694539,2.188504,0.999568	1.764957,2.163165,0.999981	0.699346,0.565225,10.047107	1.694539,2.188504,0.999568	3.21994161606
17:17:32	1.714168,2.213456,0.999189	1.806028,2.148596,1.001173	0.071851,0.967588,10.564431	1.714168,2.213456,0.999189	3.21466302872
17:17:33	1.734202,2.238127,0.998955	1.794287,2.186953,1.001967	0.158071,-0.196392,10.554851	1.734202,2.238127,0.998955	3.21466302872
17:17:33	1.756138,2.261594,0.999258	1.835100,2.225674,1.002301	0.227527,0.282612,10.447075	1.756138,2.261594,0.999258	3.21466302872
17:17:33	1.777702,2.284447,0.999585	1.821972,2.371826,1.001143	0.213157,0.222737,10.372830	1.777702,2.284447,0.999585	3.21994161606
17:17:33	1.798308,2.307958,0.999445	1.862500,2.358039,1.000878	0.033530,0.771196,10.394385	1.798308,2.307958,0.999445	3.21466302872
17:17:33	1.816417,2.334218,0.998800	1.903822,2.396873,1.001544	0.040715,0.160466,10.265054	1.816417,2.334218,0.998800	3.21466302872
17:17:33	1.830740,2.364170,0.998190	1.893722,2.380404,1.003003	0.191602,0.141306,9.687854	1.830740,2.364170,0.998190	3.20938444138
17:17:33	1.841656,2.397836,0.996665	1.939222,2.361615,1.004833	-0.091011,0.040715,10.104587	1.841656,2.397836,0.996665	3.20938444138
17:17:33	1.851394,2.432526,0.995736	1.933096,2.394358,1.008173	0.074246,0.148491,10.562036	1.851394,2.432526,0.995736	3.20938444138
17:17:33	1.862788,2.466905,0.996060	1.927020,2.533586,1.009159	-0.074246,0.311353,10.509346	1.862788,2.466905,0.996060	3.20938444138
17:17:33	1.876254,2.502096,0.996733	1.973028,2.566257,1.008242	0.023950,0.052690,10.284214	1.876254,2.502096,0.996733	3.21466302872
17:17:34	1.890923,2.540263,0.996434	1.964675,2.544715,1.006737	-0.045505,-0.050295,10.370435	1.890923,2.540263,0.996434	3.20938444138
17:17:34	1.907191,2.580027,0.994718	2.008996,2.574575,1.009010	0.047900,-0.011975,10.197993	1.907191,2.580027,0.994718	3.20938444138
17:17:34	1.925470,2.617992,0.993741	1.998828,2.550856,1.012159	0.081431,0.795146,10.624307	1.925470,2.617992,0.993741	3.20938444138
17:17:34	1.945862,2.651412,0.992760	2.040603,2.582154,1.014341	-0.071851,-0.050295,10.736873	1.945862,2.651412,0.992760	3.2041053772
17:17:34	1.967692,2.677252,0.993852	2.028151,2.616776,1.015304	-0.055085,-0.186812,10.439890	1.967692,2.677252,0.993852	3.2041053772
17:17:34	1.989143,2.696343,0.994483	2.068376,2.656140,1.012588	0.344883,0.045505,9.896221	1.989143,2.696343,0.994483	3.20938444138
17:17:34	2.008287,2.711788,0.993443	2.055798,2.698949,1.012470	-0.011975,0.100591,10.042317	2.008287,2.711788,0.993443	3.2041053772
17:17:34	2.023821,2.726822,0.990873	2.098346,2.689982,1.015967	0.347278,0.273032,10.351274	2.023821,2.726822,0.990873	3.19882678986
17:17:34	2.036104,2.743651,0.987380	2.143111,2.734005,1.022812	1.231040,3.290757,10.174043	2.036104,2.743651,0.987380	3.19882678986
17:17:34	2.047558,2.762979,0.985307	2.135969,2.723568,1.029519	0.191602,0.562830,10.585986	2.047558,2.762979,0.985307	3.19882678986
17:17:35	2.058522,2.784984,0.983640	2.129257,2.764623,1.033677	-0.105381,0.043110,10.174043	2.058522,2.784984,0.983640	3.2041053772
17:17:35	2.069165,2.808116,0.982813	2.176161,2.751104,1.036880	0.251477,0.541274,10.413545	2.069165,2.808116,0.982813	3.19882678986
17:17:35	2.081773,2.830704,0.983020	2.169444,2.790612,1.037690	1.039438,0.864602,10.152488	2.081773,2.830704,0.983020	3.19882678986
17:17:35	2.097190,2.853726,0.983496	2.161402,2.830369,1.036985	0.414338,0.826282,10.475815	2.097190,2.853726,0.983496	3.19882678986
17:17:35	2.114506,2.878287,0.983730	2.205018,2.816313,1.035851	0.129331,0.423918,10.142908	2.114506,2.878287,0.983730	3.19354820251
17:17:35	2.133026,2.903992,0.983283	2.194449,2.854518,1.036047	0.229922,0.112566,10.051897	2.133026,2.903992,0.983283	3.19354820251
17:17:35	2.153059,2.930775,0.983758	2.236320,2.892327,1.036737	0.162861,-0.014370,10.320139	2.153059,2.930775,0.983758	3.19354820251
17:17:35	2.173229,2.959288,0.983606	2.224000,2.929384,1.035443	-0.143701,0.244292,10.471025	2.173229,2.959288,0.983606	3.19882678986
17:17:35	2.192011,2.990049,0.983024	2.265624,2.911660,1.036905	0.273032,0.071851,10.011182	2.192011,2.990049,0.983024	3.19354820251
17:17:35	2.209752,3.021151,0.982469	2.308006,2.946357,1.038012	0.011975,0.914897,10.791958	2.209752,3.021151,0.982469	3.18826961517
17:17:36	2.228287,3.050917,0.983060	2.297280,2.981166,1.038364	0.047900,0.586780,10.178833	2.228287,3.050917,0.983060	3.18299102783
17:17:36	2.247917,3.079012,0.984279	2.339146,2.963709,1.036311	-0.038320,0.179626,10.571616	2.247917,3.079012,0.984279	3.19354820251
17:17:36	2.267932,3.105451,0.984692	2.327040,2.947634,1.033882	0.040715,0.031135,10.133328	2.267932,3.105451,0.984692	3.19354820251
17:17:36	2.289185,3.128124,0.985028	2.367842,2.985951,1.033324	0.320933,0.045505,10.200388	2.289185,3.128124,0.985028	3.17771244049
17:17:36	2.310901,3.143102,0.987107	2.408759,3.026180,1.031890	0.184417,0.445474,10.346484	2.310901,3.143102,0.987107	3.18826961517
17:17:36	2.329646,3.150314,0.989602	2.449319,3.125612,1.026304	0.083826,0.308958,10.300979	2.329646,3.150314,0.989602	3.19354820251
17:17:36	2.350174,3.157868,0.988449	2.490670,3.121567,1.022605	0.213157,0.555645,10.380015	2.350174,3.157868,0.988449	3.18826961517
17:17:36	2.368051,3.168366,0.984544	2.479645,3.116824,1.028022	0.059875,0.105381,10.518926	2.368051,3.168366,0.984544	3.18299102783
17:17:36	2.386205,3.182596,0.981245	2.522227,3.163014,1.036935	0.349673,0.038320,10.217153	2.386205,3.182596,0.981245	3.18299102783
17:17:36	2.403541,3.200442,0.980683	2.511375,3.153840,1.042022	0.186812,0.136516,10.289004	2.403541,3.200442,0.980683	3.18826961517
17:17:37	2.419857,3.222405,0.980110	2.554525,3.195583,1.043018	0.069456,0.596360,10.574011	2.419857,3.222405,0.980110	3.18299102783
17:17:37	2.435857,3.246514,0.981652	2.544875,3.181842,1.042924	0.057480,-0.253872,10.109377	2.435857,3.246514,0.981652	3.18826961517
17:17:37	2.451679,3.271873,0.982599	2.576723,3.174190,1.034801	-0.105381,-0.011975,10.286609	2.451679,3.271873,0.982599	3.18826961517
17:17:37	2.468200,3.295187,0.984161	2.585241,3.186422,1.022953	0.112566,0.423918,10.291399	2.468200,3.295187,0.984161	3.17771244049
17:17:37	2.486543,3.313810,0.985257	2.613769,3.225830,1.018667	-0.028740,0.229922,10.406360	2.486543,3.313810,0.985257	3.18299102783
17:17:37	2.507096,3.328741,0.984963	2.617129,3.219581,1.019408	0.098196,0.126936,9.951306	2.507096,3.328741,0.984963	3.18299102783
17:17:37	2.529948,3.339478,0.983332	2.636685,3.230529,1.016446	0.222737,0.249082,10.571616	2.529948,3.339478,0.983332	3.18299102783
17:17:37	2.554426,3.345641,0.981753	2.659418,3.239457,1.015369	0.246687,0.330513,10.176438	2.554426,3.345641,0.981753	3.17771244049
17:17:37	2.580909,3.347957,0.980320	2.670090,3.229590,1.019912	0.119751,0.737666,10.200388	2.580909,3.347957,0.980320	3.18299102783
17:17:37	2.609624,3.347872,0.978768	2.697825,3.233389,1.036860	0.225132,0.040715,10.511741	2.609624,3.347872,0.978768	3.18299102783
17:17:38	2.639786,3.345445,0.980754	2.730635,3.235921,1.036964	0.251477,0.071851,10.585986	2.639786,3.345445,0.980754	3.18299102783
17:17:38	2.670452,3.341459,0.983751	2.729978,3.220121,1.040377	-0.050295,0.289797,10.459050	2.670452,3.341459,0.983751	3.18826961517
17:17:38	2.700039,3.336030,0.986486	2.764941,3.222820,1.033636	0.136516,-0.002395,10.255474	2.700039,3.336030,0.986486	3.18299102783
17:17:38	2.725997,3.328172,0.988863	2.801105,3.226556,1.027770	0.289797,0.510139,10.138118	2.725997,3.328172,0.988863	3.18299102783
17:17:38	2.747735,3.319650,0.989181	2.839804,3.231528,1.023709	0.114961,0.352068,10.274634	2.747735,3.319650,0.989181	3.18299102783
17:17:38	2.766650,3.312776,0.987801	2.827359,3.236431,1.024369	0.102986,-0.114961,10.083032	2.766650,3.312776,0.987801	3.17771244049
17:17:38	2.783349,3.308537,0.986236	2.869816,3.186636,1.028008	0.232317,-0.143701,10.274634	2.783349,3.308537,0.986236	3.17771244049
17:17:38	2.797753,3.307681,0.984820	2.860329,3.188524,1.031331	0.153281,0.347278,10.533296	2.797753,3.307681,0.984820	3.17771244049
17:17:38	2.811129,3.308981,0.984743	2.905339,3.188570,1.033883	1.393901,0.404758,10.329719	2.811129,3.308981,0.984743	3.17243385315
17:17:38	2.823742,3.310631,0.986289	2.897460,3.187638,1.032726	0.076641,0.124541,10.238708	2.823742,3.310631,0.986289	3.17771244049
17:17:39	2.837481,3.312176,0.988276	2.935858,3.194484,1.026041	0.589175,0.514929,10.344089	2.837481,3.312176,0.988276	3.17771244049
17:17:39	2.853786,3.313141,0.989761	2.934381,3.185773,1.024371	-0.038320,-0.105381,9.891431	2.853786,3.313141,0.989761	3.17771244049
17:17:39	2.873065,3.312821,0.990276	2.924109,3.185330,1.021700	0.251477,-0.160466,10.375225	2.873065,3.312821,0.990276	3.17771244049
17:17:39	2.893935,3.309644,0.990569	2.965356,3.292764,1.021153	-0.150886,0.308958,10.097402	2.893935,3.309644,0.990569	3.17243385315
17:17:39	2.913403,3.304339,0.990468	3.006226,3.295314,1.020485	0.170046,0.737666,10.339299	2.913403,3.304339,0.990468	3.17771244049
17:17:39	2.930740,3.300356,0.989157	2.995088,3.298525,1.021400	0.222737,0.462239,10.243499	2.930740,3.300356,0.989157	3.17771244049
17:17:39	2.947430,3.300629,0.987489	3.038217,3.300049,1.025114	0.263452,-0.067061,10.461445	2.947430,3.300629,0.987489	3.17243385315
17:17:39	2.963338,3.305897,0.986180	3.028344,3.298932,1.028716	0.067061,0.038320,10.389595	2.963338,3.305897,0.986180	3.17243385315
17:17:39	2.978765,3.315992,0.985332	3.072219,3.294776,1.031541	0.184417,0.649050,10.597961	2.978765,3.315992,0.985332	3.17243385315
17:17:39	2.992877,3.329638,0.985288	3.063140,3.287931,1.032200	0.079036,0.684976,10.574011	2.992877,3.329638,0.985288	3.17243385315
17:17:40	3.005819,3.345859,0.985223	3.108337,3.332383,1.032365	-0.011975,0.126936,10.427915	3.005819,3.345859,0.985223	3.16715526581
17:17:40	3.018297,3.363149,0.986156	3.100679,3.322424,1.031926	0.043110,0.131726,10.425520	3.018297,3.363149,0.986156	3.16715526581
17:17:40	3.030913,3.381719,0.986230	3.093206,3.365158,1.030238	0.033530,0.835862,10.351274	3.030913,3.381719,0.986230	3.16715526581
17:17:40	3.044184,3.400732,0.987147	3.138852,3.353806,1.029718	0.213157,-0.107776,10.011182	3.044184,3.400732,0.987147	3.16715526581
17:17:40	3.058408,3.420763,0.987304	3.130738,3.395707,1.027752	0.028740,-0.296982,10.375225	3.058408,3.420763,0.987304	3.17243385315
17:17:40	3.074812,3.442536,0.987458	3.175171,3.383292,1.027797	0.023950,0.493374,10.315349	3.074812,3.442536,0.987458	3.16715526581
17:17:40	3.093107,3.465778,0.987444	3.164878,3.369934,1.027409	0.323328,0.340093,10.442285	3.093107,3.465778,0.987444	3.17243385315
17:17:40	3.112342,3.487843,0.987399	3.206589,3.356371,1.027780	0.332908,0.730481,10.382410	3.112342,3.487843,0.987399	3.16187667847
17:17:40	3.132291,3.505292,0.989432	3.190620,3.352572,1.024154	0.086221,0.649050,10.303374	3.132291,3.505292,0.989432	3.16187667847
17:17:40	3.152382,3.516771,0.991617	3.236591,3.387355,1.021261	0.160466,0.138911,10.492581	3.152382,3.516771,0.991617	3.16715526581
17:17:41	3.171370,3.521694,0.993923	3.224636,3.381904,1.016676	0.047900,0.629890,10.473420	3.171370,3.521694,0.993923	3.16187667847
17:17:41	3.188360,3.521581,0.994958	3.266956,3.433233,1.012031	0.105381,-0.071851,10.154883	3.188360,3.521581,0.994958	3.17243385315
17:17:41	3.202371,3.517784,0.995698	3.257299,3.434196,1.010770	0.318538,0.289797,10.289004	3.202371,3.517784,0.995698	3.16715526581
17:17:41	3.212533,3.511141,0.995798	3.302968,3.437149,1.009294	0.179626,0.141306,10.365645	3.212533,3.511141,0.995798	3.16715526581
17:17:41	3.219269,3.504957,0.995287	3.297582,3.387867,1.009327	0.150886,0.546064,10.193203	3.219269,3.504957,0.995287	3.16715526581
17:17:41	3.224913,3.500740,0.994208	3.340719,3.397218,1.010296	0.323328,0.845442,10.444680	3.224913,3.500740,0.994208	3.16715526581
17:17:41	3.231615,3.498234,0.994159	3.343818,3.393594,1.013017	-0.064666,0.577200,10.736873	3.231615,3.498234,0.994159	3.15659809113
17:17:41	3.241810,3.497953,0.995239	3.376364,3.358147,1.032034	0.392783,1.092129,10.478210	3.241810,3.497953,0.995239	3.16187667847
17:17:41	3.257670,3.500423,0.999811	3.372982,3.344485,1.027465	0.124541,0.313748,10.178833	3.257670,3.500423,0.999811	3.16187667847
17:17:41	3.278617,3.503563,1.004099	3.406647,3.361189,1.008211	-0.150886,0.093406,10.044712	3.278617,3.503563,1.004099	3.16715526581
17:17:42	3.303239,3.505415,1.006220	3.396440,3.337477,0.994829	0.110171,-0.265847,10.044712	3.303239,3.505415,1.006220	3.16187667847
17:17:42	3.329923,3.505260,1.004102	3.432509,3.346169,0.992449	0.222737,1.080154,10.490186	3.329923,3.505260,1.004102	3.16715526581
17:17:42	3.357047,3.502028,1.000856	3.469155,3.352563,1.002608	0.189207,0.450264,10.511741	3.357047,3.502028,1.000856	3.16187667847
17:17:42	3.384079,3.495751,0.998899	3.454315,3.326527,1.015182	0.043110,0.019160,10.468630	3.384079,3.495751,0.998899	3.16715526581
17:17:42	3.411137,3.486893,0.999263	3.497524,3.337704,1.020241	-0.167651,0.023950,10.475815	3.411137,3.486893,0.999263	3.16715526581
17:17:42	3.435531,3.474319,1.001242	3.541826,3.353571,1.016481	-0.074246,-0.057480,10.363250	3.435531,3.474319,1.001242	3.16187667847
17:17:42	3.456036,3.459310,1.002888	3.570081,3.315107,1.006688	-0.059875,0.371228,10.236313	3.456036,3.459310,1.002888	3.16715526581
17:17:42	3.474227,3.444992,1.001828	3.560277,3.313216,1.003991	0.074246,0.158071,10.073452	3.474227,3.444992,1.001828	3.16715526581
17:17:42	3.491189,3.432947,0.999598	3.596787,3.278402,1.009419	0.122146,0.387993,10.231523	3.491189,3.432947,0.999598	3.15659809113
17:17:42	3.506664,3.422957,0.998136	3.645552,3.296326,1.016323	0.107776,0.160466,10.803933	3.506664,3.422957,0.998136	3.16187667847
17:17:43	3.523686,3.415985,0.998127	3.654156,3.280880,1.024142	0.105381,0.591570,10.720107	3.523686,3.415985,0.998127	3.15131950378
17:17:43	3.544959,3.411573,0.999932	3.695424,3.301763,1.019518	0.208367,0.553250,10.552456	3.544959,3.411573,0.999932	3.16187667847
17:17:43	3.570762,3.408593,1.001891	3.656948,3.239605,1.011025	-0.117356,0.342488,10.130933	3.570762,3.408593,1.001891	3.16187667847
17:17:43	3.600025,3.406179,1.001984	3.696253,3.244964,1.005246	0.330513,0.656235,10.181228	3.600025,3.406179,1.001984	3.16187667847
17:17:43	3.630300,3.401792,1.001958	3.670480,3.305198,1.007551	0.512534,0.213157,10.334509	3.630300,3.401792,1.001958	3.15659809113
17:17:43	3.658756,3.394645,1.002537	3.709255,3.313850,1.006626	0.177231,0.615520,10.499766	3.658756,3.394645,1.002537	3.15659809113
17:17:43	3.683523,3.386796,1.001869	3.665347,3.326325,1.005196	0.091011,1.377136,10.444680	3.683523,3.386796,1.001869	3.16187667847
17:17:43	3.703409,3.379828,1.000313	3.628045,3.338307,1.010381	-0.117356,0.289797,10.308164	3.703409,3.379828,1.000313	3.15659809113
17:17:43	3.714889,3.374681,0.999976	3.686546,3.348873,1.014833	0.416733,1.484912,10.439890	3.714889,3.374681,0.999976	3.15131950378
17:17:43	3.716903,3.372692,1.000145	3.673794,3.355497,1.015545	0.112566,-0.064666,10.463840	3.716903,3.372692,1.000145	3.15659809113
17:17:44	3.713867,3.375196,0.999955	3.760619,3.356580,1.014761	0.086221,-0.237107,10.461445	3.713867,3.375196,0.999955	3.16187667847
17:17:44	3.707217,3.383379,0.998490	3.680716,3.349553,1.016924	0.203577,0.126936,10.483000	3.707217,3.383379,0.998490	3.15659809113
17:17:44	3.698724,3.396750,0.997216	3.692968,3.333595,1.023656	0.263452,-0.071851,10.506951	3.698724,3.396750,0.997216	3.15659809113
17:17:44	3.690493,3.414118,0.996436	3.706676,3.309740,1.029019	0.112566,0.378413,10.200388	3.690493,3.414118,0.996436	3.15659809113
17:17:44	3.685239,3.432131,0.997434	3.718732,3.280847,1.029733	0.764011,0.059875,10.564431	3.685239,3.432131,0.997434	3.15131950378
17:17:44	3.685182,3.447090,0.999528	3.724682,3.253046,1.023758	0.098196,0.392783,10.554851	3.685182,3.447090,0.999528	3.15131950378
17:17:44	3.691063,3.454846,1.002199	3.718203,3.253193,1.012795	0.402363,0.007185,10.068662	3.691063,3.454846,1.002199	3.14604091644
17:17:44	3.702445,3.452964,1.004322	3.709032,3.311402,1.003129	-0.071851,0.294587,10.308164	3.702445,3.452964,1.004322	3.15131950378
17:17:44	3.717238,3.442548,1.003738	3.688465,3.319987,0.996101	-0.203577,0.227527,10.047107	3.717238,3.442548,1.003738	3.17243385315
17:17:44	3.731424,3.428704,0.998236	3.664387,3.252445,1.005810	0.052690,0.826282,10.272239	3.731424,3.428704,0.998236	3.16187667847
17:17:45	3.741079,3.413090,0.993391	3.730234,3.274986,1.031575	0.050295,0.433499,10.851833	3.741079,3.413090,0.993391	3.1407623291
17:17:45	3.745676,3.394768,0.994157	3.717766,3.301793,1.044499	0.301772,0.646655,10.772798	3.745676,3.394768,0.994157	3.15131950378
17:17:45	3.746262,3.376246,0.996331	3.712586,3.331902,1.036665	0.014370,0.110171,10.387200	3.746262,3.376246,0.996331	3.16187667847
17:17:45	3.742696,3.361223,0.998094	3.713689,3.360274,1.028133	0.009580,0.057480,10.169253	3.742696,3.361223,0.998094	3.15131950378
17:17:45	3.735177,3.353614,0.997836	3.721733,3.381080,1.022624	0.131726,0.220342,10.169253	3.735177,3.353614,0.997836	3.15131950378
17:17:45	3.725109,3.356558,0.996186	3.735407,3.388030,1.026036	0.222737,0.093406,10.413545	3.725109,3.356558,0.996186	3.14604091644
17:17:45	3.714459,3.370866,0.994720	3.752242,3.377110,1.033856	0.229922,0.457449,10.439890	3.714459,3.370866,0.994720	3.15131950378
17:17:45	3.706090,3.395013,0.994717	3.768619,3.348388,1.038675	0.124541,0.989143,10.653047	3.706090,3.395013,0.994717	3.15131950378
17:17:45	3.702722,3.424109,0.996392	3.693039,3.306302,1.036267	0.237107,0.325723,10.576406	3.702722,3.424109,0.996392	3.15131950378
17:17:45	3.705155,3.452861,0.998897	3.695250,3.259081,1.027286	0.014370,0.531694,10.475815	3.705155,3.452861,0.998897	3.15131950378
17:17:46	3.711931,3.475156,1.001236	3.692176,3.262008,1.013971	0.337698,1.166375,10.205178	3.711931,3.475156,1.001236	3.1407623291
17:17:46	3.720843,3.485740,1.003727	3.678646,3.283553,1.006443	-0.299377,-0.100591,10.353669	3.720843,3.485740,1.003727	3.1407623291
17:17:46	3.728832,3.482842,1.004840	3.748502,3.348844,0.997035	-0.023950,0.294587,10.209968	3.728832,3.482842,1.004840	3.19882678986
17:17:46	3.731290,3.470146,1.002099	3.737987,3.359634,0.996650	-0.129331,0.392783,10.071057	3.731290,3.470146,1.002099	3.15659809113
17:17:46	3.727903,3.452617,0.997461	3.737395,3.296651,1.012908	-0.031135,0.661025,10.585986	3.727903,3.452617,0.997461	3.14604091644
17:17:46	3.720385,3.433606,0.994929	3.745355,3.325865,1.031169	0.493374,1.003513,10.320139	3.720385,3.433606,0.994929	3.14604091644
17:17:46	3.710768,3.415048,0.997656	3.759005,3.269873,1.034730	0.316143,0.165256,10.504556	3.710768,3.415048,0.997656	3.1407623291
17:17:46	3.701655,3.399809,1.001153	3.687913,3.298030,1.020761	0.170046,0.316143,10.557246	3.701655,3.399809,1.001153	3.15659809113
17:17:46	3.694400,3.387602,1.003999	3.701466,3.320592,1.007060	0.335303,0.150886,10.257869	3.694400,3.387602,1.003999	3.14604091644
17:17:46	3.688705,3.379103,1.004932	3.712198,3.338631,0.996147	0.294587,0.455054,10.075847	3.688705,3.379103,1.004932	3.15131950378
17:17:47	3.684815,3.377166,1.004012	3.720583,3.348923,0.995814	0.246687,0.138911,10.075847	3.684815,3.377166,1.004012	3.14604091644
17:17:47	3.684618,3.381635,1.003479	3.725031,3.348689,0.999832	0.191602,-0.052690,10.195598	3.684618,3.381635,1.003479	3.14604091644
17:17:47	3.688698,3.392356,1.003335	3.723185,3.338038,1.001332	0.146096,0.720901,10.372830	3.688698,3.392356,1.003335	3.15131950378
17:17:47	3.697035,3.406653,1.003465	3.714364,3.318177,1.001822	-0.055085,0.778381,10.732083	3.697035,3.406653,1.003465	3.14604091644
17:17:47	3.708870,3.420054,1.004620	3.698905,3.295033,0.999934	0.179626,0.251477,10.224338	3.708870,3.420054,1.004620	3.14604091644
17:17:47	3.722718,3.427828,1.006732	3.678564,3.276184,0.993660	0.232317,0.182021,10.303374	3.722718,3.427828,1.006732	3.1407623291
17:17:47	3.736736,3.427118,1.008970	3.742700,3.267448,0.983889	0.251477,-0.126936,10.312954	3.736736,3.427118,1.008970	3.14604091644
17:17:47	3.749657,3.416790,1.010660	3.720843,3.273797,0.974828	0.105381,0.852627,10.447075	3.749657,3.416790,1.010660	3.15131950378
17:17:47	3.760709,3.399236,1.009758	3.700833,3.294857,0.971117	0.007185,0.529299,10.092612	3.760709,3.399236,1.009758	3.15659809113
17:17:47	3.767696,3.377323,1.007465	3.771353,3.325641,0.977232	0.146096,0.277822,10.169253	3.767696,3.377323,1.007465	3.14604091644
17:17:48	3.768787,3.353771,1.006078	3.763486,3.362383,0.986420	0.490979,0.431104,10.286609	3.768787,3.353771,1.006078	3.14604091644
17:17:48	3.765496,3.334788,1.005654	3.764365,3.398966,0.990180	0.004790,0.119751,10.126143	3.765496,3.334788,1.005654	3.14604091644
17:17:48	3.759239,3.327957,1.001139	3.771337,3.337320,0.994745	0.208367,0.222737,9.824370	3.759239,3.327957,1.001139	3.18299102783
17:17:48	3.750502,3.337581,0.986601	3.782844,3.339817,1.026315	0.342488,0.981958,9.831555	3.750502,3.337581,0.986601	3.18299102783
17:17:48	3.741325,3.362911,0.962549	3.797614,3.315755,1.101699	-0.014370,0.256267,9.745334	3.741325,3.362911,0.962549	3.18299102783
17:17:48	3.737466,3.399718,0.931269	3.724180,3.354501,1.213997	-0.021555,0.177231,9.929751	3.737466,3.399718,0.931269	3.16715526581
