# Flight Log 
# 25 08 17 - 19:30:08
Time		X,Y,Z				goalX,goalY,goalZ		ddx,ddy,ddz			angularx,angulary,angularz	battery
19:30:08	0.000000,0.000000,0.000000	0.000000,0.000000,0.000000	0.000000,0.000000,0.000000	0.000000,0.000000,0.000000	0
19:30:08	0.951968,4.225965,0.389504	0.000000,0.000000,0.000000	-0.217947,0.146096,10.255474	0.951968,4.225965,0.389504	0
19:30:08	0.952295,4.226104,0.389561	1.044029,4.403311,0.374165	-0.217947,0.148491,10.253079	0.952295,4.226104,0.389561	3.8850440979
19:30:08	0.952307,4.226088,0.389557	1.044827,4.402878,0.373220	-0.208367,0.141306,10.255474	0.952307,4.226088,0.389557	3.87976527214
19:30:08	0.952270,4.226203,0.389522	1.044668,4.403017,0.373722	-0.213157,0.150886,10.248289	0.952270,4.226203,0.389522	3.8850440979
19:30:08	0.951963,4.225962,0.389502	1.044615,4.403011,0.374067	-0.215552,0.143701,10.257869	0.951963,4.225962,0.389502	3.8850440979
19:30:08	0.952285,4.226202,0.389514	1.045580,4.402932,0.374131	-0.217947,0.143701,10.250684	0.952285,4.226202,0.389514	3.8850440979
19:30:09	0.952294,4.226092,0.389550	1.044423,4.403126,0.373445	-0.215552,0.141306,10.253079	0.952294,4.226092,0.389550	3.8850440979
19:30:09	0.952292,4.226094,0.389567	1.045782,4.402716,0.374131	-0.213157,0.148491,10.250684	0.952292,4.226094,0.389567	3.8850440979
19:30:09	0.952265,4.226205,0.389519	1.044249,4.403177,0.373776	-0.215552,0.141306,10.248289	0.952265,4.226205,0.389519	3.8850440979
19:30:09	0.951856,4.226016,0.389636	1.045782,4.402736,0.374386	-0.213157,0.150886,10.243499	0.951856,4.226016,0.389636	3.8850440979
19:30:09	0.951825,4.225957,0.389717	1.045586,4.402931,0.373942	-0.210762,0.155676,10.248289	0.951825,4.225957,0.389717	3.8850440979
19:30:09	0.951966,4.225964,0.389497	1.044199,4.403271,0.374096	-0.215552,0.143701,10.255474	0.951966,4.225964,0.389497	3.8850440979
19:30:09	0.951965,4.225965,0.389498	1.045535,4.402878,0.374951	-0.215552,0.143701,10.255474	0.951965,4.225965,0.389498	3.87976527214
19:30:09	0.952263,4.226200,0.389518	1.044479,4.403065,0.373627	-0.217947,0.148491,10.250684	0.952263,4.226200,0.389518	3.8850440979
19:30:09	0.951968,4.225928,0.389522	1.045774,4.402726,0.374202	-0.220342,0.141306,10.243499	0.951968,4.225928,0.389522	3.8850440979
19:30:09	0.951958,4.225964,0.389509	1.043948,4.403393,0.373978	-0.217947,0.141306,10.250684	0.951958,4.225964,0.389509	3.87976527214
19:30:10	0.952029,4.225939,0.389552	1.045732,4.402775,0.374796	-0.210762,0.146096,10.253079	0.952029,4.225939,0.389552	3.8850440979
19:30:10	0.952291,4.226095,0.389565	1.045922,4.402647,0.373716	-0.213157,0.148491,10.255474	0.952291,4.226095,0.389565	3.8850440979
19:30:10	0.952281,4.226205,0.389516	1.044559,4.403043,0.374146	-0.220342,0.146096,10.253079	0.952281,4.226205,0.389516	3.8850440979
19:30:10	0.952272,4.226202,0.389520	1.045822,4.402709,0.374342	-0.220342,0.143701,10.253079	0.952272,4.226202,0.389520	3.8850440979
19:30:10	0.951825,4.226006,0.389722	1.044518,4.403107,0.374339	-0.210762,0.141306,10.245894	0.951825,4.226006,0.389722	3.81642222404
19:30:10	0.952354,4.226126,0.389443	1.046097,4.402708,0.373015	-0.201182,0.174836,10.267449	0.952354,4.226126,0.389443	3.80586504936
19:30:10	0.952276,4.226257,0.389476	1.046144,4.402572,0.373349	-0.258662,0.136516,10.243499	0.952276,4.226257,0.389476	3.80058646202
19:30:10	0.952284,4.226268,0.389481	1.045961,4.402635,0.372233	-0.182021,0.189207,10.296189	0.952284,4.226268,0.389481	3.79530787468
19:30:10	0.952305,4.226130,0.389504	1.045682,4.402775,0.373717	-0.179626,0.112566,10.197993	0.952305,4.226130,0.389504	3.79002928734
19:30:10	0.952366,4.226078,0.389471	1.046438,4.402421,0.371644	-0.217947,0.232317,10.308164	0.952366,4.226078,0.389471	3.77947211266
19:30:11	0.952375,4.226171,0.389326	1.045925,4.402692,0.372587	-0.232317,0.165256,10.250684	0.952375,4.226171,0.389326	3.77419352531
19:30:11	0.952253,4.226193,0.389527	1.046401,4.402438,0.372840	-0.210762,0.098196,10.195598	0.952253,4.226193,0.389527	3.76363635063
19:30:11	0.952398,4.226062,0.389371	1.046735,4.402287,0.371977	-0.222737,0.126936,10.329719	0.952398,4.226062,0.389371	3.75307917595
19:30:11	0.951841,4.226031,0.389678	1.043819,4.403434,0.374007	-0.246687,0.215552,10.197993	0.951841,4.226031,0.389678	3.74780058861
19:30:11	0.952278,4.226208,0.389510	1.045931,4.402723,0.372211	-0.253872,0.213157,10.260264	0.952278,4.226208,0.389510	3.73724341393
19:30:11	0.952349,4.226098,0.389449	1.044735,4.402995,0.373071	-0.258662,0.261057,10.267449	0.952349,4.226098,0.389449	3.73724341393
19:30:11	0.952295,4.226191,0.389464	1.044482,4.403076,0.371493	-0.292192,0.320933,10.205178	0.952295,4.226191,0.389464	3.7214076519
19:30:11	0.951862,4.225955,0.389655	1.044149,4.403202,0.374039	-0.203577,0.069456,10.229128	0.951862,4.225955,0.389655	3.71085047722
19:30:11	0.952256,4.226251,0.389470	1.044743,4.402912,0.372315	-0.261057,0.091011,10.224338	0.952256,4.226251,0.389470	3.70557188988
19:30:11	0.952279,4.226182,0.389526	1.046552,4.402258,0.373631	-0.280217,-0.059875,10.241104	0.952279,4.226182,0.389526	3.69501471519
19:30:12	0.952061,4.225925,0.389526	1.046158,4.402476,0.372254	-0.299377,0.038320,10.238708	0.952061,4.225925,0.389526	3.68445754051
19:30:12	0.952335,4.226132,0.389477	1.045662,4.402851,0.372306	-0.280217,-0.114961,10.217153	0.952335,4.226132,0.389477	3.67390036583
19:30:12	0.952221,4.225914,0.389550	1.043889,4.403351,0.376678	-0.091011,0.275427,10.332114	0.952221,4.225914,0.389550	3.66334319115
19:30:12	0.951952,4.225802,0.389800	1.042915,4.403720,0.377589	-0.047900,0.222737,10.214758	0.951952,4.225802,0.389800	3.66334319115
19:30:12	0.951628,4.225682,0.389710	1.044360,4.402872,0.375132	-0.160466,0.069456,10.193203	0.951628,4.225682,0.389710	3.64750742912
19:30:12	0.951700,4.225726,0.389771	1.044132,4.403038,0.375040	-0.395178,-0.059875,10.284214	0.951700,4.225726,0.389771	3.6316716671
19:30:12	0.951483,4.225493,0.389649	1.042797,4.403492,0.373560	-0.031135,0.105381,10.267449	0.951483,4.225493,0.389649	3.6316716671
19:30:12	0.951052,4.225284,0.389721	1.041596,4.403652,0.372230	-0.450264,0.000000,10.171648	0.951052,4.225284,0.389721	3.61055731773
19:30:12	0.950592,4.224611,0.389496	1.038775,4.404376,0.371141	-0.277822,0.148491,10.375225	0.950592,4.224611,0.389496	3.60000014305
19:30:12	0.950770,4.224243,0.389157	1.037753,4.404083,0.371276	-0.057480,0.193997,10.260264	0.950770,4.224243,0.389157	3.60000014305
19:30:13	0.951045,4.222733,0.389563	1.040926,4.402001,0.368397	-0.105381,0.026345,10.236313	0.951045,4.222733,0.389563	3.57888579369
19:30:13	0.950837,4.221360,0.389611	0.760185,4.279950,0.418475	-0.632285,0.306563,10.241104	0.950837,4.221360,0.389611	3.56305003166
19:30:13	0.950653,4.220218,0.389533	0.759799,4.278773,0.419585	-0.488584,0.136516,10.427915	0.950653,4.220218,0.389533	3.56305003166
19:30:13	0.950546,4.218587,0.389469	0.759725,4.276411,0.419632	-0.579595,0.081431,10.157278	0.950546,4.218587,0.389469	3.56305003166
19:30:13	0.949771,4.216924,0.389457	0.759492,4.276360,0.425202	-0.526904,0.184417,10.300979	0.949771,4.216924,0.389457	3.52609968185
19:30:13	0.947525,4.213585,0.389397	0.749568,4.230859,0.420482	-0.150886,-0.150886,10.152488	0.947525,4.213585,0.389397	3.51026391983
19:30:13	0.944221,4.210165,0.389152	0.746667,4.221881,0.416104	-0.270637,0.016765,10.217153	0.944221,4.210165,0.389152	3.49442815781
19:30:13	0.938686,4.205169,0.389896	0.742190,4.211522,0.417260	-0.486189,0.026345,10.322534	0.938686,4.205169,0.389896	3.48387098312
19:30:13	0.931287,4.196655,0.392451	0.735940,4.198439,0.420297	-0.562830,-0.007185,10.461445	0.931287,4.196655,0.392451	3.4680352211
19:30:13	0.919403,4.181230,0.396423	0.727120,4.183739,0.437392	-0.134121,0.306563,10.403965	0.919403,4.181230,0.396423	3.4680352211
19:30:14	0.899569,4.156136,0.401371	0.719021,4.117072,0.445540	-0.033530,-0.093406,10.245894	0.899569,4.156136,0.401371	3.4680352211
19:30:14	0.867606,4.118391,0.404414	0.703309,4.058509,0.447926	-0.893342,-0.045505,10.217153	0.867606,4.118391,0.404414	3.42052793503
19:30:14	0.824916,4.071080,0.404254	0.694091,3.968462,0.435747	0.277822,-0.079036,9.599238	0.824916,4.071080,0.404254	3.39941358566
19:30:14	0.775210,4.017408,0.399652	0.661399,3.901961,0.425164	0.165256,0.349673,10.269844	0.775210,4.017408,0.399652	3.38357782364
19:30:14	0.722421,3.957979,0.395358	0.625164,3.831564,0.414176	-0.593965,0.560435,10.688972	0.722421,3.957979,0.395358	3.37302064896
19:30:14	0.667297,3.893597,0.394794	0.576929,3.765253,0.409906	0.186812,-0.196392,10.221943	0.667297,3.893597,0.394794	3.36774206161
19:30:14	0.609556,3.824658,0.395716	0.481587,3.735869,0.407805	0.328118,-0.213157,10.047107	0.609556,3.824658,0.395716	3.37302064896
19:30:14	0.552411,3.754221,0.397793	0.448157,3.639666,0.407678	-0.653840,0.474214,10.552456	0.552411,3.754221,0.397793	3.3782992363
19:30:14	0.499904,3.685122,0.400396	0.374438,3.588173,0.409313	-0.431104,0.079036,10.451865	0.499904,3.685122,0.400396	3.3782992363
19:30:14	0.454614,3.619943,0.404538	0.300115,3.558202,0.427363	0.126936,-0.076641,10.478210	0.454614,3.619943,0.404538	3.3782992363
19:30:15	0.417640,3.559918,0.411491	0.272569,3.472938,0.426659	-0.232317,0.349673,10.312954	0.417640,3.559918,0.411491	3.37302064896
19:30:15	0.387691,3.506639,0.419526	0.231176,3.429113,0.440610	-0.083826,0.222737,10.305769	0.387691,3.506639,0.419526	3.37302064896
19:30:15	0.363434,3.457424,0.430488	0.203942,3.384801,0.497752	-0.716111,0.217947,10.626702	0.363434,3.457424,0.430488	3.37302064896
19:30:15	0.342047,3.407488,0.447891	0.197488,3.311131,0.506624	-0.775986,-0.038320,10.621912	0.342047,3.407488,0.447891	3.3782992363
19:30:15	0.320798,3.354975,0.467771	0.195480,3.247801,0.577851	-0.093406,-0.110171,10.243499	0.320798,3.354975,0.467771	3.38885641098
19:30:15	0.297837,3.300196,0.490040	0.212196,3.160461,0.579191	-0.730481,0.086221,10.483000	0.297837,3.300196,0.490040	3.38885641098
19:30:15	0.272509,3.243808,0.511768	0.191164,3.109573,0.638074	-0.174836,-0.229922,9.994417	0.272509,3.243808,0.511768	3.38885641098
19:30:15	0.245372,3.185997,0.535264	0.171489,3.042037,0.620945	-0.296982,0.258662,10.181228	0.245372,3.185997,0.535264	3.38357782364
19:30:15	0.217067,3.127478,0.555630	0.139791,2.991411,0.676702	-0.205972,-0.273032,10.049502	0.217067,3.127478,0.555630	3.3782992363
19:30:15	0.188557,3.068567,0.576102	0.106038,2.944674,0.734504	-1.626218,0.486189,10.827883	0.188557,3.068567,0.576102	3.38885641098
19:30:16	0.160140,3.010046,0.599559	0.284967,3.152009,0.537280	-0.639470,0.158071,10.284214	0.160140,3.010046,0.599559	3.3782992363
19:30:16	0.132597,2.953848,0.611220	0.260388,3.093045,0.588440	-0.165256,-0.287402,9.419612	0.132597,2.953848,0.611220	3.36774206161
19:30:16	0.109885,2.902610,0.619352	0.237454,3.034141,0.570522	-0.483794,0.301772,10.260264	0.109885,2.902610,0.619352	3.35190629959
19:30:16	0.095430,2.857507,0.624489	0.196652,3.006888,0.654363	-0.534089,-0.102986,10.226733	0.095430,2.857507,0.624489	3.3782992363
19:30:16	0.090856,2.818544,0.631265	0.211520,2.884353,0.645753	0.052690,0.098196,10.243499	0.090856,2.818544,0.631265	3.36246347427
19:30:16	0.095315,2.786287,0.636714	0.211460,2.852421,0.631156	-0.656235,-0.193997,9.903406	0.095315,2.786287,0.636714	3.36246347427
19:30:16	0.108874,2.760155,0.638075	0.206092,2.869825,0.623583	-0.002395,0.067061,10.027947	0.108874,2.760155,0.638075	3.36774206161
19:30:16	0.131500,2.738839,0.635678	0.195133,2.884011,0.624763	-0.907712,0.074246,10.015972	0.131500,2.738839,0.635678	3.36246347427
19:30:16	0.159759,2.723512,0.631641	0.232893,2.841771,0.632335	-0.617915,-0.045505,10.104587	0.159759,2.723512,0.631641	3.35718488693
19:30:16	0.190211,2.714344,0.627316	0.267910,2.848307,0.641818	-0.898132,0.095801,10.360854	0.190211,2.714344,0.627316	3.35718488693
19:30:17	0.220963,2.709311,0.624083	0.303311,2.799684,0.650088	-0.160466,-0.227527,10.114167	0.220963,2.709311,0.624083	3.36246347427
19:30:17	0.250778,2.705776,0.621437	0.338326,2.802161,0.656705	-0.986748,0.079036,10.312954	0.250778,2.705776,0.621437	3.35718488693
19:30:17	0.278401,2.701986,0.619322	0.374402,2.804234,0.661749	-0.840652,0.148491,10.243499	0.278401,2.701986,0.619322	3.35718488693
19:30:17	0.303664,2.696285,0.617702	0.358549,2.807014,0.665830	-0.570015,0.344883,10.423125	0.303664,2.696285,0.617702	3.35718488693
19:30:17	0.325727,2.689590,0.616072	0.397520,2.810934,0.669596	-0.395178,-0.273032,10.394385	0.325727,2.689590,0.616072	3.35190629959
19:30:17	0.343047,2.683694,0.614384	0.434628,2.809352,0.568287	-0.282612,-0.172441,10.423125	0.343047,2.683694,0.614384	3.34662771225
19:30:17	0.357404,2.678838,0.604791	0.429717,2.764690,0.576895	0.146096,-0.174836,9.826765	0.357404,2.678838,0.604791	3.34134912491
19:30:17	0.370757,2.674991,0.592613	0.474794,2.660524,0.602954	-0.673000,0.395178,10.339299	0.370757,2.674991,0.592613	3.34662771225
19:30:17	0.381652,2.669269,0.586226	0.360710,2.556419,0.625275	-0.371228,-0.170046,10.799143	0.381652,2.669269,0.586226	3.18299102783
19:30:17	0.389117,2.656482,0.586489	0.355144,2.561559,0.631043	-0.062271,0.016765,10.528506	0.389117,2.656482,0.586489	3.34662771225
19:30:18	0.391957,2.634515,0.588474	0.405283,2.572037,0.627611	-0.361648,-0.251477,10.265054	0.391957,2.634515,0.588474	3.35190629959
19:30:18	0.389362,2.605098,0.588266	0.405230,2.534357,0.624761	-0.649050,0.167651,10.116563	0.389362,2.605098,0.588266	3.35190629959
19:30:18	0.383379,2.570300,0.586211	0.408019,2.500405,0.627853	-0.498164,0.258662,10.145303	0.383379,2.570300,0.586211	3.34662771225
19:30:18	0.375675,2.532047,0.583837	0.358871,2.469053,0.632695	-0.256267,-0.222737,10.142908	0.375675,2.532047,0.583837	3.34662771225
19:30:18	0.366680,2.490851,0.581120	0.417198,2.439594,0.531723	-0.220342,-0.110171,9.898616	0.366680,2.490851,0.581120	3.34134912491
19:30:18	0.357291,2.448198,0.569002	0.369555,2.411563,0.545482	-0.131726,0.047900,9.795630	0.357291,2.448198,0.569002	3.34134912491
19:30:18	0.349747,2.405787,0.553538	0.480939,2.330964,0.578625	-0.871787,0.217947,10.499766	0.349747,2.405787,0.553538	3.33079195023
19:30:18	0.346853,2.364256,0.545724	0.431525,2.302430,0.606815	0.313748,-0.069456,10.648257	0.346853,2.364256,0.545724	3.33079195023
19:30:18	0.352509,2.322392,0.546218	0.430901,2.273934,0.506703	0.062271,0.076641,10.229128	0.352509,2.322392,0.546218	3.33079195023
19:30:18	0.365367,2.280539,0.539871	0.476229,2.194450,0.509970	-0.143701,-0.033530,9.699829	0.365367,2.280539,0.539871	3.35190629959
19:30:19	0.380913,2.241730,0.528740	0.469515,2.163639,0.530610	-0.222737,-0.057480,10.047107	0.380913,2.241730,0.528740	3.34134912491
19:30:19	0.396538,2.207824,0.516374	0.513394,2.132177,0.556837	-0.706531,0.043110,10.324929	0.396538,2.207824,0.516374	3.33079195023
19:30:19	0.412219,2.178798,0.507048	0.504051,2.097704,0.474929	-0.752036,0.067061,10.174043	0.412219,2.178798,0.507048	3.33079195023
19:30:19	0.428940,2.153933,0.491997	0.494334,2.060410,0.499024	-0.792751,0.423918,10.011182	0.428940,2.153933,0.491997	3.33079195023
19:30:19	0.445385,2.131417,0.476906	0.537606,2.074395,0.534762	-0.091011,0.102986,10.463840	0.445385,2.131417,0.476906	3.33079195023
19:30:19	0.459431,2.106134,0.465127	0.528317,2.035026,0.457692	-0.831072,-0.275427,10.226733	0.459431,2.106134,0.465127	3.33607053757
19:30:19	0.471332,2.076171,0.443130	0.573944,1.998283,0.490218	0.055085,0.124541,9.371711	0.471332,2.076171,0.443130	3.62111449242
19:30:19	0.481220,2.041551,0.417598	0.567386,1.964345,0.440466	-0.383203,-0.261057,10.037527	0.481220,2.041551,0.417598	3.32023477554
19:30:19	0.490108,2.003304,0.389583	0.561931,1.932991,0.391103	-0.536484,-0.098196,9.881851	0.490108,2.003304,0.389583	3.3149561882
19:30:19	0.498768,1.963240,0.356599	0.609918,1.903355,0.458557	-1.005908,0.524509,10.128538	0.498768,1.963240,0.356599	3.30439901352
19:30:20	0.503632,1.925556,0.324037	0.605516,1.873789,0.532051	-1.094524,0.632285,10.772798	0.503632,1.925556,0.324037	3.29912042618
19:30:20	0.502145,1.895658,0.297329	0.588968,1.851501,0.554406	-0.217947,-0.323328,10.631492	0.502145,1.895658,0.297329	3.28328466415
19:30:20	0.493399,1.874031,0.278711	0.592291,1.814268,0.506105	-0.263452,-0.280217,10.605146	0.493399,1.874031,0.278711	3.2885632515
19:30:20	0.478878,1.859143,0.260728	0.591958,1.779158,0.437008	-1.077759,0.457449,10.751243	0.478878,1.859143,0.260728	3.2885632515
19:30:20	0.462809,1.849315,0.236994	0.555763,1.780681,0.477514	-0.505349,0.392783,10.413545	0.462809,1.849315,0.236994	3.28328466415
19:30:20	0.447343,1.842307,0.219807	0.549339,1.750541,0.402660	-0.737666,0.304167,10.899734	0.447343,1.842307,0.219807	3.13020515442
19:30:20	0.430160,1.836205,0.201675	0.514115,1.749846,0.429894	-0.488584,0.019160,10.128538	0.430160,1.836205,0.201675	3.29912042618
19:30:20	0.412790,1.827375,0.187541	0.521337,1.748866,0.379107	-1.051414,0.091011,10.842253	0.412790,1.827375,0.187541	3.28328466415
19:30:20	0.399190,1.813128,0.174449	0.488047,1.747721,0.412316	0.368833,-0.122146,10.116563	0.399190,1.813128,0.174449	3.29384183884
19:30:20	0.392154,1.790849,0.167173	0.491820,1.708883,0.341002	-0.186812,0.122146,10.641072	0.392154,1.790849,0.167173	3.2885632515
19:30:21	0.391314,1.759606,0.158665	0.499334,1.714769,0.363680	-0.361648,-0.320933,10.293794	0.391314,1.759606,0.158665	3.29912042618
19:30:21	0.397333,1.719253,0.154583	0.496128,1.683764,0.373197	-0.055085,-0.193997,10.878179	0.397333,1.719253,0.154583	3.23049879074
19:30:21	0.409947,1.671890,0.157504	0.488734,1.611542,0.365480	-0.110171,0.023950,10.748848	0.409947,1.671890,0.157504	3.30439901352
19:30:21	0.427245,1.620490,0.163974	0.494881,1.574701,0.392644	-0.596360,0.174836,10.562036	0.427245,1.620490,0.163974	3.3149561882
19:30:21	0.446480,1.569273,0.177157	0.529602,1.504542,0.357274	0.107776,-0.050295,10.688972	0.446480,1.569273,0.177157	3.19354820251
19:30:21	0.464595,1.518843,0.192450	0.526607,1.473522,0.339284	-0.555645,-0.021555,10.116563	0.464595,1.518843,0.192450	3.33079195023
19:30:21	0.481105,1.469342,0.204491	0.561426,1.405083,0.397609	0.119751,-0.193997,9.819580	0.481105,1.469342,0.204491	3.32551336288
19:30:21	0.495788,1.421574,0.218217	0.606570,1.376921,0.379011	-0.608335,0.000000,10.497371	0.495788,1.421574,0.218217	3.25689172745
19:30:21	0.509750,1.376008,0.228981	0.588859,1.310677,0.428700	-0.122146,-0.610730,10.025552	0.509750,1.376008,0.228981	3.40997076035
19:30:21	0.524436,1.333286,0.241638	0.596458,1.320879,0.443166	-0.308958,-0.007185,10.459050	0.524436,1.333286,0.241638	3.27800607681
19:30:22	0.536834,1.298073,0.257422	0.641304,1.344620,0.411075	-0.979563,0.593965,10.502161	0.536834,1.298073,0.257422	3.28328466415
19:30:22	0.545012,1.274511,0.269525	0.635181,1.309221,0.486013	0.385598,-0.337698,9.798025	0.545012,1.274511,0.269525	3.3149561882
19:30:22	0.549337,1.263370,0.284494	0.631482,1.266079,0.458151	-0.754431,-0.016765,10.468630	0.549337,1.263370,0.284494	3.26217031479
19:30:22	0.550462,1.260544,0.297899	0.629857,1.269917,0.532267	-0.289797,-0.098196,10.245894	0.550462,1.260544,0.297899	3.34662771225
19:30:22	0.549355,1.262505,0.313791	0.678892,1.269745,0.494882	-0.883762,0.023950,10.336904	0.549355,1.262505,0.313791	3.28328466415
19:30:22	0.548336,1.266450,0.328882	0.630769,1.268092,0.466035	-0.246687,-0.004790,10.269844	0.548336,1.266450,0.328882	3.32023477554
19:30:22	0.550023,1.269734,0.344356	0.630767,1.265663,0.539961	-0.797542,0.122146,10.607542	0.550023,1.269734,0.344356	3.29912042618
19:30:22	0.554407,1.268747,0.364388	0.682145,1.264696,0.501192	-0.083826,0.131726,10.245894	0.554407,1.268747,0.364388	3.2885632515
19:30:22	0.560754,1.262064,0.382048	0.678878,1.266889,0.565027	0.605940,0.428708,9.860295	0.560754,1.262064,0.382048	3.33079195023
19:30:22	0.569912,1.249865,0.401462	0.672015,1.272369,0.627201	0.203577,-0.079036,10.526111	0.569912,1.249865,0.401462	3.29384183884
19:30:23	0.580728,1.234643,0.425895	0.668094,1.227930,0.584237	-0.275427,-0.062271,10.269844	0.580728,1.234643,0.425895	3.2885632515
19:30:23	0.589393,1.220796,0.448434	0.662040,1.236977,0.637171	-0.059875,-0.011975,10.078242	0.589393,1.220796,0.448434	3.34134912491
19:30:23	0.594947,1.211330,0.472167	0.704591,1.242418,0.681750	-0.598755,0.179626,10.748848	0.594947,1.211330,0.472167	3.24633455276
19:30:23	0.598726,1.205554,0.500328	0.708497,1.195199,0.637610	-0.639470,-0.134121,10.542876	0.598726,1.205554,0.500328	3.2885632515
19:30:23	0.602511,1.201742,0.525561	0.706411,1.197901,0.470045	-0.158071,-0.071851,9.836345	0.602511,1.201742,0.525561	3.34134912491
19:30:23	0.607235,1.198039,0.547930	0.703770,1.200004,0.524933	-0.459844,-0.172441,10.056687	0.607235,1.198039,0.547930	3.3149561882
19:30:23	0.613246,1.192431,0.571088	0.700675,1.202691,0.582456	-0.720901,0.325723,10.432705	0.613246,1.192431,0.571088	3.3149561882
19:30:23	0.619140,1.184292,0.598374	0.697066,1.206809,0.527030	-0.780776,-0.201182,9.992021	0.619140,1.184292,0.598374	3.2885632515
19:30:23	0.625527,1.175169,0.619366	0.746563,1.158826,0.578611	-0.716111,0.138911,10.047107	0.625527,1.175169,0.619366	3.38357782364
19:30:23	0.632247,1.165764,0.638983	0.742785,1.164377,0.642574	-0.797542,0.184417,10.564431	0.632247,1.165764,0.638983	3.29912042618
19:30:24	0.640404,1.156031,0.664624	0.738359,1.170110,0.594596	-0.811912,0.126936,10.490186	0.640404,1.156031,0.664624	3.13548374176
19:30:24	0.649591,1.147505,0.687149	0.732992,1.175790,0.644863	-0.869392,0.198787,10.080637	0.649591,1.147505,0.687149	3.36774206161
19:30:24	0.658791,1.141469,0.708938	0.780733,1.126871,0.704697	-0.438289,-0.122146,10.425520	0.658791,1.141469,0.708938	3.36774206161
19:30:24	0.668150,1.137678,0.733436	0.775404,1.129636,0.653612	0.100591,0.067061,10.135723	0.668150,1.137678,0.733436	3.2885632515
19:30:24	0.680118,1.133597,0.752425	0.768989,1.131843,0.710653	-0.114961,-0.062271,9.802815	0.680118,1.133597,0.752425	3.2885632515
19:30:24	0.695158,1.127165,0.769869	0.760719,1.134927,0.779492	-0.241897,-0.172441,10.051897	0.695158,1.127165,0.769869	3.30439901352
19:30:24	0.709247,1.118267,0.789868	0.805159,1.139562,0.738150	-0.543669,-0.076641,10.114167	0.709247,1.118267,0.789868	3.28328466415
19:30:24	0.720713,1.107831,0.805558	0.797488,1.092094,0.803432	-0.536484,-0.126936,10.073452	0.720713,1.107831,0.805558	3.28328466415
19:30:24	0.729662,1.096035,0.821440	0.844714,1.098629,0.770800	-0.148491,-0.158071,10.176438	0.729662,1.096035,0.821440	3.29384183884
19:30:24	0.736849,1.081534,0.830398	0.839897,1.106467,0.847346	-0.608335,0.189207,9.829160	0.736849,1.081534,0.830398	3.4680352211
19:30:25	0.744463,1.064452,0.838062	0.835622,1.062759,0.832497	-0.833467,0.138911,10.540481	0.744463,1.064452,0.838062	3.25161314011
19:30:25	0.752383,1.047359,0.845583	0.830943,1.073199,0.814195	-0.620310,-0.107776,10.003997	0.752383,1.047359,0.845583	3.25161314011
19:30:25	0.761019,1.031238,0.850684	0.879263,1.029904,0.800298	-0.756826,0.043110,10.087822	0.761019,1.031238,0.850684	3.30439901352
19:30:25	0.770662,1.016836,0.853630	0.873976,1.039104,0.898388	-0.268242,-0.306563,10.339299	0.770662,1.016836,0.853630	3.32023477554
19:30:25	0.782434,1.005044,0.859517	0.867464,1.047037,0.783485	-0.421523,0.019160,10.209968	0.782434,1.005044,0.859517	3.32023477554
19:30:25	0.795266,0.996740,0.858586	0.913205,0.999767,0.881930	-0.134121,-0.122146,9.764495	0.795266,0.996740,0.858586	3.32023477554
19:30:25	0.808449,0.992477,0.857486	0.905572,1.003452,0.887030	-0.028740,-0.301772,10.401570	0.808449,0.992477,0.857486	3.23049879074
19:30:25	0.822286,0.990045,0.861101	0.897517,1.005313,0.883856	-0.285007,-0.088616,10.341694	0.822286,0.990045,0.861101	3.28328466415
19:30:25	0.835836,0.988229,0.866187	0.942461,1.006546,0.873569	-0.126936,0.002395,10.114167	0.835836,0.988229,0.866187	3.29384183884
19:30:25	0.847280,0.986532,0.870978	0.935028,1.007538,0.862254	-0.064666,-0.081431,10.236313	0.847280,0.986532,0.870978	3.30439901352
19:30:26	0.858873,0.983706,0.875226	0.928207,1.008848,0.852305	-0.409548,-0.153281,10.030342	0.858873,0.983706,0.875226	3.32551336288
19:30:26	0.870013,0.979938,0.878307	0.974602,0.957504,0.844016	-0.198787,-0.229922,10.253079	0.870013,0.979938,0.878307	3.34662771225
19:30:26	0.879708,0.975466,0.880224	0.968460,0.959965,0.838776	-0.680186,0.134121,10.150093	0.879708,0.975466,0.880224	3.30439901352
19:30:26	0.889717,0.969718,0.882556	0.962651,0.962983,0.834365	-0.285007,-0.170046,10.238708	0.889717,0.969718,0.882556	3.30439901352
19:30:26	0.900827,0.962215,0.884780	1.009554,0.966991,0.828868	-0.479004,-0.167651,10.221943	0.900827,0.962215,0.884780	3.32023477554
19:30:26	0.911489,0.953721,0.886557	1.002991,0.971791,0.931465	0.064666,-0.043110,10.399175	0.911489,0.953721,0.886557	3.32023477554
19:30:26	0.922566,0.944590,0.894394	0.996442,0.977159,0.923067	-0.308958,0.038320,10.633887	0.922566,0.944590,0.894394	3.12492656708
19:30:26	0.931793,0.936705,0.905315	1.043537,0.929131,0.899853	-0.687371,0.021555,10.286609	0.931793,0.936705,0.905315	3.34134912491
19:30:26	0.940004,0.930996,0.912414	1.038446,0.933198,0.879150	-0.378413,-0.292192,10.073452	0.940004,0.930996,0.912414	3.32551336288
19:30:26	0.949458,0.926743,0.915887	1.033338,0.936057,0.868153	0.004790,-0.045505,10.102192	0.949458,0.926743,0.915887	3.33607053757
19:30:27	0.960663,0.923099,0.916902	1.080270,0.938414,0.863839	-0.390388,-0.045505,10.130933	0.960663,0.923099,0.916902	3.35718488693
19:30:27	0.973181,0.919840,0.916546	1.073218,0.940416,0.969994	0.026345,-0.186812,10.336904	0.973181,0.919840,0.916546	3.35718488693
19:30:27	0.987198,0.915626,0.921189	1.065349,0.942638,0.966362	-0.124541,-0.035925,10.492581	0.987198,0.915626,0.921189	3.19354820251
19:30:27	1.001190,0.910617,0.927890	1.110006,0.892156,0.952943	-0.543669,0.160466,10.195598	1.001190,0.910617,0.927890	3.3149561882
19:30:27	1.013758,0.905442,0.934786	1.101997,0.895204,0.938185	-0.560435,0.086221,10.200388	1.013758,0.905442,0.934786	3.2885632515
19:30:27	1.024694,0.900252,0.940578	1.095078,0.898197,0.923157	-0.349673,0.055085,10.032737	1.024694,0.900252,0.940578	3.33079195023
19:30:27	1.033868,0.894175,0.944079	1.142223,0.901596,0.913139	-0.217947,-0.174836,10.090217	1.033868,0.894175,0.944079	3.37302064896
19:30:27	1.041242,0.887445,0.945457	1.137415,0.905438,0.907854	-0.744851,-0.069456,10.322534	1.041242,0.887445,0.945457	3.29912042618
19:30:27	1.049003,0.879571,0.946534	1.132946,0.909818,0.906024	-0.184417,-0.220342,10.238708	1.049003,0.879571,0.946534	3.30439901352
19:30:27	1.057869,0.871314,0.947955	1.181308,0.861444,0.902902	-0.548459,0.225132,10.356064	1.057869,0.871314,0.947955	3.30439901352
19:30:28	1.068149,0.863047,0.949252	1.175624,0.866348,0.899893	-0.922083,-0.004790,10.317744	1.068149,0.863047,0.949252	3.29912042618
19:30:28	1.081087,0.853930,0.950957	1.168805,0.871480,0.896572	-0.799937,-0.160466,10.427915	1.081087,0.853930,0.950957	3.29384183884
19:30:28	1.096300,0.843912,0.952455	1.213433,0.877335,0.999943	-0.019160,-0.174836,10.178833	1.096300,0.843912,0.952455	3.3149561882
19:30:28	1.111972,0.833972,0.953686	1.204136,0.829984,0.997380	-0.007185,0.110171,10.233918	1.111972,0.833972,0.953686	3.2885632515
19:30:28	1.126671,0.823838,0.956262	1.195070,0.835901,0.992503	0.323328,-0.229922,10.303374	1.126671,0.823838,0.956262	3.2885632515
19:30:28	1.139834,0.811879,0.959682	1.239815,0.842454,0.985891	-0.984353,0.011975,10.344089	1.139834,0.811879,0.959682	3.30439901352
19:30:28	1.150127,0.797934,0.963020	1.232797,0.796939,0.978450	-0.146096,-0.155676,10.159673	1.150127,0.797934,0.963020	3.3149561882
19:30:28	1.159389,0.781729,0.966593	1.280290,0.859271,0.971157	-0.177231,0.208367,10.178833	1.159389,0.781729,0.966593	3.3149561882
19:30:28	1.167738,0.763724,0.969194	1.275092,0.869663,0.963389	-0.907712,-0.107776,10.231523	1.167738,0.763724,0.969194	3.32551336288
19:30:28	1.175877,0.747727,0.970759	1.270183,0.880241,0.959770	-0.469424,0.019160,10.423125	1.175877,0.747727,0.970759	3.32023477554
19:30:29	1.184865,0.738072,0.973433	1.265184,0.834821,0.955248	-0.962798,-0.052690,10.600356	1.184865,0.738072,0.973433	3.28328466415
19:30:29	1.194820,0.735120,0.976246	1.312757,0.731842,0.948648	-0.452659,-0.433499,10.200388	1.194820,0.735120,0.976246	3.30439901352
19:30:29	1.204897,0.735671,0.977761	1.003153,0.702339,1.007863	-0.689766,-0.105381,10.485396	1.204897,0.735671,0.977761	3.34662771225
19:30:29	1.213374,0.735602,0.982632	1.013340,0.702807,1.022242	-0.787961,0.162861,10.744058	1.213374,0.735602,0.982632	3.2252202034
19:30:29	1.215674,0.732316,0.992975	1.029690,0.698944,1.115367	-0.601150,0.026345,10.909314	1.215674,0.732316,0.992975	3.21466302872
19:30:29	1.207625,0.723858,1.009084	1.035981,0.686267,1.166545	-0.237107,-0.332908,10.562036	1.207625,0.723858,1.009084	3.13548374176
19:30:29	1.189222,0.709862,1.027302	1.032712,0.665485,1.212455	-0.553250,0.007185,10.665022	1.189222,0.709862,1.027302	3.2885632515
19:30:29	1.160740,0.690499,1.048511	1.040346,0.617222,1.279326	0.155676,-0.129331,10.435100	1.160740,0.690499,1.048511	3.18826961517
19:30:29	1.123840,0.665117,1.073731	1.013582,0.605346,1.328001	-0.831072,0.335303,10.739268	1.123840,0.665117,1.073731	3.1143693924
19:30:29	1.081216,0.634920,1.103306	0.973317,0.554666,1.324588	-0.558040,-0.323328,10.550061	1.081216,0.634920,1.103306	3.24105596542
19:30:30	1.035939,0.602315,1.133790	0.913123,0.551028,1.357413	0.141306,0.000000,10.195598	1.035939,0.602315,1.133790	3.2885632515
19:30:30	0.991026,0.569543,1.166843	0.878214,0.509533,1.403012	0.131726,-0.112566,10.442285	0.991026,0.569543,1.166843	3.13020515442
19:30:30	0.947361,0.537319,1.204305	0.829598,0.491635,1.443463	-0.567620,-0.256267,10.823093	0.947361,0.537319,1.204305	3.24105596542
19:30:30	0.905406,0.505468,1.246112	0.759498,0.447882,1.389171	-0.277822,-0.119751,10.164463	0.905406,0.505468,1.246112	3.19354820251
19:30:30	0.865597,0.475190,1.282443	0.730449,0.417726,1.473634	-0.507744,0.141306,9.733359	0.865597,0.475190,1.282443	3.49970674515
19:30:30	0.827509,0.446821,1.320252	0.951918,0.548760,1.137138	-0.404758,-0.026345,9.922566	0.827509,0.446821,1.320252	3.10381221771
19:30:30	0.791605,0.417578,1.348868	0.918661,0.513938,1.168457	0.292192,0.023950,9.419612	0.791605,0.417578,1.348868	3.48914957047
19:30:30	0.760538,0.385983,1.371730	0.890077,0.483152,1.208372	0.177231,-0.246687,10.142908	0.760538,0.385983,1.371730	3.1143693924
19:30:30	0.736854,0.352158,1.396046	0.848422,0.444569,1.186580	-0.502954,-0.150886,10.166858	0.736854,0.352158,1.396046	3.24633455276
19:30:30	0.721827,0.316320,1.415294	0.822719,0.420773,1.214047	-0.129331,-0.237107,9.951306	0.721827,0.316320,1.415294	3.36774206161
19:30:31	0.715018,0.279419,1.433345	0.825658,0.387977,1.273048	0.067061,0.043110,10.171648	0.715018,0.279419,1.433345	3.13020515442
19:30:31	0.713397,0.243395,1.453150	0.785630,0.358962,1.235296	-0.481399,0.155676,10.087822	0.713397,0.243395,1.453150	3.25161314011
19:30:31	0.716806,0.210343,1.466885	0.791086,0.334578,1.282021	0.172441,-0.088616,9.802815	0.716806,0.210343,1.466885	3.44692087173
19:30:31	0.724405,0.183617,1.479496	0.819001,0.283488,1.292181	-0.320933,-0.141306,10.183623	0.724405,0.183617,1.479496	3.14604091644
19:30:31	0.735067,0.163929,1.491596	0.818738,0.249350,1.268792	-0.986748,-0.098196,10.253079	0.735067,0.163929,1.491596	3.25689172745
19:30:31	0.747784,0.150009,1.498474	0.822833,0.263236,1.322441	-0.586780,0.033530,10.092612	0.747784,0.150009,1.498474	3.404692173
19:30:31	0.761389,0.141000,1.504534	0.861557,0.219782,1.316299	-0.019160,-0.174836,10.116563	0.761389,0.141000,1.504534	3.10381221771
19:30:31	0.774716,0.136745,1.508537	0.858058,0.223359,1.304176	-0.438289,-0.220342,9.893826	0.774716,0.136745,1.508537	3.33079195023
19:30:31	0.787668,0.135628,1.507422	0.855792,0.227640,1.293102	-0.366438,-0.196392,9.793235	0.787668,0.135628,1.507422	3.35190629959
19:30:31	0.798962,0.135717,1.500151	0.890551,0.221095,1.315592	-0.126936,-0.196392,9.889036	0.798962,0.135717,1.500151	3.33607053757
19:30:32	0.806940,0.135724,1.492101	0.895653,0.229374,1.313287	-0.361648,-0.186812,10.176438	0.806940,0.135724,1.492101	3.1407623291
19:30:32	0.812989,0.134050,1.484430	0.898773,0.237044,1.316093	-0.998723,-0.371228,10.401570	0.812989,0.134050,1.484430	3.29384183884
19:30:32	0.819157,0.130901,1.476901	0.885424,0.224994,1.259429	-0.378413,-0.198787,9.908196	0.819157,0.130901,1.476901	3.26744890213
19:30:32	0.824998,0.128225,1.462844	0.920510,0.218575,1.292091	-0.258662,-0.227527,9.635164	0.824998,0.128225,1.462844	3.50498533249
19:30:32	0.829997,0.125756,1.448517	0.926779,0.226957,1.303531	-0.313748,-0.160466,10.473420	0.829997,0.125756,1.448517	3.11964797974
19:30:32	0.835535,0.122306,1.436854	0.917753,0.219976,1.251073	-0.404758,0.074246,10.449470	0.835535,0.122306,1.436854	3.21994161606
19:30:32	0.842732,0.118575,1.421913	0.921296,0.227789,1.259292	-0.847837,0.009580,9.922566	0.842732,0.118575,1.421913	3.48387098312
19:30:32	0.850745,0.116347,1.406054	0.924761,0.238458,1.275298	-1.240620,-0.198787,10.650652	0.850745,0.116347,1.406054	3.23049879074
19:30:32	0.858734,0.116576,1.392379	0.964809,0.186936,1.214974	-0.723296,-0.273032,10.186018	0.858734,0.116576,1.392379	3.2041053772
19:30:32	0.866634,0.120006,1.374403	0.957252,0.227762,1.248359	0.040715,-0.330513,10.015972	0.866634,0.120006,1.374403	3.50498533249
19:30:33	0.875449,0.125835,1.357367	0.954819,0.226548,1.189254	-0.488584,-0.447869,10.478210	0.875449,0.125835,1.357367	3.1143693924
19:30:33	0.883696,0.132612,1.335975	0.965014,0.241536,1.196824	-0.919687,-0.474214,10.051897	0.883696,0.132612,1.335975	3.51554250717
19:30:33	0.891586,0.138848,1.312726	0.995718,0.223641,1.166398	-0.107776,-0.170046,10.032737	0.891586,0.138848,1.312726	3.2252202034
19:30:33	0.898510,0.143647,1.286208	0.995638,0.223693,1.112888	-0.265847,0.107776,9.893826	0.898510,0.143647,1.286208	3.404692173
19:30:33	0.905374,0.145376,1.254248	1.005520,0.233032,1.151015	-0.682581,0.344883,10.140513	0.905374,0.145376,1.254248	3.40997076035
19:30:33	0.912975,0.143384,1.226885	1.001297,0.233168,1.220100	-0.950823,0.098196,10.947634	0.912975,0.143384,1.226885	3.10909080505
19:30:33	0.921431,0.139639,1.208273	0.996390,0.235065,1.269787	-1.070574,-0.186812,11.139236	0.921431,0.139639,1.208273	3.13020515442
19:30:33	0.929032,0.135593,1.195634	1.044702,0.237438,1.196514	-0.265847,-0.285007,10.190808	0.929032,0.135593,1.195634	3.1143693924
19:30:33	0.935342,0.131370,1.178658	1.040612,0.239889,1.226872	0.031135,0.114961,9.879456	0.935342,0.131370,1.178658	3.5313782692
19:30:33	0.941790,0.126571,1.162896	1.036871,0.242584,1.158416	-0.232317,-0.481399,10.162068	0.941790,0.126571,1.162896	3.11964797974
19:30:34	0.948574,0.121157,1.142590	1.032875,0.245684,1.196042	-0.035925,-0.335303,10.018367	0.948574,0.121157,1.142590	3.48914957047
19:30:34	0.955045,0.115480,1.123757	1.028855,0.249034,1.134771	-0.498164,-0.261057,10.133328	0.955045,0.115480,1.123757	3.1143693924
19:30:34	0.960923,0.110147,1.102354	1.078541,0.199107,1.176929	0.026345,-0.215552,9.999207	0.960923,0.110147,1.102354	3.48914957047
19:30:34	0.966165,0.105442,1.084062	1.075197,0.202030,1.116352	-0.490979,0.021555,10.174043	0.966165,0.105442,1.084062	3.13548374176
19:30:34	0.973727,0.099982,1.063480	1.110782,0.244139,1.054094	-0.778381,-0.292192,9.582473	0.973727,0.099982,1.063480	3.49970674515
19:30:34	0.983683,0.093759,1.036667	1.099326,0.250523,1.134911	0.079036,-0.354463,9.953701	0.983683,0.093759,1.036667	3.48914957047
19:30:34	0.994558,0.088558,1.012729	1.131201,0.229917,1.069437	0.102986,-0.280217,10.408755	0.994558,0.088558,1.012729	3.12492656708
19:30:34	1.005567,0.085822,0.988036	1.128231,0.240212,1.009857	-0.534089,-0.153281,10.226733	1.005567,0.085822,0.988036	3.49970674515
19:30:34	1.017162,0.086014,0.954637	1.119047,0.243283,1.091207	-0.500559,0.299377,9.941726	1.017162,0.086014,0.954637	3.47859239578
19:30:34	1.030282,0.089073,0.922346	1.162152,0.231707,0.932311	-0.529299,-0.076641,10.300979	1.030282,0.089073,0.922346	3.11964797974
19:30:35	1.042253,0.093931,0.883346	1.165362,0.244446,0.901060	0.009580,-0.045505,9.877061	1.042253,0.093931,0.883346	3.69501471519
19:30:35	1.052038,0.099053,0.840887	0.909661,0.199026,0.655223	-0.486189,0.019160,9.889036	1.052038,0.099053,0.840887	3.37302064896
19:30:35	1.061522,0.102258,0.789787	0.994374,0.207752,0.501659	-0.043110,0.023950,9.378896	1.061522,0.102258,0.789787	3.6316716671
19:30:35	1.068483,0.101798,0.726353	1.048551,0.193368,0.404397	0.002395,-0.126936,9.342971	1.068483,0.101798,0.726353	3.68445754051
19:30:35	1.066685,0.095227,0.653985	1.076392,0.185470,0.329934	-0.828677,-0.191602,9.901011	1.066685,0.095227,0.653985	3.52609968185
19:30:35	1.053835,0.081033,0.576822	1.079139,0.182397,0.263803	-0.505349,-0.239502,10.214758	1.053835,0.081033,0.576822	3.4680352211
19:30:35	1.035405,0.060846,0.496885	1.073114,0.134542,0.161418	0.349673,-0.189207,10.147698	1.035405,0.060846,0.496885	3.48387098312
19:30:35	1.018892,0.040715,0.422035	1.031205,0.125241,0.087875	-0.529299,0.182021,10.667417	1.018892,0.040715,0.422035	3.24105596542
19:30:35	1.008472,0.025862,0.346693	1.049879,0.086738,0.006927	-0.277822,0.019160,9.982441	1.008472,0.025862,0.346693	3.45219945908
19:30:35	1.004736,0.020152,0.265819	1.093559,0.134716,0.585202	0.579595,-0.196392,10.219548	1.004736,0.020152,0.265819	3.52609968185
19:30:36	1.006465,0.024966,0.188631	1.088208,0.127469,0.521889	-0.134121,-0.383203,11.323652	1.006465,0.024966,0.188631	3.12492656708
19:30:36	1.014006,0.035180,0.121628	1.104427,0.146359,0.421452	-0.696951,-0.344883,10.152488	1.014006,0.035180,0.121628	3.40997076035
19:30:36	1.025072,0.048857,0.052368	1.104076,0.145504,0.383361	-1.626218,0.205972,11.407478	1.025072,0.048857,0.052368	3.54721426964
19:30:36	1.039646,0.066754,-0.013063	1.134741,0.170725,0.279540	-0.296982,-0.275427,11.021880	1.039646,0.066754,-0.013063	3.36774206161
19:30:36	1.054531,0.078757,-0.066198	1.138851,0.179394,0.236503	-1.264570,0.277822,11.805051	1.054531,0.078757,-0.066198	3.49442815781
19:30:36	1.066789,0.079438,-0.050109	1.257363,0.105317,-0.129283	-0.617915,-0.567620,13.404924	1.066789,0.079438,-0.050109	3.404692173
19:30:36	1.076808,0.075909,-0.032571	1.268586,0.113811,-0.078306	-0.069456,-0.150886,9.275911	1.076808,0.075909,-0.032571	3.404692173
19:30:36	1.085128,0.067746,-0.020324	1.279429,0.099135,-0.010426	-0.483794,0.644260,10.145303	1.085128,0.067746,-0.020324	3.10909080505
19:30:36	1.093766,0.045300,-0.004580	1.286615,0.065311,0.046397	0.045505,-0.301772,10.212363	1.093766,0.045300,-0.004580	3.23049879074
19:30:36	1.108606,0.009808,0.016880	1.292821,0.013833,0.108779	0.126936,-0.335303,10.224338	1.108606,0.009808,0.016880	3.23049879074
19:30:37	1.130388,-0.034138,0.042176	1.303669,-0.041804,0.167807	-0.416733,-0.167651,10.724897	1.130388,-0.034138,0.042176	3.23049879074
19:30:37	1.154926,-0.090072,0.070909	1.319541,-0.103997,0.221785	-0.893342,0.074246,10.176438	1.154926,-0.090072,0.070909	3.30967760086
19:30:37	1.181244,-0.155042,0.094712	1.339899,-0.173423,0.258935	-0.265847,0.356858,9.877061	1.181244,-0.155042,0.094712	3.30967760086
19:30:37	1.210148,-0.223229,0.117973	1.364410,-0.247039,0.286310	-0.110171,0.246687,10.396780	1.210148,-0.223229,0.117973	3.13020515442
19:30:37	1.239990,-0.293372,0.142795	1.391171,-0.320859,0.313934	-0.637075,0.354463,10.298584	1.239990,-0.293372,0.142795	3.16715526581
19:30:37	1.270136,-0.363740,0.169329	1.418940,-0.394852,0.342973	-0.507744,0.316143,10.202783	1.270136,-0.363740,0.169329	3.24633455276
19:30:37	1.300111,-0.432794,0.195155	1.391499,-0.237969,0.288712	-0.239502,0.229922,9.951306	1.300111,-0.432794,0.195155	3.2885632515
19:30:37	1.330695,-0.494362,0.212713	1.419675,-0.302358,0.308338	-0.146096,0.033530,9.958491	1.330695,-0.494362,0.212713	3.42052793503
19:30:37	1.363155,-0.544221,0.228342	1.448121,-0.356210,0.322510	-0.023950,0.033530,9.992021	1.363155,-0.544221,0.228342	3.23577737808
19:30:37	1.397626,-0.582982,0.243378	1.479235,-0.398442,0.335670	-0.828677,0.335303,10.365645	1.397626,-0.582982,0.243378	3.24105596542
19:30:38	1.434000,-0.612247,0.257722	1.513030,-0.431127,0.348953	-0.744851,0.160466,10.384805	1.434000,-0.612247,0.257722	3.26744890213
19:30:38	1.471727,-0.633209,0.272407	1.549856,-0.455330,0.361824	-0.364043,-0.404758,10.047107	1.471727,-0.633209,0.272407	3.27800607681
19:30:38	1.510410,-0.644763,0.286035	1.585764,-0.470619,0.374614	-0.258662,0.091011,10.243499	1.510410,-0.644763,0.286035	3.27800607681
19:30:38	1.549047,-0.651212,0.299809	1.624516,-0.478493,0.386789	-0.287402,-0.122146,10.109377	1.549047,-0.651212,0.299809	3.26217031479
19:30:38	1.587698,-0.652361,0.313095	1.661817,-0.481671,0.399746	-0.629890,-0.095801,10.399175	1.587698,-0.652361,0.313095	3.28328466415
19:30:38	1.624752,-0.649899,0.326563	1.700197,-0.481095,0.412441	-0.890947,-0.047900,10.166858	1.624752,-0.649899,0.326563	3.2252202034
19:30:38	1.660060,-0.644813,0.341318	1.735488,-0.475913,0.425512	-0.579595,-0.040715,10.317744	1.660060,-0.644813,0.341318	3.2252202034
19:30:38	1.694154,-0.640093,0.357058	1.768942,-0.470460,0.440269	-0.754431,-0.296982,10.111772	1.694154,-0.640093,0.357058	3.24633455276
19:30:38	1.726925,-0.636061,0.373203	1.801384,-0.465793,0.455437	-0.232317,-0.191602,9.910591	1.726925,-0.636061,0.373203	3.28328466415
19:30:38	1.757019,-0.632181,0.389514	1.830867,-0.460547,0.470719	-0.117356,0.011975,10.102192	1.757019,-0.632181,0.389514	3.28328466415
19:30:39	1.784971,-0.627768,0.406329	1.857726,-0.455359,0.486576	-1.044229,-0.177231,10.312954	1.784971,-0.627768,0.406329	3.27272748947
19:30:39	1.810380,-0.621437,0.422011	1.884194,-0.449077,0.501680	-0.282612,-0.165256,10.171648	1.810380,-0.621437,0.422011	3.27272748947
19:30:39	1.831519,-0.611992,0.436561	1.905384,-0.440738,0.513564	-0.467029,-0.004790,10.401570	1.831519,-0.611992,0.436561	3.24633455276
19:30:39	1.848096,-0.601220,0.453153	1.923471,-0.430201,0.527852	-0.617915,0.129331,10.540481	1.848096,-0.601220,0.453153	3.27800607681
19:30:39	1.864428,-0.587065,0.470922	1.939597,-0.417030,0.543696	-0.613125,-0.059875,10.243499	1.864428,-0.587065,0.470922	3.2041053772
19:30:39	1.880833,-0.570096,0.489904	1.956542,-0.402419,0.563607	-0.150886,-0.282612,10.437495	1.880833,-0.570096,0.489904	3.2041053772
19:30:39	1.897816,-0.549507,0.511741	1.972968,-0.383429,0.582390	-0.651445,-0.253872,10.351274	1.897816,-0.549507,0.511741	3.26744890213
19:30:39	1.916198,-0.525204,0.535741	1.991701,-0.361193,0.603937	-0.426313,-0.189207,10.377620	1.916198,-0.525204,0.535741	3.16187667847
19:30:39	1.935126,-0.497681,0.560626	2.010330,-0.334888,0.626883	-0.177231,-0.253872,10.255474	1.935126,-0.497681,0.560626	3.2041053772
19:30:39	1.953331,-0.468546,0.585937	2.030314,-0.306588,0.650019	-0.201182,-0.244292,10.353669	1.953331,-0.468546,0.585937	3.25161314011
19:30:40	1.970457,-0.437611,0.610615	2.048602,-0.276572,0.673834	-0.253872,-0.215552,10.047107	1.970457,-0.437611,0.610615	3.14604091644
19:30:40	1.985813,-0.406583,0.636539	2.063534,-0.245040,0.697806	-0.392783,-0.155676,10.087822	1.985813,-0.406583,0.636539	3.17771244049
19:30:40	1.999973,-0.375799,0.663469	2.078283,-0.214051,0.722432	-0.598755,0.062271,10.401570	1.999973,-0.375799,0.663469	3.21994161606
19:30:40	2.012882,-0.344391,0.694643	2.090443,-0.182496,0.749131	-0.208367,-0.340093,10.430310	2.012882,-0.344391,0.694643	3.28328466415
19:30:40	2.026023,-0.310570,0.725298	2.103641,-0.149570,0.778588	-0.581990,-0.038320,9.960886	2.026023,-0.310570,0.725298	3.28328466415
19:30:40	2.038333,-0.277812,0.754951	2.115227,-0.114929,0.806416	-0.074246,-0.179626,10.217153	2.038333,-0.277812,0.754951	3.26744890213
19:30:40	2.048943,-0.248963,0.785426	2.126127,-0.084897,0.833922	-0.778381,-0.064666,10.274634	2.048943,-0.248963,0.785426	3.1407623291
19:30:40	2.059522,-0.217328,0.813314	2.137343,-0.052457,0.859529	-0.263452,-0.361648,10.365645	2.059522,-0.217328,0.813314	3.16715526581
19:30:40	2.069166,-0.188718,0.842869	2.146736,-0.023026,0.886058	0.059875,-0.129331,10.003997	2.069166,-0.188718,0.842869	3.20938444138
19:30:40	2.079235,-0.160046,0.875679	2.157817,0.005023,0.913941	-0.917292,0.160466,10.595566	2.079235,-0.160046,0.875679	3.12492656708
19:30:41	2.090070,-0.132145,0.912370	2.169857,0.031371,0.946350	0.071851,-0.083826,10.183623	2.090070,-0.132145,0.912370	3.14604091644
19:30:41	2.103060,-0.098103,0.947425	2.181727,0.063434,0.979175	-0.768801,-0.205972,10.279424	2.103060,-0.098103,0.947425	3.2041053772
19:30:41	2.116160,-0.065884,0.984145	2.195802,0.095522,1.011670	-0.809517,0.028740,10.384805	2.116160,-0.065884,0.984145	3.12492656708
19:30:41	2.131207,-0.032662,1.019071	2.211383,0.129381,1.043783	-0.301772,-0.143701,10.080637	2.131207,-0.032662,1.019071	3.16187667847
19:30:41	2.147127,0.000384,1.053062	2.227339,0.162265,1.075550	-0.728086,-0.325723,10.128538	2.147127,0.000384,1.053062	3.23049879074
19:30:41	2.161459,0.031692,1.086668	2.037529,0.158710,1.225250	-0.510139,-0.208367,10.353669	2.161459,0.031692,1.086668	3.23049879074
19:30:41	2.172659,0.061830,1.120732	2.099034,0.205126,1.306212	-0.696951,0.069456,10.238708	2.172659,0.061830,1.120732	3.28328466415
19:30:41	2.174798,0.088412,1.153066	2.136303,0.238195,1.356302	-0.340093,-0.431104,10.001602	2.174798,0.088412,1.153066	3.26744890213
19:30:41	2.166158,0.111493,1.185689	2.144593,0.263936,1.392896	-0.840652,0.107776,10.454260	2.166158,0.111493,1.185689	3.26217031479
19:30:41	2.149954,0.133916,1.221291	2.133795,0.285554,1.430415	0.320933,-0.316143,10.133328	2.149954,0.133916,1.221291	3.26744890213
19:30:42	2.126662,0.158908,1.260526	2.115838,0.306986,1.471372	-0.603545,0.071851,10.435100	2.126662,0.158908,1.260526	3.27272748947
19:30:42	2.097101,0.181016,1.302278	1.979641,0.302516,1.413046	-0.138911,-0.229922,10.327324	2.097101,0.181016,1.302278	3.27272748947
19:30:42	2.068761,0.205894,1.331094	1.937277,0.321713,1.413561	0.000000,-0.083826,9.247170	2.068761,0.205894,1.331094	3.25161314011
19:30:42	2.041131,0.230563,1.349921	1.926596,0.360031,1.458101	-0.780776,-0.148491,10.181228	2.041131,0.230563,1.349921	3.25161314011
19:30:42	2.011418,0.254439,1.370126	1.896255,0.394259,1.368147	-0.076641,-0.083826,10.324929	2.011418,0.254439,1.370126	3.26217031479
19:30:42	1.981535,0.277741,1.384199	1.867976,0.419312,1.369831	-0.285007,-0.035925,9.673484	1.981535,0.277741,1.384199	3.25689172745
19:30:42	1.952613,0.300022,1.394779	1.852964,0.452673,1.417931	0.067061,-0.584385,10.241104	1.952613,0.300022,1.394779	3.25161314011
19:30:42	1.922197,0.321038,1.408605	1.819138,0.471557,1.389331	-0.002395,-0.304167,10.411150	1.922197,0.321038,1.408605	3.25689172745
19:30:42	1.890874,0.341266,1.421289	1.777008,0.481087,1.362733	-0.138911,-0.246687,10.087822	1.890874,0.341266,1.421289	3.26217031479
19:30:42	1.860244,0.360940,1.429028	1.733267,0.491314,1.426731	-0.172441,-0.546064,10.142908	1.860244,0.360940,1.429028	3.25161314011
19:30:43	1.829234,0.379734,1.438380	1.708946,0.516871,1.416870	-0.131726,-0.273032,10.262659	1.829234,0.379734,1.438380	3.25161314011
19:30:43	1.796612,0.397340,1.448234	1.686098,0.541803,1.403933	0.076641,-0.186812,9.992021	1.796612,0.397340,1.448234	3.25689172745
19:30:43	1.762455,0.414401,1.456789	1.649075,0.557195,1.468318	-0.740061,-0.170046,10.157278	1.762455,0.414401,1.456789	3.25689172745
19:30:43	1.727622,0.432051,1.468173	1.625011,0.583115,1.448883	-0.838257,-0.196392,10.679392	1.727622,0.432051,1.468173	3.25689172745
19:30:43	1.692575,0.449391,1.480924	1.866256,0.427938,1.225911	-0.704136,-0.222737,10.322534	1.692575,0.449391,1.480924	3.26217031479
19:30:43	1.659560,0.466099,1.482291	1.825208,0.472183,1.219729	-0.895737,-0.112566,9.637559	1.659560,0.466099,1.482291	3.25161314011
19:30:43	1.635344,0.478599,1.477515	1.795818,0.461880,1.215864	0.079036,-0.213157,10.178833	1.635344,0.478599,1.477515	3.25161314011
19:30:43	1.623922,0.479823,1.471392	1.458217,0.446623,1.272165	-0.570015,-0.251477,10.382410	1.623922,0.479823,1.471392	3.27272748947
19:30:43	1.625944,0.465590,1.465958	1.457833,0.414072,1.279065	0.009580,-0.234712,10.432705	1.625944,0.465590,1.465958	3.26217031479
19:30:43	1.631531,0.434939,1.464157	1.463715,0.385093,1.282579	-0.059875,0.011975,10.466235	1.631531,0.434939,1.464157	3.26217031479
19:30:44	1.632481,0.389091,1.465083	1.507779,0.284485,1.290455	-0.979563,-0.064666,10.775193	1.632481,0.389091,1.465083	3.27272748947
19:30:44	1.622978,0.331098,1.467063	1.568475,0.186844,1.312501	-0.390388,-0.148491,10.415940	1.622978,0.331098,1.467063	3.27800607681
19:30:44	1.602366,0.266487,1.470049	1.581807,0.118704,1.308956	-0.483794,0.275427,10.308164	1.602366,0.266487,1.470049	3.27800607681
19:30:44	1.575259,0.199594,1.470689	1.543147,0.060467,1.291480	-0.514929,0.165256,10.229128	1.575259,0.199594,1.470689	3.26744890213
19:30:44	1.546120,0.132548,1.466615	1.519092,-0.005161,1.280993	-0.227527,0.059875,10.042317	1.546120,0.132548,1.466615	3.26744890213
19:30:44	1.517915,0.067017,1.458609	1.365666,0.067434,1.249633	-0.191602,-0.186812,9.948911	1.517915,0.067017,1.458609	3.26744890213
19:30:44	1.492613,0.006061,1.445518	1.340580,-0.018122,1.251719	0.419128,0.138911,9.774075	1.492613,0.006061,1.445518	3.25689172745
19:30:44	1.469986,-0.046460,1.430011	1.368150,-0.127034,1.184073	-0.385598,-0.028740,9.951306	1.469986,-0.046460,1.430011	3.25161314011
19:30:44	1.448747,-0.088620,1.407467	1.394881,-0.226563,1.210679	-0.306563,-0.215552,9.850715	1.448747,-0.088620,1.407467	3.25689172745
19:30:44	1.428330,-0.122170,1.385515	1.298619,-0.216611,1.227316	0.201182,-0.318538,10.353669	1.428330,-0.122170,1.385515	3.25689172745
19:30:45	1.408523,-0.150944,1.368670	1.283260,-0.247610,1.184479	-0.392783,-0.182021,10.207573	1.408523,-0.150944,1.368670	3.25689172745
19:30:45	1.387576,-0.177220,1.348303	1.267558,-0.273701,1.150647	-0.759221,-0.059875,10.090217	1.387576,-0.177220,1.348303	3.26217031479
19:30:45	1.363648,-0.204742,1.323381	1.249055,-0.296664,1.111283	-0.335303,0.107776,10.075847	1.363648,-0.204742,1.323381	3.25161314011
19:30:45	1.337148,-0.235597,1.293439	1.228263,-0.322945,1.068832	-0.438289,0.112566,9.872271	1.337148,-0.235597,1.293439	3.25161314011
19:30:45	1.309398,-0.269697,1.257823	1.207224,-0.351169,1.017648	-0.498164,0.182021,9.987231	1.309398,-0.269697,1.257823	3.25161314011
19:30:45	1.281996,-0.306277,1.221876	1.408728,-0.122361,1.254004	-0.696951,0.481399,10.645862	1.281996,-0.306277,1.221876	3.25689172745
19:30:45	1.257252,-0.342275,1.191593	1.383898,-0.160977,1.223327	-0.488584,0.244292,10.806328	1.257252,-0.342275,1.191593	3.2252202034
19:30:45	1.238260,-0.372450,1.165817	1.362151,-0.195309,1.198338	-0.376018,-0.287402,10.547666	1.238260,-0.372450,1.165817	3.25161314011
19:30:45	1.227145,-0.393945,1.141159	1.347479,-0.221666,1.175531	-0.914897,0.112566,10.700947	1.227145,-0.393945,1.141159	3.23577737808
19:30:45	1.224333,-0.407701,1.116925	1.340139,-0.238856,1.153487	-0.217947,-0.426313,10.384805	1.224333,-0.407701,1.116925	3.23577737808
19:30:46	1.228590,-0.414479,1.090793	1.340817,-0.248858,1.130934	-0.622705,0.306563,10.166858	1.228590,-0.414479,1.090793	3.23577737808
19:30:46	1.238120,-0.416399,1.062630	1.346635,-0.251567,1.105804	-0.011975,-0.179626,10.320139	1.238120,-0.416399,1.062630	3.23577737808
19:30:46	1.251626,-0.414980,1.034598	1.356785,-0.251293,1.080304	-0.170046,0.146096,10.147698	1.251626,-0.414980,1.034598	3.23577737808
19:30:46	1.268238,-0.409782,1.006891	1.371298,-0.246220,1.052782	-0.613125,-0.038320,10.384805	1.268238,-0.409782,1.006891	3.24105596542
19:30:46	1.286120,-0.401315,0.980189	1.384939,-0.238560,1.030349	-0.898132,-0.102986,10.432705	1.286120,-0.401315,0.980189	3.23577737808
19:30:46	1.304588,-0.389626,0.954270	1.401564,-0.227303,1.006092	-0.131726,-0.126936,10.336904	1.304588,-0.389626,0.954270	3.24105596542
19:30:46	1.322205,-0.376078,0.929377	1.419597,-0.214934,0.982691	-0.572410,-0.088616,10.401570	1.322205,-0.376078,0.929377	3.26744890213
19:30:46	1.339950,-0.358917,0.903996	1.437879,-0.201468,0.959996	-1.051414,-0.270637,10.557246	1.339950,-0.358917,0.903996	3.23049879074
19:30:46	1.353671,-0.345679,0.881651	1.453284,-0.185749,0.938563	-0.560435,-0.052690,10.310559	1.353671,-0.345679,0.881651	3.23577737808
19:30:46	1.367131,-0.330665,0.858017	1.468562,-0.171465,0.916920	-0.680186,-0.007185,10.296189	1.367131,-0.330665,0.858017	3.23049879074
19:30:47	1.378142,-0.318501,0.836172	1.482448,-0.158740,0.896225	-0.761616,-0.071851,10.494976	1.378142,-0.318501,0.836172	3.23577737808
19:30:47	1.388300,-0.307295,0.814466	1.493699,-0.147849,0.876320	-0.811912,-0.088616,10.305769	1.388300,-0.307295,0.814466	3.24105596542
19:30:47	1.398223,-0.298087,0.793244	1.503961,-0.138596,0.857650	-0.953218,-0.129331,10.648257	1.398223,-0.298087,0.793244	3.23049879074
19:30:47	1.409155,-0.291103,0.773683	1.514769,-0.130414,0.839243	-0.210762,-0.366438,10.255474	1.409155,-0.291103,0.773683	3.23049879074
19:30:47	1.421368,-0.282938,0.752589	1.526920,-0.120784,0.819653	-0.395178,0.026345,10.358459	1.421368,-0.282938,0.752589	3.23049879074
19:30:47	1.435795,-0.276312,0.734776	1.538283,-0.115351,0.804294	-0.641865,-0.344883,10.324929	1.435795,-0.276312,0.734776	3.23577737808
19:30:47	1.453556,-0.266005,0.715666	1.554197,-0.106640,0.787156	0.055085,-0.122146,10.236313	1.453556,-0.266005,0.715666	3.2252202034
19:30:47	1.471406,-0.260102,0.701798	1.570140,-0.098549,0.773225	-0.407153,-0.146096,10.267449	1.471406,-0.260102,0.701798	3.23049879074
19:30:47	1.490924,-0.253000,0.688890	1.585929,-0.091094,0.762394	-0.708926,0.158071,10.442285	1.490924,-0.253000,0.688890	3.2252202034
19:30:47	1.510967,-0.244937,0.679314	1.605667,-0.078021,0.749553	-0.768801,-0.081431,10.557246	1.510967,-0.244937,0.679314	3.24633455276
19:30:48	1.533080,-0.231881,0.667509	1.625664,-0.069071,0.740937	-0.785566,-0.320933,10.528506	1.533080,-0.231881,0.667509	3.24105596542
19:30:48	1.552337,-0.221059,0.661251	1.644591,-0.057170,0.733256	-0.960403,-0.182021,10.590776	1.552337,-0.221059,0.661251	3.24105596542
19:30:48	1.574588,-0.204134,0.656440	1.664888,-0.041165,0.728073	-0.543669,-0.079036,10.459050	1.574588,-0.204134,0.656440	3.23577737808
19:30:48	1.595125,-0.184143,0.653112	1.686090,-0.025737,0.725136	0.071851,-0.311353,9.994417	1.595125,-0.184143,0.653112	3.2252202034
19:30:48	1.617272,-0.163644,0.652051	1.707751,-0.003848,0.722459	-0.323328,-0.011975,10.449470	1.617272,-0.163644,0.652051	3.26217031479
19:30:48	1.640687,-0.137723,0.651942	1.732056,0.017792,0.722926	-0.486189,-0.342488,10.451865	1.640687,-0.137723,0.651942	3.24105596542
19:30:48	1.665693,-0.116291,0.654077	1.756185,0.041918,0.724681	-0.567620,-0.390388,10.262659	1.665693,-0.116291,0.654077	3.24105596542
19:30:48	1.693618,-0.092068,0.656901	1.784194,0.062729,0.728211	-0.100591,-0.311353,10.047107	1.693618,-0.092068,0.656901	3.24105596542
19:30:48	1.721816,-0.066309,0.659865	1.810978,0.087446,0.729772	0.028740,-0.081431,10.133328	1.721816,-0.066309,0.659865	3.25689172745
19:30:48	1.749448,-0.043484,0.664788	1.839901,0.109316,0.736538	-0.586780,-0.023950,10.334509	1.749448,-0.043484,0.664788	3.24633455276
19:30:49	1.775570,-0.023837,0.671672	1.864694,0.132333,0.742502	-0.716111,-0.244292,10.291399	1.775570,-0.023837,0.671672	3.21466302872
19:30:49	1.800483,-0.002633,0.680155	1.890769,0.154394,0.749816	-0.031135,-0.469424,10.303374	1.800483,-0.002633,0.680155	3.27800607681
19:30:49	1.825382,0.018495,0.690754	1.913908,0.176479,0.759592	-0.438289,-0.023950,10.336904	1.825382,0.018495,0.690754	3.27800607681
19:30:49	1.849676,0.039702,0.702555	1.937383,0.198764,0.770709	-0.325723,-0.330513,10.391990	1.849676,0.039702,0.702555	3.26744890213
19:30:49	1.875765,0.062724,0.715204	1.948898,0.164564,0.987320	-0.428708,0.002395,10.243499	1.875765,0.062724,0.715204	3.24633455276
19:30:49	1.897289,0.079388,0.730661	1.988963,0.208481,0.925217	-0.586780,-0.155676,10.394385	1.897289,0.079388,0.730661	3.24633455276
19:30:49	1.917335,0.094822,0.746899	2.027673,0.181855,0.995007	-0.289797,-0.021555,10.106982	1.917335,0.094822,0.746899	3.23049879074
19:30:49	1.930625,0.101779,0.763858	2.013854,0.245247,0.955341	-0.641865,0.004790,10.068662	1.930625,0.101779,0.763858	3.3149561882
19:30:49	1.941614,0.101875,0.776944	2.050687,0.217423,1.004456	-0.474214,-0.134121,10.322534	1.941614,0.101875,0.776944	3.20938444138
19:30:49	1.951293,0.100479,0.794472	2.055769,0.232891,0.999231	-0.981958,0.071851,10.765613	1.951293,0.100479,0.794472	3.23577737808
19:30:50	1.961639,0.099369,0.812709	2.039577,0.229340,1.057546	-0.706531,0.227527,10.526111	1.961639,0.099369,0.812709	3.24105596542
19:30:50	1.968121,0.093539,0.838063	2.090644,0.226433,0.988765	-0.277822,-0.249082,10.490186	1.968121,0.093539,0.838063	3.24633455276
19:30:50	1.973493,0.093024,0.861181	2.083588,0.227992,1.044135	-0.541274,-0.129331,10.102192	1.973493,0.093024,0.861181	3.2252202034
19:30:50	1.980772,0.095473,0.884111	2.076735,0.223002,1.101829	-0.344883,-0.136516,10.459050	1.980772,0.095473,0.884111	3.2252202034
19:30:50	1.983273,0.102183,0.916141	2.092228,0.244858,1.059489	-1.044229,-0.241897,10.863809	1.983273,0.102183,0.916141	3.25689172745
19:30:50	1.993025,0.114057,0.944737	2.136047,0.219364,1.073443	-0.047900,-0.572410,9.958491	1.993025,0.114057,0.944737	3.24105596542
19:30:50	2.002599,0.125002,0.974747	2.143324,0.219626,1.139458	-0.390388,-0.059875,9.948911	2.002599,0.125002,0.974747	3.30967760086
19:30:50	2.019960,0.137817,1.004442	2.175211,0.192491,0.790062	-0.426313,-0.076641,9.929751	2.019960,0.137817,1.004442	3.24633455276
19:30:50	2.041430,0.149906,1.022330	2.197532,0.199974,0.825488	-0.392783,-0.474214,9.311836	2.041430,0.149906,1.022330	3.25689172745
19:30:50	2.064928,0.155143,1.033297	2.237089,0.200707,0.900586	-0.364043,-0.404758,10.250684	2.064928,0.155143,1.033297	3.26744890213
19:30:51	2.096565,0.148350,1.045249	2.252360,0.221074,0.891512	-1.173560,-0.179626,10.619517	2.096565,0.148350,1.045249	3.26217031479
19:30:51	2.129318,0.128433,1.056081	1.951028,0.181836,1.277426	-0.943638,-0.098196,10.054292	2.129318,0.128433,1.056081	3.26744890213
19:30:51	2.165137,0.098524,1.066713	1.974198,0.132037,1.255347	-0.280217,-0.232317,10.418335	2.165137,0.098524,1.066713	3.2252202034
19:30:51	2.196501,0.060459,1.078703	2.026621,0.043064,1.308175	-0.728086,0.174836,10.583591	2.196501,0.060459,1.078703	3.2252202034
19:30:51	2.216953,0.014890,1.097852	2.112032,-0.069595,1.361428	-0.694556,-0.088616,10.981165	2.216953,0.014890,1.097852	3.2252202034
19:30:51	2.226200,-0.036981,1.124506	2.157218,-0.147983,1.370537	-0.059875,-0.110171,10.770403	2.226200,-0.036981,1.124506	3.24105596542
19:30:51	2.221135,-0.092838,1.156997	2.182291,-0.222817,1.297635	-0.344883,0.189207,10.566826	2.221135,-0.092838,1.156997	3.25689172745
19:30:51	2.207563,-0.149289,1.184193	2.205071,-0.244728,1.484324	-0.330513,0.052690,9.771680	2.207563,-0.149289,1.184193	3.24633455276
19:30:51	2.187056,-0.206558,1.212006	2.223655,-0.304295,1.503350	-0.500559,0.311353,10.480605	2.187056,-0.206558,1.212006	3.21466302872
19:30:51	2.165010,-0.262903,1.246954	1.989421,-0.205903,1.363443	0.071851,0.244292,10.214758	2.165010,-0.262903,1.246954	3.24105596542
19:30:52	2.144936,-0.317488,1.275733	1.976249,-0.275769,1.443373	-0.421523,0.150886,9.908196	2.144936,-0.317488,1.275733	3.24105596542
19:30:52	2.127742,-0.366209,1.305634	1.976427,-0.364149,1.525293	-0.950823,0.459844,10.882969	2.127742,-0.366209,1.305634	3.23577737808
19:30:52	2.112336,-0.408178,1.341864	1.980805,-0.427190,1.598763	-0.855022,0.354463,10.820698	2.112336,-0.408178,1.341864	3.24633455276
19:30:52	2.097319,-0.444079,1.384255	1.985252,-0.470727,1.670686	0.100591,-0.114961,10.538086	2.097319,-0.444079,1.384255	3.25161314011
19:30:52	2.081858,-0.475516,1.432017	1.985443,-0.502180,1.739385	0.268242,-0.045505,10.449470	2.081858,-0.475516,1.432017	3.25161314011
19:30:52	2.065840,-0.503916,1.486522	1.984761,-0.524478,1.809463	-0.558040,-0.526904,10.811118	2.065840,-0.503916,1.486522	3.26217031479
19:30:52	2.064119,-0.506522,1.491388	1.980092,-0.536151,1.849504	-1.154399,0.007185,10.983560	2.064119,-0.506522,1.491388	3.21466302872
19:30:52	2.032002,-0.557772,1.610557	2.179986,-0.437619,1.195908	-0.059875,-0.014370,10.255474	2.032002,-0.557772,1.610557	3.18299102783
19:30:52	2.008204,-0.593867,1.675808	2.072503,-0.626408,2.022147	-0.124541,-0.023950,8.566985	2.008204,-0.593867,1.675808	3.34134912491
19:30:52	1.986393,-0.631683,1.716594	2.018498,-0.676837,2.072993	-0.447869,0.134121,9.953701	1.986393,-0.631683,1.716594	3.21466302872
19:30:53	1.966834,-0.671864,1.760567	1.975247,-0.706452,2.122337	0.416733,-0.179626,10.356064	1.966834,-0.671864,1.760567	3.2252202034
19:30:53	1.962339,-0.686797,1.776955	1.961107,-0.736710,2.164290	-0.931663,0.143701,11.184741	1.962339,-0.686797,1.776955	3.2252202034
19:30:53	1.962339,-0.686797,1.776955	1.962765,-0.737430,2.163923	-0.019160,-0.486189,11.007510	1.962339,-0.686797,1.776955	3.16715526581
19:30:53	1.962339,-0.686797,1.776955	1.962765,-0.737430,2.163923	-0.977168,0.421523,11.419453	1.962339,-0.686797,1.776955	3.16715526581
19:30:53	1.962339,-0.686797,1.776955	1.963286,-0.737689,2.163784	-1.231040,0.455054,11.141631	1.962339,-0.686797,1.776955	3.15659809113
19:30:53	1.962339,-0.686797,1.776955	1.962134,-0.737213,2.164037	-0.718506,0.361648,10.875784	1.962339,-0.686797,1.776955	3.15659809113
19:30:53	1.962339,-0.686797,1.776955	1.962657,-0.737471,2.163902	-1.070574,0.234712,11.706855	1.962339,-0.686797,1.776955	3.15659809113
19:30:53	1.962339,-0.686797,1.776955	1.961487,-0.736992,2.164148	-1.254990,0.598755,11.381133	1.962339,-0.686797,1.776955	3.15131950378
19:30:53	1.962339,-0.686797,1.776955	1.960304,-0.736515,2.164377	0.337698,-0.440684,11.012300	1.962339,-0.686797,1.776955	3.14604091644
19:30:53	1.962339,-0.686797,1.776955	1.959790,-0.736266,2.164493	-1.575923,0.986748,11.654165	1.962339,-0.686797,1.776955	3.14604091644
19:30:54	1.962339,-0.686797,1.776955	1.959790,-0.736266,2.164493	-0.797542,0.352068,11.191926	1.962339,-0.686797,1.776955	3.1407623291
19:30:54	1.962339,-0.686797,1.776955	1.959283,-0.736021,2.164602	0.083826,-0.162861,10.700947	1.962339,-0.686797,1.776955	3.1407623291
19:30:54	1.962339,-0.686797,1.776955	1.958783,-0.735781,2.164707	-1.322051,0.732876,11.333232	1.962339,-0.686797,1.776955	3.1407623291
19:30:54	1.962339,-0.686797,1.776955	1.958783,-0.735781,2.164707	-0.869392,0.814307,11.067385	1.962339,-0.686797,1.776955	3.13020515442
19:30:54	1.962339,-0.686797,1.776955	1.935963,-0.785095,2.121291	-1.295706,0.713716,11.179951	1.962339,-0.686797,1.776955	3.13548374176
19:30:54	1.962339,-0.686797,1.776955	1.936585,-0.785326,2.121215	-0.646655,0.720901,6.234236	1.962339,-0.686797,1.776955	3.06158351898
19:30:54	1.962339,-0.686797,1.776955	1.937202,-0.785558,2.121131	-0.289797,0.062271,10.547666	1.962339,-0.686797,1.776955	3.13548374176
19:30:54	1.962339,-0.686797,1.776955	1.937473,-0.785697,2.121050	-0.160466,-0.079036,10.978770	1.962339,-0.686797,1.776955	3.12492656708
19:30:54	1.962339,-0.686797,1.776955	1.937747,-0.785838,2.120967	0.366438,0.378413,10.938054	1.962339,-0.686797,1.776955	3.1143693924
19:30:54	1.962339,-0.686797,1.776955	1.937747,-0.785838,2.120967	-0.488584,0.368833,10.863809	1.962339,-0.686797,1.776955	3.14604091644
19:30:55	1.962339,-0.686797,1.776955	1.938025,-0.785981,2.120881	-0.457449,0.591570,10.957214	1.962339,-0.686797,1.776955	3.11964797974
19:30:55	1.962339,-0.686797,1.776955	1.937400,-0.785744,2.120976	-0.675396,0.826282,11.481724	1.962339,-0.686797,1.776955	3.07741928101
19:30:55	1.962339,-0.686797,1.776955	1.936769,-0.785506,2.121064	-0.538879,0.455054,11.682905	1.962339,-0.686797,1.776955	3.1143693924
19:30:55	1.962339,-0.686797,1.776955	1.936132,-0.785268,2.121144	-1.209485,0.684976,10.169253	1.962339,-0.686797,1.776955	3.16187667847
19:30:55	1.962339,-0.686797,1.776955	1.935223,-0.784896,2.121288	-0.742456,0.811912,10.128538	1.962339,-0.686797,1.776955	3.21466302872
19:30:55	1.962339,-0.686797,1.776955	1.935115,-0.785255,2.120844	0.131726,0.050295,9.582473	1.962339,-0.686797,1.776955	3.19882678986
19:30:55	1.962339,-0.686797,1.776955	1.934742,-0.785479,2.120467	-0.828677,0.570015,10.123748	1.962339,-0.686797,1.776955	3.23577737808
19:30:55	1.962339,-0.686797,1.776955	1.935010,-0.785933,2.120030	-0.268242,0.019160,9.762100	1.962339,-0.686797,1.776955	3.24633455276
19:30:55	1.962339,-0.686797,1.776955	1.935160,-0.786748,2.119131	-0.902922,0.325723,9.879456	1.962339,-0.686797,1.776955	3.25689172745
19:30:55	1.962339,-0.686797,1.776955	1.934930,-0.787493,2.118183	-0.464634,0.507744,9.548943	1.962339,-0.686797,1.776955	3.26217031479
19:30:56	1.962339,-0.686797,1.776955	1.935069,-0.788314,2.117252	-0.316143,0.244292,9.199270	1.962339,-0.686797,1.776955	3.27272748947
19:30:56	1.962339,-0.686797,1.776955	1.934828,-0.789081,2.116254	0.093406,-0.026345,9.158555	1.962339,-0.686797,1.776955	3.27800607681
19:30:56	1.962339,-0.686797,1.776955	1.934580,-0.789863,2.115226	-0.414338,0.579595,9.259146	1.962339,-0.686797,1.776955	3.2885632515
19:30:56	1.962339,-0.686797,1.776955	1.934324,-0.790657,2.114168	0.114961,0.007185,8.895103	1.962339,-0.686797,1.776955	3.29384183884
19:30:56	1.962339,-0.686797,1.776955	1.933173,-0.791073,2.113263	-0.905317,0.047900,9.122629	1.962339,-0.686797,1.776955	3.29384183884
19:30:56	1.962339,-0.686797,1.776955	1.932256,-0.791683,2.112180	-0.632285,-0.241897,8.684341	1.962339,-0.686797,1.776955	3.29384183884
19:30:56	1.962339,-0.686797,1.776955	1.931604,-0.792735,2.110617	5.221143,3.487148,29.521011	1.962339,-0.686797,1.776955	3.27272748947
19:30:56	1.962339,-0.686797,1.776955	1.931738,-0.793569,2.109600	-0.148491,0.737666,10.547666	1.962339,-0.686797,1.776955	3.27272748947
19:30:56	1.962339,-0.686797,1.776955	1.931226,-0.794202,2.108594	-0.948428,0.766406,9.230405	1.962339,-0.686797,1.776955	3.29912042618
19:30:56	1.962339,-0.686797,1.776955	1.931498,-0.794606,2.108171	-1.372346,0.143701,8.047266	1.962339,-0.686797,1.776955	3.30439901352
19:30:57	1.962339,-0.686797,1.776955	1.931847,-0.795625,2.106965	-1.602268,0.193997,8.928633	1.962339,-0.686797,1.776955	3.29384183884
19:30:57	1.962339,-0.686797,1.776955	1.931337,-0.796245,2.105953	-7.575447,-1.846560,13.862373	1.962339,-0.686797,1.776955	3.29912042618
19:30:57	1.962339,-0.686797,1.776955	1.931238,-0.798517,2.102847	-2.105222,-0.399968,7.953860	1.962339,-0.686797,1.776955	3.67917895317
19:30:57	1.962339,-0.686797,1.776955	1.930188,-0.801474,2.098299	-2.574646,3.666775,4.902605	1.962339,-0.686797,1.776955	3.68445754051
19:30:57	2.864531,-0.322581,-0.052873	2.913423,-0.296243,-0.038361	-1.513652,0.443079,3.357817	2.864531,-0.322581,-0.052873	3.68445754051
19:30:57	2.852464,-0.125817,-0.064615	2.902255,-0.082799,-0.055943	-1.513652,0.443079,3.357817	2.852464,-0.125817,-0.064615	3.68445754051
19:30:57	2.839943,0.026759,-0.067776	2.883405,0.099215,0.058615	-1.513652,0.443079,3.357817	2.839943,0.026759,-0.067776	3.68445754051
19:30:57	2.835588,0.126115,-0.067960	2.876005,0.224028,0.061901	-1.513652,0.443079,3.357817	2.835588,0.126115,-0.067960	3.68445754051
19:30:57	2.838700,0.172734,-0.068232	2.877132,0.295893,0.064161	-1.513652,0.443079,3.357817	2.838700,0.172734,-0.068232	3.68445754051
19:30:57	2.839775,0.176908,-0.067981	2.880230,0.316729,0.064855	-1.513652,0.443079,3.357817	2.839775,0.176908,-0.067981	3.68445754051
19:30:58	2.839769,0.176886,-0.068015	2.880183,0.316712,0.064886	-1.513652,0.443079,3.357817	2.839769,0.176886,-0.068015	3.68445754051
19:30:58	2.839792,0.176864,-0.067975	2.880180,0.316752,0.064906	-1.513652,0.443079,3.357817	2.839792,0.176864,-0.067975	3.68445754051
19:30:58	2.839741,0.176891,-0.068020	2.880193,0.316732,0.064846	-1.513652,0.443079,3.357817	2.839741,0.176891,-0.068020	3.68445754051
19:30:58	2.839745,0.176891,-0.067978	2.880220,0.316709,0.064866	-1.513652,0.443079,3.357817	2.839745,0.176891,-0.067978	3.68445754051
19:30:58	2.839775,0.176878,-0.067975	2.880194,0.316711,0.064848	-1.513652,0.443079,3.357817	2.839775,0.176878,-0.067975	3.68445754051
19:30:58	2.839779,0.176872,-0.067978	2.880196,0.316735,0.064839	-1.513652,0.443079,3.357817	2.839779,0.176872,-0.067978	3.68445754051
19:30:58	2.839746,0.176880,-0.067993	2.880186,0.316724,0.064871	-1.513652,0.443079,3.357817	2.839746,0.176880,-0.067993	3.68445754051
19:30:58	2.839752,0.176887,-0.067989	2.880182,0.316714,0.064883	-1.513652,0.443079,3.357817	2.839752,0.176887,-0.067989	3.68445754051
19:30:58	2.839749,0.176908,-0.068000	2.880184,0.316695,0.064874	-1.513652,0.443079,3.357817	2.839749,0.176908,-0.068000	3.68445754051
19:30:58	2.839753,0.176907,-0.068006	2.880177,0.316714,0.064862	-1.513652,0.443079,3.357817	2.839753,0.176907,-0.068006	3.68445754051
19:30:59	2.839748,0.176906,-0.068014	2.880179,0.316707,0.064861	-1.513652,0.443079,3.357817	2.839748,0.176906,-0.068014	3.68445754051
19:30:59	2.839764,0.176879,-0.068007	2.880184,0.316734,0.064879	-1.513652,0.443079,3.357817	2.839764,0.176879,-0.068007	3.68445754051
19:30:59	2.839730,0.176902,-0.067999	2.880191,0.316724,0.064862	-1.513652,0.443079,3.357817	2.839730,0.176902,-0.067999	3.68445754051
