# Flight Log 
# 25 08 17 - 19:30:08
Time		X,Y,Z				goalX,goalY,goalZ		ddx,ddy,ddz			angularx,angulary,angularz	battery
19:30:08	0.000000,0.000000,0.000000	0.000000,0.000000,0.000000	0.000000,0.000000,0.000000	0.000000,0.000000,0.000000	0
19:30:08	0.946982,4.183211,0.392743	0.000000,0.000000,0.000000	0.000000,0.000000,0.000000	0.946982,4.183211,0.392743	0
19:30:08	0.947088,4.183191,0.392687	0.983932,3.987502,0.429933	0.000000,0.000000,0.000000	0.947088,4.183191,0.392687	0
19:30:08	0.947079,4.183193,0.392689	0.984371,3.987590,0.429859	0.000000,0.000000,0.000000	0.947079,4.183193,0.392689	0
19:30:08	0.947125,4.183180,0.392627	0.984253,3.987535,0.429310	0.000000,0.000000,0.000000	0.947125,4.183180,0.392627	0
19:30:08	0.946981,4.183167,0.392692	0.984299,3.987520,0.429009	0.000000,0.000000,0.000000	0.946981,4.183167,0.392692	0
19:30:08	0.947152,4.183200,0.392580	0.983171,3.987358,0.429566	0.000000,0.000000,0.000000	0.947152,4.183200,0.392580	0
19:30:09	0.947195,4.183170,0.392628	0.984564,3.987607,0.429722	0.000000,0.000000,0.000000	0.947195,4.183170,0.392628	0
19:30:09	0.947150,4.183197,0.392611	0.983355,3.987350,0.429093	0.000000,0.000000,0.000000	0.947150,4.183197,0.392611	0
19:30:09	0.946967,4.183170,0.392688	0.984471,3.987587,0.429600	0.000000,0.000000,0.000000	0.946967,4.183170,0.392688	0
19:30:09	0.947129,4.183198,0.392616	0.983386,3.987357,0.428995	0.000000,0.000000,0.000000	0.947129,4.183198,0.392616	0
19:30:09	0.947143,4.183204,0.392614	0.983807,3.987402,0.429333	0.000000,0.000000,0.000000	0.947143,4.183204,0.392614	0
19:30:09	0.947173,4.183207,0.392585	0.984476,3.987539,0.428870	0.000000,0.000000,0.000000	0.947173,4.183207,0.392585	0
19:30:09	0.947122,4.183199,0.392643	0.983134,3.987335,0.429129	0.000000,0.000000,0.000000	0.947122,4.183199,0.392643	0
19:30:09	0.947132,4.183198,0.392608	0.984477,3.987588,0.429671	0.000000,0.000000,0.000000	0.947132,4.183198,0.392608	0
19:30:09	0.947089,4.183189,0.392663	0.983587,3.987365,0.428651	0.000000,0.000000,0.000000	0.947089,4.183189,0.392663	0
19:30:09	0.947152,4.183205,0.392599	0.984597,3.987615,0.429463	0.000000,0.000000,0.000000	0.947152,4.183205,0.392599	0
19:30:10	0.947001,4.183165,0.392664	0.983247,3.987358,0.429414	0.000000,0.000000,0.000000	0.947001,4.183165,0.392664	0
19:30:10	0.947145,4.183208,0.392611	0.983260,3.987346,0.429186	0.000000,0.000000,0.000000	0.947145,4.183208,0.392611	0
19:30:10	0.947131,4.183195,0.392631	0.984290,3.987540,0.429234	0.000000,0.000000,0.000000	0.947131,4.183195,0.392631	0
19:30:10	0.947007,4.183165,0.392657	0.983420,3.987354,0.428869	0.000000,0.000000,0.000000	0.947007,4.183165,0.392657	0
19:30:10	0.947129,4.183166,0.392629	0.984312,3.987494,0.428754	0.000000,0.000000,0.000000	0.947129,4.183166,0.392629	0
19:30:10	0.947095,4.183170,0.392707	0.982734,3.987326,0.431452	0.000000,0.000000,0.000000	0.947095,4.183170,0.392707	0
19:30:10	0.947198,4.183132,0.392658	0.983101,3.987314,0.430683	0.000000,0.000000,0.000000	0.947198,4.183132,0.392658	0
19:30:10	0.947027,4.183145,0.392697	0.983417,3.987328,0.429899	0.000000,0.000000,0.000000	0.947027,4.183145,0.392697	0
19:30:10	0.947216,4.183144,0.392568	0.983154,3.987323,0.429984	0.000000,0.000000,0.000000	0.947216,4.183144,0.392568	0
19:30:10	0.947222,4.183252,0.392523	0.982911,3.987335,0.431468	0.000000,0.000000,0.000000	0.947222,4.183252,0.392523	0
19:30:11	0.947074,4.183118,0.392814	0.982634,3.987298,0.430739	0.000000,0.000000,0.000000	0.947074,4.183118,0.392814	0
19:30:11	0.947138,4.183163,0.392606	0.982516,3.987243,0.430488	0.000000,0.000000,0.000000	0.947138,4.183163,0.392606	0
19:30:11	0.946930,4.183189,0.392792	0.983753,3.987373,0.429576	0.000000,0.000000,0.000000	0.946930,4.183189,0.392792	0
19:30:11	0.946880,4.183133,0.392847	0.984141,3.987546,0.430518	0.000000,0.000000,0.000000	0.946880,4.183133,0.392847	0
19:30:11	0.946916,4.183136,0.392793	0.982927,3.987304,0.430282	0.000000,0.000000,0.000000	0.946916,4.183136,0.392793	0
19:30:11	0.947225,4.183146,0.392546	0.984324,3.987603,0.431186	0.000000,0.000000,0.000000	0.947225,4.183146,0.392546	0
19:30:11	0.946865,4.183136,0.392841	0.983725,3.987491,0.431197	0.000000,0.000000,0.000000	0.946865,4.183136,0.392841	0
19:30:11	0.947205,4.183085,0.392672	0.984089,3.987536,0.429626	0.000000,0.000000,0.000000	0.947205,4.183085,0.392672	0
19:30:11	0.947151,4.183123,0.392702	0.984205,3.987512,0.429650	0.000000,0.000000,0.000000	0.947151,4.183123,0.392702	0
19:30:11	0.947025,4.183125,0.392674	0.983290,3.987297,0.429803	0.000000,0.000000,0.000000	0.947025,4.183125,0.392674	0
19:30:12	0.947054,4.183152,0.392623	0.983053,3.987315,0.430636	0.000000,0.000000,0.000000	0.947054,4.183152,0.392623	0
19:30:12	0.947022,4.183223,0.392799	0.983230,3.987297,0.429595	0.000000,0.000000,0.000000	0.947022,4.183223,0.392799	0
19:30:12	0.946813,4.182877,0.392792	0.985702,3.987573,0.426042	0.000000,0.000000,0.000000	0.946813,4.182877,0.392792	0
19:30:12	0.946926,4.182960,0.392673	0.984219,3.987248,0.427654	0.000000,0.000000,0.000000	0.946926,4.182960,0.392673	0
19:30:12	0.946958,4.183095,0.392824	0.984321,3.987480,0.429639	0.000000,0.000000,0.000000	0.946958,4.183095,0.392824	0
19:30:12	0.946958,4.183095,0.392824	0.984446,3.987439,0.428232	0.000000,0.000000,0.000000	0.946958,4.183095,0.392824	0
19:30:12	0.946958,4.183095,0.392824	0.985460,3.987690,0.429406	0.000000,0.000000,0.000000	0.946958,4.183095,0.392824	0
19:30:12	0.946958,4.183095,0.392824	0.986367,3.987922,0.430474	0.000000,0.000000,0.000000	0.946958,4.183095,0.392824	0
19:30:12	0.946958,4.183095,0.392824	0.988489,3.988397,0.431192	0.000000,0.000000,0.000000	0.946958,4.183095,0.392824	0
19:30:12	1.062990,4.177103,0.388213	0.989260,3.988556,0.431043	0.000000,0.000000,0.000000	1.062990,4.177103,0.388213	0
19:30:13	1.061953,4.174440,0.388180	1.238436,4.081190,0.403568	0.000000,0.000000,0.000000	1.061953,4.174440,0.388180	0
19:30:13	1.061953,4.174440,0.388180	1.239403,4.082433,0.401767	0.000000,0.000000,0.000000	1.061953,4.174440,0.388180	0
19:30:13	1.061883,4.171811,0.388375	1.240303,4.084207,0.402206	0.000000,0.000000,0.000000	1.061883,4.171811,0.388375	0
19:30:13	1.062648,4.171618,0.387047	1.240682,4.080932,0.399182	0.000000,0.000000,0.000000	1.062648,4.171618,0.387047	0
19:30:13	1.062341,4.172049,0.387573	1.242621,4.084564,0.398261	0.000000,0.000000,0.000000	1.062341,4.172049,0.387573	0
19:30:13	1.061792,4.172468,0.388020	1.225812,4.058253,0.402530	0.000000,0.000000,0.000000	1.061792,4.172468,0.388020	0
19:30:13	1.061792,4.172468,0.388020	1.229735,4.064113,0.402808	0.000000,0.000000,0.000000	1.061792,4.172468,0.388020	0
19:30:13	1.058627,4.171367,0.387758	1.230663,4.069573,0.400655	0.000000,0.000000,0.000000	1.058627,4.171367,0.387758	0
19:30:13	1.051948,4.166352,0.387176	1.228565,4.072633,0.396769	0.000000,0.000000,0.000000	1.051948,4.166352,0.387176	0
19:30:13	1.051948,4.166352,0.387176	1.238689,4.094784,0.382411	0.000000,0.000000,0.000000	1.051948,4.166352,0.387176	0
19:30:14	1.051948,4.166352,0.387176	1.241554,4.103296,0.370046	0.000000,0.000000,0.000000	1.051948,4.166352,0.387176	0
19:30:14	1.051948,4.166352,0.387176	1.250623,4.149234,0.356510	0.000000,0.000000,0.000000	1.051948,4.166352,0.387176	0
19:30:14	1.051948,4.166352,0.387176	1.250724,4.181701,0.355413	0.000000,0.000000,0.000000	1.051948,4.166352,0.387176	0
19:30:14	1.051948,4.166352,0.387176	1.245576,4.215426,0.367194	0.000000,0.000000,0.000000	1.051948,4.166352,0.387176	0
19:30:14	0.848388,3.928678,0.392883	1.237992,4.239644,0.379245	0.000000,0.000000,0.000000	0.848388,3.928678,0.392883	0
19:30:14	0.848388,3.928678,0.392883	1.040630,3.873651,0.400626	0.000000,0.000000,0.000000	0.848388,3.928678,0.392883	0
19:30:14	0.848388,3.928678,0.392883	1.048034,3.940494,0.395637	0.000000,0.000000,0.000000	0.848388,3.928678,0.392883	0
19:30:14	0.848388,3.928678,0.392883	1.039700,3.986980,0.391264	0.000000,0.000000,0.000000	0.848388,3.928678,0.392883	0
19:30:14	0.638247,3.703946,0.392476	0.854634,3.741474,0.381749	0.000000,0.000000,0.000000	0.638247,3.703946,0.392476	0
19:30:14	0.586287,3.640127,0.393495	0.832319,3.751512,0.375318	0.000000,0.000000,0.000000	0.586287,3.640127,0.393495	0
19:30:15	0.549935,3.588515,0.399489	0.778181,3.692952,0.354181	0.000000,0.000000,0.000000	0.549935,3.588515,0.399489	0
19:30:15	0.533062,3.561778,0.404461	0.721930,3.622583,0.354213	0.000000,0.000000,0.000000	0.533062,3.561778,0.404461	0
19:30:15	0.503943,3.511861,0.413150	0.697637,3.561584,0.406722	0.000000,0.000000,0.000000	0.503943,3.511861,0.413150	0
19:30:15	0.503943,3.511861,0.413150	0.694017,3.569521,0.366373	0.000000,0.000000,0.000000	0.503943,3.511861,0.413150	0
19:30:15	0.503943,3.511861,0.413150	0.672625,3.616268,0.362335	0.000000,0.000000,0.000000	0.503943,3.511861,0.413150	0
19:30:15	0.503943,3.511861,0.413150	0.664574,3.622289,0.323632	0.000000,0.000000,0.000000	0.503943,3.511861,0.413150	0
19:30:15	0.503943,3.511861,0.413150	0.647669,3.643607,0.324029	0.000000,0.000000,0.000000	0.503943,3.511861,0.413150	0
19:30:15	0.503943,3.511861,0.413150	0.637422,3.649603,0.299826	0.000000,0.000000,0.000000	0.503943,3.511861,0.413150	0
19:30:15	0.503943,3.511861,0.413150	0.627543,3.659472,0.304816	0.000000,0.000000,0.000000	0.503943,3.511861,0.413150	0
19:30:15	0.503943,3.511861,0.413150	0.612775,3.670296,0.302623	0.000000,0.000000,0.000000	0.503943,3.511861,0.413150	0
19:30:16	0.503943,3.511861,0.413150	0.417178,3.384773,0.500797	0.000000,0.000000,0.000000	0.503943,3.511861,0.413150	0
19:30:16	0.503943,3.511861,0.413150	0.419734,3.384063,0.506453	0.000000,0.000000,0.000000	0.503943,3.511861,0.413150	0
19:30:16	0.503943,3.511861,0.413150	0.420661,3.381857,0.497126	0.000000,0.000000,0.000000	0.503943,3.511861,0.413150	0
19:30:16	0.503943,3.511861,0.413150	0.419516,3.383977,0.505190	0.000000,0.000000,0.000000	0.503943,3.511861,0.413150	0
19:30:16	0.503943,3.511861,0.413150	0.422381,3.381588,0.502066	0.000000,0.000000,0.000000	0.503943,3.511861,0.413150	0
19:30:16	0.503943,3.511861,0.413150	0.427690,3.377482,0.496279	0.000000,0.000000,0.000000	0.503943,3.511861,0.413150	0
19:30:16	0.503943,3.511861,0.413150	0.430144,3.375716,0.493604	0.000000,0.000000,0.000000	0.503943,3.511861,0.413150	0
19:30:16	0.503943,3.511861,0.413150	0.430144,3.375716,0.493604	0.000000,0.000000,0.000000	0.503943,3.511861,0.413150	0
19:30:16	0.503943,3.511861,0.413150	0.437310,3.371887,0.492325	0.000000,0.000000,0.000000	0.503943,3.511861,0.413150	0
19:30:16	0.503943,3.511861,0.413150	0.442379,3.369754,0.493531	0.000000,0.000000,0.000000	0.503943,3.511861,0.413150	0
19:30:17	0.503943,3.511861,0.413150	0.449571,3.366629,0.491926	0.000000,0.000000,0.000000	0.503943,3.511861,0.413150	0
19:30:17	0.503943,3.511861,0.413150	0.454944,3.364859,0.492886	0.000000,0.000000,0.000000	0.503943,3.511861,0.413150	0
19:30:17	0.503943,3.511861,0.413150	0.460506,3.363239,0.493765	0.000000,0.000000,0.000000	0.503943,3.511861,0.413150	0
19:30:17	0.503943,3.511861,0.413150	0.460506,3.363239,0.493765	0.000000,0.000000,0.000000	0.503943,3.511861,0.413150	0
19:30:17	0.503943,3.511861,0.413150	0.466244,3.361787,0.494552	0.000000,0.000000,0.000000	0.503943,3.511861,0.413150	0
19:30:17	0.503943,3.511861,0.413150	0.471842,3.359108,0.483462	0.000000,0.000000,0.000000	0.503943,3.511861,0.413150	0
19:30:17	0.503943,3.511861,0.413150	0.473002,3.358582,0.480922	0.000000,0.000000,0.000000	0.503943,3.511861,0.413150	0
19:30:17	0.503943,3.511861,0.413150	0.478882,3.357562,0.481373	0.000000,0.000000,0.000000	0.503943,3.511861,0.413150	0
19:30:17	0.503943,3.511861,0.413150	0.478882,3.357562,0.481373	0.000000,0.000000,0.000000	0.503943,3.511861,0.413150	0
19:30:17	0.503943,3.511861,0.413150	0.478882,3.357562,0.481373	0.000000,0.000000,0.000000	0.503943,3.511861,0.413150	0
19:30:18	0.503943,3.511861,0.413150	0.484867,3.356748,0.481733	0.000000,0.000000,0.000000	0.503943,3.511861,0.413150	0
19:30:18	0.503943,3.511861,0.413150	0.485549,3.356399,0.479279	0.000000,0.000000,0.000000	0.503943,3.511861,0.413150	0
19:30:18	0.503943,3.511861,0.413150	0.486186,3.356086,0.476990	0.000000,0.000000,0.000000	0.503943,3.511861,0.413150	0
19:30:18	0.503943,3.511861,0.413150	0.481374,3.356468,0.474587	0.000000,0.000000,0.000000	0.503943,3.511861,0.413150	0
19:30:18	0.503943,3.511861,0.413150	0.482101,3.356172,0.472607	0.000000,0.000000,0.000000	0.503943,3.511861,0.413150	0
19:30:18	0.503943,3.511861,0.413150	0.482672,3.355075,0.460724	0.000000,0.000000,0.000000	0.503943,3.511861,0.413150	0
19:30:18	0.503943,3.511861,0.413150	0.483939,3.354701,0.457890	0.000000,0.000000,0.000000	0.503943,3.511861,0.413150	0
19:30:18	0.503943,3.511861,0.413150	0.479899,3.355165,0.456420	0.000000,0.000000,0.000000	0.503943,3.511861,0.413150	0
19:30:18	0.503943,3.511861,0.413150	0.480492,3.354453,0.446188	0.000000,0.000000,0.000000	0.503943,3.511861,0.413150	0
19:30:18	0.503943,3.511861,0.413150	0.486020,3.353644,0.444531	0.000000,0.000000,0.000000	0.503943,3.511861,0.413150	0
19:30:19	0.503943,3.511861,0.413150	0.486490,3.353551,0.443709	0.000000,0.000000,0.000000	0.503943,3.511861,0.413150	0
19:30:19	0.503943,3.511861,0.413150	0.491034,3.353083,0.443000	0.000000,0.000000,0.000000	0.503943,3.511861,0.413150	0
19:30:19	0.503943,3.511861,0.413150	0.491333,3.352707,0.434223	0.000000,0.000000,0.000000	0.503943,3.511861,0.413150	0
19:30:19	0.503943,3.511861,0.413150	0.491642,3.352666,0.433706	0.000000,0.000000,0.000000	0.503943,3.511861,0.413150	0
19:30:19	0.503943,3.511861,0.413150	0.495573,3.352412,0.433739	0.000000,0.000000,0.000000	0.503943,3.511861,0.413150	0
19:30:19	0.503943,3.511861,0.413150	0.495764,3.352191,0.425547	0.000000,0.000000,0.000000	0.503943,3.511861,0.413150	0
19:30:19	0.503943,3.511861,0.413150	0.499723,3.352032,0.425266	0.000000,0.000000,0.000000	0.503943,3.511861,0.413150	0
19:30:19	0.503943,3.511861,0.413150	0.499818,3.351930,0.417617	0.000000,0.000000,0.000000	0.503943,3.511861,0.413150	0
19:30:19	0.503943,3.511861,0.413150	0.499910,3.351918,0.410305	0.000000,0.000000,0.000000	0.503943,3.511861,0.413150	0
19:30:19	0.503943,3.511861,0.413150	0.503526,3.351868,0.410366	0.000000,0.000000,0.000000	0.503943,3.511861,0.413150	0
19:30:20	0.503943,3.511861,0.413150	0.503535,3.351934,0.403528	0.000000,0.000000,0.000000	0.503943,3.511861,0.413150	0
19:30:20	0.503943,3.511861,0.413150	0.503544,3.352066,0.396990	0.000000,0.000000,0.000000	0.503943,3.511861,0.413150	0
19:30:20	0.503943,3.511861,0.413150	0.503552,3.352254,0.390741	0.000000,0.000000,0.000000	0.503943,3.511861,0.413150	0
19:30:20	0.503943,3.511861,0.413150	0.503561,3.352492,0.384770	0.000000,0.000000,0.000000	0.503943,3.511861,0.413150	0
19:30:20	0.503943,3.511861,0.413150	0.500333,3.352532,0.384777	0.000000,0.000000,0.000000	0.503943,3.511861,0.413150	0
19:30:20	0.503943,3.511861,0.413150	0.500411,3.352810,0.379072	0.000000,0.000000,0.000000	0.503943,3.511861,0.413150	0
19:30:20	0.503943,3.511861,0.413150	0.497256,3.352910,0.379094	0.000000,0.000000,0.000000	0.503943,3.511861,0.413150	0
19:30:20	0.503943,3.511861,0.413150	0.497272,3.353274,0.372873	0.000000,0.000000,0.000000	0.503943,3.511861,0.413150	0
19:30:20	0.503943,3.511861,0.413150	0.494132,3.353434,0.372914	0.000000,0.000000,0.000000	0.503943,3.511861,0.413150	0
19:30:20	0.503943,3.511861,0.413150	0.494344,3.353780,0.367627	0.000000,0.000000,0.000000	0.503943,3.511861,0.413150	0
19:30:21	0.503943,3.511861,0.413150	0.494344,3.353780,0.367627	0.000000,0.000000,0.000000	0.503943,3.511861,0.413150	0
19:30:21	0.503943,3.511861,0.413150	0.494523,3.353708,0.368476	0.000000,0.000000,0.000000	0.503943,3.511861,0.413150	0
19:30:21	0.503943,3.511861,0.413150	0.494862,3.353577,0.370084	0.000000,0.000000,0.000000	0.503943,3.511861,0.413150	0
19:30:21	0.503943,3.511861,0.413150	0.495023,3.353516,0.370846	0.000000,0.000000,0.000000	0.503943,3.511861,0.413150	0
19:30:21	0.503943,3.511861,0.413150	0.498086,3.353281,0.372260	0.000000,0.000000,0.000000	0.503943,3.511861,0.413150	0
19:30:21	0.503943,3.511861,0.413150	0.498185,3.353233,0.372949	0.000000,0.000000,0.000000	0.503943,3.511861,0.413150	0
19:30:21	0.503943,3.511861,0.413150	0.500995,3.352779,0.379441	0.000000,0.000000,0.000000	0.503943,3.511861,0.413150	0
19:30:21	0.503943,3.511861,0.413150	0.503636,3.352723,0.379979	0.000000,0.000000,0.000000	0.503943,3.511861,0.413150	0
19:30:21	0.503943,3.511861,0.413150	0.503645,3.352438,0.386001	0.000000,0.000000,0.000000	0.503943,3.511861,0.413150	0
19:30:21	0.503943,3.511861,0.413150	0.503650,3.352421,0.386420	0.000000,0.000000,0.000000	0.503943,3.511861,0.413150	0
19:30:22	0.503943,3.511861,0.413150	0.506094,3.352418,0.386829	0.000000,0.000000,0.000000	0.503943,3.511861,0.413150	0
19:30:22	0.503943,3.511861,0.413150	0.506064,3.352225,0.392005	0.000000,0.000000,0.000000	0.503943,3.511861,0.413150	0
19:30:22	0.503943,3.511861,0.413150	0.506033,3.352214,0.392318	0.000000,0.000000,0.000000	0.503943,3.511861,0.413150	0
19:30:22	0.503943,3.511861,0.413150	0.506034,3.352078,0.397045	0.000000,0.000000,0.000000	0.503943,3.511861,0.413150	0
19:30:22	0.503943,3.511861,0.413150	0.508405,3.352126,0.397049	0.000000,0.000000,0.000000	0.503943,3.511861,0.413150	0
19:30:22	0.503943,3.511861,0.413150	0.506034,3.352078,0.397045	0.000000,0.000000,0.000000	0.503943,3.511861,0.413150	0
19:30:22	0.503943,3.511861,0.413150	0.506036,3.351976,0.401782	0.000000,0.000000,0.000000	0.503943,3.511861,0.413150	0
19:30:22	0.503943,3.511861,0.413150	0.508408,3.352024,0.401785	0.000000,0.000000,0.000000	0.503943,3.511861,0.413150	0
19:30:22	0.503943,3.511861,0.413150	0.508410,3.351958,0.406529	0.000000,0.000000,0.000000	0.503943,3.511861,0.413150	0
19:30:22	0.503943,3.511861,0.413150	0.508411,3.351926,0.411276	0.000000,0.000000,0.000000	0.503943,3.511861,0.413150	0
19:30:23	0.503943,3.511861,0.413150	0.508346,3.351924,0.411304	0.000000,0.000000,0.000000	0.503943,3.511861,0.413150	0
19:30:23	0.503943,3.511861,0.413150	0.508345,3.351928,0.415983	0.000000,0.000000,0.000000	0.503943,3.511861,0.413150	0
19:30:23	0.503943,3.511861,0.413150	0.510680,3.352047,0.420657	0.000000,0.000000,0.000000	0.503943,3.511861,0.413150	0
19:30:23	0.503943,3.511861,0.413150	0.510583,3.352042,0.420549	0.000000,0.000000,0.000000	0.503943,3.511861,0.413150	0
19:30:23	0.503943,3.511861,0.413150	0.510580,3.352112,0.425152	0.000000,0.000000,0.000000	0.503943,3.511861,0.413150	0
19:30:23	0.503943,3.511861,0.413150	0.510576,3.352214,0.429748	0.000000,0.000000,0.000000	0.503943,3.511861,0.413150	0
19:30:23	0.503943,3.511861,0.413150	0.510570,3.352350,0.434334	0.000000,0.000000,0.000000	0.503943,3.511861,0.413150	0
19:30:23	0.503943,3.511861,0.413150	0.510570,3.352350,0.434334	0.000000,0.000000,0.000000	0.503943,3.511861,0.413150	0
19:30:23	0.503943,3.511861,0.413150	0.512729,3.352607,0.438526	0.000000,0.000000,0.000000	0.503943,3.511861,0.413150	0
19:30:23	0.503943,3.511861,0.413150	0.512719,3.352801,0.443017	0.000000,0.000000,0.000000	0.503943,3.511861,0.413150	0
19:30:24	0.503943,3.511861,0.413150	0.512719,3.352801,0.443017	0.000000,0.000000,0.000000	0.503943,3.511861,0.413150	0
19:30:24	0.503943,3.511861,0.413150	0.512706,3.353027,0.447490	0.000000,0.000000,0.000000	0.503943,3.511861,0.413150	0
19:30:24	0.503943,3.511861,0.413150	0.514785,3.353377,0.451376	0.000000,0.000000,0.000000	0.503943,3.511861,0.413150	0
19:30:24	0.503943,3.511861,0.413150	0.514785,3.353377,0.451376	0.000000,0.000000,0.000000	0.503943,3.511861,0.413150	0
19:30:24	0.503943,3.511861,0.413150	0.514766,3.353655,0.455743	0.000000,0.000000,0.000000	0.503943,3.511861,0.413150	0
19:30:24	0.503943,3.511861,0.413150	0.514745,3.353961,0.460087	0.000000,0.000000,0.000000	0.503943,3.511861,0.413150	0
19:30:24	0.503943,3.511861,0.413150	0.516945,3.354123,0.460038	0.000000,0.000000,0.000000	0.503943,3.511861,0.413150	0
19:30:24	0.503943,3.511861,0.413150	0.516744,3.354387,0.463666	0.000000,0.000000,0.000000	0.503943,3.511861,0.413150	0
19:30:24	0.503943,3.511861,0.413150	0.518902,3.354572,0.463606	0.000000,0.000000,0.000000	0.503943,3.511861,0.413150	0
19:30:24	0.503943,3.511861,0.413150	0.518869,3.354923,0.467832	0.000000,0.000000,0.000000	0.503943,3.511861,0.413150	0
19:30:25	0.503943,3.511861,0.413150	0.518673,3.354842,0.467114	0.000000,0.000000,0.000000	0.503943,3.511861,0.413150	0
19:30:25	0.503943,3.511861,0.413150	0.518673,3.354842,0.467114	0.000000,0.000000,0.000000	0.503943,3.511861,0.413150	0
19:30:25	0.503943,3.511861,0.413150	0.520574,3.354966,0.466346	0.000000,0.000000,0.000000	0.503943,3.511861,0.413150	0
19:30:25	0.503943,3.511861,0.413150	0.520536,3.355323,0.470436	0.000000,0.000000,0.000000	0.503943,3.511861,0.413150	0
19:30:25	0.503943,3.511861,0.413150	0.520325,3.355234,0.469708	0.000000,0.000000,0.000000	0.503943,3.511861,0.413150	0
19:30:25	0.503943,3.511861,0.413150	0.522377,3.355455,0.469628	0.000000,0.000000,0.000000	0.503943,3.511861,0.413150	0
19:30:25	0.503943,3.511861,0.413150	0.522377,3.355455,0.469628	0.000000,0.000000,0.000000	0.503943,3.511861,0.413150	0
19:30:25	0.503943,3.511861,0.413150	0.522377,3.355455,0.469628	0.000000,0.000000,0.000000	0.503943,3.511861,0.413150	0
19:30:25	0.503943,3.511861,0.413150	0.524421,3.355702,0.469539	0.000000,0.000000,0.000000	0.503943,3.511861,0.413150	0
19:30:25	0.503943,3.511861,0.413150	0.524421,3.355702,0.469539	0.000000,0.000000,0.000000	0.503943,3.511861,0.413150	0
19:30:26	0.503943,3.511861,0.413150	0.524421,3.355702,0.469539	0.000000,0.000000,0.000000	0.503943,3.511861,0.413150	0
19:30:26	0.503943,3.511861,0.413150	0.526174,3.355870,0.468740	0.000000,0.000000,0.000000	0.503943,3.511861,0.413150	0
19:30:26	0.503943,3.511861,0.413150	0.526174,3.355870,0.468740	0.000000,0.000000,0.000000	0.503943,3.511861,0.413150	0
19:30:26	0.503943,3.511861,0.413150	0.526174,3.355870,0.468740	0.000000,0.000000,0.000000	0.503943,3.511861,0.413150	0
19:30:26	0.503943,3.511861,0.413150	0.528172,3.356159,0.468637	0.000000,0.000000,0.000000	0.503943,3.511861,0.413150	0
19:30:26	0.503943,3.511861,0.413150	0.528116,3.356514,0.472580	0.000000,0.000000,0.000000	0.503943,3.511861,0.413150	0
19:30:26	0.503943,3.511861,0.413150	0.528116,3.356514,0.472580	0.000000,0.000000,0.000000	0.503943,3.511861,0.413150	0
19:30:26	0.503943,3.511861,0.413150	0.529781,3.356703,0.471740	0.000000,0.000000,0.000000	0.503943,3.511861,0.413150	0
19:30:26	0.503943,3.511861,0.413150	0.529781,3.356703,0.471740	0.000000,0.000000,0.000000	0.503943,3.511861,0.413150	0
19:30:26	0.503943,3.511861,0.413150	0.529781,3.356703,0.471740	0.000000,0.000000,0.000000	0.503943,3.511861,0.413150	0
19:30:27	0.503943,3.511861,0.413150	0.531728,3.357028,0.471618	0.000000,0.000000,0.000000	0.503943,3.511861,0.413150	0
19:30:27	0.503943,3.511861,0.413150	0.531663,3.357393,0.475474	0.000000,0.000000,0.000000	0.503943,3.511861,0.413150	0
19:30:27	0.503943,3.511861,0.413150	0.531663,3.357393,0.475474	0.000000,0.000000,0.000000	0.503943,3.511861,0.413150	0
19:30:27	0.503943,3.511861,0.413150	0.533242,3.357596,0.474597	0.000000,0.000000,0.000000	0.503943,3.511861,0.413150	0
19:30:27	0.503943,3.511861,0.413150	0.533242,3.357596,0.474597	0.000000,0.000000,0.000000	0.503943,3.511861,0.413150	0
19:30:27	0.503943,3.511861,0.413150	0.533242,3.357596,0.474597	0.000000,0.000000,0.000000	0.503943,3.511861,0.413150	0
19:30:27	0.503943,3.511861,0.413150	0.535138,3.357954,0.474454	0.000000,0.000000,0.000000	0.503943,3.511861,0.413150	0
19:30:27	0.503943,3.511861,0.413150	0.535138,3.357954,0.474454	0.000000,0.000000,0.000000	0.503943,3.511861,0.413150	0
19:30:27	0.503943,3.511861,0.413150	0.535138,3.357954,0.474454	0.000000,0.000000,0.000000	0.503943,3.511861,0.413150	0
19:30:27	0.503943,3.511861,0.413150	0.536636,3.358180,0.473593	0.000000,0.000000,0.000000	0.503943,3.511861,0.413150	0
19:30:28	0.503943,3.511861,0.413150	0.536636,3.358180,0.473593	0.000000,0.000000,0.000000	0.503943,3.511861,0.413150	0
19:30:28	0.503943,3.511861,0.413150	0.536636,3.358180,0.473593	0.000000,0.000000,0.000000	0.503943,3.511861,0.413150	0
19:30:28	0.503943,3.511861,0.413150	0.538404,3.358929,0.477153	0.000000,0.000000,0.000000	0.503943,3.511861,0.413150	0
19:30:28	0.503943,3.511861,0.413150	0.538012,3.358765,0.476424	0.000000,0.000000,0.000000	0.503943,3.511861,0.413150	0
19:30:28	0.503943,3.511861,0.413150	0.538012,3.358765,0.476424	0.000000,0.000000,0.000000	0.503943,3.511861,0.413150	0
19:30:28	0.503943,3.511861,0.413150	0.539823,3.359162,0.476260	0.000000,0.000000,0.000000	0.503943,3.511861,0.413150	0
19:30:28	0.503943,3.511861,0.413150	0.539421,3.358996,0.475552	0.000000,0.000000,0.000000	0.503943,3.511861,0.413150	0
19:30:28	0.503943,3.511861,0.413150	0.541200,3.359403,0.475386	0.000000,0.000000,0.000000	0.503943,3.511861,0.413150	0
19:30:28	0.503943,3.511861,0.413150	0.540789,3.359233,0.474699	0.000000,0.000000,0.000000	0.503943,3.511861,0.413150	0
19:30:28	0.503943,3.511861,0.413150	0.540789,3.359233,0.474699	0.000000,0.000000,0.000000	0.503943,3.511861,0.413150	0
19:30:29	1.302778,0.747495,0.967156	0.540386,3.359069,0.474026	0.000000,0.000000,0.000000	1.302778,0.747495,0.967156	0
19:30:29	1.302778,0.747495,0.967156	1.501782,0.759307,0.935052	0.000000,0.000000,0.000000	1.302778,0.747495,0.967156	0
19:30:29	1.302778,0.747495,0.967156	1.500895,0.762809,0.921768	0.000000,0.000000,0.000000	1.302778,0.747495,0.967156	0
19:30:29	1.302778,0.747495,0.967156	1.499732,0.763690,0.905613	0.000000,0.000000,0.000000	1.302778,0.747495,0.967156	0
19:30:29	1.302778,0.747495,0.967156	1.500075,0.769552,0.918688	0.000000,0.000000,0.000000	1.302778,0.747495,0.967156	0
19:30:29	1.302778,0.747495,0.967156	1.492547,0.780989,0.860088	0.000000,0.000000,0.000000	1.302778,0.747495,0.967156	0
19:30:29	1.302778,0.747495,0.967156	1.481588,0.796181,0.816735	0.000000,0.000000,0.000000	1.302778,0.747495,0.967156	0
19:30:29	1.302778,0.747495,0.967156	1.490326,0.783292,0.848090	0.000000,0.000000,0.000000	1.302778,0.747495,0.967156	0
19:30:29	1.302778,0.747495,0.967156	1.483373,0.811226,0.851852	0.000000,0.000000,0.000000	1.302778,0.747495,0.967156	0
19:30:29	1.302778,0.747495,0.967156	1.475404,0.810205,0.808818	0.000000,0.000000,0.000000	1.302778,0.747495,0.967156	0
19:30:30	1.302778,0.747495,0.967156	1.461294,0.835231,0.797744	0.000000,0.000000,0.000000	1.302778,0.747495,0.967156	0
19:30:30	1.302778,0.747495,0.967156	1.461148,0.835416,0.797582	0.000000,0.000000,0.000000	1.302778,0.747495,0.967156	0
19:30:30	1.302778,0.747495,0.967156	1.455889,0.844589,0.798281	0.000000,0.000000,0.000000	1.302778,0.747495,0.967156	0
19:30:30	1.302778,0.747495,0.967156	1.442270,0.841782,0.751266	0.000000,0.000000,0.000000	1.302778,0.747495,0.967156	0
19:30:30	1.302778,0.747495,0.967156	1.449205,0.837855,0.763252	0.000000,0.000000,0.000000	1.302778,0.747495,0.967156	0
19:30:30	1.302778,0.747495,0.967156	1.189560,0.674590,1.139974	0.000000,0.000000,0.000000	1.302778,0.747495,0.967156	0
19:30:30	1.302778,0.747495,0.967156	1.191200,0.672825,1.141222	0.000000,0.000000,0.000000	1.302778,0.747495,0.967156	0
19:30:30	1.302778,0.747495,0.967156	1.192606,0.671349,1.142243	0.000000,0.000000,0.000000	1.302778,0.747495,0.967156	0
19:30:30	1.302778,0.747495,0.967156	1.191299,0.668305,1.133305	0.000000,0.000000,0.000000	1.302778,0.747495,0.967156	0
19:30:30	1.302778,0.747495,0.967156	1.192545,0.667321,1.134736	0.000000,0.000000,0.000000	1.302778,0.747495,0.967156	0
19:30:31	1.302778,0.747495,0.967156	1.196995,0.664366,1.140355	0.000000,0.000000,0.000000	1.302778,0.747495,0.967156	0
19:30:31	1.302778,0.747495,0.967156	1.195740,0.662112,1.132718	0.000000,0.000000,0.000000	1.302778,0.747495,0.967156	0
19:30:31	1.302778,0.747495,0.967156	1.199805,0.659660,1.137820	0.000000,0.000000,0.000000	1.302778,0.747495,0.967156	0
19:30:31	1.302778,0.747495,0.967156	1.205294,0.653769,1.138179	0.000000,0.000000,0.000000	1.302778,0.747495,0.967156	0
19:30:31	1.302778,0.747495,0.967156	1.207327,0.650136,1.134612	0.000000,0.000000,0.000000	1.302778,0.747495,0.967156	0
19:30:31	1.302778,0.747495,0.967156	1.209080,0.651924,1.142506	0.000000,0.000000,0.000000	1.302778,0.747495,0.967156	0
19:30:31	1.302778,0.747495,0.967156	1.214704,0.646598,1.142231	0.000000,0.000000,0.000000	1.302778,0.747495,0.967156	0
19:30:31	1.302778,0.747495,0.967156	1.214704,0.646598,1.142231	0.000000,0.000000,0.000000	1.302778,0.747495,0.967156	0
19:30:31	1.302778,0.747495,0.967156	1.214704,0.646598,1.142231	0.000000,0.000000,0.000000	1.302778,0.747495,0.967156	0
19:30:31	1.302778,0.747495,0.967156	1.218629,0.644704,1.145517	0.000000,0.000000,0.000000	1.302778,0.747495,0.967156	0
19:30:32	1.302778,0.747495,0.967156	1.218629,0.644704,1.145517	0.000000,0.000000,0.000000	1.302778,0.747495,0.967156	0
19:30:32	1.302778,0.747495,0.967156	1.218629,0.644704,1.145517	0.000000,0.000000,0.000000	1.302778,0.747495,0.967156	0
19:30:32	1.302778,0.747495,0.967156	1.216999,0.642713,1.137599	0.000000,0.000000,0.000000	1.302778,0.747495,0.967156	0
19:30:32	1.302778,0.747495,0.967156	1.221168,0.640727,1.140828	0.000000,0.000000,0.000000	1.302778,0.747495,0.967156	0
19:30:32	1.302778,0.747495,0.967156	1.221168,0.640727,1.140828	0.000000,0.000000,0.000000	1.302778,0.747495,0.967156	0
19:30:32	1.302778,0.747495,0.967156	1.219572,0.638639,1.132409	0.000000,0.000000,0.000000	1.302778,0.747495,0.967156	0
19:30:32	1.302778,0.747495,0.967156	1.219572,0.638639,1.132409	0.000000,0.000000,0.000000	1.302778,0.747495,0.967156	0
19:30:32	1.302778,0.747495,0.967156	1.219572,0.638639,1.132409	0.000000,0.000000,0.000000	1.302778,0.747495,0.967156	0
19:30:32	1.302778,0.747495,0.967156	1.224607,0.631435,1.122326	0.000000,0.000000,0.000000	1.302778,0.747495,0.967156	0
19:30:32	1.302778,0.747495,0.967156	1.222459,0.634384,1.126590	0.000000,0.000000,0.000000	1.302778,0.747495,0.967156	0
19:30:33	1.302778,0.747495,0.967156	1.220941,0.632246,1.117094	0.000000,0.000000,0.000000	1.302778,0.747495,0.967156	0
19:30:33	1.302778,0.747495,0.967156	1.220941,0.632246,1.117094	0.000000,0.000000,0.000000	1.302778,0.747495,0.967156	0
19:30:33	1.302778,0.747495,0.967156	1.224252,0.627757,1.109936	0.000000,0.000000,0.000000	1.302778,0.747495,0.967156	0
19:30:33	1.302778,0.747495,0.967156	1.222857,0.625631,1.099244	0.000000,0.000000,0.000000	1.302778,0.747495,0.967156	0
19:30:33	1.302778,0.747495,0.967156	1.221529,0.623606,1.087990	0.000000,0.000000,0.000000	1.302778,0.747495,0.967156	0
19:30:33	1.302778,0.747495,0.967156	1.220284,0.621707,1.076189	0.000000,0.000000,0.000000	1.302778,0.747495,0.967156	0
19:30:33	1.302778,0.747495,0.967156	1.220284,0.621707,1.076189	0.000000,0.000000,0.000000	1.302778,0.747495,0.967156	0
19:30:33	1.302778,0.747495,0.967156	1.224339,0.617098,1.066029	0.000000,0.000000,0.000000	1.302778,0.747495,0.967156	0
19:30:33	1.302778,0.747495,0.967156	1.224339,0.617098,1.066029	0.000000,0.000000,0.000000	1.302778,0.747495,0.967156	0
19:30:33	1.302778,0.747495,0.967156	1.223324,0.615411,1.052970	0.000000,0.000000,0.000000	1.302778,0.747495,0.967156	0
19:30:34	1.302778,0.747495,0.967156	1.223324,0.615411,1.052970	0.000000,0.000000,0.000000	1.302778,0.747495,0.967156	0
19:30:34	1.302778,0.747495,0.967156	1.222434,0.613932,1.039433	0.000000,0.000000,0.000000	1.302778,0.747495,0.967156	0
19:30:34	1.302778,0.747495,0.967156	1.230904,0.609034,1.038227	0.000000,0.000000,0.000000	1.302778,0.747495,0.967156	0
19:30:34	1.302778,0.747495,0.967156	1.230255,0.607785,1.024483	0.000000,0.000000,0.000000	1.302778,0.747495,0.967156	0
19:30:34	1.302778,0.747495,0.967156	1.229739,0.606790,1.010404	0.000000,0.000000,0.000000	1.302778,0.747495,0.967156	0
19:30:34	1.302778,0.747495,0.967156	1.229739,0.606790,1.010404	0.000000,0.000000,0.000000	1.302778,0.747495,0.967156	0
19:30:34	1.302778,0.747495,0.967156	1.235292,0.603175,0.996656	0.000000,0.000000,0.000000	1.302778,0.747495,0.967156	0
19:30:34	1.302778,0.747495,0.967156	1.235075,0.602711,0.981844	0.000000,0.000000,0.000000	1.302778,0.747495,0.967156	0
19:30:34	1.302778,0.747495,0.967156	1.235075,0.602711,0.981844	0.000000,0.000000,0.000000	1.302778,0.747495,0.967156	0
19:30:34	1.302778,0.747495,0.967156	1.241378,0.599946,0.951741	0.000000,0.000000,0.000000	1.302778,0.747495,0.967156	0
19:30:35	1.152739,0.095595,0.918701	1.339905,0.164637,0.947121	0.000000,0.000000,0.000000	1.152739,0.095595,0.918701	0
19:30:35	1.152739,0.095595,0.918701	1.328520,0.156878,1.064923	0.000000,0.000000,0.000000	1.152739,0.095595,0.918701	0
19:30:35	1.152739,0.095595,0.918701	1.309526,0.143550,1.147769	0.000000,0.000000,0.000000	1.152739,0.095595,0.918701	0
19:30:35	1.152739,0.095595,0.918701	1.275470,0.127727,1.227923	0.000000,0.000000,0.000000	1.152739,0.095595,0.918701	0
19:30:35	1.152739,0.095595,0.918701	1.245275,0.123957,1.268745	0.000000,0.000000,0.000000	1.152739,0.095595,0.918701	0
19:30:35	1.152739,0.095595,0.918701	1.230498,0.131033,1.280351	0.000000,0.000000,0.000000	1.152739,0.095595,0.918701	0
19:30:35	1.152739,0.095595,0.918701	1.227808,0.128421,1.283596	0.000000,0.000000,0.000000	1.152739,0.095595,0.918701	0
19:30:35	1.152739,0.095595,0.918701	1.217172,0.136227,1.288552	0.000000,0.000000,0.000000	1.152739,0.095595,0.918701	0
19:30:35	1.152739,0.095595,0.918701	1.206379,0.118130,1.301402	0.000000,0.000000,0.000000	1.152739,0.095595,0.918701	0
19:30:35	1.152739,0.095595,0.918701	1.112555,0.079215,0.610695	0.000000,0.000000,0.000000	1.152739,0.095595,0.918701	0
19:30:36	1.152739,0.095595,0.918701	1.116403,0.080783,0.608473	0.000000,0.000000,0.000000	1.152739,0.095595,0.918701	0
19:30:36	1.152739,0.095595,0.918701	1.120997,0.082656,0.606131	0.000000,0.000000,0.000000	1.152739,0.095595,0.918701	0
19:30:36	1.152739,0.095595,0.918701	1.123477,0.083667,0.605004	0.000000,0.000000,0.000000	1.152739,0.095595,0.918701	0
19:30:36	1.152739,0.095595,0.918701	1.131365,0.090417,0.601738	0.000000,0.000000,0.000000	1.152739,0.095595,0.918701	0
19:30:36	0.979415,0.105147,-0.013262	0.865714,0.219900,0.222566	0.000000,0.000000,0.000000	0.979415,0.105147,-0.013262	0
19:30:36	0.979415,0.105147,-0.013262	0.867021,0.184155,0.277429	0.000000,0.000000,0.000000	0.979415,0.105147,-0.013262	0
19:30:36	0.979415,0.105147,-0.013262	0.832819,0.190156,0.199183	0.000000,0.000000,0.000000	0.979415,0.105147,-0.013262	0
19:30:36	0.979415,0.105147,-0.013262	0.822447,0.203424,0.137771	0.000000,0.000000,0.000000	0.979415,0.105147,-0.013262	0
19:30:36	0.979415,0.105147,-0.013262	0.828114,0.226691,0.083385	0.000000,0.000000,0.000000	0.979415,0.105147,-0.013262	0
19:30:36	0.979415,0.105147,-0.013262	0.846304,0.252779,0.030842	0.000000,0.000000,0.000000	0.979415,0.105147,-0.013262	0
19:30:37	0.979415,0.105147,-0.013262	0.865471,0.269492,-0.007819	0.000000,0.000000,0.000000	0.979415,0.105147,-0.013262	0
19:30:37	0.979415,0.105147,-0.013262	0.882317,0.279744,-0.032024	0.000000,0.000000,0.000000	0.979415,0.105147,-0.013262	0
19:30:37	0.979415,0.105147,-0.013262	0.895404,0.286170,-0.039560	0.000000,0.000000,0.000000	0.979415,0.105147,-0.013262	0
19:30:37	0.979415,0.105147,-0.013262	0.904667,0.290197,-0.039279	0.000000,0.000000,0.000000	0.979415,0.105147,-0.013262	0
19:30:37	0.979415,0.105147,-0.013262	0.911047,0.292661,-0.038891	0.000000,0.000000,0.000000	0.979415,0.105147,-0.013262	0
19:30:37	0.979415,0.105147,-0.013262	0.915812,0.294312,-0.039460	0.000000,0.000000,0.000000	0.979415,0.105147,-0.013262	0
19:30:37	0.979415,0.105147,-0.013262	1.053221,0.198623,0.200419	0.000000,0.000000,0.000000	0.979415,0.105147,-0.013262	0
19:30:37	0.979415,0.105147,-0.013262	1.053221,0.198623,0.200419	0.000000,0.000000,0.000000	0.979415,0.105147,-0.013262	0
19:30:37	0.979415,0.105147,-0.013262	1.053221,0.198623,0.200419	0.000000,0.000000,0.000000	0.979415,0.105147,-0.013262	0
19:30:37	0.979415,0.105147,-0.013262	1.053221,0.198623,0.200419	0.000000,0.000000,0.000000	0.979415,0.105147,-0.013262	0
19:30:38	0.979415,0.105147,-0.013262	1.053221,0.198623,0.200419	0.000000,0.000000,0.000000	0.979415,0.105147,-0.013262	0
19:30:38	0.979415,0.105147,-0.013262	1.053221,0.198623,0.200419	0.000000,0.000000,0.000000	0.979415,0.105147,-0.013262	0
19:30:38	0.979415,0.105147,-0.013262	1.053221,0.198623,0.200419	0.000000,0.000000,0.000000	0.979415,0.105147,-0.013262	0
19:30:38	0.979415,0.105147,-0.013262	1.053221,0.198623,0.200419	0.000000,0.000000,0.000000	0.979415,0.105147,-0.013262	0
19:30:38	0.979415,0.105147,-0.013262	1.053221,0.198623,0.200419	0.000000,0.000000,0.000000	0.979415,0.105147,-0.013262	0
19:30:38	0.979415,0.105147,-0.013262	1.053221,0.198623,0.200419	0.000000,0.000000,0.000000	0.979415,0.105147,-0.013262	0
19:30:38	0.979415,0.105147,-0.013262	1.053221,0.198623,0.200419	0.000000,0.000000,0.000000	0.979415,0.105147,-0.013262	0
19:30:38	0.979415,0.105147,-0.013262	1.053221,0.198623,0.200419	0.000000,0.000000,0.000000	0.979415,0.105147,-0.013262	0
19:30:38	0.979415,0.105147,-0.013262	1.053221,0.198623,0.200419	0.000000,0.000000,0.000000	0.979415,0.105147,-0.013262	0
19:30:38	0.979415,0.105147,-0.013262	1.053221,0.198623,0.200419	0.000000,0.000000,0.000000	0.979415,0.105147,-0.013262	0
19:30:39	0.979415,0.105147,-0.013262	1.053221,0.198623,0.200419	0.000000,0.000000,0.000000	0.979415,0.105147,-0.013262	0
19:30:39	0.979415,0.105147,-0.013262	1.053221,0.198623,0.200419	0.000000,0.000000,0.000000	0.979415,0.105147,-0.013262	0
19:30:39	0.979415,0.105147,-0.013262	1.053221,0.198623,0.200419	0.000000,0.000000,0.000000	0.979415,0.105147,-0.013262	0
19:30:39	0.979415,0.105147,-0.013262	1.053221,0.198623,0.200419	0.000000,0.000000,0.000000	0.979415,0.105147,-0.013262	0
19:30:39	0.979415,0.105147,-0.013262	1.053221,0.198623,0.200419	0.000000,0.000000,0.000000	0.979415,0.105147,-0.013262	0
19:30:39	0.979415,0.105147,-0.013262	1.053221,0.198623,0.200419	0.000000,0.000000,0.000000	0.979415,0.105147,-0.013262	0
19:30:39	0.979415,0.105147,-0.013262	1.053221,0.198623,0.200419	0.000000,0.000000,0.000000	0.979415,0.105147,-0.013262	0
19:30:39	0.979415,0.105147,-0.013262	1.053221,0.198623,0.200419	0.000000,0.000000,0.000000	0.979415,0.105147,-0.013262	0
19:30:39	0.979415,0.105147,-0.013262	1.053221,0.198623,0.200419	0.000000,0.000000,0.000000	0.979415,0.105147,-0.013262	0
19:30:39	0.979415,0.105147,-0.013262	1.053221,0.198623,0.200419	0.000000,0.000000,0.000000	0.979415,0.105147,-0.013262	0
19:30:40	0.979415,0.105147,-0.013262	1.053221,0.198623,0.200419	0.000000,0.000000,0.000000	0.979415,0.105147,-0.013262	0
19:30:40	0.979415,0.105147,-0.013262	1.053221,0.198623,0.200419	0.000000,0.000000,0.000000	0.979415,0.105147,-0.013262	0
19:30:40	0.979415,0.105147,-0.013262	1.053221,0.198623,0.200419	0.000000,0.000000,0.000000	0.979415,0.105147,-0.013262	0
19:30:40	0.979415,0.105147,-0.013262	1.053221,0.198623,0.200419	0.000000,0.000000,0.000000	0.979415,0.105147,-0.013262	0
19:30:40	0.979415,0.105147,-0.013262	1.053221,0.198623,0.200419	0.000000,0.000000,0.000000	0.979415,0.105147,-0.013262	0
19:30:40	0.979415,0.105147,-0.013262	1.053221,0.198623,0.200419	0.000000,0.000000,0.000000	0.979415,0.105147,-0.013262	0
19:30:40	0.979415,0.105147,-0.013262	1.053221,0.198623,0.200419	0.000000,0.000000,0.000000	0.979415,0.105147,-0.013262	0
19:30:40	0.979415,0.105147,-0.013262	1.053221,0.198623,0.200419	0.000000,0.000000,0.000000	0.979415,0.105147,-0.013262	0
19:30:40	0.979415,0.105147,-0.013262	1.053221,0.198623,0.200419	0.000000,0.000000,0.000000	0.979415,0.105147,-0.013262	0
19:30:40	0.979415,0.105147,-0.013262	1.053221,0.198623,0.200419	0.000000,0.000000,0.000000	0.979415,0.105147,-0.013262	0
19:30:41	0.979415,0.105147,-0.013262	1.053221,0.198623,0.200419	0.000000,0.000000,0.000000	0.979415,0.105147,-0.013262	0
19:30:41	0.979415,0.105147,-0.013262	1.053221,0.198623,0.200419	0.000000,0.000000,0.000000	0.979415,0.105147,-0.013262	0
19:30:41	0.979415,0.105147,-0.013262	1.053221,0.198623,0.200419	0.000000,0.000000,0.000000	0.979415,0.105147,-0.013262	0
19:30:41	0.979415,0.105147,-0.013262	1.053221,0.198623,0.200419	0.000000,0.000000,0.000000	0.979415,0.105147,-0.013262	0
19:30:41	2.258035,-0.012277,1.027390	2.441102,0.064453,0.978445	0.000000,0.000000,0.000000	2.258035,-0.012277,1.027390	0
19:30:41	2.258035,-0.012277,1.027390	2.431199,0.001614,0.829185	0.000000,0.000000,0.000000	2.258035,-0.012277,1.027390	0
19:30:41	2.258035,-0.012277,1.027390	2.380341,-0.049154,0.719616	0.000000,0.000000,0.000000	2.258035,-0.012277,1.027390	0
19:30:41	2.258035,-0.012277,1.027390	2.335061,-0.070514,0.677102	0.000000,0.000000,0.000000	2.258035,-0.012277,1.027390	0
19:30:41	2.258035,-0.012277,1.027390	2.315074,-0.075572,0.665504	0.000000,0.000000,0.000000	2.258035,-0.012277,1.027390	0
19:30:41	2.276688,0.135118,1.215373	2.309933,-0.073454,0.660980	0.000000,0.000000,0.000000	2.276688,0.135118,1.215373	0
19:30:42	2.250084,0.166600,1.261766	2.452982,0.211487,1.139193	0.000000,0.000000,0.000000	2.250084,0.166600,1.261766	0
19:30:42	2.233226,0.178845,1.285756	2.415308,0.259107,1.245530	0.000000,0.000000,0.000000	2.233226,0.178845,1.285756	0
19:30:42	2.233226,0.178845,1.285756	2.411972,0.219726,1.126020	0.000000,0.000000,0.000000	2.233226,0.178845,1.285756	0
19:30:42	2.233226,0.178845,1.285756	2.406217,0.193597,1.087194	0.000000,0.000000,0.000000	2.233226,0.178845,1.285756	0
19:30:42	2.233226,0.178845,1.285756	2.414488,0.168920,1.117879	0.000000,0.000000,0.000000	2.233226,0.178845,1.285756	0
19:30:42	2.233226,0.178845,1.285756	2.409415,0.156528,1.101806	0.000000,0.000000,0.000000	2.233226,0.178845,1.285756	0
19:30:42	2.233226,0.178845,1.285756	2.412608,0.145029,1.122311	0.000000,0.000000,0.000000	2.233226,0.178845,1.285756	0
19:30:42	2.233226,0.178845,1.285756	2.408272,0.131104,1.117472	0.000000,0.000000,0.000000	2.233226,0.178845,1.285756	0
19:30:42	2.233226,0.178845,1.285756	2.403644,0.120792,1.111543	0.000000,0.000000,0.000000	2.233226,0.178845,1.285756	0
19:30:42	2.233226,0.178845,1.285756	2.403965,0.109996,1.129447	0.000000,0.000000,0.000000	2.233226,0.178845,1.285756	0
19:30:43	2.233226,0.178845,1.285756	2.404042,0.107056,1.135179	0.000000,0.000000,0.000000	2.233226,0.178845,1.285756	0
19:30:43	2.233226,0.178845,1.285756	2.404233,0.108641,1.133073	0.000000,0.000000,0.000000	2.233226,0.178845,1.285756	0
19:30:43	2.233226,0.178845,1.285756	2.404663,0.093954,1.169089	0.000000,0.000000,0.000000	2.233226,0.178845,1.285756	0
19:30:43	2.233226,0.178845,1.285756	2.405565,0.096780,1.166346	0.000000,0.000000,0.000000	2.233226,0.178845,1.285756	0
19:30:43	2.233226,0.178845,1.285756	2.097523,0.247930,1.383978	0.000000,0.000000,0.000000	2.233226,0.178845,1.285756	0
19:30:43	2.233226,0.178845,1.285756	2.098313,0.251668,1.377302	0.000000,0.000000,0.000000	2.233226,0.178845,1.285756	0
19:30:43	1.756233,0.488084,1.462605	1.952616,0.492763,1.313792	0.000000,0.000000,0.000000	1.756233,0.488084,1.462605	0
19:30:43	1.743571,0.491715,1.455479	1.936226,0.495514,1.302626	0.000000,0.000000,0.000000	1.743571,0.491715,1.455479	0
19:30:43	1.743019,0.488299,1.455935	1.930364,0.496316,1.316835	0.000000,0.000000,0.000000	1.743019,0.488299,1.455935	0
19:30:43	1.743019,0.488299,1.455935	1.925729,0.539477,1.329481	0.000000,0.000000,0.000000	1.743019,0.488299,1.455935	0
19:30:44	1.743019,0.488299,1.455935	1.909180,0.577639,1.323135	0.000000,0.000000,0.000000	1.743019,0.488299,1.455935	0
19:30:44	1.743019,0.488299,1.455935	1.894931,0.605727,1.343981	0.000000,0.000000,0.000000	1.743019,0.488299,1.455935	0
19:30:44	1.743019,0.488299,1.455935	1.876805,0.628413,1.356547	0.000000,0.000000,0.000000	1.743019,0.488299,1.455935	0
19:30:44	1.743019,0.488299,1.455935	1.857392,0.646481,1.368818	0.000000,0.000000,0.000000	1.743019,0.488299,1.455935	0
19:30:44	1.681900,0.175995,1.467873	1.863368,0.239073,1.356689	0.000000,0.000000,0.000000	1.681900,0.175995,1.467873	0
19:30:44	1.681900,0.175995,1.467873	1.840655,0.285749,1.362982	0.000000,0.000000,0.000000	1.681900,0.175995,1.467873	0
19:30:44	1.681900,0.175995,1.467873	1.817949,0.319370,1.406749	0.000000,0.000000,0.000000	1.681900,0.175995,1.467873	0
19:30:44	1.681900,0.175995,1.467873	1.822244,0.316117,1.416139	0.000000,0.000000,0.000000	1.681900,0.175995,1.467873	0
19:30:44	1.681900,0.175995,1.467873	1.831041,0.309249,1.469063	0.000000,0.000000,0.000000	1.681900,0.175995,1.467873	0
19:30:44	1.681900,0.175995,1.467873	1.828257,0.312110,1.482329	0.000000,0.000000,0.000000	1.681900,0.175995,1.467873	0
19:30:45	1.681900,0.175995,1.467873	1.826974,0.313160,1.491467	0.000000,0.000000,0.000000	1.681900,0.175995,1.467873	0
19:30:45	1.681900,0.175995,1.467873	1.826405,0.313421,1.498361	0.000000,0.000000,0.000000	1.681900,0.175995,1.467873	0
19:30:45	1.681900,0.175995,1.467873	1.826251,0.313058,1.506674	0.000000,0.000000,0.000000	1.681900,0.175995,1.467873	0
19:30:45	1.681900,0.175995,1.467873	1.826145,0.312451,1.515758	0.000000,0.000000,0.000000	1.681900,0.175995,1.467873	0
19:30:45	1.681900,0.175995,1.467873	1.825827,0.311825,1.525677	0.000000,0.000000,0.000000	1.681900,0.175995,1.467873	0
19:30:45	1.681900,0.175995,1.467873	1.816506,0.236057,1.343396	0.000000,0.000000,0.000000	1.681900,0.175995,1.467873	0
19:30:45	1.681900,0.175995,1.467873	1.816506,0.236057,1.343396	0.000000,0.000000,0.000000	1.681900,0.175995,1.467873	0
19:30:45	1.681900,0.175995,1.467873	1.816506,0.236057,1.343396	0.000000,0.000000,0.000000	1.681900,0.175995,1.467873	0
19:30:45	1.681900,0.175995,1.467873	1.816506,0.236057,1.343396	0.000000,0.000000,0.000000	1.681900,0.175995,1.467873	0
19:30:45	1.681900,0.175995,1.467873	1.816506,0.236057,1.343396	0.000000,0.000000,0.000000	1.681900,0.175995,1.467873	0
19:30:46	1.681900,0.175995,1.467873	1.816506,0.236057,1.343396	0.000000,0.000000,0.000000	1.681900,0.175995,1.467873	0
19:30:46	1.681900,0.175995,1.467873	1.816506,0.236057,1.343396	0.000000,0.000000,0.000000	1.681900,0.175995,1.467873	0
19:30:46	1.681900,0.175995,1.467873	1.816506,0.236057,1.343396	0.000000,0.000000,0.000000	1.681900,0.175995,1.467873	0
19:30:46	1.681900,0.175995,1.467873	1.816506,0.236057,1.343396	0.000000,0.000000,0.000000	1.681900,0.175995,1.467873	0
19:30:46	1.681900,0.175995,1.467873	1.816506,0.236057,1.343396	0.000000,0.000000,0.000000	1.681900,0.175995,1.467873	0
19:30:46	1.681900,0.175995,1.467873	1.816506,0.236057,1.343396	0.000000,0.000000,0.000000	1.681900,0.175995,1.467873	0
19:30:46	1.681900,0.175995,1.467873	1.816506,0.236057,1.343396	0.000000,0.000000,0.000000	1.681900,0.175995,1.467873	0
19:30:46	1.681900,0.175995,1.467873	1.816506,0.236057,1.343396	0.000000,0.000000,0.000000	1.681900,0.175995,1.467873	0
19:30:46	1.681900,0.175995,1.467873	1.816506,0.236057,1.343396	0.000000,0.000000,0.000000	1.681900,0.175995,1.467873	0
19:30:46	1.681900,0.175995,1.467873	1.816506,0.236057,1.343396	0.000000,0.000000,0.000000	1.681900,0.175995,1.467873	0
19:30:47	1.681900,0.175995,1.467873	1.816506,0.236057,1.343396	0.000000,0.000000,0.000000	1.681900,0.175995,1.467873	0
19:30:47	1.681900,0.175995,1.467873	1.816506,0.236057,1.343396	0.000000,0.000000,0.000000	1.681900,0.175995,1.467873	0
19:30:47	1.681900,0.175995,1.467873	1.718435,0.141195,1.164202	0.000000,0.000000,0.000000	1.681900,0.175995,1.467873	0
19:30:47	1.681900,0.175995,1.467873	1.718435,0.141195,1.164202	0.000000,0.000000,0.000000	1.681900,0.175995,1.467873	0
19:30:47	1.681900,0.175995,1.467873	1.718435,0.141195,1.164202	0.000000,0.000000,0.000000	1.681900,0.175995,1.467873	0
19:30:47	1.681900,0.175995,1.467873	1.718435,0.141195,1.164202	0.000000,0.000000,0.000000	1.681900,0.175995,1.467873	0
19:30:47	1.681900,0.175995,1.467873	1.718435,0.141195,1.164202	0.000000,0.000000,0.000000	1.681900,0.175995,1.467873	0
19:30:47	1.681900,0.175995,1.467873	1.718435,0.141195,1.164202	0.000000,0.000000,0.000000	1.681900,0.175995,1.467873	0
19:30:47	1.681900,0.175995,1.467873	1.718435,0.141195,1.164202	0.000000,0.000000,0.000000	1.681900,0.175995,1.467873	0
19:30:47	1.681900,0.175995,1.467873	1.718435,0.141195,1.164202	0.000000,0.000000,0.000000	1.681900,0.175995,1.467873	0
19:30:48	1.681900,0.175995,1.467873	1.718435,0.141195,1.164202	0.000000,0.000000,0.000000	1.681900,0.175995,1.467873	0
19:30:48	1.681900,0.175995,1.467873	1.718435,0.141195,1.164202	0.000000,0.000000,0.000000	1.681900,0.175995,1.467873	0
19:30:48	1.681900,0.175995,1.467873	1.718435,0.141195,1.164202	0.000000,0.000000,0.000000	1.681900,0.175995,1.467873	0
19:30:48	1.681900,0.175995,1.467873	1.718435,0.141195,1.164202	0.000000,0.000000,0.000000	1.681900,0.175995,1.467873	0
19:30:48	1.681900,0.175995,1.467873	1.718435,0.141195,1.164202	0.000000,0.000000,0.000000	1.681900,0.175995,1.467873	0
19:30:48	1.681900,0.175995,1.467873	1.718435,0.141195,1.164202	0.000000,0.000000,0.000000	1.681900,0.175995,1.467873	0
19:30:48	1.681900,0.175995,1.467873	1.718435,0.141195,1.164202	0.000000,0.000000,0.000000	1.681900,0.175995,1.467873	0
19:30:48	1.681900,0.175995,1.467873	1.718435,0.141195,1.164202	0.000000,0.000000,0.000000	1.681900,0.175995,1.467873	0
19:30:48	1.681900,0.175995,1.467873	1.718435,0.141195,1.164202	0.000000,0.000000,0.000000	1.681900,0.175995,1.467873	0
19:30:48	1.681900,0.175995,1.467873	1.718435,0.141195,1.164202	0.000000,0.000000,0.000000	1.681900,0.175995,1.467873	0
19:30:49	1.681900,0.175995,1.467873	1.718435,0.141195,1.164202	0.000000,0.000000,0.000000	1.681900,0.175995,1.467873	0
19:30:49	1.681900,0.175995,1.467873	1.718435,0.141195,1.164202	0.000000,0.000000,0.000000	1.681900,0.175995,1.467873	0
19:30:49	1.681900,0.175995,1.467873	1.718435,0.141195,1.164202	0.000000,0.000000,0.000000	1.681900,0.175995,1.467873	0
19:30:49	1.681900,0.175995,1.467873	1.718435,0.141195,1.164202	0.000000,0.000000,0.000000	1.681900,0.175995,1.467873	0
19:30:49	1.681900,0.175995,1.467873	1.712355,0.147303,1.159009	0.000000,0.000000,0.000000	1.681900,0.175995,1.467873	0
19:30:49	1.681900,0.175995,1.467873	1.718977,0.154056,1.159692	0.000000,0.000000,0.000000	1.681900,0.175995,1.467873	0
19:30:49	1.681900,0.175995,1.467873	1.726985,0.153395,1.164186	0.000000,0.000000,0.000000	1.681900,0.175995,1.467873	0
19:30:49	1.681900,0.175995,1.467873	1.727219,0.160204,1.162608	0.000000,0.000000,0.000000	1.681900,0.175995,1.467873	0
19:30:49	1.681900,0.175995,1.467873	1.735626,0.159756,1.168208	0.000000,0.000000,0.000000	1.681900,0.175995,1.467873	0
19:30:49	1.681900,0.175995,1.467873	1.735626,0.159756,1.168208	0.000000,0.000000,0.000000	1.681900,0.175995,1.467873	0
19:30:50	1.681900,0.175995,1.467873	1.737955,0.159052,1.170077	0.000000,0.000000,0.000000	1.681900,0.175995,1.467873	0
19:30:50	1.681900,0.175995,1.467873	1.744313,0.159339,1.175113	0.000000,0.000000,0.000000	1.681900,0.175995,1.467873	0
19:30:50	1.681900,0.175995,1.467873	1.747022,0.158616,1.177652	0.000000,0.000000,0.000000	1.681900,0.175995,1.467873	0
19:30:50	1.681900,0.175995,1.467873	1.749948,0.157835,1.180543	0.000000,0.000000,0.000000	1.681900,0.175995,1.467873	0
19:30:50	1.681900,0.175995,1.467873	1.749948,0.157835,1.180543	0.000000,0.000000,0.000000	1.681900,0.175995,1.467873	0
19:30:50	1.681900,0.175995,1.467873	1.759566,0.157440,1.190574	0.000000,0.000000,0.000000	1.681900,0.175995,1.467873	0
19:30:50	1.681900,0.175995,1.467873	1.763118,0.156592,1.194912	0.000000,0.000000,0.000000	1.681900,0.175995,1.467873	0
19:30:50	1.681900,0.175995,1.467873	1.565261,0.190178,1.791566	0.000000,0.000000,0.000000	1.681900,0.175995,1.467873	0
19:30:50	1.681900,0.175995,1.467873	1.555103,0.184629,1.776730	0.000000,0.000000,0.000000	1.681900,0.175995,1.467873	0
19:30:50	1.681900,0.175995,1.467873	1.551279,0.179128,1.770717	0.000000,0.000000,0.000000	1.681900,0.175995,1.467873	0
19:30:51	2.211075,0.162824,1.034187	2.385735,0.240912,1.106582	0.000000,0.000000,0.000000	2.211075,0.162824,1.034187	0
19:30:51	2.231106,0.155018,1.043864	2.410975,0.238751,1.094289	0.000000,0.000000,0.000000	2.231106,0.155018,1.043864	0
19:30:51	2.257244,0.138661,1.053550	2.430275,0.237331,1.089576	0.000000,0.000000,0.000000	2.257244,0.138661,1.053550	0
19:30:51	2.257244,0.138661,1.053550	2.396412,0.282227,1.044343	0.000000,0.000000,0.000000	2.257244,0.138661,1.053550	0
19:30:51	2.257244,0.138661,1.053550	2.329094,0.323383,1.000058	0.000000,0.000000,0.000000	2.257244,0.138661,1.053550	0
19:30:51	2.257244,0.138661,1.053550	2.288514,0.331032,0.963762	0.000000,0.000000,0.000000	2.257244,0.138661,1.053550	0
19:30:51	2.257244,0.138661,1.053550	2.278737,0.322034,0.899766	0.000000,0.000000,0.000000	2.257244,0.138661,1.053550	0
19:30:51	2.257244,0.138661,1.053550	2.264942,0.328380,0.927889	0.000000,0.000000,0.000000	2.257244,0.138661,1.053550	0
19:30:51	2.309566,-0.192778,1.207649	2.496306,-0.070581,1.182112	0.000000,0.000000,0.000000	2.309566,-0.192778,1.207649	0
19:30:51	2.305835,-0.202490,1.212144	2.469860,-0.091395,1.157239	0.000000,0.000000,0.000000	2.305835,-0.202490,1.212144	0
19:30:52	2.305835,-0.202490,1.212144	2.433960,-0.057845,1.108957	0.000000,0.000000,0.000000	2.305835,-0.202490,1.212144	0
19:30:52	2.305835,-0.202490,1.212144	2.412111,-0.043855,1.093142	0.000000,0.000000,0.000000	2.305835,-0.202490,1.212144	0
19:30:52	2.305835,-0.202490,1.212144	2.398027,-0.038336,1.077173	0.000000,0.000000,0.000000	2.305835,-0.202490,1.212144	0
19:30:52	2.305835,-0.202490,1.212144	2.388476,-0.037115,1.059545	0.000000,0.000000,0.000000	2.305835,-0.202490,1.212144	0
19:30:52	2.305835,-0.202490,1.212144	2.381521,-0.038031,1.042143	0.000000,0.000000,0.000000	2.305835,-0.202490,1.212144	0
19:30:52	2.305835,-0.202490,1.212144	2.376117,-0.040463,1.024446	0.000000,0.000000,0.000000	2.305835,-0.202490,1.212144	0
19:30:52	2.030731,-0.513936,1.568665	1.944185,-0.410927,1.841427	0.000000,0.000000,0.000000	2.030731,-0.513936,1.568665	0
19:30:52	2.012358,-0.543253,1.638688	1.940233,-0.490530,1.959200	0.000000,0.000000,0.000000	2.012358,-0.543253,1.638688	0
19:30:52	2.012358,-0.543253,1.638688	1.976182,-0.354292,1.529418	0.000000,0.000000,0.000000	2.012358,-0.543253,1.638688	0
19:30:52	2.012358,-0.543253,1.638688	2.030453,-0.375517,1.423865	0.000000,0.000000,0.000000	2.012358,-0.543253,1.638688	0
19:30:53	2.012358,-0.543253,1.638688	2.041603,-0.379227,1.417417	0.000000,0.000000,0.000000	2.012358,-0.543253,1.638688	0
19:30:53	2.012358,-0.543253,1.638688	2.041941,-0.381190,1.411880	0.000000,0.000000,0.000000	2.012358,-0.543253,1.638688	0
19:30:53	2.012358,-0.543253,1.638688	2.041941,-0.381190,1.411880	0.000000,0.000000,0.000000	2.012358,-0.543253,1.638688	0
19:30:53	2.012358,-0.543253,1.638688	2.041941,-0.381190,1.411880	0.000000,0.000000,0.000000	2.012358,-0.543253,1.638688	0
19:30:53	2.012358,-0.543253,1.638688	2.041941,-0.381190,1.411880	0.000000,0.000000,0.000000	2.012358,-0.543253,1.638688	0
19:30:53	2.012358,-0.543253,1.638688	2.041941,-0.381190,1.411880	0.000000,0.000000,0.000000	2.012358,-0.543253,1.638688	0
19:30:53	2.012358,-0.543253,1.638688	2.041941,-0.381190,1.411880	0.000000,0.000000,0.000000	2.012358,-0.543253,1.638688	0
19:30:53	2.012358,-0.543253,1.638688	2.041941,-0.381190,1.411880	0.000000,0.000000,0.000000	2.012358,-0.543253,1.638688	0
19:30:53	2.012358,-0.543253,1.638688	2.041941,-0.381190,1.411880	0.000000,0.000000,0.000000	2.012358,-0.543253,1.638688	0
19:30:53	2.012358,-0.543253,1.638688	2.041941,-0.381190,1.411880	0.000000,0.000000,0.000000	2.012358,-0.543253,1.638688	0
19:30:54	2.012358,-0.543253,1.638688	2.041941,-0.381190,1.411880	0.000000,0.000000,0.000000	2.012358,-0.543253,1.638688	0
19:30:54	2.012358,-0.543253,1.638688	2.041941,-0.381190,1.411880	0.000000,0.000000,0.000000	2.012358,-0.543253,1.638688	0
19:30:54	2.012358,-0.543253,1.638688	2.041941,-0.381190,1.411880	0.000000,0.000000,0.000000	2.012358,-0.543253,1.638688	0
19:30:54	2.012358,-0.543253,1.638688	2.041941,-0.381190,1.411880	0.000000,0.000000,0.000000	2.012358,-0.543253,1.638688	0
19:30:54	2.012358,-0.543253,1.638688	2.041941,-0.381190,1.411880	0.000000,0.000000,0.000000	2.012358,-0.543253,1.638688	0
19:30:54	2.012358,-0.543253,1.638688	2.041941,-0.381190,1.411880	0.000000,0.000000,0.000000	2.012358,-0.543253,1.638688	0
19:30:54	2.012358,-0.543253,1.638688	2.041941,-0.381190,1.411880	0.000000,0.000000,0.000000	2.012358,-0.543253,1.638688	0
19:30:54	2.012358,-0.543253,1.638688	2.041941,-0.381190,1.411880	0.000000,0.000000,0.000000	2.012358,-0.543253,1.638688	0
19:30:54	2.012358,-0.543253,1.638688	2.041941,-0.381190,1.411880	0.000000,0.000000,0.000000	2.012358,-0.543253,1.638688	0
19:30:54	2.012358,-0.543253,1.638688	2.041941,-0.381190,1.411880	0.000000,0.000000,0.000000	2.012358,-0.543253,1.638688	0
19:30:55	2.012358,-0.543253,1.638688	2.041941,-0.381190,1.411880	0.000000,0.000000,0.000000	2.012358,-0.543253,1.638688	0
19:30:55	2.012358,-0.543253,1.638688	2.041941,-0.381190,1.411880	0.000000,0.000000,0.000000	2.012358,-0.543253,1.638688	0
19:30:55	2.012358,-0.543253,1.638688	2.041941,-0.381190,1.411880	0.000000,0.000000,0.000000	2.012358,-0.543253,1.638688	0
19:30:55	2.012358,-0.543253,1.638688	2.041941,-0.381190,1.411880	0.000000,0.000000,0.000000	2.012358,-0.543253,1.638688	0
19:30:55	2.012358,-0.543253,1.638688	2.041941,-0.381190,1.411880	0.000000,0.000000,0.000000	2.012358,-0.543253,1.638688	0
19:30:55	2.012358,-0.543253,1.638688	2.041941,-0.381190,1.411880	0.000000,0.000000,0.000000	2.012358,-0.543253,1.638688	0
19:30:55	2.012358,-0.543253,1.638688	2.041941,-0.381190,1.411880	0.000000,0.000000,0.000000	2.012358,-0.543253,1.638688	0
19:30:55	2.012358,-0.543253,1.638688	2.041941,-0.381190,1.411880	0.000000,0.000000,0.000000	2.012358,-0.543253,1.638688	0
19:30:55	2.012358,-0.543253,1.638688	2.041941,-0.381190,1.411880	0.000000,0.000000,0.000000	2.012358,-0.543253,1.638688	0
19:30:55	2.012358,-0.543253,1.638688	2.041941,-0.381190,1.411880	0.000000,0.000000,0.000000	2.012358,-0.543253,1.638688	0
19:30:56	2.012358,-0.543253,1.638688	2.041941,-0.381190,1.411880	0.000000,0.000000,0.000000	2.012358,-0.543253,1.638688	0
19:30:56	2.012358,-0.543253,1.638688	2.041941,-0.381190,1.411880	0.000000,0.000000,0.000000	2.012358,-0.543253,1.638688	0
19:30:56	2.012358,-0.543253,1.638688	2.041941,-0.381190,1.411880	0.000000,0.000000,0.000000	2.012358,-0.543253,1.638688	0
19:30:56	2.012358,-0.543253,1.638688	2.041941,-0.381190,1.411880	0.000000,0.000000,0.000000	2.012358,-0.543253,1.638688	0
19:30:56	2.012358,-0.543253,1.638688	2.041941,-0.381190,1.411880	0.000000,0.000000,0.000000	2.012358,-0.543253,1.638688	0
19:30:56	2.012358,-0.543253,1.638688	2.041941,-0.381190,1.411880	0.000000,0.000000,0.000000	2.012358,-0.543253,1.638688	0
19:30:56	2.012358,-0.543253,1.638688	2.041941,-0.381190,1.411880	0.000000,0.000000,0.000000	2.012358,-0.543253,1.638688	0
19:30:56	2.012358,-0.543253,1.638688	2.041941,-0.381190,1.411880	0.000000,0.000000,0.000000	2.012358,-0.543253,1.638688	0
19:30:56	2.012358,-0.543253,1.638688	2.041941,-0.381190,1.411880	0.000000,0.000000,0.000000	2.012358,-0.543253,1.638688	0
19:30:56	2.012358,-0.543253,1.638688	2.041941,-0.381190,1.411880	0.000000,0.000000,0.000000	2.012358,-0.543253,1.638688	0
19:30:57	2.012358,-0.543253,1.638688	2.041941,-0.381190,1.411880	0.000000,0.000000,0.000000	2.012358,-0.543253,1.638688	0
19:30:57	2.012358,-0.543253,1.638688	2.041941,-0.381190,1.411880	0.000000,0.000000,0.000000	2.012358,-0.543253,1.638688	0
19:30:57	2.012358,-0.543253,1.638688	2.041941,-0.381190,1.411880	0.000000,0.000000,0.000000	2.012358,-0.543253,1.638688	0
19:30:57	2.012358,-0.543253,1.638688	2.041941,-0.381190,1.411880	0.000000,0.000000,0.000000	2.012358,-0.543253,1.638688	0
19:30:57	2.012358,-0.543253,1.638688	1.989816,-0.387361,1.582488	0.000000,0.000000,0.000000	2.012358,-0.543253,1.638688	0
19:30:57	2.012358,-0.543253,1.638688	1.989816,-0.387361,1.582488	0.000000,0.000000,0.000000	2.012358,-0.543253,1.638688	0
19:30:57	2.012358,-0.543253,1.638688	1.989816,-0.387361,1.582488	0.000000,0.000000,0.000000	2.012358,-0.543253,1.638688	0
19:30:57	2.012358,-0.543253,1.638688	1.989816,-0.387361,1.582488	0.000000,0.000000,0.000000	2.012358,-0.543253,1.638688	0
19:30:57	2.012358,-0.543253,1.638688	1.989816,-0.387361,1.582488	0.000000,0.000000,0.000000	2.012358,-0.543253,1.638688	0
19:30:57	2.012358,-0.543253,1.638688	1.989816,-0.387361,1.582488	0.000000,0.000000,0.000000	2.012358,-0.543253,1.638688	0
19:30:58	2.012358,-0.543253,1.638688	1.989816,-0.387361,1.582488	0.000000,0.000000,0.000000	2.012358,-0.543253,1.638688	0
19:30:58	2.012358,-0.543253,1.638688	1.989816,-0.387361,1.582488	0.000000,0.000000,0.000000	2.012358,-0.543253,1.638688	0
19:30:58	2.012358,-0.543253,1.638688	1.989816,-0.387361,1.582488	0.000000,0.000000,0.000000	2.012358,-0.543253,1.638688	0
19:30:58	2.012358,-0.543253,1.638688	1.989816,-0.387361,1.582488	0.000000,0.000000,0.000000	2.012358,-0.543253,1.638688	0
19:30:58	2.012358,-0.543253,1.638688	1.989816,-0.387361,1.582488	0.000000,0.000000,0.000000	2.012358,-0.543253,1.638688	0
19:30:58	2.012358,-0.543253,1.638688	1.989816,-0.387361,1.582488	0.000000,0.000000,0.000000	2.012358,-0.543253,1.638688	0
19:30:58	2.012358,-0.543253,1.638688	1.989816,-0.387361,1.582488	0.000000,0.000000,0.000000	2.012358,-0.543253,1.638688	0
19:30:58	2.012358,-0.543253,1.638688	1.989816,-0.387361,1.582488	0.000000,0.000000,0.000000	2.012358,-0.543253,1.638688	0
19:30:58	2.012358,-0.543253,1.638688	1.989816,-0.387361,1.582488	0.000000,0.000000,0.000000	2.012358,-0.543253,1.638688	0
19:30:58	2.012358,-0.543253,1.638688	1.989816,-0.387361,1.582488	0.000000,0.000000,0.000000	2.012358,-0.543253,1.638688	0
19:30:59	2.012358,-0.543253,1.638688	1.989816,-0.387361,1.582488	0.000000,0.000000,0.000000	2.012358,-0.543253,1.638688	0
19:30:59	2.012358,-0.543253,1.638688	1.989816,-0.387361,1.582488	0.000000,0.000000,0.000000	2.012358,-0.543253,1.638688	0
19:30:59	2.012358,-0.543253,1.638688	1.989816,-0.387361,1.582488	0.000000,0.000000,0.000000	2.012358,-0.543253,1.638688	0
