# Flight Log 
# 25 08 17 - 19:26:23
Time		X,Y,Z				goalX,goalY,goalZ		ddx,ddy,ddz			angularx,angulary,angularz	battery
19:26:23	0.000000,0.000000,0.000000	0.000000,0.000000,0.000000	0.000000,0.000000,0.000000	0.000000,0.000000,0.000000	0
19:26:23	1.081336,4.182268,0.388142	1.261139,4.095055,0.404230	0.000000,0.000000,0.000000	1.081336,4.182268,0.388142	0
19:26:23	1.081350,4.182271,0.388088	1.261099,4.094962,0.403983	0.000000,0.000000,0.000000	1.081350,4.182271,0.388088	0
19:26:23	1.081350,4.182271,0.388088	1.261146,4.095038,0.404082	0.000000,0.000000,0.000000	1.081350,4.182271,0.388088	0
19:26:23	1.081350,4.182271,0.388088	1.261154,4.095054,0.404078	0.000000,0.000000,0.000000	1.081350,4.182271,0.388088	0
19:26:23	1.081349,4.182255,0.388078	1.261143,4.095017,0.404039	0.000000,0.000000,0.000000	1.081349,4.182255,0.388078	0
19:26:23	1.081349,4.182255,0.388078	1.261148,4.095026,0.404008	0.000000,0.000000,0.000000	1.081349,4.182255,0.388078	0
19:26:23	1.081349,4.182255,0.388078	1.261143,4.095018,0.404073	0.000000,0.000000,0.000000	1.081349,4.182255,0.388078	0
19:26:23	1.081349,4.182255,0.388078	1.261141,4.095013,0.404054	0.000000,0.000000,0.000000	1.081349,4.182255,0.388078	0
19:26:24	1.081314,4.182203,0.388115	1.261085,4.094923,0.404164	0.000000,0.000000,0.000000	1.081314,4.182203,0.388115	0
19:26:24	1.081334,4.182261,0.388118	1.261128,4.095029,0.404181	0.000000,0.000000,0.000000	1.081334,4.182261,0.388118	0
19:26:24	1.081339,4.182243,0.388121	1.261128,4.094996,0.404110	0.000000,0.000000,0.000000	1.081339,4.182243,0.388121	0
19:26:24	1.081320,4.182266,0.388105	1.261114,4.095028,0.404092	0.000000,0.000000,0.000000	1.081320,4.182266,0.388105	0
19:26:24	1.081363,4.182278,0.388120	1.261163,4.095054,0.404116	0.000000,0.000000,0.000000	1.081363,4.182278,0.388120	0
19:26:24	1.081379,4.182324,0.388105	1.261212,4.095168,0.404117	0.000000,0.000000,0.000000	1.081379,4.182324,0.388105	0
19:26:24	1.081379,4.182324,0.388105	1.261200,4.095143,0.404118	0.000000,0.000000,0.000000	1.081379,4.182324,0.388105	0
19:26:24	1.081378,4.182327,0.388112	1.261202,4.095154,0.404156	0.000000,0.000000,0.000000	1.081378,4.182327,0.388112	0
19:26:24	1.081378,4.182327,0.388112	1.261205,4.095162,0.404158	0.000000,0.000000,0.000000	1.081378,4.182327,0.388112	0
19:26:24	1.081378,4.182327,0.388112	1.261178,4.095099,0.404017	0.000000,0.000000,0.000000	1.081378,4.182327,0.388112	0
19:26:25	1.081378,4.182327,0.388112	1.261208,4.095169,0.404197	0.000000,0.000000,0.000000	1.081378,4.182327,0.388112	0
19:26:25	1.081378,4.182327,0.388112	1.261211,4.095171,0.404115	0.000000,0.000000,0.000000	1.081378,4.182327,0.388112	0
19:26:25	1.081361,4.182320,0.388090	1.261188,4.095152,0.404064	0.000000,0.000000,0.000000	1.081361,4.182320,0.388090	0
19:26:25	1.081361,4.182320,0.388090	1.261187,4.095149,0.404045	0.000000,0.000000,0.000000	1.081361,4.182320,0.388090	0
19:26:25	1.081361,4.182320,0.388090	1.261189,4.095153,0.404040	0.000000,0.000000,0.000000	1.081361,4.182320,0.388090	0
19:26:25	1.081361,4.182320,0.388090	1.261185,4.095146,0.404070	0.000000,0.000000,0.000000	1.081361,4.182320,0.388090	0
19:26:25	1.081361,4.182320,0.388090	1.261185,4.095145,0.404087	0.000000,0.000000,0.000000	1.081361,4.182320,0.388090	0
19:26:25	1.081343,4.182280,0.388095	1.261146,4.095061,0.404078	0.000000,0.000000,0.000000	1.081343,4.182280,0.388095	0
19:26:25	1.081343,4.182280,0.388095	1.261149,4.095069,0.404092	0.000000,0.000000,0.000000	1.081343,4.182280,0.388095	0
19:26:25	1.081305,4.182202,0.388123	1.261072,4.094910,0.404136	0.000000,0.000000,0.000000	1.081305,4.182202,0.388123	0
19:26:26	1.081305,4.182202,0.388123	1.261072,4.094914,0.404190	0.000000,0.000000,0.000000	1.081305,4.182202,0.388123	0
19:26:26	1.081305,4.182202,0.388123	1.261073,4.094914,0.404166	0.000000,0.000000,0.000000	1.081305,4.182202,0.388123	0
19:26:26	1.081340,4.182209,0.388083	1.261114,4.094932,0.404072	0.000000,0.000000,0.000000	1.081340,4.182209,0.388083	0
19:26:26	1.081340,4.182209,0.388083	1.261112,4.094930,0.404110	0.000000,0.000000,0.000000	1.081340,4.182209,0.388083	0
19:26:26	1.081340,4.182209,0.388083	1.261115,4.094932,0.404039	0.000000,0.000000,0.000000	1.081340,4.182209,0.388083	0
19:26:26	1.081340,4.182209,0.388083	1.261117,4.094935,0.404024	0.000000,0.000000,0.000000	1.081340,4.182209,0.388083	0
19:26:26	1.081340,4.182209,0.388083	1.261110,4.094920,0.404010	0.000000,0.000000,0.000000	1.081340,4.182209,0.388083	0
19:26:26	1.081274,4.182162,0.388089	1.261017,4.094821,0.404094	0.000000,0.000000,0.000000	1.081274,4.182162,0.388089	0
19:26:26	1.081274,4.182162,0.388089	1.261019,4.094824,0.404078	0.000000,0.000000,0.000000	1.081274,4.182162,0.388089	0
19:26:26	1.081274,4.182162,0.388089	1.261051,4.094886,0.403967	0.000000,0.000000,0.000000	1.081274,4.182162,0.388089	0
19:26:27	1.081274,4.182162,0.388089	1.261024,4.094834,0.404075	0.000000,0.000000,0.000000	1.081274,4.182162,0.388089	0
19:26:27	1.081274,4.182162,0.388089	1.261022,4.094830,0.404047	0.000000,0.000000,0.000000	1.081274,4.182162,0.388089	0
19:26:27	1.081274,4.182162,0.388089	1.261022,4.094828,0.404010	0.000000,0.000000,0.000000	1.081274,4.182162,0.388089	0
19:26:27	1.081274,4.182162,0.388089	1.261020,4.094827,0.404070	0.000000,0.000000,0.000000	1.081274,4.182162,0.388089	0
19:26:27	1.081274,4.182162,0.388089	1.261016,4.094818,0.404060	0.000000,0.000000,0.000000	1.081274,4.182162,0.388089	0
19:26:27	1.081274,4.182162,0.388089	1.261021,4.094828,0.404077	0.000000,0.000000,0.000000	1.081274,4.182162,0.388089	0
19:26:27	1.081274,4.182162,0.388089	1.260986,4.094750,0.403911	0.000000,0.000000,0.000000	1.081274,4.182162,0.388089	0
19:26:27	1.081362,4.182253,0.388095	1.261150,4.095005,0.404092	0.000000,0.000000,0.000000	1.081362,4.182253,0.388095	0
19:26:27	1.081351,4.182187,0.388048	1.261145,4.094942,0.403886	0.000000,0.000000,0.000000	1.081351,4.182187,0.388048	0
19:26:27	1.081351,4.182187,0.388048	1.261116,4.094888,0.403969	0.000000,0.000000,0.000000	1.081351,4.182187,0.388048	0
19:26:28	1.081351,4.182187,0.388048	1.261123,4.094900,0.403953	0.000000,0.000000,0.000000	1.081351,4.182187,0.388048	0
19:26:28	1.081351,4.182187,0.388048	1.261142,4.094933,0.403818	0.000000,0.000000,0.000000	1.081351,4.182187,0.388048	0
19:26:28	1.081351,4.182187,0.388048	1.261109,4.094871,0.403941	0.000000,0.000000,0.000000	1.081351,4.182187,0.388048	0
19:26:28	1.081351,4.182187,0.388048	1.261120,4.094893,0.403942	0.000000,0.000000,0.000000	1.081351,4.182187,0.388048	0
19:26:28	1.081351,4.182187,0.388048	1.261118,4.094890,0.403954	0.000000,0.000000,0.000000	1.081351,4.182187,0.388048	0
19:26:28	1.081351,4.182187,0.388048	1.261120,4.094895,0.403951	0.000000,0.000000,0.000000	1.081351,4.182187,0.388048	0
19:26:28	1.081133,4.182301,0.388034	1.260922,4.095049,0.403913	0.000000,0.000000,0.000000	1.081133,4.182301,0.388034	0
19:26:28	1.081133,4.182301,0.388034	1.260945,4.095094,0.403889	0.000000,0.000000,0.000000	1.081133,4.182301,0.388034	0
19:26:28	1.081432,4.182229,0.388062	1.260820,4.094181,0.404537	0.000000,0.000000,0.000000	1.081432,4.182229,0.388062	0
19:26:28	1.081432,4.182229,0.388062	1.261227,4.094999,0.404164	0.000000,0.000000,0.000000	1.081432,4.182229,0.388062	0
19:26:29	1.081432,4.182229,0.388062	1.261265,4.095065,0.403903	0.000000,0.000000,0.000000	1.081432,4.182229,0.388062	0
19:26:29	1.081196,4.182329,0.388021	1.260997,4.095079,0.403416	0.000000,0.000000,0.000000	1.081196,4.182329,0.388021	0
19:26:29	1.081285,4.182174,0.388150	1.261049,4.094876,0.404162	0.000000,0.000000,0.000000	1.081285,4.182174,0.388150	0
19:26:29	1.081285,4.182174,0.388150	1.261048,4.094879,0.404276	0.000000,0.000000,0.000000	1.081285,4.182174,0.388150	0
19:26:29	1.081285,4.182174,0.388150	1.261088,4.094966,0.404341	0.000000,0.000000,0.000000	1.081285,4.182174,0.388150	0
19:26:29	1.081157,4.182382,0.387992	1.261016,4.095272,0.403825	0.000000,0.000000,0.000000	1.081157,4.182382,0.387992	0
19:26:29	1.081157,4.182382,0.387992	1.261026,4.095287,0.403693	0.000000,0.000000,0.000000	1.081157,4.182382,0.387992	0
19:26:29	1.081157,4.182382,0.387992	1.260979,4.095189,0.403666	0.000000,0.000000,0.000000	1.081157,4.182382,0.387992	0
19:26:29	1.081157,4.182382,0.387992	1.261027,4.095284,0.403614	0.000000,0.000000,0.000000	1.081157,4.182382,0.387992	0
19:26:29	1.081131,4.182301,0.387929	1.261014,4.095261,0.403670	0.000000,0.000000,0.000000	1.081131,4.182301,0.387929	0
19:26:30	1.081131,4.182301,0.387929	1.260945,4.095081,0.403392	0.000000,0.000000,0.000000	1.081131,4.182301,0.387929	0
19:26:30	1.081131,4.182301,0.387929	1.260938,4.095076,0.403576	0.000000,0.000000,0.000000	1.081131,4.182301,0.387929	0
19:26:30	1.080979,4.181986,0.388103	1.260444,4.094103,0.404711	0.000000,0.000000,0.000000	1.080979,4.181986,0.388103	0
19:26:30	1.080140,4.181444,0.387655	1.259759,4.093811,0.402811	0.000000,0.000000,0.000000	1.080140,4.181444,0.387655	0
19:26:30	1.080140,4.181444,0.387655	1.259911,4.094141,0.403197	0.000000,0.000000,0.000000	1.080140,4.181444,0.387655	0
19:26:30	1.078960,4.179287,0.387289	1.257782,4.090043,0.402522	0.000000,0.000000,0.000000	1.078960,4.179287,0.387289	0
19:26:30	1.077862,4.177896,0.387475	1.258028,4.090510,0.401861	0.000000,0.000000,0.000000	1.077862,4.177896,0.387475	0
19:26:30	1.077862,4.177896,0.387475	1.256426,4.088121,0.402343	0.000000,0.000000,0.000000	1.077862,4.177896,0.387475	0
19:26:30	1.077862,4.177896,0.387475	1.256870,4.089014,0.402449	0.000000,0.000000,0.000000	1.077862,4.177896,0.387475	0
19:26:30	1.077862,4.177896,0.387475	1.257642,4.090596,0.402667	0.000000,0.000000,0.000000	1.077862,4.177896,0.387475	0
19:26:31	1.075748,4.170208,0.387530	1.252577,4.077055,0.402262	0.000000,0.000000,0.000000	1.075748,4.170208,0.387530	0
19:26:31	1.075748,4.170208,0.387530	1.253856,4.079502,0.401726	0.000000,0.000000,0.000000	1.075748,4.170208,0.387530	0
19:26:31	1.075748,4.170208,0.387530	1.243465,4.061482,0.401678	0.000000,0.000000,0.000000	1.075748,4.170208,0.387530	0
19:26:31	1.075444,4.169548,0.387768	1.244725,4.063315,0.403102	0.000000,0.000000,0.000000	1.075444,4.169548,0.387768	0
19:26:31	1.075444,4.169548,0.387768	1.247068,4.067124,0.402564	0.000000,0.000000,0.000000	1.075444,4.169548,0.387768	0
19:26:31	1.075444,4.169548,0.387768	1.249488,4.071286,0.402398	0.000000,0.000000,0.000000	1.075444,4.169548,0.387768	0
19:26:31	1.075444,4.169548,0.387768	1.252255,4.076375,0.402823	0.000000,0.000000,0.000000	1.075444,4.169548,0.387768	0
19:26:31	1.075444,4.169548,0.387768	1.255728,4.083321,0.403585	0.000000,0.000000,0.000000	1.075444,4.169548,0.387768	0
19:26:31	1.063858,4.168569,0.386350	1.254614,4.081141,0.405931	0.000000,0.000000,0.000000	1.063858,4.168569,0.386350	0
19:26:31	1.058807,4.164464,0.387065	1.243776,4.088458,0.393215	0.000000,0.000000,0.000000	1.058807,4.164464,0.387065	0
19:26:32	1.050354,4.149170,0.394185	1.230572,4.062492,0.399958	0.000000,0.000000,0.000000	1.050354,4.149170,0.394185	0
19:26:32	1.050354,4.149170,0.394185	1.245470,4.105334,0.388417	0.000000,0.000000,0.000000	1.050354,4.149170,0.394185	0
19:26:32	1.014107,4.091422,0.402770	1.204919,4.031521,0.405987	0.000000,0.000000,0.000000	1.014107,4.091422,0.402770	0
19:26:32	0.979971,4.039079,0.396185	1.167300,3.969164,0.405065	0.000000,0.000000,0.000000	0.979971,4.039079,0.396185	0
19:26:32	0.979971,4.039079,0.396185	1.178276,4.044621,0.446954	0.000000,0.000000,0.000000	0.979971,4.039079,0.396185	0
19:26:32	0.897989,3.888958,0.361827	1.082595,3.812342,0.347597	0.000000,0.000000,0.000000	0.897989,3.888958,0.361827	0
19:26:32	0.855158,3.794348,0.344834	1.097032,3.893276,0.399950	0.000000,0.000000,0.000000	0.855158,3.794348,0.344834	0
19:26:32	0.840304,3.759434,0.339909	1.038215,3.731442,0.326141	0.000000,0.000000,0.000000	0.840304,3.759434,0.339909	0
19:26:32	0.791680,3.634565,0.326194	0.991545,3.633456,0.311721	0.000000,0.000000,0.000000	0.791680,3.634565,0.326194	0
19:26:32	0.791680,3.634565,0.326194	0.979717,3.702407,0.338733	0.000000,0.000000,0.000000	0.791680,3.634565,0.326194	0
19:26:33	0.748920,3.499308,0.314756	0.933270,3.576843,0.310971	0.000000,0.000000,0.000000	0.748920,3.499308,0.314756	0
19:26:33	0.731121,3.418583,0.315324	0.911779,3.504096,0.301128	0.000000,0.000000,0.000000	0.731121,3.418583,0.315324	0
19:26:33	0.716060,3.291746,0.326628	0.912219,3.328698,0.301624	0.000000,0.000000,0.000000	0.716060,3.291746,0.326628	0
19:26:33	0.716060,3.291746,0.326628	0.878882,3.402437,0.256303	0.000000,0.000000,0.000000	0.716060,3.291746,0.326628	0
19:26:33	0.716060,3.291746,0.326628	0.851699,3.434299,0.255062	0.000000,0.000000,0.000000	0.716060,3.291746,0.326628	0
19:26:33	0.716060,3.291746,0.326628	0.820033,3.456821,0.238548	0.000000,0.000000,0.000000	0.716060,3.291746,0.326628	0
19:26:33	0.716060,3.291746,0.326628	0.799453,3.464699,0.214688	0.000000,0.000000,0.000000	0.716060,3.291746,0.326628	0
19:26:33	0.716060,3.291746,0.326628	0.787429,3.465378,0.188670	0.000000,0.000000,0.000000	0.716060,3.291746,0.326628	0
19:26:33	0.716060,3.291746,0.326628	0.764739,3.469420,0.170909	0.000000,0.000000,0.000000	0.716060,3.291746,0.326628	0
19:26:33	0.716060,3.291746,0.326628	0.677871,3.149000,0.449349	0.000000,0.000000,0.000000	0.716060,3.291746,0.326628	0
19:26:34	0.716060,3.291746,0.326628	0.681835,3.148545,0.451883	0.000000,0.000000,0.000000	0.716060,3.291746,0.326628	0
19:26:34	0.716060,3.291746,0.326628	0.685616,3.150779,0.465216	0.000000,0.000000,0.000000	0.716060,3.291746,0.326628	0
19:26:34	0.716060,3.291746,0.326628	0.689143,3.149093,0.461173	0.000000,0.000000,0.000000	0.716060,3.291746,0.326628	0
19:26:34	0.716060,3.291746,0.326628	0.691572,3.151041,0.470884	0.000000,0.000000,0.000000	0.716060,3.291746,0.326628	0
19:26:34	0.716060,3.291746,0.326628	0.693292,3.150760,0.470915	0.000000,0.000000,0.000000	0.716060,3.291746,0.326628	0
19:26:34	0.716060,3.291746,0.326628	0.694218,3.151622,0.474793	0.000000,0.000000,0.000000	0.716060,3.291746,0.326628	0
19:26:34	0.716060,3.291746,0.326628	0.700113,3.150893,0.475037	0.000000,0.000000,0.000000	0.716060,3.291746,0.326628	0
19:26:34	0.716060,3.291746,0.326628	0.700705,3.151712,0.478348	0.000000,0.000000,0.000000	0.716060,3.291746,0.326628	0
19:26:34	0.716060,3.291746,0.326628	0.705623,3.154011,0.488123	0.000000,0.000000,0.000000	0.716060,3.291746,0.326628	0
19:26:34	0.716060,3.291746,0.326628	0.709903,3.155666,0.494491	0.000000,0.000000,0.000000	0.716060,3.291746,0.326628	0
19:26:35	0.716060,3.291746,0.326628	0.714100,3.154467,0.490954	0.000000,0.000000,0.000000	0.716060,3.291746,0.326628	0
19:26:35	0.716060,3.291746,0.326628	0.722150,3.156356,0.496715	0.000000,0.000000,0.000000	0.716060,3.291746,0.326628	0
19:26:35	0.716060,3.291746,0.326628	0.722150,3.156356,0.496715	0.000000,0.000000,0.000000	0.716060,3.291746,0.326628	0
19:26:35	0.716060,3.291746,0.326628	0.725812,3.157162,0.498583	0.000000,0.000000,0.000000	0.716060,3.291746,0.326628	0
19:26:35	0.716060,3.291746,0.326628	0.725812,3.157162,0.498583	0.000000,0.000000,0.000000	0.716060,3.291746,0.326628	0
19:26:35	0.716060,3.291746,0.326628	0.725812,3.157162,0.498583	0.000000,0.000000,0.000000	0.716060,3.291746,0.326628	0
19:26:35	0.716060,3.291746,0.326628	0.725812,3.157162,0.498583	0.000000,0.000000,0.000000	0.716060,3.291746,0.326628	0
19:26:35	0.716060,3.291746,0.326628	0.725812,3.157162,0.498583	0.000000,0.000000,0.000000	0.716060,3.291746,0.326628	0
19:26:35	0.716060,3.291746,0.326628	0.725812,3.157162,0.498583	0.000000,0.000000,0.000000	0.716060,3.291746,0.326628	0
19:26:35	0.716060,3.291746,0.326628	0.725812,3.157162,0.498583	0.000000,0.000000,0.000000	0.716060,3.291746,0.326628	0
19:26:36	0.716060,3.291746,0.326628	0.725812,3.157162,0.498583	0.000000,0.000000,0.000000	0.716060,3.291746,0.326628	0
19:26:36	0.716060,3.291746,0.326628	0.725812,3.157162,0.498583	0.000000,0.000000,0.000000	0.716060,3.291746,0.326628	0
19:26:36	0.716060,3.291746,0.326628	0.725812,3.157162,0.498583	0.000000,0.000000,0.000000	0.716060,3.291746,0.326628	0
19:26:36	0.716060,3.291746,0.326628	0.725812,3.157162,0.498583	0.000000,0.000000,0.000000	0.716060,3.291746,0.326628	0
19:26:36	0.716060,3.291746,0.326628	0.725812,3.157162,0.498583	0.000000,0.000000,0.000000	0.716060,3.291746,0.326628	0
19:26:36	0.716060,3.291746,0.326628	0.725812,3.157162,0.498583	0.000000,0.000000,0.000000	0.716060,3.291746,0.326628	0
19:26:36	0.716060,3.291746,0.326628	0.725812,3.157162,0.498583	0.000000,0.000000,0.000000	0.716060,3.291746,0.326628	0
19:26:36	0.716060,3.291746,0.326628	0.725812,3.157162,0.498583	0.000000,0.000000,0.000000	0.716060,3.291746,0.326628	0
19:26:36	0.716060,3.291746,0.326628	0.725812,3.157162,0.498583	0.000000,0.000000,0.000000	0.716060,3.291746,0.326628	0
19:26:36	0.716060,3.291746,0.326628	0.725812,3.157162,0.498583	0.000000,0.000000,0.000000	0.716060,3.291746,0.326628	0
19:26:37	0.716060,3.291746,0.326628	0.725812,3.157162,0.498583	0.000000,0.000000,0.000000	0.716060,3.291746,0.326628	0
19:26:37	0.716060,3.291746,0.326628	0.725812,3.157162,0.498583	0.000000,0.000000,0.000000	0.716060,3.291746,0.326628	0
19:26:37	0.716060,3.291746,0.326628	0.725812,3.157162,0.498583	0.000000,0.000000,0.000000	0.716060,3.291746,0.326628	0
19:26:37	0.716060,3.291746,0.326628	0.725812,3.157162,0.498583	0.000000,0.000000,0.000000	0.716060,3.291746,0.326628	0
19:26:37	0.716060,3.291746,0.326628	0.725812,3.157162,0.498583	0.000000,0.000000,0.000000	0.716060,3.291746,0.326628	0
19:26:37	0.716060,3.291746,0.326628	0.725812,3.157162,0.498583	0.000000,0.000000,0.000000	0.716060,3.291746,0.326628	0
19:26:37	0.716060,3.291746,0.326628	0.725812,3.157162,0.498583	0.000000,0.000000,0.000000	0.716060,3.291746,0.326628	0
19:26:37	0.716060,3.291746,0.326628	0.725812,3.157162,0.498583	0.000000,0.000000,0.000000	0.716060,3.291746,0.326628	0
19:26:37	0.716060,3.291746,0.326628	0.725812,3.157162,0.498583	0.000000,0.000000,0.000000	0.716060,3.291746,0.326628	0
19:26:37	0.716060,3.291746,0.326628	0.725812,3.157162,0.498583	0.000000,0.000000,0.000000	0.716060,3.291746,0.326628	0
19:26:38	0.716060,3.291746,0.326628	0.725812,3.157162,0.498583	0.000000,0.000000,0.000000	0.716060,3.291746,0.326628	0
19:26:38	0.716060,3.291746,0.326628	0.725812,3.157162,0.498583	0.000000,0.000000,0.000000	0.716060,3.291746,0.326628	0
19:26:38	0.716060,3.291746,0.326628	0.725812,3.157162,0.498583	0.000000,0.000000,0.000000	0.716060,3.291746,0.326628	0
19:26:38	1.784569,2.052884,0.950480	1.983705,2.063534,0.980905	0.000000,0.000000,0.000000	1.784569,2.052884,0.950480	0
19:26:38	1.784569,2.052884,0.950480	1.972268,2.003329,1.046677	0.000000,0.000000,0.000000	1.784569,2.052884,0.950480	0
19:26:38	1.795545,2.104402,0.919286	1.994243,2.123633,0.943738	0.000000,0.000000,0.000000	1.795545,2.104402,0.919286	0
19:26:38	1.795545,2.104402,0.919286	1.978630,2.070925,1.065699	0.000000,0.000000,0.000000	1.795545,2.104402,0.919286	0
19:26:38	1.795545,2.104402,0.919286	1.941434,2.038418,1.158974	0.000000,0.000000,0.000000	1.795545,2.104402,0.919286	0
19:26:38	1.795545,2.104402,0.919286	1.913687,2.027105,1.202606	0.000000,0.000000,0.000000	1.795545,2.104402,0.919286	0
19:26:38	1.795545,2.104402,0.919286	1.896083,2.026949,1.228434	0.000000,0.000000,0.000000	1.795545,2.104402,0.919286	0
19:26:39	1.795545,2.104402,0.919286	1.883873,2.030711,1.246503	0.000000,0.000000,0.000000	1.795545,2.104402,0.919286	0
19:26:39	1.665771,2.224480,0.671599	1.864077,2.243625,0.706720	0.000000,0.000000,0.000000	1.665771,2.224480,0.671599	0
19:26:39	1.648795,2.233187,0.639307	1.831043,2.232790,0.804056	0.000000,0.000000,0.000000	1.648795,2.233187,0.639307	0
19:26:39	1.648795,2.233187,0.639307	1.784048,2.213480,0.931322	0.000000,0.000000,0.000000	1.648795,2.233187,0.639307	0
19:26:39	1.648795,2.233187,0.639307	1.751608,2.208064,0.978708	0.000000,0.000000,0.000000	1.648795,2.233187,0.639307	0
19:26:39	1.648795,2.233187,0.639307	1.726927,2.208777,1.004270	0.000000,0.000000,0.000000	1.648795,2.233187,0.639307	0
19:26:39	1.648795,2.233187,0.639307	1.707772,2.212984,1.019378	0.000000,0.000000,0.000000	1.648795,2.233187,0.639307	0
19:26:39	1.648795,2.233187,0.639307	1.691276,2.220283,1.029326	0.000000,0.000000,0.000000	1.648795,2.233187,0.639307	0
19:26:39	1.648795,2.233187,0.639307	1.674453,2.229504,1.035933	0.000000,0.000000,0.000000	1.648795,2.233187,0.639307	0
19:26:39	1.648795,2.233187,0.639307	1.657586,2.238578,1.038775	0.000000,0.000000,0.000000	1.648795,2.233187,0.639307	0
19:26:40	1.648795,2.233187,0.639307	1.506669,2.216467,0.782425	0.000000,0.000000,0.000000	1.648795,2.233187,0.639307	0
19:26:40	1.648795,2.233187,0.639307	1.506669,2.216467,0.782425	0.000000,0.000000,0.000000	1.648795,2.233187,0.639307	0
19:26:40	1.648795,2.233187,0.639307	1.506669,2.216467,0.782425	0.000000,0.000000,0.000000	1.648795,2.233187,0.639307	0
19:26:40	1.648795,2.233187,0.639307	1.506669,2.216467,0.782425	0.000000,0.000000,0.000000	1.648795,2.233187,0.639307	0
19:26:40	1.648795,2.233187,0.639307	1.511760,2.215692,0.800741	0.000000,0.000000,0.000000	1.648795,2.233187,0.639307	0
19:26:40	1.648795,2.233187,0.639307	1.620305,2.183874,0.340264	0.000000,0.000000,0.000000	1.648795,2.233187,0.639307	0
19:26:40	1.648795,2.233187,0.639307	1.627727,2.173370,0.345518	0.000000,0.000000,0.000000	1.648795,2.233187,0.639307	0
19:26:40	1.648795,2.233187,0.639307	1.635859,2.162532,0.353366	0.000000,0.000000,0.000000	1.648795,2.233187,0.639307	0
19:26:40	1.648795,2.233187,0.639307	1.653370,2.139363,0.380262	0.000000,0.000000,0.000000	1.648795,2.233187,0.639307	0
19:26:40	1.648795,2.233187,0.639307	1.661533,2.125423,0.404150	0.000000,0.000000,0.000000	1.648795,2.233187,0.639307	0
19:26:41	1.648795,2.233187,0.639307	1.677740,2.118626,0.423549	0.000000,0.000000,0.000000	1.648795,2.233187,0.639307	0
19:26:41	1.648795,2.233187,0.639307	1.683004,2.112558,0.440527	0.000000,0.000000,0.000000	1.648795,2.233187,0.639307	0
19:26:41	1.648795,2.233187,0.639307	1.696533,2.109057,0.461400	0.000000,0.000000,0.000000	1.648795,2.233187,0.639307	0
19:26:41	1.648795,2.233187,0.639307	1.699480,2.105431,0.475483	0.000000,0.000000,0.000000	1.648795,2.233187,0.639307	0
19:26:41	1.648795,2.233187,0.639307	1.704662,2.102322,0.492977	0.000000,0.000000,0.000000	1.648795,2.233187,0.639307	0
19:26:41	1.648795,2.233187,0.639307	1.704662,2.102322,0.492977	0.000000,0.000000,0.000000	1.648795,2.233187,0.639307	0
19:26:41	1.648795,2.233187,0.639307	1.715508,2.100205,0.521575	0.000000,0.000000,0.000000	1.648795,2.233187,0.639307	0
19:26:41	1.648795,2.233187,0.639307	1.713550,2.098495,0.525031	0.000000,0.000000,0.000000	1.648795,2.233187,0.639307	0
19:26:41	1.648795,2.233187,0.639307	1.716198,2.098794,0.529846	0.000000,0.000000,0.000000	1.648795,2.233187,0.639307	0
19:26:41	1.648795,2.233187,0.639307	1.721300,2.099301,0.540972	0.000000,0.000000,0.000000	1.648795,2.233187,0.639307	0
19:26:42	1.648795,2.233187,0.639307	1.723420,2.099732,0.545059	0.000000,0.000000,0.000000	1.648795,2.233187,0.639307	0
19:26:42	1.648795,2.233187,0.639307	1.725348,2.100169,0.548847	0.000000,0.000000,0.000000	1.648795,2.233187,0.639307	0
19:26:42	1.648795,2.233187,0.639307	1.727709,2.099587,0.561241	0.000000,0.000000,0.000000	1.648795,2.233187,0.639307	0
19:26:42	1.648795,2.233187,0.639307	1.727709,2.099587,0.561241	0.000000,0.000000,0.000000	1.648795,2.233187,0.639307	0
19:26:42	1.648795,2.233187,0.639307	1.727877,2.097918,0.574555	0.000000,0.000000,0.000000	1.648795,2.233187,0.639307	0
19:26:42	1.648795,2.233187,0.639307	1.727877,2.097918,0.574555	0.000000,0.000000,0.000000	1.648795,2.233187,0.639307	0
19:26:42	1.648795,2.233187,0.639307	1.732921,2.099715,0.586089	0.000000,0.000000,0.000000	1.648795,2.233187,0.639307	0
19:26:42	1.648795,2.233187,0.639307	1.732921,2.099715,0.586089	0.000000,0.000000,0.000000	1.648795,2.233187,0.639307	0
19:26:42	1.648795,2.233187,0.639307	1.739243,2.103011,0.595803	0.000000,0.000000,0.000000	1.648795,2.233187,0.639307	0
19:26:42	1.648795,2.233187,0.639307	1.739243,2.103011,0.595803	0.000000,0.000000,0.000000	1.648795,2.233187,0.639307	0
19:26:43	1.648795,2.233187,0.639307	1.742038,2.104943,0.596449	0.000000,0.000000,0.000000	1.648795,2.233187,0.639307	0
19:26:43	1.648795,2.233187,0.639307	1.746665,2.108457,0.596234	0.000000,0.000000,0.000000	1.648795,2.233187,0.639307	0
19:26:43	1.648795,2.233187,0.639307	1.746665,2.108457,0.596234	0.000000,0.000000,0.000000	1.648795,2.233187,0.639307	0
19:26:43	1.648795,2.233187,0.639307	1.746665,2.108457,0.596234	0.000000,0.000000,0.000000	1.648795,2.233187,0.639307	0
19:26:43	1.648795,2.233187,0.639307	1.744709,2.106874,0.597094	0.000000,0.000000,0.000000	1.648795,2.233187,0.639307	0
19:26:43	1.648795,2.233187,0.639307	1.744709,2.106874,0.597094	0.000000,0.000000,0.000000	1.648795,2.233187,0.639307	0
19:26:43	1.648795,2.233187,0.639307	1.745641,2.106899,0.606316	0.000000,0.000000,0.000000	1.648795,2.233187,0.639307	0
19:26:43	1.648795,2.233187,0.639307	1.743780,2.105453,0.606949	0.000000,0.000000,0.000000	1.648795,2.233187,0.639307	0
19:26:43	1.648795,2.233187,0.639307	1.743780,2.105453,0.606949	0.000000,0.000000,0.000000	1.648795,2.233187,0.639307	0
19:26:43	1.648795,2.233187,0.639307	1.745216,2.106028,0.616203	0.000000,0.000000,0.000000	1.648795,2.233187,0.639307	0
19:26:44	1.648795,2.233187,0.639307	1.745771,2.106419,0.616914	0.000000,0.000000,0.000000	1.648795,2.233187,0.639307	0
19:26:44	2.608203,1.029534,0.533051	2.681539,1.215510,0.521256	0.000000,0.000000,0.000000	2.608203,1.029534,0.533051	0
19:26:44	2.629239,1.013525,0.541174	2.603955,1.210502,0.493801	0.000000,0.000000,0.000000	2.629239,1.013525,0.541174	0
19:26:44	2.629239,1.013525,0.541174	2.533099,1.185307,0.470517	0.000000,0.000000,0.000000	2.629239,1.013525,0.541174	0
19:26:44	2.629239,1.013525,0.541174	2.510509,1.167215,0.445620	0.000000,0.000000,0.000000	2.629239,1.013525,0.541174	0
19:26:44	2.629239,1.013525,0.541174	2.499527,1.160131,0.459162	0.000000,0.000000,0.000000	2.629239,1.013525,0.541174	0
19:26:44	2.629239,1.013525,0.541174	2.495479,1.144954,0.402108	0.000000,0.000000,0.000000	2.629239,1.013525,0.541174	0
19:26:44	2.629239,1.013525,0.541174	2.497185,1.128389,0.347596	0.000000,0.000000,0.000000	2.629239,1.013525,0.541174	0
19:26:44	2.629239,1.013525,0.541174	2.498096,1.125902,0.339449	0.000000,0.000000,0.000000	2.629239,1.013525,0.541174	0
19:26:44	2.629239,1.013525,0.541174	2.506474,1.127288,0.322205	0.000000,0.000000,0.000000	2.629239,1.013525,0.541174	0
19:26:45	2.629239,1.013525,0.541174	2.502853,1.117776,0.311754	0.000000,0.000000,0.000000	2.629239,1.013525,0.541174	0
19:26:45	2.629239,1.013525,0.541174	2.732724,0.933234,0.724958	0.000000,0.000000,0.000000	2.629239,1.013525,0.541174	0
19:26:45	2.629239,1.013525,0.541174	2.728948,0.934461,0.735151	0.000000,0.000000,0.000000	2.629239,1.013525,0.541174	0
19:26:45	2.629239,1.013525,0.541174	2.723921,0.931232,0.739801	0.000000,0.000000,0.000000	2.629239,1.013525,0.541174	0
19:26:45	2.629239,1.013525,0.541174	2.725807,0.935536,0.743088	0.000000,0.000000,0.000000	2.629239,1.013525,0.541174	0
19:26:45	2.629239,1.013525,0.541174	2.725554,0.934515,0.741980	0.000000,0.000000,0.000000	2.629239,1.013525,0.541174	0
19:26:45	2.629239,1.013525,0.541174	2.724753,0.940032,0.751656	0.000000,0.000000,0.000000	2.629239,1.013525,0.541174	0
19:26:45	2.629239,1.013525,0.541174	2.724753,0.940032,0.751656	0.000000,0.000000,0.000000	2.629239,1.013525,0.541174	0
19:26:45	2.629239,1.013525,0.541174	2.724620,0.938850,0.750229	0.000000,0.000000,0.000000	2.629239,1.013525,0.541174	0
19:26:45	2.629239,1.013525,0.541174	2.725959,0.941980,0.752139	0.000000,0.000000,0.000000	2.629239,1.013525,0.541174	0
19:26:46	2.629239,1.013525,0.541174	2.723849,0.943541,0.757978	0.000000,0.000000,0.000000	2.629239,1.013525,0.541174	0
19:26:46	2.629239,1.013525,0.541174	2.727147,0.944888,0.753804	0.000000,0.000000,0.000000	2.629239,1.013525,0.541174	0
19:26:46	2.629239,1.013525,0.541174	2.725082,0.946336,0.759344	0.000000,0.000000,0.000000	2.629239,1.013525,0.541174	0
19:26:46	2.629239,1.013525,0.541174	2.726188,0.948938,0.760530	0.000000,0.000000,0.000000	2.629239,1.013525,0.541174	0
19:26:46	2.629239,1.013525,0.541174	2.724206,0.950259,0.765483	0.000000,0.000000,0.000000	2.629239,1.013525,0.541174	0
19:26:46	2.629239,1.013525,0.541174	2.725246,0.952594,0.766295	0.000000,0.000000,0.000000	2.629239,1.013525,0.541174	0
19:26:46	2.629239,1.013525,0.541174	2.724187,0.948771,0.763811	0.000000,0.000000,0.000000	2.629239,1.013525,0.541174	0
19:26:46	2.629239,1.013525,0.541174	2.722348,0.950025,0.768316	0.000000,0.000000,0.000000	2.629239,1.013525,0.541174	0
19:26:46	2.629239,1.013525,0.541174	2.717563,0.950295,0.776128	0.000000,0.000000,0.000000	2.629239,1.013525,0.541174	0
19:26:46	2.629239,1.013525,0.541174	2.716688,0.955267,0.782492	0.000000,0.000000,0.000000	2.629239,1.013525,0.541174	0
19:26:47	2.629239,1.013525,0.541174	2.714920,0.956445,0.786128	0.000000,0.000000,0.000000	2.629239,1.013525,0.541174	0
19:26:47	2.629239,1.013525,0.541174	2.716159,0.958361,0.786137	0.000000,0.000000,0.000000	2.629239,1.013525,0.541174	0
19:26:47	2.629239,1.013525,0.541174	2.712824,0.960477,0.792566	0.000000,0.000000,0.000000	2.629239,1.013525,0.541174	0
19:26:47	2.629239,1.013525,0.541174	2.712824,0.960477,0.792566	0.000000,0.000000,0.000000	2.629239,1.013525,0.541174	0
19:26:47	2.629239,1.013525,0.541174	2.711221,0.961494,0.795509	0.000000,0.000000,0.000000	2.629239,1.013525,0.541174	0
19:26:47	2.629239,1.013525,0.541174	2.711221,0.961494,0.795509	0.000000,0.000000,0.000000	2.629239,1.013525,0.541174	0
19:26:47	2.629239,1.013525,0.541174	2.712457,0.963098,0.795196	0.000000,0.000000,0.000000	2.629239,1.013525,0.541174	0
19:26:47	2.629239,1.013525,0.541174	2.712457,0.963098,0.795196	0.000000,0.000000,0.000000	2.629239,1.013525,0.541174	0
19:26:47	2.629239,1.013525,0.541174	2.715151,0.963717,0.792078	0.000000,0.000000,0.000000	2.629239,1.013525,0.541174	0
19:26:47	2.629239,1.013525,0.541174	2.715151,0.963717,0.792078	0.000000,0.000000,0.000000	2.629239,1.013525,0.541174	0
19:26:48	2.629239,1.013525,0.541174	2.715151,0.963717,0.792078	0.000000,0.000000,0.000000	2.629239,1.013525,0.541174	0
19:26:48	2.629239,1.013525,0.541174	2.715151,0.963717,0.792078	0.000000,0.000000,0.000000	2.629239,1.013525,0.541174	0
19:26:48	2.629239,1.013525,0.541174	2.712457,0.963098,0.795196	0.000000,0.000000,0.000000	2.629239,1.013525,0.541174	0
19:26:48	2.629239,1.013525,0.541174	2.711825,0.959748,0.793265	0.000000,0.000000,0.000000	2.629239,1.013525,0.541174	0
19:26:48	2.629239,1.013525,0.541174	2.708382,0.955803,0.794192	0.000000,0.000000,0.000000	2.629239,1.013525,0.541174	0
19:26:48	2.629239,1.013525,0.541174	2.708382,0.955803,0.794192	0.000000,0.000000,0.000000	2.629239,1.013525,0.541174	0
19:26:48	2.629239,1.013525,0.541174	2.705502,0.955139,0.797103	0.000000,0.000000,0.000000	2.629239,1.013525,0.541174	0
19:26:48	2.629239,1.013525,0.541174	2.705502,0.955139,0.797103	0.000000,0.000000,0.000000	2.629239,1.013525,0.541174	0
19:26:48	2.629239,1.013525,0.541174	2.709866,0.954721,0.791304	0.000000,0.000000,0.000000	2.629239,1.013525,0.541174	0
19:26:48	2.629239,1.013525,0.541174	2.711389,0.953610,0.788249	0.000000,0.000000,0.000000	2.629239,1.013525,0.541174	0
19:26:49	2.629239,1.013525,0.541174	2.713726,0.955905,0.787279	0.000000,0.000000,0.000000	2.629239,1.013525,0.541174	0
19:26:49	2.629239,1.013525,0.541174	2.718207,0.955592,0.780576	0.000000,0.000000,0.000000	2.629239,1.013525,0.541174	0
19:26:49	2.629239,1.013525,0.541174	2.719899,0.954490,0.776932	0.000000,0.000000,0.000000	2.629239,1.013525,0.541174	0
19:26:49	2.629239,1.013525,0.541174	2.721628,0.953364,0.773077	0.000000,0.000000,0.000000	2.629239,1.013525,0.541174	0
19:26:49	2.629239,1.013525,0.541174	2.720704,0.949831,0.770757	0.000000,0.000000,0.000000	2.629239,1.013525,0.541174	0
19:26:49	2.629239,1.013525,0.541174	2.720704,0.949831,0.770757	0.000000,0.000000,0.000000	2.629239,1.013525,0.541174	0
19:26:49	2.629239,1.013525,0.541174	2.720704,0.949831,0.770757	0.000000,0.000000,0.000000	2.629239,1.013525,0.541174	0
19:26:49	2.629239,1.013525,0.541174	2.720704,0.949831,0.770757	0.000000,0.000000,0.000000	2.629239,1.013525,0.541174	0
19:26:49	2.629239,1.013525,0.541174	2.717859,0.948891,0.774145	0.000000,0.000000,0.000000	2.629239,1.013525,0.541174	0
19:26:49	2.629239,1.013525,0.541174	2.717859,0.948891,0.774145	0.000000,0.000000,0.000000	2.629239,1.013525,0.541174	0
19:26:50	2.629239,1.013525,0.541174	2.717859,0.948891,0.774145	0.000000,0.000000,0.000000	2.629239,1.013525,0.541174	0
19:26:50	2.629239,1.013525,0.541174	2.716905,0.945436,0.771639	0.000000,0.000000,0.000000	2.629239,1.013525,0.541174	0
19:26:50	2.629239,1.013525,0.541174	2.716905,0.945436,0.771639	0.000000,0.000000,0.000000	2.629239,1.013525,0.541174	0
19:26:50	2.629239,1.013525,0.541174	2.716905,0.945436,0.771639	0.000000,0.000000,0.000000	2.629239,1.013525,0.541174	0
19:26:50	2.629239,1.013525,0.541174	2.716905,0.945436,0.771639	0.000000,0.000000,0.000000	2.629239,1.013525,0.541174	0
19:26:50	2.629239,1.013525,0.541174	2.716905,0.945436,0.771639	0.000000,0.000000,0.000000	2.629239,1.013525,0.541174	0
19:26:50	2.629239,1.013525,0.541174	2.717859,0.948891,0.774145	0.000000,0.000000,0.000000	2.629239,1.013525,0.541174	0
19:26:50	2.629239,1.013525,0.541174	2.717859,0.948891,0.774145	0.000000,0.000000,0.000000	2.629239,1.013525,0.541174	0
19:26:50	2.629239,1.013525,0.541174	2.717859,0.948891,0.774145	0.000000,0.000000,0.000000	2.629239,1.013525,0.541174	0
19:26:50	2.629239,1.013525,0.541174	2.714886,0.947955,0.777521	0.000000,0.000000,0.000000	2.629239,1.013525,0.541174	0
19:26:51	2.629239,1.013525,0.541174	2.714886,0.947955,0.777521	0.000000,0.000000,0.000000	2.629239,1.013525,0.541174	0
19:26:51	2.629239,1.013525,0.541174	2.714886,0.947955,0.777521	0.000000,0.000000,0.000000	2.629239,1.013525,0.541174	0
19:26:51	2.629239,1.013525,0.541174	2.714886,0.947955,0.777521	0.000000,0.000000,0.000000	2.629239,1.013525,0.541174	0
19:26:51	2.629239,1.013525,0.541174	2.714886,0.947955,0.777521	0.000000,0.000000,0.000000	2.629239,1.013525,0.541174	0
19:26:51	2.629239,1.013525,0.541174	2.714886,0.947955,0.777521	0.000000,0.000000,0.000000	2.629239,1.013525,0.541174	0
19:26:51	2.629239,1.013525,0.541174	2.711784,0.947025,0.780873	0.000000,0.000000,0.000000	2.629239,1.013525,0.541174	0
19:26:51	2.629239,1.013525,0.541174	2.711784,0.947025,0.780873	0.000000,0.000000,0.000000	2.629239,1.013525,0.541174	0
19:26:51	2.629239,1.013525,0.541174	2.713473,0.945664,0.776966	0.000000,0.000000,0.000000	2.629239,1.013525,0.541174	0
19:26:51	2.629239,1.013525,0.541174	2.715202,0.944272,0.772814	0.000000,0.000000,0.000000	2.629239,1.013525,0.541174	0
19:26:51	2.629239,1.013525,0.541174	2.715478,0.940216,0.767347	0.000000,0.000000,0.000000	2.629239,1.013525,0.541174	0
19:26:52	3.362269,0.509204,1.325161	3.527205,0.593042,1.477050	0.000000,0.000000,0.000000	3.362269,0.509204,1.325161	0
19:26:52	3.333430,0.490245,1.241565	3.497362,0.574835,1.396105	0.000000,0.000000,0.000000	3.333430,0.490245,1.241565	0
19:26:52	3.333430,0.490245,1.241565	3.448091,0.590846,1.500271	0.000000,0.000000,0.000000	3.333430,0.490245,1.241565	0
19:26:52	3.333430,0.490245,1.241565	3.424760,0.584738,1.543093	0.000000,0.000000,0.000000	3.333430,0.490245,1.241565	0
19:26:52	3.333430,0.490245,1.241565	3.412174,0.595679,1.542783	0.000000,0.000000,0.000000	3.333430,0.490245,1.241565	0
19:26:52	3.333430,0.490245,1.241565	3.364356,0.614271,1.549209	0.000000,0.000000,0.000000	3.333430,0.490245,1.241565	0
19:26:52	3.333430,0.490245,1.241565	3.401665,0.590432,1.559726	0.000000,0.000000,0.000000	3.333430,0.490245,1.241565	0
19:26:52	3.333430,0.490245,1.241565	3.281149,0.409702,0.985600	0.000000,0.000000,0.000000	3.333430,0.490245,1.241565	0
19:26:52	3.333430,0.490245,1.241565	3.283000,0.408695,0.985390	0.000000,0.000000,0.000000	3.333430,0.490245,1.241565	0
19:26:52	3.333430,0.490245,1.241565	3.288059,0.409317,0.980856	0.000000,0.000000,0.000000	3.333430,0.490245,1.241565	0
19:26:53	3.333430,0.490245,1.241565	3.292233,0.409899,0.977388	0.000000,0.000000,0.000000	3.333430,0.490245,1.241565	0
19:26:53	3.333430,0.490245,1.241565	3.295727,0.410432,0.974669	0.000000,0.000000,0.000000	3.333430,0.490245,1.241565	0
