# Flight Log 
# 25 08 17 - 19:30:08
Time		X,Y,Z				goalX,goalY,goalZ		ddx,ddy,ddz			angularx,angulary,angularz	battery
19:30:08	0.000000,0.000000,0.000000	0.000000,0.000000,0.000000	0.000000,0.000000,0.000000	0.000000,0.000000,0.000000	0
19:30:08	0.682030,0.836808,0.409890	0.000000,0.000000,0.000000	-0.079036,0.129331,10.291399	0.682030,0.836808,0.409890	0
19:30:08	0.682050,0.836777,0.409930	0.764104,0.937915,0.378241	-0.074246,0.122146,10.293794	0.682050,0.836777,0.409930	4.11202335358
19:30:08	0.682068,0.836778,0.409920	0.763927,0.937959,0.378552	-0.074246,0.129331,10.289004	0.682068,0.836778,0.409920	4.11202335358
19:30:08	0.682025,0.836826,0.409905	0.764126,0.937916,0.378196	-0.076641,0.124541,10.296189	0.682025,0.836826,0.409905	4.11202335358
19:30:08	0.682024,0.836812,0.409904	0.764125,0.937911,0.378200	-0.079036,0.129331,10.291399	0.682024,0.836812,0.409904	4.11202335358
19:30:08	0.682365,0.836740,0.409738	0.764112,0.937918,0.378234	-0.086221,0.122146,10.296189	0.682365,0.836740,0.409738	4.11202335358
19:30:09	0.682027,0.836812,0.409893	0.764121,0.937915,0.378230	-0.076641,0.122146,10.277029	0.682027,0.836812,0.409893	4.11202335358
19:30:09	0.682051,0.836802,0.409877	0.763923,0.937959,0.378514	-0.071851,0.119751,10.286609	0.682051,0.836802,0.409877	4.10674476624
19:30:09	0.682049,0.836811,0.409883	0.764104,0.937916,0.378247	-0.081431,0.119751,10.289004	0.682049,0.836811,0.409883	4.11202335358
19:30:09	0.682029,0.836814,0.409882	0.764114,0.937911,0.378228	-0.071851,0.122146,10.284214	0.682029,0.836814,0.409882	4.11202335358
19:30:09	0.682046,0.836795,0.409872	0.764117,0.937918,0.378241	-0.069456,0.126936,10.293794	0.682046,0.836795,0.409872	4.11202335358
19:30:09	0.682024,0.836817,0.409899	0.764105,0.937935,0.378149	-0.071851,0.124541,10.279424	0.682024,0.836817,0.409899	4.10674476624
19:30:09	0.682028,0.836804,0.409893	0.764097,0.937931,0.378191	-0.074246,0.122146,10.281819	0.682028,0.836804,0.409893	4.11202335358
19:30:09	0.682030,0.836807,0.409903	0.764105,0.937927,0.378171	-0.076641,0.117356,10.289004	0.682030,0.836807,0.409903	4.11202335358
19:30:09	0.682029,0.836806,0.409886	0.764121,0.937921,0.378249	-0.086221,0.119751,10.291399	0.682029,0.836806,0.409886	4.11202335358
19:30:09	0.682025,0.836809,0.409903	0.764124,0.937911,0.378224	-0.081431,0.122146,10.291399	0.682025,0.836809,0.409903	4.11202335358
19:30:10	0.682042,0.836800,0.409897	0.763937,0.937938,0.378606	-0.079036,0.126936,10.303374	0.682042,0.836800,0.409897	4.11202335358
19:30:10	0.682038,0.836814,0.409883	0.764096,0.937930,0.378190	-0.081431,0.122146,10.291399	0.682038,0.836814,0.409883	4.10674476624
19:30:10	0.682035,0.836809,0.409879	0.764115,0.937910,0.378249	-0.074246,0.117356,10.281819	0.682035,0.836809,0.409879	4.10674476624
19:30:10	0.682085,0.836777,0.409897	0.763928,0.937944,0.378642	-0.083826,0.124541,10.289004	0.682085,0.836777,0.409897	4.11202335358
19:30:10	0.682042,0.836807,0.409893	0.764121,0.937919,0.378169	-0.083826,0.122146,10.293794	0.682042,0.836807,0.409893	4.10674476624
19:30:10	0.682017,0.836810,0.410001	0.763964,0.937907,0.378743	-0.131726,0.126936,10.310559	0.682017,0.836810,0.410001	4.03284454346
19:30:10	0.682307,0.836762,0.409724	0.763949,0.937929,0.378567	-0.086221,0.131726,10.262659	0.682307,0.836762,0.409724	4.02756595612
19:30:10	0.682030,0.836809,0.409937	0.764116,0.937902,0.378189	-0.110171,0.102986,10.087822	0.682030,0.836809,0.409937	4.02228736877
19:30:10	0.682040,0.836820,0.409980	0.764111,0.937907,0.378230	-0.114961,0.064666,10.506951	0.682040,0.836820,0.409980	4.01700878143
19:30:10	0.682276,0.836796,0.409770	0.764093,0.937934,0.377944	-0.083826,0.146096,10.353669	0.682276,0.836796,0.409770	4.00645160675
19:30:11	0.682013,0.836835,0.409859	0.764080,0.937923,0.377961	-0.093406,0.091011,10.207573	0.682013,0.836835,0.409859	4.00117301941
19:30:11	0.681994,0.836769,0.409885	0.764075,0.937905,0.378083	-0.069456,0.062271,10.305769	0.681994,0.836769,0.409885	3.99061584473
19:30:11	0.681890,0.836603,0.409914	0.764008,0.937972,0.378541	0.004790,0.079036,10.324929	0.681890,0.836603,0.409914	3.98533725739
19:30:11	0.681945,0.836432,0.409732	0.764068,0.938042,0.378454	-0.035925,0.198787,10.289004	0.681945,0.836432,0.409732	3.9747800827
19:30:11	0.681865,0.836282,0.409742	0.764159,0.938209,0.378664	-0.110171,-0.136516,10.241104	0.681865,0.836282,0.409742	3.96950149536
19:30:11	0.681804,0.836124,0.409702	0.764300,0.938242,0.378367	-0.160466,0.196392,10.298584	0.681804,0.836124,0.409702	3.95894432068
19:30:11	0.681769,0.836038,0.409730	0.764249,0.938372,0.378667	-0.009580,0.237107,9.889036	0.681769,0.836038,0.409730	3.948387146
19:30:11	0.682230,0.836536,0.409803	0.764207,0.938360,0.378709	0.074246,0.311353,10.442285	0.682230,0.836536,0.409803	3.94310855865
19:30:11	0.682820,0.837650,0.410044	0.763777,0.937608,0.377996	-0.136516,0.158071,10.396780	0.682820,0.837650,0.410044	3.93255138397
19:30:11	0.683134,0.837843,0.410004	0.763699,0.937492,0.377989	0.035925,0.107776,10.128538	0.683134,0.837843,0.410004	3.92727279663
19:30:12	0.683206,0.837469,0.410106	0.763363,0.937315,0.378035	-0.191602,0.285007,10.212363	0.683206,0.837469,0.410106	3.91671562195
19:30:12	0.683026,0.837446,0.410104	0.763501,0.937646,0.377918	0.057480,0.359253,10.602751	0.683026,0.837446,0.410104	3.90615844727
19:30:12	0.684301,0.837119,0.409466	0.763326,0.937409,0.378155	-0.124541,-0.016765,10.358459	0.684301,0.837119,0.409466	3.89560127258
19:30:12	0.683880,0.837384,0.409988	0.810939,0.933401,0.379460	0.023950,0.095801,10.506951	0.683880,0.837384,0.409988	3.8850440979
19:30:12	0.685486,0.837073,0.409696	0.810989,0.933601,0.379343	0.011975,0.047900,10.181228	0.685486,0.837073,0.409696	3.87976527214
19:30:12	0.688443,0.837655,0.409582	0.811684,0.935329,0.379580	0.067061,0.438289,10.226733	0.688443,0.837655,0.409582	3.86920809746
19:30:12	0.692367,0.839430,0.408970	0.812907,0.936928,0.378433	-0.328118,0.112566,10.071057	0.692367,0.839430,0.408970	3.85337233543
19:30:12	0.692951,0.839631,0.408772	0.811391,0.935917,0.378518	-0.356858,0.241897,10.281819	0.692951,0.839631,0.408772	3.84809374809
19:30:12	0.690506,0.838596,0.409913	0.811636,0.936221,0.379413	-0.031135,0.462239,10.571616	0.690506,0.838596,0.409913	3.84809374809
19:30:12	0.691477,0.836957,0.409762	0.812248,0.937128,0.378355	0.718506,0.155676,10.334509	0.691477,0.836957,0.409762	3.82697939873
19:30:13	0.693439,0.835558,0.410104	0.811392,0.938341,0.378605	0.069456,-0.138911,10.420730	0.693439,0.835558,0.410104	3.8111436367
19:30:13	0.696916,0.835075,0.409459	0.809608,0.938872,0.379122	0.752036,0.972378,10.506951	0.696916,0.835075,0.409459	3.79530787468
19:30:13	0.700050,0.834559,0.409721	0.807929,0.938980,0.378307	0.687371,0.299377,10.423125	0.700050,0.834559,0.409721	3.7847507
19:30:13	0.704758,0.834681,0.409228	0.805636,0.939362,0.378624	0.203577,0.318538,10.521321	0.704758,0.834681,0.409228	3.77419352531
19:30:13	0.709495,0.836011,0.410655	0.802715,0.939032,0.379013	-0.292192,0.433499,10.497371	0.709495,0.836011,0.410655	3.76363635063
19:30:13	0.716976,0.839338,0.412942	0.799452,0.937703,0.375140	1.247805,0.287402,10.660232	0.716976,0.839338,0.412942	3.75307917595
19:30:13	0.727280,0.846987,0.416815	0.794021,0.934765,0.368281	0.723296,0.526904,10.633887	0.727280,0.846987,0.416815	3.73724341393
19:30:13	0.740915,0.859424,0.424437	0.840369,0.929200,0.357153	1.786685,0.174836,10.447075	0.740915,0.859424,0.424437	3.72668623924
19:30:13	0.760679,0.876389,0.434804	0.830836,0.973779,0.444936	0.141306,0.404758,10.602751	0.760679,0.876389,0.434804	3.70557188988
19:30:13	0.787844,0.896371,0.446493	0.870523,0.962640,0.419681	0.732876,0.105381,10.277029	0.787844,0.896371,0.446493	3.68973612785
19:30:14	0.817764,0.919794,0.462118	0.853109,1.003349,0.391220	0.893342,0.074246,10.456655	0.817764,0.919794,0.462118	3.66862177849
19:30:14	0.846116,0.949409,0.479518	0.888753,0.987802,0.460593	0.170046,-0.107776,10.260264	0.846116,0.949409,0.479518	3.65806460381
19:30:14	0.875516,0.983733,0.503337	0.925157,1.022022,0.420161	0.347278,-0.392783,11.036250	0.875516,0.983733,0.503337	3.57888579369
19:30:14	0.906691,1.020268,0.528784	0.960695,1.054002,0.466839	0.486189,-0.201182,10.099797	0.906691,1.020268,0.528784	3.75835776329
19:30:14	0.942733,1.057062,0.554549	0.994263,1.085243,0.518386	1.453777,0.023950,10.574011	0.942733,1.057062,0.554549	3.66862177849
19:30:14	0.983262,1.092828,0.583311	1.024802,1.116585,0.460787	0.601150,0.361648,10.095007	0.983262,1.092828,0.583311	3.37302064896
19:30:14	1.025074,1.125392,0.606860	1.052928,1.149189,0.505899	0.395178,0.986748,9.546548	1.025074,1.125392,0.606860	3.37302064896
19:30:14	1.064656,1.153814,0.630986	1.081839,1.184076,0.454646	0.337698,0.675396,9.671089	1.064656,1.153814,0.630986	3.67390036583
19:30:14	1.100716,1.179847,0.645868	1.111892,1.221110,0.622137	0.366438,0.493374,10.039922	1.100716,1.179847,0.645868	3.68445754051
19:30:14	1.127388,1.204726,0.664782	1.197751,1.257932,0.584435	0.162861,0.316143,10.169253	1.127388,1.204726,0.664782	3.66334319115
19:30:15	1.144833,1.230254,0.679015	1.238799,1.297514,0.654797	0.387993,0.256267,9.558523	1.144833,1.230254,0.679015	3.67390036583
19:30:15	1.154350,1.257557,0.696526	1.230448,1.281883,0.624530	0.114961,0.814307,10.356064	1.154350,1.257557,0.696526	3.35718488693
19:30:15	1.160229,1.287892,0.710704	1.279038,1.318105,0.693330	0.148491,-0.088616,10.154883	1.160229,1.287892,0.710704	3.65806460381
19:30:15	1.165603,1.320589,0.722409	1.275944,1.352546,0.665614	0.150886,-0.102986,10.236313	1.165603,1.320589,0.722409	3.64750742912
19:30:15	1.173727,1.354698,0.730753	1.272179,1.385910,0.748894	0.639470,-0.548459,10.674602	1.173727,1.354698,0.730753	3.77419352531
19:30:15	1.185911,1.391470,0.743874	1.266233,1.418164,0.729100	0.086221,0.294587,10.380015	1.185911,1.391470,0.743874	3.65806460381
19:30:15	1.202702,1.431219,0.756136	1.257876,1.448623,0.697780	0.368833,0.423918,9.898616	1.202702,1.431219,0.756136	3.73196482658
19:30:15	1.223999,1.471432,0.762010	1.299741,1.477799,0.676692	1.932781,-0.445474,9.857900	1.223999,1.471432,0.762010	3.77947211266
19:30:15	1.248494,1.510291,0.759544	1.286368,1.560620,0.777501	1.037043,-0.263452,10.372830	1.248494,1.510291,0.759544	3.68445754051
19:30:15	1.276384,1.547346,0.761675	1.324156,1.591109,0.781878	0.043110,-0.102986,10.559641	1.276384,1.547346,0.761675	3.64222884178
19:30:16	1.306069,1.583330,0.768184	1.360165,1.622479,0.772100	0.047900,-0.091011,10.329719	1.306069,1.583330,0.768184	3.64750742912
19:30:16	1.335536,1.618485,0.773882	1.395556,1.654548,0.757773	0.196392,-1.211880,10.787168	1.335536,1.618485,0.773882	3.64750742912
19:30:16	1.364092,1.653124,0.776533	1.431595,1.686829,0.747258	0.007185,-0.150886,9.953701	1.364092,1.653124,0.776533	3.64222884178
19:30:16	1.389611,1.686656,0.778006	1.415173,1.719702,0.742204	-0.407153,0.117356,10.116563	1.389611,1.686656,0.778006	3.69501471519
19:30:16	1.411930,1.720034,0.777172	1.453676,1.752883,0.742428	-0.009580,0.028740,10.006392	1.411930,1.720034,0.777172	3.63695025444
19:30:16	1.429984,1.753436,0.775554	1.494733,1.786347,0.744722	-0.028740,0.404758,10.363250	1.429984,1.753436,0.775554	3.63695025444
19:30:16	1.443449,1.786772,0.775623	1.538574,1.819740,0.746586	-0.031135,0.608335,10.346484	1.443449,1.786772,0.775623	3.6316716671
19:30:16	1.455263,1.821407,0.775826	1.530902,1.852730,0.746942	0.162861,-0.026345,10.106982	1.455263,1.821407,0.775826	3.63695025444
19:30:16	1.468133,1.857513,0.776728	1.523734,1.884851,0.745960	-0.110171,-0.407153,10.552456	1.468133,1.857513,0.776728	3.62639307976
19:30:16	1.482939,1.895483,0.777486	1.568133,1.914249,0.743551	0.021555,-0.069456,10.047107	1.482939,1.895483,0.777486	3.63695025444
19:30:17	1.499574,1.934393,0.777291	1.559548,1.946313,0.742868	0.028740,0.249082,10.456655	1.499574,1.934393,0.777291	3.64222884178
19:30:17	1.518070,1.972871,0.776701	1.602474,1.923041,0.743386	0.359253,-0.325723,10.415940	1.518070,1.972871,0.776701	3.6316716671
19:30:17	1.538979,2.010219,0.775145	1.590824,1.953448,0.745778	0.292192,-0.244292,10.231523	1.538979,2.010219,0.775145	3.6316716671
19:30:17	1.563539,2.043720,0.774194	1.630733,2.091817,0.749393	-0.026345,-0.328118,10.550061	1.563539,2.043720,0.774194	3.61583590508
19:30:17	1.590987,2.071576,0.774013	1.668389,2.126485,0.750175	0.069456,0.189207,10.614727	1.590987,2.071576,0.774013	3.63695025444
19:30:17	1.618106,2.096153,0.773088	1.651881,2.164114,0.751218	0.320933,0.107776,9.728569	1.618106,2.096153,0.773088	3.6316716671
19:30:17	1.643853,2.120010,0.771636	1.689248,2.149717,0.754040	-0.275427,0.495769,10.650652	1.643853,2.120010,0.771636	3.62111449242
19:30:17	1.667448,2.145162,0.769632	1.726383,2.187228,0.864302	1.029858,0.847837,10.351274	1.667448,2.145162,0.769632	3.62639307976
19:30:17	1.689115,2.171193,0.773110	1.767269,2.173068,0.866370	0.962798,0.009580,10.911709	1.689115,2.171193,0.773110	3.45747804642
19:30:17	1.708083,2.197748,0.780575	1.753991,2.156026,0.744298	0.728086,0.608335,10.233918	1.708083,2.197748,0.780575	3.62639307976
19:30:18	1.725189,2.223748,0.777667	1.796604,2.193471,0.735101	0.050295,0.328118,9.668694	1.725189,2.223748,0.777667	3.8850440979
19:30:18	1.741066,2.247850,0.766358	1.840811,2.179578,0.751858	0.898132,0.155676,9.972861	1.741066,2.247850,0.766358	3.63695025444
19:30:18	1.756647,2.271070,0.755986	1.831524,2.218768,0.777958	0.950823,1.001118,10.768008	1.756647,2.271070,0.755986	3.52609968185
19:30:18	1.774006,2.294163,0.752835	1.875163,2.364924,0.794379	0.083826,0.457449,10.545271	1.774006,2.294163,0.752835	3.58416438103
19:30:18	1.792599,2.318010,0.751105	1.864308,2.350921,0.798756	-0.196392,-0.433499,10.509346	1.792599,2.318010,0.751105	3.62111449242
19:30:18	1.811196,2.340757,0.750131	1.906525,2.390037,0.802036	-0.043110,0.581990,10.118958	1.811196,2.340757,0.750131	3.62111449242
19:30:18	1.829522,2.361949,0.750726	1.895362,2.376783,0.802596	0.886157,0.644260,9.685459	1.829522,2.361949,0.750726	3.60527873039
19:30:18	1.846884,2.382587,0.750418	1.937890,2.364419,0.801596	0.720901,0.934058,10.514136	1.846884,2.382587,0.750418	3.61055731773
19:30:18	1.863579,2.402752,0.749569	1.927735,2.351971,0.803212	0.009580,0.981958,10.265054	1.863579,2.402752,0.749569	3.61583590508
19:30:18	1.880761,2.420619,0.748591	1.970898,2.446978,0.805457	-0.251477,0.033530,10.650652	1.880761,2.420619,0.748591	3.60000014305
19:30:19	1.897452,2.434870,0.748993	1.960626,2.437206,0.806059	0.179626,0.273032,10.073452	1.897452,2.434870,0.748993	3.61055731773
19:30:19	1.912590,2.448069,0.748248	2.003522,2.428398,0.806007	0.428708,-0.045505,10.248289	1.912590,2.448069,0.748248	3.60527873039
19:30:19	1.926327,2.461258,0.747002	1.995619,2.421168,0.808340	0.598755,-0.059875,10.097402	1.926327,2.461258,0.747002	3.60527873039
19:30:19	1.939641,2.474511,0.745522	2.040898,2.466635,0.811278	0.289797,0.050295,10.545271	1.939641,2.474511,0.745522	3.58944296837
19:30:19	1.952508,2.489060,0.745082	2.032952,2.458458,0.813773	0.797542,0.021555,10.597961	1.952508,2.489060,0.745082	3.60527873039
19:30:19	1.964833,2.506318,0.744290	2.025407,2.449059,0.814903	0.107776,-0.189207,9.960886	1.964833,2.506318,0.744290	3.58944296837
19:30:19	1.976896,2.523528,0.744831	2.070809,2.490905,0.815691	-0.095801,0.064666,9.975256	1.976896,2.523528,0.744831	3.59472155571
19:30:19	1.988836,2.538096,0.746697	2.063629,2.481272,0.812845	-0.040715,0.258662,10.277029	1.988836,2.538096,0.746697	3.60000014305
19:30:19	2.001808,2.550071,0.747815	2.056899,2.527279,0.809452	1.053809,0.268242,9.687854	2.001808,2.550071,0.747815	3.61055731773
19:30:19	2.016198,2.559937,0.749231	2.102050,2.627472,0.913763	-0.215552,0.308958,10.432705	2.016198,2.559937,0.749231	3.60527873039
19:30:20	2.031374,2.571829,0.757797	2.093211,2.674680,0.905330	0.191602,0.668210,10.463840	2.031374,2.571829,0.757797	3.55777144432
19:30:20	2.047071,2.589106,0.769316	2.128922,2.659053,0.970205	0.828677,-0.170046,11.206296	2.047071,2.589106,0.769316	3.59472155571
19:30:20	2.063449,2.613127,0.787010	2.127793,2.654328,0.958865	3.182981,2.105222,10.916499	2.063449,2.613127,0.787010	3.59472155571
19:30:20	2.081146,2.642944,0.803211	2.170928,2.638376,0.919210	0.148491,0.756826,9.996812	2.081146,2.642944,0.803211	3.64750742912
19:30:20	2.099679,2.675801,0.812795	2.160013,2.672840,0.888423	0.416733,0.450264,9.714199	2.099679,2.675801,0.812795	3.72668623924
19:30:20	2.118687,2.709132,0.817600	2.201280,2.704427,0.872560	-0.244292,0.126936,10.059082	2.118687,2.709132,0.817600	3.58416438103
19:30:20	2.138366,2.742338,0.819158	2.190716,2.686021,0.759189	0.268242,0.253872,9.793235	2.138366,2.742338,0.819158	3.58944296837
19:30:20	2.158852,2.773454,0.810121	2.231932,2.719903,0.868825	0.902922,0.265847,9.563313	2.158852,2.773454,0.810121	3.84809374809
19:30:20	2.179323,2.799993,0.800823	2.272984,2.755466,0.788965	-0.184417,0.335303,11.043435	2.179323,2.799993,0.800823	3.84809374809
19:30:20	2.199284,2.821629,0.789819	2.259717,2.793223,0.808216	0.479004,0.866997,9.970466	2.199284,2.821629,0.789819	3.82697939873
19:30:21	2.218867,2.838889,0.777030	2.301234,2.781473,0.836471	0.462239,0.114961,10.243499	2.218867,2.838889,0.777030	3.56305003166
19:30:21	2.239735,2.851931,0.774570	2.289198,2.826008,0.857569	0.529299,0.150886,11.728411	2.239735,2.851931,0.774570	3.43636369705
19:30:21	2.264277,2.864140,0.782543	2.329089,2.818580,0.847788	1.029858,0.325723,10.851833	2.264277,2.864140,0.782543	3.57888579369
19:30:21	2.291018,2.877821,0.789962	2.366761,2.864052,0.829621	0.285007,0.459844,10.447075	2.291018,2.877821,0.789962	3.6316716671
19:30:21	2.317585,2.891532,0.794153	2.352070,2.856554,0.817280	0.684976,0.323328,9.697434	2.317585,2.891532,0.794153	3.58416438103
19:30:21	2.342492,2.906556,0.793151	2.388508,2.900620,0.812905	2.627336,0.778381,10.159673	2.342492,2.906556,0.793151	3.58944296837
19:30:21	2.364543,2.922851,0.790070	2.427603,2.891244,0.818515	0.397573,-0.071851,10.358459	2.364543,2.922851,0.790070	3.58944296837
19:30:21	2.384016,2.940623,0.787210	2.468680,2.827705,0.931851	0.361648,0.301772,10.164463	2.384016,2.940623,0.787210	3.56305003166
19:30:21	2.403456,2.959829,0.790435	2.457255,2.869868,0.933794	2.234553,1.966311,10.765613	2.403456,2.959829,0.790435	3.568328619
19:30:21	2.424264,2.979225,0.800731	2.488736,2.871025,0.998007	0.261057,0.728086,10.892549	2.424264,2.979225,0.800731	3.56305003166
19:30:22	2.445144,3.000843,0.816691	2.480483,2.861246,0.975153	-0.364043,-0.019160,10.504556	2.445144,3.000843,0.816691	3.56305003166
19:30:22	2.467760,3.021886,0.831174	2.527449,2.887333,0.962578	0.057480,0.783171,10.023157	2.467760,3.021886,0.831174	3.67917895317
19:30:22	2.492104,3.037662,0.844375	2.566659,2.982463,1.039147	0.502954,0.011975,11.184741	2.492104,3.037662,0.844375	3.56305003166
19:30:22	2.516500,3.049160,0.863080	2.550746,3.027055,1.002675	0.890947,0.134121,10.538086	2.516500,3.049160,0.863080	3.48387098312
19:30:22	2.540688,3.059110,0.878769	2.589491,3.020747,1.068984	0.869392,0.311353,10.027947	2.540688,3.059110,0.878769	3.60527873039
19:30:22	2.563457,3.068568,0.896667	2.628622,3.068364,1.035178	0.433499,0.409548,10.272239	2.563457,3.068568,0.896667	3.568328619
19:30:22	2.585221,3.079143,0.913133	2.669767,3.063051,1.104056	0.718506,-0.045505,9.884246	2.585221,3.079143,0.913133	3.65806460381
19:30:22	2.606143,3.092926,0.926440	2.655841,3.055358,1.069332	0.742456,0.320933,10.296189	2.606143,3.092926,0.926440	3.55777144432
19:30:22	2.626086,3.109594,0.935402	2.697918,3.100327,1.153423	0.301772,0.189207,10.674602	2.626086,3.109594,0.935402	3.70557188988
19:30:22	2.645232,3.129146,0.950531	2.738530,3.088705,1.126840	0.014370,1.022673,10.324929	2.645232,3.129146,0.950531	3.29912042618
19:30:23	2.664725,3.151988,0.964564	2.727078,3.075935,1.092649	0.102986,0.819097,9.989626	2.664725,3.151988,0.964564	3.62639307976
19:30:23	2.686166,3.176347,0.978891	2.763166,3.069067,1.158829	0.114961,-0.222737,10.859019	2.686166,3.176347,0.978891	3.54721426964
19:30:23	2.710527,3.199063,1.000240	2.751980,3.053710,1.124656	0.002395,-0.062271,10.911709	2.710527,3.199063,1.000240	3.30967760086
19:30:23	2.738315,3.217880,1.020046	2.793654,3.195421,1.193796	0.136516,0.234712,9.738149	2.738315,3.217880,1.020046	3.60527873039
19:30:23	2.768820,3.229374,1.044692	2.827928,3.185263,1.144455	0.792751,1.120869,10.696157	2.768820,3.229374,1.044692	3.52082109451
19:30:23	2.798817,3.236126,1.067157	2.864529,3.233671,1.199071	0.100591,0.486189,9.831555	2.798817,3.236126,1.067157	3.568328619
19:30:23	2.826544,3.240832,1.091195	2.845550,3.230249,1.254550	0.694556,0.354463,11.062595	2.826544,3.240832,1.091195	3.44164228439
19:30:23	2.850847,3.246133,1.123514	2.884351,3.227685,1.197336	0.500559,0.002395,10.396780	2.850847,3.246133,1.123514	3.27272748947
19:30:23	2.870613,3.253605,1.150013	2.923188,3.223536,1.230488	1.159189,0.191602,9.975256	2.870613,3.253605,1.150013	3.75835776329
19:30:23	2.886908,3.263612,1.176009	2.965938,3.271661,1.282423	1.329236,1.065784,10.461445	2.886908,3.263612,1.176009	3.45747804642
19:30:24	2.903382,3.277906,1.208550	2.956308,3.264568,1.324433	0.828677,0.397573,11.208691	2.903382,3.277906,1.208550	3.2885632515
19:30:24	2.920272,3.296091,1.250443	3.000366,3.255543,1.251694	0.447869,-0.016765,10.449470	2.920272,3.296091,1.250443	3.3149561882
19:30:24	2.935863,3.314044,1.286855	2.989758,3.296822,1.152707	0.668210,0.728086,9.192085	2.935863,3.314044,1.286855	3.7214076519
19:30:24	2.950224,3.330175,1.306974	3.034142,3.286568,1.196043	1.185535,0.701741,9.062754	2.950224,3.330175,1.306974	3.85337233543
19:30:24	2.964635,3.344307,1.322476	3.025629,3.330926,1.268336	0.273032,-0.165256,10.253079	2.964635,3.344307,1.322476	3.55777144432
19:30:24	2.981390,3.356730,1.337501	3.069775,3.322829,1.233474	0.064666,0.112566,9.774075	2.981390,3.356730,1.337501	3.55249285698
19:30:24	3.001139,3.367447,1.347411	3.058781,3.369277,1.312412	-0.124541,-0.110171,10.274634	3.001139,3.367447,1.347411	3.68973612785
19:30:24	3.022960,3.378715,1.361203	3.100647,3.363469,1.290561	1.202300,0.613125,10.705737	3.022960,3.378715,1.361203	3.27800607681
19:30:24	3.045702,3.391917,1.373068	3.086059,3.355610,1.364730	0.543669,0.699346,10.442285	3.045702,3.391917,1.373068	3.25161314011
19:30:24	3.068635,3.407259,1.388820	3.126840,3.347720,1.339595	0.124541,0.625100,10.238708	3.068635,3.407259,1.388820	3.25161314011
19:30:25	3.091084,3.422276,1.403004	3.165390,3.337815,1.301191	-0.021555,0.059875,9.551338	3.091084,3.422276,1.403004	3.64222884178
19:30:25	3.113307,3.436509,1.410339	3.152038,3.329052,1.384161	1.571133,0.797542,10.047107	3.113307,3.436509,1.410339	3.24633455276
19:30:25	3.135777,3.448861,1.420932	3.191918,3.427512,1.366960	0.493374,0.294587,10.624307	3.135777,3.448861,1.420932	3.6316716671
19:30:25	3.157328,3.459247,1.431216	3.233046,3.421324,1.343970	0.081431,0.550854,9.958491	3.157328,3.459247,1.431216	3.63695025444
19:30:25	3.177427,3.468746,1.436271	3.219539,3.415128,1.431702	-0.043110,0.203577,10.384805	3.177427,3.468746,1.436271	3.63695025444
19:30:25	3.196658,3.479024,1.446191	3.261010,3.355645,1.417385	3.757786,1.458567,10.300979	3.196658,3.479024,1.446191	3.60527873039
19:30:25	3.214360,3.487693,1.456809	3.298543,3.356256,1.396169	0.258662,-0.040715,10.403965	3.214360,3.487693,1.456809	3.53665685654
19:30:25	3.231805,3.493657,1.463458	3.292888,3.398717,1.479706	0.285007,0.493374,9.766890	3.231805,3.493657,1.463458	3.53665685654
19:30:25	3.251622,3.496562,1.468107	3.335170,3.396023,1.468382	0.086221,0.433499,10.360854	3.251622,3.496562,1.468107	3.53665685654
19:30:25	3.274461,3.496194,1.471418	3.322378,3.395305,1.459326	0.349673,-0.268242,10.063872	3.274461,3.496194,1.471418	3.568328619
19:30:26	3.299458,3.493575,1.472815	3.361276,3.396253,1.454413	0.802332,0.112566,10.427915	3.299458,3.493575,1.472815	3.568328619
19:30:26	3.325126,3.489528,1.473354	3.399285,3.398278,1.452265	0.299377,0.423918,9.982441	3.325126,3.489528,1.473354	3.52609968185
19:30:26	3.351067,3.485071,1.474004	3.383835,3.400909,1.451282	0.232317,-0.354463,10.528506	3.351067,3.485071,1.474004	3.5313782692
19:30:26	3.375515,3.481410,1.474642	3.421724,3.403493,1.449717	0.359253,0.404758,9.996812	3.375515,3.481410,1.474642	3.52609968185
19:30:26	3.394843,3.479600,1.474428	3.461795,3.351779,1.449132	0.138911,0.474214,10.372830	3.394843,3.479600,1.474428	3.52082109451
19:30:26	3.411412,3.479249,1.474411	3.502957,3.354752,1.450480	0.023950,-0.002395,10.442285	3.411412,3.479249,1.474411	3.51026391983
19:30:26	3.430576,3.480859,1.475430	3.494384,3.352116,1.448820	-0.196392,0.917292,10.684182	3.430576,3.480859,1.475430	3.5313782692
19:30:26	3.454056,3.483766,1.476582	3.533714,3.352225,1.446528	0.150886,-0.059875,10.157278	3.454056,3.483766,1.476582	3.52082109451
19:30:26	3.481044,3.486499,1.478326	3.519741,3.348830,1.442673	0.320933,-0.055085,10.693762	3.481044,3.486499,1.478326	3.52082109451
19:30:26	3.511792,3.489271,1.479174	3.557261,3.400671,1.439594	0.445474,0.289797,10.178833	3.511792,3.489271,1.479174	3.52082109451
19:30:27	3.543416,3.491650,1.479012	3.589946,3.399146,1.439291	-0.220342,0.237107,10.447075	3.543416,3.491650,1.479012	3.52082109451
19:30:27	3.571983,3.494689,1.476953	3.625137,3.397625,1.334088	-0.253872,0.251477,9.989626	3.571983,3.494689,1.476953	3.52082109451
19:30:27	3.598315,3.498944,1.464016	3.662145,3.395273,1.349330	0.476609,1.068179,9.838740	3.598315,3.498944,1.464016	3.44164228439
19:30:27	3.623672,3.503883,1.450048	3.700053,3.392463,1.381928	0.459844,0.016765,10.377620	3.623672,3.503883,1.450048	3.30967760086
19:30:27	3.649629,3.509385,1.441708	3.684754,3.389330,1.407030	0.282612,0.189207,10.765613	3.649629,3.509385,1.441708	3.51554250717
19:30:27	3.676541,3.514770,1.438708	3.723500,3.386292,1.418941	0.028740,0.239502,10.736873	3.676541,3.514770,1.438708	3.46275663376
19:30:27	3.702733,3.518485,1.440093	3.706152,3.383199,1.420759	0.196392,-0.091011,10.535691	3.702733,3.518485,1.440093	3.50498533249
19:30:27	3.727715,3.520160,1.441637	3.690741,3.434915,1.416558	0.505349,0.131726,10.085427	3.727715,3.520160,1.441637	3.54721426964
19:30:27	3.749580,3.519905,1.441665	3.729763,3.434559,1.414817	-0.055085,0.198787,10.037527	3.749580,3.519905,1.441665	3.52609968185
19:30:27	3.766137,3.519331,1.439342	3.718229,3.434914,1.417141	-0.088616,0.433499,10.432705	3.766137,3.519331,1.439342	3.49970674515
19:30:28	3.777468,3.519487,1.435925	3.763171,3.435050,1.423781	0.311353,0.591570,10.583591	3.777468,3.519487,1.435925	3.51026391983
19:30:28	3.783115,3.520362,1.432899	3.758042,3.434799,1.431267	0.857417,1.178350,10.454260	3.783115,3.520362,1.432899	3.51026391983
19:30:28	3.784932,3.522323,1.430549	3.756106,3.433959,1.436992	0.208367,0.752036,10.406360	3.784932,3.522323,1.430549	3.51026391983
19:30:28	3.784969,3.525901,1.429471	3.808932,3.432319,1.440729	0.150886,-0.253872,10.471025	3.784969,3.525901,1.429471	3.49970674515
19:30:28	3.785100,3.531042,1.429164	3.809129,3.429708,1.442024	0.531694,-0.014370,10.703342	3.785100,3.531042,1.429164	3.49970674515
19:30:28	3.789225,3.537946,1.428866	3.808293,3.426457,1.442558	0.380808,0.011975,10.391990	3.789225,3.537946,1.428866	3.50498533249
19:30:28	3.798654,3.545590,1.428344	3.804025,3.421585,1.443769	0.531694,-0.110171,10.207573	3.798654,3.545590,1.428344	3.50498533249
19:30:28	3.812319,3.551494,1.428226	3.796984,3.417324,1.444705	0.306563,0.237107,10.013577	3.812319,3.551494,1.428226	3.50498533249
19:30:28	3.828523,3.553824,1.428666	3.787820,3.414754,1.444212	-0.004790,0.866997,10.099797	3.828523,3.553824,1.428666	3.49970674515
19:30:28	3.844293,3.551571,1.429433	3.778023,3.468008,1.442854	-0.004790,0.265847,10.540481	3.844293,3.551571,1.429433	3.50498533249
19:30:29	3.857484,3.545490,1.429844	3.769214,3.470705,1.441413	0.486189,0.443079,10.609937	3.857484,3.545490,1.429844	3.51026391983
19:30:29	3.866040,3.539300,1.428512	3.762539,3.421334,1.441879	0.435894,-0.546064,10.341694	3.866040,3.539300,1.428512	3.48914957047
19:30:29	3.868360,3.534577,1.426214	3.759179,3.424573,1.446765	0.407153,0.914897,10.547666	3.868360,3.534577,1.426214	3.47331380844
19:30:29	3.864603,3.530387,1.425289	3.759691,3.427222,1.450413	0.567620,0.354463,9.946516	3.864603,3.530387,1.425289	3.49970674515
19:30:29	3.855564,3.527024,1.424815	3.763603,3.429549,1.451673	0.047900,0.342488,10.648257	3.855564,3.527024,1.424815	3.49970674515
19:30:29	3.843291,3.524759,1.424268	3.770201,3.431203,1.452562	1.949546,0.273032,10.643467	3.843291,3.524759,1.424268	3.49970674515
19:30:29	3.830599,3.523927,1.423520	3.777262,3.432166,1.453740	0.177231,0.052690,10.542876	3.830599,3.523927,1.423520	3.49970674515
19:30:29	3.820184,3.525034,1.422348	3.785035,3.432095,1.456266	0.435894,0.421523,10.322534	3.820184,3.525034,1.422348	3.48914957047
19:30:29	3.814671,3.527981,1.421553	3.790014,3.430853,1.458447	-0.067061,-0.220342,10.233918	3.814671,3.527981,1.421553	3.49442815781
19:30:29	3.815832,3.531479,1.421239	3.791383,3.428833,1.459689	-0.055085,0.768801,10.300979	3.815832,3.531479,1.421239	3.48914957047
19:30:30	3.823257,3.534160,1.421747	3.788693,3.426868,1.459604	0.287402,0.443079,10.777588	3.823257,3.534160,1.421747	3.49442815781
19:30:30	3.835058,3.534749,1.422255	3.782720,3.425766,1.458463	0.493374,0.409548,10.648257	3.835058,3.534749,1.422255	3.48914957047
19:30:30	3.848341,3.531833,1.423012	3.774945,3.426405,1.457094	0.553250,0.416733,10.104587	3.848341,3.531833,1.423012	3.48914957047
19:30:30	3.859434,3.524838,1.424230	3.767406,3.429348,1.454668	0.227527,0.016765,9.867480	3.859434,3.524838,1.424230	3.48914957047
19:30:30	3.865572,3.514500,1.425229	3.762381,3.434141,1.452255	-0.275427,0.665815,10.478210	3.865572,3.514500,1.425229	3.48914957047
19:30:30	3.864542,3.502532,1.425652	3.760370,3.441499,1.450542	0.079036,0.277822,10.377620	3.864542,3.502532,1.425652	3.48914957047
19:30:30	3.855828,3.490955,1.425172	3.763379,3.395347,1.450420	1.027463,0.996328,10.095007	3.855828,3.490955,1.425172	3.48914957047
19:30:30	3.841448,3.480340,1.423265	3.770509,3.401989,1.452969	0.519719,0.031135,10.140513	3.841448,3.480340,1.423265	3.48914957047
19:30:30	3.824833,3.470174,1.421616	3.726780,3.408227,1.457707	0.498164,0.570015,9.984836	3.824833,3.470174,1.421616	3.48914957047
19:30:30	3.809570,3.461350,1.420287	3.736521,3.360694,1.460614	1.072969,1.731599,10.341694	3.809570,3.461350,1.420287	3.47331380844
19:30:31	3.796566,3.453676,1.418651	3.745009,3.365510,1.463978	0.241897,0.620310,10.411150	3.796566,3.453676,1.418651	3.47859239578
19:30:31	3.787562,3.445422,1.419240	3.751864,3.370227,1.465236	0.502954,0.055085,10.336904	3.787562,3.445422,1.419240	3.48387098312
19:30:31	3.785273,3.437764,1.419649	3.755373,3.321866,1.463662	0.490979,0.986748,10.243499	3.785273,3.437764,1.419649	3.48387098312
19:30:31	3.789886,3.431477,1.418365	3.754586,3.325916,1.464765	0.009580,0.553250,10.389595	3.789886,3.431477,1.418365	3.48387098312
19:30:31	3.799350,3.424235,1.418211	3.750168,3.329829,1.466946	-0.088616,0.050295,10.291399	3.799350,3.424235,1.418211	3.47859239578
19:30:31	3.810708,3.415761,1.418865	3.743677,3.334628,1.465966	0.790356,0.366438,10.344089	3.810708,3.415761,1.418865	3.47859239578
19:30:31	3.820397,3.406960,1.419315	3.737078,3.339819,1.464860	0.495769,-0.421523,10.277029	3.820397,3.406960,1.419315	3.47859239578
19:30:31	3.825414,3.398133,1.419460	3.732481,3.291853,1.356920	0.778381,0.095801,9.218430	3.825414,3.398133,1.419460	3.47331380844
19:30:31	3.824624,3.389747,1.409022	3.731199,3.296624,1.364136	0.469424,0.141306,9.742939	3.824624,3.389747,1.409022	3.46275663376
19:30:31	3.818056,3.380329,1.394801	3.733537,3.302310,1.395868	0.205972,0.057480,10.423125	3.818056,3.380329,1.394801	3.4680352211
19:30:32	3.807816,3.370300,1.385328	3.738710,3.308110,1.423349	0.673000,0.790356,10.842253	3.807816,3.370300,1.385328	3.47859239578
19:30:32	3.796556,3.361269,1.382190	3.692065,3.260688,1.437547	0.328118,0.574805,10.624307	3.796556,3.361269,1.382190	3.42580652237
19:30:32	3.787162,3.354033,1.382728	3.698423,3.265529,1.438988	0.332908,0.033530,10.051897	3.787162,3.354033,1.382728	3.47331380844
19:30:32	3.780680,3.347428,1.385210	3.703197,3.269631,1.435472	0.205972,0.399968,10.626702	3.780680,3.347428,1.385210	3.47331380844
19:30:32	3.777292,3.342225,1.386078	3.706173,3.273260,1.430759	0.797542,0.625100,10.269844	3.777292,3.342225,1.386078	3.48914957047
19:30:32	3.776656,3.338846,1.384880	3.707312,3.222469,1.431671	0.253872,0.637075,10.047107	3.776656,3.338846,1.384880	3.4680352211
19:30:32	3.777609,3.336103,1.383330	3.707141,3.224154,1.434990	0.239502,0.225132,9.889036	3.777609,3.336103,1.383330	3.4680352211
19:30:32	3.779377,3.331893,1.383129	3.706362,3.225900,1.437572	0.126936,0.055085,10.504556	3.779377,3.331893,1.383129	3.4680352211
19:30:32	3.781104,3.324961,1.383772	3.705252,3.229068,1.436794	0.502954,-0.134121,10.528506	3.781104,3.324961,1.383772	3.4680352211
19:30:32	3.781520,3.315564,1.384717	3.704413,3.234346,1.434600	0.385598,0.359253,10.121353	3.781520,3.315564,1.384717	3.4680352211
19:30:33	3.779444,3.304581,1.385085	3.704839,3.240546,1.433016	0.182021,0.490979,10.150093	3.779444,3.304581,1.385085	3.4680352211
19:30:33	3.774231,3.293531,1.384587	3.706963,3.247310,1.433206	0.534089,0.124541,10.044712	3.774231,3.293531,1.384587	3.46275663376
19:30:33	3.765865,3.284387,1.383576	3.711099,3.253501,1.435096	0.838257,0.134121,10.437495	3.765865,3.284387,1.383576	3.46275663376
19:30:33	3.755807,3.279222,1.382278	3.716757,3.257989,1.437260	0.479004,0.452659,10.360854	3.755807,3.279222,1.382278	3.46275663376
19:30:33	3.745803,3.279546,1.380673	3.722936,3.259479,1.440628	0.203577,0.850232,10.162068	3.745803,3.279546,1.380673	3.46275663376
19:30:33	3.737521,3.284880,1.379040	3.728506,3.257681,1.444552	0.141306,0.239502,9.845925	3.737521,3.284880,1.379040	3.45747804642
19:30:33	3.732000,3.293819,1.378273	3.732725,3.253341,1.447424	0.399968,0.490979,10.607542	3.732000,3.293819,1.378273	3.45747804642
19:30:33	3.730407,3.304221,1.378578	3.734949,3.247262,1.447933	0.225132,-0.057480,10.353669	3.730407,3.304221,1.378578	3.45747804642
19:30:33	3.733006,3.314178,1.379824	3.734606,3.240975,1.446120	0.299377,-0.493374,10.835068	3.733006,3.314178,1.379824	3.45219945908
19:30:33	3.738824,3.321181,1.381848	3.731945,3.235788,1.442478	0.577200,-0.246687,10.571616	3.738824,3.321181,1.381848	3.45219945908
19:30:34	3.746021,3.324313,1.383666	3.727942,3.232669,1.437555	-0.227527,0.251477,10.382410	3.746021,3.324313,1.383666	3.45747804642
19:30:34	3.753029,3.322057,1.385267	3.723531,3.232330,1.434131	0.502954,-0.129331,10.147698	3.753029,3.322057,1.385267	3.45219945908
19:30:34	3.758156,3.314581,1.386679	3.719789,3.235337,1.430873	-0.023950,-0.007185,9.905801	3.758156,3.314581,1.386679	3.45747804642
19:30:34	3.760514,3.303595,1.387730	3.717498,3.241042,1.428089	-0.076641,0.316143,10.370435	3.760514,3.303595,1.387730	3.45219945908
19:30:34	3.759694,3.291112,1.388753	3.717498,3.241042,1.428089	0.634680,0.131726,10.382410	3.759694,3.291112,1.388753	3.45219945908
19:30:34	3.755396,3.279119,1.389612	3.717498,3.241042,1.428089	0.191602,0.318538,10.351274	3.755396,3.279119,1.389612	3.45219945908
19:30:34	3.747679,3.269544,1.390172	3.717498,3.241042,1.428089	0.220342,0.440684,10.384805	3.747679,3.269544,1.390172	3.45219945908
19:30:34	3.737533,3.264202,1.390172	3.717498,3.241042,1.428089	0.064666,0.047900,10.593171	3.737533,3.264202,1.390172	3.45219945908
19:30:34	3.726731,3.263527,1.389927	3.717498,3.241042,1.428089	0.550854,-0.107776,10.796748	3.726731,3.263527,1.389927	3.45219945908
19:30:34	3.716750,3.267014,1.389686	3.717498,3.241042,1.428089	0.474214,0.620310,10.135723	3.716750,3.267014,1.389686	3.44692087173
19:30:35	3.708900,3.273524,1.389369	3.717498,3.241042,1.428089	-0.100591,0.895737,10.140513	3.708900,3.273524,1.389369	3.44164228439
19:30:35	3.704190,3.281737,1.389523	3.717498,3.241042,1.428089	0.117356,0.069456,10.614727	3.704190,3.281737,1.389523	3.44164228439
19:30:35	3.703446,3.289911,1.390122	3.717498,3.241042,1.428089	-0.131726,0.450264,10.332114	3.703446,3.289911,1.390122	3.44164228439
19:30:35	3.706706,3.296522,1.391528	3.717498,3.241042,1.428089	0.014370,0.608335,10.688972	3.706706,3.296522,1.391528	3.44164228439
19:30:35	3.712986,3.300255,1.393558	3.709575,3.298738,1.392556	0.526904,0.673000,10.621912	3.712986,3.300255,1.393558	3.44164228439
19:30:35	3.720716,3.300995,1.391833	3.743249,3.246139,1.414776	0.673000,0.263452,10.344089	3.720716,3.300995,1.391833	3.44164228439
19:30:35	3.728272,3.300056,1.390132	3.738599,3.246328,1.420395	0.146096,0.713716,10.631492	3.728272,3.300056,1.390132	3.44164228439
19:30:35	3.735413,3.298625,1.390603	3.734219,3.247024,1.421643	-0.033530,0.277822,10.504556	3.735413,3.298625,1.390603	3.44164228439
19:30:35	3.741503,3.296828,1.392213	3.730091,3.248026,1.418972	1.243015,1.635798,10.636282	3.741503,3.296828,1.392213	3.44164228439
19:30:35	3.744241,3.294965,1.393859	3.727329,3.249153,1.415182	0.838257,0.821492,10.334509	3.744241,3.294965,1.393859	3.44164228439
19:30:36	3.742686,3.293664,1.394921	3.726931,3.250162,1.411814	1.355581,0.673000,10.063872	3.742686,3.293664,1.394921	3.44164228439
19:30:36	3.737401,3.293865,1.394535	3.729066,3.250579,1.411237	0.474214,0.100591,10.585986	3.737401,3.293865,1.394535	3.43636369705
19:30:36	3.729880,3.296541,1.393414	3.733068,3.249770,1.413103	4.018843,2.035767,10.020762	3.729880,3.296541,1.393414	3.43636369705
19:30:36	3.722802,3.302022,1.392137	3.737676,3.247310,1.415845	3.115920,1.983076,10.372830	3.722802,3.302022,1.392137	3.43636369705
19:30:36	3.718874,3.310002,1.391393	3.741183,3.243215,1.418354	0.919687,0.229922,10.451865	3.718874,3.310002,1.391393	3.43636369705
19:30:36	3.720149,3.320313,1.391194	3.742078,3.237728,1.419104	0.859812,0.313748,9.786050	3.720149,3.320313,1.391194	3.43108510971
19:30:36	3.727608,3.331351,1.391262	3.739476,3.231179,1.419526	0.208367,0.033530,10.408755	3.727608,3.331351,1.391262	3.43108510971
19:30:36	3.740344,3.340364,1.391893	3.733883,3.225339,1.419014	1.295706,1.274150,10.444680	3.740344,3.340364,1.391893	3.43108510971
19:30:36	3.755530,3.344848,1.393266	3.725389,3.220907,1.416873	0.364043,0.658630,10.681787	3.755530,3.344848,1.393266	3.43108510971
19:30:36	3.770179,3.343913,1.394920	3.715508,3.219601,1.412661	0.098196,0.725691,10.396780	3.770179,3.343913,1.394920	3.43108510971
19:30:37	3.781448,3.337976,1.396140	3.707460,3.221803,1.409696	-0.045505,0.261057,10.566826	3.781448,3.337976,1.396140	3.43108510971
19:30:37	3.786452,3.328744,1.396647	3.702434,3.226470,1.407426	0.902922,0.974773,9.896221	3.786452,3.328744,1.396647	3.43108510971
19:30:37	3.783284,3.318395,1.396302	3.701770,3.232569,1.407678	0.112566,-0.002395,10.324929	3.783284,3.318395,1.396302	3.43108510971
19:30:37	3.772201,3.309386,1.394990	3.706134,3.238515,1.409744	0.459844,0.344883,10.391990	3.772201,3.309386,1.394990	3.43108510971
19:30:37	3.755127,3.304024,1.392755	3.714807,3.242942,1.413197	0.172441,-0.014370,10.497371	3.755127,3.304024,1.392755	3.43108510971
19:30:37	3.735574,3.303346,1.390408	3.726082,3.244822,1.418180	0.720901,-0.320933,10.298584	3.735574,3.303346,1.390408	3.43108510971
19:30:37	3.717800,3.307443,1.388329	3.737585,3.243829,1.423571	0.031135,0.232317,10.686577	3.717800,3.307443,1.388329	3.42580652237
19:30:37	3.705885,3.316220,1.387313	3.746793,3.239908,1.426820	-0.330513,-0.119751,10.356064	3.705885,3.316220,1.387313	3.42580652237
19:30:37	3.702870,3.328474,1.386534	3.751401,3.233450,1.428870	0.471819,0.344883,10.430310	3.702870,3.328474,1.386534	3.42052793503
19:30:37	3.709506,3.341671,1.386212	3.750327,3.225583,1.430137	0.399968,0.105381,10.667417	3.709506,3.341671,1.386212	3.42052793503
19:30:38	3.724475,3.352509,1.386644	3.743672,3.218109,1.429949	0.706531,-0.067061,10.291399	3.724475,3.352509,1.386644	3.42052793503
19:30:38	3.744973,3.357647,1.387933	3.733804,3.213319,1.428105	0.395178,0.426313,10.186018	3.744973,3.357647,1.387933	3.42052793503
19:30:38	3.767105,3.355364,1.389580	3.719701,3.265514,1.424444	0.711321,0.479004,10.291399	3.767105,3.355364,1.389580	3.42052793503
19:30:38	3.786928,3.347228,1.390011	3.706796,3.268971,1.421841	-0.028740,0.361648,10.207573	3.786928,3.347228,1.390011	3.42052793503
19:30:38	3.800486,3.338540,1.387719	3.696502,3.274392,1.423794	0.644260,0.004790,10.303374	3.800486,3.338540,1.387719	3.41524934769
19:30:38	3.804190,3.331669,1.385453	3.691084,3.225749,1.429880	0.457449,0.215552,10.320139	3.804190,3.331669,1.385453	3.40997076035
19:30:38	3.796747,3.326418,1.384482	3.692290,3.229327,1.433373	0.433499,0.361648,10.600356	3.796747,3.326418,1.384482	3.42052793503
19:30:38	3.780751,3.321939,1.384861	3.699595,3.232178,1.433898	0.467029,0.246687,10.197993	3.780751,3.321939,1.384861	3.42052793503
19:30:38	3.759750,3.318582,1.385279	3.710911,3.234627,1.432879	-0.007185,0.687371,9.855505	3.759750,3.318582,1.385279	3.42052793503
19:30:38	3.738082,3.317885,1.384461	3.724134,3.235968,1.432922	0.237107,-0.136516,10.655442	3.738082,3.317885,1.384461	3.42052793503
19:30:39	3.720338,3.320129,1.383213	3.736252,3.235431,1.435433	0.677791,-0.086221,10.511741	3.720338,3.320129,1.383213	3.40997076035
19:30:39	3.709852,3.324854,1.382874	3.744931,3.233335,1.437436	0.335303,-0.129331,10.784773	3.709852,3.324854,1.382874	3.40997076035
19:30:39	3.709122,3.331471,1.382900	3.748412,3.229857,1.437796	-0.217947,-0.083826,10.360854	3.709122,3.331471,1.382900	3.40997076035
19:30:39	3.717611,3.338319,1.383505	3.745906,3.225673,1.437205	0.440684,0.038320,10.090217	3.717611,3.338319,1.383505	3.40997076035
19:30:39	3.732571,3.343190,1.384686	3.738667,3.222022,1.434891	0.328118,0.117356,9.958491	3.732571,3.343190,1.384686	3.40997076035
19:30:39	3.751088,3.344574,1.385935	3.728344,3.220051,1.432067	2.057322,1.070574,10.418335	3.751088,3.344574,1.385935	3.404692173
19:30:39	3.769141,3.341259,1.387459	3.717978,3.220425,1.429676	0.828677,0.541274,9.898616	3.769141,3.341259,1.387459	3.404692173
19:30:39	3.783114,3.333454,1.388850	3.707949,3.223608,1.426301	0.459844,0.914897,10.255474	3.783114,3.333454,1.388850	3.40997076035
19:30:39	3.790261,3.322466,1.389390	3.700719,3.229724,1.423951	0.340093,0.404758,10.150093	3.790261,3.322466,1.389390	3.404692173
19:30:39	3.788414,3.310787,1.389399	3.698994,3.236752,1.423162	0.153281,0.064666,10.197993	3.788414,3.310787,1.389399	3.40997076035
19:30:40	3.777396,3.301118,1.389157	3.702974,3.243343,1.423195	0.821492,0.285007,10.217153	3.777396,3.301118,1.389157	3.40997076035
19:30:40	3.759393,3.296048,1.388102	3.711894,3.247952,1.424579	0.565225,0.158071,9.824370	3.759393,3.296048,1.388102	3.40997076035
19:30:40	3.738724,3.297058,1.386368	3.723874,3.249253,1.428071	0.280217,0.337698,10.765613	3.738724,3.297058,1.386368	3.404692173
19:30:40	3.720441,3.304698,1.384737	3.735904,3.246599,1.431810	0.352068,-0.007185,10.674602	3.720441,3.304698,1.384737	3.404692173
19:30:40	3.708159,3.317766,1.384187	3.744667,3.240874,1.434384	0.450264,0.148491,10.614727	3.708159,3.317766,1.384187	3.39941358566
19:30:40	3.704129,3.333636,1.384906	3.750350,3.231307,1.434356	0.419128,0.007185,10.605146	3.704129,3.333636,1.384906	3.39941358566
19:30:40	3.709325,3.349309,1.386529	3.749971,3.221646,1.431675	0.208367,0.294587,10.174043	3.709325,3.349309,1.386529	3.39941358566
19:30:40	3.722437,3.361711,1.388755	3.744313,3.213044,1.427217	-0.273032,0.433499,10.320139	3.722437,3.361711,1.388755	3.39941358566
19:30:40	3.741367,3.368721,1.391047	3.734530,3.260437,1.421986	-0.007185,0.136516,10.140513	3.741367,3.368721,1.391047	3.39941358566
19:30:40	3.763146,3.369862,1.392600	3.723158,3.258071,1.417776	0.179626,0.088616,10.439890	3.763146,3.369862,1.392600	3.39941358566
19:30:41	3.783486,3.366215,1.392373	3.709075,3.258795,1.415858	0.881367,0.658630,10.485396	3.783486,3.366215,1.392373	3.39413499832
19:30:41	3.797701,3.358014,1.392092	3.698370,3.262376,1.417431	0.021555,0.100591,9.963281	3.797701,3.358014,1.392092	3.38885641098
19:30:41	3.801934,3.346387,1.393013	3.692601,3.268501,1.416359	2.378254,0.570015,10.320139	3.801934,3.346387,1.393013	3.39941358566
19:30:41	3.794997,3.333657,1.393958	3.693466,3.275966,1.414103	0.464634,0.124541,10.744058	3.794997,3.333657,1.393958	3.39941358566
19:30:41	3.778384,3.322356,1.394323	3.700668,3.230083,1.412824	0.617915,0.888552,9.994417	3.778384,3.322356,1.394323	3.39941358566
19:30:41	3.754798,3.315236,1.392526	3.712995,3.235766,1.413841	0.277822,0.775986,10.442285	3.754798,3.315236,1.392526	3.39941358566
19:30:41	3.728694,3.313184,1.390268	3.728294,3.238536,1.419088	0.596360,0.091011,10.566826	3.728694,3.313184,1.390268	3.39413499832
19:30:41	3.706028,3.316590,1.388647	3.743424,3.238181,1.423243	0.479004,0.325723,10.880574	3.706028,3.316590,1.388647	3.39413499832
19:30:41	3.691456,3.325465,1.387414	3.754805,3.234464,1.426410	0.241897,0.277822,10.504556	3.691456,3.325465,1.387414	3.38357782364
19:30:41	3.687583,3.337930,1.388145	3.760510,3.227896,1.427694	0.977168,0.502954,10.574011	3.687583,3.337930,1.388145	3.38885641098
19:30:42	3.696553,3.352130,1.389774	3.759082,3.219697,1.424202	0.744851,0.071851,10.219548	3.696553,3.352130,1.389774	3.39413499832
19:30:42	3.717505,3.364914,1.390945	3.749878,3.211246,1.421242	0.352068,0.165256,10.308164	3.717505,3.364914,1.390945	3.38885641098
19:30:42	3.746240,3.371382,1.392479	3.734613,3.258480,1.418321	0.153281,0.102986,10.473420	3.746240,3.371382,1.392479	3.38885641098
19:30:42	3.777900,3.369993,1.393271	3.716104,3.257024,1.415343	0.411943,0.476609,10.114167	3.777900,3.369993,1.393271	3.38885641098
19:30:42	3.806698,3.362082,1.393162	3.697506,3.259952,1.414815	0.021555,0.577200,10.186018	3.806698,3.362082,1.393162	3.38357782364
19:30:42	3.826610,3.349669,1.393649	3.685157,3.267947,1.414397	0.026345,-0.076641,11.235037	3.826610,3.349669,1.393649	3.3782992363
19:30:42	3.833831,3.333571,1.394855	3.727433,3.274852,1.413001	-0.110171,0.790356,10.463840	3.833831,3.333571,1.394855	3.38357782364
19:30:42	3.827011,3.316696,1.395593	3.727426,3.231668,1.410151	0.407153,0.397573,10.557246	3.827011,3.316696,1.395593	3.38885641098
19:30:42	3.809555,3.301593,1.394367	3.735083,3.241377,1.410631	0.143701,0.718506,10.224338	3.809555,3.301593,1.394367	3.38885641098
19:30:42	3.786133,3.290094,1.392311	3.747666,3.249515,1.414540	0.126936,0.366438,10.454260	3.786133,3.290094,1.392311	3.38885641098
19:30:43	3.760875,3.285472,1.390016	3.709232,3.254652,1.419484	0.440684,0.438289,10.401570	3.760875,3.285472,1.390016	3.38885641098
19:30:43	3.738268,3.289654,1.387460	3.723944,3.254810,1.424879	0.553250,0.136516,10.724897	3.738268,3.289654,1.387460	3.38357782364
19:30:43	3.721715,3.301801,1.385703	3.735886,3.249717,1.429648	0.296982,-0.021555,10.312954	3.721715,3.301801,1.385703	3.3782992363
19:30:43	3.713329,3.319389,1.385314	3.743529,3.240594,1.432243	-0.031135,0.134121,10.516531	3.713329,3.319389,1.385314	3.3782992363
19:30:43	3.714826,3.339099,1.386207	3.745643,3.229127,1.431576	-0.043110,0.411943,10.001602	3.714826,3.339099,1.386207	3.3782992363
19:30:43	3.726051,3.356648,1.388770	3.741751,3.217634,1.427653	-0.134121,0.138911,10.729688	3.726051,3.356648,1.388770	3.3782992363
19:30:43	3.744810,3.367923,1.391441	3.732541,3.208652,1.421867	0.081431,-0.191602,10.595566	3.744810,3.367923,1.391441	3.37302064896
19:30:43	3.768203,3.369446,1.394560	3.719646,3.257955,1.415638	0.723296,0.265847,10.696157	3.768203,3.369446,1.394560	3.37302064896
19:30:43	3.792416,3.360028,1.397173	3.705042,3.260385,1.408732	0.296982,0.361648,10.032737	3.792416,3.360028,1.397173	3.37302064896
19:30:43	3.812609,3.342562,1.397911	3.691300,3.268745,1.404989	0.931663,-0.093406,9.975256	3.812609,3.342562,1.397911	3.3782992363
19:30:44	3.823200,3.320084,1.398148	3.681664,3.280927,1.404593	0.146096,0.277822,10.140513	3.823200,3.320084,1.398148	3.37302064896
19:30:44	3.820437,3.295599,1.398697	3.732528,3.241971,1.403357	0.131726,0.376018,10.535691	3.820437,3.295599,1.398697	3.3782992363
19:30:44	3.805106,3.273697,1.397937	3.738214,3.256251,1.402969	0.205972,0.627495,10.073452	3.805106,3.273697,1.397937	3.38357782364
19:30:44	3.782169,3.258335,1.396085	3.696757,3.267727,1.406468	0.517324,0.158071,10.073452	3.782169,3.258335,1.396085	3.38357782364
19:30:44	3.754960,3.252979,1.394270	3.711940,3.274131,1.410933	0.069456,0.419128,10.526111	3.754960,3.252979,1.394270	3.3782992363
19:30:44	3.725456,3.259118,1.393109	3.729166,3.273899,1.413902	0.280217,0.213157,10.432705	3.725456,3.259118,1.393109	3.3782992363
19:30:44	3.699222,3.275567,1.392101	3.555010,3.247290,1.337067	0.249082,0.546064,9.996812	3.699222,3.275567,1.392101	3.37302064896
19:30:44	3.681789,3.299373,1.383905	3.759798,3.254538,1.423446	0.313748,-0.229922,10.068662	3.681789,3.299373,1.383905	3.37302064896
19:30:44	3.674971,3.326120,1.375092	3.767146,3.239085,1.447046	0.534089,0.299377,10.727292	3.674971,3.326120,1.375092	3.35190629959
19:30:44	3.680355,3.351405,1.373383	3.767752,3.223120,1.458794	-0.004790,0.380808,11.005115	3.680355,3.351405,1.373383	3.36246347427
19:30:45	3.698814,3.371045,1.377562	3.754698,3.221603,1.448906	0.000000,0.455054,10.672207	3.698814,3.371045,1.377562	3.36246347427
19:30:45	3.727179,3.380955,1.383285	3.746125,3.253502,1.443051	0.543669,0.079036,10.348879	3.727179,3.380955,1.383285	3.36774206161
19:30:45	3.760637,3.379856,1.388128	3.727198,3.250951,1.431061	0.601150,0.689766,10.027947	3.760637,3.379856,1.388128	3.37302064896
19:30:45	3.794048,3.368620,1.391577	3.706725,3.254760,1.422105	0.244292,0.531694,10.236313	3.794048,3.368620,1.391577	3.36774206161
19:30:45	3.822038,3.348243,1.394819	3.689311,3.263273,1.415750	0.318538,0.445474,9.889036	3.822038,3.348243,1.394819	3.36246347427
19:30:45	3.839386,3.320552,1.397484	3.681691,3.281724,1.407826	0.347278,0.160466,9.977651	3.839386,3.320552,1.397484	3.36246347427
19:30:45	3.841448,3.289937,1.400037	3.721170,3.243480,1.402515	0.665815,0.931663,10.188413	3.841448,3.289937,1.400037	3.36246347427
19:30:45	3.828128,3.261035,1.400875	3.724798,3.261723,1.398606	0.720901,-0.043110,9.616003	3.828128,3.261035,1.400875	3.3782992363
19:30:45	3.804369,3.239401,1.399150	3.736349,3.277298,1.399177	1.211880,0.471819,10.375225	3.804369,3.239401,1.399150	3.37302064896
19:30:45	3.774772,3.230620,1.395808	3.699276,3.286826,1.405249	0.378413,0.378413,10.463840	3.774772,3.230620,1.395808	3.37302064896
19:30:46	3.742405,3.237694,1.392565	3.718080,3.287364,1.413097	0.191602,0.002395,10.547666	3.742405,3.237694,1.392565	3.36774206161
19:30:46	3.710764,3.259086,1.390586	3.737643,3.278600,1.418736	0.570015,-0.258662,10.693762	3.710764,3.259086,1.390586	3.36774206161
19:30:46	3.686705,3.291520,1.390098	3.754978,3.262130,1.421561	0.270637,0.119751,10.312954	3.686705,3.291520,1.390098	3.36246347427
19:30:46	3.677651,3.330365,1.390499	3.764802,3.242267,1.421568	0.483794,0.035925,10.008787	3.677651,3.330365,1.390499	3.35718488693
19:30:46	3.685461,3.369611,1.391042	3.765629,3.216496,1.420074	0.766406,0.124541,10.011182	3.685461,3.369611,1.391042	3.35718488693
19:30:46	3.708582,3.401998,1.392340	3.756168,3.247698,1.418405	0.505349,0.055085,10.976375	3.708582,3.401998,1.392340	3.35190629959
19:30:46	3.742873,3.422263,1.394610	3.685217,3.285030,1.414265	0.241897,0.258662,10.001602	3.742873,3.422263,1.394610	3.35718488693
19:30:46	3.781908,3.428719,1.394551	3.715942,3.276995,1.410930	0.414338,0.191602,10.463840	3.781908,3.428719,1.394551	3.3782992363
19:30:46	3.818295,3.421245,1.392974	3.746185,3.330703,1.413553	1.290916,1.195115,10.514136	3.818295,3.421245,1.392974	3.35190629959
19:30:46	3.848007,3.402584,1.391436	3.726215,3.338876,1.417152	0.644260,0.153281,10.248289	3.848007,3.402584,1.391436	3.36246347427
19:30:47	3.868247,3.378972,1.389936	3.724151,3.306974,1.417784	0.493374,0.684976,10.368040	3.868247,3.378972,1.389936	3.35190629959
19:30:47	3.873750,3.354528,1.388859	3.756134,3.313263,1.423522	0.299377,0.814307,10.739268	3.873750,3.354528,1.388859	3.35190629959
19:30:47	3.862683,3.330651,1.389039	3.757921,3.274577,1.424281	0.167651,-0.038320,10.456655	3.862683,3.330651,1.389039	3.35718488693
19:30:47	3.838492,3.310029,1.388726	3.768827,3.288122,1.424257	0.102986,0.265847,10.530901	3.838492,3.310029,1.388726	3.36246347427
19:30:47	3.806371,3.295503,1.388218	3.786144,3.298943,1.425157	0.783171,0.950823,10.056687	3.806371,3.295503,1.388218	3.35718488693
19:30:47	3.772338,3.291052,1.387232	3.753136,3.251600,1.427052	0.002395,0.011975,10.188413	3.772338,3.291052,1.387232	3.35190629959
19:30:47	3.742148,3.297566,1.385306	3.717925,3.251129,1.429488	0.062271,0.524509,10.679392	3.742148,3.297566,1.385306	3.35718488693
19:30:47	3.718503,3.311196,1.385700	3.735579,3.244391,1.432973	0.708926,3.171006,10.346484	3.718503,3.311196,1.385700	3.33607053757
19:30:47	3.700376,3.328626,1.388819	3.748149,3.234983,1.428495	0.213157,0.553250,10.698552	3.700376,3.328626,1.388819	3.35718488693
19:30:47	3.691472,3.348565,1.391615	3.756731,3.223606,1.420981	0.179626,0.514929,10.461445	3.691472,3.348565,1.391615	3.37302064896
19:30:48	3.696560,3.368053,1.393512	3.757362,3.212945,1.415953	0.332908,0.586780,10.518926	3.696560,3.368053,1.393512	3.34134912491
19:30:48	3.714744,3.382255,1.395477	3.750757,3.254354,1.412653	0.112566,0.447869,10.056687	3.714744,3.382255,1.395477	3.34662771225
19:30:48	3.741786,3.388231,1.398035	3.736865,3.248226,1.406989	0.000000,0.862207,10.413545	3.741786,3.388231,1.398035	3.35190629959
19:30:48	3.772768,3.386076,1.399261	3.719031,3.300430,1.402784	0.081431,0.502954,10.296189	3.772768,3.386076,1.399261	3.35718488693
19:30:48	3.801559,3.374924,1.401084	3.753999,3.304322,1.399785	-0.098196,0.160466,10.863809	3.801559,3.374924,1.401084	3.35718488693
19:30:48	3.822961,3.355406,1.404005	3.689969,3.264220,1.394596	-0.129331,0.380808,10.665022	3.822961,3.355406,1.404005	3.35190629959
19:30:48	3.835042,3.331474,1.406114	3.684541,3.278029,1.389236	0.112566,0.126936,10.432705	3.835042,3.331474,1.406114	3.35718488693
19:30:48	3.835559,3.306561,1.407939	3.724521,3.235304,1.384490	0.670605,0.340093,10.197993	3.835559,3.306561,1.407939	3.34134912491
19:30:48	3.822625,3.282470,1.408785	3.728338,3.250243,1.381556	4.442761,6.102510,10.483000	3.822625,3.282470,1.408785	3.35190629959
19:30:48	3.800290,3.263862,1.408076	3.739292,3.263291,1.380703	0.780776,0.866997,9.881851	3.800290,3.263862,1.408076	3.35718488693
19:30:49	3.772626,3.255551,1.405606	3.701185,3.271757,1.384332	0.414338,-0.261057,10.274634	3.772626,3.255551,1.405606	3.34662771225
19:30:49	3.743038,3.260333,1.402840	3.718633,3.272939,1.390851	-0.210762,-0.102986,10.708132	3.743038,3.260333,1.402840	3.35190629959
19:30:49	3.715190,3.277195,1.400164	3.736131,3.266241,1.396891	0.162861,0.069456,10.619517	3.715190,3.277195,1.400164	3.35190629959
19:30:49	3.693477,3.303117,1.398468	3.548938,3.266741,1.342761	1.314866,0.320933,10.121353	3.693477,3.303117,1.398468	3.34662771225
19:30:49	3.681751,3.333558,1.391845	3.761559,3.235785,1.408846	-0.210762,0.426313,10.815908	3.681751,3.333558,1.391845	3.36774206161
19:30:49	3.680898,3.362871,1.387150	3.765361,3.217471,1.424207	0.184417,0.110171,10.394385	3.680898,3.362871,1.387150	3.33079195023
19:30:49	3.691226,3.386206,1.387720	3.749578,3.230381,1.422181	0.205972,0.136516,10.471025	3.691226,3.386206,1.387720	3.33607053757
19:30:49	3.711527,3.399227,1.392224	3.752916,3.243974,1.422785	0.900527,0.193997,10.696157	3.711527,3.399227,1.392224	3.34134912491
19:30:49	3.736694,3.400252,1.397728	3.685692,3.292635,1.411059	0.352068,0.361648,10.068662	3.736694,3.400252,1.397728	3.34662771225
19:30:49	3.761989,3.390903,1.400608	3.723564,3.295291,1.400747	-0.107776,0.383203,10.490186	3.761989,3.390903,1.400608	3.35190629959
19:30:50	3.783033,3.373046,1.400861	3.709388,3.303582,1.397807	0.191602,0.201182,10.099797	3.783033,3.373046,1.400861	3.34134912491
19:30:50	3.796912,3.350089,1.400048	3.698722,3.262815,1.398659	-0.328118,0.373623,10.293794	3.796912,3.350089,1.400048	3.34662771225
19:30:50	3.801215,3.325468,1.398934	3.693109,3.277258,1.401219	0.395178,0.656235,10.262659	3.801215,3.325468,1.398934	3.34134912491
19:30:50	3.794972,3.301261,1.399235	3.693674,3.238793,1.402684	1.266965,0.421523,10.267449	3.794972,3.301261,1.399235	3.34662771225
19:30:50	3.778365,3.280987,1.399562	3.700608,3.252405,1.400961	0.716111,0.476609,10.363250	3.778365,3.280987,1.399562	3.34662771225
19:30:50	3.753310,3.267682,1.399962	3.713354,3.262668,1.400333	0.584385,0.107776,10.126143	3.753310,3.267682,1.399962	3.34662771225
19:30:50	3.724570,3.264203,1.399498	3.729907,3.267949,1.400065	-0.124541,0.052690,10.641072	3.724570,3.264203,1.399498	3.34134912491
19:30:50	3.698045,3.272171,1.397757	3.554274,3.247921,1.342374	0.227527,0.443079,9.776470	3.698045,3.272171,1.397757	3.34662771225
19:30:50	3.677643,3.289291,1.383786	3.761117,3.258788,1.416469	1.470542,1.434617,9.503438	3.677643,3.289291,1.383786	3.33607053757
19:30:50	3.663969,3.312667,1.368220	3.771388,3.246357,1.454954	1.101709,0.936453,10.947634	3.663969,3.312667,1.368220	3.30439901352
19:30:51	3.659859,3.338544,1.363206	3.776838,3.231539,1.477491	0.210762,-0.095801,11.242222	3.659859,3.338544,1.363206	3.3149561882
19:30:51	3.669713,3.363151,1.369181	3.760323,3.234210,1.462559	0.409548,0.256267,11.079360	3.669713,3.363151,1.369181	3.17243385315
19:30:51	3.691250,3.382112,1.380541	3.765701,3.255850,1.455255	-0.009580,-0.311353,10.619517	3.691250,3.382112,1.380541	3.40997076035
19:30:51	3.719607,3.392281,1.391269	3.750451,3.247046,1.430818	0.289797,-0.016765,10.289004	3.719607,3.392281,1.391269	3.34134912491
19:30:51	3.751282,3.394054,1.396881	3.678896,3.296806,1.411063	-0.014370,0.323328,10.490186	3.751282,3.394054,1.396881	3.38357782364
19:30:51	3.782320,3.386835,1.397621	3.712978,3.298352,1.405331	0.476609,0.172441,10.128538	3.782320,3.386835,1.397621	3.32551336288
19:30:51	3.806895,3.371281,1.397072	3.749229,3.305389,1.405632	2.921924,0.411943,10.526111	3.806895,3.371281,1.397072	3.33607053757
19:30:51	3.822429,3.350509,1.396548	3.687386,3.265864,1.406917	0.464634,0.174836,10.300979	3.822429,3.350509,1.396548	3.33607053757
19:30:51	3.829214,3.328624,1.396865	3.730497,3.276270,1.407589	0.387993,-0.019160,10.485396	3.829214,3.328624,1.396865	3.30967760086
19:30:51	3.826562,3.307747,1.398022	3.729246,3.235906,1.405909	0.205972,-0.057480,9.980046	3.826562,3.307747,1.398022	3.33607053757
19:30:52	3.816310,3.290018,1.398715	3.733380,3.247657,1.403300	1.956731,0.043110,10.351274	3.816310,3.290018,1.398715	3.34134912491
19:30:52	3.801406,3.277154,1.399311	3.741059,3.256960,1.402215	0.505349,0.720901,9.977651	3.801406,3.277154,1.399311	3.34134912491
19:30:52	3.783851,3.271852,1.399546	3.697645,3.262664,1.401059	0.004790,0.411943,10.976375	3.783851,3.271852,1.399546	3.33607053757
19:30:52	3.766659,3.275931,1.398975	3.708343,3.263082,1.401352	1.851350,0.500559,10.655442	3.766659,3.275931,1.398975	3.33607053757
19:30:52	3.752959,3.288580,1.398625	3.717111,3.258457,1.402569	0.526904,-0.050295,10.346484	3.752959,3.288580,1.398625	3.33607053757
19:30:52	3.745002,3.306834,1.398794	3.724420,3.248350,1.402826	0.778381,0.795146,10.298584	3.745002,3.306834,1.398794	3.33079195023
19:30:52	3.743846,3.327086,1.399625	3.727168,3.236454,1.402009	0.546064,0.081431,10.703342	3.743846,3.327086,1.399625	3.33079195023
19:30:52	3.748906,3.344666,1.401364	3.725933,3.224786,1.399046	0.524509,0.091011,10.078242	3.748906,3.344666,1.401364	3.33079195023
19:30:52	3.758769,3.355547,1.403756	3.721334,3.215905,1.394604	0.639470,-0.256267,10.437495	3.758769,3.355547,1.403756	3.32551336288
19:30:52	3.771349,3.356506,1.406775	3.714392,3.265550,1.388608	0.845442,1.489702,10.317744	3.771349,3.356506,1.406775	3.33607053757
19:30:53	3.783905,3.347168,1.409318	3.706645,3.268240,1.381979	0.177231,0.110171,9.889036	3.783905,3.347168,1.409318	3.35190629959
19:30:53	3.793285,3.331456,1.409818	3.699783,3.276092,1.377869	0.598755,0.457449,10.593171	3.793285,3.331456,1.409818	3.34134912491
19:30:53	3.795341,3.313195,1.408662	3.696044,3.233185,1.379676	0.869392,0.376018,10.492581	3.795341,3.313195,1.408662	3.33607053757
19:30:53	3.787763,3.294713,1.407589	3.697670,3.244360,1.382183	0.917292,-0.062271,10.631492	3.787763,3.294713,1.407589	3.33607053757
19:30:53	3.771939,3.278348,1.407488	3.704906,3.255087,1.383359	0.416733,0.273032,10.090217	3.771939,3.278348,1.407488	3.33607053757
19:30:53	3.750855,3.268584,1.406681	3.716208,3.263253,1.384183	-0.268242,-0.004790,10.336904	3.750855,3.268584,1.406681	3.33607053757
19:30:53	3.728180,3.268802,1.405176	3.729682,3.266232,1.386639	0.622705,0.335303,10.150093	3.728180,3.268802,1.405176	3.33079195023
19:30:53	3.708716,3.279455,1.403657	3.561457,3.253652,1.347375	0.122146,0.347278,10.607542	3.708716,3.279455,1.403657	3.33079195023
19:30:53	3.695731,3.298495,1.397770	3.752521,3.253815,1.396990	-0.093406,-0.093406,10.578801	3.695731,3.298495,1.397770	3.38357782364
19:30:53	3.689933,3.322535,1.393338	3.758198,3.240590,1.411082	0.639470,0.182021,10.341694	3.689933,3.322535,1.393338	3.32551336288
19:30:54	3.692790,3.346930,1.393196	3.759262,3.225653,1.416042	0.304167,-0.155676,10.538086	3.692790,3.346930,1.393196	3.30967760086
19:30:54	3.706263,3.366799,1.395999	3.754376,3.212019,1.412505	0.431104,-0.855022,10.442285	3.706263,3.366799,1.395999	3.32551336288
19:30:54	3.728191,3.377793,1.399705	3.743483,3.255825,1.404492	0.292192,0.395178,10.382410	3.728191,3.377793,1.399705	3.33607053757
19:30:54	3.754535,3.377266,1.403161	3.728700,3.252640,1.396598	0.225132,0.347278,9.929751	3.754535,3.377266,1.403161	3.33607053757
19:30:54	3.780479,3.367279,1.404390	3.712604,3.255988,1.391295	0.143701,-0.148491,10.607542	3.780479,3.367279,1.404390	3.36774206161
19:30:54	3.801131,3.349797,1.404206	3.698272,3.264351,1.390814	-0.234712,0.179626,10.859019	3.801131,3.349797,1.404206	3.33079195023
19:30:54	3.812374,3.326673,1.404381	3.688450,3.276777,1.390629	0.033530,-0.148491,10.588381	3.812374,3.326673,1.404381	3.33079195023
19:30:54	3.811295,3.301881,1.404529	3.685261,3.238185,1.390041	0.383203,0.196392,10.574011	3.811295,3.301881,1.404529	3.32551336288
19:30:54	3.797737,3.279500,1.403957	3.689754,3.252528,1.390593	0.586780,0.241897,10.451865	3.797737,3.279500,1.403957	3.32551336288
19:30:54	3.774382,3.261891,1.403787	3.701124,3.264737,1.391571	0.299377,0.330513,10.667417	3.774382,3.261891,1.403787	3.33079195023
19:30:55	3.745346,3.253348,1.402245	3.717122,3.272994,1.392775	0.282612,0.584385,10.581196	3.745346,3.253348,1.402245	3.33079195023
19:30:55	3.715064,3.257066,1.399629	3.735313,3.274484,1.397801	0.246687,-0.007185,9.683064	3.715064,3.257066,1.399629	3.32023477554
19:30:55	3.690162,3.272361,1.397413	3.545167,3.244692,1.341815	0.172441,0.431104,10.243499	3.690162,3.272361,1.397413	3.32551336288
19:30:55	3.674804,3.295845,1.382416	3.764618,3.256664,1.415881	0.162861,0.146096,8.341853	3.674804,3.295845,1.382416	3.71612906456
19:30:55	3.670757,3.324149,1.351393	3.770594,3.240949,1.469550	0.471819,0.184417,8.768167	3.670757,3.324149,1.351393	3.28328466415
19:30:55	3.679601,3.354872,1.309322	3.755717,3.239420,1.519714	-0.031135,0.354463,9.563313	3.679601,3.354872,1.309322	3.36774206161
19:30:55	3.700852,3.384482,1.257994	3.733006,3.267428,1.513625	-0.153281,-0.071851,9.929751	3.700852,3.384482,1.257994	3.3782992363
19:30:55	3.729499,3.407516,1.199650	3.732339,3.305195,1.489082	0.924478,0.773591,10.157278	3.729499,3.407516,1.199650	3.37302064896
19:30:55	3.757136,3.421372,1.137566	3.732773,3.327853,1.442833	1.058599,1.520837,9.889036	3.757136,3.421372,1.137566	3.34662771225
19:30:55	3.775560,3.428847,1.071953	3.733712,3.334342,1.358801	0.991538,0.091011,10.384805	3.775560,3.428847,1.071953	3.35718488693
19:30:56	3.778635,3.433807,1.003809	3.765312,3.359689,1.322751	0.014370,0.067061,10.547666	3.778635,3.433807,1.003809	3.35190629959
19:30:56	3.765259,3.439047,0.933355	3.766122,3.361355,1.251167	0.335303,0.241897,10.066267	3.765259,3.439047,0.933355	3.34662771225
19:30:56	3.741792,3.447583,0.862043	3.766991,3.364705,1.175903	0.771196,0.071851,10.547666	3.741792,3.447583,0.862043	3.32551336288
19:30:56	3.721104,3.463428,0.789585	3.767777,3.398342,1.116108	0.670605,0.162861,10.238708	3.721104,3.463428,0.789585	3.34662771225
19:30:56	3.712329,3.488890,0.718429	3.733433,3.399586,1.041945	-0.210762,0.469424,10.720107	3.712329,3.488890,0.718429	3.30967760086
19:30:56	3.717559,3.522906,0.647715	3.700564,3.436373,0.970881	0.570015,0.047900,10.186018	3.717559,3.522906,0.647715	3.35190629959
19:30:56	3.731937,3.558249,0.581225	3.697106,3.457589,0.881707	0.234712,0.517324,10.775193	3.731937,3.558249,0.581225	3.29912042618
19:30:56	3.752036,3.586827,0.520538	3.733036,3.461862,0.788412	0.407153,-0.318538,10.667417	3.752036,3.586827,0.520538	3.32551336288
19:30:56	3.773989,3.607109,0.463945	3.731103,3.492622,0.724297	0.033530,0.529299,10.178833	3.773989,3.607109,0.463945	3.32551336288
19:30:56	3.795968,3.619282,0.407792	3.765953,3.530190,0.706512	0.210762,0.570015,8.964558	3.795968,3.619282,0.407792	3.32551336288
19:30:57	3.816403,3.625684,0.306170	3.800040,3.533896,0.631913	0.052690,0.263452,4.526587	3.816403,3.625684,0.306170	3.73724341393
19:30:57	3.834444,3.629108,0.114456	3.807140,3.583532,0.527663	-0.045505,0.253872,2.476450	3.834444,3.629108,0.114456	3.74780058861
19:30:57	3.860023,3.634559,-0.066635	3.837360,3.613380,0.298629	4.382886,2.514771,6.059399	3.860023,3.634559,-0.066635	3.75307917595
19:30:57	3.895039,3.647951,-0.014637	3.806447,3.628653,0.160911	1.944756,1.049019,1.293311	3.895039,3.647951,-0.014637	3.75307917595
19:30:57	3.940917,3.647035,-0.064427	3.839872,3.620212,0.185549	1.944756,1.049019,1.293311	3.940917,3.647035,-0.064427	3.75307917595
19:30:57	3.968357,3.636967,-0.082787	3.888972,3.671556,0.192935	1.944756,1.049019,1.293311	3.968357,3.636967,-0.082787	3.75307917595
19:30:57	3.969505,3.633982,-0.090043	3.945212,3.596148,0.218028	1.944756,1.049019,1.293311	3.969505,3.633982,-0.090043	3.75307917595
19:30:57	3.969789,3.633476,-0.090700	3.945267,3.595876,0.217439	1.944756,1.049019,1.293311	3.969789,3.633476,-0.090700	3.75307917595
19:30:57	3.969675,3.633568,-0.089810	3.945428,3.595688,0.216492	1.944756,1.049019,1.293311	3.969675,3.633568,-0.089810	3.75307917595
19:30:57	3.969656,3.633584,-0.089836	3.945440,3.595665,0.216410	1.944756,1.049019,1.293311	3.969656,3.633584,-0.089836	3.75307917595
19:30:58	3.969665,3.633582,-0.089837	3.945436,3.595687,0.216429	1.944756,1.049019,1.293311	3.969665,3.633582,-0.089837	3.75307917595
19:30:58	3.969670,3.633561,-0.089836	3.945308,3.595749,0.217207	1.944756,1.049019,1.293311	3.969670,3.633561,-0.089836	3.75307917595
19:30:58	3.969810,3.633452,-0.090702	3.945317,3.595751,0.217243	1.944756,1.049019,1.293311	3.969810,3.633452,-0.090702	3.75307917595
19:30:58	3.969800,3.633466,-0.090651	3.945436,3.595695,0.216461	1.944756,1.049019,1.293311	3.969800,3.633466,-0.090651	3.75307917595
19:30:58	3.969798,3.633464,-0.090676	3.945449,3.595695,0.216442	1.944756,1.049019,1.293311	3.969798,3.633464,-0.090676	3.75307917595
19:30:58	3.969798,3.633453,-0.090657	3.945446,3.595693,0.216463	1.944756,1.049019,1.293311	3.969798,3.633453,-0.090657	3.75307917595
19:30:58	3.969805,3.633466,-0.090669	3.945321,3.595758,0.217256	1.944756,1.049019,1.293311	3.969805,3.633466,-0.090669	3.75307917595
19:30:58	3.969804,3.633461,-0.090676	3.945454,3.595678,0.216463	1.944756,1.049019,1.293311	3.969804,3.633461,-0.090676	3.75307917595
19:30:58	3.969796,3.633459,-0.090653	3.945307,3.595760,0.217272	1.944756,1.049019,1.293311	3.969796,3.633459,-0.090653	3.75307917595
19:30:58	3.969796,3.633471,-0.090665	3.945446,3.595688,0.216445	1.944756,1.049019,1.293311	3.969796,3.633471,-0.090665	3.75307917595
19:30:59	3.969797,3.633460,-0.090671	3.945449,3.595690,0.216452	1.944756,1.049019,1.293311	3.969797,3.633460,-0.090671	3.75307917595
19:30:59	3.969664,3.633590,-0.089828	3.945434,3.595677,0.216441	1.944756,1.049019,1.293311	3.969664,3.633590,-0.089828	3.75307917595
19:30:59	3.969805,3.633470,-0.090669	3.945436,3.595675,0.216449	1.944756,1.049019,1.293311	3.969805,3.633470,-0.090669	3.75307917595
