# Flight Log 
# 25 08 17 - 19:31:26
Time		X,Y,Z				goalX,goalY,goalZ		ddx,ddy,ddz			angularx,angulary,angularz	battery
19:31:26	0.000000,0.000000,0.000000	0.000000,0.000000,0.000000	0.000000,0.000000,0.000000	0.000000,0.000000,0.000000	0
19:31:26	0.952385,4.227045,0.389093	0.000000,0.000000,0.000000	0.000000,0.000000,0.000000	0.952385,4.227045,0.389093	0
19:31:26	0.952382,4.226942,0.389054	0.942098,4.425367,0.341818	-0.208367,0.141306,10.262659	0.952382,4.226942,0.389054	3.80586504936
19:31:26	0.952390,4.227029,0.389054	0.941911,4.425241,0.341133	-0.215552,0.141306,10.260264	0.952390,4.227029,0.389054	3.80586504936
19:31:26	0.952426,4.227067,0.389127	0.941911,4.425241,0.341133	-0.208367,0.146096,10.265054	0.952426,4.227067,0.389127	3.80586504936
19:31:26	0.952422,4.226956,0.389095	0.939923,4.425562,0.345478	-0.208367,0.143701,10.260264	0.952422,4.226956,0.389095	3.80586504936
19:31:27	0.952390,4.227053,0.389069	0.942140,4.425352,0.341458	-0.205972,0.141306,10.253079	0.952390,4.227053,0.389069	3.80586504936
19:31:27	0.952120,4.227143,0.389299	0.941979,4.425254,0.341169	-0.210762,0.141306,10.255474	0.952120,4.227143,0.389299	3.80586504936
19:31:27	0.952400,4.227041,0.389059	0.942150,4.425375,0.341714	-0.203577,0.141306,10.262659	0.952400,4.227041,0.389059	3.80586504936
19:31:27	0.952385,4.227046,0.389067	0.942150,4.425375,0.341714	-0.203577,0.146096,10.243499	0.952094,4.227035,0.389210	3.80586504936
19:31:27	0.952137,4.227040,0.389267	0.942062,4.425376,0.341795	-0.203577,0.141306,10.253079	0.952137,4.227040,0.389267	3.80586504936
19:31:27	0.952393,4.227041,0.389077	0.942152,4.425366,0.341713	-0.205972,0.138911,10.255474	0.952393,4.227041,0.389077	3.80586504936
19:31:27	0.952363,4.226953,0.389040	0.941909,4.425251,0.341404	-0.208367,0.136516,10.253079	0.952363,4.226953,0.389040	3.80586504936
19:31:27	0.952104,4.227123,0.389226	0.939838,4.425554,0.345509	-0.203577,0.138911,10.253079	0.952104,4.227123,0.389226	3.80586504936
19:31:27	0.952417,4.227058,0.389112	0.939838,4.425554,0.345509	-0.210762,0.146096,10.245894	0.952417,4.227058,0.389112	3.80586504936
19:31:27	0.952390,4.227041,0.389065	0.939879,4.425556,0.345353	-0.208367,0.141306,10.245894	0.952390,4.227041,0.389065	3.80586504936
19:31:28	0.952091,4.227019,0.389229	1.020766,4.414818,0.371679	-0.205972,0.141306,10.253079	0.952091,4.227019,0.389229	3.80586504936
19:31:28	0.952121,4.227150,0.389311	0.939664,4.425360,0.344079	-0.203577,0.141306,10.253079	0.952121,4.227150,0.389311	3.8111436367
19:31:28	0.952396,4.227042,0.389069	1.019065,4.415448,0.373524	-0.203577,0.148491,10.257869	0.952396,4.227042,0.389069	3.80586504936
19:31:28	0.952398,4.227043,0.389065	1.020676,4.414812,0.371060	-0.201182,0.138911,10.245894	0.952398,4.227043,0.389065	3.80586504936
19:31:28	0.952123,4.227150,0.389314	1.020691,4.414803,0.370941	-0.203577,0.141306,10.253079	0.952123,4.227150,0.389314	3.80586504936
19:31:28	0.952135,4.227036,0.389277	0.941976,4.425247,0.341285	-0.203577,0.136516,10.248289	0.952135,4.227036,0.389277	3.80586504936
19:31:28	0.952104,4.227112,0.389234	0.939990,4.425438,0.345045	-0.210762,0.138911,10.250684	0.952104,4.227112,0.389234	3.80586504936
19:31:28	0.952127,4.227161,0.389331	0.939656,4.425364,0.344075	-0.210762,0.141306,10.250684	0.952127,4.227161,0.389331	3.73724341393
19:31:28	0.952101,4.227038,0.389265	1.018983,4.415550,0.373107	-0.203577,0.153281,10.308164	0.952101,4.227038,0.389265	3.73196482658
19:31:28	0.952076,4.227104,0.389302	1.020609,4.414772,0.370917	-0.220342,0.141306,10.233918	0.952076,4.227104,0.389302	3.72668623924
19:31:29	0.952541,4.227035,0.389107	1.018812,4.415473,0.373395	-0.150886,0.167651,10.219548	0.952541,4.227035,0.389107	3.71612906456
19:31:29	0.952143,4.227168,0.389310	0.942175,4.425419,0.342288	-0.229922,0.122146,10.229128	0.952143,4.227168,0.389310	3.71612906456
19:31:29	0.952120,4.227231,0.389281	1.020753,4.414930,0.371473	-0.203577,0.100591,10.310559	0.952120,4.227231,0.389281	3.70557188988
19:31:29	0.952110,4.227174,0.389309	0.939735,4.425501,0.344867	-0.203577,0.172441,10.269844	0.952110,4.227174,0.389309	3.70029330254
19:31:29	0.952111,4.227152,0.389273	0.942161,4.425528,0.344112	-0.201182,0.239502,10.305769	0.952363,4.226977,0.389106	3.68973612785
19:31:29	0.952092,4.227042,0.389249	0.939799,4.425547,0.345095	-0.205972,0.191602,10.281819	0.952092,4.227042,0.389249	3.68445754051
19:31:29	0.952395,4.227091,0.389186	0.940015,4.425484,0.345455	-0.237107,0.162861,10.245894	0.952395,4.227091,0.389186	3.67390036583
19:31:29	0.952089,4.227116,0.389268	1.020452,4.414911,0.371563	-0.196392,0.134121,10.212363	0.952089,4.227116,0.389268	3.66862177849
19:31:29	0.952096,4.227120,0.389303	0.939627,4.425574,0.346795	-0.177231,0.019160,10.224338	0.952096,4.227120,0.389303	3.65806460381
19:31:29	0.952124,4.227164,0.389333	0.939676,4.425530,0.345529	-0.261057,0.256267,10.262659	0.952124,4.227164,0.389333	3.64750742912
19:31:30	0.952402,4.227122,0.389155	0.939696,4.425527,0.345271	-0.220342,0.086221,10.281819	0.952402,4.227122,0.389155	3.64222884178
19:31:30	0.952105,4.227025,0.389253	0.939654,4.425456,0.344711	-0.107776,0.414338,10.219548	0.952105,4.227025,0.389253	3.6316716671
19:31:30	0.952061,4.227078,0.389296	1.020603,4.414735,0.370955	-0.189207,0.294587,10.219548	0.952061,4.227078,0.389296	3.62111449242
19:31:30	0.952340,4.226874,0.389101	0.942022,4.425388,0.342155	-0.098196,0.320933,10.257869	0.952340,4.226874,0.389101	3.61583590508
19:31:30	0.952403,4.226801,0.389121	0.941677,4.425204,0.342132	-0.138911,0.114961,10.238708	0.952403,4.226801,0.389121	3.60527873039
19:31:30	0.952139,4.226886,0.389210	1.020381,4.414676,0.371057	-0.093406,0.407153,10.351274	0.952139,4.226886,0.389210	3.59472155571
19:31:30	0.952419,4.226565,0.389287	0.938303,4.425175,0.345669	-0.033530,0.162861,10.262659	0.952419,4.226565,0.389287	3.58416438103
19:31:30	0.952318,4.226148,0.389248	0.942008,4.425063,0.344189	-0.265847,0.117356,10.257869	0.952324,4.226112,0.389240	3.57360720634
19:31:30	0.952172,4.225526,0.389163	0.941445,4.424545,0.343626	-0.138911,0.208367,10.162068	0.952172,4.225526,0.389163	3.568328619
19:31:30	0.951703,4.225171,0.389091	0.939247,4.423548,0.339371	-0.170046,0.138911,10.219548	0.951703,4.225171,0.389091	3.55777144432
19:31:31	0.951563,4.224993,0.389158	1.016765,4.414024,0.370005	-0.313748,0.095801,10.229128	0.951563,4.224993,0.389158	3.54193544388
19:31:31	0.951041,4.224762,0.389202	1.013057,4.414827,0.370959	0.047900,0.189207,10.300979	0.951041,4.224762,0.389202	3.53665685654
19:31:31	0.950831,4.224439,0.389141	1.013057,4.414827,0.370959	-0.143701,0.320933,10.329719	0.950831,4.224439,0.389141	3.52609968185
19:31:31	0.951232,4.223416,0.389275	1.011370,4.414867,0.369004	0.141306,0.107776,10.413545	0.951232,4.223416,0.389275	3.51554250717
19:31:31	0.951170,4.221898,0.388980	0.931223,4.421072,0.342171	-0.289797,0.308958,10.310559	0.951170,4.221898,0.388980	3.49970674515
19:31:31	0.951181,4.220969,0.388885	0.752455,4.199879,0.389948	-0.031135,0.306563,10.403965	0.951181,4.220969,0.388885	3.48914957047
19:31:31	0.949490,4.219493,0.389343	0.752588,4.197290,0.389071	-0.397573,-0.002395,10.257869	0.949490,4.219493,0.389343	3.47859239578
19:31:31	0.947569,4.218329,0.388907	0.751226,4.240227,0.420583	-0.002395,0.014370,10.042317	0.947357,4.218237,0.388898	3.46275663376
19:31:31	0.944509,4.216561,0.389308	0.748903,4.195433,0.394428	-0.016765,0.246687,10.207573	0.944509,4.216561,0.389308	3.44692087173
19:31:31	0.941734,4.213994,0.389181	0.746427,4.190674,0.395930	-0.421523,-0.014370,10.176438	0.941734,4.213994,0.389181	3.43636369705
19:31:32	0.937670,4.210083,0.389558	0.743220,4.192143,0.417391	-0.546064,-0.201182,10.183623	0.937670,4.210083,0.389558	3.42052793503
19:31:32	0.932045,4.201948,0.391931	0.742454,4.169150,0.396524	-0.699346,0.045505,10.499766	0.932045,4.201948,0.391931	3.40997076035
19:31:32	0.924352,4.187425,0.395237	0.738237,4.160191,0.424667	-0.265847,0.265847,10.229128	0.924352,4.187425,0.395237	3.39413499832
19:31:32	0.910874,4.162167,0.398702	0.738034,4.118339,0.417002	-0.512534,0.107776,10.389595	0.910874,4.162167,0.398702	3.3782992363
19:31:32	0.886875,4.122363,0.401865	0.736640,4.069921,0.424837	-0.572410,0.031135,10.243499	0.886875,4.122363,0.401865	3.36246347427
19:31:32	0.857029,4.071624,0.400679	0.730439,4.005616,0.430069	0.615520,0.114961,9.639954	0.857029,4.071624,0.400679	3.34662771225
19:31:32	0.815084,3.998856,0.392493	0.716495,3.929696,0.421311	0.656235,-0.397573,9.412427	0.815084,3.998856,0.392493	3.32023477554
19:31:32	0.777000,3.930038,0.383659	0.693112,3.848865,0.402211	-0.134121,-0.026345,10.621912	0.777000,3.930038,0.383659	3.36246347427
19:31:32	0.731858,3.842674,0.371493	0.631586,3.678549,0.367869	-0.641865,0.565225,10.336904	0.731858,3.842674,0.371493	3.35718488693
19:31:32	0.691109,3.760039,0.356472	0.631586,3.678549,0.367869	0.289797,0.131726,9.970466	0.691109,3.760039,0.356472	3.36774206161
19:31:33	0.654335,3.679711,0.338347	0.509949,3.550900,0.320812	-0.174836,0.091011,9.845925	0.654335,3.679711,0.338347	3.40997076035
19:31:33	0.626693,3.609495,0.319442	0.509949,3.550900,0.320812	0.184417,-0.038320,10.200388	0.626693,3.609495,0.319442	3.33079195023
19:31:33	0.602649,3.534539,0.295044	0.504235,3.452297,0.285220	0.059875,-0.141306,10.018367	0.602649,3.534539,0.295044	3.38885641098
19:31:33	0.587893,3.474447,0.270794	0.458801,3.327863,0.242689	-0.433499,0.038320,10.298584	0.587893,3.474447,0.270794	3.30967760086
19:31:33	0.579510,3.422171,0.250110	0.461961,3.271152,0.162340	-0.026345,0.256267,10.629097	0.579510,3.422171,0.250110	3.27272748947
19:31:33	0.574222,3.373936,0.229544	0.461961,3.271152,0.162340	-0.167651,-0.117356,9.788445	0.574222,3.373936,0.229544	3.43636369705
19:31:33	0.568228,3.326067,0.207087	0.431694,3.185741,0.171611	0.536484,-0.205972,10.552456	0.568228,3.326067,0.207087	3.10909080505
19:31:33	0.559054,3.276940,0.187460	0.431694,3.185741,0.171611	-0.311353,-0.122146,10.133328	0.559054,3.276940,0.187460	3.35190629959
19:31:33	0.545573,3.225053,0.165605	0.422352,3.136822,0.157829	-0.857417,-0.011975,10.363250	0.545573,3.225053,0.165605	3.33079195023
19:31:33	0.528453,3.170100,0.141436	0.420010,3.076417,0.123722	-0.799937,0.033530,9.905801	0.528453,3.170100,0.141436	3.45747804642
19:31:34	0.507974,3.112730,0.111716	0.406247,3.019432,0.096286	-0.687371,-0.031135,9.841135	0.507974,3.112730,0.111716	3.404692173
19:31:34	0.487186,3.058280,0.080845	0.342083,3.010719,0.071404	-0.488584,-0.277822,10.020762	0.487186,3.058280,0.080845	3.39413499832
19:31:34	0.462304,2.993309,0.040822	0.360834,2.905850,0.024269	0.035925,-0.014370,9.539363	0.462304,2.993309,0.040822	3.49442815781
19:31:34	0.440005,2.935058,-0.001717	0.337155,2.847196,-0.019951	-0.380808,-0.059875,9.762100	0.440005,2.935058,-0.001717	3.46275663376
19:31:34	0.418947,2.878356,-0.047600	0.323284,2.785863,-0.092293	-0.234712,0.026345,10.468630	0.418947,2.878356,-0.047600	3.42580652237
19:31:34	0.401720,2.828440,-0.064677	0.295804,2.742654,-0.180885	0.778381,-1.956731,15.598762	0.401720,2.828440,-0.064677	3.57888579369
19:31:34	0.386352,2.787763,-0.044940	0.339781,2.649396,-0.172703	-0.249082,-0.328118,10.638677	0.386352,2.787763,-0.044940	3.30439901352
19:31:34	0.363382,2.742989,-0.023361	0.327635,2.604641,-0.124216	-0.586780,-0.222737,9.975256	0.363382,2.742989,-0.023361	3.34662771225
19:31:34	0.334872,2.693977,-0.006595	0.306953,2.557522,-0.076449	-0.143701,-0.052690,9.994417	0.334872,2.693977,-0.006595	3.11964797974
19:31:34	0.294412,2.624757,0.009502	0.277807,2.502837,-0.035499	0.153281,0.004790,9.996812	0.294412,2.624757,0.009502	3.13548374176
19:31:35	0.254614,2.551724,0.020648	0.406380,2.539242,0.155842	0.038320,-0.148491,10.272239	0.254614,2.551724,0.020648	3.15131950378
19:31:35	0.217074,2.471479,0.030355	0.371958,2.473246,0.166583	-0.213157,0.172441,10.095007	0.217074,2.471479,0.030355	3.27272748947
19:31:35	0.187083,2.386315,0.037834	0.340543,2.403574,0.177621	0.962798,-0.251477,9.845925	0.187083,2.386315,0.037834	3.3149561882
19:31:35	0.167764,2.301320,0.046240	0.316833,2.330887,0.184519	-0.244292,0.471819,10.085427	0.167764,2.301320,0.046240	3.30967760086
19:31:35	0.156698,2.220643,0.050966	0.301183,2.258720,0.196353	-0.787961,0.172441,10.243499	0.156698,2.220643,0.050966	3.2885632515
19:31:35	0.150283,2.148863,0.053501	0.293523,2.192319,0.203533	-0.344883,0.222737,9.960886	0.150283,2.148863,0.053501	3.29912042618
19:31:35	0.148103,2.091053,0.053117	0.291182,2.130854,0.198625	-0.404758,0.316143,9.944121	0.148103,2.091053,0.053117	3.29384183884
19:31:35	0.149924,2.031393,0.048908	0.288338,2.077824,0.204896	-0.883762,0.117356,10.190808	0.149924,2.031393,0.048908	3.2885632515
19:31:35	0.154398,1.988145,0.042404	0.294474,1.989411,0.197025	-0.143701,0.153281,10.375225	0.154398,1.988145,0.042404	3.29384183884
19:31:35	0.163340,1.943735,0.032438	0.294474,1.989411,0.197025	-0.893342,0.155676,10.226733	0.163340,1.943735,0.032438	3.32023477554
19:31:36	0.176773,1.905770,0.020438	0.302715,1.955983,0.186833	-0.675396,-0.105381,9.958491	0.176773,1.905770,0.020438	3.30967760086
19:31:36	0.191830,1.873865,0.007920	0.328563,1.893517,0.169386	0.076641,-0.141306,10.274634	0.191830,1.873865,0.007920	3.28328466415
19:31:36	0.211891,1.841852,-0.007195	0.328563,1.893517,0.169386	-0.033530,-0.249082,10.317744	0.211891,1.841852,-0.007195	3.33079195023
19:31:36	0.230857,1.818911,-0.019288	0.346639,1.866376,0.155757	-1.154399,-0.064666,10.511741	0.230857,1.818911,-0.019288	3.32023477554
19:31:36	0.256813,1.793385,-0.030067	0.365574,1.843897,0.145963	-0.186812,-0.155676,10.564431	0.256813,1.793385,-0.030067	3.27272748947
19:31:36	0.284295,1.771536,-0.032990	0.387878,1.828804,0.134692	0.605940,-0.562830,10.435100	0.284295,1.771536,-0.032990	3.26744890213
19:31:36	0.317166,1.752735,-0.030892	0.413624,1.809219,0.133616	0.414338,-0.536484,10.039922	0.317166,1.752735,-0.030892	3.27272748947
19:31:36	0.357880,1.735744,-0.025803	0.481473,1.784534,0.142701	-1.329236,0.292192,10.868599	0.357880,1.735744,-0.025803	3.28328466415
19:31:36	0.405529,1.717096,-0.017484	0.481473,1.784534,0.142701	-0.689766,-0.294587,10.518926	0.405529,1.717096,-0.017484	3.25161314011
19:31:36	0.452873,1.696647,-0.005832	0.526796,1.769119,0.152950	-1.499282,0.179626,11.134446	0.452873,1.696647,-0.005832	3.25689172745
19:31:37	0.509075,1.671088,0.008710	0.576585,1.752892,0.163070	0.011975,-0.064666,10.166858	0.509075,1.671088,0.008710	3.30439901352
19:31:37	0.559090,1.646877,0.021063	0.625587,1.738093,0.172275	-0.536484,0.083826,10.106982	0.559090,1.646877,0.021063	3.30439901352
19:31:37	0.604349,1.619888,0.030633	0.627001,1.570619,0.169120	-0.368833,-0.112566,9.829160	0.604349,1.619888,0.030633	3.29384183884
19:31:37	0.641448,1.590628,0.037592	0.715374,1.699841,0.190566	-0.946033,-0.052690,10.159673	0.641448,1.590628,0.037592	3.27800607681
19:31:37	0.663738,1.564127,0.043402	0.750607,1.674546,0.197815	-1.343606,0.395178,10.550061	0.663738,1.564127,0.043402	3.2885632515
19:31:37	0.671782,1.543130,0.046391	0.772730,1.651967,0.198880	-0.608335,-0.059875,10.073452	0.671782,1.543130,0.046391	3.27800607681
19:31:37	0.673241,1.526858,0.048644	0.778733,1.624753,0.191474	-0.723296,0.114961,10.411150	0.673241,1.526858,0.048644	3.27800607681
19:31:37	0.671431,1.515341,0.049754	0.770380,1.436975,0.210573	-0.656235,-0.198787,10.279424	0.671431,1.515341,0.049754	3.3149561882
19:31:37	0.667946,1.508247,0.050878	0.761905,1.400230,0.192237	-1.013093,-0.059875,10.569221	0.667946,1.508247,0.050878	3.23049879074
19:31:37	0.664910,1.501265,0.052224	0.768597,1.605114,0.182582	-0.299377,-0.052690,10.174043	0.664910,1.501265,0.052224	3.37302064896
19:31:38	0.662898,1.489549,0.050335	0.768597,1.605114,0.182582	-0.603545,-0.105381,10.003997	0.662898,1.489549,0.050335	3.35190629959
19:31:38	0.661749,1.475589,0.047547	0.760000,1.371841,0.191534	-1.032253,0.023950,10.542876	0.661749,1.475589,0.047547	3.21466302872
19:31:38	0.660950,1.457997,0.042200	0.766631,1.372657,0.209343	-0.890947,-0.126936,9.702224	0.660950,1.457997,0.042200	3.54193544388
19:31:38	0.659737,1.438043,0.033734	0.770406,1.379860,0.231887	-0.107776,-0.205972,10.408755	0.659737,1.438043,0.033734	3.12492656708
19:31:38	0.657560,1.413800,0.029784	0.770406,1.379860,0.231887	-0.644260,-0.172441,10.715317	0.657560,1.413800,0.029784	3.16187667847
19:31:38	0.654752,1.387694,0.029423	0.752925,1.500877,0.150665	-0.797542,0.131726,10.626702	0.654752,1.387694,0.029423	3.26744890213
19:31:38	0.651901,1.360207,0.026432	0.748261,1.475876,0.146078	-0.352068,-0.105381,9.723779	0.651901,1.360207,0.026432	3.53665685654
19:31:38	0.649689,1.332322,0.018509	0.746605,1.447650,0.136856	-0.265847,-0.014370,10.140513	0.649689,1.332322,0.018509	3.26217031479
19:31:38	0.648792,1.308661,0.011955	0.744664,1.422455,0.129587	-0.991538,0.052690,10.542876	0.648792,1.308661,0.011955	3.29912042618
19:31:38	0.650952,1.284804,0.007705	0.744664,1.422455,0.129587	-0.316143,-0.093406,10.339299	0.650952,1.284804,0.007705	3.25689172745
19:31:39	0.655863,1.267612,0.005870	0.744654,1.402148,0.123941	-0.483794,-0.258662,10.492581	0.655863,1.267612,0.005870	3.27800607681
19:31:39	0.664088,1.255071,0.004828	0.748552,1.385268,0.121777	-0.637075,0.177231,10.382410	0.664088,1.255071,0.004828	3.26217031479
19:31:39	0.675008,1.246741,0.004919	0.756060,1.373262,0.118286	-0.737666,-0.126936,10.236313	0.675008,1.246741,0.004919	3.26744890213
19:31:39	0.686752,1.241212,0.005679	0.764937,1.366288,0.117229	-0.031135,-0.100591,10.411150	0.686752,1.241212,0.005679	3.26744890213
19:31:39	0.702899,1.236777,0.009600	0.793378,1.356172,0.118073	-0.922083,0.105381,10.760823	0.702899,1.236777,0.009600	3.13020515442
19:31:39	0.717366,1.235214,0.012534	0.796999,1.232117,0.185480	-0.684976,0.074246,9.812395	0.717366,1.235214,0.012534	3.5313782692
19:31:39	0.728925,1.234223,0.013486	0.796999,1.232117,0.185480	0.100591,-0.256267,10.401570	0.728925,1.234223,0.013486	3.09325504303
19:31:39	0.736377,1.229999,0.015657	0.819281,1.354436,0.120370	-0.035925,-0.064666,9.522598	0.736377,1.229999,0.015657	3.28328466415
19:31:39	0.739668,1.222849,0.012445	0.836199,1.239624,0.185954	-0.732876,-0.263452,10.164463	0.739668,1.222849,0.012445	3.28328466415
19:31:39	0.741505,1.212415,0.011606	0.832775,1.334892,0.110494	-0.620310,0.280217,10.765613	0.741505,1.212415,0.011606	3.18826961517
19:31:40	0.741848,1.201549,0.012160	0.832720,1.324531,0.111167	-0.483794,0.043110,10.097402	0.741848,1.201549,0.012160	3.48914957047
19:31:40	0.740966,1.189664,0.009188	0.832286,1.312859,0.106302	-0.692161,-0.100591,10.375225	0.740966,1.189664,0.009188	3.24105596542
19:31:40	0.739650,1.179773,0.008068	0.830649,1.302848,0.104818	-0.519719,-0.256267,10.636282	0.739650,1.179773,0.008068	3.25689172745
19:31:40	0.738697,1.174126,0.009781	0.830649,1.302848,0.104818	-0.675396,-0.047900,10.284214	0.738697,1.174126,0.009781	3.25689172745
19:31:40	0.739908,1.172809,0.015397	0.831605,1.294052,0.113565	-0.826282,0.091011,10.703342	0.739908,1.172809,0.015397	3.10909080505
19:31:40	0.742053,1.174917,0.022470	0.835394,1.295411,0.119804	-0.510139,0.021555,9.960886	0.742053,1.174917,0.022470	3.34662771225
19:31:40	0.744067,1.181251,0.026490	0.838738,1.300182,0.122497	-0.778381,-0.011975,10.020762	0.744067,1.181251,0.026490	3.25161314011
19:31:40	0.744049,1.193090,0.029494	0.838738,1.300182,0.122497	-0.696951,0.011975,10.514136	0.744049,1.193090,0.029494	3.23577737808
19:31:40	0.743304,1.208230,0.034004	0.840722,1.325264,0.125159	-0.407153,-0.217947,10.188413	0.743304,1.208230,0.034004	3.24633455276
19:31:40	0.740794,1.224471,0.040069	0.838718,1.340624,0.134692	-0.325723,-0.285007,10.329719	0.740794,1.224471,0.040069	3.25689172745
19:31:41	0.738196,1.241194,0.045348	0.837848,1.355879,0.139065	-0.831072,-0.251477,10.459050	0.738196,1.241194,0.045348	3.18826961517
19:31:41	0.739280,1.258904,0.052442	0.837848,1.355879,0.139065	0.114961,-0.261057,10.217153	0.739280,1.258904,0.052442	3.24105596542
19:31:41	0.744906,1.278044,0.060658	0.839139,1.373096,0.145665	-0.079036,-0.162861,10.059082	0.744906,1.278044,0.060658	3.2252202034
19:31:41	0.753381,1.300004,0.068861	0.853434,1.412610,0.163742	-0.649050,-0.124541,10.303374	0.753381,1.300004,0.068861	3.21994161606
19:31:41	0.765674,1.325887,0.077354	0.853434,1.412610,0.163742	-0.050295,-0.490979,10.186018	0.765674,1.325887,0.077354	3.18826961517
19:31:41	0.781250,1.353248,0.085253	0.865459,1.269311,0.239995	-0.644260,-0.122146,10.200388	0.781250,1.353248,0.085253	3.25689172745
19:31:41	0.795563,1.378605,0.093139	0.898827,1.488487,0.186645	-0.526904,-0.105381,10.552456	0.795563,1.378605,0.093139	3.17771244049
19:31:41	0.804721,1.397739,0.097824	0.898827,1.488487,0.186645	-0.330513,-0.150886,9.673484	0.804721,1.397739,0.097824	3.45747804642
19:31:41	0.807875,1.407289,0.097038	0.908979,1.508092,0.190517	-0.855022,-0.095801,10.468630	0.807875,1.407289,0.097038	3.2252202034
19:31:41	0.805971,1.411673,0.097175	0.886266,1.307978,0.281200	-0.682581,0.026345,10.581196	0.805971,1.411673,0.097175	3.23049879074
19:31:42	0.799759,1.413256,0.099316	0.886266,1.307978,0.281200	-0.440684,0.033530,10.492581	0.799759,1.413256,0.099316	3.25689172745
19:31:42	0.791115,1.411177,0.102216	0.886883,1.312219,0.265879	-0.098196,-0.114961,9.644744	0.791115,1.411177,0.102216	3.21994161606
19:31:42	0.783098,1.405183,0.102722	0.886883,1.312219,0.265879	-0.146096,-0.011975,10.334509	0.783098,1.405183,0.102722	3.17243385315
19:31:42	0.777006,1.396204,0.106532	0.863388,1.299125,0.292007	0.107776,-0.201182,10.205178	0.777006,1.396204,0.106532	3.24105596542
19:31:42	0.772638,1.383030,0.116276	0.863388,1.299125,0.292007	0.265847,-0.237107,10.607542	0.772638,1.383030,0.116276	3.13020515442
19:31:42	0.769107,1.365423,0.128715	0.882813,1.491499,0.205507	-0.105381,-0.141306,9.570498	0.769107,1.365423,0.128715	3.42052793503
19:31:42	0.765908,1.346208,0.137514	0.880086,1.473870,0.215812	-0.002395,0.107776,10.145303	0.765908,1.346208,0.137514	3.16187667847
19:31:42	0.764122,1.331004,0.148856	0.874461,1.440278,0.230958	-0.893342,0.213157,10.660232	0.764122,1.331004,0.148856	3.19882678986
19:31:42	0.765442,1.323010,0.161131	0.874461,1.440278,0.230958	-0.011975,-0.275427,10.348879	0.765442,1.323010,0.161131	3.20938444138
19:31:42	0.771652,1.320778,0.176689	0.870342,1.287533,0.357952	-0.704136,-0.265847,10.554851	0.771652,1.320778,0.176689	3.17243385315
19:31:43	0.785141,1.325398,0.197493	0.870342,1.287533,0.357952	-0.076641,-0.328118,10.308164	0.785141,1.325398,0.197493	3.11964797974
19:31:43	0.800944,1.332472,0.220631	0.862971,1.285112,0.423002	0.141306,-0.110171,10.437495	0.800944,1.332472,0.220631	3.25161314011
19:31:43	0.816365,1.338695,0.245234	0.906934,1.280783,0.372768	-0.275427,-0.095801,9.675879	0.816365,1.338695,0.245234	3.24105596542
19:31:43	0.829562,1.341935,0.266042	0.920395,1.245177,0.441965	-0.471819,0.019160,10.368040	0.829562,1.341935,0.266042	3.13020515442
19:31:43	0.838582,1.339929,0.290028	0.920395,1.245177,0.441965	-0.797542,-0.019160,10.861414	0.838582,1.339929,0.290028	3.13548374176
19:31:43	0.844034,1.331692,0.313303	0.949520,1.447771,0.368650	-0.620310,-0.071851,9.467512	0.844034,1.331692,0.313303	3.24633455276
19:31:43	0.848402,1.320538,0.330905	0.958926,1.430004,0.407823	-1.324446,0.493374,10.739268	0.848402,1.320538,0.330905	3.14604091644
19:31:43	0.853233,1.312238,0.349494	0.963047,1.421457,0.427938	-0.924478,0.234712,10.260264	0.853233,1.312238,0.349494	3.14604091644
19:31:43	0.859076,1.310365,0.369944	0.963047,1.421457,0.427938	-0.893342,0.275427,10.832673	0.859076,1.310365,0.369944	3.13020515442
19:31:43	0.866286,1.313740,0.389306	0.968508,1.419156,0.449580	-0.079036,-0.088616,10.425520	0.866286,1.313740,0.389306	3.24633455276
19:31:44	0.878053,1.323488,0.409000	0.973562,1.291756,0.316859	-0.373623,-0.232317,9.067544	0.878053,1.323488,0.409000	3.24633455276
19:31:44	0.890976,1.335777,0.413699	0.967086,1.286505,0.382101	-0.828677,0.423918,9.817185	0.890976,1.335777,0.413699	3.24105596542
19:31:44	0.904565,1.344416,0.415111	1.068877,1.283204,0.559614	-0.519719,-0.071851,10.396780	0.904565,1.344416,0.415111	3.2252202034
19:31:44	0.918893,1.342291,0.419519	1.092559,1.338203,0.544681	-0.088616,-0.447869,10.332114	0.918893,1.342291,0.419519	3.20938444138
19:31:44	0.934586,1.330496,0.425099	1.098176,1.278364,0.532767	-1.041833,0.364043,10.593171	0.934586,1.330496,0.425099	3.2041053772
19:31:44	0.956389,1.305355,0.431816	1.108680,1.245449,0.524260	0.263452,-0.170046,10.229128	0.956389,1.305355,0.431816	3.21994161606
19:31:44	0.976739,1.270736,0.438319	1.122694,1.210378,0.525411	-1.451382,0.486189,11.120076	0.976739,1.270736,0.438319	3.21466302872
19:31:44	0.997204,1.226200,0.446615	1.144113,1.175033,0.518235	-0.795146,0.213157,10.545271	0.997204,1.226200,0.446615	3.2252202034
19:31:44	1.017313,1.175288,0.457095	1.170780,1.156801,0.570220	-1.458567,0.977168,10.957214	1.017313,1.175288,0.457095	3.2252202034
19:31:44	1.037202,1.123497,0.472003	1.183967,1.091397,0.580789	-0.965193,0.459844,10.897339	1.037202,1.123497,0.472003	3.21994161606
19:31:45	1.055686,1.074689,0.490137	1.197496,1.029981,0.601010	-0.617915,0.174836,10.526111	1.055686,1.074689,0.490137	3.23049879074
19:31:45	1.071690,1.031678,0.510335	1.210599,0.974922,0.626474	-0.950823,0.402363,10.506951	1.071690,1.031678,0.510335	3.23049879074
19:31:45	1.085373,0.995405,0.535830	1.222623,0.928160,0.654954	-1.104104,0.570015,11.345208	1.085373,0.995405,0.535830	3.2252202034
19:31:45	1.097525,0.962193,0.568734	1.233461,0.890443,0.689884	-0.610730,0.273032,10.851833	1.097525,0.962193,0.568734	3.23577737808
19:31:45	1.107176,0.927675,0.607190	1.242134,0.857785,0.736955	-0.081431,0.052690,10.360854	1.107176,0.927675,0.607190	3.25161314011
19:31:45	1.116501,0.893192,0.645416	1.247916,0.824408,0.791246	-1.290916,0.407153,11.419453	1.116501,0.893192,0.645416	3.25161314011
19:31:45	1.126754,0.846155,0.700037	1.252976,0.787941,0.848361	-0.732876,-0.179626,10.904524	1.126754,0.846155,0.700037	3.26744890213
19:31:45	1.135392,0.799133,0.745019	1.222750,0.973983,0.755919	-0.079036,0.088616,9.302256	1.136159,0.794721,0.748499	3.26217031479
19:31:45	1.147409,0.740937,0.786950	1.242139,0.870616,0.837995	0.057480,0.000000,9.936936	1.147409,0.740937,0.786950	3.21994161606
19:31:45	1.162092,0.692415,0.825256	1.242139,0.870616,0.837995	-0.922083,0.026345,10.454260	1.162092,0.692415,0.825256	3.11964797974
19:31:46	1.178688,0.655459,0.861083	1.274402,0.781270,0.910492	-0.246687,0.098196,10.590776	1.178688,0.655459,0.861083	3.24105596542
19:31:46	1.202021,0.621642,0.906673	1.274402,0.781270,0.910492	-0.095801,-0.165256,10.346484	1.202021,0.621642,0.906673	3.24105596542
19:31:46	1.226344,0.598884,0.948899	1.076810,0.588888,1.215431	-0.670605,0.210762,10.078242	1.226344,0.598884,0.948899	3.24633455276
19:31:46	1.251889,0.584821,0.990698	1.163381,0.554924,1.342611	0.088616,-0.193997,10.073452	1.251889,0.584821,0.990698	3.21994161606
19:31:46	1.274572,0.578089,1.036087	1.163381,0.554924,1.342611	-0.589175,0.191602,10.612332	1.274572,0.578089,1.036087	3.2252202034
19:31:46	1.290831,0.574063,1.084334	1.148711,0.598515,1.342839	-0.191602,-0.182021,10.296189	1.290831,0.574063,1.084334	3.2252202034
19:31:46	1.298906,0.570710,1.134275	1.230975,0.595292,1.460319	0.064666,-0.193997,10.308164	1.298906,0.570710,1.134275	3.21994161606
19:31:46	1.298110,0.566849,1.185999	1.274901,0.596703,1.523673	-0.661025,0.059875,10.298584	1.298110,0.566849,1.185999	3.21466302872
19:31:46	1.291107,0.560701,1.238246	1.282221,0.579119,1.579752	-0.071851,-0.476609,10.502161	1.291107,0.560701,1.238246	3.21466302872
19:31:46	1.279180,0.551561,1.293734	1.288438,0.591385,1.629285	-0.323328,-0.174836,10.530901	1.279180,0.551561,1.293734	3.21466302872
19:31:47	1.265654,0.539961,1.352982	1.278126,0.581802,1.684629	0.522114,-0.263452,10.444680	1.265654,0.539961,1.352982	3.21466302872
19:31:47	1.251498,0.526430,1.416828	1.265501,0.569081,1.743881	0.610730,-0.354463,10.305769	1.251498,0.526430,1.416828	3.16715526581
19:31:47	1.236027,0.510057,1.484114	1.252215,0.554024,1.807996	-0.737666,-0.107776,10.499766	1.236027,0.510057,1.484114	3.21994161606
19:31:47	1.221111,0.490428,1.556691	1.237486,0.536187,1.875229	-0.112566,-0.148491,10.442285	1.221111,0.490428,1.556691	3.21994161606
19:31:47	1.205939,0.468455,1.626460	1.322611,0.616843,1.543211	-0.625100,-0.088616,8.883127	1.205939,0.468455,1.626460	3.24633455276
19:31:47	1.194319,0.447930,1.677451	1.307253,0.595033,1.608146	-0.174836,0.064666,9.764495	1.194319,0.447930,1.677451	3.21994161606
19:31:47	1.187303,0.425606,1.734470	1.295772,0.571323,1.659423	0.270637,-0.265847,10.130933	1.187303,0.425606,1.734470	3.24633455276
19:31:47	1.187654,0.407379,1.786945	1.288639,0.550776,1.707643	0.110171,-0.081431,10.315349	1.187654,0.407379,1.786945	3.24633455276
19:31:47	1.194852,0.390830,1.839886	1.288017,0.532562,1.755782	0.476609,-0.079036,9.982441	1.194852,0.390830,1.839886	3.23577737808
19:31:47	1.209110,0.375646,1.893582	1.294704,0.515494,1.804490	-0.670605,0.215552,10.521321	1.209110,0.375646,1.893582	3.24633455276
19:31:48	1.229819,0.361687,1.946249	1.307062,0.501054,1.854103	0.059875,-0.047900,10.011182	1.229819,0.361687,1.946249	3.24633455276
19:31:48	1.255247,0.351043,1.995251	1.327203,0.486778,1.902840	-0.282612,0.047900,10.310559	1.255247,0.351043,1.995251	3.23577737808
19:31:48	1.282731,0.344483,2.044722	1.163710,0.357063,2.349310	0.246687,-0.256267,10.365645	1.282731,0.344483,2.044722	3.23577737808
19:31:48	1.306799,0.341286,2.093496	1.261711,0.351912,2.438457	-0.869392,0.160466,10.739268	1.306799,0.341286,2.093496	3.21466302872
19:31:48	1.328044,0.337112,2.155462	1.193117,0.373486,2.416231	-1.089734,-0.059875,10.408755	1.328044,0.337112,2.155462	3.19882678986
19:31:48	1.337589,0.331689,2.212775	1.173350,0.376434,2.395316	-1.365161,-0.229922,10.332114	1.337589,0.331689,2.212775	3.19882678986
19:31:48	1.333011,0.324903,2.269158	1.252325,0.367080,2.563643	-0.407153,0.100591,10.562036	1.333011,0.324903,2.269158	3.20938444138
19:31:48	1.314032,0.316657,2.328856	1.281610,0.358955,2.644604	-0.965193,0.344883,10.813513	1.314032,0.316657,2.328856	3.21466302872
19:31:48	1.286376,0.305204,2.394060	1.272028,0.350943,2.708123	-1.082549,0.093406,10.787168	1.286376,0.305204,2.394060	3.2041053772
19:31:48	1.252397,0.291270,2.456766	1.108675,0.344812,2.543297	-0.299377,-0.213157,9.208850	1.252397,0.291270,2.456766	3.45219945908
19:31:49	1.214503,0.275846,2.510072	1.071473,0.330563,2.589395	0.215552,0.091011,9.707014	1.214503,0.275846,2.510072	3.19882678986
19:31:49	1.174851,0.259859,2.560489	1.027643,0.311207,2.609597	-0.402363,0.246687,10.279424	1.174851,0.259859,2.560489	3.23049879074
19:31:49	1.135048,0.244382,2.612779	0.987478,0.293015,2.658076	0.071851,-0.385598,10.423125	1.135048,0.244382,2.612779	3.2252202034
19:31:49	1.094088,0.230256,2.667084	0.948171,0.275392,2.716700	0.344883,-0.095801,10.255474	1.094088,0.230256,2.667084	3.21466302872
19:31:49	1.054621,0.218185,2.722095	0.907837,0.261308,2.775278	0.055085,-0.383203,10.399175	1.054621,0.218185,2.722095	3.23577737808
19:31:49	1.017164,0.209256,2.779511	0.871966,0.251145,2.850268	-0.337698,-0.023950,10.358459	1.017164,0.209256,2.779511	3.2252202034
19:31:49	0.980573,0.201373,2.839583	0.829472,0.234276,3.080982	-0.455054,-0.155676,10.432705	0.980573,0.201373,2.839583	3.20938444138
19:31:49	0.944015,0.194457,2.903984	0.829472,0.234276,3.080982	-0.536484,-0.172441,10.729688	0.944015,0.194457,2.903984	3.23577737808
19:31:49	0.907290,0.187249,2.972578	0.807981,0.228463,3.178182	-0.974773,0.165256,10.727292	0.907290,0.187249,2.972578	3.2252202034
19:31:49	0.877987,0.181003,3.025467	0.783005,0.221699,3.267739	0.268242,-0.237107,10.415940	0.877987,0.181003,3.025467	3.2252202034
19:31:50	0.877987,0.181003,3.025467	0.759336,0.214686,3.340348	-0.914897,0.122146,11.041040	0.877987,0.181003,3.025467	3.23577737808
19:31:50	0.877987,0.181003,3.025467	0.759644,0.214416,3.340926	-1.137634,0.122146,11.673325	0.877987,0.181003,3.025467	3.12492656708
19:31:50	0.877987,0.181003,3.025467	0.759326,0.214012,3.340619	-1.535208,0.373623,11.776311	0.877987,0.181003,3.025467	3.12492656708
19:31:50	0.877987,0.181003,3.025467	0.786049,0.266067,3.337310	0.584385,-0.558040,10.820698	0.877987,0.181003,3.025467	3.10381221771
19:31:50	0.877987,0.181003,3.025467	0.786341,0.266066,3.337655	-0.562830,-0.074246,10.971584	0.877987,0.181003,3.025467	3.10909080505
19:31:50	0.877987,0.181003,3.025467	0.786341,0.266066,3.337655	-1.214275,0.294587,11.620635	0.877987,0.181003,3.025467	3.10909080505
19:31:50	0.877987,0.181003,3.025467	0.785736,0.266474,3.336494	6.298901,-5.491780,9.845925	0.877987,0.181003,3.025467	3.10381221771
19:31:50	0.877987,0.181003,3.025467	0.785736,0.266474,3.336494	1.480122,0.902922,9.994417	0.877987,0.181003,3.025467	3.15659809113
19:31:50	0.877987,0.181003,3.025467	0.785128,0.266879,3.335322	-2.450105,-4.667893,3.908672	0.877987,0.181003,3.025467	3.25689172745
19:31:50	0.877987,0.181003,3.025467	0.785220,0.267223,3.335050	0.625100,-1.640588,1.772314	0.877987,0.181003,3.025467	3.10909080505
19:31:51	0.877987,0.181003,3.025467	0.785220,0.267223,3.335050	5.431904,4.145779,-0.004790	0.877987,0.181003,3.025467	3.10909080505
19:31:51	0.877987,0.181003,3.025467	0.785220,0.267223,3.335050	6.868916,3.743416,1.535208	0.877987,0.181003,3.025467	3.1143693924
19:31:51	0.877987,0.181003,3.025467	0.785919,0.267160,3.335954	7.975415,3.060835,0.510139	0.877987,0.181003,3.025467	3.09853363037
19:31:51	0.877987,0.181003,3.025467	0.785919,0.267160,3.335954	6.253396,0.495769,1.714834	0.877987,0.181003,3.025467	3.10381221771
19:31:51	0.877987,0.181003,3.025467	0.785919,0.267160,3.335954	0.852627,-0.208367,8.514294	0.877987,0.181003,3.025467	3.23577737808
19:31:51	0.877987,0.181003,3.025467	0.786028,0.266477,3.336837	0.610730,-0.764011,9.781260	0.877987,0.181003,3.025467	3.24105596542
19:31:51	0.877987,0.181003,3.025467	0.785318,0.266533,3.335932	0.026345,-0.814307,9.235195	0.877987,0.181003,3.025467	3.2885632515
19:31:51	-0.049700,0.350585,2.603275	0.783884,0.266622,3.334102	-0.304167,-0.407153,8.978928	-0.049700,0.350585,2.603275	3.32551336288
19:31:51	-0.183352,0.418940,2.284419	0.783159,0.266654,3.333178	-0.071851,-0.229922,9.352551	-0.183352,0.418940,2.284419	3.33079195023
19:31:51	-0.319209,0.450812,1.958680	-0.015386,0.530746,2.222352	-1.322051,0.383203,10.545271	-0.319209,0.450812,1.958680	3.08797645569
19:31:52	-0.448433,0.470607,1.624646	-0.147020,0.564055,1.918006	-0.273032,0.196392,11.141631	-0.448433,0.470607,1.624646	3.08797645569
19:31:52	-0.539841,0.483697,1.302660	-0.274261,0.582024,1.613142	-0.608335,-0.344883,10.159673	-0.539841,0.483697,1.302660	3.09325504303
19:31:52	-0.596306,0.475299,1.005391	-0.369904,0.598280,1.302194	-0.632285,-0.229922,11.587104	-0.596306,0.475299,1.005391	3.07741928101
19:31:52	-0.654845,0.437056,0.672455	-0.431993,0.589314,1.002637	0.088616,-0.170046,11.891272	-0.654845,0.437056,0.672455	3.09853363037
19:31:52	-0.689080,0.417804,0.524140	-0.486606,0.556042,0.710284	-0.742456,0.605940,12.317585	-0.689080,0.417804,0.524140	3.10909080505
19:31:52	-0.689080,0.417804,0.524140	-0.527866,0.535912,0.539728	0.198787,-0.313748,10.945239	-0.689080,0.417804,0.524140	3.2252202034
19:31:52	-0.689080,0.417804,0.524140	-0.527866,0.535912,0.539728	-1.003513,-6.653364,18.911074	-0.689080,0.417804,0.524140	3.24105596542
19:31:52	-0.689080,0.417804,0.524140	-0.528385,0.536752,0.534796	0.273032,-0.929268,9.625583	-0.689080,0.417804,0.524140	3.11964797974
19:31:52	-0.689080,0.417804,0.524140	-0.527916,0.536201,0.529888	0.009580,0.064666,9.802815	-0.689080,0.417804,0.524140	3.16715526581
19:31:52	-0.689080,0.417804,0.524140	-0.527899,0.536213,0.525029	-0.874182,0.421523,9.917776	-0.689080,0.417804,0.524140	3.19354820251
19:31:53	-0.689080,0.417804,0.524140	-0.527907,0.536207,0.520169	-0.447869,-0.021555,9.817185	-0.689080,0.417804,0.524140	3.20938444138
19:31:53	-0.689080,0.417804,0.524140	-0.527359,0.535391,0.515280	-0.756826,0.141306,10.039922	-0.689080,0.417804,0.524140	3.21466302872
19:31:53	-0.689080,0.417804,0.524140	-0.527494,0.535292,0.505544	-0.512534,0.117356,5.901328	-0.689080,0.417804,0.524140	3.2252202034
19:31:53	-0.689080,0.417804,0.524140	-0.523244,0.524633,0.590052	-0.328118,0.112566,3.046465	-0.689080,0.417804,0.524140	3.65278601646
19:31:53	-0.689080,0.417804,0.524140	-0.523244,0.524633,0.590052	-0.244292,0.074246,2.076482	-0.689080,0.417804,0.524140	3.65806460381
19:31:53	-0.689080,0.417804,0.524140	-0.523244,0.524633,0.590052	-0.244292,0.074246,2.076482	-0.689080,0.417804,0.524140	3.65806460381
19:31:53	-0.689080,0.417804,0.524140	-0.523244,0.524633,0.590052	-0.244292,0.074246,2.076482	-0.689080,0.417804,0.524140	3.65806460381
19:31:53	-0.533384,0.826126,-0.089502	-0.523244,0.524633,0.590052	-0.244292,0.074246,2.076482	-0.533384,0.826126,-0.089502	3.65806460381
19:31:53	-0.533384,0.826126,-0.089502	-0.367266,0.921144,0.026714	-0.244292,0.074246,2.076482	-0.533384,0.826126,-0.089502	3.65806460381
19:31:53	-0.533384,0.826126,-0.089502	-0.367266,0.921144,0.026714	-0.244292,0.074246,2.076482	-0.533384,0.826126,-0.089502	3.65806460381
19:31:54	-0.533384,0.826126,-0.089502	-0.367266,0.921144,0.026714	-0.244292,0.074246,2.076482	-0.533384,0.826126,-0.089502	3.65806460381
19:31:54	-0.533384,0.826126,-0.089502	-0.367266,0.921144,0.026714	-0.244292,0.074246,2.076482	-0.533384,0.826126,-0.089502	3.65806460381
19:31:54	-0.533384,0.826126,-0.089502	-0.367266,0.921144,0.026714	-0.244292,0.074246,2.076482	-0.533384,0.826126,-0.089502	3.65806460381
19:31:54	-0.533384,0.826126,-0.089502	-0.367266,0.921144,0.026714	-0.244292,0.074246,2.076482	-0.533384,0.826126,-0.089502	3.65806460381
19:31:54	-0.533384,0.826126,-0.089502	-0.367266,0.921144,0.026714	-0.244292,0.074246,2.076482	-0.533384,0.826126,-0.089502	3.65806460381
19:31:54	-0.533384,0.826126,-0.089502	-0.367266,0.921144,0.026714	-0.244292,0.074246,2.076482	-0.533384,0.826126,-0.089502	3.65806460381
19:31:54	-0.533384,0.826126,-0.089502	-0.367266,0.921144,0.026714	-0.244292,0.074246,2.076482	-0.533384,0.826126,-0.089502	3.65806460381
19:31:54	-0.533384,0.826126,-0.089502	-0.367266,0.921144,0.026714	-0.244292,0.074246,2.076482	-0.533384,0.826126,-0.089502	3.65806460381
19:31:54	-0.533384,0.826126,-0.089502	-0.367266,0.921144,0.026714	-0.244292,0.074246,2.076482	-0.533384,0.826126,-0.089502	3.65806460381
19:31:54	-0.533384,0.826126,-0.089502	-0.367266,0.921144,0.026714	-0.244292,0.074246,2.076482	-0.533384,0.826126,-0.089502	3.65806460381
19:31:55	-0.533384,0.826126,-0.089502	-0.367266,0.921144,0.026714	-0.244292,0.074246,2.076482	-0.533384,0.826126,-0.089502	3.65806460381
19:31:55	-0.533384,0.826126,-0.089502	-0.367266,0.921144,0.026714	-0.244292,0.074246,2.076482	-0.533384,0.826126,-0.089502	3.65806460381
19:31:55	-0.533384,0.826126,-0.089502	-0.367266,0.921144,0.026714	-0.244292,0.074246,2.076482	-0.533384,0.826126,-0.089502	3.65806460381
19:31:55	-0.533384,0.826126,-0.089502	-0.367266,0.921144,0.026714	-0.244292,0.074246,2.076482	-0.533384,0.826126,-0.089502	3.65806460381
19:31:55	-0.533384,0.826126,-0.089502	-0.367266,0.921144,0.026714	-0.244292,0.074246,2.076482	-0.533384,0.826126,-0.089502	3.65806460381
19:31:55	-0.533384,0.826126,-0.089502	-0.367266,0.921144,0.026714	-0.244292,0.074246,2.076482	-0.533384,0.826126,-0.089502	3.65806460381
19:31:55	-0.533384,0.826126,-0.089502	-0.367266,0.921144,0.026714	-0.244292,0.074246,2.076482	-0.533384,0.826126,-0.089502	3.65806460381
19:31:55	-0.533384,0.826126,-0.089502	-0.367266,0.921144,0.026714	-0.244292,0.074246,2.076482	-0.533384,0.826126,-0.089502	3.65806460381
19:31:55	-0.533384,0.826126,-0.089502	-0.367266,0.921144,0.026714	-0.244292,0.074246,2.076482	-0.533384,0.826126,-0.089502	3.65806460381
19:31:55	-0.533384,0.826126,-0.089502	-0.367266,0.921144,0.026714	-0.244292,0.074246,2.076482	-0.533384,0.826126,-0.089502	3.65806460381
19:31:56	-0.533384,0.826126,-0.089502	-0.367266,0.921144,0.026714	-0.244292,0.074246,2.076482	-0.533384,0.826126,-0.089502	3.65806460381
19:31:56	-0.533384,0.826126,-0.089502	-0.367266,0.921144,0.026714	-0.244292,0.074246,2.076482	-0.533384,0.826126,-0.089502	3.65806460381
19:31:56	-0.533384,0.826126,-0.089502	-0.367266,0.921144,0.026714	-0.244292,0.074246,2.076482	-0.533384,0.826126,-0.089502	3.65806460381
19:31:56	-0.533384,0.826126,-0.089502	-0.367266,0.921144,0.026714	-0.244292,0.074246,2.076482	-0.533384,0.826126,-0.089502	3.65806460381
19:31:56	-0.533384,0.826126,-0.089502	-0.367266,0.921144,0.026714	-0.244292,0.074246,2.076482	-0.533384,0.826126,-0.089502	3.65806460381
19:31:56	-0.533384,0.826126,-0.089502	-0.367266,0.921144,0.026714	-0.244292,0.074246,2.076482	-0.533384,0.826126,-0.089502	3.65806460381
19:31:56	-0.533384,0.826126,-0.089502	-0.367266,0.921144,0.026714	-0.244292,0.074246,2.076482	-0.533384,0.826126,-0.089502	3.65806460381
19:31:56	-0.533384,0.826126,-0.089502	-0.367266,0.921144,0.026714	-0.244292,0.074246,2.076482	-0.533384,0.826126,-0.089502	3.65806460381
19:31:56	-0.533384,0.826126,-0.089502	-0.367266,0.921144,0.026714	-0.244292,0.074246,2.076482	-0.533384,0.826126,-0.089502	3.65806460381
19:31:56	-0.533384,0.826126,-0.089502	-0.367266,0.921144,0.026714	-0.244292,0.074246,2.076482	-0.533384,0.826126,-0.089502	3.65806460381
19:31:57	-0.533384,0.826126,-0.089502	-0.367266,0.921144,0.026714	-0.244292,0.074246,2.076482	-0.533384,0.826126,-0.089502	3.65806460381
19:31:57	-0.533384,0.826126,-0.089502	-0.367266,0.921144,0.026714	-0.244292,0.074246,2.076482	-0.533384,0.826126,-0.089502	3.65806460381
19:31:57	-0.533384,0.826126,-0.089502	-0.367266,0.921144,0.026714	-0.244292,0.074246,2.076482	-0.533384,0.826126,-0.089502	3.65806460381
19:31:57	-0.533384,0.826126,-0.089502	-0.367266,0.921144,0.026714	-0.244292,0.074246,2.076482	-0.533384,0.826126,-0.089502	3.65806460381
19:31:57	-0.533384,0.826126,-0.089502	-0.367266,0.921144,0.026714	-0.244292,0.074246,2.076482	-0.533384,0.826126,-0.089502	3.65806460381
19:31:57	-0.533384,0.826126,-0.089502	-0.367266,0.921144,0.026714	-0.244292,0.074246,2.076482	-0.533384,0.826126,-0.089502	3.65806460381
19:31:57	-0.533384,0.826126,-0.089502	-0.367266,0.921144,0.026714	-0.244292,0.074246,2.076482	-0.533384,0.826126,-0.089502	3.65806460381
19:31:57	-0.533384,0.826126,-0.089502	-0.367266,0.921144,0.026714	-0.244292,0.074246,2.076482	-0.533384,0.826126,-0.089502	3.65806460381
19:31:57	-0.533384,0.826126,-0.089502	-0.367266,0.921144,0.026714	-0.244292,0.074246,2.076482	-0.533384,0.826126,-0.089502	3.65806460381
19:31:57	-0.533384,0.826126,-0.089502	-0.367266,0.921144,0.026714	-0.244292,0.074246,2.076482	-0.533384,0.826126,-0.089502	3.65806460381
19:31:58	-0.533384,0.826126,-0.089502	-0.367266,0.921144,0.026714	-0.244292,0.074246,2.076482	-0.533384,0.826126,-0.089502	3.65806460381
19:31:58	-0.533384,0.826126,-0.089502	-0.367266,0.921144,0.026714	-0.244292,0.074246,2.076482	-0.533384,0.826126,-0.089502	3.65806460381
19:31:58	-0.533384,0.826126,-0.089502	-0.367266,0.921144,0.026714	-0.244292,0.074246,2.076482	-0.533384,0.826126,-0.089502	3.65806460381
19:31:58	-0.533384,0.826126,-0.089502	-0.367266,0.921144,0.026714	-0.244292,0.074246,2.076482	-0.533384,0.826126,-0.089502	3.65806460381
19:31:58	-0.533384,0.826126,-0.089502	-0.367266,0.921144,0.026714	-0.244292,0.074246,2.076482	-0.533384,0.826126,-0.089502	3.65806460381
19:31:58	-0.533384,0.826126,-0.089502	-0.367266,0.921144,0.026714	-0.244292,0.074246,2.076482	-0.533384,0.826126,-0.089502	3.65806460381
19:31:58	-0.533384,0.826126,-0.089502	-0.367266,0.921144,0.026714	-0.244292,0.074246,2.076482	-0.533384,0.826126,-0.089502	3.65806460381
19:31:58	-0.533384,0.826126,-0.089502	-0.367266,0.921144,0.026714	-0.244292,0.074246,2.076482	-0.533384,0.826126,-0.089502	3.65806460381
19:31:58	-0.533384,0.826126,-0.089502	-0.367266,0.921144,0.026714	-0.244292,0.074246,2.076482	-0.533384,0.826126,-0.089502	3.65806460381
19:31:58	-0.533384,0.826126,-0.089502	-0.367266,0.921144,0.026714	-0.244292,0.074246,2.076482	-0.533384,0.826126,-0.089502	3.65806460381
19:31:59	-0.533384,0.826126,-0.089502	-0.367266,0.921144,0.026714	-0.244292,0.074246,2.076482	-0.533384,0.826126,-0.089502	3.65806460381
19:31:59	-0.533384,0.826126,-0.089502	-0.367266,0.921144,0.026714	-0.244292,0.074246,2.076482	-0.533384,0.826126,-0.089502	3.65806460381
19:31:59	-0.533384,0.826126,-0.089502	-0.367266,0.921144,0.026714	-0.244292,0.074246,2.076482	-0.533384,0.826126,-0.089502	3.65806460381
19:31:59	-0.533384,0.826126,-0.089502	-0.367266,0.921144,0.026714	-0.244292,0.074246,2.076482	-0.533384,0.826126,-0.089502	3.65806460381
19:31:59	-0.533384,0.826126,-0.089502	-0.367266,0.921144,0.026714	-0.244292,0.074246,2.076482	-0.533384,0.826126,-0.089502	3.65806460381
19:31:59	-0.533384,0.826126,-0.089502	-0.367266,0.921144,0.026714	-0.244292,0.074246,2.076482	-0.533384,0.826126,-0.089502	3.65806460381
19:31:59	-0.533384,0.826126,-0.089502	-0.367266,0.921144,0.026714	-0.244292,0.074246,2.076482	-0.533384,0.826126,-0.089502	3.65806460381
19:31:59	-0.533384,0.826126,-0.089502	-0.367266,0.921144,0.026714	-0.244292,0.074246,2.076482	-0.533384,0.826126,-0.089502	3.65806460381
19:31:59	-0.533384,0.826126,-0.089502	-0.367266,0.921144,0.026714	-0.244292,0.074246,2.076482	-0.533384,0.826126,-0.089502	3.65806460381
19:31:59	-0.533384,0.826126,-0.089502	-0.367266,0.921144,0.026714	-0.244292,0.074246,2.076482	-0.533384,0.826126,-0.089502	3.65806460381
19:32:00	-0.533384,0.826126,-0.089502	-0.367266,0.921144,0.026714	-0.244292,0.074246,2.076482	-0.533384,0.826126,-0.089502	3.65806460381
19:32:00	-0.533384,0.826126,-0.089502	-0.367266,0.921144,0.026714	-0.244292,0.074246,2.076482	-0.533384,0.826126,-0.089502	3.65806460381
19:32:00	-0.533384,0.826126,-0.089502	-0.367266,0.921144,0.026714	-0.244292,0.074246,2.076482	-0.533384,0.826126,-0.089502	3.65806460381
19:32:00	-0.533384,0.826126,-0.089502	-0.367266,0.921144,0.026714	-0.244292,0.074246,2.076482	-0.533384,0.826126,-0.089502	3.65806460381
19:32:00	-0.533384,0.826126,-0.089502	-0.367266,0.921144,0.026714	-0.244292,0.074246,2.076482	-0.533384,0.826126,-0.089502	3.65806460381
19:32:00	-0.533384,0.826126,-0.089502	-0.367266,0.921144,0.026714	-0.244292,0.074246,2.076482	-0.533384,0.826126,-0.089502	3.65806460381
19:32:00	-0.533384,0.826126,-0.089502	-0.367266,0.921144,0.026714	-0.244292,0.074246,2.076482	-0.533384,0.826126,-0.089502	3.65806460381
19:32:00	-0.533384,0.826126,-0.089502	-0.367266,0.921144,0.026714	-0.244292,0.074246,2.076482	-0.533384,0.826126,-0.089502	3.65806460381
19:32:00	-0.533384,0.826126,-0.089502	-0.367266,0.921144,0.026714	-0.244292,0.074246,2.076482	-0.533384,0.826126,-0.089502	3.65806460381
19:32:00	-0.533384,0.826126,-0.089502	-0.367266,0.921144,0.026714	-0.244292,0.074246,2.076482	-0.533384,0.826126,-0.089502	3.65806460381
19:32:01	-0.533384,0.826126,-0.089502	-0.367266,0.921144,0.026714	-0.244292,0.074246,2.076482	-0.533384,0.826126,-0.089502	3.65806460381
19:32:01	-0.533384,0.826126,-0.089502	-0.367266,0.921144,0.026714	-0.244292,0.074246,2.076482	-0.533384,0.826126,-0.089502	3.65806460381
19:32:01	-0.533384,0.826126,-0.089502	-0.367266,0.921144,0.026714	-0.244292,0.074246,2.076482	-0.533384,0.826126,-0.089502	3.65806460381
19:32:01	-0.533384,0.826126,-0.089502	-0.367266,0.921144,0.026714	-0.244292,0.074246,2.076482	-0.533384,0.826126,-0.089502	3.65806460381
19:32:01	-0.533384,0.826126,-0.089502	-0.367266,0.921144,0.026714	-0.244292,0.074246,2.076482	-0.533384,0.826126,-0.089502	3.65806460381
19:32:01	-0.533384,0.826126,-0.089502	-0.367266,0.921144,0.026714	-0.244292,0.074246,2.076482	-0.533384,0.826126,-0.089502	3.65806460381
19:32:01	-0.533384,0.826126,-0.089502	-0.367266,0.921144,0.026714	-0.244292,0.074246,2.076482	-0.533384,0.826126,-0.089502	3.65806460381
19:32:01	-0.533384,0.826126,-0.089502	-0.367266,0.921144,0.026714	-0.244292,0.074246,2.076482	-0.533384,0.826126,-0.089502	3.65806460381
19:32:01	-0.533384,0.826126,-0.089502	-0.367266,0.921144,0.026714	-0.244292,0.074246,2.076482	-0.533384,0.826126,-0.089502	3.65806460381
19:32:01	-0.533384,0.826126,-0.089502	-0.367266,0.921144,0.026714	-0.244292,0.074246,2.076482	-0.533384,0.826126,-0.089502	3.65806460381
19:32:02	-0.533384,0.826126,-0.089502	-0.367266,0.921144,0.026714	-0.244292,0.074246,2.076482	-0.533384,0.826126,-0.089502	3.65806460381
19:32:02	-0.533384,0.826126,-0.089502	-0.367266,0.921144,0.026714	-0.244292,0.074246,2.076482	-0.533384,0.826126,-0.089502	3.65806460381
19:32:02	-0.533384,0.826126,-0.089502	-0.367266,0.921144,0.026714	-0.244292,0.074246,2.076482	-0.533384,0.826126,-0.089502	3.65806460381
19:32:02	-0.533384,0.826126,-0.089502	-0.367266,0.921144,0.026714	-0.244292,0.074246,2.076482	-0.533384,0.826126,-0.089502	3.65806460381
19:32:02	-0.533384,0.826126,-0.089502	-0.367266,0.921144,0.026714	-0.244292,0.074246,2.076482	-0.533384,0.826126,-0.089502	3.65806460381
19:32:02	-0.533384,0.826126,-0.089502	-0.367266,0.921144,0.026714	-0.244292,0.074246,2.076482	-0.533384,0.826126,-0.089502	3.65806460381
19:32:02	-0.533384,0.826126,-0.089502	-0.367266,0.921144,0.026714	-0.244292,0.074246,2.076482	-0.533384,0.826126,-0.089502	3.65806460381
19:32:02	-0.533384,0.826126,-0.089502	-0.367266,0.921144,0.026714	-0.244292,0.074246,2.076482	-0.533384,0.826126,-0.089502	3.65806460381
19:32:02	-0.533384,0.826126,-0.089502	-0.367266,0.921144,0.026714	-0.244292,0.074246,2.076482	-0.533384,0.826126,-0.089502	3.65806460381
19:32:02	-0.533384,0.826126,-0.089502	-0.367266,0.921144,0.026714	-0.244292,0.074246,2.076482	-0.533384,0.826126,-0.089502	3.65806460381
19:32:03	-0.533384,0.826126,-0.089502	-0.367266,0.921144,0.026714	-0.244292,0.074246,2.076482	-0.533384,0.826126,-0.089502	3.65806460381
19:32:03	-0.533384,0.826126,-0.089502	-0.367266,0.921144,0.026714	-0.244292,0.074246,2.076482	-0.533384,0.826126,-0.089502	3.65806460381
19:32:03	-0.533384,0.826126,-0.089502	-0.367266,0.921144,0.026714	-0.244292,0.074246,2.076482	-0.533384,0.826126,-0.089502	3.65806460381
19:32:03	-0.533384,0.826126,-0.089502	-0.367266,0.921144,0.026714	-0.244292,0.074246,2.076482	-0.533384,0.826126,-0.089502	3.65806460381
19:32:03	-0.533384,0.826126,-0.089502	-0.367266,0.921144,0.026714	-0.244292,0.074246,2.076482	-0.533384,0.826126,-0.089502	3.65806460381
19:32:03	-0.533384,0.826126,-0.089502	-0.367266,0.921144,0.026714	-0.244292,0.074246,2.076482	-0.533384,0.826126,-0.089502	3.65806460381
19:32:03	-0.533384,0.826126,-0.089502	-0.367266,0.921144,0.026714	-0.244292,0.074246,2.076482	-0.533384,0.826126,-0.089502	3.65806460381
19:32:03	-0.533384,0.826126,-0.089502	-0.367266,0.921144,0.026714	-0.244292,0.074246,2.076482	-0.533384,0.826126,-0.089502	3.65806460381
19:32:03	-0.533384,0.826126,-0.089502	-0.367266,0.921144,0.026714	-0.244292,0.074246,2.076482	-0.533384,0.826126,-0.089502	3.65806460381
19:32:03	-0.533384,0.826126,-0.089502	-0.367266,0.921144,0.026714	-0.244292,0.074246,2.076482	-0.533384,0.826126,-0.089502	3.65806460381
19:32:04	-0.533384,0.826126,-0.089502	-0.367266,0.921144,0.026714	-0.244292,0.074246,2.076482	-0.533384,0.826126,-0.089502	3.65806460381
19:32:04	-0.533384,0.826126,-0.089502	-0.367266,0.921144,0.026714	-0.244292,0.074246,2.076482	-0.533384,0.826126,-0.089502	3.65806460381
19:32:04	-0.533384,0.826126,-0.089502	-0.367266,0.921144,0.026714	-0.244292,0.074246,2.076482	-0.533384,0.826126,-0.089502	3.65806460381
19:32:04	-0.533384,0.826126,-0.089502	-0.367266,0.921144,0.026714	-0.244292,0.074246,2.076482	-0.533384,0.826126,-0.089502	3.65806460381
19:32:04	-0.533384,0.826126,-0.089502	-0.367266,0.921144,0.026714	-0.244292,0.074246,2.076482	-0.533384,0.826126,-0.089502	3.65806460381
19:32:04	-0.533384,0.826126,-0.089502	-0.367266,0.921144,0.026714	-0.244292,0.074246,2.076482	-0.533384,0.826126,-0.089502	3.65806460381
19:32:04	-0.533384,0.826126,-0.089502	-0.367266,0.921144,0.026714	-0.244292,0.074246,2.076482	-0.533384,0.826126,-0.089502	3.65806460381
19:32:04	-0.533384,0.826126,-0.089502	-0.367266,0.921144,0.026714	-0.244292,0.074246,2.076482	-0.533384,0.826126,-0.089502	3.65806460381
19:32:04	-0.533384,0.826126,-0.089502	-0.367266,0.921144,0.026714	-0.244292,0.074246,2.076482	-0.533384,0.826126,-0.089502	3.65806460381
19:32:04	-0.533384,0.826126,-0.089502	-0.367266,0.921144,0.026714	-0.244292,0.074246,2.076482	-0.533384,0.826126,-0.089502	3.65806460381
19:32:05	-0.533384,0.826126,-0.089502	-0.367266,0.921144,0.026714	-0.244292,0.074246,2.076482	-0.533384,0.826126,-0.089502	3.65806460381
19:32:05	-0.533384,0.826126,-0.089502	-0.367266,0.921144,0.026714	-0.244292,0.074246,2.076482	-0.533384,0.826126,-0.089502	3.65806460381
19:32:05	-0.533384,0.826126,-0.089502	-0.367266,0.921144,0.026714	-0.244292,0.074246,2.076482	-0.533384,0.826126,-0.089502	3.65806460381
19:32:05	-0.533384,0.826126,-0.089502	-0.367266,0.921144,0.026714	-0.244292,0.074246,2.076482	-0.533384,0.826126,-0.089502	3.65806460381
19:32:05	-0.533384,0.826126,-0.089502	-0.367266,0.921144,0.026714	-0.244292,0.074246,2.076482	-0.533384,0.826126,-0.089502	3.65806460381
19:32:05	-0.533384,0.826126,-0.089502	-0.367266,0.921144,0.026714	-0.244292,0.074246,2.076482	-0.533384,0.826126,-0.089502	3.65806460381
19:32:05	-0.533384,0.826126,-0.089502	-0.367266,0.921144,0.026714	-0.244292,0.074246,2.076482	-0.533384,0.826126,-0.089502	3.65806460381
19:32:05	-0.533384,0.826126,-0.089502	-0.367266,0.921144,0.026714	-0.244292,0.074246,2.076482	-0.533384,0.826126,-0.089502	3.65806460381
19:32:05	-0.533384,0.826126,-0.089502	-0.367266,0.921144,0.026714	-0.244292,0.074246,2.076482	-0.533384,0.826126,-0.089502	3.65806460381
19:32:05	-0.533384,0.826126,-0.089502	-0.367266,0.921144,0.026714	-0.244292,0.074246,2.076482	-0.533384,0.826126,-0.089502	3.65806460381
19:32:06	-0.533384,0.826126,-0.089502	-0.367266,0.921144,0.026714	-0.244292,0.074246,2.076482	-0.533384,0.826126,-0.089502	3.65806460381
19:32:06	-0.533384,0.826126,-0.089502	-0.367266,0.921144,0.026714	-0.244292,0.074246,2.076482	-0.533384,0.826126,-0.089502	3.65806460381
19:32:06	-0.533384,0.826126,-0.089502	-0.367266,0.921144,0.026714	-0.244292,0.074246,2.076482	-0.533384,0.826126,-0.089502	3.65806460381
19:32:06	-0.533384,0.826126,-0.089502	-0.367266,0.921144,0.026714	-0.244292,0.074246,2.076482	-0.533384,0.826126,-0.089502	3.65806460381
19:32:06	-0.533384,0.826126,-0.089502	-0.367266,0.921144,0.026714	-0.244292,0.074246,2.076482	-0.533384,0.826126,-0.089502	3.65806460381
19:32:06	-0.533384,0.826126,-0.089502	-0.367266,0.921144,0.026714	-0.244292,0.074246,2.076482	-0.533384,0.826126,-0.089502	3.65806460381
19:32:06	-0.533384,0.826126,-0.089502	-0.367266,0.921144,0.026714	-0.244292,0.074246,2.076482	-0.533384,0.826126,-0.089502	3.65806460381
19:32:06	-0.533384,0.826126,-0.089502	-0.367266,0.921144,0.026714	-0.244292,0.074246,2.076482	-0.533384,0.826126,-0.089502	3.65806460381
19:32:06	-0.533384,0.826126,-0.089502	-0.367266,0.921144,0.026714	-0.244292,0.074246,2.076482	-0.533384,0.826126,-0.089502	3.65806460381
19:32:06	-0.533384,0.826126,-0.089502	-0.367266,0.921144,0.026714	-0.244292,0.074246,2.076482	-0.533384,0.826126,-0.089502	3.65806460381
19:32:07	-0.533384,0.826126,-0.089502	-0.367266,0.921144,0.026714	-0.244292,0.074246,2.076482	-0.533384,0.826126,-0.089502	3.65806460381
19:32:07	-0.533384,0.826126,-0.089502	-0.367266,0.921144,0.026714	-0.244292,0.074246,2.076482	-0.533384,0.826126,-0.089502	3.65806460381
19:32:07	-0.533384,0.826126,-0.089502	-0.367266,0.921144,0.026714	-0.244292,0.074246,2.076482	-0.533384,0.826126,-0.089502	3.65806460381
19:32:07	-0.533384,0.826126,-0.089502	-0.367266,0.921144,0.026714	-0.244292,0.074246,2.076482	-0.533384,0.826126,-0.089502	3.65806460381
19:32:07	-0.533384,0.826126,-0.089502	-0.367266,0.921144,0.026714	-0.244292,0.074246,2.076482	-0.533384,0.826126,-0.089502	3.65806460381
19:32:07	-0.533384,0.826126,-0.089502	-0.367266,0.921144,0.026714	-0.244292,0.074246,2.076482	-0.533384,0.826126,-0.089502	3.65806460381
19:32:07	-0.533384,0.826126,-0.089502	-0.367266,0.921144,0.026714	-0.244292,0.074246,2.076482	-0.533384,0.826126,-0.089502	3.65806460381
19:32:07	-0.533384,0.826126,-0.089502	-0.367266,0.921144,0.026714	-0.244292,0.074246,2.076482	-0.533384,0.826126,-0.089502	3.65806460381
19:32:07	-0.533384,0.826126,-0.089502	-0.367266,0.921144,0.026714	-0.244292,0.074246,2.076482	-0.533384,0.826126,-0.089502	3.65806460381
19:32:07	-0.533384,0.826126,-0.089502	-0.367266,0.921144,0.026714	-0.244292,0.074246,2.076482	-0.533384,0.826126,-0.089502	3.65806460381
19:32:08	-0.533384,0.826126,-0.089502	-0.367266,0.921144,0.026714	-0.244292,0.074246,2.076482	-0.533384,0.826126,-0.089502	3.65806460381
19:32:08	-0.533384,0.826126,-0.089502	-0.367266,0.921144,0.026714	-0.244292,0.074246,2.076482	-0.533384,0.826126,-0.089502	3.65806460381
19:32:08	-0.533384,0.826126,-0.089502	-0.367266,0.921144,0.026714	-0.244292,0.074246,2.076482	-0.533384,0.826126,-0.089502	3.65806460381
19:32:08	-0.533384,0.826126,-0.089502	-0.367266,0.921144,0.026714	-0.244292,0.074246,2.076482	-0.533384,0.826126,-0.089502	3.65806460381
19:32:08	-0.533384,0.826126,-0.089502	-0.367266,0.921144,0.026714	-0.244292,0.074246,2.076482	-0.533384,0.826126,-0.089502	3.65806460381
19:32:08	-0.533384,0.826126,-0.089502	-0.367266,0.921144,0.026714	-0.244292,0.074246,2.076482	-0.533384,0.826126,-0.089502	3.65806460381
19:32:08	-0.533384,0.826126,-0.089502	-0.367266,0.921144,0.026714	-0.244292,0.074246,2.076482	-0.533384,0.826126,-0.089502	3.65806460381
19:32:08	-0.533384,0.826126,-0.089502	-0.367266,0.921144,0.026714	-0.244292,0.074246,2.076482	-0.533384,0.826126,-0.089502	3.65806460381
19:32:08	-0.533384,0.826126,-0.089502	-0.367266,0.921144,0.026714	-0.244292,0.074246,2.076482	-0.533384,0.826126,-0.089502	3.65806460381
19:32:08	-0.533384,0.826126,-0.089502	-0.367266,0.921144,0.026714	-0.244292,0.074246,2.076482	-0.533384,0.826126,-0.089502	3.65806460381
19:32:09	-0.533384,0.826126,-0.089502	-0.367266,0.921144,0.026714	-0.244292,0.074246,2.076482	-0.533384,0.826126,-0.089502	3.65806460381
19:32:09	-0.533384,0.826126,-0.089502	-0.367266,0.921144,0.026714	-0.244292,0.074246,2.076482	-0.533384,0.826126,-0.089502	3.65806460381
19:32:09	-0.533384,0.826126,-0.089502	-0.367266,0.921144,0.026714	-0.244292,0.074246,2.076482	-0.533384,0.826126,-0.089502	3.65806460381
19:32:09	-0.533384,0.826126,-0.089502	-0.367266,0.921144,0.026714	-0.244292,0.074246,2.076482	-0.533384,0.826126,-0.089502	3.65806460381
19:32:09	-0.533384,0.826126,-0.089502	-0.367266,0.921144,0.026714	-0.244292,0.074246,2.076482	-0.533384,0.826126,-0.089502	3.65806460381
19:32:09	-0.533384,0.826126,-0.089502	-0.367266,0.921144,0.026714	-0.244292,0.074246,2.076482	-0.533384,0.826126,-0.089502	3.65806460381
19:32:09	-0.533384,0.826126,-0.089502	-0.367266,0.921144,0.026714	-0.244292,0.074246,2.076482	-0.533384,0.826126,-0.089502	3.65806460381
19:32:09	-0.533384,0.826126,-0.089502	-0.367266,0.921144,0.026714	-0.244292,0.074246,2.076482	-0.533384,0.826126,-0.089502	3.65806460381
19:32:09	-0.533384,0.826126,-0.089502	-0.367266,0.921144,0.026714	-0.244292,0.074246,2.076482	-0.533384,0.826126,-0.089502	3.65806460381
19:32:09	-0.533384,0.826126,-0.089502	-0.367266,0.921144,0.026714	-0.244292,0.074246,2.076482	-0.533384,0.826126,-0.089502	3.65806460381
19:32:10	-0.533384,0.826126,-0.089502	-0.367266,0.921144,0.026714	-0.244292,0.074246,2.076482	-0.533384,0.826126,-0.089502	3.65806460381
19:32:10	-0.533384,0.826126,-0.089502	-0.367266,0.921144,0.026714	-0.244292,0.074246,2.076482	-0.533384,0.826126,-0.089502	3.65806460381
19:32:10	-0.533384,0.826126,-0.089502	-0.367266,0.921144,0.026714	-0.244292,0.074246,2.076482	-0.533384,0.826126,-0.089502	3.65806460381
19:32:10	-0.533384,0.826126,-0.089502	-0.367266,0.921144,0.026714	-0.244292,0.074246,2.076482	-0.533384,0.826126,-0.089502	3.65806460381
19:32:10	-0.533384,0.826126,-0.089502	-0.367266,0.921144,0.026714	-0.244292,0.074246,2.076482	-0.533384,0.826126,-0.089502	3.65806460381
19:32:10	-0.533384,0.826126,-0.089502	-0.367266,0.921144,0.026714	-0.244292,0.074246,2.076482	-0.533384,0.826126,-0.089502	3.65806460381
19:32:10	-0.533384,0.826126,-0.089502	-0.367266,0.921144,0.026714	-0.244292,0.074246,2.076482	-0.533384,0.826126,-0.089502	3.65806460381
19:32:10	-0.533384,0.826126,-0.089502	-0.367266,0.921144,0.026714	-0.244292,0.074246,2.076482	-0.533384,0.826126,-0.089502	3.65806460381
19:32:10	-0.533384,0.826126,-0.089502	-0.367266,0.921144,0.026714	-0.244292,0.074246,2.076482	-0.533384,0.826126,-0.089502	3.65806460381
19:32:10	-0.571818,1.088719,0.614086	-0.367266,0.921144,0.026714	-0.244292,0.074246,2.076482	-0.571818,1.088719,0.614086	3.65806460381
19:32:11	-0.550680,1.225582,0.833422	-0.367266,0.921144,0.026714	-0.244292,0.074246,2.076482	-0.550680,1.225582,0.833422	3.65806460381
19:32:11	-0.523633,1.367132,0.979014	-0.367266,0.921144,0.026714	-0.244292,0.074246,2.076482	-0.523633,1.367132,0.979014	3.65806460381
19:32:11	-0.492085,1.510866,1.064961	-0.367266,0.921144,0.026714	-0.244292,0.074246,2.076482	-0.492085,1.510866,1.064961	3.65806460381
19:32:11	-0.461016,1.664709,1.103852	-0.367266,0.921144,0.026714	-0.244292,0.074246,2.076482	-0.461016,1.664709,1.103852	3.65806460381
19:32:11	-0.417132,1.831401,1.123145	-0.367266,0.921144,0.026714	-0.244292,0.074246,2.076482	-0.417132,1.831401,1.123145	3.65806460381
19:32:11	-0.340039,2.005454,1.150138	-0.367266,0.921144,0.026714	-0.244292,0.074246,2.076482	-0.340039,2.005454,1.150138	3.65806460381
19:32:11	-0.227851,2.171921,1.191831	-0.367266,0.921144,0.026714	-0.244292,0.074246,2.076482	-0.227851,2.171921,1.191831	3.65806460381
19:32:11	-0.097161,2.340728,1.222270	-0.367266,0.921144,0.026714	-0.244292,0.074246,2.076482	-0.097161,2.340728,1.222270	3.65806460381
19:32:11	0.036048,2.504430,1.244227	-0.367266,0.921144,0.026714	-0.244292,0.074246,2.076482	0.036048,2.504430,1.244227	3.65806460381
19:32:11	0.146891,2.661906,1.279379	-0.367266,0.921144,0.026714	-0.244292,0.074246,2.076482	0.146891,2.661906,1.279379	3.65806460381
19:32:12	0.233963,2.821278,1.317080	-0.367266,0.921144,0.026714	-0.244292,0.074246,2.076482	0.233963,2.821278,1.317080	3.65806460381
19:32:12	0.320569,2.992359,1.327886	-0.367266,0.921144,0.026714	-0.244292,0.074246,2.076482	0.320569,2.992359,1.327886	3.65806460381
19:32:12	0.412050,3.161141,1.297578	-0.367266,0.921144,0.026714	-0.244292,0.074246,2.076482	0.412050,3.161141,1.297578	3.65806460381
19:32:12	0.508004,3.315842,1.258204	-0.367266,0.921144,0.026714	-0.244292,0.074246,2.076482	0.508004,3.315842,1.258204	3.65806460381
19:32:12	0.605334,3.477757,1.163255	-0.367266,0.921144,0.026714	-0.244292,0.074246,2.076482	0.605334,3.477757,1.163255	3.65806460381
19:32:12	0.718849,3.668335,1.003191	-0.367266,0.921144,0.026714	-0.244292,0.074246,2.076482	0.718849,3.668335,1.003191	3.65806460381
19:32:12	0.805809,3.868565,0.824251	-0.367266,0.921144,0.026714	-0.244292,0.074246,2.076482	0.805809,3.868565,0.824251	3.65806460381
19:32:12	0.874111,4.053480,0.631545	-0.367266,0.921144,0.026714	-0.244292,0.074246,2.076482	0.874111,4.053480,0.631545	3.65806460381
19:32:12	0.920053,4.158247,0.492426	-0.367266,0.921144,0.026714	-0.244292,0.074246,2.076482	0.920053,4.158247,0.492426	3.65806460381
19:32:12	0.938306,4.200117,0.430615	-0.367266,0.921144,0.026714	-0.244292,0.074246,2.076482	0.938306,4.200117,0.430615	3.65806460381
19:32:13	0.949060,4.211598,0.407679	-0.367266,0.921144,0.026714	-0.244292,0.074246,2.076482	0.949060,4.211598,0.407679	3.65806460381
19:32:13	0.949832,4.214811,0.391200	-0.367266,0.921144,0.026714	-0.244292,0.074246,2.076482	0.949832,4.214811,0.391200	3.65806460381
19:32:13	0.948638,4.215524,0.389534	-0.367266,0.921144,0.026714	-0.244292,0.074246,2.076482	0.948638,4.215524,0.389534	3.65806460381
19:32:13	0.949111,4.215488,0.389297	-0.367266,0.921144,0.026714	-0.244292,0.074246,2.076482	0.949111,4.215488,0.389297	3.65806460381
19:32:13	0.948925,4.215529,0.389292	-0.367266,0.921144,0.026714	-0.244292,0.074246,2.076482	0.948925,4.215529,0.389292	3.65806460381
19:32:13	0.949034,4.215624,0.389232	-0.367266,0.921144,0.026714	-0.244292,0.074246,2.076482	0.949034,4.215624,0.389232	3.65806460381
19:32:13	0.948972,4.215581,0.389303	-0.367266,0.921144,0.026714	-0.244292,0.074246,2.076482	0.948972,4.215581,0.389303	3.65806460381
19:32:13	0.949026,4.215568,0.389282	-0.367266,0.921144,0.026714	-0.244292,0.074246,2.076482	0.949026,4.215568,0.389282	3.65806460381
19:32:13	0.948989,4.215587,0.389304	-0.367266,0.921144,0.026714	-0.244292,0.074246,2.076482	0.948989,4.215587,0.389304	3.65806460381
19:32:13	0.949003,4.215588,0.389287	-0.367266,0.921144,0.026714	-0.244292,0.074246,2.076482	0.949003,4.215588,0.389287	3.65806460381
19:32:14	0.949027,4.215648,0.389320	-0.367266,0.921144,0.026714	-0.244292,0.074246,2.076482	0.949027,4.215648,0.389320	3.65806460381
19:32:14	0.948995,4.215580,0.389289	-0.367266,0.921144,0.026714	-0.244292,0.074246,2.076482	0.948995,4.215580,0.389289	3.65806460381
19:32:14	0.949013,4.215557,0.389268	-0.367266,0.921144,0.026714	-0.244292,0.074246,2.076482	0.949013,4.215557,0.389268	3.65806460381
19:32:14	0.948982,4.215550,0.389279	-0.367266,0.921144,0.026714	-0.244292,0.074246,2.076482	0.948982,4.215550,0.389279	3.65806460381
19:32:14	0.949008,4.215570,0.389284	-0.367266,0.921144,0.026714	-0.244292,0.074246,2.076482	0.949008,4.215570,0.389284	3.65806460381
19:32:14	0.948951,4.215642,0.389245	-0.367266,0.921144,0.026714	-0.244292,0.074246,2.076482	0.948951,4.215642,0.389245	3.65806460381
19:32:14	0.949007,4.215573,0.389279	-0.367266,0.921144,0.026714	-0.244292,0.074246,2.076482	0.949007,4.215573,0.389279	3.65806460381
19:32:14	0.948993,4.215571,0.389286	-0.367266,0.921144,0.026714	-0.244292,0.074246,2.076482	0.948993,4.215571,0.389286	3.65806460381
19:32:14	0.948994,4.215540,0.389277	-0.367266,0.921144,0.026714	-0.244292,0.074246,2.076482	0.948994,4.215540,0.389277	3.65806460381
19:32:14	0.948990,4.215572,0.389291	-0.367266,0.921144,0.026714	-0.244292,0.074246,2.076482	0.948990,4.215572,0.389291	3.65806460381
19:32:15	0.949003,4.215568,0.389284	-0.367266,0.921144,0.026714	-0.244292,0.074246,2.076482	0.949003,4.215568,0.389284	3.65806460381
19:32:15	0.948989,4.215549,0.389276	-0.367266,0.921144,0.026714	-0.244292,0.074246,2.076482	0.948989,4.215549,0.389276	3.65806460381
19:32:15	0.948968,4.215645,0.389249	-0.367266,0.921144,0.026714	-0.244292,0.074246,2.076482	0.948968,4.215645,0.389249	3.65806460381
19:32:15	0.948997,4.215568,0.389280	-0.367266,0.921144,0.026714	-0.244292,0.074246,2.076482	0.948997,4.215568,0.389280	3.65806460381
19:32:15	0.948963,4.215636,0.389246	-0.367266,0.921144,0.026714	-0.244292,0.074246,2.076482	0.948963,4.215636,0.389246	3.65806460381
19:32:15	0.948960,4.215626,0.389237	-0.367266,0.921144,0.026714	-0.244292,0.074246,2.076482	0.948960,4.215626,0.389237	3.65806460381
19:32:15	0.948963,4.215649,0.389257	-0.367266,0.921144,0.026714	-0.244292,0.074246,2.076482	0.948963,4.215649,0.389257	3.65806460381
19:32:15	0.948974,4.215723,0.389275	-0.367266,0.921144,0.026714	-0.244292,0.074246,2.076482	0.948974,4.215723,0.389275	3.65806460381
19:32:15	0.949021,4.215640,0.389300	-0.367266,0.921144,0.026714	-0.244292,0.074246,2.076482	0.949021,4.215640,0.389300	3.65806460381
19:32:15	0.948991,4.215576,0.389295	-0.367266,0.921144,0.026714	-0.244292,0.074246,2.076482	0.948991,4.215576,0.389295	3.65806460381
19:32:16	0.948991,4.215553,0.389278	-0.367266,0.921144,0.026714	-0.244292,0.074246,2.076482	0.948991,4.215553,0.389278	3.65806460381
19:32:16	0.948995,4.215584,0.389297	-0.367266,0.921144,0.026714	-0.244292,0.074246,2.076482	0.948995,4.215584,0.389297	3.65806460381
19:32:16	0.948989,4.215579,0.389300	-0.367266,0.921144,0.026714	-0.244292,0.074246,2.076482	0.948989,4.215579,0.389300	3.65806460381
19:32:16	0.948977,4.215554,0.389283	-0.367266,0.921144,0.026714	-0.244292,0.074246,2.076482	0.948977,4.215554,0.389283	3.65806460381
19:32:16	0.948988,4.215584,0.389298	-0.367266,0.921144,0.026714	-0.244292,0.074246,2.076482	0.948988,4.215584,0.389298	3.65806460381
19:32:16	0.948988,4.215555,0.389280	-0.367266,0.921144,0.026714	-0.244292,0.074246,2.076482	0.948988,4.215555,0.389280	3.65806460381
19:32:16	0.948989,4.215560,0.389284	-0.367266,0.921144,0.026714	-0.244292,0.074246,2.076482	0.948989,4.215560,0.389284	3.65806460381
19:32:16	0.948988,4.215557,0.389280	-0.367266,0.921144,0.026714	-0.244292,0.074246,2.076482	0.948988,4.215557,0.389280	3.65806460381
19:32:16	0.948944,4.215629,0.389246	-0.367266,0.921144,0.026714	-0.244292,0.074246,2.076482	0.948944,4.215629,0.389246	3.65806460381
19:32:16	0.948961,4.215648,0.389237	-0.367266,0.921144,0.026714	-0.244292,0.074246,2.076482	0.948961,4.215648,0.389237	3.65806460381
19:32:17	0.949005,4.215563,0.389277	-0.367266,0.921144,0.026714	-0.244292,0.074246,2.076482	0.949005,4.215563,0.389277	3.65806460381
19:32:17	0.948962,4.215635,0.389233	-0.367266,0.921144,0.026714	-0.244292,0.074246,2.076482	0.948962,4.215635,0.389233	3.65806460381
19:32:17	0.948993,4.215573,0.389286	-0.367266,0.921144,0.026714	-0.244292,0.074246,2.076482	0.948993,4.215573,0.389286	3.65806460381
19:32:17	0.948995,4.215555,0.389284	-0.367266,0.921144,0.026714	-0.244292,0.074246,2.076482	0.948995,4.215555,0.389284	3.65806460381
19:32:17	0.948993,4.215584,0.389286	-0.367266,0.921144,0.026714	-0.244292,0.074246,2.076482	0.948993,4.215584,0.389286	3.65806460381
19:32:17	0.948996,4.215552,0.389278	-0.367266,0.921144,0.026714	-0.244292,0.074246,2.076482	0.948996,4.215552,0.389278	3.65806460381
19:32:17	0.949020,4.215644,0.389310	-0.367266,0.921144,0.026714	-0.244292,0.074246,2.076482	0.949020,4.215644,0.389310	3.65806460381
19:32:17	0.948991,4.215551,0.389273	-0.367266,0.921144,0.026714	-0.244292,0.074246,2.076482	0.948991,4.215551,0.389273	3.65806460381
19:32:17	0.948992,4.215588,0.389290	-0.367266,0.921144,0.026714	-0.244292,0.074246,2.076482	0.948992,4.215588,0.389290	3.65806460381
19:32:17	0.948989,4.215558,0.389292	-0.367266,0.921144,0.026714	-0.244292,0.074246,2.076482	0.948989,4.215558,0.389292	3.65806460381
19:32:18	0.948971,4.215643,0.389233	-0.367266,0.921144,0.026714	-0.244292,0.074246,2.076482	0.948971,4.215643,0.389233	3.65806460381
19:32:18	0.948969,4.215644,0.389224	-0.367266,0.921144,0.026714	-0.244292,0.074246,2.076482	0.948969,4.215644,0.389224	3.65806460381
19:32:18	0.948991,4.215580,0.389292	-0.367266,0.921144,0.026714	-0.244292,0.074246,2.076482	0.948991,4.215580,0.389292	3.65806460381
19:32:18	0.948987,4.215719,0.389260	-0.367266,0.921144,0.026714	-0.244292,0.074246,2.076482	0.948987,4.215719,0.389260	3.65806460381
19:32:18	0.948806,4.215645,0.389454	-0.367266,0.921144,0.026714	-0.244292,0.074246,2.076482	0.948806,4.215645,0.389454	3.65806460381
19:32:18	0.949020,4.215648,0.389309	-0.367266,0.921144,0.026714	-0.244292,0.074246,2.076482	0.949020,4.215648,0.389309	3.65806460381
19:32:18	0.948957,4.215648,0.389250	-0.367266,0.921144,0.026714	-0.244292,0.074246,2.076482	0.948957,4.215648,0.389250	3.65806460381
19:32:18	0.948996,4.215577,0.389287	-0.367266,0.921144,0.026714	-0.244292,0.074246,2.076482	0.948996,4.215577,0.389287	3.65806460381
19:32:18	0.948984,4.215558,0.389288	-0.367266,0.921144,0.026714	-0.244292,0.074246,2.076482	0.948984,4.215558,0.389288	3.65806460381
19:32:18	0.948990,4.215572,0.389285	1.009057,4.083042,0.522441	-0.244292,0.074246,2.076482	0.948990,4.215572,0.389285	3.65806460381
19:32:19	0.948962,4.215623,0.389230	1.009028,4.083135,0.522397	-0.244292,0.074246,2.076482	0.948962,4.215623,0.389230	3.65806460381
19:32:19	0.948960,4.215648,0.389241	0.812561,4.071127,0.435142	-0.244292,0.074246,2.076482	0.948960,4.215648,0.389241	3.65806460381
19:32:19	0.948959,4.215626,0.389233	0.812560,4.071127,0.435172	-0.244292,0.074246,2.076482	0.948959,4.215626,0.389233	3.65806460381
19:32:19	0.948995,4.215554,0.389284	0.812410,4.071323,0.434974	-0.244292,0.074246,2.076482	0.948995,4.215554,0.389284	3.65806460381
19:32:19	0.948996,4.215577,0.389284	0.812537,4.071174,0.435234	-0.244292,0.074246,2.076482	0.948996,4.215577,0.389284	3.65806460381
19:32:19	0.948988,4.215578,0.389290	0.812550,4.071132,0.435190	-0.244292,0.074246,2.076482	0.948988,4.215578,0.389290	3.65806460381
19:32:19	0.948993,4.215558,0.389282	0.816379,4.065929,0.393730	-0.244292,0.074246,2.076482	0.948993,4.215558,0.389282	3.65806460381
19:32:19	0.948962,4.215643,0.389246	0.816375,4.065930,0.393723	-0.244292,0.074246,2.076482	0.948962,4.215643,0.389246	3.65806460381
19:32:19	0.948958,4.215625,0.389248	0.816335,4.066051,0.393796	-0.244292,0.074246,2.076482	0.948958,4.215625,0.389248	3.65806460381
19:32:19	0.948970,4.215638,0.389238	0.816390,4.065892,0.393702	-0.244292,0.074246,2.076482	0.948970,4.215638,0.389238	3.65806460381
19:32:20	0.948991,4.215556,0.389287	0.816388,4.065893,0.393699	-0.244292,0.074246,2.076482	0.948991,4.215556,0.389287	3.65806460381
19:32:20	0.948955,4.215631,0.389241	0.816374,4.065935,0.393751	-0.244292,0.074246,2.076482	0.948955,4.215631,0.389241	3.65806460381
19:32:20	0.948986,4.215550,0.389286	0.816407,4.065870,0.393702	-0.244292,0.074246,2.076482	0.948986,4.215550,0.389286	3.65806460381
19:32:20	0.948989,4.215556,0.389287	0.802655,4.079311,0.380905	-0.244292,0.074246,2.076482	0.948989,4.215556,0.389287	3.65806460381
19:32:20	0.949000,4.215573,0.389282	0.816491,4.065767,0.393896	-0.244292,0.074246,2.076482	0.949000,4.215573,0.389282	3.65806460381
