# Flight Log 
# 25 08 17 - 19:26:23
Time		X,Y,Z				goalX,goalY,goalZ		ddx,ddy,ddz			angularx,angulary,angularz	battery
19:26:23	0.000000,0.000000,0.000000	0.000000,0.000000,0.000000	0.000000,0.000000,0.000000	0.000000,0.000000,0.000000	0
19:26:23	0.965622,4.221135,0.389182	0.765837,4.212103,0.393144	-0.186812,0.146096,10.231523	0.965622,4.221135,0.389182	0
19:26:23	0.965631,4.221144,0.389173	0.765825,4.212246,0.393423	-0.189207,0.143701,10.229128	0.965631,4.221144,0.389173	4.04868030548
19:26:23	0.965629,4.221135,0.389173	0.765841,4.212138,0.393123	-0.184417,0.146096,10.231523	0.965629,4.221135,0.389173	4.04868030548
19:26:23	0.965622,4.221139,0.389187	0.765840,4.212103,0.393307	-0.184417,0.148491,10.233918	0.965622,4.221139,0.389187	4.04868030548
19:26:23	0.965623,4.221142,0.389187	0.765833,4.212114,0.393316	-0.179626,0.148491,10.226733	0.965623,4.221142,0.389187	4.04868030548
19:26:23	0.965624,4.221134,0.389177	0.765837,4.212123,0.393385	-0.177231,0.143701,10.231523	0.965624,4.221134,0.389177	4.04868030548
19:26:23	0.965626,4.221138,0.389179	0.765835,4.212137,0.393311	-0.184417,0.146096,10.229128	0.965626,4.221138,0.389179	4.04868030548
19:26:23	0.965617,4.221143,0.389169	0.765847,4.212140,0.393333	-0.172441,0.146096,10.224338	0.965617,4.221143,0.389169	4.04868030548
19:26:24	0.965623,4.221139,0.389186	0.765839,4.212119,0.393338	-0.182021,0.141306,10.226733	0.965623,4.221139,0.389186	4.04868030548
19:26:24	0.965623,4.221134,0.389180	0.765836,4.212224,0.393204	-0.186812,0.143701,10.226733	0.965623,4.221134,0.389180	4.04868030548
19:26:24	0.965625,4.221141,0.389179	0.765837,4.212131,0.393284	-0.182021,0.146096,10.233918	0.965625,4.221141,0.389179	4.05395889282
19:26:24	0.965621,4.221139,0.389178	0.765831,4.212167,0.393239	-0.179626,0.146096,10.224338	0.965621,4.221139,0.389178	4.05395889282
19:26:24	0.965626,4.221137,0.389179	0.765842,4.212150,0.393321	-0.191602,0.146096,10.229128	0.965626,4.221137,0.389179	4.04868030548
19:26:24	0.965625,4.221143,0.389171	0.765833,4.212082,0.393220	-0.177231,0.148491,10.224338	0.965625,4.221143,0.389171	4.04868030548
19:26:24	0.965624,4.221143,0.389178	0.765844,4.212041,0.393265	-0.177231,0.143701,10.229128	0.965624,4.221143,0.389178	4.04868030548
19:26:24	0.965624,4.221142,0.389169	0.765839,4.212033,0.393247	-0.186812,0.143701,10.226733	0.965624,4.221142,0.389169	4.04868030548
19:26:24	0.965623,4.221193,0.389254	0.765844,4.212017,0.393222	-0.179626,0.148491,10.226733	0.965623,4.221193,0.389254	4.04868030548
19:26:24	0.965628,4.221143,0.389183	0.765867,4.212103,0.393380	-0.184417,0.148491,10.224338	0.965628,4.221143,0.389183	4.04868030548
19:26:25	0.965625,4.221127,0.389178	0.765849,4.212005,0.393177	-0.179626,0.143701,10.229128	0.965625,4.221127,0.389178	4.04868030548
19:26:25	0.965620,4.221145,0.389179	0.765843,4.212003,0.393271	-0.177231,0.146096,10.243499	0.965620,4.221145,0.389179	4.04868030548
19:26:25	0.965639,4.221107,0.389209	0.765841,4.212004,0.393247	-0.179626,0.153281,10.238708	0.965639,4.221107,0.389209	4.04868030548
19:26:25	0.965627,4.221143,0.389185	0.765850,4.212025,0.393344	-0.177231,0.143701,10.226733	0.965627,4.221143,0.389185	4.04868030548
19:26:25	0.965618,4.221142,0.389179	0.765843,4.212022,0.393350	-0.177231,0.148491,10.226733	0.965618,4.221142,0.389179	4.04868030548
19:26:25	0.965625,4.221150,0.389188	0.765847,4.212031,0.393316	-0.179626,0.150886,10.231523	0.965625,4.221150,0.389188	4.04868030548
19:26:25	0.965620,4.221139,0.389179	0.765844,4.212033,0.393297	-0.182021,0.148491,10.229128	0.965620,4.221139,0.389179	4.04868030548
19:26:25	0.965624,4.221143,0.389174	0.765839,4.212040,0.393323	-0.182021,0.150886,10.233918	0.965624,4.221143,0.389174	4.04868030548
19:26:25	0.965624,4.221145,0.389181	0.765842,4.212093,0.393291	-0.174836,0.146096,10.241104	0.965624,4.221145,0.389181	4.04868030548
19:26:25	0.965620,4.221143,0.389189	0.765835,4.212101,0.393339	-0.179626,0.146096,10.236313	0.965620,4.221143,0.389189	4.04868030548
19:26:26	0.965629,4.221141,0.389177	0.765828,4.212229,0.393185	-0.177231,0.143701,10.233918	0.965629,4.221141,0.389177	4.04868030548
19:26:26	0.965625,4.221140,0.389181	0.765831,4.212226,0.393211	-0.179626,0.141306,10.233918	0.965625,4.221140,0.389181	4.04868030548
19:26:26	0.965633,4.221142,0.389182	0.765835,4.212229,0.393181	-0.182021,0.146096,10.236313	0.965633,4.221142,0.389182	4.04868030548
19:26:26	0.965629,4.221139,0.389166	0.765839,4.212204,0.393271	-0.177231,0.148491,10.226733	0.965629,4.221139,0.389166	4.04868030548
19:26:26	0.965626,4.221142,0.389183	0.765839,4.212201,0.393352	-0.172441,0.148491,10.229128	0.965626,4.221142,0.389183	4.04868030548
19:26:26	0.965627,4.221139,0.389183	0.765831,4.212197,0.393369	-0.184417,0.146096,10.233918	0.965627,4.221139,0.389183	4.04868030548
19:26:26	0.965621,4.221138,0.389188	0.765836,4.212219,0.393384	-0.177231,0.143701,10.231523	0.965621,4.221138,0.389188	4.04868030548
19:26:26	0.965625,4.221144,0.389183	0.765838,4.212209,0.393304	-0.184417,0.150886,10.229128	0.965625,4.221144,0.389183	4.04868030548
19:26:26	0.965622,4.221142,0.389176	0.765841,4.212305,0.393304	-0.179626,0.146096,10.236313	0.965622,4.221142,0.389176	4.04868030548
19:26:26	0.965632,4.221144,0.389179	0.765849,4.212206,0.393430	-0.174836,0.148491,10.229128	0.965632,4.221144,0.389179	4.04868030548
19:26:27	0.965624,4.221136,0.389180	0.765834,4.212292,0.393308	-0.179626,0.141306,10.231523	0.965624,4.221136,0.389180	4.04868030548
19:26:27	0.965631,4.221141,0.389182	0.765832,4.212298,0.393339	-0.184417,0.143701,10.238708	0.965631,4.221141,0.389182	4.04868030548
19:26:27	0.965625,4.221134,0.389180	0.765832,4.212301,0.393381	-0.179626,0.143701,10.238708	0.965625,4.221134,0.389180	4.04868030548
19:26:27	0.965627,4.221147,0.389182	0.765834,4.212303,0.393313	-0.174836,0.146096,10.241104	0.965627,4.221147,0.389182	4.04868030548
19:26:27	0.965628,4.221138,0.389172	0.765824,4.212320,0.393324	-0.174836,0.138911,10.238708	0.965628,4.221138,0.389172	4.04868030548
19:26:27	0.965626,4.221143,0.389182	0.765830,4.212303,0.393306	-0.182021,0.141306,10.226733	0.965626,4.221143,0.389182	4.04868030548
19:26:27	0.965636,4.221145,0.389177	0.765853,4.212412,0.393493	-0.177231,0.141306,10.238708	0.965636,4.221145,0.389177	4.04868030548
19:26:27	0.965627,4.221149,0.389184	0.765834,4.212328,0.393317	-0.182021,0.138911,10.233918	0.965627,4.221149,0.389184	4.04868030548
19:26:27	0.965625,4.221139,0.389185	0.765862,4.212038,0.393361	-0.182021,0.141306,10.231523	0.965625,4.221139,0.389185	4.04868030548
19:26:27	0.965625,4.221140,0.389181	0.765830,4.212234,0.393426	-0.179626,0.141306,10.224338	0.965625,4.221140,0.389181	4.04868030548
19:26:28	0.965625,4.221138,0.389181	0.765836,4.212214,0.393444	-0.182021,0.138911,10.238708	0.965625,4.221138,0.389181	4.04868030548
19:26:28	0.965623,4.221141,0.389180	0.765856,4.212155,0.393597	-0.182021,0.141306,10.231523	0.965623,4.221141,0.389180	4.04868030548
19:26:28	0.965627,4.221138,0.389188	0.765837,4.212257,0.393457	-0.182021,0.146096,10.233918	0.965627,4.221138,0.389188	4.04868030548
19:26:28	0.965617,4.221138,0.389171	0.765838,4.212224,0.393457	-0.174836,0.148491,10.236313	0.965617,4.221138,0.389171	4.04868030548
19:26:28	0.965617,4.221145,0.389188	0.765841,4.212228,0.393443	-0.179626,0.148491,10.224338	0.965617,4.221145,0.389188	4.04868030548
19:26:28	0.965625,4.221135,0.389169	0.765830,4.212223,0.393447	-0.182021,0.148491,10.233918	0.965625,4.221135,0.389169	4.04868030548
19:26:28	0.965597,4.221143,0.389169	0.765840,4.212250,0.393412	-0.182021,0.146096,10.238708	0.965597,4.221143,0.389169	3.93782997131
19:26:28	0.965609,4.221135,0.389186	0.765855,4.212116,0.393494	-0.143701,0.117356,10.241104	0.965609,4.221135,0.389186	3.92727279663
19:26:28	0.965589,4.221138,0.389224	0.765928,4.213382,0.392887	-0.141306,0.093406,10.200388	0.965589,4.221138,0.389224	3.91671562195
19:26:28	0.965637,4.221111,0.389176	0.765838,4.212113,0.393213	-0.191602,0.069456,10.255474	0.965637,4.221111,0.389176	3.91143703461
19:26:29	0.965630,4.221152,0.389177	0.765810,4.212018,0.393509	-0.213157,0.136516,10.269844	0.965630,4.221152,0.389177	3.89560127258
19:26:29	0.965570,4.221115,0.389216	0.765806,4.212210,0.393885	-0.126936,0.162861,10.272239	0.965570,4.221115,0.389216	3.8850440979
19:26:29	0.965602,4.221137,0.389222	0.765802,4.212074,0.393659	-0.213157,0.086221,10.145303	0.965602,4.221137,0.389222	3.8744866848
19:26:29	0.965592,4.221166,0.389218	0.772624,4.168702,0.393374	-0.201182,0.136516,10.166858	0.965592,4.221166,0.389218	3.85865092278
19:26:29	0.965619,4.221117,0.389193	0.772580,4.168604,0.393304	-0.179626,0.076641,10.159673	0.965619,4.221117,0.389193	3.84809374809
19:26:29	0.965615,4.221137,0.389191	0.772630,4.168672,0.393308	-0.208367,0.241897,10.207573	0.965615,4.221137,0.389191	3.83225798607
19:26:29	0.965591,4.221162,0.389248	0.772665,4.168458,0.393959	-0.155676,0.270637,10.281819	0.965591,4.221162,0.389248	3.82170081139
19:26:29	0.965596,4.221129,0.389200	0.772652,4.168590,0.393988	-0.251477,0.208367,10.214758	0.965596,4.221129,0.389200	3.8111436367
19:26:29	0.965581,4.221113,0.389199	0.772618,4.168476,0.394044	-0.258662,0.320933,10.281819	0.965581,4.221113,0.389199	3.79530787468
19:26:29	0.965588,4.221115,0.389197	0.772633,4.168501,0.393984	-0.198787,0.162861,10.181228	0.965588,4.221115,0.389197	3.77947211266
19:26:30	0.965615,4.221133,0.389171	0.772646,4.168518,0.394074	-0.172441,0.131726,10.265054	0.965615,4.221133,0.389171	3.76891493797
19:26:30	0.965528,4.221125,0.389213	0.772644,4.168628,0.394074	-0.179626,-0.019160,10.236313	0.965528,4.221125,0.389213	3.75307917595
19:26:30	0.965371,4.221006,0.389166	0.772352,4.169173,0.393423	-0.124541,0.368833,10.281819	0.965371,4.221006,0.389166	3.74252200127
19:26:30	0.964716,4.220920,0.389130	0.771815,4.168519,0.393361	-0.402363,-0.093406,10.188413	0.964716,4.220920,0.389130	3.72668623924
19:26:30	0.964811,4.220684,0.388830	0.771619,4.169068,0.394399	-0.265847,0.174836,10.284214	0.964811,4.220684,0.388830	3.71085047722
19:26:30	0.964850,4.220528,0.388916	0.771774,4.168594,0.393815	-0.265847,-0.033530,10.157278	0.964850,4.220528,0.388916	3.69501471519
19:26:30	0.964354,4.220459,0.389150	0.770515,4.171257,0.395798	-0.071851,0.088616,10.245894	0.964354,4.220459,0.389150	3.68445754051
19:26:30	0.963884,4.220103,0.388995	0.770212,4.170658,0.395819	-0.378413,0.050295,10.121353	0.963884,4.220103,0.388995	3.68445754051
19:26:30	0.963913,4.219590,0.389098	0.769829,4.171588,0.395167	-0.340093,-0.055085,10.176438	0.963913,4.219590,0.389098	3.68445754051
19:26:30	0.964006,4.218572,0.388944	0.770155,4.169378,0.394913	0.026345,0.138911,10.358459	0.964006,4.218572,0.388944	3.63695025444
19:26:31	0.963994,4.217337,0.389226	0.770514,4.166960,0.395566	-0.155676,-0.057480,10.195598	0.963994,4.217337,0.389226	3.61583590508
19:26:31	0.963365,4.216075,0.389184	0.767848,4.174179,0.396159	-0.237107,0.160466,10.157278	0.963365,4.216075,0.389184	3.60527873039
19:26:31	0.962302,4.214870,0.389179	0.767440,4.170987,0.395099	-0.091011,-0.184417,10.145303	0.962302,4.214870,0.389179	3.58944296837
19:26:31	0.961349,4.212812,0.388937	0.767142,4.166362,0.394245	-0.102986,0.270637,10.315349	0.961349,4.212812,0.388937	3.58944296837
19:26:31	0.959195,4.210920,0.389141	0.765719,4.161968,0.394155	-0.165256,0.222737,10.262659	0.959195,4.210920,0.389141	3.55249285698
19:26:31	0.957576,4.208398,0.388981	0.765153,4.156018,0.394372	-0.534089,0.227527,10.461445	0.957576,4.208398,0.388981	3.54193544388
19:26:31	0.954906,4.205571,0.389026	0.763593,4.149202,0.393929	-0.093406,-0.009580,10.257869	0.954906,4.205571,0.389026	3.51554250717
19:26:31	0.951275,4.201811,0.389086	0.761859,4.140014,0.393135	-0.617915,-0.019160,10.262659	0.951275,4.201811,0.389086	3.49970674515
19:26:31	0.946489,4.196583,0.389434	0.759512,4.128817,0.393112	-0.217947,0.213157,10.602751	0.946489,4.196583,0.389434	3.48387098312
19:26:31	0.939030,4.187108,0.391620	0.757119,4.108712,0.400983	-0.249082,-0.172441,10.219548	0.939030,4.187108,0.391620	3.46275663376
19:26:32	0.928607,4.170617,0.395554	0.752057,4.084810,0.417631	-0.593965,0.083826,10.396780	0.928607,4.170617,0.395554	3.44692087173
19:26:32	0.911098,4.144648,0.399587	0.741247,4.051182,0.412149	0.057480,0.119751,10.277029	0.911098,4.144648,0.399587	3.42580652237
19:26:32	0.884493,4.104455,0.400501	0.734916,3.985824,0.414798	-0.450264,0.193997,9.805210	0.884493,4.104455,0.400501	3.42580652237
19:26:32	0.850519,4.049561,0.393803	0.700122,3.934830,0.383644	-0.601150,0.342488,9.810000	0.850519,4.049561,0.393803	3.42580652237
19:26:32	0.812771,3.983598,0.381425	0.670150,3.862264,0.363091	-0.069456,0.399968,9.889036	0.812771,3.983598,0.381425	3.36774206161
19:26:32	0.774780,3.908285,0.365412	0.660074,3.763483,0.336685	0.227527,-0.141306,9.929751	0.774780,3.908285,0.365412	3.35190629959
19:26:32	0.737590,3.823932,0.350139	0.600751,3.698540,0.343467	-1.068179,1.113684,10.827883	0.737590,3.823932,0.350139	3.33607053757
19:26:32	0.700463,3.730683,0.339415	0.599617,3.577807,0.323333	-1.005908,0.560435,10.909314	0.700463,3.730683,0.339415	3.34662771225
19:26:32	0.665745,3.632569,0.331910	0.558697,3.483982,0.333582	-0.239502,0.615520,10.459050	0.665745,3.632569,0.331910	3.34662771225
19:26:32	0.636192,3.534627,0.326460	0.521920,3.389881,0.340478	0.117356,0.215552,10.396780	0.636192,3.534627,0.326460	3.35190629959
19:26:33	0.614386,3.439487,0.325509	0.534399,3.273020,0.338748	-0.443079,0.359253,10.641072	0.614386,3.439487,0.325509	3.36246347427
19:26:33	0.600716,3.348743,0.329077	0.514981,3.184730,0.362952	0.256267,0.198787,10.411150	0.600716,3.348743,0.329077	3.36246347427
19:26:33	0.594135,3.262484,0.338011	0.516629,3.094201,0.383395	0.150886,0.095801,10.669812	0.594135,3.262484,0.338011	3.3782992363
19:26:33	0.592504,3.179426,0.353797	0.500825,3.018510,0.417281	-0.680186,0.620310,10.631492	0.592504,3.179426,0.353797	3.39413499832
19:26:33	0.593808,3.099700,0.376155	0.541116,2.923438,0.447391	-0.158071,0.146096,10.669812	0.593808,3.099700,0.376155	3.38885641098
19:26:33	0.595290,3.023014,0.406923	0.565733,2.842753,0.489530	0.205972,-0.373623,10.875784	0.595290,3.023014,0.406923	3.40997076035
19:26:33	0.594560,2.946090,0.446585	0.580428,2.765894,0.539162	0.153281,-0.071851,10.408755	0.594560,2.946090,0.446585	3.40997076035
19:26:33	0.590461,2.867352,0.491660	0.587482,2.688264,0.593972	-0.617915,0.471819,10.506951	0.590461,2.867352,0.491660	3.42580652237
19:26:33	0.584237,2.787757,0.538852	0.590621,2.609440,0.646367	-0.807122,0.289797,10.241104	0.584237,2.787757,0.538852	3.42580652237
19:26:33	0.576347,2.708583,0.589450	0.682798,2.551930,0.605300	0.064666,-0.213157,10.672207	0.576347,2.708583,0.589450	3.42580652237
19:26:34	0.567350,2.629515,0.639829	0.684609,2.479725,0.643521	-0.500559,0.110171,9.606423	0.567350,2.629515,0.639829	3.42580652237
19:26:34	0.559833,2.551920,0.684373	0.689045,2.411150,0.685281	0.364043,0.071851,10.001602	0.559833,2.551920,0.684373	3.44164228439
19:26:34	0.556574,2.478477,0.728480	0.696950,2.347749,0.714888	-0.227527,0.047900,10.265054	0.556574,2.478477,0.728480	3.43636369705
19:26:34	0.558228,2.410777,0.771566	0.709224,2.291679,0.742253	-0.318538,0.229922,10.083032	0.558228,2.410777,0.771566	3.42052793503
19:26:34	0.565671,2.349229,0.814200	0.728571,2.246848,0.767755	-0.843047,0.387993,10.174043	0.565671,2.349229,0.814200	3.43108510971
19:26:34	0.578320,2.295212,0.855075	0.748971,2.205701,0.804814	-0.526904,0.541274,10.085427	0.578320,2.295212,0.855075	3.43108510971
19:26:34	0.596653,2.251661,0.894941	0.772236,2.174245,0.828348	-0.244292,0.057480,10.178833	0.596653,2.251661,0.894941	3.43108510971
19:26:34	0.621376,2.219244,0.933492	0.800821,2.152246,0.863974	-0.869392,0.335303,10.063872	0.621376,2.219244,0.933492	3.43108510971
19:26:34	0.653067,2.195733,0.968287	0.833823,2.138423,0.884473	-0.337698,0.241897,9.771680	0.653067,2.195733,0.968287	3.42580652237
19:26:34	0.684298,2.181247,0.994085	0.874470,2.134999,0.911718	-0.737666,0.409548,10.006392	0.684298,2.181247,0.994085	3.43108510971
19:26:35	0.734118,2.166075,1.027805	0.917345,2.131402,0.926985	-0.866997,0.459844,10.104587	0.734118,2.166075,1.027805	3.43636369705
19:26:35	0.780385,2.152983,1.054975	0.962966,2.128368,0.941007	-0.093406,-0.098196,9.970466	0.780385,2.152983,1.054975	3.404692173
19:26:35	0.829011,2.134229,1.079879	1.010491,2.121953,0.953516	-0.193997,-0.186812,9.984836	0.829011,2.134229,1.079879	3.43108510971
19:26:35	0.878027,2.106244,1.101792	0.796619,2.288799,0.983931	-0.081431,-0.112566,10.226733	0.878027,2.106244,1.101792	3.33079195023
19:26:35	0.926266,2.067778,1.121215	1.106014,2.088862,0.982754	-0.711321,-0.285007,9.901011	0.926266,2.067778,1.121215	3.42052793503
19:26:35	0.970410,2.020539,1.137911	1.146271,2.069303,0.993421	-0.320933,-0.105381,10.056687	0.970410,2.020539,1.137911	3.42052793503
19:26:35	1.006181,1.969291,1.150252	1.177768,2.036891,1.004321	-0.637075,-0.002395,9.903406	1.006181,1.969291,1.150252	3.42052793503
19:26:35	1.034080,1.919926,1.159577	1.203127,1.996570,1.013263	-0.062271,-0.045505,10.202783	1.034080,1.919926,1.159577	3.404692173
19:26:35	1.059037,1.876549,1.168066	1.224445,1.966873,1.037240	-0.124541,0.189207,10.157278	1.059037,1.876549,1.168066	3.40997076035
19:26:35	1.085800,1.841876,1.177035	1.245142,1.941636,1.047695	-0.138911,-0.165256,10.329719	1.085800,1.841876,1.177035	3.40997076035
19:26:36	1.117197,1.816766,1.187266	1.270786,1.921480,1.052424	-1.044229,0.011975,10.336904	1.117197,1.816766,1.187266	3.42580652237
19:26:36	1.154267,1.800030,1.195902	1.301825,1.909084,1.055227	-0.529299,0.134121,10.025552	1.154267,1.800030,1.195902	3.42052793503
19:26:36	1.196552,1.789198,1.202101	1.339302,1.900314,1.053944	-0.764011,0.153281,9.975256	1.196552,1.789198,1.202101	3.42052793503
19:26:36	1.242846,1.782013,1.204771	1.377992,1.895860,1.040041	-0.376018,-0.076641,9.733359	1.242846,1.782013,1.204771	3.42052793503
19:26:36	1.289428,1.777473,1.202207	1.423358,1.892771,1.037725	-0.859812,0.098196,9.872271	1.289428,1.777473,1.202207	3.41524934769
19:26:36	1.332392,1.774801,1.194759	1.459633,1.898847,1.031847	-0.258662,-0.225132,10.023157	1.332392,1.774801,1.194759	3.41524934769
19:26:36	1.369688,1.772993,1.183750	1.497759,1.898146,1.024715	-0.411943,-0.011975,10.090217	1.369688,1.772993,1.183750	3.44692087173
19:26:36	1.400963,1.771769,1.169464	1.525441,1.906432,1.028232	-0.917292,-0.201182,10.183623	1.400963,1.771769,1.169464	3.39413499832
19:26:36	1.427845,1.770797,1.154222	1.546885,1.912712,1.019637	-0.962798,-0.047900,10.336904	1.427845,1.770797,1.154222	3.39413499832
19:26:36	1.451662,1.771231,1.139123	1.566900,1.919247,1.017564	-0.203577,-0.165256,10.255474	1.451662,1.771231,1.139123	3.39413499832
19:26:37	1.472763,1.773963,1.123088	1.584543,1.928270,1.021266	-0.821492,-0.114961,10.336904	1.472763,1.773963,1.123088	3.39941358566
19:26:37	1.491437,1.780405,1.107514	1.598876,1.938536,1.012623	-0.505349,0.021555,10.475815	1.491437,1.780405,1.107514	3.39413499832
19:26:37	1.509322,1.790620,1.092129	1.610333,1.955189,1.019148	-0.170046,-0.172441,10.099797	1.509322,1.790620,1.092129	3.39941358566
19:26:37	1.526999,1.804428,1.076738	1.628756,1.968773,1.011215	-0.332908,-0.328118,10.365645	1.526999,1.804428,1.076738	3.39413499832
19:26:37	1.544423,1.822014,1.060964	1.640313,1.990994,1.015800	0.009580,-0.122146,9.999207	1.544423,1.822014,1.060964	3.39413499832
19:26:37	1.561514,1.843397,1.044512	1.659144,2.011825,1.018407	-0.958008,-0.021555,10.514136	1.561514,1.843397,1.044512	3.33607053757
19:26:37	1.579267,1.868312,1.030332	1.676009,2.037310,1.021895	-0.890947,0.131726,10.466235	1.579267,1.868312,1.030332	3.39413499832
19:26:37	1.596820,1.896280,1.017261	1.690684,2.066437,1.025511	-0.304167,-0.265847,10.478210	1.596820,1.896280,1.017261	3.39413499832
19:26:37	1.613134,1.925307,1.005738	1.709051,2.094179,1.029643	-1.034648,-0.057480,10.401570	1.613134,1.925307,1.005738	3.39413499832
19:26:37	1.627843,1.954029,0.994904	1.728964,2.120207,1.022727	-0.694556,-0.083826,10.468630	1.627843,1.954029,0.994904	3.39413499832
19:26:38	1.640217,1.981562,0.984018	1.743935,2.146525,1.015407	-0.855022,-0.114961,10.305769	1.640217,1.981562,0.984018	3.38357782364
19:26:38	1.650690,2.007898,0.972088	1.758957,2.169085,1.020053	-0.888552,-0.083826,10.159673	1.650690,2.007898,0.972088	3.39413499832
19:26:38	1.659297,2.032717,0.959544	1.772702,2.190445,1.012192	-0.165256,-0.134121,10.243499	1.659297,2.032717,0.959544	3.38357782364
19:26:38	1.665945,2.056210,0.947598	1.784680,2.210134,1.004632	-0.754431,-0.138911,10.253079	1.665945,2.056210,0.947598	3.38885641098
19:26:38	1.671235,2.079065,0.934956	1.534096,2.221248,0.916898	-0.189207,-0.177231,10.123748	1.671235,2.079065,0.934956	3.3782992363
19:26:38	1.675099,2.101540,0.917431	1.568370,2.264488,0.855881	-0.229922,-0.356858,9.503438	1.675099,2.101540,0.917431	3.3782992363
19:26:38	1.675362,2.123058,0.890550	1.532127,2.256510,0.847028	-0.517324,-0.265847,9.479487	1.675362,2.123058,0.890550	3.36246347427
19:26:38	1.665961,2.143555,0.859381	1.557120,2.293099,0.734340	-0.816702,0.055085,10.471025	1.665961,2.143555,0.859381	3.36246347427
19:26:38	1.644555,2.163008,0.824033	1.559286,2.318134,0.664045	-0.431104,0.174836,9.742939	1.644555,2.163008,0.824033	3.36774206161
19:26:38	1.613767,2.181420,0.780917	1.543413,2.336579,0.596641	-0.222737,-0.316143,9.663904	1.613767,2.181420,0.780917	3.39941358566
19:26:39	1.577992,2.198891,0.729404	1.519766,2.350771,0.520222	-0.122146,-0.349673,9.793235	1.577992,2.198891,0.729404	3.34662771225
19:26:39	1.542233,2.215579,0.672551	1.491014,2.365301,0.450238	-0.390388,-0.421523,9.671089	1.542233,2.215579,0.672551	3.37302064896
19:26:39	1.510768,2.230577,0.609824	1.360743,2.344572,0.519947	-0.105381,-0.421523,9.987231	1.510768,2.230577,0.609824	3.35190629959
19:26:39	1.486555,2.242918,0.549753	1.351027,2.359331,0.395349	-0.368833,-0.141306,10.940449	1.486555,2.242918,0.549753	3.34662771225
19:26:39	1.467307,2.251491,0.492125	1.367772,2.369911,0.255892	-0.546064,-0.071851,9.977651	1.467307,2.251491,0.492125	3.33079195023
19:26:39	1.448028,2.255849,0.426038	1.376930,2.372029,0.148707	-0.251477,0.136516,9.831555	1.448028,2.255849,0.426038	3.33607053757
19:26:39	1.429232,2.254257,0.350628	1.379616,2.363404,0.043993	-0.392783,-0.081431,9.702224	1.429232,2.254257,0.350628	3.3149561882
19:26:39	1.417905,2.242360,0.268338	1.383500,2.344332,-0.057561	-0.778381,-0.009580,9.817185	1.417905,2.242360,0.268338	3.33607053757
19:26:39	1.420762,2.219485,0.179952	1.405385,2.309482,-0.165542	0.203577,0.014370,9.956096	1.420762,2.219485,0.179952	3.33607053757
19:26:39	1.437750,2.188870,0.087854	1.442661,2.266071,-0.269451	-0.689766,0.158071,10.217153	1.437750,2.188870,0.087854	3.33079195023
19:26:40	1.463151,2.156019,-0.007868	1.587240,2.264965,0.234244	-0.191602,0.011975,10.114167	1.463151,2.156019,-0.007868	3.2885632515
19:26:40	1.487915,2.125848,-0.068996	1.607623,2.234002,0.160684	-3.247646,-0.150886,15.627502	1.487915,2.125848,-0.068996	3.28328466415
19:26:40	1.504995,2.099116,-0.027912	1.624071,2.212412,0.197675	-0.656235,-0.064666,10.202783	1.504995,2.099116,-0.027912	3.48914957047
19:26:40	1.524881,2.064856,0.006557	1.643286,2.184209,0.222859	-0.780776,0.526904,9.977651	1.524881,2.064856,0.006557	3.48914957047
19:26:40	1.546009,2.028846,0.036428	1.663653,2.150192,0.250574	0.148491,-0.198787,9.965676	1.546009,2.028846,0.036428	3.39941358566
19:26:40	1.568993,1.991554,0.063846	1.684279,2.117342,0.273845	-0.112566,-0.409548,10.068662	1.568993,1.991554,0.063846	3.3782992363
19:26:40	1.598428,1.950103,0.089700	1.711199,2.078660,0.298212	-0.711321,0.289797,10.020762	1.598428,1.950103,0.089700	3.41524934769
19:26:40	1.633775,1.904475,0.114284	1.742676,2.038082,0.319528	-0.898132,0.325723,10.140513	1.633775,1.904475,0.114284	3.41524934769
19:26:40	1.674698,1.855459,0.138282	1.782405,1.752472,0.374017	-1.053809,0.253872,10.545271	1.674698,1.855459,0.138282	3.41524934769
19:26:40	1.721983,1.803237,0.164993	1.821470,1.947190,0.361848	-0.414338,0.402363,10.214758	1.721983,1.803237,0.164993	3.41524934769
19:26:41	1.772310,1.747806,0.189287	1.867665,1.896701,0.383674	-0.471819,0.313748,9.766890	1.772310,1.747806,0.189287	3.41524934769
19:26:41	1.821050,1.692002,0.208248	1.912364,1.575481,0.444531	0.344883,0.071851,9.781260	1.821050,1.692002,0.208248	3.38885641098
19:26:41	1.869146,1.639426,0.228450	1.984759,1.565730,0.493173	-0.924478,0.411943,10.447075	1.869146,1.639426,0.228450	3.404692173
19:26:41	1.914428,1.590801,0.251079	2.020848,1.473592,0.461119	-0.495769,0.249082,10.375225	1.914428,1.590801,0.251079	3.41524934769
19:26:41	1.955336,1.545419,0.271628	2.036775,1.710235,0.441758	-0.237107,0.141306,9.879456	1.955336,1.545419,0.271628	3.404692173
19:26:41	1.991965,1.503458,0.285979	2.069410,1.670415,0.456139	-0.378413,-0.119751,9.647139	1.991965,1.503458,0.285979	3.39413499832
19:26:41	2.021132,1.468826,0.295086	2.103097,1.630605,0.463720	-0.553250,0.110171,10.162068	2.021132,1.468826,0.295086	3.38357782364
19:26:41	2.050749,1.434585,0.305242	2.127382,1.602877,0.467482	0.074246,-0.184417,10.293794	2.050749,1.434585,0.305242	3.34134912491
19:26:41	2.076964,1.407730,0.314918	2.150883,1.577203,0.475371	-0.356858,0.119751,10.336904	2.076964,1.407730,0.314918	3.38885641098
19:26:41	2.099688,1.385651,0.323406	2.176933,1.551498,0.484994	-0.462239,0.196392,10.365645	2.099688,1.385651,0.323406	3.34134912491
19:26:42	2.132433,1.353461,0.334868	2.252169,1.258081,0.573018	-0.536484,-0.009580,10.521321	2.132433,1.353461,0.334868	3.3149561882
19:26:42	2.161732,1.324856,0.351040	2.233869,1.495900,0.509297	-0.696951,0.213157,11.124866	2.161732,1.324856,0.351040	3.29912042618
19:26:42	2.192504,1.294502,0.370879	2.264239,1.466670,0.525318	-0.438289,-0.091011,9.568103	2.192504,1.294502,0.370879	3.29912042618
19:26:42	2.218131,1.268746,0.381605	2.292429,1.437584,0.536182	-0.246687,-0.069456,10.298584	2.218131,1.268746,0.381605	3.29912042618
19:26:42	2.252643,1.238016,0.396922	2.323321,1.410149,0.551572	-0.371228,0.201182,10.336904	2.252643,1.238016,0.396922	3.35718488693
19:26:42	2.281891,1.219002,0.411723	2.349277,1.391420,0.564477	0.220342,0.182021,10.236313	2.281891,1.219002,0.411723	3.29912042618
19:26:42	2.311764,1.207697,0.427831	2.429034,1.190814,0.738378	-0.383203,-0.064666,10.291399	2.311764,1.207697,0.427831	3.39413499832
19:26:42	2.338874,1.203695,0.448325	2.408127,1.373592,0.595602	-0.744851,0.143701,10.581196	2.338874,1.203695,0.448325	3.3782992363
19:26:42	2.365360,1.204344,0.463611	2.375508,1.193431,0.674476	-0.447869,0.095801,9.311836	2.365360,1.204344,0.463611	3.39941358566
19:26:42	2.388606,1.207396,0.469685	2.457578,1.377566,0.617393	-1.171165,0.174836,10.123748	2.388606,1.207396,0.469685	3.36246347427
19:26:43	2.408062,1.212793,0.471763	2.393422,1.181315,0.805455	-0.486189,-0.093406,9.841135	2.408062,1.212793,0.471763	3.36774206161
19:26:43	2.420385,1.218865,0.474208	2.491637,1.388603,0.621512	-0.759221,0.057480,11.024275	2.420385,1.218865,0.474208	3.34662771225
19:26:43	2.429465,1.222263,0.475842	2.501751,1.391542,0.628819	-0.203577,0.062271,9.491462	2.429465,1.222263,0.475842	3.3782992363
19:26:43	2.434249,1.219632,0.471029	2.509631,1.389215,0.623938	0.208367,-0.167651,10.104587	2.434249,1.219632,0.471029	3.3782992363
19:26:43	2.439161,1.211077,0.469448	2.424009,1.182276,0.817252	-0.766406,0.057480,10.700947	2.439161,1.211077,0.469448	3.36774206161
19:26:43	2.450468,1.194555,0.473797	2.409401,1.203771,0.804926	-0.572410,-0.023950,11.100916	2.450468,1.194555,0.473797	3.36774206161
19:26:43	2.466646,1.171196,0.486016	2.589357,1.159417,0.793498	-0.625100,0.052690,10.478210	2.466646,1.171196,0.486016	3.36774206161
19:26:43	2.485489,1.140429,0.501371	2.561158,1.314799,0.643811	-0.174836,0.241897,10.585986	2.485489,1.140429,0.501371	3.35190629959
19:26:43	2.507128,1.104861,0.516473	2.580438,1.281610,0.656761	-0.387993,-0.160466,9.122629	2.507128,1.104861,0.516473	3.86392951012
19:26:43	2.535257,1.067580,0.523645	2.606671,1.244201,0.663701	-0.759221,-0.035925,10.418335	2.535257,1.067580,0.523645	3.35718488693
19:26:44	2.567033,1.030325,0.534247	2.636124,1.208934,0.670602	-0.201182,0.289797,10.459050	2.567033,1.030325,0.534247	3.36246347427
19:26:44	2.606522,0.996633,0.547781	2.670793,1.175162,0.678021	-0.586780,0.354463,10.585986	2.606522,0.996633,0.547781	3.3149561882
19:26:44	2.641022,0.971010,0.562333	2.782072,0.910503,0.818801	-0.876577,0.308958,10.528506	2.641022,0.971010,0.562333	3.35190629959
19:26:44	2.695381,0.940216,0.587622	2.842769,0.910732,0.826019	-1.027463,0.402363,11.383528	2.695381,0.940216,0.587622	3.1407623291
19:26:44	2.734648,0.919736,0.613012	2.894960,0.907774,0.850979	-0.871787,0.138911,10.679392	2.734648,0.919736,0.613012	3.32551336288
19:26:44	2.787929,0.887934,0.653431	2.940469,0.890150,0.887193	-0.308958,-0.263452,10.676997	2.787929,0.887934,0.653431	3.18299102783
19:26:44	2.833748,0.856522,0.693927	2.984801,0.864797,0.931591	-0.943638,0.337698,10.813513	2.833748,0.856522,0.693927	3.39413499832
19:26:44	2.877613,0.822268,0.736078	3.027147,0.832754,0.979125	0.021555,0.076641,10.018367	2.877613,0.822268,0.736078	3.404692173
19:26:44	2.919703,0.788210,0.776857	3.067648,0.799740,1.023643	-1.039438,0.387993,10.399175	2.919703,0.788210,0.776857	3.38885641098
19:26:44	2.955790,0.754708,0.821589	3.109315,0.719279,1.057270	-0.182021,0.071851,10.538086	2.955790,0.754708,0.821589	3.3782992363
19:26:45	2.993248,0.723167,0.869387	3.135976,0.736539,1.126935	-0.356858,-0.028740,10.490186	2.993248,0.723167,0.869387	3.40997076035
19:26:45	3.024428,0.691057,0.918680	3.151415,0.811908,1.105866	-0.747246,0.352068,10.049502	3.024428,0.691057,0.918680	3.38357782364
19:26:45	3.056189,0.662189,0.962260	3.174709,0.766613,1.196706	0.110171,0.026345,9.457932	3.056189,0.662189,0.962260	3.51026391983
19:26:45	3.083135,0.637319,1.001206	3.177730,0.748164,1.269010	-1.051414,0.543669,10.514136	3.083135,0.637319,1.001206	3.13548374176
19:26:45	3.106328,0.621562,1.035363	3.207004,0.752437,1.261070	-0.558040,0.126936,10.619517	3.106328,0.621562,1.035363	3.32023477554
19:26:45	3.136127,0.603165,1.087750	3.172762,0.799872,1.122381	-0.553250,-0.023950,10.142908	3.136127,0.603165,1.087750	3.404692173
19:26:45	3.159550,0.590618,1.126050	3.194870,0.787805,1.156906	-0.241897,-0.196392,8.969348	3.159550,0.590618,1.126050	3.86920809746
19:26:45	3.182753,0.582796,1.152301	3.220487,0.747247,1.363125	-0.215552,0.038320,10.257869	3.182753,0.582796,1.152301	3.29384183884
19:26:45	3.205875,0.578023,1.181216	3.240235,0.774505,1.203775	-0.031135,-0.340093,10.583591	3.205875,0.578023,1.181216	3.23577737808
19:26:45	3.228656,0.573534,1.208479	3.263951,0.770171,1.228414	-0.531694,0.182021,9.508228	3.228656,0.573534,1.208479	3.39413499832
19:26:46	3.249134,0.568855,1.228886	3.282644,0.765738,1.246320	-0.823887,0.155676,10.487791	3.249134,0.568855,1.228886	3.17771244049
19:26:46	3.267849,0.565179,1.252684	3.269871,0.721192,1.499478	-0.625100,0.052690,10.607542	3.267849,0.565179,1.252684	3.32023477554
19:26:46	3.287028,0.561823,1.283257	3.319332,0.759189,1.288339	-0.653840,0.337698,10.787168	3.287028,0.561823,1.283257	3.34662771225
19:26:46	3.305013,0.557757,1.314683	3.296472,0.752871,1.272280	-0.311353,0.227527,9.637559	3.305013,0.557757,1.314683	3.84281516075
19:26:46	3.317120,0.553254,1.335670	3.277337,0.749859,1.350807	-0.847837,0.095801,9.910591	3.317120,0.553254,1.335670	3.84281516075
19:26:46	3.323192,0.550316,1.353414	3.347385,0.744354,1.434624	-0.112566,-0.261057,10.753638	3.323192,0.550316,1.353414	3.18299102783
19:26:46	3.322399,0.548989,1.380880	3.351084,0.682192,1.332404	-0.766406,0.320933,10.801538	3.322399,0.548989,1.380880	3.15131950378
19:26:46	3.317724,0.548685,1.412615	3.357009,0.681925,1.386106	-1.034648,0.129331,10.667417	3.317724,0.548685,1.412615	3.35190629959
19:26:46	3.314367,0.549884,1.445807	3.276456,0.681313,1.419828	-0.519719,-0.215552,10.269844	3.314367,0.549884,1.445807	3.37302064896
19:26:46	3.314663,0.550458,1.480197	3.280245,0.747251,1.451774	-0.385598,-0.026345,10.420730	3.314663,0.550458,1.480197	3.38885641098
19:26:47	3.317142,0.550358,1.516969	3.277528,0.745886,1.473987	-0.241897,-0.033530,10.322534	3.317142,0.550358,1.516969	3.17771244049
19:26:47	3.320562,0.550239,1.557080	3.349216,0.727855,1.370571	-0.962798,0.143701,10.499766	3.320562,0.550239,1.557080	3.37302064896
19:26:47	3.324103,0.551823,1.592114	3.343324,0.720499,1.377415	-0.531694,-0.258662,9.285491	3.324103,0.551823,1.592114	3.40997076035
19:26:47	3.330146,0.555691,1.616732	3.336795,0.697956,1.333678	-0.771196,-0.019160,9.867480	3.330146,0.555691,1.616732	3.40997076035
19:26:47	3.337210,0.560199,1.633271	3.329974,0.712075,1.373370	-0.627495,0.141306,9.484277	3.337210,0.560199,1.633271	3.57888579369
19:26:47	3.347642,0.564603,1.644074	3.373515,0.761348,1.604045	-0.270637,-0.213157,10.377620	3.347642,0.564603,1.644074	3.13020515442
19:26:47	3.363047,0.568795,1.659500	3.299322,0.714670,1.415010	-0.536484,0.081431,10.753638	3.363047,0.568795,1.659500	3.13020515442
19:26:47	3.376107,0.572145,1.673051	3.293055,0.692619,1.399102	-0.246687,-0.153281,9.228010	3.376107,0.572145,1.673051	3.74780058861
19:26:47	3.390995,0.577995,1.676263	3.285754,0.681477,1.404514	-0.205972,0.162861,9.740544	3.390995,0.577995,1.676263	3.3782992363
19:26:47	3.400898,0.580850,1.673564	3.279617,0.675793,1.416747	-0.162861,0.019160,10.008787	3.400898,0.580850,1.673564	3.32551336288
19:26:48	3.403039,0.576845,1.670533	3.278088,0.675945,1.426867	-0.670605,0.177231,10.332114	3.403039,0.576845,1.670533	3.29384183884
19:26:48	3.394652,0.563755,1.668885	3.284531,0.684510,1.436338	-0.742456,0.086221,10.384805	3.394652,0.563755,1.668885	3.30439901352
19:26:48	3.376823,0.545194,1.668309	3.300644,0.693151,1.442860	-0.174836,-0.261057,10.684182	3.376823,0.545194,1.668309	3.30439901352
19:26:48	3.352886,0.526549,1.673711	3.374820,0.671348,1.389119	0.134121,-0.100591,10.205178	3.352886,0.526549,1.673711	3.3782992363
19:26:48	3.333140,0.513369,1.676834	3.331458,0.630000,1.350588	0.182021,-0.246687,9.817185	3.333140,0.513369,1.676834	3.60527873039
19:26:48	3.318320,0.504853,1.673415	3.345572,0.702045,1.634800	-0.359253,0.016765,9.414822	3.318320,0.504853,1.673415	3.60527873039
19:26:48	3.310555,0.500499,1.663455	3.287163,0.647137,1.395499	-0.871787,-0.047900,10.528506	3.310555,0.500499,1.663455	3.16187667847
19:26:48	3.313499,0.501888,1.649034	3.282413,0.657940,1.411428	-0.646655,-0.016765,8.246052	3.313499,0.501888,1.649034	3.85337233543
19:26:48	3.322485,0.507593,1.616359	3.351793,0.655463,1.362546	-0.146096,-0.119751,9.821975	3.322485,0.507593,1.616359	3.3149561882
19:26:48	3.331503,0.514217,1.591185	3.336262,0.650586,1.305957	-0.828677,0.112566,10.521321	3.331503,0.514217,1.591185	3.33607053757
19:26:49	3.347366,0.523127,1.551344	3.320270,0.685126,1.330409	-0.014370,0.112566,10.006392	3.347366,0.523127,1.551344	3.61583590508
19:26:49	3.357609,0.524746,1.523690	3.379212,0.723397,1.506817	-0.273032,-0.150886,10.569221	3.357609,0.524746,1.523690	3.17243385315
19:26:49	3.367832,0.521175,1.492893	3.367413,0.722041,1.522392	-0.031135,-0.201182,10.947634	3.367832,0.521175,1.492893	3.17243385315
19:26:49	3.372194,0.516116,1.477632	3.363674,0.649718,1.438799	-0.843047,0.270637,11.129656	3.372194,0.516116,1.477632	3.23577737808
19:26:49	3.372941,0.514026,1.472565	3.362902,0.598251,1.453690	0.088616,0.011975,10.564431	3.372941,0.514026,1.472565	3.36246347427
19:26:49	3.369070,0.511960,1.467926	3.364588,0.599619,1.459057	0.002395,-0.292192,10.528506	3.369070,0.511960,1.467926	3.25689172745
19:26:49	3.362380,0.510289,1.467689	3.368437,0.600190,1.463710	-0.062271,-0.210762,10.382410	3.362380,0.510289,1.467689	3.36774206161
19:26:49	3.354362,0.506428,1.468177	3.373183,0.602405,1.463878	-0.332908,0.086221,10.339299	3.354362,0.506428,1.468177	3.33607053757
19:26:49	3.347919,0.500780,1.469052	3.324582,0.606199,1.461418	-0.028740,-0.208367,10.162068	3.347919,0.500780,1.469052	3.36246347427
19:26:49	3.341546,0.491550,1.470698	3.328013,0.610657,1.458550	-0.407153,-0.100591,10.322534	3.341546,0.491550,1.470698	3.39941358566
19:26:50	3.338089,0.483872,1.470752	3.330137,0.615554,1.457721	-0.229922,-0.105381,10.255474	3.338089,0.483872,1.470752	3.38885641098
19:26:50	3.335174,0.478159,1.470353	3.331952,0.566184,1.458446	-0.241897,-0.026345,10.327324	3.335174,0.478159,1.470353	3.36246347427
19:26:50	3.333340,0.476586,1.470159	3.352588,0.635102,1.462637	-0.189207,-0.138911,10.253079	3.333340,0.476586,1.470159	3.37302064896
19:26:50	3.332032,0.477270,1.469707	3.351301,0.635974,1.461942	-0.095801,-0.205972,10.133328	3.332032,0.477270,1.469707	3.37302064896
19:26:50	3.330324,0.478676,1.468355	3.335019,0.566277,1.462453	-0.246687,-0.213157,10.178833	3.330324,0.478676,1.468355	3.37302064896
19:26:50	3.328212,0.482293,1.466449	3.336176,0.564313,1.466412	-0.047900,-0.299377,10.128538	3.328212,0.482293,1.466449	3.37302064896
19:26:50	3.325470,0.485586,1.465229	3.337697,0.615670,1.470179	-0.344883,-0.261057,10.236313	3.325470,0.485586,1.465229	3.34662771225
19:26:50	3.321890,0.487318,1.463186	3.339817,0.614320,1.473766	-0.335303,-0.131726,10.286609	3.321890,0.487318,1.463186	3.34662771225
19:26:50	3.318046,0.487110,1.462370	3.342140,0.614363,1.475892	0.043110,-0.138911,10.032737	3.318046,0.487110,1.462370	3.36246347427
19:26:50	3.313519,0.486589,1.462125	3.291545,0.614740,1.476885	-0.558040,0.141306,10.322534	3.313519,0.486589,1.462125	3.35718488693
19:26:51	3.310571,0.487540,1.462532	3.293118,0.614127,1.475577	0.031135,-0.318538,10.111772	3.310571,0.487540,1.462532	3.37302064896
19:26:51	3.306668,0.489665,1.462996	3.295719,0.613132,1.474580	-0.395178,-0.062271,10.106982	3.306668,0.489665,1.462996	3.37302064896
19:26:51	3.300981,0.492793,1.463322	3.298724,0.611362,1.474080	-0.064666,-0.306563,10.118958	3.300981,0.492793,1.463322	3.36774206161
19:26:51	3.293205,0.497179,1.463401	3.303302,0.608676,1.473911	-0.067061,-0.249082,10.221943	3.293205,0.497179,1.463401	3.36774206161
19:26:51	3.284860,0.500783,1.462647	3.308170,0.606430,1.474908	-0.629890,-0.263452,10.293794	3.284860,0.500783,1.462647	3.37302064896
19:26:51	3.279718,0.504782,1.461060	3.257427,0.604660,1.470312	-0.807122,0.064666,10.435100	3.279718,0.504782,1.461060	3.36246347427
19:26:51	3.274521,0.506744,1.456021	3.261624,0.602750,1.484155	-0.699346,0.107776,8.823252	3.274521,0.506744,1.456021	3.84281516075
19:26:51	3.270663,0.508084,1.425835	3.263789,0.601934,1.436926	-0.253872,-0.213157,8.945398	3.270663,0.508084,1.425835	3.45747804642
19:26:51	3.262293,0.505901,1.382696	3.267741,0.602837,1.421459	-0.694556,-0.016765,9.410032	3.262293,0.505901,1.382696	3.45747804642
19:26:51	3.245307,0.498720,1.328196	3.224174,0.606419,1.323725	-0.435894,-0.083826,9.503438	3.245307,0.498720,1.328196	3.42580652237
19:26:52	3.219497,0.481901,1.263059	3.238786,0.615367,1.356041	-0.404758,0.019160,9.764495	3.219497,0.481901,1.263059	3.42052793503
19:26:52	3.193613,0.453188,1.191848	3.017024,0.467839,1.046315	-0.479004,-0.112566,10.027947	3.193613,0.453188,1.191848	3.40997076035
19:26:52	3.175653,0.413901,1.116364	2.991979,0.404775,0.985604	-0.368833,-0.004790,9.819580	3.175653,0.413901,1.116364	3.39413499832
19:26:52	3.167268,0.367392,1.036865	3.006924,0.320509,0.840622	-0.229922,-0.215552,10.109377	3.167268,0.367392,1.036865	3.39413499832
19:26:52	3.163726,0.316999,0.956081	3.036556,0.273920,0.679562	-0.498164,0.225132,10.324929	3.163726,0.316999,0.956081	3.39413499832
19:26:52	3.158916,0.264436,0.877479	3.082063,0.245328,0.526227	-0.567620,0.359253,10.466235	3.158916,0.264436,0.877479	3.3782992363
19:26:52	3.151091,0.211630,0.800640	3.085836,0.187661,0.441693	-0.052690,0.088616,10.487791	3.151091,0.211630,0.800640	3.36246347427
19:26:52	3.140860,0.161515,0.724608	3.163274,0.328276,0.733926	-0.637075,0.179626,10.590776	3.140860,0.161515,0.724608	3.36774206161
19:26:52	3.132143,0.118737,0.651582	3.154240,0.283726,0.660713	-0.605940,0.445474,10.722502	3.132143,0.118737,0.651582	3.3149561882
19:26:52	3.127940,0.087984,0.583334	3.149145,0.250627,0.592129	-0.126936,0.174836,10.633887	3.127940,0.087984,0.583334	3.37302064896
19:26:53	3.129130,0.069349,0.518122	3.133136,0.162736,0.792576	-0.093406,-0.136516,10.269844	3.129130,0.069349,0.518122	3.37302064896
19:26:53	3.133620,0.056603,0.451541	3.152035,0.217516,0.460437	-0.450264,0.107776,10.408755	3.133620,0.056603,0.451541	3.42580652237
