# Flight Log 
# 25 08 17 - 19:31:26
Time		X,Y,Z				goalX,goalY,goalZ		ddx,ddy,ddz			angularx,angulary,angularz	battery
19:31:26	0.000000,0.000000,0.000000	0.000000,0.000000,0.000000	0.000000,0.000000,0.000000	0.000000,0.000000,0.000000	0
19:31:26	0.000000,0.000000,0.000000	0.000000,0.000000,0.000000	0.000000,0.000000,0.000000	0.000000,0.000000,0.000000	0
19:31:26	0.687494,0.824134,0.409559	0.000000,0.000000,0.000000	-0.091011,0.102986,10.324929	0.687494,0.824134,0.409559	3.94310855865
19:31:26	0.687509,0.824165,0.409569	0.802611,0.934455,0.381867	-0.083826,0.098196,10.310559	0.687509,0.824165,0.409569	3.94310855865
19:31:26	0.687566,0.824172,0.409504	0.802644,0.934478,0.381863	-0.086221,0.102986,10.308164	0.687566,0.824172,0.409504	3.94310855865
19:31:26	0.687563,0.824146,0.409493	0.802644,0.934478,0.381863	-0.086221,0.102986,10.308164	0.687563,0.824146,0.409493	3.94310855865
19:31:27	0.687510,0.824174,0.409565	0.802616,0.934430,0.381767	-0.079036,0.107776,10.312954	0.687525,0.824174,0.409558	3.94310855865
19:31:27	0.687581,0.824171,0.409484	0.801800,0.935854,0.394564	-0.083826,0.098196,10.317744	0.687581,0.824171,0.409484	3.94310855865
19:31:27	0.687557,0.824169,0.409493	0.802631,0.934474,0.381876	-0.081431,0.098196,10.320139	0.687557,0.824169,0.409493	3.94310855865
19:31:27	0.687521,0.824163,0.409555	0.802631,0.934474,0.381876	-0.086221,0.098196,10.322534	0.687521,0.824163,0.409555	3.94310855865
19:31:27	0.687540,0.824155,0.409503	0.802594,0.934425,0.381784	-0.081431,0.098196,10.308164	0.687540,0.824155,0.409503	3.94310855865
19:31:27	0.687523,0.824173,0.409532	0.802634,0.934471,0.381869	-0.088616,0.098196,10.315349	0.687523,0.824173,0.409532	3.94310855865
19:31:27	0.687521,0.824157,0.409521	0.802639,0.934474,0.381842	-0.093406,0.100591,10.317744	0.687521,0.824157,0.409521	3.94310855865
19:31:27	0.687565,0.824170,0.409521	0.802632,0.934478,0.381822	-0.086221,0.107776,10.300979	0.687512,0.824118,0.409568	3.94310855865
19:31:27	0.687478,0.824172,0.409582	0.802632,0.934478,0.381822	-0.088616,0.095801,10.315349	0.687478,0.824172,0.409582	3.94310855865
19:31:27	0.687484,0.824178,0.409595	0.802608,0.934419,0.381740	-0.088616,0.095801,10.315349	0.687484,0.824178,0.409595	3.94310855865
19:31:28	0.687494,0.824177,0.409597	0.802607,0.934417,0.381672	-0.091011,0.105381,10.308164	0.687494,0.824177,0.409597	3.94310855865
19:31:28	0.687480,0.824143,0.409585	0.802613,0.934468,0.381840	-0.086221,0.105381,10.312954	0.687480,0.824143,0.409585	3.94310855865
19:31:28	0.687479,0.824153,0.409593	0.802610,0.934423,0.381733	-0.083826,0.107776,10.317744	0.687479,0.824153,0.409593	3.94310855865
19:31:28	0.687498,0.824180,0.409589	0.802640,0.934467,0.381886	-0.086221,0.105381,10.320139	0.687498,0.824180,0.409589	3.94310855865
19:31:28	0.687513,0.824172,0.409577	0.802616,0.934478,0.381891	-0.083826,0.105381,10.308164	0.687513,0.824172,0.409577	3.94310855865
19:31:28	0.687526,0.824152,0.409500	0.802576,0.934402,0.381698	-0.083826,0.105381,10.303374	0.687526,0.824152,0.409500	3.94310855865
19:31:28	0.687484,0.824124,0.409589	0.802612,0.934428,0.381737	-0.093406,0.100591,10.315349	0.687484,0.824124,0.409589	3.94310855865
19:31:28	0.687524,0.824154,0.409579	0.802634,0.934472,0.381870	-0.083826,0.112566,10.303374	0.687524,0.824154,0.409579	3.94310855865
19:31:28	0.687498,0.824181,0.409610	0.802615,0.934404,0.381648	-0.086221,0.174836,10.305769	0.687498,0.824181,0.409610	3.87976527214
19:31:28	0.687552,0.824181,0.409494	0.802624,0.934487,0.381801	-0.038320,0.083826,10.300979	0.687552,0.824181,0.409494	3.8744866848
19:31:29	0.687489,0.824175,0.409541	0.802628,0.934478,0.381805	-0.067061,0.119751,10.224338	0.687489,0.824175,0.409541	3.86392951012
19:31:29	0.687523,0.824176,0.409536	0.802594,0.934393,0.381598	-0.095801,0.172441,10.202783	0.687502,0.824198,0.409589	3.85865092278
19:31:29	0.687498,0.824180,0.409595	0.802615,0.934446,0.381667	-0.117356,0.095801,10.219548	0.687498,0.824180,0.409595	3.85337233543
19:31:29	0.687488,0.824162,0.409640	0.802637,0.934482,0.381853	-0.040715,0.160466,10.197993	0.687488,0.824162,0.409640	3.84809374809
19:31:29	0.687534,0.824165,0.409555	0.802583,0.934431,0.381719	-0.064666,0.244292,10.384805	0.687534,0.824165,0.409555	3.84281516075
19:31:29	0.687554,0.824186,0.409522	0.802584,0.934425,0.381692	-0.083826,0.028740,10.195598	0.687554,0.824186,0.409522	3.83225798607
19:31:29	0.687454,0.824163,0.409604	0.802572,0.934406,0.381740	-0.095801,0.107776,10.063872	0.687462,0.824178,0.409596	3.82697939873
19:31:29	0.687521,0.824109,0.409485	0.802531,0.934356,0.381675	-0.100591,0.093406,10.384805	0.687521,0.824109,0.409485	3.82170081139
19:31:29	0.687399,0.823998,0.409553	0.802559,0.934375,0.381613	-0.086221,0.064666,10.396780	0.687399,0.823998,0.409553	3.8111436367
19:31:29	0.687316,0.823884,0.409676	0.802462,0.934300,0.381606	-0.098196,0.057480,10.322534	0.687316,0.823884,0.409676	3.80586504936
19:31:30	0.685534,0.824581,0.410630	0.802376,0.934263,0.381774	-0.019160,-0.112566,10.562036	0.685542,0.824458,0.410635	3.80058646202
19:31:30	0.686626,0.823509,0.410216	0.801883,0.933442,0.380877	-0.047900,0.050295,10.442285	0.685772,0.824515,0.410590	3.79002928734
19:31:30	0.687487,0.823809,0.409537	0.802127,0.933101,0.380097	-0.064666,0.028740,10.358459	0.687487,0.823809,0.409537	3.77947211266
19:31:30	0.686393,0.824418,0.410303	0.802331,0.934332,0.382118	-0.222737,0.371228,9.750125	0.686393,0.824418,0.410303	3.77419352531
19:31:30	0.688140,0.823315,0.409827	0.802468,0.933596,0.380577	-0.016765,0.316143,10.336904	0.688140,0.823315,0.409827	3.76363635063
19:31:30	0.689256,0.823507,0.409066	0.802079,0.934675,0.381660	-0.229922,0.043110,10.023157	0.689256,0.823507,0.409066	3.75307917595
19:31:30	0.689293,0.822939,0.409913	0.802608,0.935465,0.382402	-0.019160,-0.052690,10.636282	0.689293,0.822939,0.409913	3.74780058861
19:31:30	0.690446,0.822229,0.410029	0.802263,0.935227,0.381020	-0.091011,-0.136516,10.207573	0.690446,0.822229,0.410029	3.73724341393
19:31:30	0.691829,0.822727,0.409277	0.801967,0.935955,0.380927	-0.251477,-0.107776,10.478210	0.691829,0.822727,0.409277	3.73196482658
19:31:30	0.689074,0.822914,0.410492	0.802803,0.937664,0.382216	-0.026345,-0.035925,10.219548	0.689074,0.822914,0.410492	3.7214076519
19:31:31	0.691363,0.823287,0.410423	0.802220,0.935065,0.379635	-0.088616,0.469424,10.511741	0.691363,0.823287,0.410423	3.71085047722
19:31:31	0.694205,0.822846,0.409944	0.803259,0.938963,0.380013	-0.191602,-0.141306,9.898616	0.694360,0.822680,0.409888	3.70029330254
19:31:31	0.694833,0.821598,0.409824	0.803259,0.938963,0.380013	-0.100591,0.275427,10.348879	0.694833,0.821598,0.409824	3.68973612785
19:31:31	0.695830,0.821289,0.409992	0.802866,0.938545,0.379515	-0.440684,0.198787,9.975256	0.695830,0.821289,0.409992	3.68445754051
19:31:31	0.696594,0.820952,0.410010	0.802483,0.939587,0.379912	-0.184417,0.440684,10.178833	0.696594,0.820952,0.410010	3.66862177849
19:31:31	0.698685,0.820691,0.409749	0.802273,0.940116,0.379814	-0.447869,0.826282,10.597961	0.698685,0.820691,0.409749	3.65806460381
19:31:31	0.700096,0.822030,0.410072	0.802194,0.941196,0.379685	-0.277822,-0.663420,10.317744	0.700096,0.822030,0.410072	3.64750742912
19:31:31	0.702641,0.823683,0.410007	0.803173,0.943037,0.379830	0.316143,0.294587,9.831555	0.702641,0.823683,0.410007	3.63695025444
19:31:31	0.708015,0.827857,0.410610	0.804961,0.945646,0.378023	0.009580,0.033530,10.463840	0.708015,0.827857,0.410610	3.62639307976
19:31:31	0.714681,0.834039,0.413295	0.802637,0.943794,0.376831	0.193997,0.541274,10.408755	0.714681,0.834039,0.413295	3.61583590508
19:31:32	0.724640,0.842906,0.416205	0.798588,0.940443,0.372274	0.390388,0.081431,10.665022	0.724640,0.842906,0.416205	3.60000014305
19:31:32	0.738932,0.856597,0.423220	0.792832,0.934765,0.364137	0.661025,0.282612,10.629097	0.741000,0.857942,0.423440	3.58416438103
19:31:32	0.764931,0.874066,0.432110	0.837585,0.926689,0.350355	0.294587,-0.150886,10.332114	0.764931,0.874066,0.432110	3.57360720634
19:31:32	0.803604,0.895121,0.441592	0.822476,0.969899,0.437927	0.256267,0.665815,10.478210	0.803604,0.895121,0.441592	3.55249285698
19:31:32	0.852293,0.920619,0.454123	0.853263,0.957443,0.416656	-0.165256,-0.601150,10.229128	0.852293,0.920619,0.454123	3.53665685654
19:31:32	0.893468,0.945134,0.464568	0.879565,0.996784,0.393004	0.126936,0.416733,9.920171	0.893468,0.945134,0.464568	3.52609968185
19:31:32	0.937607,0.973835,0.476620	0.906095,0.981036,0.473431	0.205972,0.476609,11.105706	0.941756,0.976123,0.477280	3.51554250717
19:31:32	0.978114,1.003299,0.491992	0.986210,1.017168,0.447153	0.158071,-0.397573,10.753638	0.981746,1.005697,0.492922	3.48914957047
19:31:32	1.016400,1.035973,0.506064	1.047101,1.088047,0.489574	0.201182,-0.390388,10.049502	1.016400,1.035973,0.506064	3.51554250717
19:31:32	1.046520,1.065696,0.518362	1.047101,1.088047,0.489574	-0.100591,0.093406,11.067385	1.046520,1.065696,0.518362	3.52609968185
19:31:33	1.072890,1.094875,0.533944	1.118700,1.159322,0.430594	-0.083826,-0.122146,10.447075	1.072890,1.094875,0.533944	3.52082109451
19:31:33	1.094137,1.123702,0.543948	1.118700,1.159322,0.430594	-0.110171,0.217947,9.781260	1.094137,1.123702,0.543948	3.52082109451
19:31:33	1.108261,1.147636,0.549147	1.201710,1.231419,0.605209	-0.186812,0.584385,10.954819	1.108261,1.147636,0.549147	3.51026391983
19:31:33	1.121273,1.177761,0.560182	1.193903,1.213343,0.580933	-0.318538,0.172441,9.932146	1.121273,1.177761,0.560182	3.51554250717
19:31:33	1.130511,1.211584,0.568529	1.241693,1.246383,0.562568	0.567620,0.433499,10.243499	1.132427,1.217808,0.568690	3.49970674515
19:31:33	1.140205,1.253111,0.572025	1.241693,1.246383,0.562568	0.404758,-0.038320,10.289004	1.140205,1.253111,0.572025	3.50498533249
19:31:33	1.152110,1.294626,0.576786	1.230390,1.306998,0.544970	-0.114961,0.170046,10.583591	1.152110,1.294626,0.576786	3.51554250717
19:31:33	1.166803,1.332134,0.582090	1.221649,1.391132,0.640980	0.086221,0.706531,10.473420	1.166803,1.332134,0.582090	3.50498533249
19:31:33	1.185113,1.369455,0.588973	1.221649,1.391132,0.640980	0.083826,0.038320,11.258987	1.185113,1.369455,0.588973	3.50498533249
19:31:33	1.205546,1.404895,0.604426	1.264181,1.421982,0.628531	-0.007185,-0.167651,10.717712	1.205546,1.404895,0.604426	3.51554250717
19:31:34	1.224655,1.436109,0.617948	1.252115,1.453881,0.596363	-0.361648,0.059875,10.226733	1.224655,1.436109,0.617948	3.51554250717
19:31:34	1.245356,1.468618,0.627488	1.292906,1.486671,0.562757	-0.100591,0.043110,9.623188	1.245356,1.468618,0.627488	3.50498533249
19:31:34	1.263067,1.498744,0.637745	1.334071,1.520469,0.645961	0.337698,0.517324,10.894944	1.264351,1.501285,0.639265	3.51026391983
19:31:34	1.278135,1.527054,0.655148	1.366453,1.590434,0.585340	0.004790,-0.205972,10.806328	1.278135,1.527054,0.655148	3.51026391983
19:31:34	1.296232,1.565552,0.671339	1.366453,1.590434,0.585340	0.114961,-0.462239,9.651929	1.296232,1.565552,0.671339	3.50498533249
19:31:34	1.307716,1.596702,0.679792	1.357257,1.624117,0.658801	1.068179,1.774709,10.439890	1.307716,1.596702,0.679792	3.50498533249
19:31:34	1.319087,1.630997,0.690871	1.402647,1.657024,0.639937	0.378413,0.193997,9.970466	1.319087,1.630997,0.690871	3.50498533249
19:31:34	1.331089,1.664519,0.699860	1.395710,1.689793,0.615501	-0.112566,0.332908,10.305769	1.331089,1.664519,0.699860	3.50498533249
19:31:34	1.345703,1.699458,0.707215	1.442077,1.722873,0.701275	-0.366438,0.016765,11.237432	1.345703,1.699458,0.707215	3.48914957047
19:31:34	1.361309,1.730703,0.718591	1.434078,1.756820,0.687558	-0.143701,0.138911,10.025552	1.361309,1.730703,0.718591	3.49970674515
19:31:35	1.379149,1.761168,0.727857	1.424871,1.791362,0.663217	0.263452,-0.191602,9.766890	1.379149,1.761168,0.727857	3.49970674515
19:31:35	1.397876,1.791240,0.735581	1.467639,1.826333,0.748008	0.110171,0.328118,10.827883	1.397876,1.791240,0.735581	3.49442815781
19:31:35	1.414612,1.818852,0.747061	1.456495,1.861575,0.732602	0.469424,0.102986,9.790840	1.414612,1.818852,0.747061	3.568328619
19:31:35	1.432417,1.853710,0.753153	1.498807,1.896855,0.705170	0.330513,-0.205972,9.786050	1.432417,1.853710,0.753153	3.568328619
19:31:35	1.445604,1.890561,0.750450	1.488741,1.877829,0.690071	0.098196,0.229922,10.059082	1.445604,1.890561,0.750450	3.48387098312
19:31:35	1.456141,1.929583,0.750262	1.533813,1.909500,0.800547	0.016765,-0.696951,11.484119	1.456141,1.929583,0.750262	3.48914957047
19:31:35	1.468165,1.966806,0.762365	1.527351,1.939477,0.805205	-0.380808,-0.282612,10.859019	1.468165,1.966806,0.762365	3.49442815781
19:31:35	1.483922,2.001175,0.773928	1.573826,1.916849,0.674609	-0.165256,-0.122146,9.211245	1.483922,2.001175,0.773928	3.50498533249
19:31:35	1.499507,2.025286,0.776751	1.553629,1.984828,0.744481	0.052690,0.172441,11.297307	1.499507,2.025286,0.776751	3.48914957047
19:31:35	1.523328,2.048612,0.790464	1.594719,2.132420,0.718709	0.335303,0.840652,10.387200	1.523328,2.048612,0.790464	3.48914957047
19:31:36	1.543619,2.060903,0.798363	1.594719,2.132420,0.718709	1.264570,0.447869,9.340576	1.543619,2.060903,0.798363	3.48914957047
19:31:36	1.562045,2.069827,0.796438	1.624414,2.172355,0.806468	0.165256,0.215552,9.747729	1.562045,2.069827,0.796438	3.48914957047
19:31:36	1.575369,2.081346,0.792170	1.624414,2.172355,0.806468	0.510139,2.047742,10.324929	1.575369,2.081346,0.792170	3.48914957047
19:31:36	1.582507,2.098462,0.790444	1.669124,2.165984,0.816384	0.002395,0.337698,10.770403	1.581984,2.096548,0.790444	3.47331380844
19:31:36	1.587637,2.127539,0.791883	1.664143,2.155405,0.821024	-0.184417,-0.421523,10.789563	1.587637,2.127539,0.791883	3.47331380844
19:31:36	1.592896,2.158913,0.795589	1.661161,2.139850,0.819049	0.000000,1.032253,10.293794	1.592896,2.158913,0.795589	3.47859239578
19:31:36	1.598416,2.190937,0.799351	1.711539,2.121176,0.810909	0.043110,-0.055085,10.420730	1.598416,2.190937,0.799351	3.47331380844
19:31:36	1.606618,2.221352,0.801924	1.703730,2.190133,0.796429	0.261057,0.639470,10.255474	1.606618,2.221352,0.801924	3.4680352211
19:31:36	1.619676,2.251351,0.802939	1.703730,2.190133,0.796429	0.775986,1.640588,9.917776	1.619676,2.251351,0.802939	3.47331380844
19:31:36	1.636812,2.281282,0.801538	1.696349,2.172182,0.793532	0.359253,0.804727,10.025552	1.636812,2.281282,0.801538	3.47331380844
19:31:37	1.656215,2.308491,0.800007	1.739775,2.314170,0.795913	0.098196,0.596360,9.982441	1.656215,2.308491,0.800007	3.4680352211
19:31:37	1.675434,2.330346,0.799702	1.728196,2.350791,0.800135	-0.325723,0.308958,10.332114	1.675434,2.330346,0.799702	3.4680352211
19:31:37	1.695601,2.354567,0.799730	1.769067,2.389627,0.800789	-0.402363,0.591570,10.169253	1.695601,2.354567,0.799730	3.4680352211
19:31:37	1.714770,2.384910,0.799720	1.756885,2.428541,0.800745	0.019160,0.809517,10.494976	1.714770,2.384910,0.799720	3.46275663376
19:31:37	1.728914,2.419300,0.795539	1.847849,2.511825,0.727716	0.205972,-0.023950,9.489067	1.728914,2.419300,0.795539	3.50498533249
19:31:37	1.738153,2.452524,0.785565	1.837108,2.475152,0.725089	0.273032,-0.201182,10.320139	1.738153,2.452524,0.785565	3.46275663376
19:31:37	1.749550,2.504435,0.773944	1.831257,2.501961,0.746817	0.615520,0.754431,10.336904	1.749550,2.504435,0.773944	3.45747804642
19:31:37	1.760482,2.550957,0.766345	1.907121,2.483817,0.765853	0.062271,0.131726,10.959609	1.760482,2.550957,0.766345	3.46275663376
19:31:37	1.772993,2.596648,0.763786	1.870915,2.606496,0.879186	0.371228,0.282612,10.823093	1.772993,2.596648,0.763786	3.4680352211
19:31:37	1.789031,2.640003,0.767843	1.861719,2.686895,0.980401	0.074246,0.071851,10.823093	1.789031,2.640003,0.767843	3.46275663376
19:31:38	1.809068,2.679953,0.780696	1.903317,2.662570,0.848630	0.296982,0.000000,10.894944	1.809068,2.679953,0.780696	3.4680352211
19:31:38	1.830269,2.717328,0.798508	1.890644,2.639893,0.702939	0.349673,0.462239,10.360854	1.830269,2.717328,0.798508	3.47859239578
19:31:38	1.851439,2.751048,0.808674	1.931253,2.672534,0.781811	0.028740,0.011975,9.187295	1.851439,2.751048,0.808674	3.45747804642
19:31:38	1.872329,2.778298,0.809661	1.918610,2.708714,0.779568	-0.421523,0.285007,10.003997	1.872329,2.778298,0.809661	3.45747804642
19:31:38	1.891557,2.797823,0.811109	1.918610,2.708714,0.779568	0.050295,0.035925,10.025552	1.891557,2.797823,0.811109	3.45747804642
19:31:38	1.907072,2.811590,0.810391	2.003850,2.794181,0.776802	0.282612,-0.071851,10.221943	1.907072,2.811590,0.810391	3.45747804642
19:31:38	1.918088,2.821965,0.807856	1.996698,2.787828,0.781421	0.220342,0.344883,10.547666	1.918088,2.821965,0.807856	3.45219945908
19:31:38	1.925998,2.832450,0.804067	1.991801,2.835011,0.789525	0.000000,0.479004,10.291399	1.925998,2.832450,0.804067	3.45747804642
19:31:38	1.931862,2.845983,0.800008	2.041377,2.827282,0.798785	0.433499,0.620310,10.188413	1.931862,2.845983,0.800008	3.45219945908
19:31:38	1.937842,2.863183,0.796828	2.041377,2.827282,0.798785	0.189207,-0.148491,10.327324	1.937842,2.863183,0.796828	3.45219945908
19:31:39	1.946135,2.885088,0.794129	2.093472,2.827825,0.803755	-0.352068,0.613125,9.678274	1.946135,2.885088,0.794129	3.45219945908
19:31:39	1.959996,2.910227,0.791794	2.033400,2.857919,0.812179	0.404758,0.502954,10.138118	1.959996,2.910227,0.791794	3.44692087173
19:31:39	1.980939,2.936094,0.789581	2.025602,2.843194,0.816983	0.296982,-0.160466,10.760823	1.980939,2.936094,0.789581	3.44692087173
19:31:39	2.005016,2.959810,0.788712	2.067030,2.880801,0.821984	-0.033530,0.411943,10.360854	2.005016,2.959810,0.788712	3.44692087173
19:31:39	2.029525,2.979759,0.788709	2.091337,2.960781,0.824819	0.141306,0.778381,10.241104	2.029525,2.979759,0.788709	3.44692087173
19:31:39	2.052216,2.998150,0.787675	2.130852,2.949648,0.826475	0.941243,1.506467,10.332114	2.052216,2.998150,0.787675	3.44164228439
19:31:39	2.068563,3.013239,0.786017	2.130852,2.949648,0.826475	0.740061,0.989143,10.408755	2.071736,3.016289,0.785710	3.44164228439
19:31:39	2.089615,3.034241,0.783851	2.161403,2.981160,0.835107	-0.122146,0.416733,10.868599	2.089615,3.034241,0.783851	3.44164228439
19:31:39	2.106003,3.052147,0.782554	2.204620,2.970520,0.837755	-0.397573,0.155676,10.760823	2.106003,3.052147,0.782554	3.44164228439
19:31:39	2.120999,3.069213,0.781154	2.187032,2.924442,0.834605	-0.174836,-0.026345,10.791958	2.120999,3.069213,0.781154	3.43108510971
19:31:40	2.136899,3.084168,0.780591	2.232707,2.959355,0.838446	-0.095801,-0.191602,10.356064	2.136899,3.084168,0.780591	3.43636369705
19:31:40	2.155008,3.095251,0.780905	2.223754,2.953832,0.838199	-0.126936,0.895737,10.497371	2.155008,3.095251,0.780905	3.43636369705
19:31:40	2.174278,3.101772,0.781865	2.270695,2.992728,0.840068	0.162861,-0.208367,10.387200	2.174278,3.101772,0.781865	3.43636369705
19:31:40	2.190974,3.104060,0.781911	2.286413,2.983789,0.871939	0.613125,-0.950823,10.449470	2.194365,3.104012,0.782041	3.43108510971
19:31:40	2.214451,3.101919,0.785345	2.300113,2.991817,0.834511	0.205972,-0.170046,10.851833	2.214451,3.101919,0.785345	3.43636369705
19:31:40	2.234974,3.097848,0.789742	2.287739,2.994185,0.823021	-0.038320,0.581990,9.848320	2.234974,3.097848,0.789742	3.43636369705
19:31:40	2.256814,3.093674,0.788363	2.328051,2.996791,0.824553	0.313748,0.354463,9.903406	2.256814,3.093674,0.788363	3.43108510971
19:31:40	2.276383,3.089914,0.784190	2.369316,2.999059,0.939831	0.730481,0.728086,10.324929	2.276383,3.089914,0.784190	3.43108510971
19:31:40	2.292872,3.087892,0.782918	2.404733,3.006057,0.934630	0.196392,0.622705,11.278147	2.292872,3.087892,0.782918	3.42052793503
19:31:40	2.308806,3.088745,0.787059	2.402978,3.000326,0.936925	0.277822,-0.119751,10.715317	2.308806,3.088745,0.787059	3.42580652237
19:31:41	2.325198,3.092922,0.792338	2.425242,2.975812,0.869149	0.593965,-0.155676,10.193203	2.325198,3.092922,0.792338	3.42052793503
19:31:41	2.342292,3.099667,0.798419	2.436366,2.994272,0.912343	0.007185,0.086221,10.015972	2.342292,3.099667,0.798419	3.43108510971
19:31:41	2.360030,3.108150,0.807676	2.425848,2.989346,0.894387	0.261057,0.366438,10.746453	2.360030,3.108150,0.807676	3.43636369705
19:31:41	2.378526,3.118513,0.818268	2.465519,2.987078,0.868291	0.258662,0.198787,10.142908	2.378526,3.118513,0.818268	3.43108510971
19:31:41	2.396823,3.129380,0.823487	2.465519,2.987078,0.868291	0.081431,0.287402,9.524993	2.396823,3.129380,0.823487	3.42052793503
19:31:41	2.415409,3.138184,0.824251	2.515543,3.020100,0.896519	-0.311353,0.376018,9.462722	2.415409,3.138184,0.824251	3.41524934769
19:31:41	2.435481,3.145528,0.824897	2.487526,3.019963,0.852716	0.062271,0.605940,11.086545	2.435481,3.145528,0.824897	3.42580652237
19:31:41	2.457434,3.151029,0.826434	2.527809,3.016440,0.848276	0.069456,0.752036,10.528506	2.457434,3.151029,0.826434	3.41524934769
19:31:41	2.480145,3.152177,0.824475	2.567516,3.175218,1.065103	0.404758,0.476609,10.478210	2.480145,3.152177,0.824475	3.41524934769
19:31:41	2.502730,3.149111,0.824570	2.553893,3.176777,1.067248	0.205972,0.074246,10.971584	2.502730,3.149111,0.824570	3.39941358566
19:31:42	2.525223,3.144650,0.830840	2.553893,3.176777,1.067248	-0.282612,0.043110,10.466235	2.525223,3.144650,0.830840	3.40997076035
19:31:42	2.545527,3.142322,0.839218	2.634652,3.127828,1.036600	0.311353,-0.404758,10.437495	2.545527,3.142322,0.839218	3.45219945908
19:31:42	2.564275,3.143301,0.845692	2.634652,3.127828,1.036600	0.117356,0.378413,9.817185	2.564275,3.143301,0.845692	3.39941358566
19:31:42	2.584013,3.147970,0.849906	2.664908,3.125143,1.011487	-0.016765,0.349673,9.623188	2.584013,3.147970,0.849906	3.39941358566
19:31:42	2.603333,3.155661,0.853092	2.664908,3.125143,1.011487	0.270637,-0.081431,10.047107	2.603333,3.155661,0.853092	3.39941358566
19:31:42	2.619031,3.163628,0.855838	2.695248,3.115157,1.103822	0.081431,-0.100591,10.624307	2.619031,3.163628,0.855838	3.404692173
19:31:42	2.639601,3.175948,0.862570	2.733581,3.111650,1.082942	0.301772,-0.193997,10.962004	2.639601,3.175948,0.862570	3.404692173
19:31:42	2.654759,3.186685,0.874270	2.766214,3.112411,1.043846	0.217947,0.035925,10.459050	2.654759,3.186685,0.874270	3.39413499832
19:31:42	2.670828,3.197102,0.884685	2.766214,3.112411,1.043846	0.184417,0.227527,9.956096	2.670828,3.197102,0.884685	3.39413499832
19:31:42	2.688741,3.205697,0.893883	2.782583,3.115903,1.074906	0.294587,-0.117356,10.418335	2.688741,3.205697,0.893883	3.39941358566
19:31:43	2.708430,3.211723,0.906838	2.782583,3.115903,1.074906	0.752036,1.384321,10.969189	2.708430,3.211723,0.906838	3.39941358566
19:31:43	2.729642,3.216512,0.929813	2.803609,3.140144,1.104093	0.253872,0.562830,11.225457	2.729642,3.216512,0.929813	3.33079195023
19:31:43	2.751679,3.224092,0.957900	2.821632,3.096210,1.084412	0.198787,0.320933,9.774075	2.751679,3.224092,0.957900	3.45747804642
19:31:43	2.769970,3.232323,0.975852	2.818018,3.233939,1.159791	-0.407153,0.205972,10.241104	2.769970,3.232323,0.975852	3.39413499832
19:31:43	2.792629,3.242816,1.001963	2.818018,3.233939,1.159791	0.158071,-0.059875,10.825488	2.792629,3.242816,1.001963	3.404692173
19:31:43	2.806283,3.249465,1.022187	2.859520,3.228453,1.111592	-0.172441,0.083826,10.078242	2.806283,3.249465,1.022187	3.58416438103
19:31:43	2.821173,3.260066,1.044805	2.895097,3.218272,1.229055	0.098196,0.546064,10.224338	2.821173,3.260066,1.044805	3.38885641098
19:31:43	2.829988,3.268463,1.064555	2.942007,3.265589,1.177979	0.270637,-0.328118,11.579919	2.831761,3.270132,1.069166	3.38885641098
19:31:43	2.841315,3.280625,1.097258	2.942007,3.265589,1.177979	0.440684,0.294587,10.485396	2.841315,3.280625,1.097258	3.404692173
19:31:43	2.850218,3.289899,1.127032	2.936108,3.259340,1.223134	0.354463,0.074246,10.430310	2.850218,3.289899,1.127032	3.39413499832
19:31:44	2.859358,3.299404,1.159325	2.930731,3.253643,1.265174	0.579595,0.222737,10.483000	2.859358,3.299404,1.159325	3.26217031479
19:31:44	2.869282,3.309340,1.196884	2.925338,3.301219,1.302263	0.102986,-0.244292,10.863809	2.869282,3.309340,1.196884	3.18826961517
19:31:44	2.879786,3.320724,1.236847	2.972761,3.295328,1.328477	0.541274,0.663420,10.241104	2.879786,3.320724,1.236847	3.42580652237
19:31:44	2.890708,3.334671,1.267835	2.966527,3.288881,1.239418	-0.059875,0.593965,8.262817	2.890708,3.334671,1.267835	3.67917895317
19:31:44	2.903190,3.350579,1.274608	2.960026,3.334008,1.164779	1.185535,0.979563,8.531060	2.903190,3.350579,1.274608	3.62639307976
19:31:44	2.917479,3.366587,1.268973	3.006080,3.324599,1.248442	0.256267,-0.126936,10.425520	2.917479,3.366587,1.268973	3.18299102783
19:31:44	2.934192,3.383571,1.267896	2.997692,3.315032,1.260216	1.051414,1.563948,10.447075	2.934192,3.383571,1.267896	3.33079195023
19:31:44	2.954066,3.400633,1.272077	2.987961,3.358151,1.264240	0.821492,-0.057480,10.859019	2.954066,3.400633,1.272077	3.36246347427
19:31:44	2.975256,3.416138,1.279367	3.029659,3.348014,1.257084	0.177231,0.105381,10.372830	2.975256,3.416138,1.279367	3.41524934769
19:31:44	2.997231,3.432173,1.285047	3.070281,3.391892,1.241347	-0.138911,0.409548,9.865085	2.997231,3.432173,1.285047	3.41524934769
19:31:45	3.020607,3.448316,1.288373	3.057280,3.382350,1.227633	0.354463,-0.507744,10.449470	3.020607,3.448316,1.288373	3.45219945908
19:31:45	3.044250,3.463225,1.290990	3.096663,3.372630,1.326190	0.016765,-0.205972,10.808723	3.044250,3.463225,1.290990	3.45219945908
19:31:45	3.067388,3.474605,1.299236	3.135775,3.363467,1.321580	-0.174836,0.067061,10.868599	3.067388,3.474605,1.299236	3.39941358566
19:31:45	3.090104,3.481820,1.307410	3.121898,3.356246,1.304876	0.035925,0.387993,10.562036	3.090104,3.481820,1.307410	3.46275663376
19:31:45	3.118739,3.485163,1.314390	3.160534,3.351321,1.285268	1.439407,0.622705,10.104587	3.118739,3.485163,1.314390	3.46275663376
19:31:45	3.144708,3.481336,1.321717	3.196442,3.351542,1.375770	0.263452,-0.098196,10.832673	3.144708,3.481336,1.321717	3.37302064896
19:31:45	3.170646,3.470882,1.333058	3.182411,3.403973,1.256167	0.114961,0.184417,10.164463	3.170646,3.470882,1.333058	3.38357782364
19:31:45	3.195635,3.455908,1.346212	3.220251,3.409563,1.338192	0.153281,0.838257,10.724897	3.195635,3.455908,1.346212	3.18299102783
19:31:45	3.217901,3.438769,1.361685	3.244692,3.375117,1.382480	0.114961,-0.193997,10.068662	3.217901,3.438769,1.361685	3.49442815781
19:31:45	3.237601,3.422712,1.374966	3.244692,3.375117,1.382480	0.220342,0.716111,10.679392	3.237601,3.422712,1.374966	3.36246347427
19:31:46	3.253026,3.410642,1.389786	3.329507,3.392526,1.320108	0.232317,-0.373623,10.109377	3.253026,3.410642,1.389786	3.51554250717
19:31:46	3.263402,3.402997,1.397258	3.376205,3.344390,1.407604	0.383203,-0.273032,9.958491	3.263402,3.402997,1.397258	3.37302064896
19:31:46	3.271743,3.401512,1.402354	3.424891,3.359990,1.398423	0.232317,0.421523,10.803933	3.271743,3.401512,1.402354	3.37302064896
19:31:46	3.282173,3.406254,1.410398	3.365288,3.343606,1.380520	0.368833,0.332908,10.322534	3.282173,3.406254,1.410398	3.3782992363
19:31:46	3.298860,3.415659,1.418476	3.365288,3.343606,1.380520	0.191602,0.225132,10.497371	3.298860,3.415659,1.418476	3.3782992363
19:31:46	3.322981,3.426784,1.426453	3.356036,3.338393,1.362198	0.057480,0.016765,10.176438	3.322981,3.426784,1.426453	3.3782992363
19:31:46	3.351902,3.436437,1.434483	3.395552,3.331772,1.451120	-0.162861,1.250200,10.550061	3.351902,3.436437,1.434483	3.2041053772
19:31:46	3.383357,3.441896,1.445471	3.431867,3.325658,1.434293	-0.196392,0.649050,10.732083	3.383357,3.441896,1.445471	3.42052793503
19:31:46	3.416065,3.441182,1.453798	3.413222,3.321954,1.410619	0.390388,0.572410,10.157278	3.416065,3.441182,1.453798	3.47859239578
19:31:46	3.444747,3.434752,1.457392	3.446968,3.321691,1.390399	-0.292192,0.311353,9.501042	3.444747,3.434752,1.457392	3.45747804642
19:31:47	3.473341,3.419328,1.460398	3.518431,3.333374,1.483094	-0.167651,0.706531,11.536809	3.473341,3.419328,1.460398	3.16715526581
19:31:47	3.495792,3.400472,1.472076	3.518431,3.333374,1.483094	0.285007,-0.064666,10.878179	3.495792,3.400472,1.472076	3.3782992363
19:31:47	3.516716,3.381160,1.480190	3.558048,3.344536,1.352700	0.253872,0.086221,9.460327	3.516716,3.381160,1.480190	3.70029330254
19:31:47	3.533887,3.363812,1.475002	3.598639,3.302726,1.330543	0.311353,0.615520,9.879456	3.533887,3.363812,1.475002	3.37302064896
19:31:47	3.544964,3.350763,1.465386	3.587823,3.313422,1.338872	0.158071,0.414338,10.092612	3.544964,3.350763,1.465386	3.36774206161
19:31:47	3.551065,3.343328,1.456235	3.697164,3.288442,1.396709	0.208367,0.443079,10.890154	3.551065,3.343328,1.456235	3.30967760086
19:31:47	3.556797,3.341533,1.453836	3.697164,3.288442,1.396709	0.431104,0.823887,10.832673	3.556797,3.341533,1.453836	3.33607053757
19:31:47	3.568333,3.344308,1.456898	3.679975,3.275118,1.388937	0.045505,-0.011975,9.824370	3.568333,3.344308,1.456898	3.38357782364
19:31:47	3.587575,3.348926,1.459715	3.673820,3.273880,1.382311	0.277822,0.845442,10.363250	3.587575,3.348926,1.459715	3.37302064896
19:31:47	3.613186,3.352523,1.461074	3.663032,3.271083,1.376107	0.062271,0.014370,9.833950	3.613186,3.352523,1.461074	3.39941358566
19:31:48	3.642370,3.352464,1.458920	3.701505,3.268750,1.372096	-0.071851,0.330513,10.025552	3.642370,3.352464,1.458920	3.3782992363
19:31:48	3.672296,3.347351,1.452216	3.684241,3.268317,1.269431	0.213157,0.361648,9.886641	3.672296,3.347351,1.452216	3.46275663376
19:31:48	3.701078,3.337107,1.437906	3.756580,3.237833,1.307479	1.334026,0.766406,9.891431	3.701078,3.337107,1.437906	3.18826961517
19:31:48	3.725285,3.322645,1.425829	3.755455,3.223152,1.311798	0.495769,0.728086,10.459050	3.725285,3.322645,1.425829	3.36246347427
19:31:48	3.742154,3.306265,1.416024	3.740366,3.231486,1.338910	-0.160466,0.641865,10.873389	3.742154,3.306265,1.416024	3.35718488693
19:31:48	3.753772,3.284418,1.409742	3.728827,3.241949,1.363331	0.184417,-0.287402,10.734478	3.753772,3.284418,1.409742	3.23049879074
19:31:48	3.754333,3.266013,1.408787	3.721695,3.254022,1.377527	0.045505,0.510139,10.542876	3.754333,3.266013,1.408787	3.3149561882
19:31:48	3.745361,3.253440,1.409354	3.720359,3.265443,1.380809	-0.004790,-0.261057,10.202783	3.745361,3.253440,1.409354	3.36246347427
19:31:48	3.732725,3.249302,1.407817	3.590963,3.237232,1.352290	2.378254,4.629573,9.788445	3.732725,3.249302,1.407817	3.3782992363
19:31:48	3.709242,3.253708,1.399894	3.576270,3.231832,1.350663	0.833467,1.084944,10.653047	3.709242,3.253708,1.399894	3.36774206161
19:31:49	3.684536,3.265062,1.393288	3.745522,3.275223,1.397182	0.373623,0.038320,10.818303	3.684536,3.265062,1.393288	3.26217031479
19:31:49	3.661104,3.282243,1.393701	3.760057,3.268976,1.413287	0.476609,0.735271,10.741663	3.661104,3.282243,1.393701	3.35190629959
19:31:49	3.648426,3.305158,1.396773	3.774612,3.259308,1.414531	1.276545,1.872905,10.506951	3.648426,3.305158,1.396773	3.35190629959
19:31:49	3.651786,3.331920,1.398827	3.730289,3.246083,1.408316	0.117356,0.502954,10.461445	3.651786,3.331920,1.398827	3.41524934769
19:31:49	3.670399,3.358809,1.397726	3.779412,3.233089,1.402643	0.179626,0.153281,9.908196	3.670399,3.358809,1.397726	3.41524934769
19:31:49	3.701419,3.382364,1.392216	3.510942,3.329074,1.340961	1.113684,0.555645,9.592053	3.701419,3.382364,1.392216	3.568328619
19:31:49	3.740318,3.399574,1.380537	3.733206,3.295012,1.333442	0.138911,0.167651,10.588381	3.740318,3.399574,1.380537	3.17243385315
19:31:49	3.780935,3.409679,1.372627	3.733206,3.295012,1.333442	0.282612,-0.210762,9.673484	3.780935,3.409679,1.372627	3.39413499832
19:31:49	3.818346,3.413398,1.361696	3.730525,3.256948,1.429060	0.210762,0.203577,10.947634	3.818346,3.413398,1.361696	3.19882678986
19:31:49	3.847966,3.408222,1.355855	3.739146,3.285358,1.374478	0.349673,-0.330513,10.241104	3.847966,3.408222,1.355855	3.54193544388
19:31:50	3.866139,3.395465,1.349082	3.730596,3.297531,1.385337	0.471819,0.340093,10.231523	3.866139,3.395465,1.349082	3.2885632515
19:31:50	3.870121,3.379457,1.344749	3.761610,3.294653,1.403165	0.055085,0.859812,10.612332	3.870121,3.379457,1.344749	3.27800607681
19:31:50	3.861265,3.359299,1.345164	3.776839,3.273311,1.491338	0.098196,0.083826,10.930869	3.861265,3.359299,1.345164	3.25161314011
19:31:50	3.846583,3.343558,1.351473	3.711873,3.250885,1.481052	0.045505,0.182021,10.657837	3.846583,3.343558,1.351473	3.3782992363
19:31:50	3.827729,3.332685,1.358068	3.716946,3.218960,1.518613	0.289797,0.577200,10.504556	3.827729,3.332685,1.358068	3.34134912491
19:31:50	3.805099,3.326739,1.364844	3.707221,3.204499,1.533916	0.179626,0.028740,9.805210	3.805099,3.326739,1.364844	3.25689172745
19:31:50	3.781814,3.323990,1.373765	3.707221,3.204499,1.533916	0.256267,0.244292,10.380015	3.781814,3.323990,1.373765	3.33607053757
19:31:50	3.760256,3.322582,1.383315	3.707221,3.204499,1.533916	0.409548,0.699346,10.159673	3.760256,3.322582,1.383315	3.34134912491
19:31:50	3.742434,3.322560,1.392349	3.707221,3.204499,1.533916	0.546064,-0.311353,10.418335	3.742434,3.322560,1.392349	3.34134912491
19:31:50	3.730524,3.323178,1.401002	3.707221,3.204499,1.533916	0.356858,-0.107776,10.312954	3.730524,3.323178,1.401002	3.33607053757
19:31:51	3.725683,3.323735,1.409904	3.707221,3.204499,1.533916	0.502954,-0.136516,10.655442	3.725683,3.323735,1.409904	3.34134912491
19:31:51	3.727690,3.323601,1.418558	3.707221,3.204499,1.533916	0.043110,0.407153,10.394385	3.727690,3.323601,1.418558	3.33607053757
19:31:51	3.735005,3.321844,1.427680	3.707221,3.204499,1.533916	1.925596,0.431104,10.406360	3.735005,3.321844,1.427680	3.33607053757
19:31:51	3.745063,3.318395,1.431070	3.707221,3.204499,1.533916	0.261057,0.368833,7.812554	3.745063,3.318395,1.431070	3.33607053757
19:31:51	3.755488,3.313459,1.404767	3.707221,3.204499,1.533916	1.041833,0.852627,8.698711	3.755488,3.313459,1.404767	3.38357782364
19:31:51	3.762604,3.307223,1.360296	3.707221,3.204499,1.533916	-0.050295,0.131726,9.455537	3.762604,3.307223,1.360296	3.36774206161
19:31:51	3.760904,3.301359,1.306661	3.769759,3.299004,1.381540	0.091011,0.007185,9.544153	3.760904,3.301359,1.306661	3.37302064896
19:31:51	3.747386,3.300559,1.245802	3.769759,3.299004,1.381540	1.851350,0.811912,10.027947	3.747386,3.300559,1.245802	3.3782992363
19:31:51	3.725781,3.312942,1.178624	3.776437,3.299953,1.502549	2.847678,-0.376018,9.932146	3.725781,3.312942,1.178624	3.35190629959
19:31:51	3.703370,3.345768,1.104347	3.732398,3.277508,1.503743	0.411943,-0.292192,9.977651	3.703370,3.345768,1.104347	3.33079195023
19:31:52	3.685648,3.397522,1.024120	3.733902,3.299165,1.422504	0.134121,0.241897,10.130933	3.685648,3.397522,1.024120	3.35718488693
19:31:52	3.677011,3.460663,0.941979	3.699190,3.337046,1.340248	0.186812,0.057480,10.219548	3.677011,3.460663,0.941979	3.32023477554
19:31:52	3.679349,3.525084,0.862243	3.669716,3.405463,1.108534	0.189207,-0.035925,10.681787	3.679349,3.525084,0.862243	3.34662771225
19:31:52	3.689399,3.581784,0.787920	3.669716,3.405463,1.108534	0.191602,-0.253872,10.684182	3.689399,3.581784,0.787920	3.35718488693
19:31:52	3.700866,3.625947,0.717506	3.699878,3.514636,0.970546	0.093406,-0.110171,10.442285	3.700866,3.625947,0.717506	3.35190629959
19:31:52	3.710940,3.655397,0.646955	3.700284,3.569251,0.932623	0.335303,0.040715,10.130933	3.710940,3.655397,0.646955	3.34134912491
19:31:52	3.720149,3.668253,0.577606	3.700284,3.569251,0.932623	0.373623,0.938848,10.746453	3.720149,3.668253,0.577606	3.36246347427
19:31:52	3.728755,3.666465,0.509786	3.700033,3.600118,0.877132	-0.134121,0.167651,10.545271	3.728755,3.666465,0.509786	3.34662771225
19:31:52	3.736110,3.656894,0.442755	3.733311,3.600258,0.811174	0.471819,-0.050295,10.087822	3.736110,3.656894,0.442755	3.30967760086
19:31:52	3.742599,3.644738,0.367824	3.733308,3.599093,0.750697	-0.045505,0.059875,7.103628	3.742599,3.644738,0.367824	3.70029330254
19:31:53	3.749230,3.632269,0.244057	3.733191,3.599141,0.688704	0.138911,0.299377,6.258186	3.749230,3.632269,0.244057	3.21466302872
19:31:53	3.756556,3.620321,0.054805	3.736858,3.582806,0.570399	0.038320,0.141306,3.846401	3.756556,3.620321,0.054805	3.73724341393
19:31:53	3.768182,3.601474,-0.055321	3.741169,3.586457,0.402716	1.307681,3.630850,6.342012	3.768182,3.601474,-0.055321	3.74252200127
19:31:53	3.780939,3.583940,-0.045261	3.766038,3.624409,0.247510	0.059875,0.364043,2.217788	3.780939,3.583940,-0.045261	3.74252200127
19:31:53	3.777663,3.571244,-0.068305	3.775794,3.549651,0.267135	-1.044229,8.799302,1.896855	3.777663,3.571244,-0.068305	3.74252200127
19:31:53	3.774208,3.585593,-0.082062	3.773005,3.535904,0.248893	-1.044229,8.799302,1.896855	3.774208,3.585593,-0.082062	3.74252200127
19:31:53	3.773118,3.589077,-0.088147	3.770866,3.550768,0.233078	-1.044229,8.799302,1.896855	3.773118,3.589077,-0.088147	3.74252200127
19:31:53	3.773361,3.589132,-0.087700	3.769196,3.555287,0.226029	-1.044229,8.799302,1.896855	3.773361,3.589132,-0.087700	3.74252200127
19:31:53	3.773278,3.589098,-0.087760	3.769105,3.555238,0.224962	-1.044229,8.799302,1.896855	3.773278,3.589098,-0.087760	3.74252200127
19:31:53	3.773263,3.589027,-0.087802	3.769119,3.555246,0.224952	-1.044229,8.799302,1.896855	3.773263,3.589027,-0.087802	3.74252200127
19:31:54	3.773229,3.589041,-0.087791	3.769070,3.555169,0.224816	-1.044229,8.799302,1.896855	3.773229,3.589041,-0.087791	3.74252200127
19:31:54	3.773255,3.589045,-0.087813	3.769049,3.555164,0.224843	-1.044229,8.799302,1.896855	3.773255,3.589045,-0.087813	3.74252200127
19:31:54	3.773252,3.589044,-0.087814	3.769072,3.555167,0.224821	-1.044229,8.799302,1.896855	3.773252,3.589044,-0.087814	3.74252200127
19:31:54	3.773261,3.589043,-0.087790	3.769058,3.555167,0.224832	-1.044229,8.799302,1.896855	3.773261,3.589043,-0.087790	3.74252200127
19:31:54	3.773245,3.589031,-0.087808	3.769060,3.555159,0.224842	-1.044229,8.799302,1.896855	3.773245,3.589031,-0.087808	3.74252200127
19:31:54	3.773254,3.589036,-0.087815	3.769066,3.555169,0.224833	-1.044229,8.799302,1.896855	3.773254,3.589036,-0.087815	3.74252200127
19:31:54	3.773256,3.589043,-0.087810	3.769064,3.555172,0.224841	-1.044229,8.799302,1.896855	3.773256,3.589043,-0.087810	3.74252200127
19:31:54	3.773256,3.589026,-0.087821	3.769060,3.555171,0.224827	-1.044229,8.799302,1.896855	3.773256,3.589026,-0.087821	3.74252200127
19:31:54	3.773249,3.589045,-0.087801	3.769056,3.555156,0.224815	-1.044229,8.799302,1.896855	3.773249,3.589045,-0.087801	3.74252200127
19:31:54	3.773250,3.589028,-0.087821	3.769053,3.555169,0.224824	-1.044229,8.799302,1.896855	3.773250,3.589028,-0.087821	3.74252200127
19:31:55	3.773255,3.589039,-0.087828	3.769058,3.555170,0.224805	-1.044229,8.799302,1.896855	3.773255,3.589039,-0.087828	3.74252200127
19:31:55	3.773254,3.589044,-0.087798	3.769058,3.555170,0.224805	-1.044229,8.799302,1.896855	3.773254,3.589044,-0.087798	3.74252200127
19:31:55	3.773252,3.589041,-0.087810	3.769058,3.555170,0.224805	-1.044229,8.799302,1.896855	3.773252,3.589041,-0.087810	3.74252200127
19:31:55	3.773255,3.589042,-0.087814	3.769058,3.555170,0.224805	-1.044229,8.799302,1.896855	3.773255,3.589042,-0.087814	3.74252200127
19:31:55	3.773246,3.589033,-0.087835	3.769058,3.555170,0.224805	-1.044229,8.799302,1.896855	3.773246,3.589033,-0.087835	3.74252200127
19:31:55	3.773243,3.589045,-0.087801	3.769058,3.555170,0.224805	-1.044229,8.799302,1.896855	3.773243,3.589045,-0.087801	3.74252200127
19:31:55	3.773243,3.589042,-0.087810	3.769058,3.555170,0.224805	-1.044229,8.799302,1.896855	3.773243,3.589042,-0.087810	3.74252200127
19:31:55	3.773257,3.589042,-0.087806	3.769058,3.555170,0.224805	-1.044229,8.799302,1.896855	3.773257,3.589042,-0.087806	3.74252200127
19:31:55	3.773242,3.589035,-0.087801	3.769058,3.555170,0.224805	-1.044229,8.799302,1.896855	3.773242,3.589035,-0.087801	3.74252200127
19:31:55	3.773251,3.589057,-0.087815	3.769058,3.555170,0.224805	-1.044229,8.799302,1.896855	3.773251,3.589057,-0.087815	3.74252200127
19:31:56	3.773250,3.589038,-0.087810	3.769058,3.555170,0.224805	-1.044229,8.799302,1.896855	3.773250,3.589038,-0.087810	3.74252200127
19:31:56	3.773250,3.589029,-0.087798	3.769058,3.555170,0.224805	-1.044229,8.799302,1.896855	3.773250,3.589029,-0.087798	3.74252200127
19:31:56	3.773251,3.589044,-0.087802	3.769058,3.555170,0.224805	-1.044229,8.799302,1.896855	3.773251,3.589044,-0.087802	3.74252200127
19:31:56	3.773251,3.589038,-0.087807	3.769058,3.555170,0.224805	-1.044229,8.799302,1.896855	3.773251,3.589038,-0.087807	3.74252200127
19:31:56	3.773248,3.589035,-0.087792	3.769058,3.555170,0.224805	-1.044229,8.799302,1.896855	3.773248,3.589035,-0.087792	3.74252200127
19:31:56	3.773255,3.589027,-0.087802	3.769058,3.555170,0.224805	-1.044229,8.799302,1.896855	3.773255,3.589027,-0.087802	3.74252200127
19:31:56	3.773240,3.589043,-0.087787	3.769058,3.555170,0.224805	-1.044229,8.799302,1.896855	3.773240,3.589043,-0.087787	3.74252200127
19:31:56	3.773247,3.589039,-0.087804	3.769058,3.555170,0.224805	-1.044229,8.799302,1.896855	3.773247,3.589039,-0.087804	3.74252200127
19:31:56	3.773255,3.589032,-0.087821	3.769058,3.555170,0.224805	-1.044229,8.799302,1.896855	3.773255,3.589032,-0.087821	3.74252200127
19:31:56	3.773248,3.589042,-0.087818	3.769058,3.555170,0.224805	-1.044229,8.799302,1.896855	3.773248,3.589042,-0.087818	3.74252200127
19:31:57	3.773253,3.589029,-0.087826	3.769058,3.555170,0.224805	-1.044229,8.799302,1.896855	3.773253,3.589029,-0.087826	3.74252200127
19:31:57	3.773261,3.589036,-0.087827	3.769058,3.555170,0.224805	-1.044229,8.799302,1.896855	3.773261,3.589036,-0.087827	3.74252200127
19:31:57	3.773261,3.589031,-0.087812	3.769058,3.555170,0.224805	-1.044229,8.799302,1.896855	3.773261,3.589031,-0.087812	3.74252200127
19:31:57	3.773249,3.589041,-0.087810	3.769058,3.555170,0.224805	-1.044229,8.799302,1.896855	3.773249,3.589041,-0.087810	3.74252200127
19:31:57	3.773240,3.589051,-0.087809	3.769058,3.555170,0.224805	-1.044229,8.799302,1.896855	3.773240,3.589051,-0.087809	3.74252200127
19:31:57	3.773248,3.589047,-0.087795	3.769058,3.555170,0.224805	-1.044229,8.799302,1.896855	3.773248,3.589047,-0.087795	3.74252200127
19:31:57	3.773248,3.589050,-0.087824	3.769058,3.555170,0.224805	-1.044229,8.799302,1.896855	3.773248,3.589050,-0.087824	3.74252200127
19:31:57	3.773246,3.589053,-0.087817	3.769058,3.555170,0.224805	-1.044229,8.799302,1.896855	3.773246,3.589053,-0.087817	3.74252200127
19:31:57	3.773242,3.589049,-0.087807	3.769058,3.555170,0.224805	-1.044229,8.799302,1.896855	3.773242,3.589049,-0.087807	3.74252200127
19:31:57	3.773251,3.589042,-0.087819	3.769058,3.555170,0.224805	-1.044229,8.799302,1.896855	3.773251,3.589042,-0.087819	3.74252200127
19:31:58	3.773247,3.589049,-0.087798	3.769058,3.555170,0.224805	-1.044229,8.799302,1.896855	3.773247,3.589049,-0.087798	3.74252200127
19:31:58	3.773237,3.589032,-0.087824	3.769058,3.555170,0.224805	-1.044229,8.799302,1.896855	3.773237,3.589032,-0.087824	3.74252200127
19:31:58	3.773257,3.589040,-0.087824	3.769058,3.555170,0.224805	-1.044229,8.799302,1.896855	3.773257,3.589040,-0.087824	3.74252200127
19:31:58	3.773259,3.589054,-0.087829	3.769058,3.555170,0.224805	-1.044229,8.799302,1.896855	3.773259,3.589054,-0.087829	3.74252200127
19:31:58	3.773249,3.589055,-0.087830	3.769058,3.555170,0.224805	-1.044229,8.799302,1.896855	3.773249,3.589055,-0.087830	3.74252200127
19:31:58	3.773256,3.589050,-0.087805	3.769058,3.555170,0.224805	-1.044229,8.799302,1.896855	3.773256,3.589050,-0.087805	3.74252200127
19:31:58	3.773247,3.589044,-0.087827	3.769058,3.555170,0.224805	-1.044229,8.799302,1.896855	3.773247,3.589044,-0.087827	3.74252200127
19:31:58	3.773252,3.589051,-0.087810	3.769058,3.555170,0.224805	-1.044229,8.799302,1.896855	3.773252,3.589051,-0.087810	3.74252200127
19:31:58	3.773248,3.589037,-0.087806	3.769058,3.555170,0.224805	-1.044229,8.799302,1.896855	3.773248,3.589037,-0.087806	3.74252200127
19:31:58	3.773243,3.589050,-0.087791	3.769058,3.555170,0.224805	-1.044229,8.799302,1.896855	3.773243,3.589050,-0.087791	3.74252200127
19:31:59	3.773242,3.589032,-0.087798	3.769058,3.555170,0.224805	-1.044229,8.799302,1.896855	3.773242,3.589032,-0.087798	3.74252200127
19:31:59	3.773246,3.589036,-0.087804	3.769058,3.555170,0.224805	-1.044229,8.799302,1.896855	3.773246,3.589036,-0.087804	3.74252200127
19:31:59	3.773261,3.589041,-0.087807	3.769058,3.555170,0.224805	-1.044229,8.799302,1.896855	3.773261,3.589041,-0.087807	3.74252200127
19:31:59	3.773251,3.589037,-0.087803	3.769058,3.555170,0.224805	-1.044229,8.799302,1.896855	3.773251,3.589037,-0.087803	3.74252200127
19:31:59	3.773249,3.589036,-0.087821	3.769058,3.555170,0.224805	-1.044229,8.799302,1.896855	3.773249,3.589036,-0.087821	3.74252200127
19:31:59	3.773251,3.589043,-0.087793	3.769058,3.555170,0.224805	-1.044229,8.799302,1.896855	3.773251,3.589043,-0.087793	3.74252200127
19:31:59	3.773251,3.589034,-0.087805	3.769058,3.555170,0.224805	-1.044229,8.799302,1.896855	3.773251,3.589034,-0.087805	3.74252200127
19:31:59	3.773253,3.589033,-0.087821	3.769058,3.555170,0.224805	-1.044229,8.799302,1.896855	3.773253,3.589033,-0.087821	3.74252200127
19:31:59	3.773237,3.589056,-0.087813	3.769058,3.555170,0.224805	-1.044229,8.799302,1.896855	3.773237,3.589056,-0.087813	3.74252200127
19:31:59	3.773249,3.589052,-0.087820	3.769058,3.555170,0.224805	-1.044229,8.799302,1.896855	3.773249,3.589052,-0.087820	3.74252200127
19:32:00	3.773239,3.589047,-0.087795	3.769058,3.555170,0.224805	-1.044229,8.799302,1.896855	3.773239,3.589047,-0.087795	3.74252200127
19:32:00	3.773246,3.589033,-0.087839	3.769058,3.555170,0.224805	-1.044229,8.799302,1.896855	3.773246,3.589033,-0.087839	3.74252200127
19:32:00	3.773248,3.589043,-0.087810	3.769058,3.555170,0.224805	-1.044229,8.799302,1.896855	3.773248,3.589043,-0.087810	3.74252200127
19:32:00	3.773255,3.589038,-0.087828	3.769058,3.555170,0.224805	-1.044229,8.799302,1.896855	3.773255,3.589038,-0.087828	3.74252200127
19:32:00	3.773265,3.589054,-0.087832	3.769058,3.555170,0.224805	-1.044229,8.799302,1.896855	3.773265,3.589054,-0.087832	3.74252200127
19:32:00	3.773257,3.589047,-0.087817	3.769058,3.555170,0.224805	-1.044229,8.799302,1.896855	3.773257,3.589047,-0.087817	3.74252200127
19:32:00	3.773262,3.589029,-0.087858	3.769058,3.555170,0.224805	-1.044229,8.799302,1.896855	3.773262,3.589029,-0.087858	3.74252200127
19:32:00	3.772266,3.589092,-0.083948	3.769058,3.555170,0.224805	-1.044229,8.799302,1.896855	3.772266,3.589092,-0.083948	3.74252200127
19:32:00	3.772657,3.589254,-0.084085	3.769058,3.555170,0.224805	-1.044229,8.799302,1.896855	3.772657,3.589254,-0.084085	3.74252200127
19:32:00	3.768083,3.578496,-0.082072	3.769058,3.555170,0.224805	-1.044229,8.799302,1.896855	3.768083,3.578496,-0.082072	3.74252200127
19:32:01	3.724688,3.577019,-0.028424	3.769058,3.555170,0.224805	-1.044229,8.799302,1.896855	3.724688,3.577019,-0.028424	3.74252200127
19:32:01	3.557935,3.515896,0.186805	3.769058,3.555170,0.224805	-1.044229,8.799302,1.896855	3.557935,3.515896,0.186805	3.74252200127
19:32:01	3.383909,3.422921,0.461364	3.769058,3.555170,0.224805	-1.044229,8.799302,1.896855	3.383909,3.422921,0.461364	3.74252200127
19:32:01	3.209446,3.299997,0.705781	3.769058,3.555170,0.224805	-1.044229,8.799302,1.896855	3.209446,3.299997,0.705781	3.74252200127
19:32:01	3.051903,3.165460,0.901870	3.769058,3.555170,0.224805	-1.044229,8.799302,1.896855	3.051903,3.165460,0.901870	3.74252200127
19:32:01	2.912205,3.045553,1.036598	3.769058,3.555170,0.224805	-1.044229,8.799302,1.896855	2.912205,3.045553,1.036598	3.74252200127
19:32:01	2.787159,2.912719,1.125534	3.769058,3.555170,0.224805	-1.044229,8.799302,1.896855	2.787159,2.912719,1.125534	3.74252200127
19:32:01	2.671486,2.791729,1.171656	3.769058,3.555170,0.224805	-1.044229,8.799302,1.896855	2.671486,2.791729,1.171656	3.74252200127
19:32:01	2.552691,2.650912,1.194150	3.769058,3.555170,0.224805	-1.044229,8.799302,1.896855	2.552691,2.650912,1.194150	3.74252200127
19:32:01	2.419943,2.516422,1.216407	3.769058,3.555170,0.224805	-1.044229,8.799302,1.896855	2.419943,2.516422,1.216407	3.74252200127
19:32:02	2.283266,2.357657,1.240562	3.769058,3.555170,0.224805	-1.044229,8.799302,1.896855	2.283266,2.357657,1.240562	3.74252200127
19:32:02	2.167517,2.191522,1.273397	3.769058,3.555170,0.224805	-1.044229,8.799302,1.896855	2.167517,2.191522,1.273397	3.74252200127
19:32:02	2.069500,2.021863,1.298580	3.769058,3.555170,0.224805	-1.044229,8.799302,1.896855	2.069500,2.021863,1.298580	3.74252200127
19:32:02	1.977112,1.850159,1.303991	3.769058,3.555170,0.224805	-1.044229,8.799302,1.896855	1.977112,1.850159,1.303991	3.74252200127
19:32:02	1.887125,1.707913,1.318811	3.769058,3.555170,0.224805	-1.044229,8.799302,1.896855	1.887125,1.707913,1.318811	3.74252200127
19:32:02	1.800066,1.584610,1.345917	3.769058,3.555170,0.224805	-1.044229,8.799302,1.896855	1.800066,1.584610,1.345917	3.74252200127
19:32:02	1.696537,1.467811,1.365551	3.769058,3.555170,0.224805	-1.044229,8.799302,1.896855	1.696537,1.467811,1.365551	3.74252200127
19:32:02	1.574758,1.351874,1.369853	3.769058,3.555170,0.224805	-1.044229,8.799302,1.896855	1.574758,1.351874,1.369853	3.74252200127
19:32:02	1.460544,1.236614,1.367323	3.769058,3.555170,0.224805	-1.044229,8.799302,1.896855	1.460544,1.236614,1.367323	3.74252200127
19:32:02	1.366478,1.125993,1.369170	3.769058,3.555170,0.224805	-1.044229,8.799302,1.896855	1.366478,1.125993,1.369170	3.74252200127
19:32:03	1.293652,1.014100,1.366893	3.769058,3.555170,0.224805	-1.044229,8.799302,1.896855	1.293652,1.014100,1.366893	3.74252200127
19:32:03	1.238386,0.905830,1.357223	3.769058,3.555170,0.224805	-1.044229,8.799302,1.896855	1.238386,0.905830,1.357223	3.74252200127
19:32:03	1.181793,0.802581,1.327980	3.769058,3.555170,0.224805	-1.044229,8.799302,1.896855	1.181793,0.802581,1.327980	3.74252200127
19:32:03	1.162692,0.719927,1.276796	3.769058,3.555170,0.224805	-1.044229,8.799302,1.896855	1.162692,0.719927,1.276796	3.74252200127
19:32:03	1.087758,0.645987,1.273912	3.769058,3.555170,0.224805	-1.044229,8.799302,1.896855	1.087758,0.645987,1.273912	3.74252200127
19:32:03	1.069163,0.625624,1.271144	3.769058,3.555170,0.224805	-1.044229,8.799302,1.896855	1.069163,0.625624,1.271144	3.74252200127
19:32:03	1.069163,0.625624,1.271144	3.769058,3.555170,0.224805	-1.044229,8.799302,1.896855	1.069163,0.625624,1.271144	3.74252200127
19:32:03	1.069163,0.625624,1.271144	3.769058,3.555170,0.224805	-1.044229,8.799302,1.896855	1.069163,0.625624,1.271144	3.74252200127
19:32:03	1.069163,0.625624,1.271144	3.769058,3.555170,0.224805	-1.044229,8.799302,1.896855	1.069163,0.625624,1.271144	3.74252200127
19:32:03	0.872950,0.514709,1.205854	3.769058,3.555170,0.224805	-1.044229,8.799302,1.896855	0.872950,0.514709,1.205854	3.74252200127
19:32:04	0.848606,0.515104,1.200131	3.769058,3.555170,0.224805	-1.044229,8.799302,1.896855	0.848606,0.515104,1.200131	3.74252200127
19:32:04	0.848606,0.515104,1.200131	3.769058,3.555170,0.224805	-1.044229,8.799302,1.896855	0.848606,0.515104,1.200131	3.74252200127
19:32:04	0.756907,0.551427,1.226550	3.769058,3.555170,0.224805	-1.044229,8.799302,1.896855	0.756907,0.551427,1.226550	3.74252200127
19:32:04	0.738193,0.564701,1.240479	3.769058,3.555170,0.224805	-1.044229,8.799302,1.896855	0.738193,0.564701,1.240479	3.74252200127
19:32:04	0.726103,0.566003,1.247453	3.769058,3.555170,0.224805	-1.044229,8.799302,1.896855	0.726103,0.566003,1.247453	3.74252200127
19:32:04	0.720978,0.562575,1.249997	3.769058,3.555170,0.224805	-1.044229,8.799302,1.896855	0.720978,0.562575,1.249997	3.74252200127
19:32:04	0.716255,0.554713,1.236783	3.769058,3.555170,0.224805	-1.044229,8.799302,1.896855	0.716255,0.554713,1.236783	3.74252200127
19:32:04	0.712335,0.552847,1.229415	3.769058,3.555170,0.224805	-1.044229,8.799302,1.896855	0.712335,0.552847,1.229415	3.74252200127
19:32:04	0.706956,0.551907,1.204431	3.769058,3.555170,0.224805	-1.044229,8.799302,1.896855	0.706956,0.551907,1.204431	3.74252200127
19:32:04	0.706956,0.551907,1.204431	3.769058,3.555170,0.224805	-1.044229,8.799302,1.896855	0.706956,0.551907,1.204431	3.74252200127
19:32:05	0.706956,0.551907,1.204431	3.769058,3.555170,0.224805	-1.044229,8.799302,1.896855	0.706956,0.551907,1.204431	3.74252200127
19:32:05	0.706956,0.551907,1.204431	3.769058,3.555170,0.224805	-1.044229,8.799302,1.896855	0.706956,0.551907,1.204431	3.74252200127
19:32:05	0.706956,0.551907,1.204431	3.769058,3.555170,0.224805	-1.044229,8.799302,1.896855	0.706956,0.551907,1.204431	3.74252200127
19:32:05	0.706956,0.551907,1.204431	3.769058,3.555170,0.224805	-1.044229,8.799302,1.896855	0.706956,0.551907,1.204431	3.74252200127
19:32:05	0.704323,0.613435,1.226232	3.769058,3.555170,0.224805	-1.044229,8.799302,1.896855	0.704323,0.613435,1.226232	3.74252200127
19:32:05	0.716989,0.624118,1.249762	3.769058,3.555170,0.224805	-1.044229,8.799302,1.896855	0.716989,0.624118,1.249762	3.74252200127
19:32:05	0.752171,0.631559,1.285194	3.769058,3.555170,0.224805	-1.044229,8.799302,1.896855	0.752171,0.631559,1.285194	3.74252200127
19:32:05	0.790014,0.630570,1.305080	3.769058,3.555170,0.224805	-1.044229,8.799302,1.896855	0.790014,0.630570,1.305080	3.74252200127
19:32:05	0.790014,0.630570,1.305080	3.769058,3.555170,0.224805	-1.044229,8.799302,1.896855	0.790014,0.630570,1.305080	3.74252200127
19:32:05	0.841348,0.617447,1.327375	3.769058,3.555170,0.224805	-1.044229,8.799302,1.896855	0.841348,0.617447,1.327375	3.74252200127
19:32:06	0.848194,0.611089,1.332909	3.769058,3.555170,0.224805	-1.044229,8.799302,1.896855	0.848194,0.611089,1.332909	3.74252200127
19:32:06	0.853421,0.606867,1.336537	3.769058,3.555170,0.224805	-1.044229,8.799302,1.896855	0.853421,0.606867,1.336537	3.74252200127
19:32:06	0.858526,0.603176,1.334938	3.769058,3.555170,0.224805	-1.044229,8.799302,1.896855	0.858526,0.603176,1.334938	3.74252200127
19:32:06	0.862476,0.604683,1.330833	3.769058,3.555170,0.224805	-1.044229,8.799302,1.896855	0.862476,0.604683,1.330833	3.74252200127
19:32:06	0.866994,0.605885,1.331145	3.769058,3.555170,0.224805	-1.044229,8.799302,1.896855	0.866994,0.605885,1.331145	3.74252200127
19:32:06	0.867509,0.600079,1.326091	3.769058,3.555170,0.224805	-1.044229,8.799302,1.896855	0.867509,0.600079,1.326091	3.74252200127
19:32:06	0.869992,0.597439,1.325182	3.769058,3.555170,0.224805	-1.044229,8.799302,1.896855	0.869992,0.597439,1.325182	3.74252200127
19:32:06	0.869878,0.599119,1.326092	3.769058,3.555170,0.224805	-1.044229,8.799302,1.896855	0.869878,0.599119,1.326092	3.74252200127
19:32:06	0.870780,0.601691,1.326694	3.769058,3.555170,0.224805	-1.044229,8.799302,1.896855	0.870780,0.601691,1.326694	3.74252200127
19:32:06	0.870153,0.606731,1.325702	3.769058,3.555170,0.224805	-1.044229,8.799302,1.896855	0.870153,0.606731,1.325702	3.74252200127
19:32:07	0.866301,0.605060,1.319162	3.769058,3.555170,0.224805	-1.044229,8.799302,1.896855	0.866301,0.605060,1.319162	3.74252200127
19:32:07	0.861184,0.612016,1.313329	3.769058,3.555170,0.224805	-1.044229,8.799302,1.896855	0.861184,0.612016,1.313329	3.74252200127
19:32:07	0.852724,0.612209,1.294256	3.769058,3.555170,0.224805	-1.044229,8.799302,1.896855	0.852724,0.612209,1.294256	3.74252200127
19:32:07	0.845130,0.611590,1.285930	3.769058,3.555170,0.224805	-1.044229,8.799302,1.896855	0.845130,0.611590,1.285930	3.74252200127
19:32:07	0.837933,0.616670,1.277190	3.769058,3.555170,0.224805	-1.044229,8.799302,1.896855	0.837933,0.616670,1.277190	3.74252200127
19:32:07	0.827207,0.620938,1.261982	3.769058,3.555170,0.224805	-1.044229,8.799302,1.896855	0.827207,0.620938,1.261982	3.74252200127
19:32:07	0.820554,0.633968,1.253810	3.769058,3.555170,0.224805	-1.044229,8.799302,1.896855	0.820554,0.633968,1.253810	3.74252200127
19:32:07	0.807429,0.638241,1.250324	3.769058,3.555170,0.224805	-1.044229,8.799302,1.896855	0.807429,0.638241,1.250324	3.74252200127
19:32:07	0.800151,0.652007,1.251824	3.769058,3.555170,0.224805	-1.044229,8.799302,1.896855	0.800151,0.652007,1.251824	3.74252200127
19:32:07	0.789812,0.649194,1.243812	3.769058,3.555170,0.224805	-1.044229,8.799302,1.896855	0.789812,0.649194,1.243812	3.74252200127
19:32:08	0.787460,0.659759,1.241837	3.769058,3.555170,0.224805	-1.044229,8.799302,1.896855	0.787460,0.659759,1.241837	3.74252200127
19:32:08	0.782546,0.658598,1.239777	3.769058,3.555170,0.224805	-1.044229,8.799302,1.896855	0.782546,0.658598,1.239777	3.74252200127
19:32:08	0.775112,0.652912,1.235318	3.769058,3.555170,0.224805	-1.044229,8.799302,1.896855	0.775112,0.652912,1.235318	3.74252200127
19:32:08	0.762997,0.643725,1.225882	3.769058,3.555170,0.224805	-1.044229,8.799302,1.896855	0.762997,0.643725,1.225882	3.74252200127
19:32:08	0.741611,0.643932,1.191047	3.769058,3.555170,0.224805	-1.044229,8.799302,1.896855	0.741611,0.643932,1.191047	3.74252200127
19:32:08	0.699336,0.665286,1.084994	3.769058,3.555170,0.224805	-1.044229,8.799302,1.896855	0.699336,0.665286,1.084994	3.74252200127
19:32:08	0.660915,0.711887,0.860626	3.769058,3.555170,0.224805	-1.044229,8.799302,1.896855	0.660915,0.711887,0.860626	3.74252200127
19:32:08	0.660121,0.762901,0.613902	3.769058,3.555170,0.224805	-1.044229,8.799302,1.896855	0.660121,0.762901,0.613902	3.74252200127
19:32:08	0.693624,0.782215,0.480706	3.769058,3.555170,0.224805	-1.044229,8.799302,1.896855	0.693624,0.782215,0.480706	3.74252200127
19:32:08	0.708268,0.791125,0.427013	3.769058,3.555170,0.224805	-1.044229,8.799302,1.896855	0.708268,0.791125,0.427013	3.74252200127
19:32:09	0.713323,0.806031,0.409515	3.769058,3.555170,0.224805	-1.044229,8.799302,1.896855	0.713323,0.806031,0.409515	3.74252200127
19:32:09	0.694128,0.815990,0.412238	3.769058,3.555170,0.224805	-1.044229,8.799302,1.896855	0.694128,0.815990,0.412238	3.74252200127
19:32:09	0.685400,0.821075,0.423850	3.769058,3.555170,0.224805	-1.044229,8.799302,1.896855	0.685400,0.821075,0.423850	3.74252200127
19:32:09	0.673624,0.838074,0.430531	3.769058,3.555170,0.224805	-1.044229,8.799302,1.896855	0.673624,0.838074,0.430531	3.74252200127
19:32:09	0.680100,0.836103,0.418623	3.769058,3.555170,0.224805	-1.044229,8.799302,1.896855	0.680100,0.836103,0.418623	3.74252200127
19:32:09	0.682512,0.837866,0.413264	3.769058,3.555170,0.224805	-1.044229,8.799302,1.896855	0.682512,0.837866,0.413264	3.74252200127
19:32:09	0.681284,0.838794,0.409001	3.769058,3.555170,0.224805	-1.044229,8.799302,1.896855	0.681284,0.838794,0.409001	3.74252200127
19:32:09	0.682510,0.837395,0.412089	3.769058,3.555170,0.224805	-1.044229,8.799302,1.896855	0.682510,0.837395,0.412089	3.74252200127
19:32:09	0.682576,0.838866,0.409408	3.769058,3.555170,0.224805	-1.044229,8.799302,1.896855	0.682576,0.838866,0.409408	3.74252200127
19:32:09	0.682755,0.837886,0.410497	3.769058,3.555170,0.224805	-1.044229,8.799302,1.896855	0.682755,0.837886,0.410497	3.74252200127
19:32:10	0.681425,0.839479,0.410452	3.769058,3.555170,0.224805	-1.044229,8.799302,1.896855	0.681425,0.839479,0.410452	3.74252200127
19:32:10	0.682281,0.838446,0.410391	3.769058,3.555170,0.224805	-1.044229,8.799302,1.896855	0.682281,0.838446,0.410391	3.74252200127
19:32:10	0.681702,0.839017,0.410340	3.769058,3.555170,0.224805	-1.044229,8.799302,1.896855	0.681702,0.839017,0.410340	3.74252200127
19:32:10	0.682032,0.838628,0.410383	3.769058,3.555170,0.224805	-1.044229,8.799302,1.896855	0.682032,0.838628,0.410383	3.74252200127
19:32:10	0.682803,0.838351,0.409440	3.769058,3.555170,0.224805	-1.044229,8.799302,1.896855	0.682803,0.838351,0.409440	3.74252200127
19:32:10	0.682828,0.838321,0.409448	3.769058,3.555170,0.224805	-1.044229,8.799302,1.896855	0.682828,0.838321,0.409448	3.74252200127
19:32:10	0.682881,0.838260,0.409456	3.769058,3.555170,0.224805	-1.044229,8.799302,1.896855	0.682881,0.838260,0.409456	3.74252200127
19:32:10	0.682780,0.838370,0.409453	3.769058,3.555170,0.224805	-1.044229,8.799302,1.896855	0.682780,0.838370,0.409453	3.74252200127
19:32:10	0.682849,0.838398,0.409490	3.769058,3.555170,0.224805	-1.044229,8.799302,1.896855	0.682849,0.838398,0.409490	3.74252200127
19:32:10	0.682966,0.838248,0.409684	3.769058,3.555170,0.224805	-1.044229,8.799302,1.896855	0.682966,0.838248,0.409684	3.74252200127
19:32:11	0.682740,0.836987,0.410602	3.769058,3.555170,0.224805	-1.044229,8.799302,1.896855	0.682740,0.836987,0.410602	3.74252200127
19:32:11	0.682586,0.837312,0.410363	3.769058,3.555170,0.224805	-1.044229,8.799302,1.896855	0.682586,0.837312,0.410363	3.74252200127
19:32:11	0.682565,0.837358,0.410381	3.769058,3.555170,0.224805	-1.044229,8.799302,1.896855	0.682565,0.837358,0.410381	3.74252200127
19:32:11	0.682606,0.837332,0.410384	3.769058,3.555170,0.224805	-1.044229,8.799302,1.896855	0.682606,0.837332,0.410384	3.74252200127
19:32:11	0.682610,0.837360,0.410390	3.769058,3.555170,0.224805	-1.044229,8.799302,1.896855	0.682610,0.837360,0.410390	3.74252200127
19:32:11	0.682563,0.837793,0.410045	3.769058,3.555170,0.224805	-1.044229,8.799302,1.896855	0.682563,0.837793,0.410045	3.74252200127
19:32:11	0.682547,0.837788,0.410016	3.769058,3.555170,0.224805	-1.044229,8.799302,1.896855	0.682547,0.837788,0.410016	3.74252200127
19:32:11	0.683235,0.837912,0.409474	3.769058,3.555170,0.224805	-1.044229,8.799302,1.896855	0.683235,0.837912,0.409474	3.74252200127
19:32:11	0.683244,0.837876,0.409501	3.769058,3.555170,0.224805	-1.044229,8.799302,1.896855	0.683244,0.837876,0.409501	3.74252200127
19:32:11	0.683247,0.837895,0.409501	3.769058,3.555170,0.224805	-1.044229,8.799302,1.896855	0.683247,0.837895,0.409501	3.74252200127
19:32:12	0.683222,0.837889,0.409518	3.769058,3.555170,0.224805	-1.044229,8.799302,1.896855	0.683222,0.837889,0.409518	3.74252200127
19:32:12	0.682662,0.838147,0.409923	3.769058,3.555170,0.224805	-1.044229,8.799302,1.896855	0.682662,0.838147,0.409923	3.74252200127
19:32:12	0.682592,0.838130,0.409936	3.769058,3.555170,0.224805	-1.044229,8.799302,1.896855	0.682592,0.838130,0.409936	3.74252200127
19:32:12	0.682659,0.838140,0.409913	3.769058,3.555170,0.224805	-1.044229,8.799302,1.896855	0.682659,0.838140,0.409913	3.74252200127
19:32:12	0.682629,0.838109,0.409979	3.769058,3.555170,0.224805	-1.044229,8.799302,1.896855	0.682629,0.838109,0.409979	3.74252200127
19:32:12	0.682634,0.838144,0.409928	3.769058,3.555170,0.224805	-1.044229,8.799302,1.896855	0.682634,0.838144,0.409928	3.74252200127
19:32:12	0.682652,0.838145,0.409909	3.769058,3.555170,0.224805	-1.044229,8.799302,1.896855	0.682652,0.838145,0.409909	3.74252200127
19:32:12	0.682649,0.838140,0.409928	3.769058,3.555170,0.224805	-1.044229,8.799302,1.896855	0.682649,0.838140,0.409928	3.74252200127
19:32:12	0.682669,0.838127,0.409953	3.769058,3.555170,0.224805	-1.044229,8.799302,1.896855	0.682669,0.838127,0.409953	3.74252200127
19:32:12	0.682660,0.838115,0.409967	3.769058,3.555170,0.224805	-1.044229,8.799302,1.896855	0.682660,0.838115,0.409967	3.74252200127
19:32:13	0.682669,0.838128,0.409966	3.769058,3.555170,0.224805	-1.044229,8.799302,1.896855	0.682669,0.838128,0.409966	3.74252200127
19:32:13	0.682647,0.838109,0.409959	3.769058,3.555170,0.224805	-1.044229,8.799302,1.896855	0.682647,0.838109,0.409959	3.74252200127
19:32:13	0.682628,0.838129,0.409966	3.769058,3.555170,0.224805	-1.044229,8.799302,1.896855	0.682628,0.838129,0.409966	3.74252200127
19:32:13	0.682604,0.838132,0.409946	3.769058,3.555170,0.224805	-1.044229,8.799302,1.896855	0.682604,0.838132,0.409946	3.74252200127
19:32:13	0.682652,0.838141,0.409929	3.769058,3.555170,0.224805	-1.044229,8.799302,1.896855	0.682652,0.838141,0.409929	3.74252200127
19:32:13	0.682589,0.838122,0.409993	3.769058,3.555170,0.224805	-1.044229,8.799302,1.896855	0.682589,0.838122,0.409993	3.74252200127
19:32:13	0.682672,0.838127,0.409959	3.769058,3.555170,0.224805	-1.044229,8.799302,1.896855	0.682672,0.838127,0.409959	3.74252200127
19:32:13	0.682688,0.838120,0.409951	3.769058,3.555170,0.224805	-1.044229,8.799302,1.896855	0.682688,0.838120,0.409951	3.74252200127
19:32:13	0.682631,0.838109,0.409976	3.769058,3.555170,0.224805	-1.044229,8.799302,1.896855	0.682631,0.838109,0.409976	3.74252200127
19:32:13	0.682617,0.838133,0.409956	3.769058,3.555170,0.224805	-1.044229,8.799302,1.896855	0.682617,0.838133,0.409956	3.74252200127
19:32:14	0.682637,0.838107,0.409965	3.769058,3.555170,0.224805	-1.044229,8.799302,1.896855	0.682637,0.838107,0.409965	3.74252200127
19:32:14	0.682673,0.838113,0.409965	3.769058,3.555170,0.224805	-1.044229,8.799302,1.896855	0.682673,0.838113,0.409965	3.74252200127
19:32:14	0.682615,0.838116,0.409976	3.769058,3.555170,0.224805	-1.044229,8.799302,1.896855	0.682615,0.838116,0.409976	3.74252200127
19:32:14	0.682617,0.838121,0.409995	3.769058,3.555170,0.224805	-1.044229,8.799302,1.896855	0.682617,0.838121,0.409995	3.74252200127
19:32:14	0.682627,0.838119,0.409983	3.769058,3.555170,0.224805	-1.044229,8.799302,1.896855	0.682627,0.838119,0.409983	3.74252200127
19:32:14	0.682605,0.838141,0.409944	3.769058,3.555170,0.224805	-1.044229,8.799302,1.896855	0.682605,0.838141,0.409944	3.74252200127
19:32:14	0.682665,0.838130,0.409951	3.769058,3.555170,0.224805	-1.044229,8.799302,1.896855	0.682665,0.838130,0.409951	3.74252200127
19:32:14	0.682627,0.838121,0.409950	3.769058,3.555170,0.224805	-1.044229,8.799302,1.896855	0.682627,0.838121,0.409950	3.74252200127
19:32:14	0.682663,0.838119,0.409953	3.769058,3.555170,0.224805	-1.044229,8.799302,1.896855	0.682663,0.838119,0.409953	3.74252200127
19:32:14	0.682631,0.838152,0.409929	3.769058,3.555170,0.224805	-1.044229,8.799302,1.896855	0.682631,0.838152,0.409929	3.74252200127
19:32:15	0.682678,0.838120,0.409925	3.769058,3.555170,0.224805	-1.044229,8.799302,1.896855	0.682678,0.838120,0.409925	3.74252200127
19:32:15	0.682663,0.838137,0.409944	3.769058,3.555170,0.224805	-1.044229,8.799302,1.896855	0.682663,0.838137,0.409944	3.74252200127
19:32:15	0.682653,0.838143,0.409924	3.769058,3.555170,0.224805	-1.044229,8.799302,1.896855	0.682653,0.838143,0.409924	3.74252200127
19:32:15	0.682629,0.838114,0.409960	3.769058,3.555170,0.224805	-1.044229,8.799302,1.896855	0.682629,0.838114,0.409960	3.74252200127
19:32:15	0.682659,0.838132,0.409907	3.769058,3.555170,0.224805	-1.044229,8.799302,1.896855	0.682659,0.838132,0.409907	3.74252200127
19:32:15	0.682649,0.838144,0.409923	3.769058,3.555170,0.224805	-1.044229,8.799302,1.896855	0.682649,0.838144,0.409923	3.74252200127
19:32:15	0.682659,0.838132,0.409974	3.769058,3.555170,0.224805	-1.044229,8.799302,1.896855	0.682659,0.838132,0.409974	3.74252200127
19:32:15	0.682612,0.838129,0.409936	3.769058,3.555170,0.224805	-1.044229,8.799302,1.896855	0.682612,0.838129,0.409936	3.74252200127
19:32:15	0.682666,0.838126,0.409961	3.769058,3.555170,0.224805	-1.044229,8.799302,1.896855	0.682666,0.838126,0.409961	3.74252200127
19:32:15	0.682662,0.838142,0.409910	3.769058,3.555170,0.224805	-1.044229,8.799302,1.896855	0.682662,0.838142,0.409910	3.74252200127
19:32:16	0.682649,0.838153,0.409922	3.769058,3.555170,0.224805	-1.044229,8.799302,1.896855	0.682649,0.838153,0.409922	3.74252200127
19:32:16	0.682591,0.838139,0.409950	3.769058,3.555170,0.224805	-1.044229,8.799302,1.896855	0.682591,0.838139,0.409950	3.74252200127
19:32:16	0.682666,0.838143,0.409898	3.769058,3.555170,0.224805	-1.044229,8.799302,1.896855	0.682666,0.838143,0.409898	3.74252200127
19:32:16	0.682608,0.838128,0.409943	3.769058,3.555170,0.224805	-1.044229,8.799302,1.896855	0.682608,0.838128,0.409943	3.74252200127
19:32:16	0.682681,0.838114,0.409950	3.769058,3.555170,0.224805	-1.044229,8.799302,1.896855	0.682681,0.838114,0.409950	3.74252200127
19:32:16	0.682658,0.838117,0.409950	3.769058,3.555170,0.224805	-1.044229,8.799302,1.896855	0.682658,0.838117,0.409950	3.74252200127
19:32:16	0.682681,0.838121,0.409942	3.769058,3.555170,0.224805	-1.044229,8.799302,1.896855	0.682681,0.838121,0.409942	3.74252200127
19:32:16	0.682615,0.838116,0.409988	3.769058,3.555170,0.224805	-1.044229,8.799302,1.896855	0.682615,0.838116,0.409988	3.74252200127
19:32:16	0.682645,0.838145,0.409936	3.769058,3.555170,0.224805	-1.044229,8.799302,1.896855	0.682645,0.838145,0.409936	3.74252200127
19:32:16	0.682663,0.838123,0.409949	3.769058,3.555170,0.224805	-1.044229,8.799302,1.896855	0.682663,0.838123,0.409949	3.74252200127
19:32:17	0.682638,0.838119,0.409969	3.769058,3.555170,0.224805	-1.044229,8.799302,1.896855	0.682638,0.838119,0.409969	3.74252200127
19:32:17	0.682596,0.838133,0.409949	3.769058,3.555170,0.224805	-1.044229,8.799302,1.896855	0.682596,0.838133,0.409949	3.74252200127
19:32:17	0.682675,0.838126,0.409958	3.769058,3.555170,0.224805	-1.044229,8.799302,1.896855	0.682675,0.838126,0.409958	3.74252200127
19:32:17	0.682637,0.838119,0.409974	3.769058,3.555170,0.224805	-1.044229,8.799302,1.896855	0.682637,0.838119,0.409974	3.74252200127
19:32:17	0.682614,0.838139,0.409929	3.769058,3.555170,0.224805	-1.044229,8.799302,1.896855	0.682614,0.838139,0.409929	3.74252200127
19:32:17	0.682636,0.838121,0.409964	3.769058,3.555170,0.224805	-1.044229,8.799302,1.896855	0.682636,0.838121,0.409964	3.74252200127
19:32:17	0.682649,0.838115,0.409959	3.769058,3.555170,0.224805	-1.044229,8.799302,1.896855	0.682649,0.838115,0.409959	3.74252200127
19:32:17	0.682612,0.838136,0.409944	3.769058,3.555170,0.224805	-1.044229,8.799302,1.896855	0.682612,0.838136,0.409944	3.74252200127
19:32:17	0.682680,0.838124,0.409939	3.769058,3.555170,0.224805	-1.044229,8.799302,1.896855	0.682680,0.838124,0.409939	3.74252200127
19:32:17	0.682683,0.838118,0.409947	3.769058,3.555170,0.224805	-1.044229,8.799302,1.896855	0.682683,0.838118,0.409947	3.74252200127
19:32:18	0.682639,0.838113,0.409957	3.769058,3.555170,0.224805	-1.044229,8.799302,1.896855	0.682639,0.838113,0.409957	3.74252200127
19:32:18	0.682615,0.838116,0.409984	3.769058,3.555170,0.224805	-1.044229,8.799302,1.896855	0.682615,0.838116,0.409984	3.74252200127
19:32:18	0.682656,0.838130,0.409958	3.769058,3.555170,0.224805	-1.044229,8.799302,1.896855	0.682656,0.838130,0.409958	3.74252200127
19:32:18	0.682599,0.838138,0.409938	3.769058,3.555170,0.224805	-1.044229,8.799302,1.896855	0.682599,0.838138,0.409938	3.74252200127
19:32:18	0.682645,0.838155,0.409929	3.769058,3.555170,0.224805	-1.044229,8.799302,1.896855	0.682645,0.838155,0.409929	3.74252200127
19:32:18	0.682692,0.838119,0.409935	3.769058,3.555170,0.224805	-1.044229,8.799302,1.896855	0.682692,0.838119,0.409935	3.74252200127
19:32:18	0.682637,0.838153,0.409926	3.769058,3.555170,0.224805	-1.044229,8.799302,1.896855	0.682637,0.838153,0.409926	3.74252200127
19:32:18	0.682685,0.838121,0.409943	3.769058,3.555170,0.224805	-1.044229,8.799302,1.896855	0.682685,0.838121,0.409943	3.74252200127
19:32:18	0.682650,0.838135,0.409959	3.769058,3.555170,0.224805	-1.044229,8.799302,1.896855	0.682650,0.838135,0.409959	3.74252200127
19:32:18	0.682589,0.838144,0.409958	0.737458,0.983120,0.489112	-1.044229,8.799302,1.896855	0.682589,0.838144,0.409958	3.74252200127
19:32:19	0.682610,0.838131,0.409936	0.737491,0.983125,0.489100	-1.044229,8.799302,1.896855	0.682610,0.838131,0.409936	3.74252200127
19:32:19	0.682671,0.838127,0.409954	0.737493,0.983134,0.489099	-1.044229,8.799302,1.896855	0.682671,0.838127,0.409954	3.74252200127
19:32:19	0.682626,0.838113,0.409970	0.737494,0.983129,0.489099	-1.044229,8.799302,1.896855	0.682626,0.838113,0.409970	3.74252200127
19:32:19	0.682609,0.838124,0.409966	0.737457,0.983151,0.489086	-1.044229,8.799302,1.896855	0.682609,0.838124,0.409966	3.74252200127
19:32:19	0.682634,0.838145,0.409923	0.737470,0.983151,0.489080	-1.044229,8.799302,1.896855	0.682634,0.838145,0.409923	3.74252200127
19:32:19	0.682619,0.838112,0.409974	0.737452,0.983122,0.489131	-1.044229,8.799302,1.896855	0.682619,0.838112,0.409974	3.74252200127
19:32:19	0.682675,0.838125,0.409950	0.737458,0.983127,0.489119	-1.044229,8.799302,1.896855	0.682675,0.838125,0.409950	3.74252200127
19:32:19	0.682605,0.838131,0.409940	0.737444,0.983123,0.489118	-1.044229,8.799302,1.896855	0.682605,0.838131,0.409940	3.74252200127
19:32:19	0.682630,0.838108,0.409950	0.737495,0.983133,0.489110	-1.044229,8.799302,1.896855	0.682630,0.838108,0.409950	3.74252200127
19:32:19	0.682628,0.838113,0.409964	0.737493,0.983133,0.489111	-1.044229,8.799302,1.896855	0.682628,0.838113,0.409964	3.74252200127
19:32:20	0.682592,0.838139,0.409949	0.737456,0.983130,0.489133	-1.044229,8.799302,1.896855	0.682592,0.838139,0.409949	3.74252200127
19:32:20	0.682625,0.838115,0.409968	0.737452,0.983132,0.489121	-1.044229,8.799302,1.896855	0.682625,0.838115,0.409968	3.74252200127
19:32:20	0.682673,0.838111,0.409946	0.737489,0.983134,0.489109	-1.044229,8.799302,1.896855	0.682673,0.838111,0.409946	3.74252200127
19:32:20	0.682607,0.838132,0.409932	0.763725,0.937123,0.378139	-1.044229,8.799302,1.896855	0.682607,0.838132,0.409932	3.74252200127
19:32:20	0.682670,0.838130,0.409951	0.763746,0.937110,0.378170	-1.044229,8.799302,1.896855	0.682670,0.838130,0.409951	3.74252200127
