# Flight Log 
# 25 08 17 - 19:20:25
Time		X,Y,Z				goalX,goalY,goalZ		ddx,ddy,ddz			angularx,angulary,angularz	battery
19:20:25	0.000000,0.000000,0.000000	0.000000,0.000000,0.000000	0.000000,0.000000,0.000000	0.000000,0.000000,0.000000	0
19:20:25	1.068158,4.183827,0.387152	0.000000,0.000000,0.000000	0.000000,0.000000,0.000000	1.068158,4.183827,0.387152	0
19:20:25	1.068199,4.183287,0.387048	1.252811,4.106557,0.398157	0.000000,0.000000,0.000000	1.068199,4.183287,0.387048	0
19:20:26	1.068199,4.183287,0.387048	1.253045,4.107141,0.398662	0.000000,0.000000,0.000000	1.068199,4.183287,0.387048	0
19:20:26	1.068199,4.183287,0.387048	1.253009,4.107044,0.398441	0.000000,0.000000,0.000000	1.068199,4.183287,0.387048	0
19:20:26	1.068199,4.183287,0.387048	1.253007,4.107038,0.398400	0.000000,0.000000,0.000000	1.068199,4.183287,0.387048	0
19:20:26	1.068199,4.183287,0.387048	1.253064,4.107182,0.398504	0.000000,0.000000,0.000000	1.068199,4.183287,0.387048	0
19:20:26	1.068712,4.183259,0.386948	1.253070,4.107191,0.398363	0.000000,0.000000,0.000000	1.068712,4.183259,0.386948	0
19:20:26	1.068712,4.183259,0.386948	1.253558,4.107096,0.398074	0.000000,0.000000,0.000000	1.068712,4.183259,0.386948	0
19:20:26	1.068712,4.183259,0.386948	1.253616,4.107236,0.398082	0.000000,0.000000,0.000000	1.068712,4.183259,0.386948	0
19:20:26	1.068157,4.183836,0.387158	1.253583,4.107165,0.398314	0.000000,0.000000,0.000000	1.068157,4.183836,0.387158	0
19:20:26	1.068157,4.183836,0.387158	1.253161,4.108089,0.399209	0.000000,0.000000,0.000000	1.068157,4.183836,0.387158	0
19:20:26	1.068157,4.183836,0.387158	1.253233,4.108250,0.398789	0.000000,0.000000,0.000000	1.068157,4.183836,0.387158	0
19:20:27	1.068157,4.183836,0.387158	1.253234,4.108251,0.398762	0.000000,0.000000,0.000000	1.068157,4.183836,0.387158	0
19:20:27	1.068157,4.183836,0.387158	1.253231,4.108260,0.399163	0.000000,0.000000,0.000000	1.068157,4.183836,0.387158	0
19:20:27	1.068157,4.183836,0.387158	1.253307,4.108441,0.399007	0.000000,0.000000,0.000000	1.068157,4.183836,0.387158	0
19:20:27	1.068157,4.183836,0.387158	1.253338,4.108510,0.398877	0.000000,0.000000,0.000000	1.068157,4.183836,0.387158	0
19:20:27	1.068157,4.183836,0.387158	1.253268,4.108345,0.399042	0.000000,0.000000,0.000000	1.068157,4.183836,0.387158	0
19:20:27	1.068160,4.183813,0.387152	1.253240,4.108273,0.398911	0.000000,0.000000,0.000000	1.068160,4.183813,0.387152	0
19:20:27	1.068160,4.183813,0.387152	1.253283,4.108332,0.398491	0.000000,0.000000,0.000000	1.068160,4.183813,0.387152	0
19:20:27	1.068160,4.183813,0.387152	1.253235,4.108209,0.398339	0.000000,0.000000,0.000000	1.068160,4.183813,0.387152	0
19:20:27	1.068160,4.183813,0.387152	1.253227,4.108200,0.398609	0.000000,0.000000,0.000000	1.068160,4.183813,0.387152	0
19:20:27	1.068197,4.183300,0.387061	1.253917,4.107867,0.399261	0.000000,0.000000,0.000000	1.068197,4.183300,0.387061	0
19:20:28	1.068197,4.183300,0.387061	1.252965,4.106950,0.398308	0.000000,0.000000,0.000000	1.068197,4.183300,0.387061	0
19:20:28	1.068201,4.183299,0.387020	1.252981,4.106976,0.398165	0.000000,0.000000,0.000000	1.068201,4.183299,0.387020	0
19:20:28	1.068195,4.183647,0.387290	1.253061,4.107176,0.398329	0.000000,0.000000,0.000000	1.068195,4.183647,0.387290	0
19:20:28	1.068195,4.183647,0.387290	1.253288,4.108108,0.399035	0.000000,0.000000,0.000000	1.068195,4.183647,0.387290	0
19:20:28	1.068195,4.183647,0.387290	1.253267,4.108054,0.398917	0.000000,0.000000,0.000000	1.068195,4.183647,0.387290	0
19:20:28	1.068195,4.183647,0.387290	1.253179,4.107878,0.399922	0.000000,0.000000,0.000000	1.068195,4.183647,0.387290	0
19:20:28	1.068195,4.183647,0.387290	1.253178,4.107831,0.398811	0.000000,0.000000,0.000000	1.068195,4.183647,0.387290	0
19:20:28	1.068195,4.183647,0.387290	1.253199,4.107925,0.399868	0.000000,0.000000,0.000000	1.068195,4.183647,0.387290	0
19:20:28	1.068152,4.183821,0.387172	1.253259,4.108314,0.398837	0.000000,0.000000,0.000000	1.068152,4.183821,0.387172	0
19:20:28	1.068218,4.183313,0.386997	1.253199,4.108152,0.398485	0.000000,0.000000,0.000000	1.068218,4.183313,0.386997	0
19:20:29	1.068286,4.183125,0.387123	1.253132,4.107313,0.398070	0.000000,0.000000,0.000000	1.068286,4.183125,0.387123	0
19:20:29	1.068286,4.183125,0.387123	1.253124,4.106970,0.399045	0.000000,0.000000,0.000000	1.068286,4.183125,0.387123	0
19:20:29	1.068286,4.183125,0.387123	1.253053,4.106772,0.398368	0.000000,0.000000,0.000000	1.068286,4.183125,0.387123	0
19:20:29	1.068286,4.183125,0.387123	1.253078,4.106840,0.398540	0.000000,0.000000,0.000000	1.068286,4.183125,0.387123	0
19:20:29	1.068286,4.183125,0.387123	1.253141,4.106989,0.398480	0.000000,0.000000,0.000000	1.068286,4.183125,0.387123	0
19:20:29	1.068286,4.183125,0.387123	1.253005,4.106677,0.398905	0.000000,0.000000,0.000000	1.068286,4.183125,0.387123	0
19:20:29	1.068286,4.183125,0.387123	1.253307,4.107437,0.399558	0.000000,0.000000,0.000000	1.068286,4.183125,0.387123	0
19:20:29	1.068286,4.183125,0.387123	1.253655,4.108253,0.398553	0.000000,0.000000,0.000000	1.068286,4.183125,0.387123	0
19:20:29	1.068286,4.183125,0.387123	1.253736,4.108472,0.399013	0.000000,0.000000,0.000000	1.068286,4.183125,0.387123	0
19:20:29	1.068286,4.183125,0.387123	1.244032,4.087859,0.399453	0.000000,0.000000,0.000000	1.068286,4.183125,0.387123	0
19:20:30	1.065349,4.174849,0.387047	1.244442,4.088624,0.399566	0.000000,0.000000,0.000000	1.065349,4.174849,0.387047	0
19:20:30	1.064710,4.172530,0.388358	1.236460,4.072049,0.402677	0.000000,0.000000,0.000000	1.064710,4.172530,0.388358	0
19:20:30	1.064551,4.171320,0.387641	1.236123,4.069136,0.402687	0.000000,0.000000,0.000000	1.064551,4.171320,0.387641	0
19:20:30	1.064116,4.170066,0.388121	1.235765,4.068706,0.399862	0.000000,0.000000,0.000000	1.064116,4.170066,0.388121	0
19:20:30	1.064147,4.169020,0.388032	1.236140,4.067151,0.401216	0.000000,0.000000,0.000000	1.064147,4.169020,0.388032	0
19:20:30	1.064147,4.169020,0.388032	1.237806,4.070047,0.401760	0.000000,0.000000,0.000000	1.064147,4.169020,0.388032	0
19:20:30	1.064147,4.169020,0.388032	1.239228,4.072595,0.402041	0.000000,0.000000,0.000000	1.064147,4.169020,0.388032	0
19:20:30	1.064147,4.169020,0.388032	1.233849,4.063480,0.403855	0.000000,0.000000,0.000000	1.064147,4.169020,0.388032	0
19:20:30	1.064515,4.171782,0.388193	1.237692,4.072031,0.403609	0.000000,0.000000,0.000000	1.064515,4.171782,0.388193	0
19:20:30	1.063545,4.171955,0.386765	1.240972,4.078015,0.404992	0.000000,0.000000,0.000000	1.063545,4.171955,0.386765	0
19:20:31	1.063545,4.171955,0.386765	1.244239,4.086448,0.399155	0.000000,0.000000,0.000000	1.063545,4.171955,0.386765	0
19:20:31	1.063545,4.171955,0.386765	1.250149,4.100181,0.397281	0.000000,0.000000,0.000000	1.063545,4.171955,0.386765	0
19:20:31	1.063545,4.171955,0.386765	1.257103,4.121679,0.392331	0.000000,0.000000,0.000000	1.063545,4.171955,0.386765	0
19:20:31	1.063545,4.171955,0.386765	1.257800,4.124459,0.380793	0.000000,0.000000,0.000000	1.063545,4.171955,0.386765	0
19:20:31	1.063545,4.171955,0.386765	1.262762,4.156021,0.371428	0.000000,0.000000,0.000000	1.063545,4.171955,0.386765	0
19:20:31	1.063545,4.171955,0.386765	1.259050,4.213903,0.378201	0.000000,0.000000,0.000000	1.063545,4.171955,0.386765	0
19:20:31	1.063545,4.171955,0.386765	1.244961,4.255920,0.399129	0.000000,0.000000,0.000000	1.063545,4.171955,0.386765	0
19:20:31	1.063545,4.171955,0.386765	1.225924,4.288465,0.402082	0.000000,0.000000,0.000000	1.063545,4.171955,0.386765	0
19:20:31	0.887889,3.784666,0.344331	1.211487,4.305399,0.421737	0.000000,0.000000,0.000000	0.887889,3.784666,0.344331	0
19:20:31	0.871230,3.750169,0.340111	1.078796,3.725955,0.323604	0.000000,0.000000,0.000000	0.871230,3.750169,0.340111	0
19:20:32	0.805187,3.616708,0.317252	1.070497,3.765834,0.353853	0.000000,0.000000,0.000000	0.805187,3.616708,0.317252	0
19:20:32	0.771782,3.549966,0.305384	1.003056,3.644317,0.335753	0.000000,0.000000,0.000000	0.771782,3.549966,0.305384	0
19:20:32	0.739376,3.482839,0.293846	0.967693,3.588435,0.281806	0.000000,0.000000,0.000000	0.739376,3.482839,0.293846	0
19:20:32	0.721164,3.440944,0.286111	0.932153,3.472370,0.273039	0.000000,0.000000,0.000000	0.721164,3.440944,0.286111	0
19:20:32	0.709099,3.411442,0.281347	0.907500,3.436271,0.290437	0.000000,0.000000,0.000000	0.709099,3.411442,0.281347	0
19:20:32	0.709099,3.411442,0.281347	0.888324,3.498792,0.249814	0.000000,0.000000,0.000000	0.709099,3.411442,0.281347	0
19:20:32	0.664623,3.277058,0.272603	0.883760,3.508577,0.266038	0.000000,0.000000,0.000000	0.664623,3.277058,0.272603	0
19:20:32	0.664623,3.277058,0.272603	0.851963,3.346909,0.262638	0.000000,0.000000,0.000000	0.664623,3.277058,0.272603	0
19:20:32	0.664623,3.277058,0.272603	0.850901,3.349635,0.284091	0.000000,0.000000,0.000000	0.664623,3.277058,0.272603	0
19:20:32	0.664623,3.277058,0.272603	0.823814,3.397163,0.303139	0.000000,0.000000,0.000000	0.664623,3.277058,0.272603	0
19:20:33	0.664623,3.277058,0.272603	0.817135,3.404942,0.311893	0.000000,0.000000,0.000000	0.664623,3.277058,0.272603	0
19:20:33	0.664623,3.277058,0.272603	0.803453,3.420645,0.293505	0.000000,0.000000,0.000000	0.664623,3.277058,0.272603	0
19:20:33	0.664623,3.277058,0.272603	0.790057,3.431896,0.306747	0.000000,0.000000,0.000000	0.664623,3.277058,0.272603	0
19:20:33	0.664623,3.277058,0.272603	0.789448,3.431101,0.325112	0.000000,0.000000,0.000000	0.664623,3.277058,0.272603	0
19:20:33	0.664623,3.277058,0.272603	0.775377,3.441881,0.320232	0.000000,0.000000,0.000000	0.664623,3.277058,0.272603	0
19:20:33	0.664623,3.277058,0.272603	0.764018,3.447335,0.339728	0.000000,0.000000,0.000000	0.664623,3.277058,0.272603	0
19:20:33	0.664623,3.277058,0.272603	0.588831,3.138749,0.218708	0.000000,0.000000,0.000000	0.664623,3.277058,0.272603	0
19:20:33	0.664623,3.277058,0.272603	0.585952,3.140025,0.222290	0.000000,0.000000,0.000000	0.664623,3.277058,0.272603	0
19:20:33	0.664623,3.277058,0.272603	0.592725,3.137354,0.212153	0.000000,0.000000,0.000000	0.664623,3.277058,0.272603	0
19:20:33	0.664623,3.277058,0.272603	0.598042,3.134287,0.216624	0.000000,0.000000,0.000000	0.664623,3.277058,0.272603	0
19:20:34	0.664623,3.277058,0.272603	0.600451,3.132995,0.218649	0.000000,0.000000,0.000000	0.664623,3.277058,0.272603	0
19:20:34	0.664623,3.277058,0.272603	0.600934,3.134080,0.206239	0.000000,0.000000,0.000000	0.664623,3.277058,0.272603	0
19:20:34	0.664623,3.277058,0.272603	0.603144,3.132855,0.208542	0.000000,0.000000,0.000000	0.664623,3.277058,0.272603	0
19:20:34	0.664623,3.277058,0.272603	0.603144,3.132855,0.208542	0.000000,0.000000,0.000000	0.664623,3.277058,0.272603	0
19:20:34	0.664623,3.277058,0.272603	0.603144,3.132855,0.208542	0.000000,0.000000,0.000000	0.664623,3.277058,0.272603	0
19:20:34	0.664623,3.277058,0.272603	0.603144,3.132855,0.208542	0.000000,0.000000,0.000000	0.664623,3.277058,0.272603	0
19:20:34	0.664623,3.277058,0.272603	0.605687,3.132890,0.199331	0.000000,0.000000,0.000000	0.664623,3.277058,0.272603	0
19:20:34	0.664623,3.277058,0.272603	0.605687,3.132890,0.199331	0.000000,0.000000,0.000000	0.664623,3.277058,0.272603	0
19:20:34	0.664623,3.277058,0.272603	0.605687,3.132890,0.199331	0.000000,0.000000,0.000000	0.664623,3.277058,0.272603	0
19:20:34	0.664623,3.277058,0.272603	0.607599,3.131828,0.201708	0.000000,0.000000,0.000000	0.664623,3.277058,0.272603	0
19:20:35	0.664623,3.277058,0.272603	0.612702,3.130033,0.200831	0.000000,0.000000,0.000000	0.664623,3.277058,0.272603	0
19:20:35	0.664623,3.277058,0.272603	0.614383,3.129172,0.203155	0.000000,0.000000,0.000000	0.664623,3.277058,0.272603	0
19:20:35	0.664623,3.277058,0.272603	0.619532,3.127608,0.202420	0.000000,0.000000,0.000000	0.664623,3.277058,0.272603	0
19:20:35	0.664623,3.277058,0.272603	0.619532,3.127608,0.202420	0.000000,0.000000,0.000000	0.664623,3.277058,0.272603	0
19:20:35	0.664623,3.277058,0.272603	0.626445,3.126783,0.193613	0.000000,0.000000,0.000000	0.664623,3.277058,0.272603	0
19:20:35	0.664623,3.277058,0.272603	0.626445,3.126783,0.193613	0.000000,0.000000,0.000000	0.664623,3.277058,0.272603	0
19:20:35	0.664623,3.277058,0.272603	0.633015,3.126372,0.185549	0.000000,0.000000,0.000000	0.664623,3.277058,0.272603	0
19:20:35	0.664623,3.277058,0.272603	0.633015,3.126372,0.185549	0.000000,0.000000,0.000000	0.664623,3.277058,0.272603	0
19:20:35	0.664623,3.277058,0.272603	0.633015,3.126372,0.185549	0.000000,0.000000,0.000000	0.664623,3.277058,0.272603	0
19:20:35	0.664623,3.277058,0.272603	0.638178,3.125457,0.185021	0.000000,0.000000,0.000000	0.664623,3.277058,0.272603	0
19:20:36	0.664623,3.277058,0.272603	0.638992,3.124934,0.187717	0.000000,0.000000,0.000000	0.664623,3.277058,0.272603	0
19:20:36	0.664623,3.277058,0.272603	0.638992,3.124934,0.187717	0.000000,0.000000,0.000000	0.664623,3.277058,0.272603	0
19:20:36	0.664623,3.277058,0.272603	0.638992,3.124934,0.187717	0.000000,0.000000,0.000000	0.664623,3.277058,0.272603	0
19:20:36	0.664623,3.277058,0.272603	0.644552,3.122594,0.199446	0.000000,0.000000,0.000000	0.664623,3.277058,0.272603	0
19:20:36	0.664623,3.277058,0.272603	0.644552,3.122594,0.199446	0.000000,0.000000,0.000000	0.664623,3.277058,0.272603	0
19:20:36	0.664623,3.277058,0.272603	0.644552,3.122594,0.199446	0.000000,0.000000,0.000000	0.664623,3.277058,0.272603	0
19:20:36	0.664623,3.277058,0.272603	0.644552,3.122594,0.199446	0.000000,0.000000,0.000000	0.664623,3.277058,0.272603	0
19:20:36	0.664623,3.277058,0.272603	0.644552,3.122594,0.199446	0.000000,0.000000,0.000000	0.664623,3.277058,0.272603	0
19:20:36	0.664623,3.277058,0.272603	0.644552,3.122594,0.199446	0.000000,0.000000,0.000000	0.664623,3.277058,0.272603	0
19:20:36	0.664623,3.277058,0.272603	0.644552,3.122594,0.199446	0.000000,0.000000,0.000000	0.664623,3.277058,0.272603	0
19:20:37	0.664623,3.277058,0.272603	0.644552,3.122594,0.199446	0.000000,0.000000,0.000000	0.664623,3.277058,0.272603	0
19:20:37	0.664623,3.277058,0.272603	0.644552,3.122594,0.199446	0.000000,0.000000,0.000000	0.664623,3.277058,0.272603	0
19:20:37	0.664623,3.277058,0.272603	0.644552,3.122594,0.199446	0.000000,0.000000,0.000000	0.664623,3.277058,0.272603	0
19:20:37	0.664623,3.277058,0.272603	0.644552,3.122594,0.199446	0.000000,0.000000,0.000000	0.664623,3.277058,0.272603	0
19:20:37	0.664623,3.277058,0.272603	0.644552,3.122594,0.199446	0.000000,0.000000,0.000000	0.664623,3.277058,0.272603	0
19:20:37	0.664623,3.277058,0.272603	0.644552,3.122594,0.199446	0.000000,0.000000,0.000000	0.664623,3.277058,0.272603	0
19:20:37	0.664623,3.277058,0.272603	0.644552,3.122594,0.199446	0.000000,0.000000,0.000000	0.664623,3.277058,0.272603	0
19:20:37	0.664623,3.277058,0.272603	0.644552,3.122594,0.199446	0.000000,0.000000,0.000000	0.664623,3.277058,0.272603	0
19:20:37	0.664623,3.277058,0.272603	0.644552,3.122594,0.199446	0.000000,0.000000,0.000000	0.664623,3.277058,0.272603	0
19:20:37	0.664623,3.277058,0.272603	0.644552,3.122594,0.199446	0.000000,0.000000,0.000000	0.664623,3.277058,0.272603	0
19:20:38	0.664623,3.277058,0.272603	0.644552,3.122594,0.199446	0.000000,0.000000,0.000000	0.664623,3.277058,0.272603	0
19:20:38	0.664623,3.277058,0.272603	0.644552,3.122594,0.199446	0.000000,0.000000,0.000000	0.664623,3.277058,0.272603	0
19:20:38	0.664623,3.277058,0.272603	0.644552,3.122594,0.199446	0.000000,0.000000,0.000000	0.664623,3.277058,0.272603	0
19:20:38	0.664623,3.277058,0.272603	0.644552,3.122594,0.199446	0.000000,0.000000,0.000000	0.664623,3.277058,0.272603	0
19:20:38	0.664623,3.277058,0.272603	0.644552,3.122594,0.199446	0.000000,0.000000,0.000000	0.664623,3.277058,0.272603	0
19:20:38	0.664623,3.277058,0.272603	0.644552,3.122594,0.199446	0.000000,0.000000,0.000000	0.664623,3.277058,0.272603	0
19:20:38	0.664623,3.277058,0.272603	0.644552,3.122594,0.199446	0.000000,0.000000,0.000000	0.664623,3.277058,0.272603	0
19:20:38	0.664623,3.277058,0.272603	0.644552,3.122594,0.199446	0.000000,0.000000,0.000000	0.664623,3.277058,0.272603	0
19:20:38	0.664623,3.277058,0.272603	0.644552,3.122594,0.199446	0.000000,0.000000,0.000000	0.664623,3.277058,0.272603	0
19:20:38	0.664623,3.277058,0.272603	0.644552,3.122594,0.199446	0.000000,0.000000,0.000000	0.664623,3.277058,0.272603	0
19:20:39	0.664623,3.277058,0.272603	0.644552,3.122594,0.199446	0.000000,0.000000,0.000000	0.664623,3.277058,0.272603	0
19:20:39	0.664623,3.277058,0.272603	0.644552,3.122594,0.199446	0.000000,0.000000,0.000000	0.664623,3.277058,0.272603	0
19:20:39	0.664623,3.277058,0.272603	0.644552,3.122594,0.199446	0.000000,0.000000,0.000000	0.664623,3.277058,0.272603	0
19:20:39	0.664623,3.277058,0.272603	0.644552,3.122594,0.199446	0.000000,0.000000,0.000000	0.664623,3.277058,0.272603	0
19:20:39	0.664623,3.277058,0.272603	0.644552,3.122594,0.199446	0.000000,0.000000,0.000000	0.664623,3.277058,0.272603	0
19:20:39	0.664623,3.277058,0.272603	0.644552,3.122594,0.199446	0.000000,0.000000,0.000000	0.664623,3.277058,0.272603	0
19:20:39	0.664623,3.277058,0.272603	0.644552,3.122594,0.199446	0.000000,0.000000,0.000000	0.664623,3.277058,0.272603	0
19:20:39	0.664623,3.277058,0.272603	0.644552,3.122594,0.199446	0.000000,0.000000,0.000000	0.664623,3.277058,0.272603	0
19:20:39	0.664623,3.277058,0.272603	0.644552,3.122594,0.199446	0.000000,0.000000,0.000000	0.664623,3.277058,0.272603	0
19:20:39	0.664623,3.277058,0.272603	0.644552,3.122594,0.199446	0.000000,0.000000,0.000000	0.664623,3.277058,0.272603	0
19:20:40	0.664623,3.277058,0.272603	0.644552,3.122594,0.199446	0.000000,0.000000,0.000000	0.664623,3.277058,0.272603	0
19:20:40	0.664623,3.277058,0.272603	0.644552,3.122594,0.199446	0.000000,0.000000,0.000000	0.664623,3.277058,0.272603	0
19:20:40	0.664623,3.277058,0.272603	0.644552,3.122594,0.199446	0.000000,0.000000,0.000000	0.664623,3.277058,0.272603	0
19:20:40	0.664623,3.277058,0.272603	0.644552,3.122594,0.199446	0.000000,0.000000,0.000000	0.664623,3.277058,0.272603	0
19:20:40	0.664623,3.277058,0.272603	0.644552,3.122594,0.199446	0.000000,0.000000,0.000000	0.664623,3.277058,0.272603	0
19:20:40	0.664623,3.277058,0.272603	0.644552,3.122594,0.199446	0.000000,0.000000,0.000000	0.664623,3.277058,0.272603	0
19:20:40	0.664623,3.277058,0.272603	0.644552,3.122594,0.199446	0.000000,0.000000,0.000000	0.664623,3.277058,0.272603	0
19:20:40	0.664623,3.277058,0.272603	0.644552,3.122594,0.199446	0.000000,0.000000,0.000000	0.664623,3.277058,0.272603	0
19:20:40	0.664623,3.277058,0.272603	0.644552,3.122594,0.199446	0.000000,0.000000,0.000000	0.664623,3.277058,0.272603	0
19:20:40	0.664623,3.277058,0.272603	0.644552,3.122594,0.199446	0.000000,0.000000,0.000000	0.664623,3.277058,0.272603	0
19:20:41	0.664623,3.277058,0.272603	0.644552,3.122594,0.199446	0.000000,0.000000,0.000000	0.664623,3.277058,0.272603	0
19:20:41	0.664623,3.277058,0.272603	0.644552,3.122594,0.199446	0.000000,0.000000,0.000000	0.664623,3.277058,0.272603	0
19:20:41	0.664623,3.277058,0.272603	0.644552,3.122594,0.199446	0.000000,0.000000,0.000000	0.664623,3.277058,0.272603	0
19:20:41	0.664623,3.277058,0.272603	0.644552,3.122594,0.199446	0.000000,0.000000,0.000000	0.664623,3.277058,0.272603	0
19:20:41	0.664623,3.277058,0.272603	0.644552,3.122594,0.199446	0.000000,0.000000,0.000000	0.664623,3.277058,0.272603	0
19:20:41	0.664623,3.277058,0.272603	0.644552,3.122594,0.199446	0.000000,0.000000,0.000000	0.664623,3.277058,0.272603	0
19:20:41	0.664623,3.277058,0.272603	0.644552,3.122594,0.199446	0.000000,0.000000,0.000000	0.664623,3.277058,0.272603	0
19:20:41	0.664623,3.277058,0.272603	0.644552,3.122594,0.199446	0.000000,0.000000,0.000000	0.664623,3.277058,0.272603	0
19:20:41	0.664623,3.277058,0.272603	0.644552,3.122594,0.199446	0.000000,0.000000,0.000000	0.664623,3.277058,0.272603	0
19:20:41	0.664623,3.277058,0.272603	0.644552,3.122594,0.199446	0.000000,0.000000,0.000000	0.664623,3.277058,0.272603	0
19:20:42	0.664623,3.277058,0.272603	0.644552,3.122594,0.199446	0.000000,0.000000,0.000000	0.664623,3.277058,0.272603	0
19:20:42	0.664623,3.277058,0.272603	0.644552,3.122594,0.199446	0.000000,0.000000,0.000000	0.664623,3.277058,0.272603	0
19:20:42	0.664623,3.277058,0.272603	0.644552,3.122594,0.199446	0.000000,0.000000,0.000000	0.664623,3.277058,0.272603	0
19:20:42	0.664623,3.277058,0.272603	0.644552,3.122594,0.199446	0.000000,0.000000,0.000000	0.664623,3.277058,0.272603	0
19:20:42	0.664623,3.277058,0.272603	0.644552,3.122594,0.199446	0.000000,0.000000,0.000000	0.664623,3.277058,0.272603	0
19:20:42	0.664623,3.277058,0.272603	0.644552,3.122594,0.199446	0.000000,0.000000,0.000000	0.664623,3.277058,0.272603	0
19:20:42	0.664623,3.277058,0.272603	0.644552,3.122594,0.199446	0.000000,0.000000,0.000000	0.664623,3.277058,0.272603	0
19:20:42	0.664623,3.277058,0.272603	0.644552,3.122594,0.199446	0.000000,0.000000,0.000000	0.664623,3.277058,0.272603	0
19:20:42	0.664623,3.277058,0.272603	0.644552,3.122594,0.199446	0.000000,0.000000,0.000000	0.664623,3.277058,0.272603	0
19:20:42	0.664623,3.277058,0.272603	0.644552,3.122594,0.199446	0.000000,0.000000,0.000000	0.664623,3.277058,0.272603	0
19:20:43	0.664623,3.277058,0.272603	0.644552,3.122594,0.199446	0.000000,0.000000,0.000000	0.664623,3.277058,0.272603	0
19:20:43	0.664623,3.277058,0.272603	0.644552,3.122594,0.199446	0.000000,0.000000,0.000000	0.664623,3.277058,0.272603	0
19:20:43	0.664623,3.277058,0.272603	0.644552,3.122594,0.199446	0.000000,0.000000,0.000000	0.664623,3.277058,0.272603	0
19:20:43	0.664623,3.277058,0.272603	0.644552,3.122594,0.199446	0.000000,0.000000,0.000000	0.664623,3.277058,0.272603	0
19:20:43	0.664623,3.277058,0.272603	0.644552,3.122594,0.199446	0.000000,0.000000,0.000000	0.664623,3.277058,0.272603	0
19:20:43	0.664623,3.277058,0.272603	0.644552,3.122594,0.199446	0.000000,0.000000,0.000000	0.664623,3.277058,0.272603	0
19:20:43	1.770469,2.427436,1.159558	0.644552,3.122594,0.199446	0.000000,0.000000,0.000000	1.770469,2.427436,1.159558	0
19:20:43	1.770469,2.427436,1.159558	1.959247,2.426278,1.027476	0.000000,0.000000,0.000000	1.770469,2.427436,1.159558	0
19:20:43	1.770469,2.427436,1.159558	1.964713,2.412207,1.069279	0.000000,0.000000,0.000000	1.770469,2.427436,1.159558	0
19:20:43	1.770469,2.427436,1.159558	1.966479,2.390207,1.131698	0.000000,0.000000,0.000000	1.770469,2.427436,1.159558	0
19:20:44	1.770469,2.427436,1.159558	1.948378,2.351154,1.260144	0.000000,0.000000,0.000000	1.770469,2.427436,1.159558	0
19:20:44	1.770469,2.427436,1.159558	1.904313,2.327753,1.380004	0.000000,0.000000,0.000000	1.770469,2.427436,1.159558	0
19:20:44	1.770469,2.427436,1.159558	1.870969,2.326479,1.440326	0.000000,0.000000,0.000000	1.770469,2.427436,1.159558	0
19:20:44	1.770469,2.427436,1.159558	1.855744,2.331514,1.466330	0.000000,0.000000,0.000000	1.770469,2.427436,1.159558	0
19:20:44	1.770469,2.427436,1.159558	1.847955,2.335029,1.478663	0.000000,0.000000,0.000000	1.770469,2.427436,1.159558	0
19:20:44	1.726831,2.528028,0.878156	1.839296,2.336764,1.488444	0.000000,0.000000,0.000000	1.726831,2.528028,0.878156	0
19:20:44	1.700522,2.554453,0.796443	1.908795,2.532150,0.742376	0.000000,0.000000,0.000000	1.700522,2.554453,0.796443	0
19:20:44	1.700522,2.554453,0.796443	1.898799,2.542056,0.750291	0.000000,0.000000,0.000000	1.700522,2.554453,0.796443	0
19:20:44	1.700522,2.554453,0.796443	1.882331,2.513593,0.941714	0.000000,0.000000,0.000000	1.700522,2.554453,0.796443	0
19:20:44	1.700522,2.554453,0.796443	1.852169,2.502218,1.035397	0.000000,0.000000,0.000000	1.700522,2.554453,0.796443	0
19:20:45	1.700522,2.554453,0.796443	1.840424,2.483978,1.045126	0.000000,0.000000,0.000000	1.700522,2.554453,0.796443	0
19:20:45	1.700522,2.554453,0.796443	1.832823,2.503061,1.078261	0.000000,0.000000,0.000000	1.700522,2.554453,0.796443	0
19:20:45	1.700522,2.554453,0.796443	1.823844,2.503339,1.094296	0.000000,0.000000,0.000000	1.700522,2.554453,0.796443	0
19:20:45	1.700522,2.554453,0.796443	1.820256,2.514895,1.106920	0.000000,0.000000,0.000000	1.700522,2.554453,0.796443	0
19:20:45	1.457815,2.638007,0.282491	1.817344,2.531089,1.117733	0.000000,0.000000,0.000000	1.457815,2.638007,0.282491	0
19:20:45	1.457815,2.638007,0.282491	1.619333,2.616164,0.514310	0.000000,0.000000,0.000000	1.457815,2.638007,0.282491	0
19:20:45	1.457815,2.638007,0.282491	1.588656,2.612544,0.580701	0.000000,0.000000,0.000000	1.457815,2.638007,0.282491	0
19:20:45	1.457815,2.638007,0.282491	1.580278,2.619748,0.596622	0.000000,0.000000,0.000000	1.457815,2.638007,0.282491	0
19:20:45	1.457815,2.638007,0.282491	1.584858,2.641104,0.591363	0.000000,0.000000,0.000000	1.457815,2.638007,0.282491	0
19:20:45	1.457815,2.638007,0.282491	1.570440,2.651847,0.611879	0.000000,0.000000,0.000000	1.457815,2.638007,0.282491	0
19:20:46	1.457815,2.638007,0.282491	1.577680,2.638725,0.602690	0.000000,0.000000,0.000000	1.457815,2.638007,0.282491	0
19:20:46	1.457815,2.638007,0.282491	1.589906,2.653299,0.581276	0.000000,0.000000,0.000000	1.457815,2.638007,0.282491	0
19:20:46	1.457815,2.638007,0.282491	1.598633,2.672062,0.558248	0.000000,0.000000,0.000000	1.457815,2.638007,0.282491	0
19:20:46	1.457815,2.638007,0.282491	1.602004,2.690513,0.539028	0.000000,0.000000,0.000000	1.457815,2.638007,0.282491	0
19:20:46	1.457815,2.638007,0.282491	1.517890,2.524669,0.473755	0.000000,0.000000,0.000000	1.457815,2.638007,0.282491	0
19:20:46	1.457815,2.638007,0.282491	1.517890,2.524669,0.473755	0.000000,0.000000,0.000000	1.457815,2.638007,0.282491	0
19:20:46	1.457815,2.638007,0.282491	1.517890,2.524669,0.473755	0.000000,0.000000,0.000000	1.457815,2.638007,0.282491	0
19:20:46	1.457815,2.638007,0.282491	1.517890,2.524669,0.473755	0.000000,0.000000,0.000000	1.457815,2.638007,0.282491	0
19:20:46	1.457815,2.638007,0.282491	1.517890,2.524669,0.473755	0.000000,0.000000,0.000000	1.457815,2.638007,0.282491	0
19:20:46	1.457815,2.638007,0.282491	1.517890,2.524669,0.473755	0.000000,0.000000,0.000000	1.457815,2.638007,0.282491	0
19:20:47	1.457815,2.638007,0.282491	1.517890,2.524669,0.473755	0.000000,0.000000,0.000000	1.457815,2.638007,0.282491	0
19:20:47	1.457815,2.638007,0.282491	1.517890,2.524669,0.473755	0.000000,0.000000,0.000000	1.457815,2.638007,0.282491	0
19:20:47	1.457815,2.638007,0.282491	1.517890,2.524669,0.473755	0.000000,0.000000,0.000000	1.457815,2.638007,0.282491	0
19:20:47	1.457815,2.638007,0.282491	1.517890,2.524669,0.473755	0.000000,0.000000,0.000000	1.457815,2.638007,0.282491	0
19:20:47	1.457815,2.638007,0.282491	1.517890,2.524669,0.473755	0.000000,0.000000,0.000000	1.457815,2.638007,0.282491	0
19:20:47	1.457815,2.638007,0.282491	1.517890,2.524669,0.473755	0.000000,0.000000,0.000000	1.457815,2.638007,0.282491	0
19:20:47	1.457815,2.638007,0.282491	1.517890,2.524669,0.473755	0.000000,0.000000,0.000000	1.457815,2.638007,0.282491	0
19:20:47	1.457815,2.638007,0.282491	1.517890,2.524669,0.473755	0.000000,0.000000,0.000000	1.457815,2.638007,0.282491	0
19:20:47	1.457815,2.638007,0.282491	1.517890,2.524669,0.473755	0.000000,0.000000,0.000000	1.457815,2.638007,0.282491	0
19:20:47	1.457815,2.638007,0.282491	1.517890,2.524669,0.473755	0.000000,0.000000,0.000000	1.457815,2.638007,0.282491	0
19:20:48	1.457815,2.638007,0.282491	1.517890,2.524669,0.473755	0.000000,0.000000,0.000000	1.457815,2.638007,0.282491	0
19:20:48	1.457815,2.638007,0.282491	1.517890,2.524669,0.473755	0.000000,0.000000,0.000000	1.457815,2.638007,0.282491	0
19:20:48	1.457815,2.638007,0.282491	1.517890,2.524669,0.473755	0.000000,0.000000,0.000000	1.457815,2.638007,0.282491	0
19:20:48	1.457815,2.638007,0.282491	1.517890,2.524669,0.473755	0.000000,0.000000,0.000000	1.457815,2.638007,0.282491	0
19:20:48	1.457815,2.638007,0.282491	1.517890,2.524669,0.473755	0.000000,0.000000,0.000000	1.457815,2.638007,0.282491	0
19:20:48	1.457815,2.638007,0.282491	1.517890,2.524669,0.473755	0.000000,0.000000,0.000000	1.457815,2.638007,0.282491	0
19:20:48	1.457815,2.638007,0.282491	1.517890,2.524669,0.473755	0.000000,0.000000,0.000000	1.457815,2.638007,0.282491	0
19:20:48	1.457815,2.638007,0.282491	1.517890,2.524669,0.473755	0.000000,0.000000,0.000000	1.457815,2.638007,0.282491	0
19:20:48	1.457815,2.638007,0.282491	1.517890,2.524669,0.473755	0.000000,0.000000,0.000000	1.457815,2.638007,0.282491	0
19:20:48	1.457815,2.638007,0.282491	1.517890,2.524669,0.473755	0.000000,0.000000,0.000000	1.457815,2.638007,0.282491	0
19:20:49	1.457815,2.638007,0.282491	1.517890,2.524669,0.473755	0.000000,0.000000,0.000000	1.457815,2.638007,0.282491	0
19:20:49	1.457815,2.638007,0.282491	1.517890,2.524669,0.473755	0.000000,0.000000,0.000000	1.457815,2.638007,0.282491	0
19:20:49	1.457815,2.638007,0.282491	1.517890,2.524669,0.473755	0.000000,0.000000,0.000000	1.457815,2.638007,0.282491	0
19:20:49	1.457815,2.638007,0.282491	1.517890,2.524669,0.473755	0.000000,0.000000,0.000000	1.457815,2.638007,0.282491	0
19:20:49	1.457815,2.638007,0.282491	1.517890,2.524669,0.473755	0.000000,0.000000,0.000000	1.457815,2.638007,0.282491	0
19:20:49	1.457815,2.638007,0.282491	1.411346,2.486353,0.240449	0.000000,0.000000,0.000000	1.457815,2.638007,0.282491	0
19:20:49	1.457815,2.638007,0.282491	1.411446,2.486679,0.235589	0.000000,0.000000,0.000000	1.457815,2.638007,0.282491	0
19:20:49	1.457815,2.638007,0.282491	1.413728,2.486015,0.235383	0.000000,0.000000,0.000000	1.457815,2.638007,0.282491	0
19:20:49	1.457815,2.638007,0.282491	1.413728,2.486015,0.235383	0.000000,0.000000,0.000000	1.457815,2.638007,0.282491	0
19:20:49	1.457815,2.638007,0.282491	1.413728,2.486015,0.235383	0.000000,0.000000,0.000000	1.457815,2.638007,0.282491	0
19:20:50	1.457815,2.638007,0.282491	1.415948,2.485044,0.240086	0.000000,0.000000,0.000000	1.457815,2.638007,0.282491	0
19:20:50	1.457815,2.638007,0.282491	1.415948,2.485044,0.240086	0.000000,0.000000,0.000000	1.457815,2.638007,0.282491	0
19:20:50	1.457815,2.638007,0.282491	1.415948,2.485044,0.240086	0.000000,0.000000,0.000000	1.457815,2.638007,0.282491	0
19:20:50	1.457815,2.638007,0.282491	1.415948,2.485044,0.240086	0.000000,0.000000,0.000000	1.457815,2.638007,0.282491	0
19:20:50	1.457815,2.638007,0.282491	1.416565,2.484833,0.240711	0.000000,0.000000,0.000000	1.457815,2.638007,0.282491	0
19:20:50	1.457815,2.638007,0.282491	1.417165,2.484632,0.241318	0.000000,0.000000,0.000000	1.457815,2.638007,0.282491	0
19:20:50	1.457815,2.638007,0.282491	1.414828,2.484958,0.246254	0.000000,0.000000,0.000000	1.457815,2.638007,0.282491	0
19:20:50	1.457815,2.638007,0.282491	1.415442,2.484757,0.246772	0.000000,0.000000,0.000000	1.457815,2.638007,0.282491	0
19:20:50	1.457815,2.638007,0.282491	1.415442,2.484757,0.246772	0.000000,0.000000,0.000000	1.457815,2.638007,0.282491	0
19:20:50	1.457815,2.638007,0.282491	1.413792,2.484937,0.252061	0.000000,0.000000,0.000000	1.457815,2.638007,0.282491	0
19:20:51	1.457815,2.638007,0.282491	1.413792,2.484937,0.252061	0.000000,0.000000,0.000000	1.457815,2.638007,0.282491	0
19:20:51	1.457815,2.638007,0.282491	1.412268,2.485356,0.252603	0.000000,0.000000,0.000000	1.457815,2.638007,0.282491	0
19:20:51	1.457815,2.638007,0.282491	1.412334,2.485577,0.248037	0.000000,0.000000,0.000000	1.457815,2.638007,0.282491	0
19:20:51	1.457815,2.638007,0.282491	1.412334,2.485577,0.248037	0.000000,0.000000,0.000000	1.457815,2.638007,0.282491	0
19:20:51	1.457815,2.638007,0.282491	1.412410,2.485829,0.243493	0.000000,0.000000,0.000000	1.457815,2.638007,0.282491	0
19:20:51	1.457815,2.638007,0.282491	1.412410,2.485829,0.243493	0.000000,0.000000,0.000000	1.457815,2.638007,0.282491	0
19:20:51	1.457815,2.638007,0.282491	1.411780,2.486053,0.242952	0.000000,0.000000,0.000000	1.457815,2.638007,0.282491	0
19:20:51	1.457815,2.638007,0.282491	1.411780,2.486053,0.242952	0.000000,0.000000,0.000000	1.457815,2.638007,0.282491	0
19:20:51	1.457815,2.638007,0.282491	1.413312,2.485645,0.242228	0.000000,0.000000,0.000000	1.457815,2.638007,0.282491	0
19:20:51	1.457815,2.638007,0.282491	1.413234,2.485376,0.246916	0.000000,0.000000,0.000000	1.457815,2.638007,0.282491	0
19:20:52	1.457815,2.638007,0.282491	1.415442,2.484757,0.246772	0.000000,0.000000,0.000000	1.457815,2.638007,0.282491	0
19:20:52	1.457815,2.638007,0.282491	1.415376,2.484518,0.251502	0.000000,0.000000,0.000000	1.457815,2.638007,0.282491	0
19:20:52	1.457815,2.638007,0.282491	1.417614,2.483923,0.251382	0.000000,0.000000,0.000000	1.457815,2.638007,0.282491	0
19:20:52	1.457815,2.638007,0.282491	1.417614,2.483923,0.251382	0.000000,0.000000,0.000000	1.457815,2.638007,0.282491	0
19:20:52	1.457815,2.638007,0.282491	1.418187,2.483752,0.251826	0.000000,0.000000,0.000000	1.457815,2.638007,0.282491	0
19:20:52	1.457815,2.638007,0.282491	1.418745,2.483588,0.252257	0.000000,0.000000,0.000000	1.457815,2.638007,0.282491	0
19:20:52	0.836426,0.396092,0.109736	1.419288,2.483432,0.252677	0.000000,0.000000,0.000000	0.836426,0.396092,0.109736	0
19:20:52	0.836426,0.396092,0.109736	0.710723,0.543297,0.210317	0.000000,0.000000,0.000000	0.836426,0.396092,0.109736	0
19:20:52	0.836426,0.396092,0.109736	0.748839,0.575509,0.086254	0.000000,0.000000,0.000000	0.836426,0.396092,0.109736	0
19:20:52	0.836426,0.396092,0.109736	0.766471,0.580129,0.039403	0.000000,0.000000,0.000000	0.836426,0.396092,0.109736	0
19:20:53	0.836426,0.396092,0.109736	0.773656,0.580067,0.015650	0.000000,0.000000,0.000000	0.836426,0.396092,0.109736	0
19:20:53	0.836426,0.396092,0.109736	0.778520,0.574377,-0.029712	0.000000,0.000000,0.000000	0.836426,0.396092,0.109736	0
19:20:53	0.836426,0.396092,0.109736	0.773490,0.567962,-0.051504	0.000000,0.000000,0.000000	0.836426,0.396092,0.109736	0
19:20:53	0.836426,0.396092,0.109736	0.778235,0.562584,-0.078884	0.000000,0.000000,0.000000	0.836426,0.396092,0.109736	0
19:20:53	0.836426,0.396092,0.109736	0.775074,0.558261,-0.089633	0.000000,0.000000,0.000000	0.836426,0.396092,0.109736	0
19:20:53	0.836426,0.396092,0.109736	0.782356,0.553081,-0.113252	0.000000,0.000000,0.000000	0.836426,0.396092,0.109736	0
19:20:53	0.836426,0.396092,0.109736	0.781386,0.547012,-0.128538	0.000000,0.000000,0.000000	0.836426,0.396092,0.109736	0
19:20:53	0.836426,0.396092,0.109736	0.761187,0.533762,-0.138345	0.000000,0.000000,0.000000	0.836426,0.396092,0.109736	0
19:20:53	0.836426,0.396092,0.109736	0.899856,0.286971,0.306400	0.000000,0.000000,0.000000	0.836426,0.396092,0.109736	0
19:20:53	0.836426,0.396092,0.109736	0.964674,0.407450,0.299720	0.000000,0.000000,0.000000	0.836426,0.396092,0.109736	0
19:20:54	0.836426,0.396092,0.109736	0.964674,0.407450,0.299720	0.000000,0.000000,0.000000	0.836426,0.396092,0.109736	0
19:20:54	0.836426,0.396092,0.109736	0.964674,0.407450,0.299720	0.000000,0.000000,0.000000	0.836426,0.396092,0.109736	0
19:20:54	0.836426,0.396092,0.109736	0.964674,0.407450,0.299720	0.000000,0.000000,0.000000	0.836426,0.396092,0.109736	0
19:20:54	0.836426,0.396092,0.109736	0.964674,0.407450,0.299720	0.000000,0.000000,0.000000	0.836426,0.396092,0.109736	0
19:20:54	0.836426,0.396092,0.109736	0.964674,0.407450,0.299720	0.000000,0.000000,0.000000	0.836426,0.396092,0.109736	0
19:20:54	0.836426,0.396092,0.109736	0.964674,0.407450,0.299720	0.000000,0.000000,0.000000	0.836426,0.396092,0.109736	0
19:20:54	0.836426,0.396092,0.109736	0.964674,0.407450,0.299720	0.000000,0.000000,0.000000	0.836426,0.396092,0.109736	0
19:20:54	0.836426,0.396092,0.109736	0.964674,0.407450,0.299720	0.000000,0.000000,0.000000	0.836426,0.396092,0.109736	0
19:20:54	0.836426,0.396092,0.109736	0.964674,0.407450,0.299720	0.000000,0.000000,0.000000	0.836426,0.396092,0.109736	0
19:20:54	0.836426,0.396092,0.109736	0.964674,0.407450,0.299720	0.000000,0.000000,0.000000	0.836426,0.396092,0.109736	0
19:20:55	0.836426,0.396092,0.109736	0.964674,0.407450,0.299720	0.000000,0.000000,0.000000	0.836426,0.396092,0.109736	0
19:20:55	0.836426,0.396092,0.109736	0.964674,0.407450,0.299720	0.000000,0.000000,0.000000	0.836426,0.396092,0.109736	0
19:20:55	0.836426,0.396092,0.109736	0.964674,0.407450,0.299720	0.000000,0.000000,0.000000	0.836426,0.396092,0.109736	0
19:20:55	0.836426,0.396092,0.109736	0.964674,0.407450,0.299720	0.000000,0.000000,0.000000	0.836426,0.396092,0.109736	0
19:20:55	0.836426,0.396092,0.109736	0.964674,0.407450,0.299720	0.000000,0.000000,0.000000	0.836426,0.396092,0.109736	0
19:20:55	0.836426,0.396092,0.109736	0.964674,0.407450,0.299720	0.000000,0.000000,0.000000	0.836426,0.396092,0.109736	0
19:20:55	0.836426,0.396092,0.109736	0.964674,0.407450,0.299720	0.000000,0.000000,0.000000	0.836426,0.396092,0.109736	0
19:20:55	0.836426,0.396092,0.109736	0.964674,0.407450,0.299720	0.000000,0.000000,0.000000	0.836426,0.396092,0.109736	0
19:20:55	0.836426,0.396092,0.109736	0.964674,0.407450,0.299720	0.000000,0.000000,0.000000	0.836426,0.396092,0.109736	0
19:20:55	0.836426,0.396092,0.109736	0.964674,0.407450,0.299720	0.000000,0.000000,0.000000	0.836426,0.396092,0.109736	0
19:20:56	0.836426,0.396092,0.109736	0.964674,0.407450,0.299720	0.000000,0.000000,0.000000	0.836426,0.396092,0.109736	0
19:20:56	0.836426,0.396092,0.109736	0.964674,0.407450,0.299720	0.000000,0.000000,0.000000	0.836426,0.396092,0.109736	0
19:20:56	0.836426,0.396092,0.109736	0.964674,0.407450,0.299720	0.000000,0.000000,0.000000	0.836426,0.396092,0.109736	0
19:20:56	0.836426,0.396092,0.109736	0.964674,0.407450,0.299720	0.000000,0.000000,0.000000	0.836426,0.396092,0.109736	0
19:20:56	0.836426,0.396092,0.109736	0.964674,0.407450,0.299720	0.000000,0.000000,0.000000	0.836426,0.396092,0.109736	0
19:20:56	0.836426,0.396092,0.109736	0.964674,0.407450,0.299720	0.000000,0.000000,0.000000	0.836426,0.396092,0.109736	0
19:20:56	0.836426,0.396092,0.109736	0.964674,0.407450,0.299720	0.000000,0.000000,0.000000	0.836426,0.396092,0.109736	0
19:20:56	0.836426,0.396092,0.109736	0.964674,0.407450,0.299720	0.000000,0.000000,0.000000	0.836426,0.396092,0.109736	0
19:20:56	0.836426,0.396092,0.109736	0.964674,0.407450,0.299720	0.000000,0.000000,0.000000	0.836426,0.396092,0.109736	0
19:20:56	0.836426,0.396092,0.109736	0.964674,0.407450,0.299720	0.000000,0.000000,0.000000	0.836426,0.396092,0.109736	0
19:20:57	0.836426,0.396092,0.109736	0.964674,0.407450,0.299720	0.000000,0.000000,0.000000	0.836426,0.396092,0.109736	0
19:20:57	1.936435,0.211799,1.909372	0.964674,0.407450,0.299720	0.000000,0.000000,0.000000	1.936435,0.211799,1.909372	0
19:20:57	1.940211,0.218530,1.920093	2.119818,0.240974,1.749947	0.000000,0.000000,0.000000	1.940211,0.218530,1.920093	0
19:20:57	1.896931,0.348174,2.039410	2.073262,0.194137,1.625459	0.000000,0.000000,0.000000	1.896931,0.348174,2.039410	0
19:20:57	1.896931,0.348174,2.039410	1.976754,0.527733,1.964932	0.000000,0.000000,0.000000	1.896931,0.348174,2.039410	0
19:20:57	1.896931,0.348174,2.039410	1.955277,0.485544,1.773139	0.000000,0.000000,0.000000	1.896931,0.348174,2.039410	0
19:20:57	2.001583,0.340408,2.129082	1.914708,0.391739,1.650637	0.000000,0.000000,0.000000	2.001583,0.340408,2.129082	0
19:20:57	2.001583,0.340408,2.129082	2.164713,0.340411,1.897664	0.000000,0.000000,0.000000	2.001583,0.340408,2.129082	0
19:20:57	2.001583,0.340408,2.129082	2.152775,0.381465,1.880445	0.000000,0.000000,0.000000	2.001583,0.340408,2.129082	0
19:20:57	2.001583,0.340408,2.129082	2.125183,0.389654,1.830433	0.000000,0.000000,0.000000	2.001583,0.340408,2.129082	0
19:20:58	2.001583,0.340408,2.129082	2.142167,0.402782,1.873383	0.000000,0.000000,0.000000	2.001583,0.340408,2.129082	0
19:20:58	1.917178,0.321636,2.345450	2.137629,0.384305,1.849335	0.000000,0.000000,0.000000	1.917178,0.321636,2.345450	0
19:20:58	1.875955,0.298132,2.413460	2.081836,0.381379,2.152386	0.000000,0.000000,0.000000	1.875955,0.298132,2.413460	0
19:20:58	1.839977,0.281583,2.463593	2.053519,0.347275,2.277890	0.000000,0.000000,0.000000	1.839977,0.281583,2.463593	0
19:20:58	1.839977,0.281583,2.463593	2.018796,0.330328,2.313288	0.000000,0.000000,0.000000	1.839977,0.281583,2.463593	0
19:20:58	1.839977,0.281583,2.463593	2.007082,0.346628,2.286449	0.000000,0.000000,0.000000	1.839977,0.281583,2.463593	0
19:20:58	1.839977,0.281583,2.463593	1.981945,0.364613,2.235987	0.000000,0.000000,0.000000	1.839977,0.281583,2.463593	0
19:20:58	1.839977,0.281583,2.463593	1.992214,0.356760,2.252193	0.000000,0.000000,0.000000	1.839977,0.281583,2.463593	0
19:20:58	1.839977,0.281583,2.463593	1.992826,0.361574,2.261222	0.000000,0.000000,0.000000	1.839977,0.281583,2.463593	0
19:20:58	1.839977,0.281583,2.463593	1.991362,0.354288,2.246369	0.000000,0.000000,0.000000	1.839977,0.281583,2.463593	0
19:20:59	1.839977,0.281583,2.463593	1.990877,0.350593,2.240282	0.000000,0.000000,0.000000	1.839977,0.281583,2.463593	0
19:20:59	1.839977,0.281583,2.463593	1.989089,0.348968,2.233594	0.000000,0.000000,0.000000	1.839977,0.281583,2.463593	0
19:20:59	1.839977,0.281583,2.463593	1.715222,0.230095,2.635466	0.000000,0.000000,0.000000	1.839977,0.281583,2.463593	0
19:20:59	1.839977,0.281583,2.463593	1.721260,0.227677,2.649071	0.000000,0.000000,0.000000	1.839977,0.281583,2.463593	0
19:20:59	1.839977,0.281583,2.463593	1.719665,0.226271,2.643210	0.000000,0.000000,0.000000	1.839977,0.281583,2.463593	0
19:20:59	1.839977,0.281583,2.463593	1.721399,0.223343,2.644118	0.000000,0.000000,0.000000	1.839977,0.281583,2.463593	0
19:20:59	1.839977,0.281583,2.463593	1.722944,0.220830,2.644836	0.000000,0.000000,0.000000	1.839977,0.281583,2.463593	0
19:20:59	1.839977,0.281583,2.463593	1.720082,0.222586,2.639598	0.000000,0.000000,0.000000	1.839977,0.281583,2.463593	0
19:20:59	1.839977,0.281583,2.463593	1.720082,0.222586,2.639598	0.000000,0.000000,0.000000	1.839977,0.281583,2.463593	0
19:20:59	1.839977,0.281583,2.463593	1.720082,0.222586,2.639598	0.000000,0.000000,0.000000	1.839977,0.281583,2.463593	0
19:21:00	1.839977,0.281583,2.463593	1.720082,0.222586,2.639598	0.000000,0.000000,0.000000	1.839977,0.281583,2.463593	0
19:21:00	1.839977,0.281583,2.463593	1.720082,0.222586,2.639598	0.000000,0.000000,0.000000	1.839977,0.281583,2.463593	0
19:21:00	1.839977,0.281583,2.463593	1.720082,0.222586,2.639598	0.000000,0.000000,0.000000	1.839977,0.281583,2.463593	0
19:21:00	1.839977,0.281583,2.463593	1.720082,0.222586,2.639598	0.000000,0.000000,0.000000	1.839977,0.281583,2.463593	0
19:21:00	1.839977,0.281583,2.463593	1.720082,0.222586,2.639598	0.000000,0.000000,0.000000	1.839977,0.281583,2.463593	0
19:21:00	1.839977,0.281583,2.463593	1.720082,0.222586,2.639598	0.000000,0.000000,0.000000	1.839977,0.281583,2.463593	0
19:21:00	1.839977,0.281583,2.463593	1.720082,0.222586,2.639598	0.000000,0.000000,0.000000	1.839977,0.281583,2.463593	0
19:21:00	1.839977,0.281583,2.463593	1.720082,0.222586,2.639598	0.000000,0.000000,0.000000	1.839977,0.281583,2.463593	0
19:21:00	1.839977,0.281583,2.463593	1.720082,0.222586,2.639598	0.000000,0.000000,0.000000	1.839977,0.281583,2.463593	0
19:21:00	1.839977,0.281583,2.463593	1.720082,0.222586,2.639598	0.000000,0.000000,0.000000	1.839977,0.281583,2.463593	0
19:21:01	1.839977,0.281583,2.463593	1.720082,0.222586,2.639598	0.000000,0.000000,0.000000	1.839977,0.281583,2.463593	0
19:21:01	1.839977,0.281583,2.463593	1.720082,0.222586,2.639598	0.000000,0.000000,0.000000	1.839977,0.281583,2.463593	0
19:21:01	1.839977,0.281583,2.463593	1.720082,0.222586,2.639598	0.000000,0.000000,0.000000	1.839977,0.281583,2.463593	0
19:21:01	1.839977,0.281583,2.463593	1.720082,0.222586,2.639598	0.000000,0.000000,0.000000	1.839977,0.281583,2.463593	0
19:21:01	1.839977,0.281583,2.463593	1.720082,0.222586,2.639598	0.000000,0.000000,0.000000	1.839977,0.281583,2.463593	0
19:21:01	1.839977,0.281583,2.463593	1.720082,0.222586,2.639598	0.000000,0.000000,0.000000	1.839977,0.281583,2.463593	0
19:21:01	1.839977,0.281583,2.463593	1.720082,0.222586,2.639598	0.000000,0.000000,0.000000	1.839977,0.281583,2.463593	0
19:21:01	1.839977,0.281583,2.463593	1.720082,0.222586,2.639598	0.000000,0.000000,0.000000	1.839977,0.281583,2.463593	0
19:21:01	1.839977,0.281583,2.463593	1.720082,0.222586,2.639598	0.000000,0.000000,0.000000	1.839977,0.281583,2.463593	0
19:21:01	1.839977,0.281583,2.463593	1.720082,0.222586,2.639598	0.000000,0.000000,0.000000	1.839977,0.281583,2.463593	0
19:21:02	1.839977,0.281583,2.463593	1.720082,0.222586,2.639598	0.000000,0.000000,0.000000	1.839977,0.281583,2.463593	0
19:21:02	1.839977,0.281583,2.463593	1.720082,0.222586,2.639598	0.000000,0.000000,0.000000	1.839977,0.281583,2.463593	0
19:21:02	1.839977,0.281583,2.463593	1.720082,0.222586,2.639598	0.000000,0.000000,0.000000	1.839977,0.281583,2.463593	0
19:21:02	1.839977,0.281583,2.463593	1.720082,0.222586,2.639598	0.000000,0.000000,0.000000	1.839977,0.281583,2.463593	0
19:21:02	1.839977,0.281583,2.463593	1.720082,0.222586,2.639598	0.000000,0.000000,0.000000	1.839977,0.281583,2.463593	0
19:21:02	1.839977,0.281583,2.463593	1.720082,0.222586,2.639598	0.000000,0.000000,0.000000	1.839977,0.281583,2.463593	0
19:21:02	1.839977,0.281583,2.463593	1.720082,0.222586,2.639598	0.000000,0.000000,0.000000	1.839977,0.281583,2.463593	0
19:21:02	1.839977,0.281583,2.463593	1.720082,0.222586,2.639598	0.000000,0.000000,0.000000	1.839977,0.281583,2.463593	0
19:21:02	1.839977,0.281583,2.463593	1.720082,0.222586,2.639598	0.000000,0.000000,0.000000	1.839977,0.281583,2.463593	0
19:21:02	1.839977,0.281583,2.463593	1.720082,0.222586,2.639598	0.000000,0.000000,0.000000	1.839977,0.281583,2.463593	0
19:21:03	1.839977,0.281583,2.463593	1.720082,0.222586,2.639598	0.000000,0.000000,0.000000	1.839977,0.281583,2.463593	0
19:21:03	1.839977,0.281583,2.463593	1.720082,0.222586,2.639598	0.000000,0.000000,0.000000	1.839977,0.281583,2.463593	0
19:21:03	1.839977,0.281583,2.463593	1.720082,0.222586,2.639598	0.000000,0.000000,0.000000	1.839977,0.281583,2.463593	0
19:21:03	1.839977,0.281583,2.463593	1.720082,0.222586,2.639598	0.000000,0.000000,0.000000	1.839977,0.281583,2.463593	0
19:21:03	1.839977,0.281583,2.463593	1.720082,0.222586,2.639598	0.000000,0.000000,0.000000	1.839977,0.281583,2.463593	0
19:21:03	1.839977,0.281583,2.463593	1.720082,0.222586,2.639598	0.000000,0.000000,0.000000	1.839977,0.281583,2.463593	0
19:21:03	1.839977,0.281583,2.463593	1.720082,0.222586,2.639598	0.000000,0.000000,0.000000	1.839977,0.281583,2.463593	0
19:21:03	1.839977,0.281583,2.463593	1.720082,0.222586,2.639598	0.000000,0.000000,0.000000	1.839977,0.281583,2.463593	0
19:21:03	1.839977,0.281583,2.463593	1.720082,0.222586,2.639598	0.000000,0.000000,0.000000	1.839977,0.281583,2.463593	0
19:21:03	1.839977,0.281583,2.463593	1.720082,0.222586,2.639598	0.000000,0.000000,0.000000	1.839977,0.281583,2.463593	0
19:21:04	1.839977,0.281583,2.463593	1.720082,0.222586,2.639598	0.000000,0.000000,0.000000	1.839977,0.281583,2.463593	0
19:21:04	1.839977,0.281583,2.463593	1.720082,0.222586,2.639598	0.000000,0.000000,0.000000	1.839977,0.281583,2.463593	0
19:21:04	1.839977,0.281583,2.463593	1.720082,0.222586,2.639598	0.000000,0.000000,0.000000	1.839977,0.281583,2.463593	0
19:21:04	1.839977,0.281583,2.463593	1.720082,0.222586,2.639598	0.000000,0.000000,0.000000	1.839977,0.281583,2.463593	0
19:21:04	1.839977,0.281583,2.463593	1.720082,0.222586,2.639598	0.000000,0.000000,0.000000	1.839977,0.281583,2.463593	0
19:21:04	1.839977,0.281583,2.463593	1.720082,0.222586,2.639598	0.000000,0.000000,0.000000	1.839977,0.281583,2.463593	0
19:21:04	1.839977,0.281583,2.463593	1.720082,0.222586,2.639598	0.000000,0.000000,0.000000	1.839977,0.281583,2.463593	0
19:21:04	1.839977,0.281583,2.463593	1.720082,0.222586,2.639598	0.000000,0.000000,0.000000	1.839977,0.281583,2.463593	0
19:21:04	1.839977,0.281583,2.463593	1.720082,0.222586,2.639598	0.000000,0.000000,0.000000	1.839977,0.281583,2.463593	0
19:21:04	1.839977,0.281583,2.463593	1.720082,0.222586,2.639598	0.000000,0.000000,0.000000	1.839977,0.281583,2.463593	0
19:21:05	1.839977,0.281583,2.463593	1.720082,0.222586,2.639598	0.000000,0.000000,0.000000	1.839977,0.281583,2.463593	0
19:21:05	1.839977,0.281583,2.463593	1.720082,0.222586,2.639598	0.000000,0.000000,0.000000	1.839977,0.281583,2.463593	0
19:21:05	1.839977,0.281583,2.463593	1.720082,0.222586,2.639598	0.000000,0.000000,0.000000	1.839977,0.281583,2.463593	0
19:21:05	1.839977,0.281583,2.463593	1.720082,0.222586,2.639598	0.000000,0.000000,0.000000	1.839977,0.281583,2.463593	0
19:21:05	1.839977,0.281583,2.463593	1.720082,0.222586,2.639598	0.000000,0.000000,0.000000	1.839977,0.281583,2.463593	0
19:21:05	1.839977,0.281583,2.463593	1.720082,0.222586,2.639598	0.000000,0.000000,0.000000	1.839977,0.281583,2.463593	0
19:21:05	1.839977,0.281583,2.463593	1.720082,0.222586,2.639598	0.000000,0.000000,0.000000	1.839977,0.281583,2.463593	0
19:21:05	1.839977,0.281583,2.463593	1.720082,0.222586,2.639598	0.000000,0.000000,0.000000	1.839977,0.281583,2.463593	0
19:21:05	1.839977,0.281583,2.463593	1.720082,0.222586,2.639598	0.000000,0.000000,0.000000	1.839977,0.281583,2.463593	0
19:21:05	1.839977,0.281583,2.463593	1.720082,0.222586,2.639598	0.000000,0.000000,0.000000	1.839977,0.281583,2.463593	0
19:21:06	1.839977,0.281583,2.463593	1.720082,0.222586,2.639598	0.000000,0.000000,0.000000	1.839977,0.281583,2.463593	0
19:21:06	1.839977,0.281583,2.463593	1.720082,0.222586,2.639598	0.000000,0.000000,0.000000	1.839977,0.281583,2.463593	0
19:21:06	1.839977,0.281583,2.463593	1.720082,0.222586,2.639598	0.000000,0.000000,0.000000	1.839977,0.281583,2.463593	0
19:21:06	1.839977,0.281583,2.463593	1.720082,0.222586,2.639598	0.000000,0.000000,0.000000	1.839977,0.281583,2.463593	0
19:21:06	1.839977,0.281583,2.463593	1.720082,0.222586,2.639598	0.000000,0.000000,0.000000	1.839977,0.281583,2.463593	0
19:21:06	1.839977,0.281583,2.463593	1.720082,0.222586,2.639598	0.000000,0.000000,0.000000	1.839977,0.281583,2.463593	0
19:21:06	1.839977,0.281583,2.463593	1.720082,0.222586,2.639598	0.000000,0.000000,0.000000	1.839977,0.281583,2.463593	0
19:21:06	1.839977,0.281583,2.463593	1.720082,0.222586,2.639598	0.000000,0.000000,0.000000	1.839977,0.281583,2.463593	0
19:21:06	1.839977,0.281583,2.463593	1.720082,0.222586,2.639598	0.000000,0.000000,0.000000	1.839977,0.281583,2.463593	0
19:21:06	1.839977,0.281583,2.463593	1.720082,0.222586,2.639598	0.000000,0.000000,0.000000	1.839977,0.281583,2.463593	0
19:21:07	1.839977,0.281583,2.463593	1.720082,0.222586,2.639598	0.000000,0.000000,0.000000	1.839977,0.281583,2.463593	0
19:21:07	1.839977,0.281583,2.463593	1.720082,0.222586,2.639598	0.000000,0.000000,0.000000	1.839977,0.281583,2.463593	0
19:21:07	1.839977,0.281583,2.463593	1.720082,0.222586,2.639598	0.000000,0.000000,0.000000	1.839977,0.281583,2.463593	0
19:21:07	1.839977,0.281583,2.463593	1.720082,0.222586,2.639598	0.000000,0.000000,0.000000	1.839977,0.281583,2.463593	0
19:21:07	1.839977,0.281583,2.463593	1.720082,0.222586,2.639598	0.000000,0.000000,0.000000	1.839977,0.281583,2.463593	0
19:21:07	1.839977,0.281583,2.463593	1.720082,0.222586,2.639598	0.000000,0.000000,0.000000	1.839977,0.281583,2.463593	0
19:21:07	1.839977,0.281583,2.463593	1.720082,0.222586,2.639598	0.000000,0.000000,0.000000	1.839977,0.281583,2.463593	0
19:21:07	1.839977,0.281583,2.463593	1.720082,0.222586,2.639598	0.000000,0.000000,0.000000	1.839977,0.281583,2.463593	0
19:21:07	1.839977,0.281583,2.463593	1.720082,0.222586,2.639598	0.000000,0.000000,0.000000	1.839977,0.281583,2.463593	0
19:21:07	1.839977,0.281583,2.463593	1.720082,0.222586,2.639598	0.000000,0.000000,0.000000	1.839977,0.281583,2.463593	0
19:21:08	1.839977,0.281583,2.463593	1.720082,0.222586,2.639598	0.000000,0.000000,0.000000	1.839977,0.281583,2.463593	0
19:21:08	1.839977,0.281583,2.463593	1.720082,0.222586,2.639598	0.000000,0.000000,0.000000	1.839977,0.281583,2.463593	0
19:21:08	1.839977,0.281583,2.463593	1.720082,0.222586,2.639598	0.000000,0.000000,0.000000	1.839977,0.281583,2.463593	0
19:21:08	1.839977,0.281583,2.463593	1.720082,0.222586,2.639598	0.000000,0.000000,0.000000	1.839977,0.281583,2.463593	0
19:21:08	1.839977,0.281583,2.463593	1.720082,0.222586,2.639598	0.000000,0.000000,0.000000	1.839977,0.281583,2.463593	0
19:21:08	1.839977,0.281583,2.463593	1.720082,0.222586,2.639598	0.000000,0.000000,0.000000	1.839977,0.281583,2.463593	0
19:21:08	1.839977,0.281583,2.463593	1.720082,0.222586,2.639598	0.000000,0.000000,0.000000	1.839977,0.281583,2.463593	0
19:21:08	1.839977,0.281583,2.463593	1.720082,0.222586,2.639598	0.000000,0.000000,0.000000	1.839977,0.281583,2.463593	0
19:21:08	1.839977,0.281583,2.463593	1.720082,0.222586,2.639598	0.000000,0.000000,0.000000	1.839977,0.281583,2.463593	0
19:21:08	1.839977,0.281583,2.463593	1.720082,0.222586,2.639598	0.000000,0.000000,0.000000	1.839977,0.281583,2.463593	0
19:21:09	1.839977,0.281583,2.463593	1.720082,0.222586,2.639598	0.000000,0.000000,0.000000	1.839977,0.281583,2.463593	0
19:21:09	1.839977,0.281583,2.463593	1.720082,0.222586,2.639598	0.000000,0.000000,0.000000	1.839977,0.281583,2.463593	0
19:21:09	1.839977,0.281583,2.463593	1.720082,0.222586,2.639598	0.000000,0.000000,0.000000	1.839977,0.281583,2.463593	0
19:21:09	1.839977,0.281583,2.463593	1.720082,0.222586,2.639598	0.000000,0.000000,0.000000	1.839977,0.281583,2.463593	0
19:21:09	1.839977,0.281583,2.463593	1.720082,0.222586,2.639598	0.000000,0.000000,0.000000	1.839977,0.281583,2.463593	0
19:21:09	1.839977,0.281583,2.463593	1.720082,0.222586,2.639598	0.000000,0.000000,0.000000	1.839977,0.281583,2.463593	0
19:21:09	1.839977,0.281583,2.463593	1.720082,0.222586,2.639598	0.000000,0.000000,0.000000	1.839977,0.281583,2.463593	0
19:21:09	1.839977,0.281583,2.463593	1.720082,0.222586,2.639598	0.000000,0.000000,0.000000	1.839977,0.281583,2.463593	0
19:21:09	1.839977,0.281583,2.463593	1.720082,0.222586,2.639598	0.000000,0.000000,0.000000	1.839977,0.281583,2.463593	0
19:21:09	1.839977,0.281583,2.463593	1.720082,0.222586,2.639598	0.000000,0.000000,0.000000	1.839977,0.281583,2.463593	0
19:21:10	1.839977,0.281583,2.463593	1.720082,0.222586,2.639598	0.000000,0.000000,0.000000	1.839977,0.281583,2.463593	0
19:21:10	1.839977,0.281583,2.463593	1.720082,0.222586,2.639598	0.000000,0.000000,0.000000	1.839977,0.281583,2.463593	0
19:21:10	1.839977,0.281583,2.463593	1.720082,0.222586,2.639598	0.000000,0.000000,0.000000	1.839977,0.281583,2.463593	0
19:21:10	1.839977,0.281583,2.463593	1.720082,0.222586,2.639598	0.000000,0.000000,0.000000	1.839977,0.281583,2.463593	0
19:21:10	1.839977,0.281583,2.463593	1.720082,0.222586,2.639598	0.000000,0.000000,0.000000	1.839977,0.281583,2.463593	0
19:21:10	1.839977,0.281583,2.463593	1.720082,0.222586,2.639598	0.000000,0.000000,0.000000	1.839977,0.281583,2.463593	0
19:21:10	1.839977,0.281583,2.463593	1.720082,0.222586,2.639598	0.000000,0.000000,0.000000	1.839977,0.281583,2.463593	0
19:21:10	1.839977,0.281583,2.463593	1.720082,0.222586,2.639598	0.000000,0.000000,0.000000	1.839977,0.281583,2.463593	0
19:21:10	1.839977,0.281583,2.463593	1.720082,0.222586,2.639598	0.000000,0.000000,0.000000	1.839977,0.281583,2.463593	0
19:21:10	1.839977,0.281583,2.463593	1.720082,0.222586,2.639598	0.000000,0.000000,0.000000	1.839977,0.281583,2.463593	0
19:21:11	1.839977,0.281583,2.463593	1.720082,0.222586,2.639598	0.000000,0.000000,0.000000	1.839977,0.281583,2.463593	0
19:21:11	1.839977,0.281583,2.463593	1.720082,0.222586,2.639598	0.000000,0.000000,0.000000	1.839977,0.281583,2.463593	0
19:21:11	1.839977,0.281583,2.463593	1.720082,0.222586,2.639598	0.000000,0.000000,0.000000	1.839977,0.281583,2.463593	0
19:21:11	1.839977,0.281583,2.463593	1.720082,0.222586,2.639598	0.000000,0.000000,0.000000	1.839977,0.281583,2.463593	0
19:21:11	1.839977,0.281583,2.463593	1.720082,0.222586,2.639598	0.000000,0.000000,0.000000	1.839977,0.281583,2.463593	0
19:21:11	1.839977,0.281583,2.463593	1.720082,0.222586,2.639598	0.000000,0.000000,0.000000	1.839977,0.281583,2.463593	0
19:21:11	1.839977,0.281583,2.463593	1.720082,0.222586,2.639598	0.000000,0.000000,0.000000	1.839977,0.281583,2.463593	0
19:21:11	1.839977,0.281583,2.463593	1.720082,0.222586,2.639598	0.000000,0.000000,0.000000	1.839977,0.281583,2.463593	0
19:21:11	1.839977,0.281583,2.463593	1.720082,0.222586,2.639598	0.000000,0.000000,0.000000	1.839977,0.281583,2.463593	0
19:21:11	1.839977,0.281583,2.463593	1.720082,0.222586,2.639598	0.000000,0.000000,0.000000	1.839977,0.281583,2.463593	0
19:21:12	1.839977,0.281583,2.463593	1.720082,0.222586,2.639598	0.000000,0.000000,0.000000	1.839977,0.281583,2.463593	0
19:21:12	1.839977,0.281583,2.463593	1.720082,0.222586,2.639598	0.000000,0.000000,0.000000	1.839977,0.281583,2.463593	0
19:21:12	1.839977,0.281583,2.463593	1.720082,0.222586,2.639598	0.000000,0.000000,0.000000	1.839977,0.281583,2.463593	0
19:21:12	1.839977,0.281583,2.463593	1.720082,0.222586,2.639598	0.000000,0.000000,0.000000	1.839977,0.281583,2.463593	0
19:21:12	1.839977,0.281583,2.463593	1.720082,0.222586,2.639598	0.000000,0.000000,0.000000	1.839977,0.281583,2.463593	0
19:21:12	1.839977,0.281583,2.463593	1.720082,0.222586,2.639598	0.000000,0.000000,0.000000	1.839977,0.281583,2.463593	0
19:21:12	1.839977,0.281583,2.463593	1.720082,0.222586,2.639598	0.000000,0.000000,0.000000	1.839977,0.281583,2.463593	0
19:21:12	1.839977,0.281583,2.463593	1.720082,0.222586,2.639598	0.000000,0.000000,0.000000	1.839977,0.281583,2.463593	0
19:21:12	1.839977,0.281583,2.463593	1.720082,0.222586,2.639598	0.000000,0.000000,0.000000	1.839977,0.281583,2.463593	0
19:21:12	1.839977,0.281583,2.463593	1.720082,0.222586,2.639598	0.000000,0.000000,0.000000	1.839977,0.281583,2.463593	0
19:21:13	1.839977,0.281583,2.463593	1.720082,0.222586,2.639598	0.000000,0.000000,0.000000	1.839977,0.281583,2.463593	0
19:21:13	1.839977,0.281583,2.463593	1.720082,0.222586,2.639598	0.000000,0.000000,0.000000	1.839977,0.281583,2.463593	0
19:21:13	1.839977,0.281583,2.463593	1.720082,0.222586,2.639598	0.000000,0.000000,0.000000	1.839977,0.281583,2.463593	0
19:21:13	1.839977,0.281583,2.463593	1.720082,0.222586,2.639598	0.000000,0.000000,0.000000	1.839977,0.281583,2.463593	0
19:21:13	1.839977,0.281583,2.463593	1.720082,0.222586,2.639598	0.000000,0.000000,0.000000	1.839977,0.281583,2.463593	0
19:21:13	1.839977,0.281583,2.463593	1.720082,0.222586,2.639598	0.000000,0.000000,0.000000	1.839977,0.281583,2.463593	0
19:21:13	1.839977,0.281583,2.463593	1.720082,0.222586,2.639598	0.000000,0.000000,0.000000	1.839977,0.281583,2.463593	0
19:21:13	1.839977,0.281583,2.463593	1.720082,0.222586,2.639598	0.000000,0.000000,0.000000	1.839977,0.281583,2.463593	0
19:21:13	1.839977,0.281583,2.463593	1.720082,0.222586,2.639598	0.000000,0.000000,0.000000	1.839977,0.281583,2.463593	0
19:21:13	1.839977,0.281583,2.463593	1.720082,0.222586,2.639598	0.000000,0.000000,0.000000	1.839977,0.281583,2.463593	0
19:21:14	1.839977,0.281583,2.463593	1.720082,0.222586,2.639598	0.000000,0.000000,0.000000	1.839977,0.281583,2.463593	0
19:21:14	1.839977,0.281583,2.463593	1.720082,0.222586,2.639598	0.000000,0.000000,0.000000	1.839977,0.281583,2.463593	0
19:21:14	1.839977,0.281583,2.463593	1.720082,0.222586,2.639598	0.000000,0.000000,0.000000	1.839977,0.281583,2.463593	0
19:21:14	1.839977,0.281583,2.463593	1.720082,0.222586,2.639598	0.000000,0.000000,0.000000	1.839977,0.281583,2.463593	0
19:21:14	1.839977,0.281583,2.463593	1.720082,0.222586,2.639598	0.000000,0.000000,0.000000	1.839977,0.281583,2.463593	0
19:21:14	1.839977,0.281583,2.463593	1.720082,0.222586,2.639598	0.000000,0.000000,0.000000	1.839977,0.281583,2.463593	0
19:21:14	1.839977,0.281583,2.463593	1.720082,0.222586,2.639598	0.000000,0.000000,0.000000	1.839977,0.281583,2.463593	0
19:21:14	1.839977,0.281583,2.463593	1.720082,0.222586,2.639598	0.000000,0.000000,0.000000	1.839977,0.281583,2.463593	0
19:21:14	1.839977,0.281583,2.463593	1.720082,0.222586,2.639598	0.000000,0.000000,0.000000	1.839977,0.281583,2.463593	0
19:21:14	1.839977,0.281583,2.463593	1.720082,0.222586,2.639598	0.000000,0.000000,0.000000	1.839977,0.281583,2.463593	0
19:21:15	1.839977,0.281583,2.463593	1.720082,0.222586,2.639598	0.000000,0.000000,0.000000	1.839977,0.281583,2.463593	0
19:21:15	1.839977,0.281583,2.463593	1.720082,0.222586,2.639598	0.000000,0.000000,0.000000	1.839977,0.281583,2.463593	0
19:21:15	1.839977,0.281583,2.463593	1.720082,0.222586,2.639598	0.000000,0.000000,0.000000	1.839977,0.281583,2.463593	0
19:21:15	1.839977,0.281583,2.463593	1.720082,0.222586,2.639598	0.000000,0.000000,0.000000	1.839977,0.281583,2.463593	0
