# Flight Log 
# 25 08 17 - 19:20:25
Time		X,Y,Z				goalX,goalY,goalZ		ddx,ddy,ddz			angularx,angulary,angularz	battery
19:20:25	0.000000,0.000000,0.000000	0.000000,0.000000,0.000000	0.000000,0.000000,0.000000	0.000000,0.000000,0.000000	0
19:20:25	0.951967,4.217484,0.389639	0.000000,0.000000,0.000000	-0.222737,0.122146,10.226733	0.951967,4.217484,0.389639	0
19:20:25	0.951981,4.217474,0.389638	0.755294,4.246009,0.424479	-0.222737,0.122146,10.217153	0.951981,4.217474,0.389638	3.80058646202
19:20:26	0.951944,4.217376,0.389589	0.754825,4.246501,0.424555	-0.217947,0.122146,10.209968	0.951944,4.217376,0.389589	3.80058646202
19:20:26	0.951939,4.217390,0.389587	0.754886,4.246626,0.424777	-0.215552,0.131726,10.224338	0.951939,4.217390,0.389587	3.80058646202
19:20:26	0.951950,4.217516,0.389571	0.754894,4.246633,0.424818	-0.220342,0.124541,10.219548	0.951950,4.217516,0.389571	3.80058646202
19:20:26	0.951960,4.217529,0.389713	0.754853,4.246439,0.424709	-0.225132,0.124541,10.224338	0.951960,4.217529,0.389713	3.80058646202
19:20:26	0.951981,4.217448,0.389710	0.754827,4.246427,0.424858	-0.217947,0.126936,10.217153	0.951981,4.217448,0.389710	3.80058646202
19:20:26	0.951932,4.217371,0.389585	0.754873,4.246617,0.424908	-0.217947,0.126936,10.217153	0.951932,4.217371,0.389585	3.80058646202
19:20:26	0.951923,4.217444,0.389570	0.754814,4.246137,0.425324	-0.227527,0.122146,10.219548	0.951923,4.217444,0.389570	3.80058646202
19:20:26	0.951972,4.217471,0.389639	0.754853,4.246234,0.425084	-0.213157,0.117356,10.212363	0.951972,4.217471,0.389639	3.80058646202
19:20:26	0.951930,4.217477,0.389542	0.754772,4.246365,0.424755	-0.213157,0.117356,10.212363	0.951930,4.217477,0.389542	3.80058646202
19:20:26	0.951950,4.217492,0.389672	0.754650,4.245181,0.424192	-0.220342,0.119751,10.214758	0.951950,4.217492,0.389672	3.80058646202
19:20:27	0.951968,4.217490,0.389635	0.754651,4.245179,0.424220	-0.225132,0.122146,10.221943	0.951968,4.217490,0.389635	3.80058646202
19:20:27	0.951935,4.217430,0.389555	0.754600,4.245177,0.423817	-0.222737,0.124541,10.214758	0.951935,4.217430,0.389555	3.80058646202
19:20:27	0.952064,4.217504,0.389685	0.754600,4.244923,0.423966	-0.222737,0.119751,10.219548	0.952064,4.217504,0.389685	3.80058646202
19:20:27	0.951975,4.217480,0.389632	0.754709,4.244810,0.424078	-0.213157,0.126936,10.219548	0.951975,4.217480,0.389632	3.80058646202
19:20:27	0.952021,4.217621,0.389705	0.754605,4.245057,0.423935	-0.227527,0.122146,10.229128	0.952021,4.217621,0.389705	3.80058646202
19:20:27	0.951958,4.217581,0.389689	0.754638,4.245152,0.424068	-0.217947,0.122146,10.219548	0.951958,4.217581,0.389689	3.80058646202
19:20:27	0.951947,4.217524,0.389579	0.754674,4.244999,0.424470	-0.217947,0.126936,10.219548	0.951947,4.217524,0.389579	3.80058646202
19:20:27	0.952036,4.217525,0.389753	0.754703,4.245217,0.424657	-0.225132,0.122146,10.217153	0.952036,4.217525,0.389753	3.80058646202
19:20:27	0.952111,4.217447,0.389507	0.754725,4.245230,0.424378	-0.225132,0.124541,10.221943	0.952111,4.217447,0.389507	3.72668623924
19:20:27	0.952080,4.217448,0.389455	0.754688,4.245169,0.424615	-0.249082,0.026345,10.231523	0.952080,4.217448,0.389455	3.72668623924
19:20:28	0.951959,4.217544,0.389672	0.754662,4.245751,0.423109	-0.217947,0.074246,10.195598	0.951959,4.217544,0.389672	3.71085047722
19:20:28	0.951919,4.217431,0.389650	0.754871,4.246726,0.424918	-0.179626,0.057480,10.178833	0.951919,4.217431,0.389650	3.70557188988
19:20:28	0.952039,4.217484,0.389423	0.754850,4.246449,0.424940	-0.205972,0.064666,10.152488	0.952039,4.217484,0.389423	3.70557188988
19:20:28	0.952079,4.217380,0.389742	0.754816,4.246089,0.425037	-0.237107,0.129331,10.262659	0.952079,4.217380,0.389742	3.70557188988
19:20:28	0.952024,4.217397,0.389396	0.754635,4.245376,0.423839	-0.179626,0.105381,10.229128	0.952024,4.217397,0.389396	3.70557188988
19:20:28	0.951878,4.217551,0.389644	0.754730,4.245623,0.422805	-0.191602,0.045505,10.202783	0.951878,4.217551,0.389644	3.70557188988
19:20:28	0.951979,4.217498,0.389718	0.754681,4.245681,0.423953	-0.217947,0.193997,10.209968	0.951979,4.217498,0.389718	3.66862177849
19:20:28	0.951906,4.217493,0.389632	0.754754,4.245553,0.422853	-0.241897,0.208367,10.224338	0.951906,4.217493,0.389632	3.65806460381
19:20:28	0.951989,4.217425,0.389783	0.754582,4.245480,0.423556	-0.165256,0.102986,10.265054	0.951989,4.217425,0.389783	3.64750742912
19:20:28	0.951965,4.217578,0.389744	0.754703,4.245305,0.424476	-0.167651,-0.021555,10.150093	0.951965,4.217578,0.389744	3.64750742912
19:20:29	0.951967,4.217640,0.389769	0.754616,4.245135,0.424385	-0.210762,0.062271,10.243499	0.951967,4.217640,0.389769	3.6316716671
19:20:29	0.951979,4.217444,0.389780	0.754736,4.246267,0.424662	-0.249082,0.148491,10.164463	0.951979,4.217444,0.389780	3.6316716671
19:20:29	0.951950,4.217547,0.389746	0.754873,4.246916,0.424736	-0.258662,0.179626,10.183623	0.951950,4.217547,0.389746	3.62111449242
19:20:29	0.951967,4.217378,0.389604	0.754840,4.246825,0.424562	-0.220342,0.193997,10.174043	0.951967,4.217378,0.389604	3.60527873039
19:20:29	0.952076,4.217516,0.389506	0.754846,4.246615,0.424613	-0.182021,-0.102986,10.243499	0.952076,4.217516,0.389506	3.59472155571
19:20:29	0.951521,4.217415,0.389662	0.754889,4.247053,0.424190	-0.215552,0.019160,10.166858	0.951521,4.217415,0.389662	3.58416438103
19:20:29	0.951503,4.216897,0.389468	0.754735,4.246014,0.423501	-0.261057,0.035925,10.226733	0.951503,4.216897,0.389468	3.57888579369
19:20:29	0.951484,4.216698,0.389464	0.754032,4.244952,0.424598	-0.167651,0.268242,10.152488	0.951484,4.216698,0.389464	3.568328619
19:20:29	0.951223,4.216303,0.389605	0.754146,4.244637,0.424096	-0.196392,0.174836,10.135723	0.951223,4.216303,0.389605	3.55777144432
19:20:29	0.951216,4.215895,0.389331	0.751885,4.220188,0.417964	-0.150886,0.285007,10.164463	0.951216,4.215895,0.389331	3.54721426964
19:20:30	0.951304,4.215537,0.389337	0.751579,4.218914,0.417870	-0.261057,-0.016765,10.365645	0.951304,4.215537,0.389337	3.54721426964
19:20:30	0.950646,4.214610,0.389610	0.751829,4.217981,0.417698	-0.026345,0.306563,10.332114	0.950646,4.214610,0.389610	3.52609968185
19:20:30	0.950925,4.214083,0.389138	0.752924,4.238460,0.413377	-0.263452,0.059875,10.291399	0.950925,4.214083,0.389138	3.52609968185
19:20:30	0.950622,4.212593,0.389573	0.753221,4.241186,0.413604	-0.007185,0.023950,10.236313	0.950622,4.212593,0.389573	3.50498533249
19:20:30	0.950369,4.210948,0.389624	0.752913,4.239265,0.420287	-0.330513,0.234712,10.126143	0.950369,4.210948,0.389624	3.49442815781
19:20:30	0.950128,4.209086,0.389263	0.752668,4.238400,0.415921	-0.414338,0.282612,10.243499	0.950128,4.209086,0.389263	3.49442815781
19:20:30	0.949409,4.207698,0.389248	0.751872,4.233958,0.415479	-0.138911,0.122146,10.190808	0.949409,4.207698,0.389248	3.4680352211
19:20:30	0.948407,4.205701,0.389245	0.749920,4.219382,0.414922	-0.502954,-0.076641,10.250684	0.948407,4.205701,0.389245	3.45747804642
19:20:30	0.947016,4.202869,0.389143	0.748901,4.215276,0.415601	-0.201182,-0.028740,10.200388	0.947016,4.202869,0.389143	3.44164228439
19:20:30	0.945724,4.199545,0.389498	0.747053,4.202096,0.413610	-0.105381,-0.136516,10.269844	0.945724,4.199545,0.389498	3.44164228439
19:20:31	0.941473,4.192860,0.390235	0.744842,4.192093,0.414695	-0.328118,-0.263452,10.111772	0.941473,4.192860,0.390235	3.42580652237
19:20:31	0.936749,4.183133,0.391306	0.741671,4.175805,0.422449	-0.419128,-0.062271,10.214758	0.936749,4.183133,0.391306	3.42580652237
19:20:31	0.929948,4.167073,0.393982	0.737952,4.151226,0.426679	-0.598755,-0.014370,10.324929	0.929948,4.167073,0.393982	3.42580652237
19:20:31	0.920176,4.142542,0.397219	0.743445,4.086458,0.434322	0.306563,0.098196,10.265054	0.920176,4.142542,0.397219	3.37302064896
19:20:31	0.903676,4.102705,0.396001	0.753515,4.020653,0.434605	-0.158071,-0.182021,9.774075	0.903676,4.102705,0.396001	3.37302064896
19:20:31	0.878413,4.044161,0.388464	0.757517,3.948214,0.421961	-0.689766,0.186812,9.905801	0.878413,4.044161,0.388464	3.33079195023
19:20:31	0.845824,3.972810,0.375524	0.757951,3.870070,0.405303	0.237107,-0.093406,9.838740	0.845824,3.972810,0.375524	3.3149561882
19:20:31	0.807983,3.892861,0.359748	0.740427,3.778788,0.345598	0.340093,-0.256267,9.814790	0.807983,3.892861,0.359748	3.30439901352
19:20:31	0.766914,3.806947,0.346399	0.713718,3.690788,0.340836	-0.713716,0.529299,10.372830	0.766914,3.806947,0.346399	3.30439901352
19:20:31	0.724910,3.717458,0.335631	0.692920,3.605331,0.296678	-0.644260,0.577200,10.142908	0.724910,3.717458,0.335631	3.47331380844
19:20:32	0.684715,3.630153,0.322412	0.571800,3.555766,0.303703	-1.034648,0.790356,10.727292	0.684715,3.630153,0.322412	3.27800607681
19:20:32	0.647809,3.548585,0.311008	0.536277,3.465136,0.299500	0.160466,0.217947,10.142908	0.647809,3.548585,0.311008	3.27800607681
19:20:32	0.616039,3.474699,0.301486	0.470933,3.435299,0.262739	-0.117356,0.220342,9.960886	0.616039,3.474699,0.301486	3.48387098312
19:20:32	0.590099,3.408548,0.290013	0.457685,3.336070,0.282951	-0.615520,0.239502,10.839858	0.590099,3.408548,0.290013	3.19882678986
19:20:32	0.569637,3.350240,0.282230	0.421217,3.277892,0.301324	-0.371228,0.277822,10.873389	0.569637,3.350240,0.282230	3.19882678986
19:20:32	0.553427,3.297791,0.279871	0.390490,3.240536,0.252355	-0.469424,0.052690,10.013577	0.553427,3.297791,0.279871	3.19882678986
19:20:32	0.539702,3.248062,0.273906	0.421128,3.132859,0.247904	-0.555645,0.052690,10.118958	0.539702,3.248062,0.273906	3.3149561882
19:20:32	0.525665,3.199282,0.267200	0.413434,3.078817,0.242323	-0.780776,0.182021,10.413545	0.525665,3.199282,0.267200	3.3149561882
19:20:32	0.510172,3.148596,0.260532	0.370958,3.061845,0.245881	-0.083826,0.016765,10.166858	0.510172,3.148596,0.260532	3.26744890213
19:20:32	0.492030,3.094279,0.254305	0.369147,2.995564,0.240319	-0.440684,0.079036,10.317744	0.492030,3.094279,0.254305	3.3149561882
19:20:33	0.469845,3.037900,0.246798	0.389321,2.911558,0.240163	-0.593965,0.124541,10.238708	0.469845,3.037900,0.246798	3.3149561882
19:20:33	0.444780,2.980312,0.237831	0.376622,2.846242,0.184378	-0.306563,-0.119751,9.692644	0.444780,2.980312,0.237831	3.3149561882
19:20:33	0.419699,2.921759,0.221983	0.345452,2.790614,0.181597	-0.560435,0.258662,10.025552	0.419699,2.921759,0.221983	3.29912042618
19:20:33	0.396885,2.863085,0.204338	0.350349,2.718323,0.183877	-0.225132,0.227527,10.217153	0.396885,2.863085,0.204338	3.26744890213
19:20:33	0.377330,2.802361,0.187621	0.301882,2.674777,0.112841	0.155676,0.160466,10.154883	0.377330,2.802361,0.187621	3.27800607681
19:20:33	0.361523,2.740935,0.171558	0.284844,2.615897,0.124749	0.296982,-0.361648,10.142908	0.361523,2.740935,0.171558	3.21994161606
19:20:33	0.348682,2.681159,0.156666	0.471118,2.835295,0.262349	-0.675396,0.220342,10.729688	0.348682,2.681159,0.156666	3.21994161606
19:20:33	0.337748,2.625798,0.145264	0.424449,2.810321,0.189458	-0.043110,-0.112566,9.711804	0.337748,2.625798,0.145264	3.21994161606
19:20:33	0.329648,2.579910,0.129841	0.421955,2.728422,0.296398	-0.996328,0.608335,10.820698	0.329648,2.579910,0.129841	3.09325504303
19:20:33	0.324764,2.546602,0.119204	0.425444,2.654683,0.324026	-0.938848,0.481399,11.134446	0.324764,2.546602,0.119204	3.09325504303
19:20:34	0.321816,2.523787,0.114472	0.419627,2.615442,0.324888	-0.610730,0.330513,10.732083	0.321816,2.523787,0.114472	3.28328466415
19:20:34	0.320904,2.507996,0.110699	0.422420,2.623046,0.249866	0.000000,-0.114961,9.649534	0.320904,2.507996,0.110699	3.53665685654
19:20:34	0.321659,2.497398,0.100514	0.430155,2.590182,0.268870	-0.143701,-0.299377,10.056687	0.321659,2.497398,0.100514	3.19882678986
19:20:34	0.323828,2.490137,0.091854	0.421688,2.586285,0.272157	0.165256,-0.122146,10.368040	0.323828,2.490137,0.091854	3.25161314011
19:20:34	0.327256,2.483314,0.085396	0.415326,2.582599,0.274673	0.014370,-0.100591,10.312954	0.327256,2.483314,0.085396	3.25689172745
19:20:34	0.330259,2.476223,0.080612	0.411063,2.579751,0.274690	-0.364043,-0.143701,10.281819	0.330259,2.476223,0.080612	3.26217031479
19:20:34	0.333942,2.468503,0.075914	0.435755,2.563886,0.242523	-0.522114,0.033530,9.965676	0.333942,2.468503,0.075914	3.39941358566
19:20:34	0.340047,2.459015,0.067863	0.429141,2.563380,0.245600	-0.359253,0.055085,10.025552	0.340047,2.459015,0.067863	3.24633455276
19:20:34	0.349908,2.446340,0.060036	0.421603,2.561400,0.249109	-0.747246,-0.093406,10.291399	0.349908,2.446340,0.060036	3.25161314011
19:20:34	0.362526,2.430912,0.054172	0.424284,2.529575,0.285676	-0.407153,0.000000,10.681787	0.362526,2.430912,0.054172	3.25161314011
19:20:35	0.376472,2.414902,0.053776	0.451018,2.518510,0.253882	-0.972378,-0.086221,10.253079	0.376472,2.414902,0.053776	3.404692173
19:20:35	0.390767,2.398901,0.052127	0.457394,2.490733,0.283591	0.088616,-0.064666,10.106982	0.390767,2.398901,0.052127	3.25161314011
19:20:35	0.405247,2.384603,0.050588	0.483485,2.482743,0.252074	-0.304167,0.205972,9.898616	0.405247,2.384603,0.050588	3.25161314011
19:20:35	0.420639,2.371953,0.042326	0.478893,2.484139,0.251646	-0.076641,-0.261057,9.759705	0.420639,2.371953,0.042326	3.24633455276
19:20:35	0.437008,2.359867,0.032664	0.529242,2.457518,0.204540	-0.344883,0.177231,9.915381	0.437008,2.359867,0.032664	3.45747804642
19:20:35	0.453186,2.348704,0.015162	0.519716,2.458873,0.218893	0.112566,-0.313748,10.047107	0.453186,2.348704,0.015162	3.45747804642
19:20:35	0.468330,2.338178,0.000239	0.569375,2.425401,0.174599	-0.299377,-0.294587,10.415940	0.468330,2.338178,0.000239	3.43636369705
19:20:35	0.482162,2.327467,-0.013275	0.558571,2.426546,0.194641	0.282612,-0.277822,10.636282	0.482162,2.327467,-0.013275	3.15659809113
19:20:35	0.493619,2.316999,-0.016510	0.549415,2.424291,0.201075	-0.493374,0.055085,10.981165	0.493619,2.316999,-0.016510	3.20938444138
19:20:35	0.500890,2.306196,-0.011409	0.577734,2.413391,0.174832	-0.560435,-0.074246,10.518926	0.500890,2.306196,-0.011409	3.38357782364
19:20:36	0.506066,2.295763,-0.003777	0.589377,2.388873,0.197212	-0.328118,-0.069456,10.516531	0.506066,2.295763,-0.003777	3.24633455276
19:20:36	0.513252,2.287487,0.007856	0.589176,2.394514,0.185810	0.007185,-0.198787,10.147698	0.513252,2.287487,0.007856	3.29912042618
19:20:36	0.523036,2.281504,0.017923	0.589251,2.402412,0.172500	-0.165256,-0.344883,9.723779	0.523036,2.281504,0.017923	3.29384183884
19:20:36	0.535624,2.277867,0.025230	0.623183,2.349564,0.230784	-0.320933,-0.155676,10.403965	0.535624,2.277867,0.025230	3.07214069366
19:20:36	0.550719,2.276172,0.035824	0.627733,2.358951,0.238484	0.014370,-0.107776,10.449470	0.550719,2.276172,0.035824	3.20938444138
19:20:36	0.563257,2.275770,0.047938	0.692122,2.265583,0.200662	-0.517324,-0.172441,9.788445	0.563257,2.275770,0.047938	3.36774206161
19:20:36	0.568714,2.279060,0.050633	0.704651,2.270261,0.206601	-0.277822,-0.124541,9.721384	0.568714,2.279060,0.050633	3.19354820251
19:20:36	0.567451,2.288813,0.050930	0.709344,2.278834,0.204156	-0.210762,-0.222737,10.360854	0.567451,2.288813,0.050930	3.23577737808
19:20:36	0.559995,2.304342,0.054135	0.705744,2.293243,0.207699	-0.435894,-0.227527,10.449470	0.559995,2.304342,0.054135	3.21466302872
19:20:36	0.547371,2.323398,0.058533	0.699170,2.306408,0.205891	-0.055085,-0.332908,10.336904	0.547371,2.323398,0.058533	3.23049879074
19:20:37	0.535942,2.341600,0.063135	0.687604,2.323427,0.204872	-0.136516,-0.507744,10.193203	0.535942,2.341600,0.063135	3.2252202034
19:20:37	0.531791,2.350945,0.067532	0.677595,2.338603,0.207424	0.002395,-0.383203,10.085427	0.531791,2.350945,0.067532	3.2252202034
19:20:37	0.534957,2.348033,0.071955	0.675707,2.345393,0.207729	-0.510139,-0.067061,10.401570	0.534957,2.348033,0.071955	3.23577737808
19:20:37	0.545743,2.332918,0.076593	0.678614,2.341015,0.218040	-0.658630,0.035925,10.442285	0.545743,2.332918,0.076593	3.17243385315
19:20:37	0.563582,2.306361,0.082996	0.692121,2.328060,0.223645	-0.689766,-0.093406,10.559641	0.563582,2.306361,0.082996	3.2041053772
19:20:37	0.586813,2.269636,0.090478	0.710128,2.308554,0.227021	-0.620310,-0.182021,10.463840	0.586813,2.269636,0.090478	3.2041053772
19:20:37	0.614878,2.223959,0.098286	0.735501,2.275710,0.235592	-1.044229,0.035925,10.739268	0.614878,2.223959,0.098286	3.16187667847
19:20:37	0.647238,2.171098,0.107445	0.761270,2.237718,0.243449	-0.668210,0.088616,10.418335	0.647238,2.171098,0.107445	3.17771244049
19:20:37	0.681981,2.115032,0.118425	0.793203,2.194007,0.249359	-1.051414,0.328118,10.511741	0.681981,2.115032,0.118425	3.17771244049
19:20:37	0.714650,2.061764,0.132030	0.825225,2.149131,0.259611	-1.451382,0.318538,10.947634	0.714650,2.061764,0.132030	3.17243385315
19:20:38	0.742475,2.015052,0.147353	0.857365,2.102563,0.269206	-0.802332,0.172441,10.597961	0.742475,2.015052,0.147353	3.19354820251
19:20:38	0.767104,1.975452,0.164434	0.880270,2.066593,0.281383	-0.512534,-0.052690,10.360854	0.767104,1.975452,0.164434	3.19354820251
19:20:38	0.790323,1.943646,0.182481	0.902978,2.031479,0.299442	-1.084944,0.411943,10.842253	0.790323,1.943646,0.182481	3.13548374176
19:20:38	0.813632,1.921078,0.204548	0.926570,2.003620,0.316571	-1.032253,0.105381,10.691367	0.813632,1.921078,0.204548	3.16715526581
19:20:38	0.838913,1.905294,0.228162	0.948618,1.986226,0.331681	-0.680186,0.201182,10.310559	0.838913,1.905294,0.228162	3.19882678986
19:20:38	0.866529,1.895086,0.252267	0.970892,1.977000,0.357135	0.146096,-0.234712,10.442285	0.866529,1.895086,0.252267	3.08269786835
19:20:38	0.896124,1.889973,0.278239	0.999529,1.968885,0.376052	-0.011975,-0.289797,10.346484	0.896124,1.889973,0.278239	3.08269786835
19:20:38	0.926666,1.888317,0.305057	1.028677,1.966679,0.398736	-0.392783,-0.076641,10.241104	0.926666,1.888317,0.305057	3.17243385315
19:20:38	0.957382,1.889140,0.332642	1.060343,1.967004,0.431140	-0.991538,0.134121,10.585986	0.957382,1.889140,0.332642	3.08269786835
19:20:38	0.986571,1.891840,0.361096	1.087969,1.971434,0.449281	-0.783171,0.182021,10.463840	0.986571,1.891840,0.361096	3.08269786835
19:20:39	1.012408,1.895962,0.389638	1.114753,1.979100,0.472278	0.011975,0.057480,10.030342	1.012408,1.895962,0.389638	3.08269786835
19:20:39	1.033486,1.901369,0.415610	1.141379,1.983196,0.493900	-0.419128,-0.050295,10.363250	1.033486,1.901369,0.415610	3.1143693924
19:20:39	1.047668,1.908203,0.441870	1.159574,1.992873,0.514077	-0.452659,0.086221,10.401570	1.047668,1.908203,0.441870	3.13020515442
19:20:39	1.055906,1.916374,0.469317	1.171352,2.003296,0.534009	-0.775986,-0.091011,10.483000	1.055906,1.916374,0.469317	3.19354820251
19:20:39	1.061063,1.926696,0.498084	1.180149,2.013712,0.555111	-0.098196,0.014370,10.063872	1.061063,1.926696,0.498084	3.19354820251
19:20:39	1.064213,1.939286,0.524716	1.185203,2.023397,0.575806	-0.354463,-0.011975,10.190808	1.064213,1.939286,0.524716	3.15659809113
19:20:39	1.067262,1.953940,0.551408	1.188475,2.036242,0.601935	-0.110171,-0.428708,10.236313	1.067262,1.953940,0.551408	3.16715526581
19:20:39	1.072895,1.971246,0.579728	1.191592,2.054611,0.624033	-0.866997,0.052690,10.466235	1.072895,1.971246,0.579728	3.09853363037
19:20:39	1.082451,1.992241,0.609861	1.200066,2.068771,0.644014	-0.819097,-0.009580,10.504556	1.082451,1.992241,0.609861	3.09853363037
19:20:39	1.096081,2.015961,0.640088	1.209676,2.092037,0.667058	0.014370,-0.313748,9.992021	1.096081,2.015961,0.640088	3.16715526581
19:20:40	1.113933,2.042344,0.674094	1.226760,2.113526,0.690529	-1.180745,0.100591,10.897339	1.113933,2.042344,0.674094	3.09853363037
19:20:40	1.134698,2.071814,0.709297	1.248002,2.141940,0.720087	-0.524509,-0.074246,10.303374	1.134698,2.071814,0.709297	3.12492656708
19:20:40	1.157107,2.101285,0.743286	1.271970,2.168917,0.746766	-0.759221,-0.019160,10.068662	1.157107,2.101285,0.743286	3.19882678986
19:20:40	1.179385,2.127029,0.774816	1.293570,2.194475,0.770459	-0.764011,-0.098196,9.936936	1.179385,2.127029,0.774816	3.25689172745
19:20:40	1.199740,2.146739,0.800993	1.317577,2.216564,0.801812	-0.387993,-0.134121,10.176438	1.199740,2.146739,0.800993	3.1143693924
19:20:40	1.217189,2.158912,0.826015	1.337965,2.234633,0.821370	-0.390388,-0.201182,10.332114	1.217189,2.158912,0.826015	3.15659809113
19:20:40	1.231945,2.164924,0.851105	1.356346,2.246297,0.832655	-0.651445,-0.146096,10.214758	1.231945,2.164924,0.851105	3.24105596542
19:20:40	1.245738,2.166878,0.873741	1.370478,2.251544,0.850634	-0.558040,0.117356,10.181228	1.245738,2.166878,0.873741	3.1407623291
19:20:40	1.259904,2.165505,0.895705	1.381877,2.254426,0.865838	-0.629890,0.023950,10.353669	1.259904,2.165505,0.895705	3.17771244049
19:20:40	1.276503,2.162124,0.920072	1.396724,2.253386,0.883484	-0.984353,0.033530,10.490186	1.276503,2.162124,0.920072	3.17771244049
19:20:41	1.296631,2.158550,0.944922	1.409102,2.254052,0.891686	0.040715,-0.124541,10.190808	1.296631,2.158550,0.944922	3.19354820251
19:20:41	1.319633,2.156110,0.967879	1.431451,2.249756,0.911824	-0.775986,0.102986,10.447075	1.319633,2.156110,0.967879	3.15131950378
19:20:41	1.344931,2.155801,0.989998	1.449652,2.252047,0.927440	-0.443079,0.031135,10.159673	1.344931,2.155801,0.989998	3.13548374176
19:20:41	1.371226,2.157860,1.011048	1.477429,2.251548,0.945273	0.007185,-0.081431,9.984836	1.371226,2.157860,1.011048	3.12492656708
19:20:41	1.397100,2.162313,1.031392	1.500175,2.254952,0.958727	-0.780776,0.143701,10.095007	1.397100,2.162313,1.031392	3.12492656708
19:20:41	1.421772,2.168437,1.050199	1.524451,2.260571,0.972683	-0.953218,-0.026345,10.334509	1.421772,2.168437,1.050199	3.1407623291
19:20:41	1.444123,2.176250,1.067417	1.549129,2.268971,0.988736	-0.215552,-0.189207,10.197993	1.444123,2.176250,1.067417	3.1407623291
19:20:41	1.463315,2.185729,1.083663	1.568086,2.276872,0.999303	-0.165256,-0.143701,10.145303	1.463315,2.185729,1.083663	3.18299102783
19:20:41	1.479271,2.196507,1.098670	1.583831,2.289233,1.011471	-0.859812,-0.138911,10.097402	1.479271,2.196507,1.098670	3.15659809113
19:20:41	1.492101,2.208475,1.112579	1.601690,2.299002,1.023881	-1.190325,0.330513,10.351274	1.492101,2.208475,1.112579	3.15659809113
19:20:42	1.502254,2.221475,1.125772	1.611434,2.313305,1.034531	-0.172441,-0.241897,10.018367	1.502254,2.221475,1.125772	3.23049879074
19:20:42	1.510636,2.235416,1.137956	1.620400,2.324717,1.042611	-0.835862,0.023950,10.241104	1.510636,2.235416,1.137956	3.21994161606
19:20:42	1.518062,2.250721,1.149893	1.629144,2.339738,1.054531	-0.613125,-0.086221,10.315349	1.518062,2.250721,1.149893	3.21994161606
19:20:42	1.525689,2.267844,1.161391	1.636199,2.353137,1.061912	0.057480,-0.280217,10.023157	1.525689,2.267844,1.161391	3.21994161606
19:20:42	1.533804,2.286496,1.171379	1.646011,2.367446,1.071184	-0.390388,-0.239502,9.989626	1.533804,2.286496,1.171379	3.20938444138
19:20:42	1.542853,2.305656,1.179836	1.654612,2.384951,1.077348	-0.531694,-0.198787,10.102192	1.542853,2.305656,1.179836	3.20938444138
19:20:42	1.552769,2.324659,1.186471	1.662239,2.405620,1.083704	-0.905317,-0.110171,10.300979	1.552769,2.324659,1.186471	3.20938444138
19:20:42	1.563211,2.342998,1.191129	1.672589,2.423383,1.087139	-0.625100,-0.114961,10.171648	1.563211,2.342998,1.191129	3.21994161606
19:20:42	1.573504,2.360361,1.193674	1.685246,2.438657,1.090922	-1.003513,-0.182021,10.186018	1.573504,2.360361,1.193674	3.21994161606
19:20:42	1.583684,2.376010,1.194590	1.695873,2.454793,1.091201	-0.653840,-0.268242,10.171648	1.583684,2.376010,1.194590	3.21994161606
19:20:43	1.593613,2.388992,1.193667	1.705190,2.473403,1.091833	-0.500559,0.081431,9.987231	1.593613,2.388992,1.193667	3.21994161606
19:20:43	1.603106,2.398639,1.190972	1.714383,2.484218,1.089813	-0.840652,-0.026345,10.265054	1.603106,2.398639,1.190972	3.21466302872
19:20:43	1.612309,2.405694,1.186720	1.726575,2.491835,1.088232	0.011975,-0.074246,10.178833	1.612309,2.405694,1.186720	3.20938444138
19:20:43	1.622126,2.411106,1.181550	1.733904,2.501457,1.085384	-0.799937,0.107776,10.267449	1.622126,2.411106,1.181550	3.20938444138
19:20:43	1.632644,2.415536,1.175838	1.743776,2.506916,1.080477	-0.117356,-0.043110,10.245894	1.632644,2.415536,1.175838	3.20938444138
19:20:43	1.643956,2.419217,1.168845	1.756246,2.509878,1.085485	-0.610730,0.052690,10.284214	1.643956,2.419217,1.168845	3.20938444138
19:20:43	1.656703,2.423245,1.162067	1.766564,2.517255,1.080325	-0.735271,-0.095801,10.257869	1.656703,2.423245,1.162067	3.20938444138
19:20:43	1.671426,2.428123,1.154462	1.780039,2.519659,1.076582	-0.086221,-0.086221,10.241104	1.671426,2.428123,1.154462	3.20938444138
19:20:43	1.687585,2.434523,1.145445	1.489831,2.492052,1.070302	-0.483794,0.136516,9.999207	1.687585,2.434523,1.145445	3.20938444138
19:20:43	1.702234,2.442277,1.132892	1.519128,2.514528,1.009704	-0.562830,-0.007185,9.721384	1.702234,2.442277,1.132892	3.25689172745
19:20:44	1.707992,2.451401,1.112490	1.570871,2.544602,0.909284	-0.479004,0.215552,9.532178	1.707992,2.451401,1.112490	3.16187667847
19:20:44	1.699729,2.462474,1.080884	1.616418,2.561800,0.821905	-0.397573,-0.170046,9.151370	1.699729,2.462474,1.080884	3.19354820251
19:20:44	1.678301,2.475911,1.036387	1.667815,2.591630,0.765094	-0.593965,-0.323328,9.354946	1.678301,2.475911,1.036387	3.19882678986
19:20:44	1.649784,2.491391,0.982566	1.656332,2.600594,0.706686	-0.488584,-0.016765,9.632769	1.649784,2.491391,0.982566	3.16715526581
19:20:44	1.621151,2.508996,0.923898	1.636089,2.613085,0.651803	-0.562830,0.000000,9.948911	1.621151,2.508996,0.923898	3.15659809113
19:20:44	1.596828,2.527894,0.862265	1.615143,2.630616,0.584094	-0.356858,0.079036,9.999207	1.596828,2.527894,0.862265	3.19354820251
19:20:44	1.577754,2.546371,0.797581	1.599701,2.648671,0.520776	-0.673000,0.083826,10.715317	1.577754,2.546371,0.797581	3.15131950378
19:20:44	1.560951,2.562052,0.736846	1.448680,2.663028,0.564798	-1.175955,-0.143701,10.997930	1.560951,2.562052,0.736846	3.16715526581
19:20:44	1.540650,2.573252,0.684185	1.429152,2.671576,0.509470	-0.910107,0.050295,10.526111	1.540650,2.573252,0.684185	3.21466302872
19:20:44	1.512470,2.582561,0.631651	1.448620,2.682969,0.388677	-0.285007,-0.246687,9.608818	1.512470,2.582561,0.631651	3.15131950378
19:20:45	1.476068,2.593858,0.571466	1.369133,2.507201,0.366171	-0.182021,-0.184417,9.896221	1.476068,2.593858,0.571466	3.15131950378
19:20:45	1.435064,2.608758,0.506946	1.415234,2.699958,0.227543	-0.347278,-0.220342,9.137000	1.435064,2.608758,0.506946	3.2252202034
19:20:45	1.393823,2.622588,0.424879	1.276923,2.551938,0.246809	-0.593965,-0.320933,9.953701	1.393823,2.622588,0.424879	3.11964797974
19:20:45	1.357517,2.628738,0.343090	1.242160,2.591424,0.144213	-0.438289,-0.182021,10.020762	1.357517,2.628738,0.343090	3.11964797974
19:20:45	1.327752,2.625079,0.259310	1.238025,2.577331,0.017311	-0.294587,-0.091011,9.874666	1.327752,2.625079,0.259310	3.33079195023
19:20:45	1.299880,2.614820,0.172578	1.417297,2.554347,0.559772	-0.682581,0.277822,10.985955	1.299880,2.614820,0.172578	3.1143693924
19:20:45	1.271410,2.600861,0.096923	1.129181,2.506543,0.058105	-0.443079,0.114961,10.724897	1.271410,2.600861,0.096923	3.06158351898
19:20:45	1.247012,2.583896,0.023114	1.180756,2.598491,-0.284606	-0.282612,0.071851,9.697434	1.247012,2.583896,0.023114	3.33607053757
19:20:45	1.227802,2.559526,-0.053666	1.161403,2.451659,-0.260120	-0.220342,-0.368833,11.211086	1.227802,2.559526,-0.053666	3.13020515442
19:20:45	1.214091,2.536975,-0.050017	1.149131,2.412985,-0.317360	-1.882485,-0.543669,13.824053	1.214091,2.536975,-0.050017	3.13020515442
19:20:46	1.189901,2.502281,-0.010659	1.151378,2.487335,-0.411142	-0.399968,-0.064666,9.936936	1.189901,2.502281,-0.010659	3.13020515442
19:20:46	1.149665,2.442474,0.007299	1.100146,2.413819,-0.318887	-0.184417,-0.117356,8.921448	1.149665,2.442474,0.007299	3.29384183884
19:20:46	1.098895,2.356152,0.006366	1.045070,2.307996,-0.230294	-0.050295,0.174836,9.395662	1.098895,2.356152,0.006366	3.29384183884
19:20:46	1.041943,2.248614,-0.005032	0.993027,2.182562,-0.167498	0.474214,0.000000,9.534573	1.041943,2.248614,-0.005032	3.18826961517
19:20:46	0.982232,2.125325,-0.022276	1.181101,2.300398,0.187766	-0.605940,0.431104,10.372830	0.982232,2.125325,-0.022276	3.23577737808
19:20:46	0.921250,1.993334,-0.036052	1.118632,2.180651,0.166267	0.553250,-0.038320,10.617122	0.921250,1.993334,-0.036052	3.18299102783
19:20:46	0.858947,1.859190,-0.042390	1.054581,2.054319,0.151043	-0.182021,0.232317,10.827883	0.858947,1.859190,-0.042390	3.23049879074
19:20:46	0.794814,1.727315,-0.042363	0.990253,1.925624,0.140136	-0.342488,0.134121,10.765613	0.794814,1.727315,-0.042363	3.20938444138
19:20:46	0.731745,1.600120,-0.036602	0.924986,1.799893,0.132893	-0.610730,0.543669,10.641072	0.731745,1.600120,-0.036602	3.18826961517
19:20:46	0.672139,1.480677,-0.026289	0.866751,1.688301,0.133387	-0.328118,0.435894,10.444680	0.672139,1.480677,-0.026289	3.2252202034
19:20:47	0.617450,1.369423,-0.014120	0.800937,1.565449,0.140707	-0.344883,0.182021,10.468630	0.617450,1.369423,-0.014120	3.21994161606
19:20:47	0.569189,1.264750,-0.001989	0.747619,1.458195,0.146422	0.141306,0.112566,9.963281	0.569189,1.264750,-0.001989	3.20938444138
19:20:47	0.528106,1.165481,0.007559	0.701412,1.357100,0.152093	0.138911,0.153281,9.963281	0.528106,1.165481,0.007559	3.23049879074
19:20:47	0.494875,1.071477,0.013241	0.660850,1.261018,0.159383	0.000000,-0.330513,9.912986	0.494875,1.071477,0.013241	3.19882678986
19:20:47	0.467906,0.985329,0.016932	0.629196,1.170544,0.160360	-0.792751,0.514929,10.061477	0.467906,0.985329,0.016932	3.19882678986
19:20:47	0.444643,0.909298,0.015253	0.603376,1.087388,0.159112	-1.017883,0.490979,10.138118	0.444643,0.909298,0.015253	3.19882678986
19:20:47	0.428562,0.843215,0.008131	0.580485,1.015588,0.153574	0.028740,-0.071851,9.788445	0.428562,0.843215,0.008131	3.18299102783
19:20:47	0.422222,0.787585,-0.000051	0.565873,0.953670,0.144843	-0.797542,0.229922,10.236313	0.422222,0.787585,-0.000051	3.18299102783
19:20:47	0.419367,0.740755,-0.011784	0.562158,0.899318,0.135260	-0.500559,-0.052690,9.829160	0.419367,0.740755,-0.011784	3.2041053772
19:20:47	0.415528,0.701021,-0.026747	0.558362,0.855664,0.122079	-0.102986,0.107776,10.135723	0.415528,0.701021,-0.026747	3.17771244049
19:20:48	0.413743,0.668961,-0.038645	0.553256,0.818224,0.108184	-0.320933,-0.124541,10.602751	0.413743,0.668961,-0.038645	3.18299102783
19:20:48	0.419013,0.646368,-0.044452	0.552792,0.788394,0.099843	0.016765,-0.098196,10.696157	0.419013,0.646368,-0.044452	3.18826961517
19:20:48	0.431734,0.630535,-0.042833	0.558704,0.768387,0.096670	-0.768801,0.081431,10.753638	0.431734,0.630535,-0.042833	3.20938444138
19:20:48	0.457274,0.618956,-0.034488	0.575106,0.753604,0.098562	-0.011975,-0.268242,10.576406	0.457274,0.618956,-0.034488	3.2041053772
19:20:48	0.494339,0.613215,-0.021256	0.604008,0.744177,0.104269	-0.766406,-0.088616,10.588381	0.494339,0.613215,-0.021256	3.2252202034
19:20:48	0.541638,0.612529,-0.008182	0.642977,0.740868,0.117550	-0.122146,-0.088616,10.109377	0.541638,0.612529,-0.008182	3.2252202034
19:20:48	0.595256,0.616558,0.001667	0.691261,0.742367,0.129891	-0.225132,0.057480,10.078242	0.595256,0.616558,0.001667	3.2252202034
19:20:48	0.645100,0.615307,0.008979	0.745279,0.748268,0.139096	-1.130449,-0.577200,10.145303	0.645100,0.615307,0.008979	3.21466302872
19:20:48	0.689913,0.610475,0.014148	0.792542,0.744296,0.145676	-0.059875,-0.119751,10.080637	0.689913,0.610475,0.014148	3.19882678986
19:20:48	0.730241,0.606550,0.017188	0.836275,0.741105,0.149180	-0.011975,-0.050295,9.908196	0.730241,0.606550,0.017188	3.16715526581
19:20:49	0.761791,0.604388,0.015984	0.873303,0.738372,0.151711	-0.958008,0.050295,10.011182	0.761791,0.604388,0.015984	3.16715526581
19:20:49	0.790754,0.600530,0.008563	0.904720,0.736206,0.149047	0.045505,-0.138911,9.948911	0.790754,0.600530,0.008563	3.16715526581
19:20:49	0.808873,0.595746,0.002377	0.928931,0.732330,0.143481	0.093406,-0.512534,9.618398	0.808873,0.595746,0.002377	3.19882678986
19:20:49	0.826075,0.591077,-0.009615	0.948486,0.727682,0.134278	-0.993933,0.376018,10.626702	0.826075,0.591077,-0.009615	3.19882678986
19:20:49	0.836653,0.589478,-0.018222	0.963007,0.725037,0.125067	-1.116079,0.502954,10.727292	0.836653,0.589478,-0.018222	3.15659809113
19:20:49	0.846468,0.591525,-0.024385	0.973663,0.720806,0.116662	-1.638193,0.584385,11.076965	0.846468,0.591525,-0.024385	3.18826961517
19:20:49	0.854191,0.599177,-0.031255	0.982369,0.723184,0.112833	-1.116079,0.407153,10.590776	0.854191,0.599177,-0.031255	3.18826961517
19:20:49	0.868428,0.601939,-0.025568	0.991529,0.728679,0.114586	-0.464634,-0.201182,10.657837	0.868428,0.601939,-0.025568	3.19354820251
19:20:49	0.882574,0.608082,-0.018179	0.978708,0.479310,0.193094	0.035925,-0.201182,10.779983	0.882574,0.608082,-0.018179	3.19354820251
19:20:49	0.893162,0.613798,-0.011964	1.017651,0.741908,0.126403	-0.246687,0.215552,10.150093	0.893162,0.613798,-0.011964	3.23049879074
19:20:50	0.902232,0.611329,-0.003267	1.006525,0.487803,0.223726	-0.071851,-0.172441,10.368040	0.902232,0.611329,-0.003267	3.08269786835
19:20:50	0.905392,0.597333,0.013055	1.036421,0.743730,0.142001	-0.059875,-0.174836,9.450747	0.905392,0.597333,0.013055	3.20938444138
19:20:50	0.900346,0.579104,0.011403	1.035907,0.726576,0.148289	-0.045505,0.086221,9.946516	0.900346,0.579104,0.011403	3.20938444138
19:20:50	0.891828,0.558356,0.011105	1.030589,0.707393,0.147180	-0.651445,0.220342,10.626702	0.891828,0.558356,0.011105	3.18299102783
19:20:50	0.882573,0.538268,0.014326	1.021836,0.687008,0.147054	-0.023950,0.095801,10.420730	0.882573,0.538268,0.014326	3.17771244049
19:20:50	0.871365,0.518860,0.014326	1.047357,0.527329,0.230886	-0.402363,-0.098196,10.988350	0.871365,0.518860,0.014326	3.18826961517
19:20:50	0.860723,0.501000,0.022908	0.990534,0.548168,0.332975	-0.407153,0.138911,10.243499	0.860723,0.501000,0.022908	3.26744890213
19:20:50	0.844814,0.477165,0.041255	1.007863,0.508933,0.295672	-0.009580,-0.091011,10.068662	0.844814,0.477165,0.041255	3.26744890213
19:20:50	0.829674,0.458276,0.055171	0.976086,0.604275,0.179006	-0.464634,-0.196392,9.251960	0.829674,0.458276,0.055171	3.10381221771
19:20:50	0.813105,0.442278,0.054075	0.959842,0.477116,0.347016	-0.608335,0.182021,10.174043	0.813105,0.442278,0.054075	3.16715526581
19:20:51	0.800212,0.429884,0.046498	0.952120,0.482330,0.322371	-0.256267,-0.172441,9.618398	0.800212,0.429884,0.046498	3.30967760086
19:20:51	0.789694,0.421734,0.035497	0.933945,0.564043,0.169498	-0.483794,0.112566,9.453142	0.789694,0.421734,0.035497	3.15659809113
19:20:51	0.785751,0.420219,0.015797	0.922981,0.560239,0.153399	0.091011,-0.268242,9.958491	0.785751,0.420219,0.015797	3.15659809113
19:20:51	0.788043,0.427126,0.000073	0.918459,0.556806,0.137698	-0.907712,-0.016765,10.811118	0.788043,0.427126,0.000073	3.15659809113
19:20:51	0.794415,0.443196,-0.011975	0.935089,0.436496,0.269971	-1.044229,0.270637,11.359578	0.794415,0.443196,-0.011975	3.1407623291
19:20:51	0.802529,0.466926,-0.013411	0.924545,0.422384,0.289425	-0.605940,-0.040715,11.469749	0.802529,0.466926,-0.013411	3.16187667847
19:20:51	0.814878,0.484969,-0.005673	0.923006,0.462926,0.307940	-0.047900,-0.028740,10.976375	0.814878,0.484969,-0.005673	3.15131950378
19:20:51	0.832256,0.497528,0.018694	0.931640,0.441681,0.320347	0.110171,-0.112566,10.449470	0.832256,0.497528,0.018694	3.16715526581
19:20:51	0.850442,0.508337,0.040096	0.970706,0.636585,0.150478	-0.469424,0.162861,9.441167	0.850442,0.508337,0.040096	3.18299102783
19:20:51	0.868755,0.519758,0.046179	0.965198,0.482254,0.363479	-0.596360,0.091011,9.994417	0.868755,0.519758,0.046179	3.18826961517
19:20:52	0.882365,0.516303,0.055799	1.005942,0.649649,0.178602	-0.500559,0.196392,9.402847	0.882365,0.516303,0.055799	3.13548374176
19:20:52	0.891638,0.500594,0.054913	1.018243,0.646096,0.184402	-0.514929,-0.026345,9.889036	0.891638,0.500594,0.054913	3.12492656708
19:20:52	0.899668,0.479959,0.052678	1.024761,0.499248,0.354309	0.426313,-0.512534,10.291399	0.899668,0.479959,0.052678	3.15131950378
19:20:52	0.899710,0.446061,0.055964	1.019639,0.523219,0.352617	-0.047900,-0.062271,10.552456	0.899710,0.446061,0.055964	3.15131950378
19:20:52	0.901276,0.412258,0.066645	1.031647,0.581680,0.181254	-0.455054,0.273032,10.765613	0.901276,0.412258,0.066645	3.16715526581
19:20:52	0.901835,0.378480,0.075864	1.035012,0.465454,0.340750	0.296982,-0.270637,10.485396	0.901835,0.378480,0.075864	3.16715526581
19:20:52	0.904220,0.347471,0.103051	1.050357,0.438268,0.321956	-0.668210,0.021555,10.468630	0.904220,0.347471,0.103051	3.16715526581
19:20:52	0.907119,0.320862,0.124379	1.039810,0.394051,0.381973	-0.538879,0.241897,10.483000	0.907119,0.320862,0.124379	3.15659809113
19:20:52	0.912819,0.295311,0.150482	1.079692,0.240668,0.274512	-0.280217,0.035925,10.286609	0.912819,0.295311,0.150482	3.17243385315
19:20:52	0.920591,0.270814,0.176390	1.071354,0.230658,0.376587	0.047900,-0.421523,10.454260	0.920591,0.270814,0.176390	3.17771244049
19:20:53	0.931029,0.246437,0.206220	1.081326,0.204819,0.395872	-0.009580,-0.004790,10.277029	0.931029,0.246437,0.206220	3.16715526581
19:20:53	0.944970,0.218341,0.239426	1.085598,0.183242,0.449425	-0.581990,0.299377,10.449470	0.944970,0.218341,0.239426	3.17771244049
19:20:53	0.961337,0.185596,0.276363	1.072914,0.162797,0.540079	-1.003513,0.378413,10.933264	0.961337,0.185596,0.276363	3.17243385315
19:20:53	0.979821,0.147399,0.316569	1.109184,0.126469,0.546478	0.136516,-0.143701,10.451865	0.979821,0.147399,0.316569	3.17243385315
19:20:53	0.999640,0.105066,0.359616	1.107450,0.097143,0.631994	-0.241897,0.047900,10.562036	0.999640,0.105066,0.359616	3.17771244049
19:20:53	1.022565,0.059087,0.406750	1.144327,0.046617,0.642650	0.258662,-0.057480,10.289004	1.022565,0.059087,0.406750	3.17771244049
19:20:53	1.046600,0.011474,0.454278	1.185738,-0.001121,0.646810	-0.045505,-0.019160,10.186018	1.046600,0.011474,0.454278	3.16715526581
19:20:53	1.071779,-0.035916,0.500952	1.208529,-0.044169,0.701203	-0.277822,0.009580,10.037527	1.071779,-0.035916,0.500952	3.17771244049
19:20:53	1.097828,-0.079491,0.544600	1.166215,0.129991,0.594983	-0.112566,-0.009580,9.350156	1.097828,-0.079491,0.544600	3.17771244049
19:20:53	1.123717,-0.116507,0.576666	1.239824,0.052972,0.629985	0.119751,-0.153281,9.802815	1.123717,-0.116507,0.576666	3.16187667847
19:20:54	1.148911,-0.144185,0.607940	1.245572,0.035649,0.655884	-0.969983,0.584385,10.916499	1.148911,-0.144185,0.607940	3.16187667847
19:20:54	1.174656,-0.162191,0.642367	1.269684,0.011726,0.684756	-0.215552,-0.117356,10.406360	1.174656,-0.162191,0.642367	3.18826961517
19:20:54	1.200423,-0.171860,0.676269	1.294438,-0.004160,0.715028	0.658630,-0.761616,10.152488	1.200423,-0.171860,0.676269	3.16187667847
19:20:54	1.224386,-0.172021,0.712180	1.322344,-0.012380,0.749823	-0.732876,-0.050295,10.648257	1.224386,-0.172021,0.712180	3.18299102783
19:20:54	1.249205,-0.166409,0.750395	1.346272,-0.011031,0.783850	0.203577,-0.249082,10.157278	1.249205,-0.166409,0.750395	3.18299102783
19:20:54	1.276019,-0.157422,0.789084	1.371742,-0.004326,0.819655	-0.584385,-0.146096,10.494976	1.276019,-0.157422,0.789084	3.17771244049
19:20:54	1.303469,-0.149008,0.831430	1.398884,0.004210,0.857043	-1.029858,0.177231,10.674602	1.303469,-0.149008,0.831430	3.18826961517
19:20:54	1.332899,-0.138939,0.876047	1.424079,0.013560,0.891884	0.100591,-0.239502,10.320139	1.332899,-0.138939,0.876047	3.19354820251
19:20:54	1.364488,-0.130534,0.923560	1.455452,0.024714,0.937651	-0.431104,-0.071851,10.205178	1.364488,-0.130534,0.923560	3.17771244049
19:20:54	1.397098,-0.122381,0.969952	1.485782,0.034804,0.980844	-0.062271,-0.306563,10.150093	1.397098,-0.122381,0.969952	3.19354820251
19:20:55	1.428717,-0.115225,1.015542	1.514104,0.043485,1.019046	-0.038320,-0.069456,9.910591	1.428717,-0.115225,1.015542	3.17243385315
19:20:55	1.457732,-0.108603,1.057911	1.545900,0.052821,1.063644	-0.493374,0.119751,9.946516	1.457732,-0.108603,1.057911	3.17771244049
19:20:55	1.482611,-0.102052,1.099369	1.571023,0.058990,1.098872	-0.924478,0.114961,10.329719	1.482611,-0.102052,1.099369	3.17771244049
19:20:55	1.503926,-0.095741,1.141239	1.594792,0.066453,1.135887	-1.017883,-0.076641,10.506951	1.503926,-0.095741,1.141239	3.18299102783
19:20:55	1.522827,-0.089841,1.184718	1.614324,0.073785,1.173673	-0.411943,-0.222737,10.387200	1.522827,-0.089841,1.184718	3.17771244049
19:20:55	1.541104,-0.082375,1.228262	1.632775,0.080621,1.212717	0.014370,-0.239502,10.408755	1.541104,-0.082375,1.228262	3.17771244049
19:20:55	1.559621,-0.074279,1.275910	1.650764,0.087833,1.252465	-0.502954,-0.277822,10.509346	1.559621,-0.074279,1.275910	3.19882678986
19:20:55	1.579882,-0.064675,1.324743	1.670717,0.097324,1.299603	-0.198787,-0.057480,10.097402	1.579882,-0.064675,1.324743	3.18299102783
19:20:55	1.601443,-0.053162,1.372605	1.694643,0.107471,1.347059	-0.421523,-0.237107,10.358459	1.601443,-0.053162,1.372605	3.17771244049
19:20:55	1.623624,-0.039774,1.420004	1.713931,0.118642,1.386554	-0.732876,-0.057480,10.243499	1.623624,-0.039774,1.420004	3.18826961517
19:20:56	1.646726,-0.024255,1.466694	1.736802,0.132537,1.428863	-0.251477,-0.263452,10.241104	1.646726,-0.024255,1.466694	3.18299102783
19:20:56	1.669816,-0.006870,1.512454	1.759648,0.148812,1.470688	-0.740061,-0.055085,10.150093	1.669816,-0.006870,1.512454	3.19354820251
19:20:56	1.692097,0.012091,1.557089	1.782006,0.166902,1.511278	-0.371228,-0.383203,10.260264	1.692097,0.012091,1.557089	3.18826961517
19:20:56	1.712946,0.032513,1.600555	1.802211,0.187174,1.547249	-0.227527,-0.287402,10.075847	1.712946,0.032513,1.600555	3.18299102783
19:20:56	1.731274,0.053450,1.640380	1.822268,0.207878,1.585471	-0.208367,-0.220342,10.118958	1.731274,0.053450,1.640380	3.19882678986
19:20:56	1.746474,0.073756,1.678720	1.838273,0.229475,1.620201	-0.888552,0.031135,10.540481	1.746474,0.073756,1.678720	3.18299102783
19:20:56	1.758782,0.093708,1.717509	1.850394,0.250711,1.654440	0.150886,-0.193997,10.083032	1.758782,0.093708,1.717509	3.17243385315
19:20:56	1.769483,0.114356,1.757227	1.862180,0.270544,1.689066	-1.025068,-0.155676,10.686577	1.769483,0.114356,1.757227	3.17243385315
19:20:56	1.780100,0.135920,1.798025	1.871765,0.291616,1.724898	-0.203577,-0.273032,10.229128	1.780100,0.135920,1.798025	3.18299102783
19:20:56	1.791195,0.158746,1.839363	1.882117,0.313358,1.761294	-0.953218,-0.102986,10.389595	1.791195,0.158746,1.839363	3.17771244049
19:20:57	1.803520,0.183028,1.881063	1.894438,0.333620,1.794939	-0.174836,-0.376018,10.284214	1.803520,0.183028,1.881063	3.18299102783
19:20:57	1.818009,0.208732,1.922832	1.909700,0.358922,1.839443	-0.021555,-0.182021,10.334509	1.818009,0.208732,1.922832	3.18826961517
19:20:57	1.834363,0.236489,1.967855	1.922989,0.382604,1.873645	-0.799937,0.021555,10.662627	1.834363,0.236489,1.967855	3.18826961517
19:20:57	1.852490,0.266137,2.013466	1.728247,0.388641,2.144061	-0.799937,-0.280217,10.471025	1.852490,0.266137,2.013466	3.18826961517
19:20:57	1.869810,0.295541,2.058448	1.808327,0.432004,2.249812	-0.936453,-0.081431,10.265054	1.869810,0.295541,2.058448	3.17243385315
19:20:57	1.880805,0.321572,2.103976	1.825099,0.170372,2.355327	0.100591,-0.459844,10.324929	1.880805,0.321572,2.103976	3.15659809113
19:20:57	1.878540,0.341161,2.152113	1.911029,0.378878,2.497697	-0.320933,-0.383203,10.471025	1.878540,0.341161,2.152113	3.15131950378
19:20:57	1.870335,0.348392,2.198887	1.910401,0.436079,2.512973	-0.684976,0.033530,10.183623	1.870335,0.348392,2.198887	3.15131950378
19:20:57	1.855322,0.344805,2.245234	1.739353,0.474090,2.388306	-0.399968,0.000000,9.659114	1.855322,0.344805,2.245234	3.12492656708
19:20:57	1.835835,0.334372,2.282569	1.741311,0.460119,2.493473	-0.740061,0.131726,10.090217	1.835835,0.334372,2.282569	3.16187667847
19:20:58	1.813153,0.321674,2.319120	1.727246,0.440813,2.555637	0.352068,-0.421523,10.190808	1.813153,0.321674,2.319120	3.13548374176
19:20:58	1.785927,0.306657,2.360975	1.707844,0.420101,2.610462	0.383203,-0.467029,10.411150	1.785927,0.306657,2.360975	3.13548374176
19:20:58	1.754671,0.291254,2.410311	1.683437,0.398217,2.668408	-0.179626,-0.184417,10.796748	1.754671,0.291254,2.410311	3.1407623291
19:20:58	1.718673,0.274558,2.464312	1.548368,0.319735,2.414936	-0.186812,-0.148491,9.467512	1.718673,0.274558,2.464312	3.14604091644
19:20:58	1.696264,0.264686,2.489945	1.538780,0.363104,2.550944	-0.285007,0.033530,9.901011	1.696264,0.264686,2.489945	3.17243385315
19:20:58	1.642884,0.243469,2.546822	1.520278,0.359651,2.496420	-0.452659,0.110171,10.178833	1.642884,0.243469,2.546822	3.10909080505
19:20:58	1.603442,0.226368,2.583418	1.467233,0.323908,2.683639	-0.723296,0.071851,9.975256	1.603442,0.226368,2.583418	3.32551336288
19:20:58	1.562351,0.208102,2.615362	1.427690,0.298367,2.758232	-0.421523,0.146096,10.372830	1.562351,0.208102,2.615362	3.14604091644
19:20:58	1.510972,0.181760,2.657644	1.383338,0.271835,2.811658	0.086221,-0.349673,10.437495	1.510972,0.181760,2.657644	3.14604091644
19:20:58	1.462700,0.154365,2.702612	1.338938,0.238518,2.872208	-0.273032,-0.225132,10.593171	1.462700,0.154365,2.702612	3.14604091644
19:20:59	1.412928,0.123371,2.751730	1.293537,0.203527,2.935605	0.079036,-0.205972,10.423125	1.412928,0.123371,2.751730	3.1407623291
19:20:59	1.364588,0.090932,2.805088	1.247124,0.166068,3.000068	-0.855022,0.296982,11.136841	1.364588,0.090932,2.805088	3.14604091644
19:20:59	1.317957,0.055674,2.860306	1.477140,0.174442,2.565938	-0.213157,0.098196,9.091494	1.317957,0.055674,2.860306	3.14604091644
19:20:59	1.274222,0.021147,2.892953	1.418681,0.197756,2.733628	-0.081431,-0.043110,8.811277	1.274222,0.021147,2.892953	3.13548374176
19:20:59	1.237429,-0.012493,2.913721	1.391011,0.120748,2.663182	0.203577,-0.004790,9.429192	1.237429,-0.012493,2.913721	3.11964797974
19:20:59	1.210241,-0.045561,2.927868	1.341222,0.129308,2.776524	-0.282612,0.301772,10.298584	1.210241,-0.045561,2.927868	3.12492656708
19:20:59	1.208443,-0.048316,2.929080	1.342784,0.071487,2.754727	-0.553250,0.141306,10.492581	1.208443,-0.048316,2.929080	3.13020515442
19:20:59	1.208443,-0.048316,2.929080	1.318204,0.103244,2.787908	-0.790356,0.308958,10.803933	1.208443,-0.048316,2.929080	3.12492656708
19:20:59	1.208443,-0.048316,2.929080	1.308346,0.091781,2.725193	-0.797542,0.114961,10.389595	1.208443,-0.048316,2.929080	3.13020515442
19:20:59	1.208443,-0.048316,2.929080	1.308346,0.091781,2.725193	-0.265847,0.091011,10.300979	1.208443,-0.048316,2.929080	3.13020515442
19:21:00	1.208443,-0.048316,2.929080	1.308346,0.091781,2.725193	-0.414338,0.059875,10.574011	1.208443,-0.048316,2.929080	3.13548374176
19:21:00	1.208443,-0.048316,2.929080	1.308346,0.091781,2.725193	-0.934058,0.165256,10.861414	1.208443,-0.048316,2.929080	3.1407623291
19:21:00	1.208443,-0.048316,2.929080	1.308346,0.091781,2.725193	-0.799937,0.304167,10.643467	1.208443,-0.048316,2.929080	3.1407623291
19:21:00	1.208443,-0.048316,2.929080	1.308346,0.091781,2.725193	-0.296982,0.119751,10.478210	1.208443,-0.048316,2.929080	3.1407623291
19:21:00	1.208443,-0.048316,2.929080	1.308346,0.091781,2.725193	-0.955613,0.246687,10.756033	1.208443,-0.048316,2.929080	3.1407623291
19:21:00	1.208443,-0.048316,2.929080	1.308346,0.091781,2.725193	-0.196392,0.026345,10.423125	1.208443,-0.048316,2.929080	3.14604091644
19:21:00	1.208443,-0.048316,2.929080	1.323245,0.100447,2.792112	-1.154399,0.349673,10.847043	1.208443,-0.048316,2.929080	3.14604091644
19:21:00	1.208443,-0.048316,2.929080	1.308346,0.091781,2.725193	-0.708926,0.277822,9.922566	1.208443,-0.048316,2.929080	3.1407623291
19:21:00	1.208443,-0.048316,2.929080	1.321854,0.101059,2.790151	-1.037043,0.189207,10.372830	1.208443,-0.048316,2.929080	3.13548374176
19:21:00	1.208443,-0.048316,2.929080	1.320818,0.101701,2.789554	-1.060994,0.390388,10.688972	1.208443,-0.048316,2.929080	3.1407623291
19:21:01	1.208443,-0.048316,2.929080	1.308346,0.091781,2.725193	-0.629890,0.100591,10.032737	1.208443,-0.048316,2.929080	3.1407623291
19:21:01	1.208443,-0.048316,2.929080	1.318834,0.102596,2.787098	-0.112566,-0.081431,10.229128	1.208443,-0.048316,2.929080	3.1407623291
19:21:01	1.208443,-0.048316,2.929080	1.318204,0.103244,2.787908	-0.725691,0.196392,10.523716	1.208443,-0.048316,2.929080	3.15131950378
19:21:01	1.208443,-0.048316,2.929080	1.317579,0.103880,2.788712	-0.692161,0.150886,10.300979	1.208443,-0.048316,2.929080	3.15131950378
19:21:01	1.208443,-0.048316,2.929080	1.308346,0.091781,2.725193	-0.414338,0.258662,9.841135	1.208443,-0.048316,2.929080	3.15131950378
19:21:01	1.208443,-0.048316,2.929080	1.319319,0.103653,2.793257	-0.581990,0.064666,10.260264	1.208443,-0.048316,2.929080	3.14604091644
19:21:01	1.208443,-0.048316,2.929080	1.320340,0.103028,2.793815	-0.807122,0.014370,10.518926	1.208443,-0.048316,2.929080	3.15131950378
19:21:01	1.208443,-0.048316,2.929080	1.308346,0.091781,2.725193	-0.591570,0.093406,9.721384	1.208443,-0.048316,2.929080	3.15131950378
19:21:01	1.208443,-0.048316,2.929080	1.322973,0.101131,2.794194	-0.510139,0.244292,10.020762	1.208443,-0.048316,2.929080	3.14604091644
19:21:01	1.208443,-0.048316,2.929080	1.323957,0.100501,2.794763	-0.993933,0.138911,10.329719	1.208443,-0.048316,2.929080	3.15131950378
19:21:02	1.208443,-0.048316,2.929080	1.323605,0.100475,2.793449	-0.402363,-0.050295,10.329719	1.208443,-0.048316,2.929080	3.15131950378
19:21:02	1.208443,-0.048316,2.929080	1.324242,0.099808,2.792700	-1.092129,-0.076641,10.380015	1.208443,-0.048316,2.929080	3.15131950378
19:21:02	1.208443,-0.048316,2.929080	1.323245,0.100447,2.792112	-0.471819,0.055085,10.059082	1.208443,-0.048316,2.929080	3.15131950378
19:21:02	1.208443,-0.048316,2.929080	1.322877,0.100416,2.790749	-0.967588,0.246687,10.111772	1.208443,-0.048316,2.929080	3.15131950378
19:21:02	1.208443,-0.048316,2.929080	1.321854,0.101059,2.790151	-0.165256,-0.038320,10.300979	1.208443,-0.048316,2.929080	3.15659809113
19:21:02	1.208443,-0.048316,2.929080	1.308346,0.091781,2.725193	-1.005908,0.019160,9.831555	1.208443,-0.048316,2.929080	3.15659809113
19:21:02	1.208443,-0.048316,2.929080	1.319129,0.102999,2.789762	-0.728086,-0.019160,10.049502	1.208443,-0.048316,2.929080	3.15659809113
19:21:02	1.208443,-0.048316,2.929080	1.308346,0.091781,2.725193	-0.874182,0.119751,9.793235	1.208443,-0.048316,2.929080	3.16187667847
19:21:02	1.208443,-0.048316,2.929080	1.318911,0.103650,2.791921	-0.855022,-0.088616,10.293794	1.208443,-0.048316,2.929080	3.16187667847
19:21:02	1.208443,-0.048316,2.929080	1.319319,0.103653,2.793257	-0.780776,0.237107,10.207573	1.208443,-0.048316,2.929080	3.16187667847
19:21:03	1.208443,-0.048316,2.929080	1.320340,0.103028,2.793815	-0.328118,-0.162861,10.348879	1.208443,-0.048316,2.929080	3.16187667847
19:21:03	1.208443,-0.048316,2.929080	1.321349,0.102403,2.794375	-0.780776,-0.033530,10.358459	1.208443,-0.048316,2.929080	3.16187667847
19:21:03	1.208443,-0.048316,2.929080	1.322973,0.101131,2.794194	-0.354463,-0.105381,10.279424	1.208443,-0.048316,2.929080	3.16187667847
19:21:03	1.208443,-0.048316,2.929080	1.308346,0.091781,2.725193	-2.026187,-0.740061,6.337222	1.208443,-0.048316,2.929080	3.15659809113
19:21:03	1.208443,-0.048316,2.929080	1.324589,0.099841,2.794028	-0.888552,0.083826,10.720107	1.208443,-0.048316,2.929080	3.1143693924
19:21:03	1.208443,-0.048316,2.929080	1.308346,0.091781,2.725193	-0.340093,-0.069456,10.097402	1.208443,-0.048316,2.929080	3.13020515442
19:21:03	1.208443,-0.048316,2.929080	1.323886,0.099773,2.791347	0.155676,-0.158071,10.027947	1.208443,-0.048316,2.929080	3.12492656708
19:21:03	1.208443,-0.048316,2.929080	1.322877,0.100416,2.790749	0.158071,-0.146096,10.300979	1.208443,-0.048316,2.929080	3.14604091644
19:21:03	1.208443,-0.048316,2.929080	1.321854,0.101059,2.790151	-0.071851,-0.076641,10.310559	1.208443,-0.048316,2.929080	3.14604091644
19:21:03	1.208443,-0.048316,2.929080	1.320818,0.101701,2.789554	-0.553250,0.043110,10.262659	1.208443,-0.048316,2.929080	3.14604091644
19:21:04	1.208443,-0.048316,2.929080	1.308346,0.091781,2.725193	-0.344883,0.177231,9.680669	1.208443,-0.048316,2.929080	3.15131950378
19:21:04	1.208443,-0.048316,2.929080	1.319542,0.103012,2.791137	-0.031135,0.062271,9.759705	1.208443,-0.048316,2.929080	3.15131950378
19:21:04	1.208443,-0.048316,2.929080	1.297625,0.072726,2.819617	-0.859812,0.634680,10.583591	1.208443,-0.048316,2.929080	3.15131950378
19:21:04	1.208443,-0.048316,2.929080	1.297124,0.073232,2.820232	0.083826,-0.146096,10.236313	1.208443,-0.048316,2.929080	3.15131950378
19:21:04	1.208443,-0.048316,2.929080	1.287311,0.062284,2.759993	-0.766406,0.117356,9.807605	1.208443,-0.048316,2.929080	3.15659809113
19:21:04	1.208443,-0.048316,2.929080	1.299544,0.071732,2.821576	-0.280217,-0.220342,10.114167	1.208443,-0.048316,2.929080	3.14604091644
19:21:04	1.208443,-0.048316,2.929080	1.300331,0.071231,2.822024	-1.005908,-0.107776,10.454260	1.208443,-0.048316,2.929080	3.15659809113
19:21:04	1.208443,-0.048316,2.929080	1.300833,0.070711,2.821439	-0.241897,-0.268242,10.272239	1.208443,-0.048316,2.929080	3.15659809113
19:21:04	1.208443,-0.048316,2.929080	1.287311,0.062284,2.759993	-0.165256,0.021555,9.532178	1.208443,-0.048316,2.929080	3.15659809113
19:21:04	1.208443,-0.048316,2.929080	1.301848,0.069646,2.820257	-0.198787,-0.158071,10.071057	1.208443,-0.048316,2.929080	3.15659809113
19:21:05	1.208443,-0.048316,2.929080	1.301573,0.069614,2.819182	-0.110171,-0.172441,10.241104	1.208443,-0.048316,2.929080	3.16187667847
19:21:05	1.208443,-0.048316,2.929080	1.300776,0.070128,2.818703	-0.831072,0.040715,10.152488	1.208443,-0.048316,2.929080	3.16187667847
19:21:05	1.208443,-0.048316,2.929080	1.299968,0.070642,2.818224	-0.510139,-0.033530,10.157278	1.208443,-0.048316,2.929080	3.16187667847
19:21:05	1.208443,-0.048316,2.929080	1.287311,0.062284,2.759993	-0.189207,0.028740,9.606423	1.208443,-0.048316,2.929080	3.16187667847
19:21:05	1.208443,-0.048316,2.929080	1.296971,0.072707,2.817433	-0.766406,-0.191602,9.869875	1.208443,-0.048316,2.929080	3.15659809113
19:21:05	1.208443,-0.048316,2.929080	1.296463,0.073224,2.818073	-0.711321,-0.004790,10.250684	1.208443,-0.048316,2.929080	3.15659809113
19:21:05	1.208443,-0.048316,2.929080	1.287311,0.062284,2.759993	-0.519719,-0.086221,9.659114	1.208443,-0.048316,2.929080	3.16187667847
19:21:05	1.208443,-0.048316,2.929080	1.287311,0.062284,2.759993	-0.251477,0.059875,9.711804	1.208443,-0.048316,2.929080	3.15659809113
19:21:05	1.208443,-0.048316,2.929080	1.287311,0.062284,2.759993	-0.888552,0.081431,10.066267	1.208443,-0.048316,2.929080	3.16187667847
19:21:05	1.208443,-0.048316,2.929080	1.287311,0.062284,2.759993	-0.742456,-0.040715,10.008787	1.208443,-0.048316,2.929080	3.16715526581
19:21:06	1.208443,-0.048316,2.929080	1.298249,0.072737,2.821724	-0.711321,-0.052690,10.281819	1.208443,-0.048316,2.929080	3.16715526581
19:21:06	1.208443,-0.048316,2.929080	1.299544,0.071732,2.821576	-1.005908,0.186812,10.382410	1.208443,-0.048316,2.929080	3.17243385315
19:21:06	1.208443,-0.048316,2.929080	1.287311,0.062284,2.759993	-0.826282,-0.102986,9.469907	1.208443,-0.048316,2.929080	3.17243385315
19:21:06	1.208443,-0.048316,2.929080	1.287311,0.062284,2.759993	-1.084944,0.055085,9.939331	1.208443,-0.048316,2.929080	3.16187667847
19:21:06	1.208443,-0.048316,2.929080	1.287311,0.062284,2.759993	-0.541274,0.316143,9.788445	1.208443,-0.048316,2.929080	3.17243385315
19:21:06	1.208443,-0.048316,2.929080	1.287311,0.062284,2.759993	-0.864602,0.071851,10.095007	1.208443,-0.048316,2.929080	3.17243385315
19:21:06	1.208443,-0.048316,2.929080	1.299968,0.070642,2.818224	-1.025068,0.292192,10.341694	1.208443,-0.048316,2.929080	3.17243385315
19:21:06	1.208443,-0.048316,2.929080	1.299150,0.071156,2.817745	-0.308958,-0.064666,9.896221	1.208443,-0.048316,2.929080	3.17243385315
19:21:06	1.208443,-0.048316,2.929080	1.287311,0.062284,2.759993	-0.558040,0.016765,9.517808	1.208443,-0.048316,2.929080	3.17243385315
19:21:06	1.208443,-0.048316,2.929080	1.297810,0.072198,2.817903	-0.730481,-0.076641,10.085427	1.208443,-0.048316,2.929080	3.16715526581
19:21:07	1.208443,-0.048316,2.929080	1.297302,0.072718,2.818535	-0.289797,0.023950,9.941726	1.208443,-0.048316,2.929080	3.17771244049
19:21:07	1.208443,-0.048316,2.929080	1.287311,0.062284,2.759993	-0.744851,-0.158071,9.469907	1.208443,-0.048316,2.929080	3.17243385315
19:21:07	1.208443,-0.048316,2.929080	1.297124,0.073232,2.820232	-0.464634,0.119751,9.941726	1.208443,-0.048316,2.929080	3.17243385315
19:21:07	1.208443,-0.048316,2.929080	1.287311,0.062284,2.759993	-0.759221,-0.215552,9.695039	1.208443,-0.048316,2.929080	3.17771244049
19:21:07	1.208443,-0.048316,2.929080	1.287311,0.062284,2.759993	-0.558040,-0.074246,9.608818	1.208443,-0.048316,2.929080	3.17243385315
19:21:07	1.208443,-0.048316,2.929080	1.287311,0.062284,2.759993	-0.586780,0.043110,9.989626	1.208443,-0.048316,2.929080	3.17771244049
19:21:07	1.208443,-0.048316,2.929080	1.287311,0.062284,2.759993	-0.919687,-0.014370,10.083032	1.208443,-0.048316,2.929080	3.17771244049
19:21:07	1.208443,-0.048316,2.929080	1.300552,0.070690,2.820387	-0.840652,-0.002395,10.095007	1.208443,-0.048316,2.929080	3.18299102783
19:21:07	1.208443,-0.048316,2.929080	1.301061,0.070156,2.819786	-0.366438,-0.301772,9.903406	1.208443,-0.048316,2.929080	3.18299102783
19:21:07	1.208443,-0.048316,2.929080	1.300776,0.070128,2.818703	-0.529299,-0.232317,9.460327	1.208443,-0.048316,2.929080	3.17771244049
19:21:08	1.208443,-0.048316,2.929080	1.287311,0.062284,2.759993	-0.495769,-0.150886,7.510781	1.208443,-0.048316,2.929080	3.34662771225
19:21:08	1.208443,-0.048316,2.929080	1.287311,0.062284,2.759993	-0.354463,-0.122146,6.854546	1.208443,-0.048316,2.929080	3.34134912491
19:21:08	1.208443,-0.048316,2.929080	1.287311,0.062284,2.759993	-0.277822,0.000000,6.849756	1.208443,-0.048316,2.929080	3.35190629959
19:21:08	1.208443,-0.048316,2.929080	1.287311,0.062284,2.759993	-0.342488,-0.560435,7.479646	1.208443,-0.048316,2.929080	3.35718488693
19:21:08	1.208443,-0.048316,2.929080	1.287311,0.062284,2.759993	-0.467029,0.136516,6.286926	1.208443,-0.048316,2.929080	3.35718488693
19:21:08	1.208443,-0.048316,2.929080	1.287311,0.062284,2.759993	-0.404758,-0.234712,6.239026	1.208443,-0.048316,2.929080	3.35718488693
19:21:08	1.208443,-0.048316,2.929080	1.287311,0.062284,2.759993	-0.251477,-0.052690,6.356382	1.208443,-0.048316,2.929080	3.3782992363
19:21:08	1.208443,-0.048316,2.929080	1.287311,0.062284,2.759993	-1.544788,-1.916016,9.886641	1.208443,-0.048316,2.929080	3.36246347427
19:21:08	1.208443,-0.048316,2.929080	1.287311,0.062284,2.759993	-1.137634,0.189207,8.114326	1.208443,-0.048316,2.929080	3.36774206161
19:21:08	1.208443,-0.048316,2.929080	1.287311,0.062284,2.759993	-1.391506,-0.292192,9.958491	1.208443,-0.048316,2.929080	3.38357782364
19:21:09	1.208443,-0.048316,2.929080	1.287311,0.062284,2.759993	-0.605940,-0.033530,10.605146	1.208443,-0.048316,2.929080	3.41524934769
19:21:09	1.208443,-0.048316,2.929080	1.287311,0.062284,2.759993	-0.419128,-0.014370,10.243499	1.208443,-0.048316,2.929080	3.42052793503
19:21:09	1.208443,-0.048316,2.929080	1.287311,0.062284,2.759993	-0.299377,0.198787,10.336904	1.208443,-0.048316,2.929080	3.43108510971
19:21:09	1.208443,-0.048316,2.929080	1.287311,0.062284,2.759993	-0.282612,0.124541,10.224338	1.208443,-0.048316,2.929080	3.44164228439
19:21:09	1.208443,-0.048316,2.929080	1.287311,0.062284,2.759993	-0.083826,0.335303,10.437495	1.208443,-0.048316,2.929080	3.45219945908
19:21:09	1.208443,-0.048316,2.929080	1.287311,0.062284,2.759993	-0.538879,-0.313748,10.423125	1.208443,-0.048316,2.929080	3.45747804642
19:21:09	1.208443,-0.048316,2.929080	1.287311,0.062284,2.759993	-0.462239,-0.208367,10.193203	1.208443,-0.048316,2.929080	3.4680352211
19:21:09	1.208443,-0.048316,2.929080	1.287311,0.062284,2.759993	-0.308958,-0.050295,10.255474	1.208443,-0.048316,2.929080	3.47331380844
19:21:09	1.208443,-0.048316,2.929080	1.287311,0.062284,2.759993	-0.320933,-0.057480,10.229128	1.208443,-0.048316,2.929080	3.48387098312
19:21:09	1.208443,-0.048316,2.929080	1.287311,0.062284,2.759993	-0.217947,0.172441,10.332114	1.208443,-0.048316,2.929080	3.48914957047
19:21:10	1.208443,-0.048316,2.929080	1.287311,0.062284,2.759993	-0.249082,-0.019160,10.221943	1.208443,-0.048316,2.929080	3.49970674515
19:21:10	1.208443,-0.048316,2.929080	1.287311,0.062284,2.759993	-0.217947,-0.119751,10.154883	1.208443,-0.048316,2.929080	3.50498533249
19:21:10	1.208443,-0.048316,2.929080	1.287311,0.062284,2.759993	-0.237107,0.002395,10.322534	1.208443,-0.048316,2.929080	3.51026391983
19:21:10	1.208443,-0.048316,2.929080	1.287311,0.062284,2.759993	-0.256267,0.129331,10.284214	1.208443,-0.048316,2.929080	3.52082109451
19:21:10	1.208443,-0.048316,2.929080	1.287311,0.062284,2.759993	-0.316143,0.067061,10.209968	1.208443,-0.048316,2.929080	3.53665685654
19:21:10	1.208443,-0.048316,2.929080	1.287311,0.062284,2.759993	-0.325723,0.040715,10.202783	1.208443,-0.048316,2.929080	3.6316716671
19:21:10	1.208443,-0.048316,2.929080	1.287311,0.062284,2.759993	-0.325723,0.040715,10.202783	1.208443,-0.048316,2.929080	3.6316716671
19:21:10	1.208443,-0.048316,2.929080	1.287311,0.062284,2.759993	-0.325723,0.040715,10.202783	1.208443,-0.048316,2.929080	3.6316716671
19:21:10	1.208443,-0.048316,2.929080	1.287311,0.062284,2.759993	-0.325723,0.040715,10.202783	1.208443,-0.048316,2.929080	3.6316716671
19:21:10	1.208443,-0.048316,2.929080	1.287311,0.062284,2.759993	-0.325723,0.040715,10.202783	1.208443,-0.048316,2.929080	3.6316716671
19:21:11	1.208443,-0.048316,2.929080	1.287311,0.062284,2.759993	-0.325723,0.040715,10.202783	1.208443,-0.048316,2.929080	3.6316716671
19:21:11	1.208443,-0.048316,2.929080	1.287311,0.062284,2.759993	-0.325723,0.040715,10.202783	1.208443,-0.048316,2.929080	3.6316716671
19:21:11	1.208443,-0.048316,2.929080	1.287311,0.062284,2.759993	-0.325723,0.040715,10.202783	1.208443,-0.048316,2.929080	3.6316716671
19:21:11	1.208443,-0.048316,2.929080	1.287311,0.062284,2.759993	-0.325723,0.040715,10.202783	1.208443,-0.048316,2.929080	3.6316716671
19:21:11	1.208443,-0.048316,2.929080	1.287311,0.062284,2.759993	-0.325723,0.040715,10.202783	1.208443,-0.048316,2.929080	3.6316716671
19:21:11	1.208443,-0.048316,2.929080	1.287311,0.062284,2.759993	-0.325723,0.040715,10.202783	1.208443,-0.048316,2.929080	3.6316716671
19:21:11	1.208443,-0.048316,2.929080	1.287311,0.062284,2.759993	-0.325723,0.040715,10.202783	1.208443,-0.048316,2.929080	3.6316716671
19:21:11	1.208443,-0.048316,2.929080	1.287311,0.062284,2.759993	-0.325723,0.040715,10.202783	1.208443,-0.048316,2.929080	3.6316716671
19:21:11	1.208443,-0.048316,2.929080	1.287311,0.062284,2.759993	-0.325723,0.040715,10.202783	1.208443,-0.048316,2.929080	3.6316716671
19:21:11	1.208443,-0.048316,2.929080	1.287311,0.062284,2.759993	-0.325723,0.040715,10.202783	1.208443,-0.048316,2.929080	3.6316716671
19:21:12	1.208443,-0.048316,2.929080	1.287311,0.062284,2.759993	-0.325723,0.040715,10.202783	1.208443,-0.048316,2.929080	3.6316716671
19:21:12	1.208443,-0.048316,2.929080	1.287311,0.062284,2.759993	-0.325723,0.040715,10.202783	1.208443,-0.048316,2.929080	3.6316716671
19:21:12	1.208443,-0.048316,2.929080	1.287311,0.062284,2.759993	-0.325723,0.040715,10.202783	1.208443,-0.048316,2.929080	3.6316716671
19:21:12	1.208443,-0.048316,2.929080	1.287311,0.062284,2.759993	-0.325723,0.040715,10.202783	1.208443,-0.048316,2.929080	3.6316716671
19:21:12	1.208443,-0.048316,2.929080	1.287311,0.062284,2.759993	-0.325723,0.040715,10.202783	1.208443,-0.048316,2.929080	3.6316716671
19:21:12	1.208443,-0.048316,2.929080	1.287311,0.062284,2.759993	-0.325723,0.040715,10.202783	1.208443,-0.048316,2.929080	3.6316716671
19:21:12	1.208443,-0.048316,2.929080	1.287311,0.062284,2.759993	-0.325723,0.040715,10.202783	1.208443,-0.048316,2.929080	3.6316716671
19:21:12	1.208443,-0.048316,2.929080	1.287311,0.062284,2.759993	-0.325723,0.040715,10.202783	1.208443,-0.048316,2.929080	3.6316716671
19:21:12	1.208443,-0.048316,2.929080	1.287311,0.062284,2.759993	-0.325723,0.040715,10.202783	1.208443,-0.048316,2.929080	3.6316716671
19:21:12	1.208443,-0.048316,2.929080	1.287311,0.062284,2.759993	-0.325723,0.040715,10.202783	1.208443,-0.048316,2.929080	3.6316716671
19:21:13	1.208443,-0.048316,2.929080	1.287311,0.062284,2.759993	-0.325723,0.040715,10.202783	1.208443,-0.048316,2.929080	3.6316716671
19:21:13	1.208443,-0.048316,2.929080	1.287311,0.062284,2.759993	-0.325723,0.040715,10.202783	1.208443,-0.048316,2.929080	3.6316716671
19:21:13	1.208443,-0.048316,2.929080	1.287311,0.062284,2.759993	-0.325723,0.040715,10.202783	1.208443,-0.048316,2.929080	3.6316716671
19:21:13	1.208443,-0.048316,2.929080	1.287311,0.062284,2.759993	-0.325723,0.040715,10.202783	1.208443,-0.048316,2.929080	3.6316716671
19:21:13	1.208443,-0.048316,2.929080	1.287311,0.062284,2.759993	-0.325723,0.040715,10.202783	1.208443,-0.048316,2.929080	3.6316716671
19:21:13	1.208443,-0.048316,2.929080	1.287311,0.062284,2.759993	-0.325723,0.040715,10.202783	1.208443,-0.048316,2.929080	3.6316716671
19:21:13	1.208443,-0.048316,2.929080	1.287311,0.062284,2.759993	-0.325723,0.040715,10.202783	1.208443,-0.048316,2.929080	3.6316716671
19:21:13	1.208443,-0.048316,2.929080	1.287311,0.062284,2.759993	-0.325723,0.040715,10.202783	1.208443,-0.048316,2.929080	3.6316716671
19:21:13	1.208443,-0.048316,2.929080	1.287311,0.062284,2.759993	-0.325723,0.040715,10.202783	1.208443,-0.048316,2.929080	3.6316716671
19:21:13	1.208443,-0.048316,2.929080	1.294230,0.053562,2.751750	-0.325723,0.040715,10.202783	1.208443,-0.048316,2.929080	3.6316716671
19:21:14	1.208443,-0.048316,2.929080	1.296470,0.050476,2.749175	-0.325723,0.040715,10.202783	1.208443,-0.048316,2.929080	3.6316716671
19:21:14	1.208443,-0.048316,2.929080	1.297575,0.048902,2.747924	-0.325723,0.040715,10.202783	1.208443,-0.048316,2.929080	3.6316716671
19:21:14	1.208443,-0.048316,2.929080	1.297940,0.048373,2.747513	-0.325723,0.040715,10.202783	1.208443,-0.048316,2.929080	3.6316716671
19:21:14	1.208443,-0.048316,2.929080	1.297940,0.048373,2.747513	-0.325723,0.040715,10.202783	1.208443,-0.048316,2.929080	3.6316716671
19:21:14	1.208443,-0.048316,2.929080	1.297940,0.048373,2.747513	-0.325723,0.040715,10.202783	1.208443,-0.048316,2.929080	3.6316716671
19:21:14	1.208443,-0.048316,2.929080	1.297940,0.048373,2.747513	-0.325723,0.040715,10.202783	1.208443,-0.048316,2.929080	3.6316716671
19:21:14	1.208443,-0.048316,2.929080	1.297940,0.048373,2.747513	-0.325723,0.040715,10.202783	1.208443,-0.048316,2.929080	3.6316716671
19:21:14	1.208443,-0.048316,2.929080	1.297940,0.048373,2.747513	-0.325723,0.040715,10.202783	1.208443,-0.048316,2.929080	3.6316716671
19:21:14	1.208443,-0.048316,2.929080	1.297940,0.048373,2.747513	-0.325723,0.040715,10.202783	1.208443,-0.048316,2.929080	3.6316716671
19:21:14	1.208443,-0.048316,2.929080	1.297940,0.048373,2.747513	-0.325723,0.040715,10.202783	1.208443,-0.048316,2.929080	3.6316716671
19:21:15	1.208443,-0.048316,2.929080	1.297940,0.048373,2.747513	-0.325723,0.040715,10.202783	1.208443,-0.048316,2.929080	3.6316716671
19:21:15	1.208443,-0.048316,2.929080	1.297940,0.048373,2.747513	-0.325723,0.040715,10.202783	1.208443,-0.048316,2.929080	3.6316716671
19:21:15	1.208443,-0.048316,2.929080	1.297940,0.048373,2.747513	-0.325723,0.040715,10.202783	1.208443,-0.048316,2.929080	3.6316716671
19:21:15	1.208443,-0.048316,2.929080	1.297940,0.048373,2.747513	-0.325723,0.040715,10.202783	1.208443,-0.048316,2.929080	3.6316716671
