# Flight Log 
# 25 08 17 - 16:12:11
Time		X,Y,Z				goalX,goalY,goalZ		ddx,ddy,ddz			angularx,angulary,angularz	battery
16:12:11	0.000000,0.000000,0.000000	0.000000,0.000000,0.000000	0.000000,0.000000,0.000000	0.000000,0.000000,0.000000	0
16:12:11	0.000000,0.000000,0.000000	0.000000,0.000000,0.000000	0.000000,0.000000,0.000000	0.000000,0.000000,0.000000	0
16:12:11	0.703928,0.827950,0.409882	0.773358,0.868300,0.686663	0.000000,0.000000,0.000000	0.703928,0.827950,0.409882	0
16:12:11	0.703921,0.827952,0.409892	0.700282,0.987648,0.391537	0.000000,0.000000,0.000000	0.703921,0.827952,0.409892	0
16:12:11	0.703915,0.827953,0.409905	0.702226,0.987886,0.401388	0.000000,0.000000,0.000000	0.703915,0.827953,0.409905	0
16:12:11	0.703921,0.827958,0.409888	0.702815,0.987940,0.404365	0.000000,0.000000,0.000000	0.703921,0.827958,0.409888	0
16:12:11	0.703937,0.827952,0.409871	0.702821,0.987937,0.404360	0.000000,0.000000,0.000000	0.703937,0.827952,0.409871	0
16:12:11	0.703916,0.827974,0.409885	0.702832,0.987924,0.404356	0.000000,0.000000,0.000000	0.703916,0.827974,0.409885	0
16:12:12	0.703905,0.827957,0.409904	0.702817,0.987926,0.404360	0.000000,0.000000,0.000000	0.703905,0.827957,0.409904	0
16:12:12	0.703851,0.827927,0.409887	0.702836,0.987922,0.404348	0.000000,0.000000,0.000000	0.703851,0.827927,0.409887	0
16:12:12	0.703915,0.827960,0.409893	0.702819,0.987941,0.404367	0.000000,0.000000,0.000000	0.703915,0.827960,0.409893	0
16:12:12	0.703914,0.827950,0.409903	0.700280,0.987647,0.391508	0.000000,0.000000,0.000000	0.703914,0.827950,0.409903	0
16:12:12	0.703855,0.827938,0.409889	0.702302,0.987926,0.401389	0.000000,0.000000,0.000000	0.703855,0.827938,0.409889	0
16:12:12	0.703897,0.827965,0.409894	0.702835,0.987930,0.404348	0.000000,0.000000,0.000000	0.703897,0.827965,0.409894	0
16:12:12	0.703942,0.827953,0.409880	0.702808,0.987931,0.404364	0.000000,0.000000,0.000000	0.703942,0.827953,0.409880	0
16:12:12	0.703939,0.827957,0.409862	0.702813,0.987941,0.404364	0.000000,0.000000,0.000000	0.703939,0.827957,0.409862	0
16:12:12	0.703903,0.827962,0.409893	0.702835,0.987925,0.404358	0.000000,0.000000,0.000000	0.703903,0.827962,0.409893	0
16:12:12	0.703935,0.827952,0.409873	0.702809,0.987928,0.404369	0.000000,0.000000,0.000000	0.703935,0.827952,0.409873	0
16:12:13	0.703949,0.827954,0.409868	0.702795,0.987942,0.404370	0.000000,0.000000,0.000000	0.703949,0.827954,0.409868	0
16:12:13	0.703914,0.827960,0.409907	0.700282,0.987658,0.391542	0.000000,0.000000,0.000000	0.703914,0.827960,0.409907	0
16:12:13	0.703949,0.827947,0.409853	0.702243,0.987887,0.401383	0.000000,0.000000,0.000000	0.703949,0.827947,0.409853	0
16:12:13	0.703913,0.827961,0.409892	0.702793,0.987938,0.404368	0.000000,0.000000,0.000000	0.703913,0.827961,0.409892	0
16:12:13	0.703852,0.827937,0.409888	0.702820,0.987926,0.404358	0.000000,0.000000,0.000000	0.703852,0.827937,0.409888	0
16:12:13	0.703932,0.827965,0.409885	0.702811,0.987931,0.404365	0.000000,0.000000,0.000000	0.703932,0.827965,0.409885	0
16:12:13	0.703898,0.827969,0.409930	0.702824,0.987932,0.404359	0.000000,0.000000,0.000000	0.703898,0.827969,0.409930	0
16:12:13	0.703899,0.827924,0.409909	0.702824,0.987928,0.404352	0.000000,0.000000,0.000000	0.703899,0.827924,0.409909	0
16:12:13	0.703899,0.827972,0.409891	0.702823,0.987938,0.404357	0.000000,0.000000,0.000000	0.703899,0.827972,0.409891	0
16:12:13	0.703894,0.827980,0.409906	0.702808,0.987940,0.404369	0.000000,0.000000,0.000000	0.703894,0.827980,0.409906	0
16:12:14	0.703943,0.827950,0.409866	0.702823,0.987933,0.404361	-0.088616,0.098196,10.286609	0.703943,0.827950,0.409866	0
16:12:14	0.703903,0.827965,0.409905	0.702799,0.987945,0.404369	-0.086221,0.093406,10.296189	0.703903,0.827965,0.409905	3.91671562195
16:12:14	0.703922,0.827963,0.409898	0.702819,0.987942,0.404357	-0.086221,0.098196,10.296189	0.703922,0.827963,0.409898	3.91671562195
16:12:14	0.703905,0.827984,0.409953	0.700283,0.987656,0.391543	-0.079036,0.093406,10.298584	0.703905,0.827984,0.409953	3.91671562195
16:12:14	0.703902,0.827963,0.409897	0.702232,0.987907,0.401386	-0.083826,0.095801,10.284214	0.703902,0.827963,0.409897	3.91671562195
16:12:14	0.703945,0.827952,0.409872	0.702817,0.987937,0.404362	-0.083826,0.098196,10.296189	0.703945,0.827952,0.409872	3.91671562195
16:12:14	0.703903,0.827969,0.409902	0.702801,0.987909,0.404363	-0.079036,0.095801,10.293794	0.703903,0.827969,0.409902	3.91671562195
16:12:14	0.703905,0.827936,0.409877	0.702845,0.987930,0.404360	-0.083826,0.093406,10.298584	0.703905,0.827936,0.409877	3.91671562195
16:12:14	0.703916,0.827975,0.409899	0.702839,0.987934,0.404354	-0.081431,0.095801,10.286609	0.703916,0.827975,0.409899	3.91671562195
16:12:14	0.703923,0.827967,0.409887	0.702842,0.987934,0.404352	-0.083826,0.091011,10.289004	0.703923,0.827967,0.409887	3.91671562195
16:12:15	0.703906,0.827961,0.409903	0.702821,0.987926,0.404357	-0.079036,0.095801,10.293794	0.703906,0.827961,0.409903	3.91671562195
16:12:15	0.703927,0.827955,0.409893	0.702814,0.987934,0.404364	-0.081431,0.100591,10.291399	0.703927,0.827955,0.409893	3.91671562195
16:12:15	0.703900,0.827961,0.409929	0.702819,0.987931,0.404364	-0.086221,0.098196,10.310559	0.703900,0.827961,0.409929	3.91671562195
16:12:15	0.703904,0.827973,0.409905	0.700282,0.987650,0.391532	-0.083826,0.093406,10.305769	0.703904,0.827973,0.409905	3.91671562195
16:12:15	0.703947,0.827955,0.409874	0.702241,0.987884,0.401387	-0.083826,0.100591,10.303374	0.703947,0.827955,0.409874	3.91671562195
16:12:15	0.703923,0.827955,0.409889	0.702841,0.987922,0.404351	-0.081431,0.098196,10.305769	0.703923,0.827955,0.409889	3.91671562195
16:12:15	0.703924,0.827958,0.409886	0.702816,0.987924,0.404367	-0.076641,0.091011,10.291399	0.703924,0.827958,0.409886	3.91671562195
16:12:15	0.703924,0.827951,0.409893	0.702847,0.987915,0.404352	-0.081431,0.095801,10.286609	0.703924,0.827951,0.409893	3.91671562195
16:12:15	0.703934,0.827955,0.409895	0.702816,0.987943,0.404370	-0.081431,0.093406,10.296189	0.703934,0.827955,0.409895	3.91671562195
16:12:15	0.703943,0.827952,0.409886	0.702822,0.987932,0.404363	-0.088616,0.095801,10.293794	0.703943,0.827952,0.409886	3.91671562195
16:12:16	0.703900,0.827965,0.409921	0.702816,0.987933,0.404359	-0.086221,0.095801,10.298584	0.703900,0.827965,0.409921	3.91671562195
16:12:16	0.703930,0.827952,0.409887	0.702828,0.987925,0.404361	-0.079036,0.091011,10.298584	0.703930,0.827952,0.409887	3.91671562195
16:12:16	0.703925,0.827962,0.409882	0.702813,0.987942,0.404371	-0.086221,0.095801,10.289004	0.703925,0.827962,0.409882	3.91671562195
16:12:16	0.703924,0.827972,0.409897	0.702829,0.987938,0.404363	-0.083826,0.091011,10.296189	0.703924,0.827972,0.409897	3.91671562195
16:12:16	0.703971,0.827943,0.409870	0.700281,0.987659,0.391534	-0.086221,0.095801,10.296189	0.703971,0.827943,0.409870	3.91671562195
16:12:16	0.703931,0.827956,0.409877	0.702236,0.987898,0.401387	-0.081431,0.091011,10.291399	0.703931,0.827956,0.409877	3.91671562195
16:12:16	0.703903,0.827963,0.409900	0.702935,0.987954,0.404359	-0.079036,0.091011,10.298584	0.703903,0.827963,0.409900	3.91671562195
16:12:16	0.703933,0.827940,0.409896	0.702819,0.987946,0.404363	-0.079036,0.095801,10.296189	0.703933,0.827940,0.409896	3.91671562195
16:12:16	0.703918,0.827957,0.409906	0.702835,0.987927,0.404360	-0.079036,0.093406,10.293794	0.703918,0.827957,0.409906	3.91671562195
16:12:16	0.703907,0.827964,0.409908	0.702823,0.987931,0.404358	-0.086221,0.093406,10.289004	0.703907,0.827964,0.409908	3.91671562195
16:12:17	0.703930,0.827951,0.409869	0.702837,0.987931,0.404352	-0.083826,0.095801,10.298584	0.703930,0.827951,0.409869	3.91671562195
16:12:17	0.703952,0.827956,0.409877	0.702810,0.987943,0.404369	-0.086221,0.098196,10.300979	0.703952,0.827956,0.409877	3.91671562195
16:12:17	0.703923,0.827954,0.409890	0.702825,0.987939,0.404360	-0.083826,0.100591,10.312954	0.703923,0.827954,0.409890	3.91671562195
16:12:17	0.703932,0.827954,0.409880	0.702831,0.987927,0.404350	-0.083826,0.093406,10.296189	0.703932,0.827954,0.409880	3.91671562195
16:12:17	0.703923,0.827975,0.409903	0.700282,0.987660,0.391525	-0.083826,0.095801,10.298584	0.703923,0.827975,0.409903	3.91671562195
16:12:17	0.703873,0.827930,0.409872	0.702230,0.987904,0.401389	-0.083826,0.095801,10.291399	0.703873,0.827930,0.409872	3.91671562195
16:12:17	0.703921,0.827969,0.409890	0.702823,0.987932,0.404364	-0.083826,0.100591,10.298584	0.703921,0.827969,0.409890	3.91671562195
16:12:17	0.703916,0.827956,0.409896	0.702840,0.987932,0.404353	-0.081431,0.091011,10.286609	0.703916,0.827956,0.409896	3.91671562195
16:12:17	0.703897,0.828001,0.409959	0.702840,0.987922,0.404353	-0.091011,0.091011,10.296189	0.703897,0.828001,0.409959	3.91671562195
16:12:17	0.703882,0.827934,0.409912	0.702848,0.987920,0.404347	-0.071851,0.088616,10.296189	0.703882,0.827934,0.409912	3.91671562195
16:12:18	0.703887,0.827961,0.409919	0.702787,0.987900,0.404358	-0.081431,0.076641,10.298584	0.703887,0.827961,0.409919	3.91671562195
16:12:18	0.704036,0.827987,0.409909	0.702829,0.987919,0.404357	-0.088616,0.091011,10.300979	0.704036,0.827987,0.409909	3.91671562195
16:12:18	0.703913,0.827963,0.409891	0.702835,0.987922,0.404355	-0.088616,0.091011,10.291399	0.703913,0.827963,0.409891	3.91671562195
16:12:18	0.703982,0.827969,0.409872	0.702816,0.987941,0.404362	-0.081431,0.091011,10.296189	0.703982,0.827969,0.409872	3.80058646202
16:12:18	0.703956,0.827947,0.409915	0.702829,0.987930,0.404369	-0.059875,0.071851,10.281819	0.703956,0.827947,0.409915	3.80058646202
16:12:18	0.703868,0.827998,0.409957	0.702834,0.987949,0.404367	-0.062271,0.081431,10.324929	0.703868,0.827998,0.409957	3.77419352531
16:12:18	0.703886,0.827974,0.409945	0.700276,0.987677,0.391430	-0.100591,0.052690,10.286609	0.703886,0.827974,0.409945	3.76363635063
16:12:18	0.703933,0.827976,0.409917	0.702218,0.987901,0.401394	-0.093406,0.129331,10.178833	0.703933,0.827976,0.409917	3.76363635063
16:12:18	0.703926,0.827974,0.409943	0.702815,0.987927,0.404387	-0.083826,0.091011,10.406360	0.703926,0.827974,0.409943	3.74252200127
16:12:18	0.703916,0.827962,0.409881	0.702784,0.987958,0.404391	-0.064666,0.079036,10.509346	0.703916,0.827962,0.409881	3.72668623924
16:12:19	0.703921,0.827978,0.409926	0.702831,0.987938,0.404353	-0.067061,0.079036,9.891431	0.703921,0.827978,0.409926	3.71612906456
16:12:19	0.703925,0.827973,0.409941	0.702840,0.987952,0.404345	-0.057480,0.114961,10.406360	0.703925,0.827973,0.409941	3.70557188988
16:12:19	0.703897,0.827991,0.409872	0.702741,0.987979,0.404409	-0.170046,0.241897,10.382410	0.703897,0.827991,0.409872	3.69501471519
16:12:19	0.703918,0.827969,0.409857	0.702804,0.987953,0.404385	-0.083826,-0.038320,10.363250	0.703918,0.827969,0.409857	3.67917895317
16:12:19	0.703919,0.827964,0.409873	0.702806,0.987940,0.404363	-0.083826,0.011975,10.526111	0.703919,0.827964,0.409873	3.66862177849
16:12:19	0.703887,0.827987,0.409877	0.702807,0.987955,0.404358	-0.021555,0.160466,10.425520	0.703887,0.827987,0.409877	3.66862177849
16:12:19	0.703873,0.828003,0.409886	0.702816,0.987942,0.404334	-0.038320,0.184417,10.159673	0.703873,0.828003,0.409886	3.64750742912
16:12:19	0.703905,0.827992,0.409848	0.700280,0.987661,0.391546	-0.136516,0.088616,10.284214	0.703905,0.827992,0.409848	3.6316716671
16:12:19	0.703994,0.827983,0.409784	0.702253,0.987937,0.401378	-0.050295,0.004790,10.401570	0.703994,0.827983,0.409784	3.62639307976
16:12:19	0.703910,0.827948,0.409842	0.702796,0.987952,0.404367	-0.158071,0.165256,10.370435	0.703910,0.827948,0.409842	3.61583590508
16:12:20	0.703806,0.827876,0.409891	0.702872,0.987910,0.404344	0.026345,-0.086221,10.253079	0.703806,0.827876,0.409891	3.61055731773
16:12:20	0.703788,0.827830,0.409890	0.702778,0.987781,0.404343	0.019160,0.095801,10.262659	0.703788,0.827830,0.409890	3.60000014305
16:12:20	0.703631,0.827509,0.409854	0.702575,0.987693,0.404323	-0.014370,0.189207,10.437495	0.703631,0.827509,0.409854	3.58944296837
16:12:20	0.703611,0.827313,0.409843	0.702708,0.987458,0.404358	0.119751,0.172441,10.114167	0.703611,0.827313,0.409843	3.58416438103
16:12:20	0.703768,0.827533,0.409951	0.702749,0.987556,0.404407	-0.004790,-0.019160,10.186018	0.703768,0.827533,0.409951	3.568328619
16:12:20	0.704872,0.827327,0.409932	0.703070,0.987334,0.404289	-0.055085,0.177231,10.006392	0.704872,0.827327,0.409932	3.56305003166
16:12:20	0.704806,0.827170,0.409935	0.703646,0.987403,0.404336	-0.150886,-0.031135,10.442285	0.704806,0.827170,0.409935	3.55249285698
16:12:20	0.705372,0.825795,0.409588	0.700377,0.986517,0.391844	-0.165256,0.047900,10.502161	0.705372,0.825795,0.409588	3.5313782692
16:12:20	0.705802,0.825488,0.409661	0.703500,0.985266,0.401302	0.067061,0.443079,10.152488	0.705802,0.825488,0.409661	3.52609968185
16:12:20	0.706680,0.825921,0.409898	0.704432,0.985736,0.404428	-0.203577,-0.265847,10.212363	0.706680,0.825921,0.409898	3.52082109451
16:12:21	0.708111,0.826760,0.410102	0.705132,0.986056,0.404437	-0.165256,0.196392,10.212363	0.708111,0.826760,0.410102	3.52082109451
16:12:21	0.711035,0.827412,0.409057	0.706287,0.986982,0.404454	0.112566,0.253872,10.245894	0.711035,0.827412,0.409057	3.50498533249
16:12:21	0.711540,0.827953,0.409974	0.707605,0.987570,0.404394	-0.038320,0.316143,10.274634	0.711540,0.827953,0.409974	3.48387098312
16:12:21	0.713726,0.830352,0.409929	0.708829,0.988451,0.404320	0.028740,-0.107776,10.356064	0.713726,0.830352,0.409929	3.48387098312
16:12:21	0.717415,0.832529,0.409508	0.711548,0.990868,0.403878	-0.100591,-0.581990,10.061477	0.717415,0.832529,0.409508	3.48387098312
16:12:21	0.721508,0.835350,0.409810	0.713646,0.993275,0.404156	-0.028740,0.299377,10.145303	0.721508,0.835350,0.409810	3.45747804642
16:12:21	0.727303,0.838720,0.409490	0.716894,0.996135,0.404077	0.095801,0.253872,10.391990	0.727303,0.838720,0.409490	3.45219945908
16:12:21	0.735388,0.843956,0.411835	0.721289,1.000114,0.404243	-0.148491,-0.071851,10.552456	0.735388,0.843956,0.411835	3.44164228439
16:12:21	0.748327,0.851471,0.413518	0.699866,1.000528,0.387405	0.064666,0.091011,10.516531	0.748327,0.851471,0.413518	3.44164228439
16:12:21	0.765067,0.861855,0.418584	0.728752,1.012643,0.401306	0.301772,-0.023950,10.348879	0.765067,0.861855,0.418584	3.44164228439
16:12:22	0.791157,0.877089,0.424464	0.750901,1.024697,0.408436	0.119751,0.567620,10.583591	0.791157,0.877089,0.424464	3.44164228439
16:12:22	0.827032,0.898627,0.428353	0.771075,1.040480,0.410214	0.167651,0.306563,9.999207	0.827032,0.898627,0.428353	3.3782992363
16:12:22	0.865517,0.925855,0.431856	0.795568,1.061429,0.411496	-0.280217,-0.234712,10.408755	0.865517,0.925855,0.431856	3.36774206161
16:12:22	0.904534,0.954050,0.433102	0.829954,1.087665,0.415142	-0.057480,-0.091011,10.140513	0.904534,0.954050,0.433102	3.35718488693
16:12:22	0.945683,0.980994,0.439017	0.857952,1.111158,0.415334	0.158071,0.316143,10.114167	0.945683,0.980994,0.439017	3.29384183884
16:12:22	0.988777,1.008996,0.449286	0.887784,1.132062,0.418590	0.045505,-0.234712,10.478210	0.988777,1.008996,0.449286	3.34662771225
16:12:22	1.030677,1.043921,0.461020	0.917954,1.154443,0.423296	0.263452,0.205972,9.970466	1.030677,1.043921,0.461020	3.35718488693
16:12:22	1.071247,1.088671,0.471521	0.946619,1.183137,0.428125	0.160466,0.050295,10.035132	1.071247,1.088671,0.471521	3.35718488693
16:12:22	1.109420,1.141262,0.480533	0.927915,1.103269,0.413627	-0.057480,0.148491,10.226733	1.109420,1.141262,0.480533	3.3782992363
16:12:22	1.140392,1.197931,0.485915	0.972022,1.209572,0.423928	0.009580,0.457449,9.515413	1.140392,1.197931,0.485915	3.35190629959
16:12:23	1.159508,1.253911,0.492316	1.014850,1.301041,0.435446	-0.165256,0.673000,9.970466	1.159508,1.253911,0.492316	3.36246347427
16:12:23	1.165348,1.308155,0.499966	1.021439,1.341710,0.437150	0.268242,-0.091011,10.593171	1.165348,1.308155,0.499966	3.36246347427
16:12:23	1.159372,1.361033,0.505999	1.018290,1.380969,0.437509	0.172441,-0.174836,10.487791	1.159372,1.361033,0.505999	3.38357782364
16:12:23	1.142967,1.411673,0.510235	1.014708,1.446844,0.440897	0.074246,-0.136516,10.267449	1.142967,1.411673,0.510235	3.38357782364
16:12:23	1.118895,1.458893,0.512304	1.015245,1.516045,0.397334	0.208367,-0.471819,9.841135	1.118895,1.458893,0.512304	3.38885641098
16:12:23	1.091094,1.502217,0.507987	1.026684,1.603049,0.423079	0.040715,-0.340093,10.391990	1.091094,1.502217,0.507987	3.38357782364
16:12:23	1.063667,1.542776,0.504387	1.049511,1.666956,0.422785	0.189207,-0.201182,10.406360	1.063667,1.542776,0.504387	3.38357782364
16:12:23	1.040352,1.584360,0.500867	1.070947,1.711330,0.431109	0.091011,-0.069456,10.377620	1.040352,1.584360,0.500867	3.3782992363
16:12:23	1.024008,1.628954,0.497696	1.120550,1.729526,0.434823	0.064666,-0.251477,10.380015	1.024008,1.628954,0.497696	3.38357782364
16:12:23	1.018273,1.676137,0.495953	1.103025,1.778595,0.439859	0.196392,0.347278,10.200388	1.018273,1.676137,0.495953	3.38357782364
16:12:24	1.027135,1.730145,0.494051	0.917215,1.784489,0.331844	0.435894,0.177231,9.695039	1.027135,1.730145,0.494051	3.38357782364
16:12:24	1.044081,1.776582,0.481337	1.004110,1.879221,0.332742	0.023950,0.787961,9.601633	1.044081,1.776582,0.481337	3.36774206161
16:12:24	1.067404,1.824146,0.463344	1.224575,1.697413,0.536958	0.112566,-0.560435,11.261382	1.067404,1.824146,0.463344	3.37302064896
16:12:24	1.091627,1.864210,0.450150	1.254550,1.753867,0.513799	0.205972,-0.392783,10.588381	1.091627,1.864210,0.450150	3.35718488693
16:12:24	1.116741,1.895470,0.438946	1.284357,1.804195,0.504767	0.143701,0.107776,10.408755	1.116741,1.895470,0.438946	3.35190629959
16:12:24	1.143021,1.917822,0.429352	1.314097,1.843847,0.492689	0.184417,-0.035925,10.487791	1.143021,1.917822,0.429352	3.35190629959
16:12:24	1.169515,1.933185,0.419493	1.342252,1.867726,0.477039	0.261057,0.390388,10.274634	1.169515,1.933185,0.419493	3.35718488693
16:12:24	1.196097,1.943578,0.409727	1.369751,1.884055,0.461731	0.093406,0.076641,10.265054	1.196097,1.943578,0.409727	3.35190629959
16:12:24	1.223175,1.951071,0.399651	1.347316,2.019215,0.402740	0.208367,0.292192,9.513018	1.223175,1.951071,0.399651	3.35718488693
16:12:24	1.250765,1.958930,0.384143	1.373930,2.028074,0.397968	0.071851,0.174836,10.140513	1.250765,1.958930,0.384143	3.34662771225
16:12:25	1.277847,1.971341,0.367833	1.400650,2.038326,0.392266	-0.026345,-0.251477,10.672207	1.277847,1.971341,0.367833	3.34662771225
16:12:25	1.304010,1.991264,0.352985	1.303189,2.129361,0.455223	-0.035925,0.613125,10.286609	1.304010,1.991264,0.352985	3.35190629959
16:12:25	1.330018,2.019490,0.343788	1.375025,2.142688,0.421699	0.280217,-0.069456,10.382410	1.330018,2.019490,0.343788	3.35718488693
16:12:25	1.353260,2.053246,0.334621	1.470101,2.115745,0.400448	-0.067061,0.071851,10.039922	1.353260,2.053246,0.334621	3.35718488693
16:12:25	1.374332,2.090469,0.322988	1.490233,2.155117,0.383757	0.205972,0.004790,10.006392	1.374332,2.090469,0.322988	3.34662771225
16:12:25	1.396682,2.129481,0.311203	1.510426,2.194727,0.368916	0.220342,0.447869,10.023157	1.396682,2.129481,0.311203	3.34662771225
16:12:25	1.421091,2.169218,0.299608	1.544708,2.215425,0.359740	0.107776,-0.337698,10.609937	1.421091,2.169218,0.299608	3.35190629959
16:12:25	1.448098,2.208734,0.288116	1.572153,2.248328,0.358847	-0.126936,0.318538,10.957214	1.448098,2.208734,0.288116	3.34662771225
16:12:25	1.478093,2.247253,0.279163	1.590048,2.304850,0.353741	-0.028740,-0.510139,10.629097	1.478093,2.247253,0.279163	3.35190629959
16:12:25	1.509928,2.285318,0.270633	1.629987,2.326415,0.344703	-0.119751,0.663420,10.166858	1.509928,2.285318,0.270633	3.35718488693
16:12:26	1.543183,2.320421,0.263049	1.663897,2.357832,0.346696	-0.055085,0.608335,10.310559	1.543183,2.320421,0.263049	3.35190629959
16:12:26	1.575714,2.352180,0.257319	1.702561,2.377302,0.336710	0.110171,0.926873,9.941726	1.575714,2.352180,0.257319	3.35190629959
16:12:26	1.606382,2.381265,0.250942	1.735306,2.402101,0.339212	0.308958,0.064666,10.550061	1.606382,2.381265,0.250942	3.34662771225
16:12:26	1.634799,2.408286,0.246784	1.605515,2.265305,0.447392	0.021555,0.320933,10.380015	1.634799,2.408286,0.246784	3.34662771225
16:12:26	1.659737,2.432844,0.247720	1.688472,2.323934,0.490754	0.423918,0.011975,11.594290	1.659737,2.432844,0.247720	3.34662771225
16:12:26	1.678566,2.450657,0.258010	1.771217,2.408568,0.484940	-0.174836,0.390388,10.550061	1.678566,2.450657,0.258010	3.34134912491
16:12:26	1.690112,2.463972,0.268480	1.816023,2.482745,0.431196	0.134121,0.043110,9.910591	1.690112,2.463972,0.268480	3.34662771225
16:12:26	1.696837,2.476914,0.271062	1.844816,2.480112,0.367018	0.150886,0.352068,9.383687	1.696837,2.476914,0.271062	3.33079195023
16:12:26	1.701217,2.492080,0.265539	1.853147,2.487332,0.350160	0.179626,-0.091011,9.766890	1.701217,2.492080,0.265539	3.33079195023
16:12:26	1.706094,2.511724,0.255702	1.856940,2.498518,0.347815	0.344883,0.550854,9.948911	1.706094,2.511724,0.255702	3.32551336288
16:12:27	1.714346,2.538413,0.246484	1.861443,2.513655,0.344328	0.268242,0.550854,10.061477	1.714346,2.538413,0.246484	3.33079195023
16:12:27	1.727494,2.572218,0.239071	1.869676,2.533536,0.342058	-0.091011,0.186812,10.447075	1.727494,2.572218,0.239071	3.33607053757
16:12:27	1.746708,2.610869,0.233841	1.882105,2.557679,0.341004	0.043110,0.244292,10.427915	1.746708,2.610869,0.233841	3.33079195023
16:12:27	1.772180,2.651532,0.230213	1.903879,2.590293,0.324267	-0.057480,0.234712,10.569221	1.772180,2.651532,0.230213	3.33607053757
16:12:27	1.803750,2.690603,0.226611	1.791162,2.530711,0.402247	0.342488,0.208367,10.413545	1.803750,2.690603,0.226611	3.33607053757
16:12:27	1.839431,2.723165,0.228627	1.863775,2.586626,0.425002	-0.011975,0.548459,10.681787	1.839431,2.723165,0.228627	3.33607053757
16:12:27	1.875940,2.744461,0.238361	1.956474,2.633889,0.373696	0.162861,0.002395,10.289004	1.875940,2.744461,0.238361	3.33607053757
16:12:27	1.910017,2.755115,0.242964	2.017675,2.670574,0.341147	0.234712,0.335303,9.596843	1.910017,2.755115,0.242964	3.33079195023
16:12:27	1.940305,2.756030,0.241076	2.066927,2.734662,0.364094	-0.117356,0.275427,10.265054	1.940305,2.756030,0.241076	3.32023477554
16:12:27	1.966728,2.749754,0.240577	2.099783,2.769658,0.346891	0.419128,0.359253,10.015972	1.966728,2.749754,0.240577	3.33607053757
16:12:28	1.989425,2.743132,0.239412	2.105540,2.825058,0.338589	0.205972,0.962798,10.087822	1.989425,2.743132,0.239412	3.33079195023
16:12:28	2.009917,2.741563,0.238733	2.124221,2.823577,0.340955	0.112566,0.114961,10.614727	2.009917,2.741563,0.238733	3.33079195023
16:12:28	2.029883,2.748415,0.239779	2.152073,2.814914,0.329177	0.040715,0.222737,10.456655	2.029883,2.748415,0.239779	3.33607053757
16:12:28	2.051316,2.764534,0.240647	2.171984,2.824942,0.333213	0.047900,0.874182,10.178833	2.051316,2.764534,0.240647	3.33607053757
16:12:28	2.074362,2.787978,0.243530	2.194172,2.841634,0.338761	0.189207,0.469424,10.181228	2.074362,2.787978,0.243530	3.33607053757
16:12:28	2.099043,2.818390,0.248677	2.208529,2.858642,0.399123	0.213157,-0.337698,10.509346	2.099043,2.818390,0.248677	3.33607053757
16:12:28	2.126462,2.852628,0.254731	2.147299,2.688334,0.378631	0.251477,-0.184417,10.135723	2.126462,2.852628,0.254731	3.33079195023
16:12:28	2.156698,2.885849,0.259714	2.212729,2.740746,0.390613	0.043110,0.014370,10.217153	2.156698,2.885849,0.259714	3.32023477554
16:12:28	2.191756,2.914444,0.270651	2.278846,2.801844,0.394353	0.280217,-0.471819,10.722502	2.191756,2.914444,0.270651	3.32023477554
16:12:28	2.222619,2.931988,0.281958	2.334915,2.906434,0.444031	0.170046,0.134121,10.281819	2.222619,2.931988,0.281958	3.34134912491
16:12:29	2.256722,2.944429,0.294514	2.377616,2.971081,0.409141	-0.019160,-0.122146,10.051897	2.256722,2.944429,0.294514	3.33079195023
16:12:29	2.290315,2.950083,0.305589	2.376117,3.018320,0.486288	0.253872,0.222737,10.600356	2.290315,2.950083,0.305589	3.33079195023
16:12:29	2.321929,2.954293,0.320418	2.375036,3.043659,0.525497	0.275427,0.373623,10.741663	2.321929,2.954293,0.320418	3.32023477554
16:12:29	2.350442,2.962618,0.341270	2.380089,3.026369,0.598114	0.447869,-0.040715,11.033855	2.350442,2.962618,0.341270	3.33607053757
16:12:29	2.375072,2.975910,0.368561	2.401980,3.037479,0.623527	0.438289,-0.203577,10.997930	2.375072,2.975910,0.368561	3.33607053757
16:12:29	2.395622,2.994112,0.402083	2.417028,3.075778,0.628302	0.289797,0.344883,10.480605	2.395622,2.994112,0.402083	3.34662771225
16:12:29	2.413345,3.017922,0.436560	2.558945,2.999139,0.369750	-0.143701,-0.114961,9.577683	2.413345,3.017922,0.436560	3.34134912491
16:12:29	2.428656,3.046593,0.459107	2.525266,3.122643,0.588414	-0.047900,-0.184417,10.109377	2.428656,3.046593,0.459107	3.35190629959
16:12:29	2.443002,3.079606,0.480747	2.484912,3.167704,0.673311	0.000000,0.294587,10.590776	2.444261,3.082722,0.482647	3.33607053757
16:12:29	2.458803,3.117359,0.503250	2.472914,3.143562,0.786773	0.062271,-0.019160,10.978770	2.458803,3.117359,0.503250	3.32551336288
16:12:30	2.476074,3.157600,0.530891	2.524548,3.205836,0.767534	0.093406,0.088616,10.298584	2.476074,3.157600,0.530891	3.32551336288
16:12:30	2.494028,3.198172,0.559542	2.525401,3.291978,0.731326	0.172441,0.158071,10.150093	2.494028,3.198172,0.559542	3.32551336288
16:12:30	2.512124,3.240631,0.583656	2.564830,3.337591,0.718258	0.431104,-0.227527,9.805210	2.512124,3.240631,0.583656	3.3149561882
16:12:30	2.529770,3.286194,0.605276	2.628205,3.354781,0.711470	0.002395,-0.467029,10.439890	2.529770,3.286194,0.605276	3.32551336288
16:12:30	2.548064,3.334305,0.626238	2.650769,3.396082,0.730792	-0.064666,0.287402,10.614727	2.548064,3.334305,0.626238	3.32023477554
16:12:30	2.569017,3.384179,0.651769	2.661297,3.458616,0.736622	-0.126936,0.107776,10.741663	2.569017,3.384179,0.651769	3.33079195023
16:12:30	2.592346,3.435304,0.679032	2.521815,3.257296,0.573741	0.143701,0.304167,9.723779	2.592346,3.435304,0.679032	3.34134912491
16:12:30	2.617388,3.485521,0.694135	2.545962,3.315379,0.809797	0.170046,0.064666,10.013577	2.617388,3.485521,0.694135	3.32023477554
16:12:30	2.643474,3.530102,0.710528	2.607647,3.359299,0.841560	0.095801,-0.148491,11.182346	2.643474,3.530102,0.710528	3.29912042618
16:12:30	2.669673,3.565503,0.735851	2.573469,3.478202,0.964874	0.062271,-0.304167,10.952424	2.669673,3.565503,0.735851	3.32023477554
16:12:31	2.695071,3.591812,0.768463	2.713022,3.614918,0.918292	0.258662,-0.004790,9.965676	2.695071,3.591812,0.768463	3.32023477554
16:12:31	2.717502,3.611160,0.797759	2.862085,3.599794,0.813083	0.201182,0.093406,9.958491	2.717502,3.611160,0.797759	3.3149561882
16:12:31	2.734577,3.625872,0.824508	2.876834,3.662745,0.799252	-0.069456,-0.076641,10.202783	2.734577,3.625872,0.824508	3.33607053757
16:12:31	2.747842,3.639570,0.848230	2.870644,3.665386,1.001282	0.126936,-0.067061,10.284214	2.747842,3.639570,0.848230	3.32023477554
16:12:31	2.759772,3.657293,0.874646	2.881938,3.665434,1.038448	0.258662,0.067061,10.818303	2.759772,3.657293,0.874646	3.30967760086
16:12:31	2.773181,3.680808,0.907915	2.893399,3.675066,1.071992	0.131726,0.498164,10.700947	2.773181,3.680808,0.907915	3.32551336288
16:12:31	2.790768,3.709340,0.947074	2.879031,3.615494,0.720897	0.261057,0.285007,9.443562	2.790768,3.709340,0.947074	3.33079195023
16:12:31	2.811807,3.740853,0.963175	2.923983,3.707416,0.761215	-0.337698,-0.102986,9.017249	2.811807,3.740853,0.963175	3.33079195023
16:12:31	2.835009,3.772483,0.968793	2.970544,3.708424,1.023495	0.088616,0.126936,10.466235	2.835009,3.772483,0.968793	3.32551336288
16:12:31	2.860866,3.801384,0.979607	2.980786,3.738295,1.109164	-0.064666,0.524509,10.938054	2.860866,3.801384,0.979607	3.30439901352
16:12:32	2.890162,3.827924,1.000026	2.999478,3.767117,1.153549	-0.126936,0.457449,11.122471	2.890162,3.827924,1.000026	3.30967760086
16:12:32	2.921106,3.853531,1.028412	3.044309,3.823486,1.146496	0.007185,-0.234712,10.552456	2.921106,3.853531,1.028412	3.30439901352
16:12:32	2.951281,3.878359,1.059303	3.061366,3.875335,1.223010	0.148491,0.167651,10.844648	2.951281,3.878359,1.059303	3.33607053757
16:12:32	2.979235,3.903246,1.095118	3.060049,3.890480,1.321769	-0.007185,-0.376018,10.930869	2.979235,3.903246,1.095118	3.32023477554
16:12:32	3.003966,3.929830,1.135991	3.087545,3.908069,1.358502	-0.016765,-0.213157,10.789563	3.003966,3.929830,1.135991	3.30439901352
16:12:32	3.024817,3.957011,1.177575	3.065963,3.791711,1.088373	-0.148491,0.098196,9.589658	3.024817,3.957011,1.177575	3.33079195023
16:12:32	3.042512,3.982668,1.208584	3.116824,3.831023,1.200164	0.019160,-0.390388,10.099797	3.042512,3.982668,1.208584	3.33079195023
16:12:32	3.057515,4.003716,1.238578	3.175235,3.894091,1.199799	0.263452,0.038320,10.260264	3.057515,4.003716,1.238578	3.30967760086
16:12:32	3.071217,4.020174,1.268695	3.204792,3.943902,1.310179	-0.160466,0.438289,10.308164	3.071217,4.020174,1.268695	3.33079195023
16:12:32	3.085131,4.034508,1.297131	3.181449,3.966266,1.487305	-0.124541,0.189207,10.324929	3.085131,4.034508,1.297131	3.33079195023
16:12:33	3.100302,4.047087,1.330772	3.225292,4.021875,1.475484	0.167651,0.668210,10.126143	3.100302,4.047087,1.330772	3.29912042618
16:12:33	3.115675,4.060804,1.365797	3.252970,4.032221,1.460273	-0.208367,0.613125,10.336904	3.115675,4.060804,1.365797	3.38357782364
16:12:33	3.132188,4.078287,1.397424	3.030332,3.935257,1.344453	-0.160466,-0.033530,9.730964	3.132188,4.078287,1.397424	3.38357782364
16:12:33	3.150907,4.099664,1.419852	3.047717,3.954342,1.371368	0.055085,0.079036,10.157278	3.150907,4.099664,1.419852	3.35718488693
16:12:33	3.168623,4.122389,1.444112	3.066554,3.976619,1.391480	-0.215552,0.246687,10.935659	3.168623,4.122389,1.444112	3.30439901352
16:12:33	3.181584,4.144253,1.474049	3.082878,3.999242,1.415772	0.100591,0.440684,10.492581	3.181584,4.144253,1.474049	3.30439901352
16:12:33	3.189669,4.165365,1.508435	3.251341,4.006155,1.502289	0.105381,0.409548,10.576406	3.189669,4.165365,1.508435	3.33607053757
16:12:33	3.193770,4.184565,1.547063	3.314365,4.070665,1.496244	0.095801,0.325723,10.260264	3.193770,4.184565,1.547063	3.33607053757
16:12:33	3.196867,4.200874,1.584757	3.328624,4.106843,1.507353	0.354463,0.390388,9.968071	3.196867,4.200874,1.584757	3.33607053757
16:12:33	3.201673,4.216370,1.621589	3.108696,4.075602,1.548698	0.270637,0.148491,10.600356	3.201673,4.216370,1.621589	3.33079195023
16:12:34	3.210510,4.232632,1.658442	3.115318,4.091304,1.582399	0.069456,0.677791,10.097402	3.210510,4.232632,1.658442	3.34134912491
16:12:34	3.219773,4.248572,1.698815	3.124756,4.107929,1.617720	0.102986,0.603545,10.238708	3.219773,4.248572,1.698815	3.34134912491
16:12:34	3.225687,4.260569,1.737783	3.133506,4.123056,1.655095	0.031135,0.038320,10.372830	3.225687,4.260569,1.737783	3.33607053757
16:12:34	3.226202,4.266612,1.778414	3.137846,4.133470,1.691472	0.143701,-0.479004,10.506951	3.226202,4.266612,1.778414	3.34134912491
16:12:34	3.221226,4.267594,1.819451	3.316316,4.178761,1.598481	0.112566,-0.182021,9.065149	3.221226,4.267594,1.819451	3.35190629959
16:12:34	3.211746,4.265452,1.846060	3.306906,4.183157,1.622531	0.057480,0.002395,9.742939	3.211746,4.265452,1.846060	3.3782992363
16:12:34	3.201168,4.262421,1.867633	3.296370,4.184391,1.639745	0.411943,-0.201182,10.128538	3.201168,4.262421,1.867633	3.3782992363
16:12:34	3.193509,4.262420,1.888271	3.286229,4.185311,1.655789	0.210762,0.057480,10.324929	3.193509,4.262420,1.888271	3.34134912491
16:12:34	3.191322,4.268291,1.907974	3.279059,4.189120,1.671689	0.045505,0.289797,10.351274	3.191322,4.268291,1.907974	3.34134912491
16:12:34	3.195724,4.280202,1.927242	3.276490,4.197148,1.687177	0.177231,-0.306563,10.243499	3.195724,4.280202,1.927242	3.33607053757
16:12:35	3.206569,4.296909,1.945341	3.279013,4.209352,1.702479	-0.016765,0.483794,9.965676	3.206569,4.296909,1.945341	3.34134912491
16:12:35	3.222996,4.315470,1.959910	3.286591,4.224250,1.716009	0.304167,0.079036,9.790840	3.222996,4.315470,1.959910	3.34662771225
16:12:35	3.244854,4.333390,1.973673	3.299043,4.239903,1.727440	0.088616,0.416733,9.941726	3.244854,4.333390,1.973673	3.33079195023
16:12:35	3.269945,4.348695,1.986783	3.315072,4.253530,1.737567	0.340093,0.522114,9.917776	3.269945,4.348695,1.986783	3.34134912491
16:12:35	3.295941,4.360929,1.998035	3.333743,4.265501,1.746712	0.067061,-0.050295,10.176438	3.295941,4.360929,1.998035	3.33607053757
16:12:35	3.321630,4.369709,2.007735	3.352577,4.274490,1.754536	0.347278,0.577200,9.951306	3.321630,4.369709,2.007735	3.33607053757
16:12:35	3.345979,4.374319,2.015936	3.322226,4.277568,1.752411	0.064666,0.411943,9.941726	3.345979,4.374319,2.015936	3.28328466415
16:12:35	3.370129,4.378183,2.021610	3.340707,4.282049,1.760073	-0.083826,0.184417,10.142908	3.370129,4.378183,2.021610	3.35190629959
16:12:35	3.390950,4.381080,2.023886	3.358933,4.286235,1.765191	0.083826,0.059875,10.322534	3.390950,4.381080,2.023886	3.32023477554
16:12:35	3.405008,4.381775,2.024836	3.372491,4.288026,1.768424	-0.196392,0.632285,10.238708	3.405008,4.381775,2.024836	3.3149561882
16:12:36	3.414886,4.381372,2.021447	3.382340,4.288825,1.768979	0.035925,0.553250,10.229128	3.414886,4.381372,2.021447	3.33079195023
16:12:36	3.421344,4.379043,2.017673	3.388708,4.287909,1.766641	0.150886,0.167651,10.061477	3.421344,4.379043,2.017673	3.33079195023
16:12:36	3.426705,4.376295,2.009295	3.392816,4.285076,1.761534	0.182021,0.579595,9.649534	3.426705,4.376295,2.009295	3.33607053757
16:12:36	3.432499,4.373674,1.998373	3.396640,4.281995,1.754239	0.095801,0.435894,10.224338	3.432499,4.373674,1.998373	3.34662771225
16:12:36	3.437070,4.370775,1.984760	3.400314,4.278647,1.744566	0.253872,0.399968,9.992021	3.437070,4.370775,1.984760	3.32023477554
16:12:36	3.439246,4.366313,1.969201	3.402479,4.274385,1.732698	0.093406,0.656235,10.164463	3.439246,4.366313,1.969201	3.32551336288
16:12:36	3.439052,4.359921,1.952307	3.402615,4.268234,1.718762	-0.009580,0.414338,10.037527	3.439052,4.359921,1.952307	3.34134912491
16:12:36	3.436277,4.352047,1.932191	3.400768,4.260142,1.702968	0.342488,-0.107776,9.982441	3.436277,4.352047,1.932191	3.32023477554
16:12:36	3.430795,4.342451,1.909472	3.424653,4.247702,1.678192	0.435894,0.035925,10.018367	3.430795,4.342451,1.909472	3.34662771225
16:12:36	3.423136,4.331399,1.886212	3.419782,4.235719,1.657517	0.227527,-0.445474,9.929751	3.423136,4.331399,1.886212	3.30967760086
16:12:37	3.414386,4.319487,1.860257	3.413582,4.222424,1.636194	0.246687,-0.354463,10.071057	3.414386,4.319487,1.860257	3.30967760086
16:12:37	3.406780,4.307645,1.831610	3.441185,4.210362,1.616955	0.222737,0.593965,9.984836	3.406780,4.307645,1.831610	3.33607053757
16:12:37	3.400989,4.295792,1.800562	3.312680,4.177344,1.758010	0.273032,0.280217,10.308164	3.400989,4.295792,1.800562	3.36774206161
16:12:37	3.399045,4.286478,1.773937	3.307471,4.165364,1.730143	0.136516,0.570015,10.758428	3.399045,4.286478,1.773937	3.27800607681
16:12:37	3.397138,4.278049,1.750930	3.305750,4.156559,1.706656	0.280217,-0.124541,10.281819	3.397138,4.278049,1.750930	3.30439901352
16:12:37	3.394348,4.269285,1.727906	3.303638,4.148490,1.685670	0.098196,0.622705,10.231523	3.394348,4.269285,1.727906	3.36774206161
16:12:37	3.388999,4.257411,1.703745	3.299744,4.138691,1.664191	0.397573,-0.107776,9.800420	3.388999,4.257411,1.703745	3.29912042618
16:12:37	3.380660,4.242413,1.678664	3.293337,4.125490,1.641091	0.229922,0.526904,10.145303	3.380660,4.242413,1.678664	3.3149561882
16:12:37	3.368645,4.225650,1.655199	3.283574,4.109615,1.618005	0.110171,0.723296,10.293794	3.368645,4.225650,1.655199	3.29384183884
16:12:37	3.353236,4.209236,1.630141	3.270431,4.092742,1.595884	0.316143,-0.059875,10.097402	3.353236,4.209236,1.630141	3.3149561882
16:12:38	3.334912,4.194049,1.603127	3.433888,4.088407,1.483774	0.009580,0.692161,9.812395	3.334912,4.194049,1.603127	3.3149561882
16:12:38	3.315574,4.180743,1.569586	3.235068,4.061404,1.545016	0.287402,-0.011975,10.159673	3.315574,4.180743,1.569586	3.39941358566
16:12:38	3.299055,4.172876,1.535058	3.216416,4.049269,1.513073	-0.014370,0.277822,10.195598	3.299055,4.172876,1.535058	3.2885632515
16:12:38	3.287358,4.170751,1.499042	3.201739,4.043183,1.480596	0.086221,0.586780,10.684182	3.287358,4.170751,1.499042	3.30967760086
16:12:38	3.277602,4.171743,1.467394	3.191287,4.042108,1.448129	0.323328,0.488584,10.372830	3.277602,4.171743,1.467394	3.28328466415
16:12:38	3.267167,4.173045,1.437671	3.181670,4.043047,1.420040	0.421523,0.320933,10.490186	3.267167,4.173045,1.437671	3.28328466415
16:12:38	3.254608,4.173414,1.412083	3.170681,4.043900,1.394398	0.205972,0.359253,10.344089	3.254608,4.173414,1.412083	3.27800607681
16:12:38	3.240204,4.171679,1.385591	3.158241,4.043427,1.369734	0.138911,-0.433499,10.236313	3.240204,4.171679,1.385591	3.32023477554
16:12:38	3.222904,4.167681,1.357751	3.143073,4.040550,1.345726	0.160466,-0.421523,9.951306	3.222904,4.167681,1.357751	3.32023477554
16:12:38	3.202851,4.161880,1.326837	3.125076,4.035370,1.318923	0.186812,0.086221,10.051897	3.202851,4.161880,1.326837	3.3149561882
16:12:39	3.181112,4.154904,1.294458	3.104808,4.028839,1.290065	0.277822,0.126936,10.066267	3.181112,4.154904,1.294458	3.32023477554
16:12:39	3.158795,4.146824,1.258360	3.083133,4.021062,1.259448	-0.086221,0.502954,10.114167	3.156912,4.146000,1.255038	3.44164228439
16:12:39	3.136554,4.136863,1.220797	3.273905,4.093072,1.424502	0.354463,-0.167651,10.969189	3.136554,4.136863,1.220797	3.19354820251
16:12:39	3.116844,4.126458,1.192209	3.039659,4.001175,1.192543	0.598755,0.744851,10.351274	3.116844,4.126458,1.192209	3.52082109451
16:12:39	3.103413,4.119191,1.159869	3.022033,3.991086,1.166652	0.335303,0.610730,9.829160	3.103413,4.119191,1.159869	3.52082109451
16:12:39	3.095279,4.117619,1.123422	3.011000,3.985362,1.135162	0.031135,0.543669,10.231523	3.094613,4.117658,1.120428	3.52082109451
16:12:39	3.087695,4.121734,1.091364	3.003731,3.985635,1.102565	0.165256,0.234712,10.406360	3.087695,4.121734,1.091364	3.38357782364
16:12:39	3.078253,4.130569,1.060577	2.996047,3.991158,1.074102	0.244292,0.059875,10.305769	3.078253,4.130569,1.060577	3.44164228439
16:12:39	3.064522,4.142749,1.029494	2.986005,4.000959,1.045816	0.316143,-0.050295,10.174043	3.064522,4.142749,1.029494	3.43108510971
16:12:39	3.044341,4.157420,0.995199	2.970990,4.013551,1.016839	0.268242,0.524509,9.857900	3.042328,4.158722,0.992131	3.39413499832
16:12:40	3.017162,4.174091,0.958522	2.949389,4.028211,0.984412	0.340093,0.486189,10.083032	3.017162,4.174091,0.958522	3.39413499832
16:12:40	2.985077,4.192458,0.921284	2.921460,4.044877,0.950618	0.402363,0.637075,10.118958	2.985077,4.192458,0.921284	3.43636369705
16:12:40	2.951269,4.211497,0.884349	2.889890,4.062700,0.916564	0.512534,0.459844,10.159673	2.951269,4.211497,0.884349	3.33079195023
16:12:40	2.918191,4.230581,0.848618	2.857500,4.080971,0.883047	0.237107,0.191602,10.284214	2.918191,4.230581,0.848618	3.33079195023
16:12:40	2.888409,4.249259,0.814574	2.999466,4.192787,1.083893	0.179626,0.232317,10.298584	2.888409,4.249259,0.814574	3.10909080505
16:12:40	2.862371,4.269923,0.789487	2.971582,4.210352,1.051128	0.237107,0.162861,10.657837	2.862371,4.269923,0.789487	3.33079195023
16:12:40	2.848042,4.290241,0.772823	2.950119,4.228257,1.028450	0.340093,0.490979,10.667417	2.848042,4.290241,0.772823	3.39413499832
16:12:40	2.841354,4.315223,0.757934	2.936702,4.248916,1.009933	0.251477,0.174836,10.957214	2.841354,4.315223,0.757934	3.39413499832
16:12:40	2.843642,4.342271,0.748823	2.954117,4.258512,1.057129	0.213157,-0.007185,11.017090	2.843642,4.342271,0.748823	3.17771244049
16:12:40	2.856524,4.370667,0.748680	2.957479,4.281311,1.050074	0.023950,0.136516,10.902129	2.856524,4.370667,0.748680	3.32023477554
16:12:41	2.878626,4.399282,0.753102	2.970437,4.304118,1.051124	-0.007185,-0.292192,10.791958	2.878626,4.399282,0.753102	3.32023477554
16:12:41	2.906372,4.427631,0.759982	2.990494,4.326580,1.056026	0.158071,0.232317,10.212363	2.906372,4.427631,0.759982	3.28328466415
16:12:41	2.937219,4.452866,0.768700	3.014516,4.347955,1.062860	0.098196,0.177231,10.044712	2.937219,4.452866,0.768700	3.28328466415
16:12:41	2.970219,4.474209,0.783214	3.040368,4.365742,1.072404	0.158071,-0.076641,10.660232	2.970219,4.474209,0.783214	3.23577737808
16:12:41	2.995896,4.488253,0.797993	3.065583,4.378562,1.085743	0.088616,0.596360,10.492581	2.995896,4.488253,0.797993	3.23577737808
16:12:41	3.021291,4.499419,0.816536	3.088652,4.387954,1.100796	-0.114961,0.265847,10.686577	3.021291,4.499419,0.816536	3.17771244049
16:12:41	3.042756,4.505983,0.839006	3.109340,4.393156,1.118257	0.079036,0.313748,10.602751	3.042756,4.505983,0.839006	3.17771244049
16:12:41	3.061577,4.510271,0.866477	3.127071,4.394838,1.138752	0.205972,0.270637,10.538086	3.061577,4.510271,0.866477	3.17771244049
16:12:41	3.080673,4.513865,0.896106	3.143905,4.394460,1.163288	0.193997,-0.222737,9.101074	3.080673,4.513865,0.896106	3.35190629959
16:12:41	3.098778,4.517431,0.911884	3.160521,4.393894,1.185203	-0.026345,0.021555,9.299861	3.098778,4.517431,0.911884	3.34134912491
16:12:42	3.114463,4.522551,0.915214	3.174860,4.395096,1.195079	-0.047900,0.356858,9.620793	3.115675,4.523122,0.915006	3.33607053757
16:12:42	3.127728,4.531376,0.908764	3.186203,4.399626,1.195311	0.196392,-0.296982,9.546548	3.127728,4.531376,0.908764	3.33607053757
16:12:42	3.139366,4.544962,0.894204	3.195071,4.408883,1.187335	-0.043110,-0.177231,9.862690	3.139366,4.544962,0.894204	3.32023477554
16:12:42	3.151013,4.562320,0.874427	3.202639,4.423026,1.172766	-0.335303,-0.364043,9.865085	3.152038,4.563864,0.872621	3.3149561882
16:12:42	3.163621,4.581292,0.851345	3.210352,4.440421,1.153871	0.033530,0.498164,10.174043	3.163621,4.581292,0.851345	3.30967760086
16:12:42	3.178169,4.599769,0.825359	3.218890,4.458947,1.131825	-0.028740,0.153281,10.475815	3.178169,4.599769,0.825359	3.30967760086
16:12:42	3.194819,4.615226,0.798137	3.229550,4.476608,1.108430	-0.079036,0.062271,10.221943	3.194819,4.615226,0.798137	3.3149561882
16:12:42	3.212534,4.627734,0.769227	3.241975,4.491439,1.084427	0.306563,0.684976,10.039922	3.212534,4.627734,0.769227	3.32023477554
16:12:42	3.229319,4.637909,0.738628	3.254916,4.504154,1.058967	-0.016765,-0.162861,10.308164	3.229319,4.637909,0.738628	3.3149561882
16:12:42	3.243986,4.645685,0.706815	3.267002,4.515046,1.032431	0.153281,-0.004790,10.066267	3.243986,4.645685,0.706815	3.30967760086
16:12:43	3.257023,4.651657,0.674952	3.277409,4.523828,1.004866	-0.062271,0.411943,10.332114	3.257023,4.651657,0.674952	3.3149561882
16:12:43	3.270175,4.658218,0.641896	3.287150,4.531789,0.977018	-0.153281,0.431104,10.485396	3.270175,4.658218,0.641896	3.30439901352
