# Flight Log 
# 25 08 17 - 16:17:16
Time		X,Y,Z				goalX,goalY,goalZ		ddx,ddy,ddz			angularx,angulary,angularz	battery
16:17:16	0.000000,0.000000,0.000000	0.000000,0.000000,0.000000	0.000000,0.000000,0.000000	0.000000,0.000000,0.000000	0
16:17:16	0.672468,2.226595,0.327287	0.708945,2.089996,0.477108	0.000000,0.000000,0.000000	0.672468,2.226595,0.327287	0
16:17:16	0.672471,2.226588,0.327281	0.708986,2.090042,0.477182	0.000000,0.000000,0.000000	0.672471,2.226588,0.327281	0
16:17:16	0.672515,2.226637,0.327378	0.708939,2.090002,0.477117	0.000000,0.000000,0.000000	0.672515,2.226637,0.327378	0
16:17:17	0.672515,2.226628,0.327366	0.708995,2.090023,0.477185	0.000000,0.000000,0.000000	0.672515,2.226628,0.327366	0
16:17:17	0.672469,2.226597,0.327272	0.708935,2.090002,0.477099	0.000000,0.000000,0.000000	0.672469,2.226597,0.327272	0
16:17:17	0.672525,2.226641,0.327376	0.708944,2.090004,0.477099	0.000000,0.000000,0.000000	0.672525,2.226641,0.327376	0
16:17:17	0.672516,2.226617,0.327378	0.708987,2.090029,0.477195	0.000000,0.000000,0.000000	0.672516,2.226617,0.327378	0
16:17:17	0.672516,2.226640,0.327371	0.708994,2.090038,0.477178	0.000000,0.000000,0.000000	0.672516,2.226640,0.327371	0
16:17:17	0.672515,2.226630,0.327362	0.708991,2.090039,0.477189	0.000000,0.000000,0.000000	0.672515,2.226630,0.327362	0
16:17:17	0.672461,2.226589,0.327269	0.708990,2.090032,0.477174	0.000000,0.000000,0.000000	0.672461,2.226589,0.327269	0
16:17:17	0.672466,2.226600,0.327287	0.708937,2.089992,0.477100	0.000000,0.000000,0.000000	0.672466,2.226600,0.327287	0
16:17:17	0.672462,2.226584,0.327292	0.708938,2.090005,0.477106	0.000000,0.000000,0.000000	0.672462,2.226584,0.327292	0
16:17:17	0.672518,2.226627,0.327369	0.708944,2.090000,0.477114	0.000000,0.000000,0.000000	0.672518,2.226627,0.327369	0
16:17:18	0.672458,2.226593,0.327272	0.708939,2.090004,0.477106	0.000000,0.000000,0.000000	0.672458,2.226593,0.327272	0
16:17:18	0.672464,2.226590,0.327274	0.708941,2.089998,0.477096	0.000000,0.000000,0.000000	0.672464,2.226590,0.327274	0
16:17:18	0.672466,2.226593,0.327285	0.708952,2.089989,0.477107	0.000000,0.000000,0.000000	0.672466,2.226593,0.327285	0
16:17:18	0.672511,2.226638,0.327376	0.708944,2.090006,0.477116	0.000000,0.000000,0.000000	0.672511,2.226638,0.327376	0
16:17:18	0.672462,2.226591,0.327274	0.708991,2.090039,0.477179	0.000000,0.000000,0.000000	0.672462,2.226591,0.327274	0
16:17:18	0.672467,2.226596,0.327280	0.708993,2.090032,0.477185	0.000000,0.000000,0.000000	0.672467,2.226596,0.327280	0
16:17:18	0.672522,2.226627,0.327370	0.708986,2.090034,0.477188	0.000000,0.000000,0.000000	0.672522,2.226627,0.327370	0
16:17:18	0.672462,2.226588,0.327293	0.708952,2.089993,0.477117	0.000000,0.000000,0.000000	0.672462,2.226588,0.327293	0
16:17:18	0.672466,2.226580,0.327276	0.708944,2.089995,0.477112	0.000000,0.000000,0.000000	0.672466,2.226580,0.327276	0
16:17:18	0.672466,2.226609,0.327283	0.708983,2.090033,0.477176	0.000000,0.000000,0.000000	0.672466,2.226609,0.327283	0
16:17:19	0.672469,2.226587,0.327290	0.708992,2.090034,0.477190	0.000000,0.000000,0.000000	0.672469,2.226587,0.327290	0
16:17:19	0.672458,2.226590,0.327285	0.708987,2.090019,0.477196	0.000000,0.000000,0.000000	0.672458,2.226590,0.327285	0
16:17:19	0.672516,2.226619,0.327372	0.675590,2.066855,0.343639	0.000000,0.000000,0.000000	0.672516,2.226619,0.327372	0
16:17:19	0.672522,2.226629,0.327377	0.675553,2.066825,0.343560	0.000000,0.000000,0.000000	0.672522,2.226629,0.327377	0
16:17:19	0.672433,2.226490,0.327285	0.675604,2.066864,0.343633	0.000000,0.000000,0.000000	0.672433,2.226490,0.327285	0
16:17:19	0.672476,2.226599,0.327291	0.675556,2.066833,0.343543	0.000000,0.000000,0.000000	0.672476,2.226599,0.327291	0
16:17:19	0.672525,2.226631,0.327373	0.675599,2.066869,0.343645	0.000000,0.000000,0.000000	0.672525,2.226631,0.327373	0
16:17:19	0.672464,2.226591,0.327272	0.675606,2.066874,0.343638	0.000000,0.000000,0.000000	0.672464,2.226591,0.327272	0
16:17:19	0.672529,2.226650,0.327344	0.675551,2.066844,0.343568	0.000000,0.000000,0.000000	0.672529,2.226650,0.327344	0
16:17:19	0.672436,2.226487,0.327272	0.675604,2.066867,0.343634	0.000000,0.000000,0.000000	0.672436,2.226487,0.327272	0
16:17:20	0.672471,2.226606,0.327292	0.675603,2.066862,0.343635	0.000000,0.000000,0.000000	0.672471,2.226606,0.327292	0
16:17:20	0.672467,2.226592,0.327289	0.675553,2.066837,0.343576	0.000000,0.000000,0.000000	0.672467,2.226592,0.327289	0
16:17:20	0.672508,2.226536,0.327360	0.675601,2.066883,0.343638	0.000000,0.000000,0.000000	0.672508,2.226536,0.327360	0
16:17:20	0.672470,2.226581,0.327277	0.675554,2.066833,0.343569	0.000000,0.000000,0.000000	0.672470,2.226581,0.327277	0
16:17:20	0.672463,2.226584,0.327289	0.675601,2.066870,0.343632	0.000000,0.000000,0.000000	0.672463,2.226584,0.327289	0
16:17:20	0.672467,2.226589,0.327282	0.675576,2.066775,0.343637	0.000000,0.000000,0.000000	0.672467,2.226589,0.327282	0
16:17:20	0.672528,2.226646,0.327376	0.675548,2.066838,0.343577	0.000000,0.000000,0.000000	0.672528,2.226646,0.327376	0
16:17:20	0.672517,2.226633,0.327368	0.675604,2.066877,0.343637	0.000000,0.000000,0.000000	0.672517,2.226633,0.327368	0
16:17:20	0.672467,2.226592,0.327284	0.675550,2.066827,0.343576	0.000000,0.000000,0.000000	0.672467,2.226592,0.327284	0
16:17:20	0.672462,2.226600,0.327281	0.675596,2.066865,0.343635	0.000000,0.000000,0.000000	0.672462,2.226600,0.327281	0
16:17:21	0.672527,2.226646,0.327382	0.675603,2.066871,0.343634	0.000000,0.000000,0.000000	0.672527,2.226646,0.327382	0
16:17:21	0.672523,2.226644,0.327367	0.675600,2.066870,0.343627	0.000000,0.000000,0.000000	0.672523,2.226644,0.327367	0
16:17:21	0.672463,2.226586,0.327279	0.675560,2.066825,0.343572	0.000000,0.000000,0.000000	0.672463,2.226586,0.327279	0
16:17:21	0.672521,2.226628,0.327374	0.675550,2.066820,0.343569	0.000000,0.000000,0.000000	0.672521,2.226628,0.327374	0
16:17:21	0.672518,2.226640,0.327374	0.675542,2.066826,0.343568	0.000000,0.000000,0.000000	0.672518,2.226640,0.327374	0
16:17:21	0.672524,2.226642,0.327363	0.675606,2.066871,0.343634	0.000000,0.000000,0.000000	0.672524,2.226642,0.327363	0
16:17:21	0.672460,2.226595,0.327282	0.675600,2.066870,0.343637	0.000000,0.000000,0.000000	0.672460,2.226595,0.327282	0
16:17:21	0.672469,2.226591,0.327282	0.675594,2.066872,0.343635	0.000000,0.000000,0.000000	0.672469,2.226591,0.327282	0
16:17:21	0.672524,2.226634,0.327367	0.675552,2.066832,0.343577	0.000000,0.000000,0.000000	0.672524,2.226634,0.327367	0
16:17:21	0.672466,2.226596,0.327284	0.675597,2.066866,0.343641	0.000000,0.000000,0.000000	0.672466,2.226596,0.327284	0
16:17:22	0.672518,2.226636,0.327371	0.675546,2.066839,0.343571	0.000000,0.000000,0.000000	0.672518,2.226636,0.327371	0
16:17:22	0.672524,2.226629,0.327373	0.675556,2.066826,0.343574	0.000000,0.000000,0.000000	0.672524,2.226629,0.327373	0
16:17:22	0.672524,2.226634,0.327371	0.675597,2.066866,0.343637	0.000000,0.000000,0.000000	0.672524,2.226634,0.327371	0
16:17:22	0.672527,2.226636,0.327379	0.675597,2.066875,0.343640	0.000000,0.000000,0.000000	0.672527,2.226636,0.327379	0
16:17:22	0.672525,2.226636,0.327366	0.675555,2.066829,0.343575	0.000000,0.000000,0.000000	0.672525,2.226636,0.327366	0
16:17:22	0.672527,2.226629,0.327358	0.675605,2.066865,0.343646	0.000000,0.000000,0.000000	0.672527,2.226629,0.327358	0
16:17:22	0.672488,2.226543,0.327374	0.675601,2.066872,0.343633	0.000000,0.000000,0.000000	0.672488,2.226543,0.327374	0
16:17:22	0.672534,2.226626,0.327375	0.675556,2.066831,0.343578	0.000000,0.000000,0.000000	0.672534,2.226626,0.327375	0
16:17:22	0.672473,2.226582,0.327278	0.675606,2.066871,0.343642	0.000000,0.000000,0.000000	0.672473,2.226582,0.327278	0
16:17:22	0.672467,2.226574,0.327273	0.675600,2.066869,0.343643	0.000000,0.000000,0.000000	0.672467,2.226574,0.327273	0
16:17:23	0.672529,2.226631,0.327377	0.675600,2.066868,0.343628	0.000000,0.000000,0.000000	0.672529,2.226631,0.327377	0
16:17:23	0.672523,2.226640,0.327374	0.675556,2.066824,0.343569	0.000000,0.000000,0.000000	0.672523,2.226640,0.327374	0
16:17:23	0.672530,2.226632,0.327372	0.675563,2.066831,0.343581	0.000000,0.000000,0.000000	0.672530,2.226632,0.327372	0
16:17:23	0.672520,2.226640,0.327386	0.675602,2.066870,0.343632	0.000000,0.000000,0.000000	0.672520,2.226640,0.327386	0
16:17:23	0.672465,2.226590,0.327277	0.675598,2.066868,0.343634	0.000000,0.000000,0.000000	0.672465,2.226590,0.327277	0
16:17:23	0.672466,2.226593,0.327286	0.675592,2.066874,0.343640	0.000000,0.000000,0.000000	0.672466,2.226593,0.327286	0
16:17:23	0.672528,2.226640,0.327379	0.675599,2.066864,0.343630	0.000000,0.000000,0.000000	0.672528,2.226640,0.327379	0
16:17:23	0.672524,2.226644,0.327375	0.675608,2.066870,0.343639	0.000000,0.000000,0.000000	0.672524,2.226644,0.327375	0
16:17:23	0.672514,2.226642,0.327362	0.675599,2.066864,0.343632	0.000000,0.000000,0.000000	0.672514,2.226642,0.327362	0
16:17:23	0.672470,2.226593,0.327276	0.675606,2.066878,0.343647	0.000000,0.000000,0.000000	0.672470,2.226593,0.327276	0
16:17:24	0.672517,2.226634,0.327372	0.675558,2.066814,0.343568	0.000000,0.000000,0.000000	0.672517,2.226634,0.327372	0
16:17:24	0.672532,2.226645,0.327373	0.675548,2.066820,0.343574	0.000000,0.000000,0.000000	0.672532,2.226645,0.327373	0
16:17:24	0.672525,2.226638,0.327375	0.675558,2.066825,0.343573	0.000000,0.000000,0.000000	0.672525,2.226638,0.327375	0
16:17:24	0.672517,2.226629,0.327369	0.675595,2.066867,0.343642	0.000000,0.000000,0.000000	0.672517,2.226629,0.327369	0
16:17:24	0.672435,2.226497,0.327285	0.675552,2.066822,0.343562	0.000000,0.000000,0.000000	0.672435,2.226497,0.327285	0
16:17:24	0.672470,2.226585,0.327285	0.675594,2.066879,0.343641	0.000000,0.000000,0.000000	0.672470,2.226585,0.327285	0
16:17:24	0.672526,2.226639,0.327375	0.675577,2.066786,0.343640	0.000000,0.000000,0.000000	0.672526,2.226639,0.327375	0
16:17:24	0.672537,2.226638,0.327364	0.675610,2.066880,0.343632	0.000000,0.000000,0.000000	0.672537,2.226638,0.327364	0
16:17:24	0.672529,2.226631,0.327362	0.675549,2.066841,0.343570	0.000000,0.000000,0.000000	0.672529,2.226631,0.327362	0
16:17:24	0.672519,2.226635,0.327371	0.675595,2.066881,0.343626	0.000000,0.000000,0.000000	0.672519,2.226635,0.327371	0
16:17:25	0.672472,2.226604,0.327292	0.675558,2.066836,0.343570	0.000000,0.000000,0.000000	0.672472,2.226604,0.327292	0
16:17:25	0.672522,2.226649,0.327370	0.675610,2.066872,0.343631	0.000000,0.000000,0.000000	0.672522,2.226649,0.327370	0
16:17:25	0.672474,2.226601,0.327283	0.675558,2.066833,0.343575	0.000000,0.000000,0.000000	0.672474,2.226601,0.327283	0
16:17:25	0.672525,2.226628,0.327359	0.675548,2.066822,0.343568	0.000000,0.000000,0.000000	0.672525,2.226628,0.327359	0
16:17:25	0.672524,2.226636,0.327366	0.675546,2.066819,0.343565	0.000000,0.000000,0.000000	0.672524,2.226636,0.327366	0
16:17:25	0.672532,2.226637,0.327369	0.675600,2.066867,0.343642	0.000000,0.000000,0.000000	0.672532,2.226637,0.327369	0
16:17:25	0.672465,2.226593,0.327291	0.675596,2.066869,0.343644	0.000000,0.000000,0.000000	0.672465,2.226593,0.327291	0
16:17:25	0.672521,2.226641,0.327366	0.675600,2.066864,0.343644	0.000000,0.000000,0.000000	0.672521,2.226641,0.327366	0
16:17:25	0.672463,2.226590,0.327282	0.675547,2.066826,0.343578	0.000000,0.000000,0.000000	0.672463,2.226590,0.327282	0
16:17:25	0.672515,2.226635,0.327385	0.675596,2.066865,0.343638	0.000000,0.000000,0.000000	0.672515,2.226635,0.327385	0
16:17:26	0.672526,2.226635,0.327370	0.675554,2.066839,0.343571	0.000000,0.000000,0.000000	0.672526,2.226635,0.327370	0
16:17:26	0.672470,2.226590,0.327287	0.675601,2.066869,0.343636	0.000000,0.000000,0.000000	0.672470,2.226590,0.327287	0
16:17:26	0.672464,2.226588,0.327281	0.675602,2.066864,0.343634	0.000000,0.000000,0.000000	0.672464,2.226588,0.327281	0
16:17:26	0.672525,2.226640,0.327374	0.675564,2.066777,0.343638	0.000000,0.000000,0.000000	0.672525,2.226640,0.327374	0
16:17:26	0.672513,2.226641,0.327373	0.675603,2.066876,0.343631	0.000000,0.000000,0.000000	0.672513,2.226641,0.327373	0
16:17:26	0.672519,2.226638,0.327374	0.675551,2.066841,0.343567	0.000000,0.000000,0.000000	0.672519,2.226638,0.327374	0
16:17:26	0.672475,2.226584,0.327279	0.675590,2.066885,0.343636	0.000000,0.000000,0.000000	0.672475,2.226584,0.327279	0
16:17:26	0.672512,2.226639,0.327374	0.675597,2.066871,0.343635	0.000000,0.000000,0.000000	0.672512,2.226639,0.327374	0
16:17:26	0.672531,2.226631,0.327359	0.675549,2.066834,0.343569	0.000000,0.000000,0.000000	0.672531,2.226631,0.327359	0
16:17:26	0.672520,2.226632,0.327368	0.675547,2.066828,0.343570	0.000000,0.000000,0.000000	0.672520,2.226632,0.327368	0
16:17:27	0.672515,2.226631,0.327367	0.675604,2.066869,0.343636	0.000000,0.000000,0.000000	0.672515,2.226631,0.327367	0
16:17:27	0.672524,2.226633,0.327363	0.675592,2.066863,0.343635	0.000000,0.000000,0.000000	0.672524,2.226633,0.327363	0
16:17:27	0.672516,2.226640,0.327373	0.675593,2.066876,0.343639	0.000000,0.000000,0.000000	0.672516,2.226640,0.327373	0
16:17:27	0.672512,2.226634,0.327366	0.675552,2.066828,0.343568	0.000000,0.000000,0.000000	0.672512,2.226634,0.327366	0
16:17:27	0.672526,2.226640,0.327374	0.675556,2.066831,0.343562	0.000000,0.000000,0.000000	0.672526,2.226640,0.327374	0
16:17:27	0.672530,2.226637,0.327372	0.675599,2.066874,0.343641	0.000000,0.000000,0.000000	0.672530,2.226637,0.327372	0
16:17:27	0.672486,2.226595,0.327272	0.677269,2.067194,0.352357	0.000000,0.000000,0.000000	0.672486,2.226595,0.327272	0
16:17:27	0.672494,2.226636,0.327374	0.677224,2.067197,0.352358	0.000000,0.000000,0.000000	0.672494,2.226636,0.327374	0
16:17:27	0.672506,2.226544,0.327374	0.677260,2.067198,0.352365	0.000000,0.000000,0.000000	0.672506,2.226544,0.327374	0
16:17:27	0.672424,2.226584,0.327286	0.677176,2.067142,0.352311	0.000000,0.000000,0.000000	0.672424,2.226584,0.327286	0
16:17:28	0.672513,2.226628,0.327369	0.677169,2.067064,0.352315	0.000000,0.000000,0.000000	0.672513,2.226628,0.327369	0
16:17:28	0.672454,2.226593,0.327280	0.677187,2.067151,0.352312	0.000000,0.000000,0.000000	0.672454,2.226593,0.327280	0
16:17:28	0.672511,2.226632,0.327373	0.677251,2.067192,0.352367	0.000000,0.000000,0.000000	0.672511,2.226632,0.327373	0
16:17:28	0.672555,2.226637,0.327369	0.602989,2.347843,0.613518	0.000000,0.000000,0.000000	0.672555,2.226637,0.327369	0
16:17:28	0.672439,2.226590,0.327292	0.591064,2.337064,0.618378	0.000000,0.000000,0.000000	0.672439,2.226590,0.327292	0
16:17:28	0.672517,2.226551,0.327365	0.580013,2.318774,0.630318	0.000000,0.000000,0.000000	0.672517,2.226551,0.327365	0
16:17:28	0.672519,2.226629,0.327365	0.570707,2.296627,0.641952	0.000000,0.000000,0.000000	0.672519,2.226629,0.327365	0
16:17:28	0.672541,2.226629,0.327365	0.568309,2.273709,0.655459	0.000000,0.000000,0.000000	0.672541,2.226629,0.327365	0
16:17:28	0.672489,2.226590,0.327282	0.565555,2.253043,0.661218	0.000000,0.000000,0.000000	0.672489,2.226590,0.327282	0
16:17:28	0.672527,2.226640,0.327373	0.564162,2.237346,0.662867	0.000000,0.000000,0.000000	0.672527,2.226640,0.327373	0
16:17:29	0.672554,2.226635,0.327372	0.562171,2.227137,0.660941	0.000000,0.000000,0.000000	0.672554,2.226635,0.327372	0
16:17:29	0.672457,2.226584,0.327288	0.558816,2.222023,0.656299	0.000000,0.000000,0.000000	0.672457,2.226584,0.327288	0
16:17:29	0.672591,2.226647,0.327369	0.555353,2.219257,0.651134	0.000000,0.000000,0.000000	0.672591,2.226647,0.327369	0
16:17:29	0.672527,2.226635,0.327365	0.552865,2.217786,0.647365	0.000000,0.000000,0.000000	0.672527,2.226635,0.327365	0
16:17:29	0.672543,2.226647,0.327371	0.553414,2.214574,0.647742	0.000000,0.000000,0.000000	0.672543,2.226647,0.327371	0
16:17:29	0.672470,2.226596,0.327288	0.555788,2.206448,0.649736	0.000000,0.000000,0.000000	0.672470,2.226596,0.327288	0
16:17:29	0.672450,2.226594,0.327289	0.556542,2.193825,0.646596	0.000000,0.000000,0.000000	0.672450,2.226594,0.327289	0
16:17:29	0.672440,2.226589,0.327286	0.553705,2.177952,0.634226	0.000000,0.000000,0.000000	0.672440,2.226589,0.327286	0
16:17:29	0.672423,2.226599,0.327289	0.549748,2.161986,0.615529	0.000000,0.000000,0.000000	0.672423,2.226599,0.327289	0
16:17:29	0.672484,2.226595,0.327284	0.587137,2.202244,0.685759	0.000000,0.000000,0.000000	0.672484,2.226595,0.327284	0
16:17:30	0.672421,2.226495,0.327290	0.811208,2.300054,0.388894	0.000000,0.000000,0.000000	0.672421,2.226495,0.327290	0
16:17:30	0.672475,2.226587,0.327295	0.823249,2.276180,0.368880	0.000000,0.000000,0.000000	0.672475,2.226587,0.327295	0
16:17:30	0.672478,2.226586,0.327285	0.823235,2.276170,0.368876	0.000000,0.000000,0.000000	0.672478,2.226586,0.327285	0
16:17:30	0.672516,2.226640,0.327366	0.823241,2.276175,0.368875	0.000000,0.000000,0.000000	0.672516,2.226640,0.327366	0
16:17:30	0.672534,2.226638,0.327371	0.823185,2.276135,0.368831	0.000000,0.000000,0.000000	0.672534,2.226638,0.327371	0
16:17:30	0.672500,2.226631,0.327372	0.823164,2.276137,0.368831	0.000000,0.000000,0.000000	0.672500,2.226631,0.327372	0
16:17:30	0.672482,2.226591,0.327282	0.823249,2.276177,0.368878	0.000000,0.000000,0.000000	0.672482,2.226591,0.327282	0
16:17:30	0.672523,2.226643,0.327377	0.823246,2.276173,0.368873	0.000000,0.000000,0.000000	0.672523,2.226643,0.327377	0
16:17:30	0.672475,2.226593,0.327288	0.823203,2.276140,0.368838	0.000000,0.000000,0.000000	0.672475,2.226593,0.327288	0
16:17:30	0.672526,2.226641,0.327369	0.818392,2.290179,0.361137	0.000000,0.000000,0.000000	0.672526,2.226641,0.327369	0
16:17:31	0.672508,2.226630,0.327370	0.818377,2.290174,0.361133	0.000000,0.000000,0.000000	0.672508,2.226630,0.327370	0
16:17:31	0.672538,2.226638,0.327365	0.818392,2.290182,0.361139	0.000000,0.000000,0.000000	0.672538,2.226638,0.327365	0
16:17:31	0.672504,2.226642,0.327375	0.818369,2.290175,0.361134	0.000000,0.000000,0.000000	0.672504,2.226642,0.327375	0
16:17:31	0.672465,2.226585,0.327284	0.818383,2.290186,0.361141	0.000000,0.000000,0.000000	0.672465,2.226585,0.327284	0
16:17:31	0.672449,2.226587,0.327284	0.818265,2.290055,0.361081	0.000000,0.000000,0.000000	0.672449,2.226587,0.327284	0
16:17:31	0.672465,2.226584,0.327282	0.818327,2.290131,0.361087	0.000000,0.000000,0.000000	0.672465,2.226584,0.327282	0
16:17:31	0.672508,2.226639,0.327366	0.818379,2.290174,0.361131	0.000000,0.000000,0.000000	0.672508,2.226639,0.327366	0
16:17:31	0.672513,2.226635,0.327370	0.818326,2.290137,0.361089	0.000000,0.000000,0.000000	0.672513,2.226635,0.327370	0
16:17:31	0.672518,2.226627,0.327359	0.818324,2.290144,0.361091	0.000000,0.000000,0.000000	0.672518,2.226627,0.327359	0
16:17:31	0.672454,2.226588,0.327284	0.818384,2.290177,0.361138	0.000000,0.000000,0.000000	0.672454,2.226588,0.327284	0
16:17:32	0.672468,2.226594,0.327289	0.818329,2.290147,0.361085	0.000000,0.000000,0.000000	0.672468,2.226594,0.327289	0
16:17:32	0.672515,2.226641,0.327373	0.818376,2.290184,0.361144	0.000000,0.000000,0.000000	0.672515,2.226641,0.327373	0
16:17:32	0.672461,2.226600,0.327290	0.818385,2.290180,0.361137	0.000000,0.000000,0.000000	0.672461,2.226600,0.327290	0
16:17:32	0.672513,2.226636,0.327376	0.818288,2.290063,0.361086	0.000000,0.000000,0.000000	0.672513,2.226636,0.327376	0
16:17:32	0.672527,2.226624,0.327364	0.818379,2.290178,0.361142	0.000000,0.000000,0.000000	0.672527,2.226624,0.327364	0
16:17:32	0.672467,2.226588,0.327288	0.818387,2.290183,0.361138	0.000000,0.000000,0.000000	0.672467,2.226588,0.327288	0
16:17:32	0.672470,2.226579,0.327291	0.818373,2.290176,0.361137	0.000000,0.000000,0.000000	0.672470,2.226579,0.327291	0
16:17:32	0.672515,2.226629,0.327371	0.818318,2.290143,0.361089	0.000000,0.000000,0.000000	0.672515,2.226629,0.327371	0
16:17:32	0.672515,2.226626,0.327376	0.810961,2.305766,0.351681	0.000000,0.000000,0.000000	0.672515,2.226626,0.327376	0
16:17:32	0.672462,2.226585,0.327278	0.811002,2.305855,0.351684	0.000000,0.000000,0.000000	0.672462,2.226585,0.327278	0
16:17:33	0.672475,2.226594,0.327283	0.811012,2.305850,0.351677	0.000000,0.000000,0.000000	0.672475,2.226594,0.327283	0
16:17:33	0.672527,2.226629,0.327364	0.810991,2.305852,0.351675	0.000000,0.000000,0.000000	0.672527,2.226629,0.327364	0
16:17:33	0.672472,2.226596,0.327282	0.810953,2.305804,0.351622	0.000000,0.000000,0.000000	0.672472,2.226596,0.327282	0
16:17:33	0.672523,2.226642,0.327375	0.811000,2.305856,0.351680	0.000000,0.000000,0.000000	0.672523,2.226642,0.327375	0
16:17:33	0.672518,2.226637,0.327372	0.810944,2.305814,0.351629	0.000000,0.000000,0.000000	0.672518,2.226637,0.327372	0
16:17:33	0.672517,2.226624,0.327362	0.810997,2.305857,0.351677	0.000000,0.000000,0.000000	0.672517,2.226624,0.327362	0
16:17:33	0.672513,2.226634,0.327370	0.810934,2.305820,0.351621	0.000000,0.000000,0.000000	0.672513,2.226634,0.327370	0
16:17:33	0.672450,2.226593,0.327297	0.810932,2.305812,0.351624	0.000000,0.000000,0.000000	0.672450,2.226593,0.327297	0
16:17:33	0.672512,2.226632,0.327374	0.810993,2.305858,0.351687	0.000000,0.000000,0.000000	0.672512,2.226632,0.327374	0
16:17:33	0.672461,2.226576,0.327279	0.811907,2.304407,0.347024	0.000000,0.000000,0.000000	0.672461,2.226576,0.327279	0
16:17:34	0.672519,2.226629,0.327374	0.811968,2.304452,0.347083	0.000000,0.000000,0.000000	0.672519,2.226629,0.327374	0
16:17:34	0.672520,2.226633,0.327374	0.811974,2.304449,0.347088	0.000000,0.000000,0.000000	0.672520,2.226633,0.327374	0
16:17:34	0.672509,2.226630,0.327368	0.811910,2.304412,0.347023	0.000000,0.000000,0.000000	0.672509,2.226630,0.327368	0
16:17:34	0.672462,2.226593,0.327291	0.811971,2.304457,0.347082	0.000000,0.000000,0.000000	0.672462,2.226593,0.327291	0
16:17:34	0.672485,2.226540,0.327374	0.811916,2.304415,0.347030	0.000000,0.000000,0.000000	0.672485,2.226540,0.327374	0
16:17:34	0.672518,2.226627,0.327373	0.811913,2.304400,0.347022	0.000000,0.000000,0.000000	0.672518,2.226627,0.327373	0
16:17:34	0.672459,2.226598,0.327298	0.811928,2.304409,0.347019	0.000000,0.000000,0.000000	0.672459,2.226598,0.327298	0
16:17:34	0.672528,2.226634,0.327369	0.811975,2.304469,0.347081	0.000000,0.000000,0.000000	0.672528,2.226634,0.327369	0
16:17:34	0.672520,2.226636,0.327370	0.811975,2.304451,0.347085	0.000000,0.000000,0.000000	0.672520,2.226636,0.327370	0
16:17:34	0.672475,2.226584,0.327283	0.811974,2.304455,0.347086	0.000000,0.000000,0.000000	0.672475,2.226584,0.327283	0
16:17:35	0.672528,2.226634,0.327372	0.811962,2.304464,0.347088	0.000000,0.000000,0.000000	0.672528,2.226634,0.327372	0
16:17:35	0.672516,2.226645,0.327375	0.808867,2.310054,0.341241	0.000000,0.000000,0.000000	0.672516,2.226645,0.327375	0
16:17:35	0.672521,2.226630,0.327380	0.808811,2.310025,0.341180	0.000000,0.000000,0.000000	0.672521,2.226630,0.327380	0
16:17:35	0.672522,2.226623,0.327367	0.808872,2.310061,0.341260	0.000000,0.000000,0.000000	0.672522,2.226623,0.327367	0
16:17:35	0.672521,2.226628,0.327358	0.808883,2.310052,0.341243	0.000000,0.000000,0.000000	0.672521,2.226628,0.327358	0
16:17:35	0.672528,2.226625,0.327361	0.808821,2.310017,0.341176	0.000000,0.000000,0.000000	0.672528,2.226625,0.327361	0
16:17:35	0.672520,2.226633,0.327370	0.808815,2.310001,0.341172	0.000000,0.000000,0.000000	0.672520,2.226633,0.327370	0
16:17:35	0.672523,2.226637,0.327384	0.808868,2.310058,0.341246	0.000000,0.000000,0.000000	0.672523,2.226637,0.327384	0
16:17:35	0.672512,2.226630,0.327374	0.808867,2.310057,0.341250	0.000000,0.000000,0.000000	0.672512,2.226630,0.327374	0
16:17:35	0.672512,2.226642,0.327386	0.808870,2.310053,0.341244	0.000000,0.000000,0.000000	0.672512,2.226642,0.327386	0
16:17:36	0.672514,2.226634,0.327373	0.808883,2.310052,0.341245	0.000000,0.000000,0.000000	0.672514,2.226634,0.327373	0
16:17:36	0.672524,2.226637,0.327372	0.808816,2.310014,0.341180	0.000000,0.000000,0.000000	0.672524,2.226637,0.327372	0
16:17:36	0.672463,2.226584,0.327284	0.808877,2.310054,0.341243	0.000000,0.000000,0.000000	0.672463,2.226584,0.327284	0
16:17:36	0.672437,2.226501,0.327292	0.808876,2.310063,0.341252	0.000000,0.000000,0.000000	0.672437,2.226501,0.327292	0
16:17:36	0.672468,2.226587,0.327280	0.808815,2.310012,0.341168	0.000000,0.000000,0.000000	0.672468,2.226587,0.327280	0
16:17:36	0.672466,2.226593,0.327287	0.808874,2.310057,0.341248	0.000000,0.000000,0.000000	0.672466,2.226593,0.327287	0
16:17:36	0.672523,2.226632,0.327369	0.808868,2.310066,0.341250	0.000000,0.000000,0.000000	0.672523,2.226632,0.327369	0
16:17:36	0.672463,2.226594,0.327296	0.808866,2.310057,0.341250	0.000000,0.000000,0.000000	0.672463,2.226594,0.327296	0
16:17:36	0.672493,2.226542,0.327365	0.808878,2.310060,0.341249	0.000000,0.000000,0.000000	0.672493,2.226542,0.327365	0
16:17:36	0.672514,2.226631,0.327363	0.808837,2.309957,0.341248	0.000000,0.000000,0.000000	0.672514,2.226631,0.327363	0
16:17:37	0.672523,2.226642,0.327374	0.808870,2.310051,0.341235	0.000000,0.000000,0.000000	0.672523,2.226642,0.327374	0
16:17:37	0.672519,2.226635,0.327376	0.807344,2.312554,0.340192	0.000000,0.000000,0.000000	0.672519,2.226635,0.327376	0
16:17:37	0.672459,2.226593,0.327293	0.807353,2.312545,0.340192	0.000000,0.000000,0.000000	0.672459,2.226593,0.327293	0
16:17:37	0.672464,2.226603,0.327296	0.807289,2.312509,0.340129	0.000000,0.000000,0.000000	0.672464,2.226603,0.327296	0
16:17:37	0.672509,2.226628,0.327375	0.807291,2.312511,0.340124	0.000000,0.000000,0.000000	0.672509,2.226628,0.327375	0
16:17:37	0.672513,2.226638,0.327379	0.807294,2.312505,0.340121	0.000000,0.000000,0.000000	0.672513,2.226638,0.327379	0
16:17:37	0.672523,2.226642,0.327382	0.807345,2.312553,0.340193	0.000000,0.000000,0.000000	0.672523,2.226642,0.327382	0
16:17:37	0.672519,2.226630,0.327366	0.807321,2.312464,0.340198	0.000000,0.000000,0.000000	0.672519,2.226630,0.327366	0
16:17:37	0.672474,2.226588,0.327288	0.807298,2.312509,0.340129	0.000000,0.000000,0.000000	0.672474,2.226588,0.327288	0
16:17:37	0.672518,2.226630,0.327362	0.807323,2.312469,0.340192	0.000000,0.000000,0.000000	0.672518,2.226630,0.327362	0
16:17:38	0.672528,2.226633,0.327369	0.807283,2.312507,0.340126	0.000000,0.000000,0.000000	0.672528,2.226633,0.327369	0
16:17:38	0.672469,2.226584,0.327284	0.807342,2.312554,0.340186	0.000000,0.000000,0.000000	0.672469,2.226584,0.327284	0
16:17:38	0.672525,2.226621,0.327374	0.807338,2.312542,0.340189	0.000000,0.000000,0.000000	0.672525,2.226621,0.327374	0
16:17:38	0.672524,2.226623,0.327370	0.807350,2.312550,0.340193	0.000000,0.000000,0.000000	0.672524,2.226623,0.327370	0
16:17:38	0.672464,2.226606,0.327287	0.807285,2.312508,0.340119	0.000000,0.000000,0.000000	0.672464,2.226606,0.327287	0
16:17:38	0.672514,2.226636,0.327384	0.810354,2.303393,0.380665	0.000000,0.000000,0.000000	0.672514,2.226636,0.327384	0
16:17:38	0.672523,2.226639,0.327368	0.810358,2.303391,0.380663	0.000000,0.000000,0.000000	0.672523,2.226639,0.327368	0
16:17:38	0.672498,2.226544,0.327372	0.810351,2.303382,0.380670	0.000000,0.000000,0.000000	0.672498,2.226544,0.327372	0
16:17:38	0.672481,2.226587,0.327281	0.810308,2.303358,0.380596	0.000000,0.000000,0.000000	0.672481,2.226587,0.327281	0
16:17:38	0.672520,2.226624,0.327373	0.810350,2.303388,0.380660	0.000000,0.000000,0.000000	0.672520,2.226624,0.327373	0
16:17:39	0.672532,2.226640,0.327379	0.810352,2.303400,0.380670	0.000000,0.000000,0.000000	0.672532,2.226640,0.327379	0
16:17:39	0.672464,2.226571,0.327280	0.810364,2.303389,0.380671	0.000000,0.000000,0.000000	0.672464,2.226571,0.327280	0
16:17:39	0.672523,2.226633,0.327365	0.810306,2.303339,0.380583	0.000000,0.000000,0.000000	0.672523,2.226633,0.327365	0
16:17:39	0.672478,2.226539,0.327375	0.810354,2.303387,0.380670	0.000000,0.000000,0.000000	0.672478,2.226539,0.327375	0
16:17:39	0.672515,2.226631,0.327379	0.810307,2.303345,0.380591	0.000000,0.000000,0.000000	0.672515,2.226631,0.327379	0
16:17:39	0.672523,2.226637,0.327379	0.810303,2.303336,0.380594	0.000000,0.000000,0.000000	0.672523,2.226637,0.327379	0
16:17:39	0.672514,2.226633,0.327379	0.810296,2.303358,0.380587	0.000000,0.000000,0.000000	0.672514,2.226633,0.327379	0
16:17:39	0.672465,2.226592,0.327295	0.806289,2.306705,0.399375	0.000000,0.000000,0.000000	0.672465,2.226592,0.327295	0
16:17:39	0.672462,2.226595,0.327289	0.806221,2.306667,0.399298	0.000000,0.000000,0.000000	0.672462,2.226595,0.327289	0
16:17:39	0.672525,2.226630,0.327378	0.806241,2.306655,0.399310	0.000000,0.000000,0.000000	0.672525,2.226630,0.327378	0
16:17:40	0.672441,2.226493,0.327288	0.806287,2.306699,0.399387	0.000000,0.000000,0.000000	0.672441,2.226493,0.327288	0
16:17:40	0.672509,2.226635,0.327361	0.806297,2.306691,0.399378	0.000000,0.000000,0.000000	0.672509,2.226635,0.327361	0
16:17:40	0.672468,2.226595,0.327287	0.806274,2.306685,0.399374	0.000000,0.000000,0.000000	0.672468,2.226595,0.327287	0
16:17:40	0.672513,2.226625,0.327373	0.806279,2.306706,0.399377	0.000000,0.000000,0.000000	0.672513,2.226625,0.327373	0
16:17:40	0.672525,2.226634,0.327382	0.806281,2.306701,0.399378	0.000000,0.000000,0.000000	0.672525,2.226634,0.327382	0
16:17:40	0.672523,2.226635,0.327367	0.806242,2.306650,0.399309	0.000000,0.000000,0.000000	0.672523,2.226635,0.327367	0
16:17:40	0.672520,2.226634,0.327366	0.801338,2.308676,0.422743	0.000000,0.000000,0.000000	0.672520,2.226634,0.327366	0
16:17:40	0.672523,2.226638,0.327379	0.801285,2.308629,0.422662	0.000000,0.000000,0.000000	0.672523,2.226638,0.327379	0
16:17:40	0.672465,2.226590,0.327287	0.801284,2.308640,0.422669	0.000000,0.000000,0.000000	0.672465,2.226590,0.327287	0
16:17:40	0.672522,2.226640,0.327371	0.801288,2.308633,0.422669	0.000000,0.000000,0.000000	0.672522,2.226640,0.327371	0
16:17:41	0.672440,2.226500,0.327289	0.801334,2.308681,0.422756	0.000000,0.000000,0.000000	0.672440,2.226500,0.327289	0
16:17:41	0.672459,2.226589,0.327283	0.801303,2.308585,0.422742	0.000000,0.000000,0.000000	0.672459,2.226589,0.327283	0
16:17:41	0.672518,2.226615,0.327368	0.801274,2.308643,0.422683	0.000000,0.000000,0.000000	0.672518,2.226615,0.327368	0
16:17:41	0.672463,2.226581,0.327280	0.801288,2.308632,0.422666	0.000000,0.000000,0.000000	0.672463,2.226581,0.327280	0
16:17:41	0.672480,2.226537,0.327379	0.801343,2.308657,0.422742	0.000000,0.000000,0.000000	0.672480,2.226537,0.327379	0
16:17:41	0.672514,2.226626,0.327378	0.801341,2.308673,0.422743	0.000000,0.000000,0.000000	0.672514,2.226626,0.327378	0
16:17:41	0.672469,2.226591,0.327289	0.800067,2.307857,0.431476	0.000000,0.000000,0.000000	0.672469,2.226591,0.327289	0
16:17:41	0.672456,2.226585,0.327291	0.800065,2.307863,0.431488	0.000000,0.000000,0.000000	0.672456,2.226585,0.327291	0
16:17:41	0.672464,2.226583,0.327281	0.800118,2.307889,0.431552	0.000000,0.000000,0.000000	0.672464,2.226583,0.327281	0
16:17:41	0.672470,2.226600,0.327287	0.800111,2.307908,0.431556	0.000000,0.000000,0.000000	0.672470,2.226600,0.327287	0
16:17:42	0.672525,2.226625,0.327392	0.800059,2.307867,0.431482	0.000000,0.000000,0.000000	0.672525,2.226625,0.327392	0
16:17:42	0.672514,2.226632,0.327377	0.800118,2.307904,0.431567	0.000000,0.000000,0.000000	0.672514,2.226632,0.327377	0
16:17:42	0.672523,2.226633,0.327370	0.800066,2.307861,0.431486	0.000000,0.000000,0.000000	0.672523,2.226633,0.327370	0
16:17:42	0.672515,2.226629,0.327370	0.800126,2.307907,0.431560	0.000000,0.000000,0.000000	0.672515,2.226629,0.327370	0
16:17:42	0.672461,2.226602,0.327290	0.800115,2.307907,0.431555	0.000000,0.000000,0.000000	0.672461,2.226602,0.327290	0
16:17:42	0.672460,2.226594,0.327301	0.800121,2.307909,0.431566	0.000000,0.000000,0.000000	0.672460,2.226594,0.327301	0
16:17:42	0.672524,2.226639,0.327384	0.800132,2.307899,0.431564	0.000000,0.000000,0.000000	0.672524,2.226639,0.327384	0
16:17:42	0.672455,2.226589,0.327285	0.798720,2.308682,0.435884	0.000000,0.000000,0.000000	0.672455,2.226589,0.327285	0
16:17:42	0.672498,2.226547,0.327365	0.798721,2.308681,0.435877	0.000000,0.000000,0.000000	0.672498,2.226547,0.327365	0
16:17:42	0.672527,2.226631,0.327378	0.798653,2.308636,0.435813	0.000000,0.000000,0.000000	0.672527,2.226631,0.327378	0
16:17:43	0.672532,2.226633,0.327382	0.798670,2.308646,0.435800	0.000000,0.000000,0.000000	0.672532,2.226633,0.327382	0
16:17:43	0.672527,2.226635,0.327363	0.798720,2.308698,0.435885	0.000000,0.000000,0.000000	0.672527,2.226635,0.327363	0
16:17:43	0.672527,2.226640,0.327381	0.798717,2.308678,0.435884	0.000000,0.000000,0.000000	0.672527,2.226640,0.327381	0
16:17:43	0.672524,2.226629,0.327376	0.798680,2.308582,0.435882	0.000000,0.000000,0.000000	0.672524,2.226629,0.327376	0
16:17:43	0.672531,2.226627,0.327386	0.798719,2.308677,0.435891	0.000000,0.000000,0.000000	0.672531,2.226627,0.327386	0
16:17:43	0.672514,2.226634,0.327377	0.798684,2.308587,0.435885	0.000000,0.000000,0.000000	0.672514,2.226634,0.327377	0
16:17:43	0.672526,2.226639,0.327386	0.798707,2.308685,0.435888	0.000000,0.000000,0.000000	0.672526,2.226639,0.327386	0
16:17:43	0.672528,2.226633,0.327399	0.798710,2.308686,0.435890	0.000000,0.000000,0.000000	0.672528,2.226633,0.327399	0
16:17:43	0.672522,2.226628,0.327397	0.798720,2.308684,0.435897	0.000000,0.000000,0.000000	0.672522,2.226628,0.327397	0
16:17:43	0.672484,2.226542,0.327383	0.798720,2.308679,0.435896	0.000000,0.000000,0.000000	0.672484,2.226542,0.327383	0
16:17:44	0.672526,2.226641,0.327384	0.830215,2.329149,0.463315	0.000000,0.000000,0.000000	0.672526,2.226641,0.327384	0
16:17:44	0.672525,2.226630,0.327385	0.830237,2.329168,0.463329	0.000000,0.000000,0.000000	0.672525,2.226630,0.327385	0
16:17:44	0.672527,2.226627,0.327382	0.830229,2.329160,0.463319	0.000000,0.000000,0.000000	0.672527,2.226627,0.327382	0
16:17:44	0.672510,2.226640,0.327379	0.830167,2.329118,0.463239	0.000000,0.000000,0.000000	0.672510,2.226640,0.327379	0
16:17:44	0.672522,2.226631,0.327359	0.830214,2.329163,0.463320	0.000000,0.000000,0.000000	0.672522,2.226631,0.327359	0
16:17:44	0.672527,2.226645,0.327365	0.830165,2.329113,0.463227	0.000000,0.000000,0.000000	0.672527,2.226645,0.327365	0
16:17:44	0.672527,2.226644,0.327382	0.830207,2.329176,0.463327	0.000000,0.000000,0.000000	0.672527,2.226644,0.327382	0
16:17:44	0.672525,2.226619,0.327377	0.830220,2.329169,0.463321	0.000000,0.000000,0.000000	0.672525,2.226619,0.327377	0
16:17:44	0.672468,2.226591,0.327286	0.830150,2.329124,0.463236	0.000000,0.000000,0.000000	0.672468,2.226591,0.327286	0
16:17:44	0.672489,2.226537,0.327376	0.830150,2.329119,0.463236	0.000000,0.000000,0.000000	0.672489,2.226537,0.327376	0
16:17:45	0.672512,2.226636,0.327380	0.830216,2.329164,0.463327	0.000000,0.000000,0.000000	0.672512,2.226636,0.327380	0
16:17:45	0.672457,2.226601,0.327301	0.830155,2.329118,0.463238	0.000000,0.000000,0.000000	0.672457,2.226601,0.327301	0
16:17:45	0.672536,2.226629,0.327375	0.830155,2.329128,0.463240	0.000000,0.000000,0.000000	0.672536,2.226629,0.327375	0
16:17:45	0.672471,2.226580,0.327296	0.830213,2.329174,0.463322	0.000000,0.000000,0.000000	0.672471,2.226580,0.327296	0
16:17:45	0.672514,2.226637,0.327381	0.830157,2.329125,0.463244	0.000000,0.000000,0.000000	0.672514,2.226637,0.327381	0
16:17:45	0.672512,2.226649,0.327389	0.830184,2.329075,0.463311	0.000000,0.000000,0.000000	0.672512,2.226649,0.327389	0
16:17:45	0.672526,2.226622,0.327377	0.830172,2.329124,0.463260	0.000000,0.000000,0.000000	0.672526,2.226622,0.327377	0
16:17:45	0.672514,2.226635,0.327379	0.830219,2.329157,0.463323	0.000000,0.000000,0.000000	0.672514,2.226635,0.327379	0
16:17:45	0.672510,2.226629,0.327375	0.830220,2.329163,0.463329	0.000000,0.000000,0.000000	0.672510,2.226629,0.327375	0
16:17:45	0.672461,2.226593,0.327298	0.830164,2.329114,0.463233	0.000000,0.000000,0.000000	0.672461,2.226593,0.327298	0
16:17:46	0.672490,2.226652,0.327644	0.830131,2.329121,0.463477	0.000000,0.000000,0.000000	0.672490,2.226652,0.327644	0
16:17:46	0.672513,2.226635,0.327386	0.830217,2.329177,0.463327	0.000000,0.000000,0.000000	0.672513,2.226635,0.327386	0
16:17:46	0.672520,2.226639,0.327386	0.830212,2.329167,0.463325	0.000000,0.000000,0.000000	0.672520,2.226639,0.327386	0
16:17:46	0.672517,2.226631,0.327375	0.830219,2.329181,0.463321	0.000000,0.000000,0.000000	0.672517,2.226631,0.327375	0
16:17:46	0.672518,2.226640,0.327383	0.830151,2.329112,0.463245	0.000000,0.000000,0.000000	0.672518,2.226640,0.327383	0
16:17:46	0.672525,2.226632,0.327392	0.830205,2.329170,0.463337	0.000000,0.000000,0.000000	0.672525,2.226632,0.327392	0
16:17:46	0.672465,2.226596,0.327305	0.830223,2.329169,0.463336	0.000000,0.000000,0.000000	0.672465,2.226596,0.327305	0
16:17:46	0.672458,2.226586,0.327293	0.830190,2.329066,0.463319	0.000000,0.000000,0.000000	0.672458,2.226586,0.327293	0
16:17:46	0.672519,2.226634,0.327378	0.830218,2.329162,0.463315	0.000000,0.000000,0.000000	0.672519,2.226634,0.327378	0
16:17:46	0.672464,2.226598,0.327300	0.830192,2.329074,0.463314	0.000000,0.000000,0.000000	0.672464,2.226598,0.327300	0
16:17:47	0.672468,2.226586,0.327293	0.830218,2.329158,0.463334	0.000000,0.000000,0.000000	0.672468,2.226586,0.327293	0
16:17:47	0.672527,2.226652,0.327385	0.830209,2.329163,0.463322	0.000000,0.000000,0.000000	0.672527,2.226652,0.327385	0
16:17:47	0.672460,2.226578,0.327286	0.830213,2.329163,0.463331	0.000000,0.000000,0.000000	0.672460,2.226578,0.327286	0
16:17:47	0.672469,2.226595,0.327300	0.830203,2.329148,0.463313	0.000000,0.000000,0.000000	0.672469,2.226595,0.327300	0
16:17:47	0.672526,2.226640,0.327411	0.830223,2.329171,0.463330	0.000000,0.000000,0.000000	0.672526,2.226640,0.327411	0
16:17:47	0.672527,2.226644,0.327383	0.830157,2.329123,0.463252	0.000000,0.000000,0.000000	0.672527,2.226644,0.327383	0
16:17:47	0.672512,2.226637,0.327375	0.830214,2.329172,0.463322	0.000000,0.000000,0.000000	0.672512,2.226637,0.327375	0
16:17:47	0.672519,2.226632,0.327383	0.830222,2.329158,0.463324	0.000000,0.000000,0.000000	0.672519,2.226632,0.327383	0
16:17:47	0.672516,2.226627,0.327393	0.830222,2.329158,0.463323	0.000000,0.000000,0.000000	0.672516,2.226627,0.327393	0
16:17:47	0.672527,2.226636,0.327377	0.830231,2.329159,0.463326	0.000000,0.000000,0.000000	0.672527,2.226636,0.327377	0
16:17:48	0.672530,2.226627,0.327380	0.830216,2.329162,0.463329	0.000000,0.000000,0.000000	0.672530,2.226627,0.327380	0
16:17:48	0.672475,2.226582,0.327294	0.830210,2.329166,0.463306	0.000000,0.000000,0.000000	0.672475,2.226582,0.327294	0
16:17:48	0.672458,2.226584,0.327301	0.830162,2.329125,0.463252	0.000000,0.000000,0.000000	0.672458,2.226584,0.327301	0
16:17:48	0.672523,2.226633,0.327380	0.830220,2.329167,0.463316	0.000000,0.000000,0.000000	0.672523,2.226633,0.327380	0
16:17:48	0.672531,2.226633,0.327384	0.830155,2.329119,0.463255	0.000000,0.000000,0.000000	0.672531,2.226633,0.327384	0
16:17:48	0.672527,2.226631,0.327375	0.830218,2.329171,0.463322	0.000000,0.000000,0.000000	0.672527,2.226631,0.327375	0
16:17:48	0.672522,2.226626,0.327381	0.830168,2.329125,0.463260	0.000000,0.000000,0.000000	0.672522,2.226626,0.327381	0
16:17:48	0.672523,2.226630,0.327378	0.830163,2.329120,0.463233	0.000000,0.000000,0.000000	0.672523,2.226630,0.327378	0
16:17:48	0.672462,2.226592,0.327298	0.830219,2.329161,0.463317	0.000000,0.000000,0.000000	0.672462,2.226592,0.327298	0
16:17:48	0.672536,2.226624,0.327384	0.830214,2.329164,0.463328	0.000000,0.000000,0.000000	0.672536,2.226624,0.327384	0
16:17:49	0.672475,2.226581,0.327306	0.830214,2.329168,0.463336	0.000000,0.000000,0.000000	0.672475,2.226581,0.327306	0
16:17:49	0.672461,2.226580,0.327294	0.830214,2.329167,0.463318	0.000000,0.000000,0.000000	0.672461,2.226580,0.327294	0
16:17:49	0.672520,2.226631,0.327393	0.830220,2.329169,0.463310	0.000000,0.000000,0.000000	0.672520,2.226631,0.327393	0
16:17:49	0.672529,2.226638,0.327385	0.830221,2.329179,0.463326	0.000000,0.000000,0.000000	0.672529,2.226638,0.327385	0
16:17:49	0.672533,2.226642,0.327387	0.830220,2.329171,0.463322	0.000000,0.000000,0.000000	0.672533,2.226642,0.327387	0
16:17:49	0.672532,2.226632,0.327392	0.830218,2.329168,0.463341	0.000000,0.000000,0.000000	0.672532,2.226632,0.327392	0
16:17:49	0.672467,2.226575,0.327277	0.830233,2.329155,0.463314	0.000000,0.000000,0.000000	0.672467,2.226575,0.327277	0
16:17:49	0.672519,2.226643,0.327391	0.830212,2.329160,0.463315	0.000000,0.000000,0.000000	0.672519,2.226643,0.327391	0
16:17:49	0.672495,2.226536,0.327385	0.830216,2.329167,0.463319	0.000000,0.000000,0.000000	0.672495,2.226536,0.327385	0
16:17:49	0.672531,2.226649,0.327387	0.830183,2.329070,0.463317	0.000000,0.000000,0.000000	0.672531,2.226649,0.327387	0
16:17:50	0.672518,2.226629,0.327374	0.830222,2.329165,0.463328	0.000000,0.000000,0.000000	0.672518,2.226629,0.327374	0
16:17:50	0.672534,2.226635,0.327376	0.830222,2.329166,0.463324	0.000000,0.000000,0.000000	0.672534,2.226635,0.327376	0
16:17:50	0.672524,2.226636,0.327388	0.830213,2.329172,0.463328	0.000000,0.000000,0.000000	0.672524,2.226636,0.327388	0
16:17:50	0.672466,2.226597,0.327310	0.830213,2.329166,0.463333	0.000000,0.000000,0.000000	0.672466,2.226597,0.327310	0
16:17:50	0.672522,2.226625,0.327384	0.830214,2.329160,0.463324	0.000000,0.000000,0.000000	0.672522,2.226625,0.327384	0
16:17:50	0.672521,2.226629,0.327394	0.830217,2.329161,0.463325	0.000000,0.000000,0.000000	0.672521,2.226629,0.327394	0
16:17:50	0.672525,2.226635,0.327378	0.830159,2.329116,0.463241	0.000000,0.000000,0.000000	0.672525,2.226635,0.327378	0
16:17:50	0.672542,2.226633,0.327367	0.830222,2.329167,0.463318	0.000000,0.000000,0.000000	0.672542,2.226633,0.327367	0
16:17:50	0.672469,2.226599,0.327302	0.832277,2.326829,0.460199	0.000000,0.000000,0.000000	0.672469,2.226599,0.327302	0
16:17:50	0.672520,2.226639,0.327386	0.832339,2.326869,0.460281	0.000000,0.000000,0.000000	0.672520,2.226639,0.327386	0
16:17:51	0.672474,2.226586,0.327299	0.832331,2.326868,0.460284	0.000000,0.000000,0.000000	0.672474,2.226586,0.327299	0
16:17:51	0.672514,2.226629,0.327379	0.832311,2.326871,0.460280	0.000000,0.000000,0.000000	0.672514,2.226629,0.327379	0
16:17:51	0.672521,2.226634,0.327386	0.832267,2.326824,0.460195	0.000000,0.000000,0.000000	0.672521,2.226634,0.327386	0
16:17:51	0.672465,2.226595,0.327310	0.832332,2.326869,0.460284	0.000000,0.000000,0.000000	0.672465,2.226595,0.327310	0
16:17:51	0.672521,2.226629,0.327393	0.832333,2.326866,0.460283	0.000000,0.000000,0.000000	0.672521,2.226629,0.327393	0
16:17:51	0.672523,2.226639,0.327377	0.832337,2.326867,0.460270	0.000000,0.000000,0.000000	0.672523,2.226639,0.327377	0
16:17:51	0.672514,2.226644,0.327369	0.832294,2.326776,0.460255	0.000000,0.000000,0.000000	0.672514,2.226644,0.327369	0
16:17:51	0.672523,2.226640,0.327375	0.832271,2.326824,0.460188	0.000000,0.000000,0.000000	0.672523,2.226640,0.327375	0
16:17:51	0.672522,2.226641,0.327392	0.832278,2.326814,0.460200	0.000000,0.000000,0.000000	0.672522,2.226641,0.327392	0
16:17:51	0.672471,2.226588,0.327300	0.832326,2.326867,0.460282	0.000000,0.000000,0.000000	0.672471,2.226588,0.327300	0
16:17:52	0.672456,2.226596,0.327299	0.832266,2.326823,0.460197	0.000000,0.000000,0.000000	0.672456,2.226596,0.327299	0
16:17:52	0.672437,2.226496,0.327298	0.832330,2.326869,0.460272	0.000000,0.000000,0.000000	0.672437,2.226496,0.327298	0
16:17:52	0.672514,2.226634,0.327384	0.832324,2.326867,0.460287	0.000000,0.000000,0.000000	0.672514,2.226634,0.327384	0
16:17:52	0.672520,2.226638,0.327380	0.832331,2.326871,0.460276	0.000000,0.000000,0.000000	0.672520,2.226638,0.327380	0
16:17:52	0.672522,2.226635,0.327381	0.832335,2.326866,0.460272	0.000000,0.000000,0.000000	0.672522,2.226635,0.327381	0
16:17:52	0.672528,2.226639,0.327394	0.832343,2.326883,0.460273	0.000000,0.000000,0.000000	0.672528,2.226639,0.327394	0
16:17:52	0.672529,2.226635,0.327377	0.832343,2.326870,0.460274	0.000000,0.000000,0.000000	0.672529,2.226635,0.327377	0
16:17:52	0.672525,2.226635,0.327378	0.832335,2.326868,0.460269	0.000000,0.000000,0.000000	0.672525,2.226635,0.327378	0
16:17:52	0.672532,2.226633,0.327380	0.832290,2.326811,0.460190	0.000000,0.000000,0.000000	0.672532,2.226633,0.327380	0
16:17:52	0.672526,2.226646,0.327386	0.832274,2.326819,0.460198	0.000000,0.000000,0.000000	0.672526,2.226646,0.327386	0
16:17:53	0.672533,2.226631,0.327384	0.832333,2.326866,0.460281	0.000000,0.000000,0.000000	0.672533,2.226631,0.327384	0
16:17:53	0.672523,2.226630,0.327394	0.832334,2.326862,0.460283	0.000000,0.000000,0.000000	0.672523,2.226630,0.327394	0
16:17:53	0.672528,2.226634,0.327382	0.832276,2.326828,0.460203	0.000000,0.000000,0.000000	0.672528,2.226634,0.327382	0
16:17:53	0.672526,2.226635,0.327393	0.832340,2.326870,0.460285	0.000000,0.000000,0.000000	0.672526,2.226635,0.327393	0
16:17:53	0.672528,2.226632,0.327390	0.832304,2.326783,0.460273	0.000000,0.000000,0.000000	0.672528,2.226632,0.327390	0
16:17:53	0.672540,2.226641,0.327375	0.832282,2.326830,0.460204	0.000000,0.000000,0.000000	0.672540,2.226641,0.327375	0
