# Flight Log 
# 25 08 17 - 16:10:32
Time		X,Y,Z				goalX,goalY,goalZ		ddx,ddy,ddz			angularx,angulary,angularz	battery
16:10:32	0.000000,0.000000,0.000000	0.000000,0.000000,0.000000	0.000000,0.000000,0.000000	0.000000,0.000000,0.000000	0
16:10:32	0.672531,2.226646,0.327361	0.000000,0.000000,0.000000	0.000000,0.000000,0.000000	0.672531,2.226646,0.327361	0
16:10:32	0.672472,2.226607,0.327286	0.000000,0.000000,0.000000	0.000000,0.000000,0.000000	0.672472,2.226607,0.327286	0
16:10:32	0.672530,2.226647,0.327377	0.000000,0.000000,0.000000	0.000000,0.000000,0.000000	0.672530,2.226647,0.327377	0
16:10:32	0.672474,2.226624,0.327280	0.000000,0.000000,0.000000	0.000000,0.000000,0.000000	0.672474,2.226624,0.327280	0
16:10:32	0.672478,2.226612,0.327287	0.000000,0.000000,0.000000	0.000000,0.000000,0.000000	0.672478,2.226612,0.327287	0
16:10:32	0.672532,2.226644,0.327374	0.000000,0.000000,0.000000	0.000000,0.000000,0.000000	0.672532,2.226644,0.327374	0
16:10:32	0.672548,2.226648,0.327377	0.000000,0.000000,0.000000	0.000000,0.000000,0.000000	0.672548,2.226648,0.327377	0
16:10:32	0.672547,2.226642,0.327376	0.000000,0.000000,0.000000	0.000000,0.000000,0.000000	0.672547,2.226642,0.327376	0
16:10:33	0.672537,2.226625,0.327356	0.000000,0.000000,0.000000	0.000000,0.000000,0.000000	0.672537,2.226625,0.327356	0
16:10:33	0.672479,2.226611,0.327249	0.000000,0.000000,0.000000	0.000000,0.000000,0.000000	0.672479,2.226611,0.327249	0
16:10:33	0.672477,2.226615,0.327256	0.000000,0.000000,0.000000	0.000000,0.000000,0.000000	0.672477,2.226615,0.327256	0
16:10:33	0.672547,2.226665,0.327377	0.000000,0.000000,0.000000	0.000000,0.000000,0.000000	0.672547,2.226665,0.327377	0
16:10:33	0.672480,2.226631,0.327292	0.000000,0.000000,0.000000	0.000000,0.000000,0.000000	0.672480,2.226631,0.327292	0
16:10:33	0.672468,2.226623,0.327261	0.000000,0.000000,0.000000	0.000000,0.000000,0.000000	0.672468,2.226623,0.327261	0
16:10:33	0.672522,2.226657,0.327374	0.000000,0.000000,0.000000	0.000000,0.000000,0.000000	0.672522,2.226657,0.327374	0
16:10:33	0.672541,2.226639,0.327399	0.000000,0.000000,0.000000	0.000000,0.000000,0.000000	0.672541,2.226639,0.327399	0
16:10:33	0.672540,2.226652,0.327371	0.709004,2.090056,0.477204	0.000000,0.000000,0.000000	0.672540,2.226652,0.327371	0
16:10:33	0.672531,2.226649,0.327365	0.709006,2.090052,0.477179	0.000000,0.000000,0.000000	0.672531,2.226649,0.327365	0
16:10:34	0.672531,2.226646,0.327363	0.675558,2.066861,0.343560	0.000000,0.000000,0.000000	0.672531,2.226646,0.327363	0
16:10:34	0.672530,2.226645,0.327355	0.675547,2.066849,0.343552	0.000000,0.000000,0.000000	0.672530,2.226645,0.327355	0
16:10:34	0.672543,2.226666,0.327381	0.675565,2.066873,0.343577	0.000000,0.000000,0.000000	0.672543,2.226666,0.327381	0
16:10:34	0.672478,2.226621,0.327280	0.675564,2.066860,0.343578	0.000000,0.000000,0.000000	0.672478,2.226621,0.327280	0
16:10:34	0.672527,2.226656,0.327371	0.675602,2.066891,0.343638	0.000000,0.000000,0.000000	0.672527,2.226656,0.327371	0
16:10:34	0.672490,2.226552,0.327395	0.675558,2.066845,0.343580	0.000000,0.000000,0.000000	0.672490,2.226552,0.327395	0
16:10:34	0.672542,2.226635,0.327406	0.675615,2.066873,0.343678	0.000000,0.000000,0.000000	0.672542,2.226635,0.327406	0
16:10:34	0.672522,2.226637,0.327383	0.675616,2.066856,0.343653	0.000000,0.000000,0.000000	0.672522,2.226637,0.327383	0
16:10:34	0.672470,2.226602,0.327305	0.675617,2.066876,0.343633	0.000000,0.000000,0.000000	0.672470,2.226602,0.327305	0
16:10:34	0.672477,2.226601,0.327301	0.675615,2.066871,0.343633	0.000000,0.000000,0.000000	0.672477,2.226601,0.327301	0
16:10:35	0.672537,2.226642,0.327383	0.675617,2.066880,0.343635	0.000000,0.000000,0.000000	0.672537,2.226642,0.327383	0
16:10:35	0.672491,2.226611,0.327261	0.675612,2.066894,0.343629	0.000000,0.000000,0.000000	0.672491,2.226611,0.327261	0
16:10:35	0.672468,2.226625,0.327241	0.675560,2.066850,0.343545	0.000000,0.000000,0.000000	0.672468,2.226625,0.327241	0
16:10:35	0.672478,2.226621,0.327266	0.675557,2.066852,0.343540	0.000000,0.000000,0.000000	0.672478,2.226621,0.327266	0
16:10:35	0.672544,2.226668,0.327371	0.675611,2.066901,0.343645	0.000000,0.000000,0.000000	0.672544,2.226668,0.327371	0
16:10:35	0.672480,2.226625,0.327264	0.675618,2.066894,0.343649	0.000000,0.000000,0.000000	0.672480,2.226625,0.327264	0
16:10:35	0.672475,2.226606,0.327270	0.675562,2.066854,0.343576	0.000000,0.000000,0.000000	0.672475,2.226606,0.327270	0
16:10:35	0.672527,2.226648,0.327375	0.675597,2.066886,0.343625	0.000000,0.000000,0.000000	0.672527,2.226648,0.327375	0
16:10:35	0.672492,2.226611,0.327304	0.675573,2.066848,0.343586	0.000000,0.000000,0.000000	0.672492,2.226611,0.327304	0
16:10:35	0.672540,2.226652,0.327372	0.675542,2.066755,0.343580	0.000000,0.000000,0.000000	0.672540,2.226652,0.327372	0
16:10:36	0.672474,2.226600,0.327269	0.675609,2.066890,0.343644	0.000000,0.000000,0.000000	0.672474,2.226600,0.327269	0
16:10:36	0.672467,2.226606,0.327287	0.675551,2.066834,0.343561	0.000000,0.000000,0.000000	0.672467,2.226606,0.327287	0
16:10:36	0.672489,2.226594,0.327287	0.675612,2.066875,0.343633	0.000000,0.000000,0.000000	0.672489,2.226594,0.327287	0
16:10:36	0.672528,2.226637,0.327389	0.675605,2.066873,0.343652	0.000000,0.000000,0.000000	0.672528,2.226637,0.327389	0
16:10:36	0.672524,2.226645,0.327374	0.675564,2.066843,0.343571	0.000000,0.000000,0.000000	0.672524,2.226645,0.327374	0
16:10:36	0.672532,2.226635,0.327385	0.675603,2.066888,0.343624	0.000000,0.000000,0.000000	0.672532,2.226635,0.327385	0
16:10:36	0.672534,2.226636,0.327385	0.675619,2.066886,0.343634	0.000000,0.000000,0.000000	0.672534,2.226636,0.327385	0
16:10:36	0.672545,2.226641,0.327381	0.675613,2.066883,0.343635	0.000000,0.000000,0.000000	0.672545,2.226641,0.327381	0
16:10:36	0.672531,2.226634,0.327344	0.675612,2.066888,0.343626	0.000000,0.000000,0.000000	0.672531,2.226634,0.327344	0
16:10:36	0.672483,2.226600,0.327260	0.675611,2.066873,0.343622	0.000000,0.000000,0.000000	0.672483,2.226600,0.327260	0
16:10:37	0.672473,2.226607,0.327272	0.675607,2.066881,0.343618	0.000000,0.000000,0.000000	0.672473,2.226607,0.327272	0
16:10:37	0.672552,2.226650,0.327362	0.675611,2.066880,0.343635	0.000000,0.000000,0.000000	0.672552,2.226650,0.327362	0
16:10:37	0.672481,2.226601,0.327271	0.675563,2.066831,0.343570	0.000000,0.000000,0.000000	0.672481,2.226601,0.327271	0
16:10:37	0.672466,2.226589,0.327275	0.675568,2.066834,0.343565	0.000000,0.000000,0.000000	0.672466,2.226589,0.327275	0
16:10:37	0.672530,2.226652,0.327374	0.675568,2.066834,0.343565	0.000000,0.000000,0.000000	0.672530,2.226652,0.327374	0
16:10:37	0.672542,2.226653,0.327370	0.675613,2.066890,0.343632	0.000000,0.000000,0.000000	0.672542,2.226653,0.327370	0
16:10:37	0.672482,2.226593,0.327269	0.675558,2.066834,0.343569	0.000000,0.000000,0.000000	0.672482,2.226593,0.327269	0
16:10:37	0.672532,2.226639,0.327358	0.675558,2.066834,0.343569	0.000000,0.000000,0.000000	0.672532,2.226639,0.327358	0
16:10:37	0.672481,2.226600,0.327256	0.675562,2.066837,0.343549	0.000000,0.000000,0.000000	0.672481,2.226600,0.327256	0
16:10:37	0.672538,2.226662,0.327358	0.675571,2.066831,0.343562	0.000000,0.000000,0.000000	0.672538,2.226662,0.327358	0
16:10:38	0.672541,2.226648,0.327355	0.675560,2.066838,0.343568	0.000000,0.000000,0.000000	0.672541,2.226648,0.327355	0
16:10:38	0.672478,2.226604,0.327290	0.675608,2.066879,0.343646	0.000000,0.000000,0.000000	0.672478,2.226604,0.327290	0
16:10:38	0.672482,2.226602,0.327287	0.675609,2.066879,0.343652	0.000000,0.000000,0.000000	0.672482,2.226602,0.327287	0
16:10:38	0.672531,2.226658,0.327353	0.675617,2.066882,0.343637	0.000000,0.000000,0.000000	0.672531,2.226658,0.327353	0
16:10:38	0.672483,2.226606,0.327281	0.675563,2.066826,0.343556	0.000000,0.000000,0.000000	0.672483,2.226606,0.327281	0
16:10:38	0.672487,2.226608,0.327282	0.675568,2.066845,0.343569	0.000000,0.000000,0.000000	0.672487,2.226608,0.327282	0
16:10:38	0.672485,2.226595,0.327277	0.675562,2.066849,0.343586	0.000000,0.000000,0.000000	0.672485,2.226595,0.327277	0
16:10:38	0.672482,2.226610,0.327271	0.675567,2.066838,0.343556	0.000000,0.000000,0.000000	0.672482,2.226610,0.327271	0
16:10:38	0.672471,2.226616,0.327280	0.675609,2.066889,0.343617	0.000000,0.000000,0.000000	0.672471,2.226616,0.327280	0
16:10:38	0.672482,2.226619,0.327285	0.675555,2.066847,0.343570	0.000000,0.000000,0.000000	0.672482,2.226619,0.327285	0
16:10:39	0.672533,2.226661,0.327379	0.675611,2.066889,0.343657	0.000000,0.000000,0.000000	0.672533,2.226661,0.327379	0
16:10:39	0.672531,2.226648,0.327362	0.675564,2.066837,0.343573	0.000000,0.000000,0.000000	0.672531,2.226648,0.327362	0
16:10:39	0.672476,2.226617,0.327284	0.675561,2.066839,0.343557	0.000000,0.000000,0.000000	0.672476,2.226617,0.327284	0
16:10:39	0.672480,2.226596,0.327289	0.675554,2.066842,0.343558	0.000000,0.000000,0.000000	0.672480,2.226596,0.327289	0
16:10:39	0.672546,2.226650,0.327382	0.675562,2.066857,0.343573	0.000000,0.000000,0.000000	0.672546,2.226650,0.327382	0
16:10:39	0.672480,2.226599,0.327272	0.675560,2.066843,0.343581	0.000000,0.000000,0.000000	0.672480,2.226599,0.327272	0
16:10:39	0.672483,2.226598,0.327262	0.675565,2.066835,0.343554	0.000000,0.000000,0.000000	0.672483,2.226598,0.327262	0
16:10:39	0.672519,2.226649,0.327371	0.675595,2.066881,0.343641	0.000000,0.000000,0.000000	0.672519,2.226649,0.327371	0
16:10:39	0.672509,2.226555,0.327378	0.675608,2.066882,0.343650	0.000000,0.000000,0.000000	0.672509,2.226555,0.327378	0
16:10:39	0.672536,2.226654,0.327375	0.675571,2.066850,0.343589	0.000000,0.000000,0.000000	0.672536,2.226654,0.327375	0
16:10:40	0.672523,2.226644,0.327355	0.675607,2.066892,0.343629	0.000000,0.000000,0.000000	0.672523,2.226644,0.327355	0
16:10:40	0.672524,2.226641,0.327354	0.675601,2.066878,0.343625	0.000000,0.000000,0.000000	0.672524,2.226641,0.327354	0
16:10:40	0.672476,2.226610,0.327283	0.675557,2.066849,0.343570	0.000000,0.000000,0.000000	0.672476,2.226610,0.327283	0
16:10:40	0.672479,2.226601,0.327276	0.675561,2.066838,0.343565	0.000000,0.000000,0.000000	0.672479,2.226601,0.327276	0
16:10:40	0.672492,2.226609,0.327286	0.675561,2.066838,0.343565	0.000000,0.000000,0.000000	0.672492,2.226609,0.327286	0
16:10:40	0.672531,2.226647,0.327366	0.675559,2.066831,0.343588	0.000000,0.000000,0.000000	0.672531,2.226647,0.327366	0
16:10:40	0.672478,2.226592,0.327280	0.675560,2.066829,0.343568	0.000000,0.000000,0.000000	0.672478,2.226592,0.327280	0
16:10:40	0.672468,2.226611,0.327293	0.675605,2.066870,0.343642	0.000000,0.000000,0.000000	0.672468,2.226611,0.327293	0
16:10:40	0.672538,2.226636,0.327351	0.675613,2.066872,0.343623	0.000000,0.000000,0.000000	0.672538,2.226636,0.327351	0
16:10:40	0.672473,2.226604,0.327297	0.675560,2.066842,0.343566	0.000000,0.000000,0.000000	0.672473,2.226604,0.327297	0
16:10:41	0.672533,2.226639,0.327374	0.675619,2.066876,0.343631	0.000000,0.000000,0.000000	0.672533,2.226639,0.327374	0
16:10:41	0.672540,2.226646,0.327363	0.675559,2.066838,0.343573	0.000000,0.000000,0.000000	0.672540,2.226646,0.327363	0
16:10:41	0.672480,2.226604,0.327273	0.675562,2.066842,0.343562	0.000000,0.000000,0.000000	0.672480,2.226604,0.327273	0
16:10:41	0.672525,2.226651,0.327361	0.675602,2.066887,0.343630	0.000000,0.000000,0.000000	0.672525,2.226651,0.327361	0
16:10:41	0.672530,2.226654,0.327373	0.675559,2.066852,0.343565	0.000000,0.000000,0.000000	0.672530,2.226654,0.327373	0
16:10:41	0.672483,2.226608,0.327292	0.675562,2.066848,0.343571	0.000000,0.000000,0.000000	0.672483,2.226608,0.327292	0
16:10:41	0.672486,2.226602,0.327277	0.675610,2.066887,0.343633	0.000000,0.000000,0.000000	0.672486,2.226602,0.327277	0
16:10:41	0.672535,2.226649,0.327357	0.675562,2.066839,0.343561	0.000000,0.000000,0.000000	0.672535,2.226649,0.327357	0
16:10:41	0.672537,2.226650,0.327363	0.675564,2.066847,0.343572	0.000000,0.000000,0.000000	0.672537,2.226650,0.327363	0
16:10:41	0.672527,2.226648,0.327356	0.675604,2.066885,0.343626	0.000000,0.000000,0.000000	0.672527,2.226648,0.327356	0
16:10:42	0.672541,2.226655,0.327366	0.675553,2.066834,0.343569	0.000000,0.000000,0.000000	0.672541,2.226655,0.327366	0
16:10:42	0.672537,2.226655,0.327382	0.675604,2.066885,0.343650	0.000000,0.000000,0.000000	0.672537,2.226655,0.327382	0
16:10:42	0.672525,2.226656,0.327380	0.675610,2.066888,0.343653	0.000000,0.000000,0.000000	0.672525,2.226656,0.327380	0
16:10:42	0.672542,2.226648,0.327371	0.675617,2.066884,0.343638	0.000000,0.000000,0.000000	0.672542,2.226648,0.327371	0
16:10:42	0.672473,2.226605,0.327299	0.675611,2.066875,0.343640	0.000000,0.000000,0.000000	0.672473,2.226605,0.327299	0
16:10:42	0.672533,2.226639,0.327368	0.675609,2.066875,0.343635	0.000000,0.000000,0.000000	0.672533,2.226639,0.327368	0
16:10:42	0.672479,2.226608,0.327292	0.675609,2.066875,0.343635	0.000000,0.000000,0.000000	0.672479,2.226608,0.327292	0
16:10:42	0.672484,2.226599,0.327285	0.675614,2.066877,0.343638	0.000000,0.000000,0.000000	0.672484,2.226599,0.327285	0
16:10:42	0.672491,2.226611,0.327286	0.675560,2.066843,0.343560	0.000000,0.000000,0.000000	0.672491,2.226611,0.327286	0
16:10:42	0.672526,2.226650,0.327366	0.675611,2.066881,0.343627	0.000000,0.000000,0.000000	0.672526,2.226650,0.327366	0
16:10:43	0.672476,2.226607,0.327278	0.675559,2.066844,0.343566	0.000000,0.000000,0.000000	0.672476,2.226607,0.327278	0
16:10:43	0.672476,2.226607,0.327283	0.675572,2.066840,0.343568	0.000000,0.000000,0.000000	0.672476,2.226607,0.327283	0
16:10:43	0.672543,2.226644,0.327365	0.675566,2.066847,0.343570	0.000000,0.000000,0.000000	0.672543,2.226644,0.327365	0
16:10:43	0.672538,2.226640,0.327375	0.675613,2.066876,0.343641	0.000000,0.000000,0.000000	0.672538,2.226640,0.327375	0
16:10:43	0.672473,2.226606,0.327284	0.675564,2.066843,0.343580	0.000000,0.000000,0.000000	0.672473,2.226606,0.327284	0
16:10:43	0.672479,2.226607,0.327290	0.675553,2.066839,0.343568	0.000000,0.000000,0.000000	0.672479,2.226607,0.327290	0
16:10:43	0.672482,2.226608,0.327291	0.675613,2.066875,0.343633	0.000000,0.000000,0.000000	0.672482,2.226608,0.327291	0
16:10:43	0.672531,2.226646,0.327377	0.675580,2.066794,0.343645	0.000000,0.000000,0.000000	0.672531,2.226646,0.327377	0
16:10:43	0.672532,2.226645,0.327370	0.675608,2.066881,0.343637	0.000000,0.000000,0.000000	0.672532,2.226645,0.327370	0
16:10:43	0.672536,2.226640,0.327368	0.675608,2.066881,0.343637	0.000000,0.000000,0.000000	0.672536,2.226640,0.327368	0
16:10:44	0.672477,2.226612,0.327285	0.675565,2.066837,0.343569	0.000000,0.000000,0.000000	0.672477,2.226612,0.327285	0
16:10:44	0.672520,2.226652,0.327387	0.675598,2.066888,0.343650	0.000000,0.000000,0.000000	0.672520,2.226652,0.327387	0
16:10:44	0.672534,2.226650,0.327372	0.675565,2.066844,0.343575	0.000000,0.000000,0.000000	0.672534,2.226650,0.327372	0
16:10:44	0.672478,2.226614,0.327275	0.675554,2.066846,0.343564	0.000000,0.000000,0.000000	0.672478,2.226614,0.327275	0
16:10:44	0.672527,2.226651,0.327368	0.675568,2.066836,0.343567	0.000000,0.000000,0.000000	0.672527,2.226651,0.327368	0
16:10:44	0.672537,2.226650,0.327369	0.675612,2.066887,0.343637	0.000000,0.000000,0.000000	0.672537,2.226650,0.327369	0
16:10:44	0.672486,2.226605,0.327279	0.675567,2.066842,0.343567	0.000000,0.000000,0.000000	0.672486,2.226605,0.327279	0
16:10:44	0.672482,2.226603,0.327277	0.675556,2.066848,0.343571	0.000000,0.000000,0.000000	0.672482,2.226603,0.327277	0
16:10:44	0.672478,2.226588,0.327275	0.675563,2.066836,0.343567	0.000000,0.000000,0.000000	0.672478,2.226588,0.327275	0
16:10:44	0.672483,2.226607,0.327282	0.676104,2.066972,0.346276	0.000000,0.000000,0.000000	0.672483,2.226607,0.327282	0
16:10:45	0.672489,2.226600,0.327293	0.676120,2.066955,0.346287	0.000000,0.000000,0.000000	0.672489,2.226600,0.327293	0
16:10:45	0.672527,2.226649,0.327371	0.676109,2.066971,0.346275	0.000000,0.000000,0.000000	0.672527,2.226649,0.327371	0
16:10:45	0.672479,2.226599,0.327282	0.676062,2.066927,0.346212	0.000000,0.000000,0.000000	0.672479,2.226599,0.327282	0
16:10:45	0.672471,2.226601,0.327286	0.676108,2.066974,0.346273	0.000000,0.000000,0.000000	0.672471,2.226601,0.327286	0
16:10:45	0.672540,2.226655,0.327378	0.676107,2.066959,0.346280	0.000000,0.000000,0.000000	0.672540,2.226655,0.327378	0
16:10:45	0.672538,2.226643,0.327362	0.676114,2.066968,0.346278	0.000000,0.000000,0.000000	0.672538,2.226643,0.327362	0
16:10:45	0.672480,2.226604,0.327274	0.676056,2.066918,0.346215	0.000000,0.000000,0.000000	0.672480,2.226604,0.327274	0
16:10:45	0.672478,2.226600,0.327276	0.676096,2.066970,0.346279	0.000000,0.000000,0.000000	0.672478,2.226600,0.327276	0
16:10:45	0.672487,2.226598,0.327279	0.676059,2.066925,0.346213	0.000000,0.000000,0.000000	0.672487,2.226598,0.327279	0
16:10:45	0.672539,2.226659,0.327376	0.676077,2.066932,0.346222	0.000000,0.000000,0.000000	0.672539,2.226659,0.327376	0
16:10:46	0.672476,2.226596,0.327288	0.678558,2.067547,0.359172	0.000000,0.000000,0.000000	0.672476,2.226596,0.327288	0
16:10:46	0.672500,2.226600,0.327288	0.678556,2.067553,0.359171	0.000000,0.000000,0.000000	0.672500,2.226600,0.327288	0
16:10:46	0.672449,2.226595,0.327271	0.678482,2.067504,0.359120	0.000000,0.000000,0.000000	0.672449,2.226595,0.327271	0
16:10:46	0.672539,2.226647,0.327371	0.678551,2.067553,0.359174	0.000000,0.000000,0.000000	0.672539,2.226647,0.327371	0
16:10:46	0.672479,2.226601,0.327285	0.678535,2.067547,0.359173	0.000000,0.000000,0.000000	0.672479,2.226601,0.327285	0
16:10:46	0.672464,2.226594,0.327278	0.678489,2.067510,0.359129	0.000000,0.000000,0.000000	0.672464,2.226594,0.327278	0
16:10:46	0.672496,2.226617,0.327284	0.678508,2.067522,0.359130	0.000000,0.000000,0.000000	0.672496,2.226617,0.327284	0
16:10:46	0.672457,2.226605,0.327288	0.678528,2.067546,0.359177	0.000000,0.000000,0.000000	0.672457,2.226605,0.327288	0
16:10:46	0.672545,2.226651,0.327363	0.678553,2.067555,0.359172	0.000000,0.000000,0.000000	0.672545,2.226651,0.327363	0
16:10:46	0.672464,2.226600,0.327294	0.678493,2.067503,0.359132	0.000000,0.000000,0.000000	0.672464,2.226600,0.327294	0
16:10:47	0.672526,2.226648,0.327382	0.679449,2.067821,0.364135	0.000000,0.000000,0.000000	0.672526,2.226648,0.327382	0
16:10:47	0.672531,2.226649,0.327379	0.679450,2.067820,0.364134	0.000000,0.000000,0.000000	0.672531,2.226649,0.327379	0
16:10:47	0.672530,2.226653,0.327373	0.679496,2.067858,0.364176	0.000000,0.000000,0.000000	0.672530,2.226653,0.327373	0
16:10:47	0.672446,2.226591,0.327294	0.679431,2.067818,0.364144	0.000000,0.000000,0.000000	0.672446,2.226591,0.327294	0
16:10:47	0.672478,2.226603,0.327275	0.679452,2.067821,0.364132	0.000000,0.000000,0.000000	0.672478,2.226603,0.327275	0
16:10:47	0.672539,2.226644,0.327359	0.679492,2.067852,0.364174	0.000000,0.000000,0.000000	0.672539,2.226644,0.327359	0
16:10:47	0.672452,2.226596,0.327286	0.679492,2.067852,0.364174	0.000000,0.000000,0.000000	0.672452,2.226596,0.327286	0
16:10:47	0.672585,2.226650,0.327356	0.679532,2.067864,0.364170	0.000000,0.000000,0.000000	0.672585,2.226650,0.327356	0
16:10:47	0.672436,2.226609,0.327292	0.588972,2.319002,0.014246	0.000000,0.000000,0.000000	0.672436,2.226609,0.327292	0
16:10:47	0.672531,2.226646,0.327375	0.589182,2.325584,0.022331	0.000000,0.000000,0.000000	0.672531,2.226646,0.327375	0
16:10:48	0.672457,2.226519,0.327291	0.590689,2.327672,0.023340	0.000000,0.000000,0.000000	0.672457,2.226519,0.327291	0
16:10:48	0.672456,2.226597,0.327292	0.594114,2.338756,0.035519	0.000000,0.000000,0.000000	0.672456,2.226597,0.327292	0
16:10:48	0.672560,2.226651,0.327379	0.616739,2.392909,0.135105	0.000000,0.000000,0.000000	0.672560,2.226651,0.327379	0
16:10:48	0.672468,2.226549,0.327382	0.627962,2.402095,0.157643	0.000000,0.000000,0.000000	0.672468,2.226549,0.327382	0
16:10:48	0.672549,2.226659,0.327378	0.623226,2.395109,0.135637	0.000000,0.000000,0.000000	0.672549,2.226659,0.327378	0
16:10:48	0.672445,2.226608,0.327307	0.643840,2.392786,0.112211	0.000000,0.000000,0.000000	0.672445,2.226608,0.327307	0
16:10:48	0.672494,2.226606,0.327285	0.646939,2.387385,0.094931	0.000000,0.000000,0.000000	0.672494,2.226606,0.327285	0
16:10:48	0.672543,2.226642,0.327371	0.641321,2.383414,0.086937	0.000000,0.000000,0.000000	0.672543,2.226642,0.327371	0
16:10:48	0.672442,2.226599,0.327287	0.635808,2.378734,0.078406	0.000000,0.000000,0.000000	0.672442,2.226599,0.327287	0
16:10:48	0.672572,2.226656,0.327375	0.630252,2.374024,0.070517	0.000000,0.000000,0.000000	0.672572,2.226656,0.327375	0
16:10:49	0.672424,2.226596,0.327294	0.776844,2.345613,0.373637	0.000000,0.000000,0.000000	0.672424,2.226596,0.327294	0
16:10:49	0.672577,2.226660,0.327377	0.776953,2.345674,0.373679	0.000000,0.000000,0.000000	0.672577,2.226660,0.327377	0
16:10:49	0.672448,2.226600,0.327289	0.702120,2.090260,0.483901	0.000000,0.000000,0.000000	0.672448,2.226600,0.327289	0
16:10:49	0.672560,2.226651,0.327372	0.713661,2.336527,0.544980	0.000000,0.000000,0.000000	0.672560,2.226651,0.327372	0
16:10:49	0.672531,2.226654,0.327375	0.687965,2.380500,0.409149	0.000000,0.000000,0.000000	0.672531,2.226654,0.327375	0
16:10:49	0.672473,2.226597,0.327276	0.723382,2.375560,0.385308	0.000000,0.000000,0.000000	0.672473,2.226597,0.327276	0
16:10:49	0.672540,2.226647,0.327358	0.776931,2.345669,0.373673	0.000000,0.000000,0.000000	0.672540,2.226647,0.327358	0
16:10:49	0.672506,2.226648,0.327364	0.776859,2.345615,0.373638	0.000000,0.000000,0.000000	0.672506,2.226648,0.327364	0
16:10:49	0.672507,2.226613,0.327284	0.776882,2.345625,0.373640	0.000000,0.000000,0.000000	0.672507,2.226613,0.327284	0
16:10:49	0.672530,2.226654,0.327378	0.598866,2.324650,0.011340	0.000000,0.000000,0.000000	0.672530,2.226654,0.327378	0
16:10:50	0.672474,2.226598,0.327294	0.595962,2.314085,0.001857	0.000000,0.000000,0.000000	0.672474,2.226598,0.327294	0
16:10:50	0.672550,2.226653,0.327371	0.595266,2.301801,-0.009555	0.000000,0.000000,0.000000	0.672550,2.226653,0.327371	0
16:10:50	0.672398,2.226597,0.327295	0.593848,2.288642,-0.019002	0.000000,0.000000,0.000000	0.672398,2.226597,0.327295	0
16:10:50	0.672566,2.226639,0.327383	0.545308,2.275893,0.034950	0.000000,0.000000,0.000000	0.672566,2.226639,0.327383	0
16:10:50	0.672058,2.226496,0.327382	0.552358,2.276409,0.022878	0.000000,0.000000,0.000000	0.672058,2.226496,0.327382	0
16:10:50	0.672521,2.226614,0.327302	0.562660,2.264842,0.002055	0.000000,0.000000,0.000000	0.672521,2.226614,0.327302	0
16:10:50	0.672197,2.226483,0.327352	0.579220,2.239445,-0.025846	0.000000,0.000000,0.000000	0.672197,2.226483,0.327352	0
16:10:50	0.672498,2.226608,0.327288	0.574815,2.227791,-0.021607	0.000000,0.000000,0.000000	0.672498,2.226608,0.327288	0
16:10:50	0.672345,2.226500,0.327280	0.776723,2.345499,0.373624	0.000000,0.000000,0.000000	0.672345,2.226500,0.327280	0
16:10:50	0.672544,2.226648,0.327363	0.776969,2.345674,0.373678	0.000000,0.000000,0.000000	0.672544,2.226648,0.327363	0
16:10:51	0.672391,2.226496,0.327273	0.776784,2.345513,0.373622	0.000000,0.000000,0.000000	0.672391,2.226496,0.327273	0
16:10:51	0.672449,2.226606,0.327288	0.776925,2.345669,0.373677	0.000000,0.000000,0.000000	0.672449,2.226606,0.327288	0
16:10:51	0.672475,2.226601,0.327298	0.776870,2.345617,0.373644	0.000000,0.000000,0.000000	0.672475,2.226601,0.327298	0
16:10:51	0.672419,2.226600,0.327305	0.776824,2.345608,0.373643	0.000000,0.000000,0.000000	0.672419,2.226600,0.327305	0
16:10:51	0.672513,2.226622,0.327285	0.776903,2.345640,0.373642	0.000000,0.000000,0.000000	0.672513,2.226622,0.327285	0
16:10:51	0.672419,2.226609,0.327300	0.776833,2.345617,0.373639	0.000000,0.000000,0.000000	0.672419,2.226609,0.327300	0
16:10:51	0.672498,2.226614,0.327294	0.776937,2.345669,0.373679	0.000000,0.000000,0.000000	0.672498,2.226614,0.327294	0
16:10:51	0.672424,2.226600,0.327294	0.776827,2.345608,0.373639	0.000000,0.000000,0.000000	0.672424,2.226600,0.327294	0
16:10:51	0.672492,2.226605,0.327281	0.776883,2.345623,0.373638	0.000000,0.000000,0.000000	0.672492,2.226605,0.327281	0
16:10:51	0.672461,2.226593,0.327284	0.776856,2.345607,0.373637	0.000000,0.000000,0.000000	0.672461,2.226593,0.327284	0
16:10:52	0.672435,2.226608,0.327295	0.776846,2.345615,0.373637	0.000000,0.000000,0.000000	0.672435,2.226608,0.327295	0
16:10:52	0.672527,2.226651,0.327380	0.776922,2.345671,0.373681	0.000000,0.000000,0.000000	0.672527,2.226651,0.327380	0
16:10:52	0.672411,2.226590,0.327284	0.776815,2.345597,0.373634	0.000000,0.000000,0.000000	0.672411,2.226590,0.327284	0
16:10:52	0.672554,2.226660,0.327359	0.776894,2.345624,0.373644	0.000000,0.000000,0.000000	0.672554,2.226660,0.327359	0
16:10:52	0.672422,2.226595,0.327293	0.776826,2.345597,0.373636	0.000000,0.000000,0.000000	0.672422,2.226595,0.327293	0
16:10:52	0.672456,2.226606,0.327297	0.779076,2.344626,0.363580	0.000000,0.000000,0.000000	0.672456,2.226606,0.327297	0
16:10:52	0.672448,2.226598,0.327284	0.779076,2.344626,0.363580	0.000000,0.000000,0.000000	0.672448,2.226598,0.327284	0
16:10:52	0.672490,2.226553,0.327373	0.779031,2.344542,0.363572	0.000000,0.000000,0.000000	0.672490,2.226553,0.327373	0
16:10:52	0.672500,2.226599,0.327284	0.779080,2.344624,0.363575	0.000000,0.000000,0.000000	0.672500,2.226599,0.327284	0
16:10:52	0.672505,2.226641,0.327378	0.779054,2.344622,0.363579	0.000000,0.000000,0.000000	0.672505,2.226641,0.327378	0
16:10:53	0.672489,2.226604,0.327274	0.779035,2.344585,0.363524	0.000000,0.000000,0.000000	0.672489,2.226604,0.327274	0
16:10:53	0.672524,2.226645,0.327380	0.779064,2.344627,0.363580	0.000000,0.000000,0.000000	0.672524,2.226645,0.327380	0
16:10:53	0.672525,2.226637,0.327385	0.779082,2.344629,0.363586	0.000000,0.000000,0.000000	0.672525,2.226637,0.327385	0
16:10:53	0.672533,2.226647,0.327372	0.779065,2.344621,0.363575	0.000000,0.000000,0.000000	0.672533,2.226647,0.327372	0
16:10:53	0.672490,2.226544,0.327373	0.779072,2.344627,0.363577	0.000000,0.000000,0.000000	0.672490,2.226544,0.327373	0
16:10:53	0.672531,2.226655,0.327372	0.779080,2.344631,0.363572	0.000000,0.000000,0.000000	0.672531,2.226655,0.327372	0
16:10:53	0.672464,2.226607,0.327291	0.796277,2.327359,0.349052	0.000000,0.000000,0.000000	0.672464,2.226607,0.327291	0
16:10:53	0.672476,2.226606,0.327279	0.796356,2.327399,0.349100	0.000000,0.000000,0.000000	0.672476,2.226606,0.327279	0
16:10:53	0.672475,2.226610,0.327286	0.796338,2.327395,0.349102	0.000000,0.000000,0.000000	0.672475,2.226610,0.327286	0
16:10:53	0.672520,2.226653,0.327375	0.796336,2.327407,0.349109	0.000000,0.000000,0.000000	0.672520,2.226653,0.327375	0
16:10:54	0.672476,2.226602,0.327286	0.796246,2.327274,0.349050	0.000000,0.000000,0.000000	0.672476,2.226602,0.327286	0
16:10:54	0.672473,2.226598,0.327289	0.796284,2.327353,0.349043	0.000000,0.000000,0.000000	0.672473,2.226598,0.327289	0
16:10:54	0.672468,2.226605,0.327297	0.796281,2.327360,0.349045	0.000000,0.000000,0.000000	0.672468,2.226605,0.327297	0
16:10:54	0.672519,2.226657,0.327390	0.796343,2.327396,0.349108	0.000000,0.000000,0.000000	0.672519,2.226657,0.327390	0
16:10:54	0.672469,2.226602,0.327290	0.796325,2.327402,0.349113	0.000000,0.000000,0.000000	0.672469,2.226602,0.327290	0
16:10:54	0.672468,2.226598,0.327299	0.796344,2.327403,0.349108	0.000000,0.000000,0.000000	0.672468,2.226598,0.327299	0
16:10:54	0.672532,2.226646,0.327379	0.796281,2.327362,0.349048	0.000000,0.000000,0.000000	0.672532,2.226646,0.327379	0
16:10:54	0.672516,2.226645,0.327370	0.792237,2.332471,0.340415	0.000000,0.000000,0.000000	0.672516,2.226645,0.327370	0
16:10:54	0.672473,2.226603,0.327282	0.792300,2.332511,0.340493	0.000000,0.000000,0.000000	0.672473,2.226603,0.327282	0
16:10:54	0.672471,2.226590,0.327279	0.792252,2.332465,0.340402	0.000000,0.000000,0.000000	0.672471,2.226590,0.327279	0
16:10:55	0.672528,2.226636,0.327377	0.792322,2.332516,0.340471	0.000000,0.000000,0.000000	0.672528,2.226636,0.327377	0
16:10:55	0.672471,2.226598,0.327279	0.792252,2.332473,0.340402	0.000000,0.000000,0.000000	0.672471,2.226598,0.327279	0
16:10:55	0.672477,2.226601,0.327288	0.792325,2.332528,0.340474	0.000000,0.000000,0.000000	0.672477,2.226601,0.327288	0
16:10:55	0.672480,2.226611,0.327284	0.792257,2.332472,0.340408	0.000000,0.000000,0.000000	0.672480,2.226611,0.327284	0
16:10:55	0.672529,2.226641,0.327371	0.792310,2.332517,0.340478	0.000000,0.000000,0.000000	0.672529,2.226641,0.327371	0
16:10:55	0.672478,2.226606,0.327289	0.792301,2.332526,0.340474	0.000000,0.000000,0.000000	0.672478,2.226606,0.327289	0
16:10:55	0.672538,2.226645,0.327367	0.792317,2.332532,0.340480	0.000000,0.000000,0.000000	0.672538,2.226645,0.327367	0
16:10:55	0.672530,2.226640,0.327363	0.791835,2.333079,0.339516	0.000000,0.000000,0.000000	0.672530,2.226640,0.327363	0
16:10:55	0.672526,2.226649,0.327372	0.791792,2.333037,0.339451	0.000000,0.000000,0.000000	0.672526,2.226649,0.327372	0
16:10:55	0.672468,2.226604,0.327295	0.791829,2.333078,0.339528	0.000000,0.000000,0.000000	0.672468,2.226604,0.327295	0
16:10:56	0.672468,2.226604,0.327284	0.791836,2.333069,0.339513	0.000000,0.000000,0.000000	0.672468,2.226604,0.327284	0
16:10:56	0.672469,2.226603,0.327293	0.791782,2.333034,0.339447	0.000000,0.000000,0.000000	0.672469,2.226603,0.327293	0
16:10:56	0.672470,2.226605,0.327297	0.791841,2.333072,0.339522	0.000000,0.000000,0.000000	0.672470,2.226605,0.327297	0
16:10:56	0.672528,2.226646,0.327377	0.791841,2.333077,0.339517	0.000000,0.000000,0.000000	0.672528,2.226646,0.327377	0
16:10:56	0.672472,2.226604,0.327291	0.791835,2.333078,0.339520	0.000000,0.000000,0.000000	0.672472,2.226604,0.327291	0
16:10:56	0.672517,2.226642,0.327365	0.791789,2.333032,0.339443	0.000000,0.000000,0.000000	0.672517,2.226642,0.327365	0
16:10:56	0.672475,2.226601,0.327291	0.787450,2.337752,0.337564	0.000000,0.000000,0.000000	0.672475,2.226601,0.327291	0
16:10:56	0.672527,2.226640,0.327369	0.787459,2.337757,0.337560	0.000000,0.000000,0.000000	0.672527,2.226640,0.327369	0
16:10:56	0.672480,2.226597,0.327285	0.787499,2.337792,0.337642	0.000000,0.000000,0.000000	0.672480,2.226597,0.327285	0
16:10:56	0.672528,2.226643,0.327377	0.787498,2.337796,0.337642	0.000000,0.000000,0.000000	0.672528,2.226643,0.327377	0
16:10:57	0.672473,2.226595,0.327286	0.787446,2.337746,0.337557	0.000000,0.000000,0.000000	0.672473,2.226595,0.327286	0
16:10:57	0.672469,2.226603,0.327287	0.787495,2.337800,0.337630	0.000000,0.000000,0.000000	0.672469,2.226603,0.327287	0
16:10:57	0.672469,2.226597,0.327291	0.787443,2.337748,0.337564	0.000000,0.000000,0.000000	0.672469,2.226597,0.327291	0
16:10:57	0.672476,2.226597,0.327291	0.787445,2.337756,0.337564	0.000000,0.000000,0.000000	0.672476,2.226597,0.327291	0
16:10:57	0.672530,2.226650,0.327390	0.787498,2.337802,0.337640	0.000000,0.000000,0.000000	0.672530,2.226650,0.327390	0
16:10:57	0.672475,2.226599,0.327285	0.787470,2.337714,0.337628	0.000000,0.000000,0.000000	0.672475,2.226599,0.327285	0
16:10:57	0.672531,2.226644,0.327381	0.787470,2.337714,0.337628	0.000000,0.000000,0.000000	0.672531,2.226644,0.327381	0
16:10:57	0.672473,2.226599,0.327286	0.793729,2.330983,0.337001	0.000000,0.000000,0.000000	0.672473,2.226599,0.327286	0
16:10:57	0.672480,2.226606,0.327291	0.793679,2.330944,0.336935	0.000000,0.000000,0.000000	0.672480,2.226606,0.327291	0
16:10:57	0.672534,2.226640,0.327369	0.793726,2.330996,0.337003	0.000000,0.000000,0.000000	0.672534,2.226640,0.327369	0
16:10:58	0.672522,2.226643,0.327372	0.793682,2.330949,0.336933	0.000000,0.000000,0.000000	0.672522,2.226643,0.327372	0
16:10:58	0.672522,2.226652,0.327379	0.793739,2.330977,0.337002	0.000000,0.000000,0.000000	0.672522,2.226652,0.327379	0
16:10:58	0.672528,2.226639,0.327374	0.793681,2.330948,0.336934	0.000000,0.000000,0.000000	0.672528,2.226639,0.327374	0
16:10:58	0.672531,2.226657,0.327377	0.793729,2.331001,0.337010	0.000000,0.000000,0.000000	0.672531,2.226657,0.327377	0
16:10:58	0.672474,2.226604,0.327285	0.793723,2.331002,0.337011	0.000000,0.000000,0.000000	0.672474,2.226604,0.327285	0
16:10:58	0.672525,2.226645,0.327381	0.793730,2.330988,0.337011	0.000000,0.000000,0.000000	0.672525,2.226645,0.327381	0
16:10:58	0.672539,2.226643,0.327369	0.793736,2.330989,0.337003	0.000000,0.000000,0.000000	0.672539,2.226643,0.327369	0
16:10:58	0.672477,2.226613,0.327288	0.793675,2.330957,0.336932	0.000000,0.000000,0.000000	0.672477,2.226613,0.327288	0
16:10:58	0.672533,2.226655,0.327373	0.793721,2.330995,0.337011	0.000000,0.000000,0.000000	0.672533,2.226655,0.327373	0
16:10:58	0.672480,2.226613,0.327299	0.793676,2.330947,0.336933	0.000000,0.000000,0.000000	0.672480,2.226613,0.327299	0
16:10:59	0.672484,2.226607,0.327294	0.793728,2.330989,0.337012	0.000000,0.000000,0.000000	0.672484,2.226607,0.327294	0
16:10:59	0.672534,2.226639,0.327373	0.793667,2.330947,0.336931	0.000000,0.000000,0.000000	0.672534,2.226639,0.327373	0
16:10:59	0.672483,2.226600,0.327294	0.793680,2.330945,0.336938	0.000000,0.000000,0.000000	0.672483,2.226600,0.327294	0
16:10:59	0.672475,2.226604,0.327292	0.794508,2.322601,0.404471	0.000000,0.000000,0.000000	0.672475,2.226604,0.327292	0
16:10:59	0.672541,2.226652,0.327387	0.794591,2.322638,0.404547	0.000000,0.000000,0.000000	0.672541,2.226652,0.327387	0
16:10:59	0.672484,2.226603,0.327285	0.794523,2.322597,0.404471	0.000000,0.000000,0.000000	0.672484,2.226603,0.327285	0
16:10:59	0.672539,2.226643,0.327363	0.794536,2.322596,0.404466	0.000000,0.000000,0.000000	0.672539,2.226643,0.327363	0
16:10:59	0.672474,2.226599,0.327284	0.794580,2.322645,0.404552	0.000000,0.000000,0.000000	0.672474,2.226599,0.327284	0
16:10:59	0.672473,2.226595,0.327279	0.794586,2.322641,0.404544	0.000000,0.000000,0.000000	0.672473,2.226595,0.327279	0
16:10:59	0.672475,2.226607,0.327295	0.794522,2.322597,0.404470	0.000000,0.000000,0.000000	0.672475,2.226607,0.327295	0
16:11:00	0.672529,2.226641,0.327376	0.794513,2.322603,0.404468	0.000000,0.000000,0.000000	0.672529,2.226641,0.327376	0
16:11:00	0.672531,2.226635,0.327373	0.794574,2.322646,0.404546	0.000000,0.000000,0.000000	0.672531,2.226635,0.327373	0
16:11:00	0.672470,2.226610,0.327286	0.794582,2.322631,0.404551	0.000000,0.000000,0.000000	0.672470,2.226610,0.327286	0
16:11:00	0.672520,2.226638,0.327379	0.794522,2.322590,0.404474	0.000000,0.000000,0.000000	0.672520,2.226638,0.327379	0
16:11:00	0.672468,2.226600,0.327306	0.794520,2.322593,0.404474	0.000000,0.000000,0.000000	0.672468,2.226600,0.327306	0
16:11:00	0.672533,2.226645,0.327381	0.794578,2.322644,0.404559	0.000000,0.000000,0.000000	0.672533,2.226645,0.327381	0
16:11:00	0.672477,2.226600,0.327289	0.794524,2.322595,0.404470	0.000000,0.000000,0.000000	0.672477,2.226600,0.327289	0
16:11:00	0.672479,2.226601,0.327301	0.794526,2.322597,0.404481	0.000000,0.000000,0.000000	0.672479,2.226601,0.327301	0
16:11:00	0.672523,2.226649,0.327387	0.794572,2.322645,0.404559	0.000000,0.000000,0.000000	0.672523,2.226649,0.327387	0
16:11:00	0.672472,2.226597,0.327278	0.794576,2.322639,0.404546	0.000000,0.000000,0.000000	0.672472,2.226597,0.327278	0
16:11:01	0.672480,2.226596,0.327290	0.794513,2.322602,0.404473	0.000000,0.000000,0.000000	0.672480,2.226596,0.327290	0
16:11:01	0.672473,2.226598,0.327299	0.794523,2.322603,0.404465	0.000000,0.000000,0.000000	0.672473,2.226598,0.327299	0
16:11:01	0.672532,2.226647,0.327373	0.794509,2.322589,0.404479	0.000000,0.000000,0.000000	0.672532,2.226647,0.327373	0
16:11:01	0.672524,2.226650,0.327382	0.794574,2.322652,0.404557	0.000000,0.000000,0.000000	0.672524,2.226650,0.327382	0
16:11:01	0.672526,2.226642,0.327385	0.794527,2.322599,0.404485	0.000000,0.000000,0.000000	0.672526,2.226642,0.327385	0
16:11:01	0.672468,2.226594,0.327273	0.794577,2.322637,0.404543	0.000000,0.000000,0.000000	0.672468,2.226594,0.327273	0
16:11:01	0.672482,2.226595,0.327293	0.794532,2.322581,0.404463	0.000000,0.000000,0.000000	0.672482,2.226595,0.327293	0
16:11:01	0.672473,2.226604,0.327294	0.794521,2.322600,0.404475	0.000000,0.000000,0.000000	0.672473,2.226604,0.327294	0
16:11:01	0.672487,2.226601,0.327282	0.794530,2.322595,0.404463	0.000000,0.000000,0.000000	0.672487,2.226601,0.327282	0
16:11:01	0.672535,2.226638,0.327369	0.794586,2.322638,0.404547	0.000000,0.000000,0.000000	0.672535,2.226638,0.327369	0
16:11:02	0.672532,2.226633,0.327366	0.794584,2.322638,0.404545	0.000000,0.000000,0.000000	0.672532,2.226633,0.327366	0
16:11:02	0.672492,2.226600,0.327295	0.794575,2.322641,0.404556	0.000000,0.000000,0.000000	0.672492,2.226600,0.327295	0
16:11:02	0.672489,2.226605,0.327281	0.795804,2.319242,0.412891	0.000000,0.000000,0.000000	0.672489,2.226605,0.327281	0
16:11:02	0.672474,2.226597,0.327289	0.795744,2.319203,0.412812	0.000000,0.000000,0.000000	0.672474,2.226597,0.327289	0
16:11:02	0.672523,2.226651,0.327376	0.795798,2.319251,0.412893	0.000000,0.000000,0.000000	0.672523,2.226651,0.327376	0
16:11:02	0.672531,2.226652,0.327380	0.795798,2.319243,0.412900	0.000000,0.000000,0.000000	0.672531,2.226652,0.327380	0
16:11:02	0.672481,2.226599,0.327290	0.795798,2.319243,0.412900	0.000000,0.000000,0.000000	0.672481,2.226599,0.327290	0
16:11:02	0.672484,2.226601,0.327292	0.795779,2.319168,0.412892	0.000000,0.000000,0.000000	0.672484,2.226601,0.327292	0
16:11:02	0.672531,2.226642,0.327374	0.795764,2.319209,0.412814	0.000000,0.000000,0.000000	0.672531,2.226642,0.327374	0
16:11:02	0.672535,2.226645,0.327374	0.795802,2.319255,0.412891	0.000000,0.000000,0.000000	0.672535,2.226645,0.327374	0
16:11:03	0.672487,2.226604,0.327287	0.795801,2.319255,0.412898	0.000000,0.000000,0.000000	0.672487,2.226604,0.327287	0
16:11:03	0.672483,2.226605,0.327286	0.795808,2.319242,0.412889	0.000000,0.000000,0.000000	0.672483,2.226605,0.327286	0
16:11:03	0.672530,2.226641,0.327384	0.795802,2.319247,0.412899	0.000000,0.000000,0.000000	0.672530,2.226641,0.327384	0
16:11:03	0.672531,2.226638,0.327379	0.797633,2.312876,0.427629	0.000000,0.000000,0.000000	0.672531,2.226638,0.327379	0
16:11:03	0.672469,2.226601,0.327299	0.797625,2.312878,0.427624	0.000000,0.000000,0.000000	0.672469,2.226601,0.327299	0
16:11:03	0.672531,2.226640,0.327386	0.797583,2.312848,0.427555	0.000000,0.000000,0.000000	0.672531,2.226640,0.327386	0
16:11:03	0.672486,2.226605,0.327298	0.797587,2.312843,0.427554	0.000000,0.000000,0.000000	0.672486,2.226605,0.327298	0
16:11:03	0.672471,2.226604,0.327285	0.797587,2.312843,0.427554	0.000000,0.000000,0.000000	0.672471,2.226604,0.327285	0
16:11:03	0.672475,2.226592,0.327280	0.828803,2.334356,0.452949	0.000000,0.000000,0.000000	0.672475,2.226592,0.327280	0
16:11:03	0.672527,2.226651,0.327371	0.828857,2.334415,0.453033	0.000000,0.000000,0.000000	0.672527,2.226651,0.327371	0
16:11:04	0.672536,2.226650,0.327379	0.828866,2.334414,0.453040	0.000000,0.000000,0.000000	0.672536,2.226650,0.327379	0
16:11:04	0.672472,2.226604,0.327303	0.828807,2.334367,0.452970	0.000000,0.000000,0.000000	0.672472,2.226604,0.327303	0
16:11:04	0.672472,2.226597,0.327279	0.828867,2.334411,0.453029	0.000000,0.000000,0.000000	0.672472,2.226597,0.327279	0
16:11:04	0.672476,2.226603,0.327298	0.829512,2.332597,0.455908	0.000000,0.000000,0.000000	0.672476,2.226603,0.327298	0
16:11:04	0.672477,2.226605,0.327292	0.829504,2.332601,0.455909	0.000000,0.000000,0.000000	0.672477,2.226605,0.327292	0
16:11:04	0.672485,2.226596,0.327294	0.829501,2.332604,0.455919	0.000000,0.000000,0.000000	0.672485,2.226596,0.327294	0
16:11:04	0.672521,2.226638,0.327372	0.829512,2.332592,0.455904	0.000000,0.000000,0.000000	0.672521,2.226638,0.327372	0
16:11:04	0.672471,2.226597,0.327289	0.829454,2.332549,0.455831	0.000000,0.000000,0.000000	0.672471,2.226597,0.327289	0
16:11:04	0.672466,2.226610,0.327292	0.829505,2.332606,0.455897	0.000000,0.000000,0.000000	0.672466,2.226610,0.327292	0
16:11:04	0.672481,2.226600,0.327294	0.829463,2.332553,0.455831	0.000000,0.000000,0.000000	0.672481,2.226600,0.327294	0
16:11:05	0.672551,2.226646,0.327370	0.829535,2.332599,0.455902	0.000000,0.000000,0.000000	0.672551,2.226646,0.327370	0
16:11:05	0.672633,2.226576,0.327200	0.829614,2.332526,0.455750	0.000000,0.000000,0.000000	0.672633,2.226576,0.327200	0
16:11:05	0.672634,2.226566,0.327192	0.829611,2.332523,0.455745	0.000000,0.000000,0.000000	0.672634,2.226566,0.327192	0
16:11:05	0.672749,2.226469,0.327109	0.831935,2.329988,0.452706	0.000000,0.000000,0.000000	0.672749,2.226469,0.327109	0
16:11:05	0.672447,2.226626,0.327420	0.831648,2.330134,0.452978	0.000000,0.000000,0.000000	0.672447,2.226626,0.327420	0
16:11:05	0.672510,2.226652,0.327628	0.831713,2.330162,0.453167	0.000000,0.000000,0.000000	0.672510,2.226652,0.327628	0
16:11:05	0.672527,2.226651,0.327374	0.831726,2.330159,0.452940	0.000000,0.000000,0.000000	0.672527,2.226651,0.327374	0
16:11:05	0.672530,2.226646,0.327363	0.831728,2.330154,0.452930	0.000000,0.000000,0.000000	0.672530,2.226646,0.327363	0
16:11:05	0.672532,2.226654,0.327384	0.831731,2.330162,0.452949	0.000000,0.000000,0.000000	0.672532,2.226654,0.327384	0
16:11:05	0.672517,2.226649,0.327375	0.831717,2.330157,0.452940	0.000000,0.000000,0.000000	0.672517,2.226649,0.327375	0
16:11:06	0.672482,2.226600,0.327290	0.831680,2.330109,0.452863	0.000000,0.000000,0.000000	0.672482,2.226600,0.327290	0
16:11:06	0.672470,2.226600,0.327293	0.831668,2.330109,0.452864	0.000000,0.000000,0.000000	0.672470,2.226600,0.327293	0
16:11:06	0.672538,2.226645,0.327375	0.831673,2.330103,0.452857	0.000000,0.000000,0.000000	0.672538,2.226645,0.327375	0
16:11:06	0.672476,2.226592,0.327301	0.831732,2.330153,0.452957	0.000000,0.000000,0.000000	0.672476,2.226592,0.327301	0
16:11:06	0.672477,2.226600,0.327292	0.831675,2.330109,0.452864	0.000000,0.000000,0.000000	0.672477,2.226600,0.327292	0
16:11:06	0.672479,2.226599,0.327289	0.831721,2.330156,0.452940	0.000000,0.000000,0.000000	0.672479,2.226599,0.327289	0
16:11:06	0.672528,2.226646,0.327374	0.831670,2.330108,0.452858	0.000000,0.000000,0.000000	0.672528,2.226646,0.327374	0
16:11:06	0.672473,2.226603,0.327293	0.831674,2.330112,0.452871	0.000000,0.000000,0.000000	0.672473,2.226603,0.327293	0
16:11:06	0.672471,2.226603,0.327284	0.831668,2.330113,0.452861	0.000000,0.000000,0.000000	0.672471,2.226603,0.327284	0
16:11:06	0.672481,2.226597,0.327297	0.831668,2.330104,0.452862	0.000000,0.000000,0.000000	0.672481,2.226597,0.327297	0
16:11:07	0.672528,2.226641,0.327379	0.831666,2.330109,0.452868	0.000000,0.000000,0.000000	0.672528,2.226641,0.327379	0
16:11:07	0.672526,2.226640,0.327370	0.831719,2.330156,0.452946	0.000000,0.000000,0.000000	0.672526,2.226640,0.327370	0
16:11:07	0.672525,2.226640,0.327379	0.831674,2.330103,0.452864	0.000000,0.000000,0.000000	0.672525,2.226640,0.327379	0
16:11:07	0.672529,2.226644,0.327374	0.831645,2.330016,0.452859	0.000000,0.000000,0.000000	0.672529,2.226644,0.327374	0
16:11:07	0.672470,2.226604,0.327298	0.831668,2.330112,0.452869	0.000000,0.000000,0.000000	0.672470,2.226604,0.327298	0
16:11:07	0.672463,2.226595,0.327545	0.831673,2.330106,0.452868	0.000000,0.000000,0.000000	0.672463,2.226595,0.327545	0
16:11:07	0.672449,2.226578,0.327565	0.831651,2.330089,0.453108	0.000000,0.000000,0.000000	0.672449,2.226578,0.327565	0
16:11:07	0.672473,2.226600,0.327286	0.831670,2.330108,0.452859	0.000000,0.000000,0.000000	0.672473,2.226600,0.327286	0
16:11:07	0.672532,2.226633,0.327386	0.831664,2.330110,0.452867	0.000000,0.000000,0.000000	0.672532,2.226633,0.327386	0
16:11:07	0.672485,2.226597,0.327307	0.831724,2.330158,0.452946	0.000000,0.000000,0.000000	0.672485,2.226597,0.327307	0
16:11:08	0.672523,2.226630,0.327379	0.831677,2.330114,0.452883	0.000000,0.000000,0.000000	0.672523,2.226630,0.327379	0
16:11:08	0.672459,2.226604,0.327291	0.831669,2.330114,0.452863	0.000000,0.000000,0.000000	0.672459,2.226604,0.327291	0
16:11:08	0.672530,2.226639,0.327371	0.831729,2.330148,0.452937	0.000000,0.000000,0.000000	0.672530,2.226639,0.327371	0
16:11:08	0.672523,2.226635,0.327382	0.831737,2.330142,0.452939	0.000000,0.000000,0.000000	0.672523,2.226635,0.327382	0
16:11:08	0.672468,2.226596,0.327296	0.831666,2.330104,0.452868	0.000000,0.000000,0.000000	0.672468,2.226596,0.327296	0
16:11:08	0.672483,2.226605,0.327283	0.831665,2.330113,0.452864	0.000000,0.000000,0.000000	0.672483,2.226605,0.327283	0
16:11:08	0.672477,2.226601,0.327286	0.831734,2.330152,0.452947	0.000000,0.000000,0.000000	0.672477,2.226601,0.327286	0
16:11:08	0.672472,2.226599,0.327290	0.831731,2.330155,0.452943	0.000000,0.000000,0.000000	0.672472,2.226599,0.327290	0
16:11:08	0.672527,2.226640,0.327381	0.831726,2.330148,0.452946	0.000000,0.000000,0.000000	0.672527,2.226640,0.327381	0
16:11:08	0.672522,2.226646,0.327378	0.831722,2.330142,0.452942	0.000000,0.000000,0.000000	0.672522,2.226646,0.327378	0
16:11:09	0.672526,2.226648,0.327373	0.831666,2.330105,0.452859	0.000000,0.000000,0.000000	0.672526,2.226648,0.327373	0
16:11:09	0.672531,2.226644,0.327386	0.831730,2.330152,0.452951	0.000000,0.000000,0.000000	0.672531,2.226644,0.327386	0
16:11:09	0.672477,2.226594,0.327287	0.831675,2.330103,0.452859	0.000000,0.000000,0.000000	0.672477,2.226594,0.327287	0
16:11:09	0.672471,2.226602,0.327305	0.831663,2.330106,0.452864	0.000000,0.000000,0.000000	0.672471,2.226602,0.327305	0
16:11:09	0.672522,2.226646,0.327388	0.831722,2.330145,0.452953	0.000000,0.000000,0.000000	0.672522,2.226646,0.327388	0
16:11:09	0.672514,2.226641,0.327381	0.831729,2.330146,0.452953	0.000000,0.000000,0.000000	0.672514,2.226641,0.327381	0
16:11:09	0.672475,2.226594,0.327289	0.831677,2.330118,0.452861	0.000000,0.000000,0.000000	0.672475,2.226594,0.327289	0
16:11:09	0.672472,2.226596,0.327288	0.831670,2.330104,0.452861	0.000000,0.000000,0.000000	0.672472,2.226596,0.327288	0
16:11:09	0.672530,2.226641,0.327371	0.831729,2.330150,0.452937	0.000000,0.000000,0.000000	0.672530,2.226641,0.327371	0
16:11:09	0.672474,2.226612,0.327299	0.831666,2.330111,0.452860	0.000000,0.000000,0.000000	0.672474,2.226612,0.327299	0
16:11:10	0.672476,2.226600,0.327299	0.831674,2.330108,0.452871	0.000000,0.000000,0.000000	0.672476,2.226600,0.327299	0
16:11:10	0.672524,2.226642,0.327381	0.831719,2.330149,0.452943	0.000000,0.000000,0.000000	0.672524,2.226642,0.327381	0
16:11:10	0.672521,2.226648,0.327378	0.831676,2.330111,0.452862	0.000000,0.000000,0.000000	0.672521,2.226648,0.327378	0
16:11:10	0.672495,2.226559,0.327378	0.831726,2.330156,0.452943	0.000000,0.000000,0.000000	0.672495,2.226559,0.327378	0
16:11:10	0.672482,2.226599,0.327287	0.831723,2.330158,0.452946	0.000000,0.000000,0.000000	0.672482,2.226599,0.327287	0
16:11:10	0.672470,2.226603,0.327290	0.831729,2.330154,0.452943	0.000000,0.000000,0.000000	0.672470,2.226603,0.327290	0
16:11:10	0.672481,2.226600,0.327292	0.831727,2.330155,0.452946	0.000000,0.000000,0.000000	0.672481,2.226600,0.327292	0
16:11:10	0.672447,2.226506,0.327290	0.831643,2.330017,0.452859	0.000000,0.000000,0.000000	0.672447,2.226506,0.327290	0
16:11:10	0.672469,2.226603,0.327295	0.831668,2.330111,0.452866	0.000000,0.000000,0.000000	0.672469,2.226603,0.327295	0
16:11:10	0.672519,2.226644,0.327379	0.831675,2.330108,0.452858	0.000000,0.000000,0.000000	0.672519,2.226644,0.327379	0
16:11:11	0.672479,2.226597,0.327288	0.831677,2.330105,0.452861	0.000000,0.000000,0.000000	0.672479,2.226597,0.327288	0
16:11:11	0.672479,2.226599,0.327285	0.831676,2.330107,0.452858	0.000000,0.000000,0.000000	0.672479,2.226599,0.327285	0
16:11:11	0.672536,2.226647,0.327376	0.831673,2.330113,0.452864	0.000000,0.000000,0.000000	0.672536,2.226647,0.327376	0
16:11:11	0.672523,2.226646,0.327372	0.831724,2.330155,0.452945	0.000000,0.000000,0.000000	0.672523,2.226646,0.327372	0
16:11:11	0.672467,2.226603,0.327294	0.831665,2.330115,0.452866	0.000000,0.000000,0.000000	0.672467,2.226603,0.327294	0
16:11:11	0.672439,2.226507,0.327292	0.831663,2.330106,0.452860	0.000000,0.000000,0.000000	0.672439,2.226507,0.327292	0
16:11:11	0.672531,2.226650,0.327376	0.831725,2.330142,0.452948	0.000000,0.000000,0.000000	0.672531,2.226650,0.327376	0
16:11:11	0.672522,2.226639,0.327370	0.831721,2.330147,0.452936	0.000000,0.000000,0.000000	0.672522,2.226639,0.327370	0
16:11:11	0.672466,2.226604,0.327292	0.831665,2.330108,0.452861	0.000000,0.000000,0.000000	0.672466,2.226604,0.327292	0
16:11:11	0.672473,2.226613,0.327289	0.831671,2.330107,0.452867	0.000000,0.000000,0.000000	0.672473,2.226613,0.327289	0
16:11:12	0.672473,2.226605,0.327291	0.831671,2.330113,0.452863	0.000000,0.000000,0.000000	0.672473,2.226605,0.327291	0
16:11:12	0.672476,2.226600,0.327297	0.831674,2.330108,0.452868	0.000000,0.000000,0.000000	0.672476,2.226600,0.327297	0
16:11:12	0.672521,2.226648,0.327381	0.831720,2.330156,0.452946	0.000000,0.000000,0.000000	0.672521,2.226648,0.327381	0
16:11:12	0.672471,2.226602,0.327288	0.831732,2.330146,0.452940	0.000000,0.000000,0.000000	0.672471,2.226602,0.327288	0
16:11:12	0.672535,2.226649,0.327370	0.831674,2.330116,0.452867	0.000000,0.000000,0.000000	0.672535,2.226649,0.327370	0
16:11:12	0.672477,2.226603,0.327290	0.831723,2.330151,0.452943	0.000000,0.000000,0.000000	0.672477,2.226603,0.327290	0
16:11:12	0.672472,2.226606,0.327296	0.831671,2.330114,0.452868	0.000000,0.000000,0.000000	0.672472,2.226606,0.327296	0
16:11:12	0.672529,2.226638,0.327380	0.831728,2.330146,0.452945	0.000000,0.000000,0.000000	0.672529,2.226638,0.327380	0
16:11:12	0.672531,2.226642,0.327376	0.831734,2.330152,0.452943	0.000000,0.000000,0.000000	0.672531,2.226642,0.327376	0
16:11:12	0.672468,2.226602,0.327288	0.831674,2.330105,0.452876	0.000000,0.000000,0.000000	0.672468,2.226602,0.327288	0
16:11:13	0.672525,2.226644,0.327377	0.831676,2.330108,0.452867	0.000000,0.000000,0.000000	0.672525,2.226644,0.327377	0
16:11:13	0.672468,2.226600,0.327296	0.831675,2.330109,0.452865	0.000000,0.000000,0.000000	0.672468,2.226600,0.327296	0
16:11:13	0.672482,2.226599,0.327293	0.831677,2.330111,0.452868	0.000000,0.000000,0.000000	0.672482,2.226599,0.327293	0
16:11:13	0.672473,2.226588,0.327286	0.831671,2.330097,0.452858	0.000000,0.000000,0.000000	0.672473,2.226588,0.327286	0
16:11:13	0.672445,2.226510,0.327287	0.831671,2.330109,0.452860	0.000000,0.000000,0.000000	0.672445,2.226510,0.327287	0
16:11:13	0.672474,2.226610,0.327296	0.831724,2.330155,0.452938	0.000000,0.000000,0.000000	0.672474,2.226610,0.327296	0
16:11:13	0.672474,2.226607,0.327295	0.831673,2.330118,0.452867	0.000000,0.000000,0.000000	0.672474,2.226607,0.327295	0
16:11:13	0.672522,2.226645,0.327378	0.831731,2.330150,0.452936	0.000000,0.000000,0.000000	0.672522,2.226645,0.327378	0
16:11:13	0.672468,2.226607,0.327289	0.831663,2.330116,0.452860	0.000000,0.000000,0.000000	0.672468,2.226607,0.327289	0
16:11:13	0.672476,2.226610,0.327288	0.831674,2.330118,0.452861	0.000000,0.000000,0.000000	0.672476,2.226610,0.327288	0
16:11:14	0.672527,2.226654,0.327385	0.831677,2.330112,0.452872	0.000000,0.000000,0.000000	0.672527,2.226654,0.327385	0
16:11:14	0.672471,2.226600,0.327296	0.831729,2.330156,0.452946	0.000000,0.000000,0.000000	0.672471,2.226600,0.327296	0
16:11:14	0.672472,2.226603,0.327299	0.831670,2.330111,0.452870	0.000000,0.000000,0.000000	0.672472,2.226603,0.327299	0
16:11:14	0.672507,2.226554,0.327364	0.831724,2.330147,0.452936	0.000000,0.000000,0.000000	0.672507,2.226554,0.327364	0
16:11:14	0.672485,2.226602,0.327296	0.831666,2.330113,0.452860	0.000000,0.000000,0.000000	0.672485,2.226602,0.327296	0
16:11:14	0.672481,2.226602,0.327287	0.831679,2.330111,0.452859	0.000000,0.000000,0.000000	0.672481,2.226602,0.327287	0
16:11:14	0.672605,2.226596,0.327334	0.831801,2.330108,0.452906	0.000000,0.000000,0.000000	0.672605,2.226596,0.327334	0
16:11:14	0.672706,2.226586,0.327272	0.831899,2.330100,0.452852	0.000000,0.000000,0.000000	0.672706,2.226586,0.327272	0
16:11:14	0.672513,2.226550,0.327229	0.831708,2.330060,0.452807	0.000000,0.000000,0.000000	0.672513,2.226550,0.327229	0
16:11:14	0.672406,2.226696,0.327539	0.831647,2.330125,0.453083	0.000000,0.000000,0.000000	0.672406,2.226696,0.327539	0
16:11:15	0.672478,2.226604,0.327290	0.831676,2.330112,0.452863	0.000000,0.000000,0.000000	0.672478,2.226604,0.327290	0
16:11:15	0.672488,2.226599,0.327281	0.831685,2.330107,0.452855	0.000000,0.000000,0.000000	0.672488,2.226599,0.327281	0
16:11:15	0.672480,2.226602,0.327288	0.831680,2.330110,0.452857	0.000000,0.000000,0.000000	0.672480,2.226602,0.327288	0
16:11:15	0.672533,2.226648,0.327362	0.831728,2.330165,0.452948	0.000000,0.000000,0.000000	0.672533,2.226648,0.327362	0
16:11:15	0.672529,2.226636,0.327372	0.831673,2.330111,0.452860	0.000000,0.000000,0.000000	0.672529,2.226636,0.327372	0
16:11:15	0.672532,2.226652,0.327371	0.831670,2.330102,0.452873	0.000000,0.000000,0.000000	0.672532,2.226652,0.327371	0
16:11:15	0.672529,2.226647,0.327375	0.831729,2.330151,0.452937	0.000000,0.000000,0.000000	0.672529,2.226647,0.327375	0
16:11:15	0.672482,2.226598,0.327281	0.831679,2.330106,0.452854	0.000000,0.000000,0.000000	0.672482,2.226598,0.327281	0
16:11:15	0.672532,2.226648,0.327371	0.831675,2.330113,0.452859	0.000000,0.000000,0.000000	0.672532,2.226648,0.327371	0
16:11:15	0.672536,2.226640,0.327372	0.831682,2.330110,0.452864	0.000000,0.000000,0.000000	0.672536,2.226640,0.327372	0
16:11:16	0.672505,2.226545,0.327370	0.831669,2.330122,0.452869	0.000000,0.000000,0.000000	0.672505,2.226545,0.327370	0
16:11:16	0.672480,2.226596,0.327293	0.831669,2.330122,0.452869	0.000000,0.000000,0.000000	0.672480,2.226596,0.327293	0
16:11:16	0.672534,2.226653,0.327371	0.831733,2.330161,0.452938	0.000000,0.000000,0.000000	0.672534,2.226653,0.327371	0
16:11:16	0.672528,2.226637,0.327371	0.831726,2.330146,0.452937	0.000000,0.000000,0.000000	0.672528,2.226637,0.327371	0
16:11:16	0.672474,2.226601,0.327277	0.831727,2.330161,0.452936	0.000000,0.000000,0.000000	0.672474,2.226601,0.327277	0
16:11:16	0.672467,2.226608,0.327279	0.831665,2.330116,0.452852	0.000000,0.000000,0.000000	0.672467,2.226608,0.327279	0
16:11:16	0.672480,2.226601,0.327280	0.831665,2.330116,0.452852	0.000000,0.000000,0.000000	0.672480,2.226601,0.327280	0
16:11:16	0.672488,2.226594,0.327281	0.831686,2.330103,0.452855	0.000000,0.000000,0.000000	0.672488,2.226594,0.327281	0
16:11:16	0.672481,2.226604,0.327287	0.831676,2.330115,0.452864	0.000000,0.000000,0.000000	0.672481,2.226604,0.327287	0
16:11:16	0.672537,2.226644,0.327361	0.831673,2.330109,0.452861	0.000000,0.000000,0.000000	0.672537,2.226644,0.327361	0
16:11:17	0.672525,2.226640,0.327374	0.831676,2.330109,0.452860	0.000000,0.000000,0.000000	0.672525,2.226640,0.327374	0
16:11:17	0.672537,2.226642,0.327370	0.831684,2.330108,0.452862	0.000000,0.000000,0.000000	0.672537,2.226642,0.327370	0
16:11:17	0.672482,2.226604,0.327281	0.831684,2.330108,0.452862	0.000000,0.000000,0.000000	0.672482,2.226604,0.327281	0
16:11:17	0.672525,2.226638,0.327554	0.831726,2.330148,0.453100	0.000000,0.000000,0.000000	0.672525,2.226638,0.327554	0
16:11:17	0.672648,2.226549,0.327190	0.831840,2.330062,0.452777	0.000000,0.000000,0.000000	0.672648,2.226549,0.327190	0
16:11:17	0.672674,2.226635,0.327211	0.831868,2.330146,0.452798	0.000000,0.000000,0.000000	0.672674,2.226635,0.327211	0
16:11:17	0.672658,2.226502,0.327273	0.831849,2.330019,0.452851	0.000000,0.000000,0.000000	0.672658,2.226502,0.327273	0
16:11:17	0.672601,2.226475,0.327205	0.831883,2.330115,0.452855	0.000000,0.000000,0.000000	0.672601,2.226475,0.327205	0
16:11:17	0.672683,2.226590,0.327284	0.831818,2.330067,0.452791	0.000000,0.000000,0.000000	0.672683,2.226590,0.327284	0
16:11:17	0.672688,2.226603,0.327284	0.831804,2.330083,0.453025	0.000000,0.000000,0.000000	0.672688,2.226603,0.327284	0
16:11:18	0.672519,2.226652,0.327374	0.831635,2.330116,0.452872	0.000000,0.000000,0.000000	0.672519,2.226652,0.327374	0
16:11:18	0.672468,2.226599,0.327279	0.831666,2.330107,0.452852	0.000000,0.000000,0.000000	0.672468,2.226599,0.327279	0
16:11:18	0.672529,2.226644,0.327370	0.831739,2.330148,0.452937	0.000000,0.000000,0.000000	0.672529,2.226644,0.327370	0
16:11:18	0.672481,2.226606,0.327287	0.831679,2.330114,0.452860	0.000000,0.000000,0.000000	0.672481,2.226606,0.327287	0
16:11:18	0.672476,2.226601,0.327296	0.831679,2.330114,0.452860	0.000000,0.000000,0.000000	0.672476,2.226601,0.327296	0
16:11:18	0.672527,2.226637,0.327372	0.831719,2.330153,0.452937	0.000000,0.000000,0.000000	0.672527,2.226637,0.327372	0
16:11:18	0.672479,2.226603,0.327296	0.831669,2.330114,0.452857	0.000000,0.000000,0.000000	0.672479,2.226603,0.327296	0
16:11:18	0.672476,2.226601,0.327286	0.831674,2.330109,0.452859	0.000000,0.000000,0.000000	0.672476,2.226601,0.327286	0
16:11:18	0.672526,2.226652,0.327376	0.831725,2.330160,0.452941	0.000000,0.000000,0.000000	0.672526,2.226652,0.327376	0
16:11:18	0.672480,2.226612,0.327289	0.831678,2.330120,0.452862	0.000000,0.000000,0.000000	0.672480,2.226612,0.327289	0
16:11:19	0.672474,2.226605,0.327285	0.831676,2.330104,0.452856	0.000000,0.000000,0.000000	0.672474,2.226605,0.327285	0
16:11:19	0.672480,2.226597,0.327287	0.831678,2.330105,0.452860	0.000000,0.000000,0.000000	0.672480,2.226597,0.327287	0
16:11:19	0.672477,2.226602,0.327305	0.831675,2.330110,0.452875	0.000000,0.000000,0.000000	0.672477,2.226602,0.327305	0
16:11:19	0.672475,2.226611,0.327284	0.831673,2.330119,0.452857	0.000000,0.000000,0.000000	0.672475,2.226611,0.327284	0
16:11:19	0.672525,2.226646,0.327361	0.831724,2.330155,0.452928	0.000000,0.000000,0.000000	0.672525,2.226646,0.327361	0
16:11:19	0.672473,2.226606,0.327287	0.831670,2.330114,0.452859	0.000000,0.000000,0.000000	0.672473,2.226606,0.327287	0
16:11:19	0.672471,2.226605,0.327295	0.831670,2.330114,0.452859	0.000000,0.000000,0.000000	0.672471,2.226605,0.327295	0
16:11:19	0.672469,2.226604,0.327288	0.831667,2.330112,0.452861	0.000000,0.000000,0.000000	0.672469,2.226604,0.327288	0
16:11:19	0.672533,2.226645,0.327370	0.831676,2.330110,0.452855	0.000000,0.000000,0.000000	0.672533,2.226645,0.327370	0
16:11:19	0.672477,2.226604,0.327282	0.831648,2.330011,0.452852	0.000000,0.000000,0.000000	0.672477,2.226604,0.327282	0
16:11:20	0.672531,2.226643,0.327374	0.831670,2.330110,0.452862	0.000000,0.000000,0.000000	0.672531,2.226643,0.327374	0
16:11:20	0.672534,2.226642,0.327369	0.831666,2.330109,0.452864	0.000000,0.000000,0.000000	0.672534,2.226642,0.327369	0
16:11:20	0.672476,2.226595,0.327278	0.831676,2.330114,0.452850	0.000000,0.000000,0.000000	0.672476,2.226595,0.327278	0
16:11:20	0.672472,2.226597,0.327287	0.831670,2.330106,0.452859	0.000000,0.000000,0.000000	0.672472,2.226597,0.327287	0
16:11:20	0.672473,2.226598,0.327285	0.831671,2.330107,0.452858	0.000000,0.000000,0.000000	0.672473,2.226598,0.327285	0
16:11:20	0.672466,2.226607,0.327286	0.831664,2.330115,0.452859	0.000000,0.000000,0.000000	0.672466,2.226607,0.327286	0
16:11:20	0.672486,2.226600,0.327280	0.831683,2.330109,0.452854	0.000000,0.000000,0.000000	0.672486,2.226600,0.327280	0
16:11:20	0.672522,2.226643,0.327373	0.831679,2.330117,0.452864	0.000000,0.000000,0.000000	0.672522,2.226643,0.327373	0
16:11:20	0.672526,2.226652,0.327374	0.831725,2.330160,0.452940	0.000000,0.000000,0.000000	0.672526,2.226652,0.327374	0
16:11:20	0.672477,2.226607,0.327279	0.831675,2.330115,0.452853	0.000000,0.000000,0.000000	0.672477,2.226607,0.327279	0
16:11:21	0.672526,2.226645,0.327368	0.831725,2.330153,0.452934	0.000000,0.000000,0.000000	0.672526,2.226645,0.327368	0
16:11:21	0.672470,2.226598,0.327287	0.831668,2.330106,0.452859	0.000000,0.000000,0.000000	0.672470,2.226598,0.327287	0
16:11:21	0.672482,2.226605,0.327275	0.831679,2.330113,0.452849	0.000000,0.000000,0.000000	0.672482,2.226605,0.327275	0
16:11:21	0.672476,2.226599,0.327266	0.831673,2.330107,0.452841	0.000000,0.000000,0.000000	0.672476,2.226599,0.327266	0
16:11:21	0.672475,2.226604,0.327275	0.831673,2.330112,0.452849	0.000000,0.000000,0.000000	0.672475,2.226604,0.327275	0
16:11:21	0.672475,2.226599,0.327283	0.831672,2.330107,0.452856	0.000000,0.000000,0.000000	0.672475,2.226599,0.327283	0
16:11:21	0.672471,2.226602,0.327279	0.831669,2.330104,0.452854	0.000000,0.000000,0.000000	0.672471,2.226602,0.327279	0
16:11:21	0.672500,2.226557,0.327372	0.831697,2.330069,0.452936	0.000000,0.000000,0.000000	0.672500,2.226557,0.327372	0
16:11:21	0.672472,2.226604,0.327290	0.831670,2.330112,0.452862	0.000000,0.000000,0.000000	0.672472,2.226604,0.327290	0
16:11:21	0.672480,2.226599,0.327283	0.831671,2.330107,0.452871	0.000000,0.000000,0.000000	0.672480,2.226599,0.327283	0
16:11:22	0.672522,2.226640,0.327378	0.831721,2.330149,0.452943	0.000000,0.000000,0.000000	0.672522,2.226640,0.327378	0
16:11:22	0.672466,2.226603,0.327296	0.831658,2.330114,0.452858	0.000000,0.000000,0.000000	0.672466,2.226603,0.327296	0
16:11:22	0.672516,2.226641,0.327374	0.831715,2.330149,0.452939	0.000000,0.000000,0.000000	0.672516,2.226641,0.327374	0
16:11:22	0.672476,2.226606,0.327290	0.831674,2.330114,0.452862	0.000000,0.000000,0.000000	0.672476,2.226606,0.327290	0
16:11:22	0.672531,2.226640,0.327385	0.831728,2.330146,0.452933	0.000000,0.000000,0.000000	0.672531,2.226640,0.327385	0
16:11:22	0.672520,2.226641,0.327376	0.831720,2.330150,0.452941	0.000000,0.000000,0.000000	0.672520,2.226641,0.327376	0
16:11:22	0.672464,2.226604,0.327280	0.831662,2.330112,0.452853	0.000000,0.000000,0.000000	0.672464,2.226604,0.327280	0
16:11:22	0.672474,2.226603,0.327286	0.831672,2.330111,0.452858	0.000000,0.000000,0.000000	0.672474,2.226603,0.327286	0
16:11:22	0.672458,2.226623,0.327272	0.831693,2.330065,0.452936	0.000000,0.000000,0.000000	0.672458,2.226623,0.327272	0
16:11:22	0.672519,2.226639,0.327375	0.831718,2.330147,0.452940	0.000000,0.000000,0.000000	0.672519,2.226639,0.327375	0
16:11:23	0.672434,2.226517,0.327269	0.831630,2.330028,0.452840	0.000000,0.000000,0.000000	0.672434,2.226517,0.327269	0
16:11:23	0.672457,2.226613,0.327288	0.831646,2.330111,0.452853	0.000000,0.000000,0.000000	0.672457,2.226613,0.327288	0
16:11:23	0.672469,2.226599,0.327306	0.831667,2.330107,0.452876	0.000000,0.000000,0.000000	0.672469,2.226599,0.327306	0
16:11:23	0.672518,2.226644,0.327388	0.831713,2.330153,0.452939	0.000000,0.000000,0.000000	0.672518,2.226644,0.327388	0
16:11:23	0.672513,2.226655,0.327379	0.831660,2.330110,0.452851	0.000000,0.000000,0.000000	0.672513,2.226655,0.327379	0
16:11:23	0.672430,2.226518,0.327284	0.831667,2.330111,0.452861	0.000000,0.000000,0.000000	0.672430,2.226518,0.327284	0
16:11:23	0.672471,2.226605,0.327281	0.831669,2.330113,0.452854	0.000000,0.000000,0.000000	0.672471,2.226605,0.327281	0
16:11:23	0.672479,2.226595,0.327298	0.799865,2.309437,0.427483	0.000000,0.000000,0.000000	0.672479,2.226595,0.327298	0
16:11:23	0.672473,2.226603,0.327287	0.799867,2.309432,0.427492	0.000000,0.000000,0.000000	0.672473,2.226603,0.327287	0
16:11:23	0.672474,2.226610,0.327288	0.799915,2.309474,0.427570	0.000000,0.000000,0.000000	0.672474,2.226610,0.327288	0
16:11:24	0.672473,2.226603,0.327284	0.799916,2.309479,0.427570	0.000000,0.000000,0.000000	0.672473,2.226603,0.327284	0
16:11:24	0.672478,2.226605,0.327288	0.799833,2.309344,0.427488	0.000000,0.000000,0.000000	0.672478,2.226605,0.327288	0
16:11:24	0.672530,2.226634,0.327380	0.799866,2.309437,0.427495	0.000000,0.000000,0.000000	0.672530,2.226634,0.327380	0
16:11:24	0.672445,2.226512,0.327292	0.799866,2.309437,0.427491	0.000000,0.000000,0.000000	0.672445,2.226512,0.327292	0
16:11:24	0.672479,2.226609,0.327295	0.799872,2.309439,0.427500	0.000000,0.000000,0.000000	0.672479,2.226609,0.327295	0
16:11:24	0.672476,2.226596,0.327281	0.799928,2.309480,0.427578	0.000000,0.000000,0.000000	0.672476,2.226596,0.327281	0
16:11:24	0.672480,2.226597,0.327289	0.799852,2.309436,0.427486	0.000000,0.000000,0.000000	0.672480,2.226597,0.327289	0
16:11:24	0.672477,2.226603,0.327273	0.799933,2.309469,0.427579	0.000000,0.000000,0.000000	0.672477,2.226603,0.327273	0
16:11:24	0.672472,2.226598,0.327273	0.799865,2.309427,0.427480	0.000000,0.000000,0.000000	0.672472,2.226598,0.327273	0
16:11:24	0.672470,2.226598,0.327289	0.799863,2.309427,0.427494	0.000000,0.000000,0.000000	0.672470,2.226598,0.327289	0
16:11:25	0.672469,2.226605,0.327290	0.799863,2.309441,0.427499	0.000000,0.000000,0.000000	0.672469,2.226605,0.327290	0
16:11:25	0.672438,2.226513,0.327280	0.799926,2.309462,0.427559	0.000000,0.000000,0.000000	0.672438,2.226513,0.327280	0
16:11:25	0.672525,2.226641,0.327380	0.799919,2.309471,0.427579	0.000000,0.000000,0.000000	0.672525,2.226641,0.327380	0
16:11:25	0.672475,2.226600,0.327284	0.799872,2.309430,0.427491	0.000000,0.000000,0.000000	0.672475,2.226600,0.327284	0
16:11:25	0.672476,2.226602,0.327289	0.799869,2.309431,0.427494	0.000000,0.000000,0.000000	0.672476,2.226602,0.327289	0
16:11:25	0.672535,2.226644,0.327366	0.799929,2.309473,0.427567	0.000000,0.000000,0.000000	0.672535,2.226644,0.327366	0
16:11:25	0.672489,2.226592,0.327288	0.799857,2.309435,0.427496	0.000000,0.000000,0.000000	0.672489,2.226592,0.327288	0
16:11:25	0.672480,2.226611,0.327290	0.799872,2.309435,0.427495	0.000000,0.000000,0.000000	0.672480,2.226611,0.327290	0
16:11:25	0.672477,2.226600,0.327287	0.799864,2.309430,0.427499	0.000000,0.000000,0.000000	0.672477,2.226600,0.327287	0
16:11:25	0.672526,2.226652,0.327379	0.799875,2.309426,0.427480	0.000000,0.000000,0.000000	0.672526,2.226652,0.327379	0
16:11:26	0.672460,2.226615,0.327285	0.799927,2.309468,0.427578	0.000000,0.000000,0.000000	0.672460,2.226615,0.327285	0
16:11:26	0.672476,2.226598,0.327280	0.799869,2.309427,0.427486	0.000000,0.000000,0.000000	0.672476,2.226598,0.327280	0
16:11:26	0.672530,2.226642,0.327366	0.799880,2.309438,0.427486	0.000000,0.000000,0.000000	0.672530,2.226642,0.327366	0
16:11:26	0.672467,2.226606,0.327286	0.799865,2.309429,0.427486	0.000000,0.000000,0.000000	0.672467,2.226606,0.327286	0
16:11:26	0.672592,2.226630,0.327327	0.799867,2.309430,0.427476	0.000000,0.000000,0.000000	0.672592,2.226630,0.327327	0
16:11:26	0.672603,2.226574,0.327475	0.800078,2.309430,0.427497	0.000000,0.000000,0.000000	0.672603,2.226574,0.327475	0
16:11:26	0.672639,2.226552,0.327198	0.800037,2.309385,0.427419	0.000000,0.000000,0.000000	0.672639,2.226552,0.327198	0
16:11:26	0.672479,2.226706,0.327391	0.799862,2.309413,0.427489	0.000000,0.000000,0.000000	0.672479,2.226706,0.327391	0
16:11:26	0.672477,2.226590,0.327272	0.799870,2.309420,0.427478	0.000000,0.000000,0.000000	0.672477,2.226590,0.327272	0
16:11:26	0.672446,2.226499,0.327226	0.799880,2.309423,0.427446	0.000000,0.000000,0.000000	0.672446,2.226499,0.327226	0
16:11:27	0.672521,2.226619,0.327363	0.799880,2.309423,0.427446	0.000000,0.000000,0.000000	0.672521,2.226619,0.327363	0
16:11:27	0.672640,2.226570,0.327318	0.800030,2.309403,0.427524	0.000000,0.000000,0.000000	0.672640,2.226570,0.327318	0
16:11:27	0.672491,2.226665,0.327364	0.799886,2.309493,0.427564	0.000000,0.000000,0.000000	0.672491,2.226665,0.327364	0
16:11:27	0.672629,2.226573,0.327190	0.800018,2.309406,0.427407	0.000000,0.000000,0.000000	0.672629,2.226573,0.327190	0
16:11:27	0.672510,2.226646,0.327374	0.799904,2.309479,0.427571	0.000000,0.000000,0.000000	0.672510,2.226646,0.327374	0
16:11:27	0.672519,2.226649,0.327383	0.799856,2.309421,0.427493	0.000000,0.000000,0.000000	0.672519,2.226649,0.327383	0
16:11:27	0.672457,2.226600,0.327302	0.799851,2.309429,0.427505	0.000000,0.000000,0.000000	0.672457,2.226600,0.327302	0
16:11:27	0.672469,2.226604,0.327287	0.799856,2.309431,0.427482	0.000000,0.000000,0.000000	0.672469,2.226604,0.327287	0
16:11:27	0.672689,2.226600,0.327284	0.800079,2.309434,0.427495	0.000000,0.000000,0.000000	0.672689,2.226600,0.327284	0
16:11:27	0.672651,2.226578,0.327593	0.799993,2.309407,0.427654	0.000000,0.000000,0.000000	0.672651,2.226578,0.327593	0
16:11:28	0.672628,2.226564,0.327195	0.800073,2.309429,0.427490	0.000000,0.000000,0.000000	0.672628,2.226564,0.327195	0
16:11:28	0.672592,2.226470,0.327195	0.800004,2.309395,0.427414	0.000000,0.000000,0.000000	0.672592,2.226470,0.327195	0
16:11:28	0.672602,2.226621,0.327179	0.800005,2.309117,0.427122	0.000000,0.000000,0.000000	0.672602,2.226621,0.327179	0
16:11:28	0.672628,2.226253,0.326881	0.800012,2.309394,0.427347	0.000000,0.000000,0.000000	0.672628,2.226253,0.326881	0
16:11:28	0.672682,2.226596,0.327282	0.800071,2.309429,0.427493	0.000000,0.000000,0.000000	0.672682,2.226596,0.327282	0
16:11:28	0.672424,2.226515,0.327274	0.799803,2.309583,0.427574	0.000000,0.000000,0.000000	0.672424,2.226515,0.327274	0
16:11:28	0.672513,2.226519,0.327474	0.799803,2.309525,0.427546	0.000000,0.000000,0.000000	0.672513,2.226519,0.327474	0
16:11:28	0.672464,2.226602,0.327288	0.799918,2.309471,0.427575	0.000000,0.000000,0.000000	0.672464,2.226602,0.327288	0
16:11:28	0.672527,2.226644,0.327365	0.799924,2.309468,0.427570	0.000000,0.000000,0.000000	0.672527,2.226644,0.327365	0
16:11:28	0.672472,2.226602,0.327284	0.799866,2.309431,0.427489	0.000000,0.000000,0.000000	0.672472,2.226602,0.327284	0
16:11:29	0.672534,2.226641,0.327372	0.799928,2.309471,0.427572	0.000000,0.000000,0.000000	0.672534,2.226641,0.327372	0
16:11:29	0.672475,2.226606,0.327293	0.799869,2.309435,0.427498	0.000000,0.000000,0.000000	0.672475,2.226606,0.327293	0
16:11:29	0.672466,2.226608,0.327283	0.799862,2.309434,0.427486	0.000000,0.000000,0.000000	0.672466,2.226608,0.327283	0
16:11:29	0.672533,2.226641,0.327362	0.799872,2.309424,0.427491	0.000000,0.000000,0.000000	0.672533,2.226641,0.327362	0
16:11:29	0.672528,2.226644,0.327371	0.799922,2.309473,0.427571	0.000000,0.000000,0.000000	0.672528,2.226644,0.327371	0
16:11:29	0.672488,2.226599,0.327277	0.799881,2.309428,0.427484	0.000000,0.000000,0.000000	0.672488,2.226599,0.327277	0
16:11:29	0.672478,2.226593,0.327275	0.799860,2.309429,0.427492	0.000000,0.000000,0.000000	0.672478,2.226593,0.327275	0
16:11:29	0.672526,2.226639,0.327371	0.799867,2.309433,0.427491	0.000000,0.000000,0.000000	0.672526,2.226639,0.327371	0
16:11:29	0.672472,2.226603,0.327276	0.799865,2.309432,0.427482	0.000000,0.000000,0.000000	0.672472,2.226603,0.327276	0
16:11:29	0.672527,2.226657,0.327367	0.799921,2.309486,0.427567	0.000000,0.000000,0.000000	0.672527,2.226657,0.327367	0
16:11:30	0.672534,2.226637,0.327369	0.799917,2.309478,0.427577	0.000000,0.000000,0.000000	0.672534,2.226637,0.327369	0
16:11:30	0.672470,2.226598,0.327284	0.799863,2.309428,0.427490	0.000000,0.000000,0.000000	0.672470,2.226598,0.327284	0
16:11:30	0.672481,2.226593,0.327286	0.799873,2.309423,0.427491	0.000000,0.000000,0.000000	0.672481,2.226593,0.327286	0
16:11:30	0.672482,2.226606,0.327275	0.799875,2.309435,0.427482	0.000000,0.000000,0.000000	0.672482,2.226606,0.327275	0
16:11:30	0.672530,2.226647,0.327370	0.799870,2.309429,0.427481	0.000000,0.000000,0.000000	0.672530,2.226647,0.327370	0
16:11:30	0.672473,2.226606,0.327287	0.799870,2.309438,0.427485	0.000000,0.000000,0.000000	0.672473,2.226606,0.327287	0
16:11:30	0.672481,2.226597,0.327283	0.799863,2.309429,0.427495	0.000000,0.000000,0.000000	0.672481,2.226597,0.327283	0
16:11:30	0.672471,2.226590,0.327277	0.799927,2.309473,0.427581	0.000000,0.000000,0.000000	0.672471,2.226590,0.327277	0
16:11:30	0.672526,2.226639,0.327357	0.799869,2.309434,0.427486	0.000000,0.000000,0.000000	0.672526,2.226639,0.327357	0
16:11:30	0.672465,2.226604,0.327284	0.799858,2.309433,0.427490	0.000000,0.000000,0.000000	0.672465,2.226604,0.327284	0
16:11:31	0.672474,2.226605,0.327287	0.799867,2.309434,0.427492	0.000000,0.000000,0.000000	0.672474,2.226605,0.327287	0
16:11:31	0.672478,2.226598,0.327287	0.799922,2.309476,0.427576	0.000000,0.000000,0.000000	0.672478,2.226598,0.327287	0
16:11:31	0.672516,2.226508,0.327226	0.799906,2.309341,0.427436	0.000000,0.000000,0.000000	0.672516,2.226508,0.327226	0
16:11:31	0.672683,2.226540,0.327089	0.799811,2.309703,0.427662	0.000000,0.000000,0.000000	0.672683,2.226540,0.327089	0
16:11:31	0.672626,2.226563,0.327181	0.800014,2.309387,0.427402	0.000000,0.000000,0.000000	0.672626,2.226563,0.327181	0
16:11:31	0.672611,2.226554,0.327142	0.800051,2.309493,0.427455	0.000000,0.000000,0.000000	0.672611,2.226554,0.327142	0
16:11:31	0.672630,2.226563,0.327199	0.800088,2.309428,0.427487	0.000000,0.000000,0.000000	0.672630,2.226563,0.327199	0
16:11:31	0.672449,2.226610,0.327290	0.799882,2.309494,0.427568	0.000000,0.000000,0.000000	0.672449,2.226610,0.327290	0
16:11:31	0.672462,2.226598,0.327286	0.799855,2.309427,0.427491	0.000000,0.000000,0.000000	0.672462,2.226598,0.327286	0
16:11:31	0.672473,2.226601,0.327291	0.799866,2.309430,0.427496	0.000000,0.000000,0.000000	0.672473,2.226601,0.327291	0
16:11:32	0.672480,2.226604,0.327285	0.799867,2.309436,0.427490	0.000000,0.000000,0.000000	0.672480,2.226604,0.327285	0
16:11:32	0.672463,2.226608,0.327276	0.799868,2.309437,0.427483	0.000000,0.000000,0.000000	0.672463,2.226608,0.327276	0
16:11:32	0.672525,2.226649,0.327367	0.799919,2.309478,0.427568	0.000000,0.000000,0.000000	0.672525,2.226649,0.327367	0
16:11:32	0.672467,2.226600,0.327291	0.799860,2.309430,0.427496	0.000000,0.000000,0.000000	0.672467,2.226600,0.327291	0
16:11:32	0.672468,2.226597,0.327285	0.799861,2.309427,0.427491	0.000000,0.000000,0.000000	0.672468,2.226597,0.327285	0
16:11:32	0.672522,2.226644,0.327372	0.799916,2.309473,0.427572	0.000000,0.000000,0.000000	0.672522,2.226644,0.327372	0
16:11:32	0.672469,2.226600,0.327283	0.799916,2.309473,0.427572	0.000000,0.000000,0.000000	0.672469,2.226600,0.327283	0
16:11:32	0.672472,2.226601,0.327280	0.799865,2.309430,0.427486	0.000000,0.000000,0.000000	0.672472,2.226601,0.327280	0
16:11:32	0.672521,2.226649,0.327366	0.799915,2.309478,0.427567	0.000000,0.000000,0.000000	0.672521,2.226649,0.327366	0
16:11:32	0.672469,2.226599,0.327280	0.799863,2.309428,0.427486	0.000000,0.000000,0.000000	0.672469,2.226599,0.327280	0
16:11:33	0.672533,2.226647,0.327367	0.799920,2.309464,0.427562	0.000000,0.000000,0.000000	0.672533,2.226647,0.327367	0
16:11:33	0.672475,2.226605,0.327289	0.799866,2.309430,0.427487	0.000000,0.000000,0.000000	0.672475,2.226605,0.327289	0
16:11:33	0.672526,2.226639,0.327362	0.799863,2.309433,0.427493	0.000000,0.000000,0.000000	0.672526,2.226639,0.327362	0
16:11:33	0.672455,2.226600,0.327286	0.799849,2.309429,0.427491	0.000000,0.000000,0.000000	0.672455,2.226600,0.327286	0
16:11:33	0.672506,2.226649,0.327364	0.799909,2.309469,0.427564	0.000000,0.000000,0.000000	0.672506,2.226649,0.327364	0
16:11:33	0.672460,2.226596,0.327285	0.799853,2.309425,0.427490	0.000000,0.000000,0.000000	0.672460,2.226596,0.327285	0
16:11:33	0.672519,2.226640,0.327374	0.799861,2.309432,0.427490	0.000000,0.000000,0.000000	0.672519,2.226640,0.327374	0
16:11:33	0.672472,2.226598,0.327298	0.799855,2.309434,0.427502	0.000000,0.000000,0.000000	0.672472,2.226598,0.327298	0
16:11:33	0.672459,2.226604,0.327283	0.799859,2.309434,0.427490	0.000000,0.000000,0.000000	0.672459,2.226604,0.327283	0
16:11:33	0.672463,2.226597,0.327279	0.799856,2.309432,0.427493	0.000000,0.000000,0.000000	0.672463,2.226597,0.327279	0
16:11:34	0.672473,2.226603,0.327289	0.799858,2.309426,0.427487	0.000000,0.000000,0.000000	0.672473,2.226603,0.327289	0
16:11:34	0.672462,2.226604,0.327292	0.799905,2.309474,0.427564	0.000000,0.000000,0.000000	0.672462,2.226604,0.327292	0
16:11:34	0.672515,2.226646,0.327376	0.799861,2.309439,0.427491	0.000000,0.000000,0.000000	0.672515,2.226646,0.327376	0
16:11:34	0.672470,2.226604,0.327286	0.799853,2.309441,0.427493	0.000000,0.000000,0.000000	0.672470,2.226604,0.327286	0
16:11:34	0.672463,2.226601,0.327289	0.799857,2.309430,0.427493	0.000000,0.000000,0.000000	0.672463,2.226601,0.327289	0
16:11:34	0.672472,2.226598,0.327282	0.799850,2.309435,0.427488	0.000000,0.000000,0.000000	0.672472,2.226598,0.327282	0
16:11:34	0.672470,2.226598,0.327284	0.799863,2.309427,0.427490	0.000000,0.000000,0.000000	0.672470,2.226598,0.327284	0
16:11:34	0.672524,2.226643,0.327364	0.799857,2.309433,0.427494	0.000000,0.000000,0.000000	0.672524,2.226643,0.327364	0
16:11:34	0.672516,2.226645,0.327376	0.799861,2.309426,0.427493	0.000000,0.000000,0.000000	0.672516,2.226645,0.327376	0
16:11:34	0.672464,2.226613,0.327287	0.799858,2.309442,0.427492	0.000000,0.000000,0.000000	0.672464,2.226613,0.327287	0
16:11:35	0.672518,2.226649,0.327371	0.799858,2.309429,0.427490	0.000000,0.000000,0.000000	0.672518,2.226649,0.327371	0
16:11:35	0.672469,2.226605,0.327289	0.799914,2.309474,0.427571	0.000000,0.000000,0.000000	0.672469,2.226605,0.327289	0
16:11:35	0.672471,2.226605,0.327288	0.799910,2.309475,0.427570	0.000000,0.000000,0.000000	0.672471,2.226605,0.327288	0
16:11:35	0.672470,2.226595,0.327285	0.799863,2.309424,0.427490	0.000000,0.000000,0.000000	0.672470,2.226595,0.327285	0
16:11:35	0.672461,2.226605,0.327294	0.799854,2.309434,0.427498	0.000000,0.000000,0.000000	0.672461,2.226605,0.327294	0
16:11:35	0.672478,2.226609,0.327287	0.799913,2.309490,0.427575	0.000000,0.000000,0.000000	0.672478,2.226609,0.327287	0
16:11:35	0.672471,2.226605,0.327289	0.799864,2.309434,0.427494	0.000000,0.000000,0.000000	0.672471,2.226605,0.327289	0
16:11:35	0.672468,2.226602,0.327292	0.799861,2.309431,0.427497	0.000000,0.000000,0.000000	0.672468,2.226602,0.327292	0
16:11:35	0.672471,2.226602,0.327278	0.799865,2.309431,0.427484	0.000000,0.000000,0.000000	0.672471,2.226602,0.327278	0
16:11:35	0.672522,2.226642,0.327362	0.799922,2.309480,0.427573	0.000000,0.000000,0.000000	0.672522,2.226642,0.327362	0
16:11:36	0.672514,2.226641,0.327374	0.799916,2.309469,0.427568	0.000000,0.000000,0.000000	0.672514,2.226641,0.327374	0
16:11:36	0.672512,2.226648,0.327366	0.799873,2.309427,0.427483	0.000000,0.000000,0.000000	0.672512,2.226648,0.327366	0
16:11:36	0.672524,2.226643,0.327361	0.799864,2.309426,0.427485	0.000000,0.000000,0.000000	0.672524,2.226643,0.327361	0
16:11:36	0.672473,2.226599,0.327282	0.799866,2.309428,0.427487	0.000000,0.000000,0.000000	0.672473,2.226599,0.327282	0
16:11:36	0.672527,2.226642,0.327367	0.799913,2.309474,0.427570	0.000000,0.000000,0.000000	0.672527,2.226642,0.327367	0
16:11:36	0.672468,2.226599,0.327282	0.799861,2.309425,0.427485	0.000000,0.000000,0.000000	0.672468,2.226599,0.327282	0
16:11:36	0.672463,2.226594,0.327279	0.799915,2.309467,0.427564	0.000000,0.000000,0.000000	0.672463,2.226594,0.327279	0
16:11:36	0.672526,2.226645,0.327365	0.799920,2.309475,0.427566	0.000000,0.000000,0.000000	0.672526,2.226645,0.327365	0
16:11:36	0.672471,2.226602,0.327287	0.799864,2.309431,0.427492	0.000000,0.000000,0.000000	0.672471,2.226602,0.327287	0
16:11:36	0.672466,2.226602,0.327295	0.799863,2.309433,0.427494	0.000000,0.000000,0.000000	0.672466,2.226602,0.327295	0
16:11:37	0.672466,2.226601,0.327292	0.799864,2.309437,0.427493	0.000000,0.000000,0.000000	0.672466,2.226601,0.327292	0
16:11:37	0.672462,2.226609,0.327279	0.799912,2.309473,0.427568	0.000000,0.000000,0.000000	0.672462,2.226609,0.327279	0
16:11:37	0.672473,2.226599,0.327280	0.799911,2.309469,0.427567	0.000000,0.000000,0.000000	0.672473,2.226599,0.327280	0
16:11:37	0.672463,2.226604,0.327287	0.799856,2.309433,0.427492	0.000000,0.000000,0.000000	0.672463,2.226604,0.327287	0
16:11:37	0.672463,2.226596,0.327288	0.799856,2.309425,0.427493	0.000000,0.000000,0.000000	0.672463,2.226596,0.327288	0
16:11:37	0.672466,2.226600,0.327277	0.799906,2.309473,0.427568	0.000000,0.000000,0.000000	0.672466,2.226600,0.327277	0
16:11:37	0.672472,2.226600,0.327285	0.799866,2.309429,0.427490	0.000000,0.000000,0.000000	0.672472,2.226600,0.327285	0
16:11:37	0.672476,2.226591,0.327280	0.799909,2.309471,0.427575	0.000000,0.000000,0.000000	0.672476,2.226591,0.327280	0
16:11:37	0.672467,2.226607,0.327282	0.799915,2.309472,0.427572	0.000000,0.000000,0.000000	0.672467,2.226607,0.327282	0
