# Flight Log 
# 25 08 17 - 16:16:22
Time		X,Y,Z				goalX,goalY,goalZ		ddx,ddy,ddz			angularx,angulary,angularz	battery
16:16:23	0.000000,0.000000,0.000000	0.000000,0.000000,0.000000	0.000000,0.000000,0.000000	0.000000,0.000000,0.000000	0
16:16:23	0.695549,0.817874,0.409928	0.766450,0.860146,0.684189	0.000000,0.000000,0.000000	0.695549,0.817874,0.409928	0
16:16:23	0.695723,0.817725,0.409778	0.766397,0.860073,0.684075	0.000000,0.000000,0.000000	0.695723,0.817725,0.409778	0
16:16:23	0.695410,0.817865,0.409903	0.766393,0.860065,0.684082	0.000000,0.000000,0.000000	0.695410,0.817865,0.409903	0
16:16:23	0.695745,0.817808,0.409909	0.766406,0.860069,0.684078	0.000000,0.000000,0.000000	0.695745,0.817808,0.409909	0
16:16:23	0.695742,0.817807,0.409909	0.766406,0.860069,0.684084	0.000000,0.000000,0.000000	0.695742,0.817807,0.409909	0
16:16:23	0.695693,0.817724,0.409790	0.766441,0.860150,0.684192	0.000000,0.000000,0.000000	0.695693,0.817724,0.409790	0
16:16:23	0.695683,0.817722,0.409742	0.766410,0.860080,0.684059	0.000000,0.000000,0.000000	0.695683,0.817722,0.409742	0
16:16:23	0.695697,0.817718,0.409790	0.766621,0.860037,0.683763	0.000000,0.000000,0.000000	0.695697,0.817718,0.409790	0
16:16:23	0.695720,0.817817,0.409944	0.766452,0.860154,0.684181	0.000000,0.000000,0.000000	0.695720,0.817817,0.409944	0
16:16:23	0.695693,0.817731,0.409812	0.766461,0.860162,0.684193	0.000000,0.000000,0.000000	0.695693,0.817731,0.409812	0
16:16:24	0.695713,0.817811,0.409896	0.766412,0.860082,0.684080	0.000000,0.000000,0.000000	0.695713,0.817811,0.409896	0
16:16:24	0.695722,0.817803,0.409883	0.766400,0.860067,0.684054	0.000000,0.000000,0.000000	0.695722,0.817803,0.409883	0
16:16:24	0.695711,0.817717,0.409788	0.766615,0.860036,0.683781	0.000000,0.000000,0.000000	0.695711,0.817717,0.409788	0
16:16:24	0.695427,0.817880,0.409890	0.766451,0.860145,0.684188	0.000000,0.000000,0.000000	0.695427,0.817880,0.409890	0
16:16:24	0.695711,0.817730,0.409808	0.766410,0.860074,0.684061	0.000000,0.000000,0.000000	0.695711,0.817730,0.409808	0
16:16:24	0.695711,0.817710,0.409785	0.766454,0.860166,0.684202	0.000000,0.000000,0.000000	0.695711,0.817710,0.409785	0
16:16:24	0.695659,0.817812,0.409804	0.766647,0.860043,0.683781	0.000000,0.000000,0.000000	0.695659,0.817812,0.409804	0
16:16:24	0.695748,0.817803,0.409888	0.766399,0.860066,0.684032	0.000000,0.000000,0.000000	0.695748,0.817803,0.409888	0
16:16:24	0.695711,0.817718,0.409802	0.766393,0.860069,0.684018	0.000000,0.000000,0.000000	0.695711,0.817718,0.409802	0
16:16:24	0.695712,0.817735,0.409817	0.766398,0.860072,0.684060	0.000000,0.000000,0.000000	0.695712,0.817735,0.409817	0
16:16:25	0.695701,0.817727,0.409799	0.766413,0.860079,0.684076	0.000000,0.000000,0.000000	0.695701,0.817727,0.409799	0
16:16:25	0.695716,0.817805,0.409848	0.766405,0.860072,0.684081	0.000000,0.000000,0.000000	0.695716,0.817805,0.409848	0
16:16:25	0.695690,0.817720,0.409745	0.766415,0.860064,0.684064	0.000000,0.000000,0.000000	0.695690,0.817720,0.409745	0
16:16:25	0.695718,0.817715,0.409795	0.766652,0.860110,0.683861	0.000000,0.000000,0.000000	0.695718,0.817715,0.409795	0
16:16:25	0.695745,0.817816,0.409932	0.699473,0.977528,0.392536	-0.091011,0.119751,10.308164	0.695745,0.817816,0.409932	0
16:16:25	0.695429,0.817863,0.409892	0.697506,0.977659,0.401601	-0.095801,0.110171,10.305769	0.695429,0.817863,0.409892	3.77947211266
16:16:25	0.695683,0.817720,0.409756	0.696892,0.977693,0.404410	-0.093406,0.107776,10.310559	0.695683,0.817720,0.409756	3.77947211266
16:16:25	0.696018,0.817692,0.409394	0.697111,0.977684,0.404243	-0.098196,0.114961,10.296189	0.696018,0.817692,0.409394	3.77947211266
16:16:25	0.695705,0.817716,0.409778	0.696880,0.977683,0.404413	-0.095801,0.114961,10.312954	0.695705,0.817716,0.409778	3.77947211266
16:16:25	0.695689,0.817714,0.409794	0.696917,0.977774,0.404465	-0.091011,0.114961,10.310559	0.695689,0.817714,0.409794	3.77947211266
16:16:26	0.695691,0.817714,0.409771	0.696906,0.977772,0.404454	-0.100591,0.114961,10.310559	0.695691,0.817714,0.409771	3.77947211266
16:16:26	0.695729,0.817811,0.409914	0.696865,0.977696,0.404396	-0.095801,0.112566,10.310559	0.695729,0.817811,0.409914	3.77947211266
16:16:26	0.695420,0.817862,0.409898	0.696904,0.977783,0.404466	-0.098196,0.119751,10.300979	0.695420,0.817862,0.409898	3.77947211266
16:16:26	0.695563,0.817856,0.409927	0.696903,0.977777,0.404476	-0.093406,0.114961,10.317744	0.695563,0.817856,0.409927	3.77947211266
16:16:26	0.695698,0.817723,0.409782	0.699454,0.977586,0.392514	-0.098196,0.110171,10.305769	0.695698,0.817723,0.409782	3.77947211266
16:16:26	0.695716,0.817824,0.409932	0.697490,0.977659,0.401601	-0.100591,0.119751,10.305769	0.695716,0.817824,0.409932	3.77947211266
16:16:26	0.695700,0.817713,0.409820	0.697111,0.977677,0.404241	-0.095801,0.114961,10.305769	0.695700,0.817713,0.409820	3.77947211266
16:16:26	0.695719,0.817713,0.409795	0.696877,0.977691,0.404419	-0.100591,0.112566,10.303374	0.695719,0.817713,0.409795	3.77947211266
16:16:26	0.695687,0.817708,0.409806	0.696904,0.977779,0.404483	-0.098196,0.114961,10.300979	0.695687,0.817708,0.409806	3.77947211266
16:16:26	0.695697,0.817810,0.409853	0.696888,0.977688,0.404410	-0.098196,0.114961,10.296189	0.695697,0.817810,0.409853	3.77947211266
16:16:27	0.695745,0.817792,0.409918	0.696843,0.977679,0.404358	-0.098196,0.117356,10.308164	0.695745,0.817792,0.409918	3.77947211266
16:16:27	0.695719,0.817721,0.409817	0.696885,0.977672,0.404405	-0.098196,0.114961,10.296189	0.695719,0.817721,0.409817	3.77947211266
16:16:27	0.695713,0.817714,0.409800	0.696907,0.977780,0.404477	-0.098196,0.117356,10.305769	0.695713,0.817714,0.409800	3.77947211266
16:16:27	0.695401,0.817862,0.409857	0.696914,0.977794,0.404466	-0.095801,0.117356,10.300979	0.695401,0.817862,0.409857	3.77947211266
16:16:27	0.695712,0.817722,0.409781	0.696892,0.977667,0.404402	-0.095801,0.112566,10.320139	0.695712,0.817722,0.409781	3.7847507
16:16:27	0.695680,0.817712,0.409859	0.699470,0.977523,0.392546	-0.100591,0.114961,10.305769	0.695680,0.817712,0.409859	3.67390036583
16:16:27	0.695752,0.817802,0.409936	0.697488,0.977759,0.401630	-0.110171,0.138911,10.284214	0.695752,0.817802,0.409936	3.66334319115
16:16:27	0.696071,0.817785,0.409503	0.697180,0.977709,0.404292	-0.023950,0.064666,10.327324	0.696071,0.817785,0.409503	3.65806460381
16:16:27	0.695742,0.817829,0.409954	0.696911,0.977779,0.404467	-0.052690,0.143701,10.289004	0.695742,0.817829,0.409954	3.64750742912
16:16:27	0.695457,0.817848,0.409907	0.696893,0.977679,0.404404	-0.102986,0.165256,10.200388	0.695457,0.817848,0.409907	3.64222884178
16:16:28	0.695722,0.817825,0.409856	0.696778,0.977824,0.404489	-0.146096,0.107776,10.348879	0.695722,0.817825,0.409856	3.6316716671
16:16:28	0.695793,0.817835,0.409527	0.697142,0.977646,0.404224	-0.095801,0.143701,10.430310	0.695793,0.817835,0.409527	3.62111449242
16:16:28	0.695732,0.817807,0.409903	0.696921,0.977785,0.404463	-0.083826,0.134121,10.401570	0.695732,0.817807,0.409903	3.61055731773
16:16:28	0.695949,0.817704,0.409317	0.696884,0.977724,0.404355	-0.114961,0.081431,10.245894	0.695949,0.817704,0.409317	3.60000014305
16:16:28	0.695734,0.817803,0.409804	0.696931,0.977650,0.404391	-0.191602,0.330513,10.380015	0.695734,0.817803,0.409804	3.58944296837
16:16:28	0.695949,0.817633,0.409219	0.697080,0.977581,0.404170	-0.026345,0.146096,10.255474	0.695949,0.817633,0.409219	3.58416438103
16:16:28	0.695695,0.817723,0.409618	0.699440,0.977504,0.392731	-0.107776,0.019160,10.257869	0.695695,0.817723,0.409618	3.57360720634
16:16:28	0.695759,0.817608,0.409480	0.697527,0.977657,0.401571	-0.114961,0.265847,10.353669	0.695759,0.817608,0.409480	3.56305003166
16:16:28	0.695788,0.817739,0.409626	0.696751,0.977794,0.404367	-0.172441,0.170046,10.291399	0.695788,0.817739,0.409626	3.55777144432
16:16:28	0.696011,0.817606,0.409193	0.697150,0.977662,0.404186	-0.035925,0.093406,10.320139	0.696011,0.817606,0.409193	3.54193544388
16:16:29	0.695675,0.817596,0.409632	0.697001,0.977687,0.404208	-0.126936,0.201182,10.262659	0.695675,0.817596,0.409632	3.52609968185
16:16:29	0.695975,0.817246,0.409268	0.696990,0.977253,0.404212	-0.150886,0.047900,10.346484	0.695975,0.817246,0.409268	3.52609968185
16:16:29	0.696043,0.817141,0.409299	0.697110,0.977150,0.404228	-0.038320,-0.023950,10.231523	0.696043,0.817141,0.409299	3.51554250717
16:16:29	0.695934,0.816934,0.409572	0.696970,0.976999,0.404333	-0.102986,0.043110,10.255474	0.695934,0.816934,0.409572	3.51554250717
16:16:29	0.696626,0.816919,0.409260	0.697301,0.976920,0.404299	0.011975,-0.007185,10.267449	0.696626,0.816919,0.409260	3.49970674515
16:16:29	0.696634,0.816935,0.409304	0.697415,0.976973,0.404291	-0.172441,0.023950,10.341694	0.696634,0.816935,0.409304	3.48914957047
16:16:29	0.696334,0.817075,0.409332	0.699531,0.976732,0.392931	-0.074246,0.294587,10.253079	0.696334,0.817075,0.409332	3.47331380844
16:16:29	0.696374,0.816822,0.409488	0.697962,0.976900,0.401560	-0.107776,0.086221,10.224338	0.696374,0.816822,0.409488	3.47331380844
16:16:29	0.695683,0.816676,0.409625	0.696967,0.976749,0.404344	0.014370,-0.059875,10.353669	0.695683,0.816676,0.409625	3.46275663376
16:16:29	0.695726,0.816476,0.409623	0.696898,0.976381,0.404320	0.004790,0.067061,10.245894	0.695726,0.816476,0.409623	3.44692087173
16:16:30	0.696695,0.816302,0.409457	0.697300,0.976373,0.404357	-0.232317,0.146096,10.418335	0.696695,0.816302,0.409457	3.44164228439
16:16:30	0.696841,0.815998,0.409922	0.697576,0.975901,0.404522	-0.170046,0.148491,10.245894	0.696841,0.815998,0.409922	3.42580652237
16:16:30	0.698072,0.816261,0.409516	0.698586,0.976354,0.404287	-0.146096,0.124541,10.296189	0.698072,0.816261,0.409516	3.40997076035
16:16:30	0.698349,0.815549,0.409464	0.698673,0.975644,0.404303	0.225132,0.203577,10.466235	0.698349,0.815549,0.409464	3.404692173
16:16:30	0.699137,0.816771,0.409719	0.699188,0.976370,0.404451	-0.476609,-0.213157,10.528506	0.699137,0.816771,0.409719	3.38885641098
16:16:30	0.700135,0.817336,0.409692	0.699654,0.977381,0.404463	0.043110,0.416733,10.463840	0.700135,0.817336,0.409692	3.38357782364
16:16:30	0.701778,0.817489,0.409976	0.701043,0.977495,0.404369	-0.021555,0.469424,10.401570	0.701778,0.817489,0.409976	3.36774206161
16:16:30	0.703899,0.817883,0.409654	0.700493,0.977464,0.393084	0.009580,-0.177231,10.310559	0.703899,0.817883,0.409654	3.35718488693
16:16:30	0.706587,0.817793,0.409617	0.703422,0.977794,0.401550	-0.122146,0.581990,10.763218	0.706587,0.817793,0.409617	3.35190629959
16:16:30	0.712062,0.818245,0.408110	0.707131,0.978011,0.404159	-0.011975,0.476609,10.494976	0.712062,0.818245,0.408110	3.34134912491
16:16:31	0.716370,0.820657,0.409388	0.711205,0.980007,0.403897	-0.067061,-0.102986,10.528506	0.716370,0.820657,0.409388	3.32551336288
16:16:31	0.723669,0.825793,0.410142	0.715817,0.984071,0.404417	0.361648,0.572410,10.518926	0.723669,0.825793,0.410142	3.30967760086
16:16:31	0.733712,0.834363,0.412786	0.722070,0.991491,0.405147	0.402363,0.831072,10.485396	0.733712,0.834363,0.412786	3.30439901352
16:16:31	0.747696,0.847874,0.418102	0.731067,1.003349,0.407136	-0.007185,-0.055085,10.940449	0.747696,0.847874,0.418102	3.30439901352
16:16:31	0.770771,0.866352,0.425703	0.744931,1.020054,0.409537	0.136516,-0.232317,10.940449	0.770771,0.866352,0.425703	3.25689172745
16:16:31	0.808608,0.887656,0.438113	0.768566,1.038951,0.413462	0.162861,0.059875,10.494976	0.808608,0.887656,0.438113	3.19354820251
16:16:31	0.855068,0.911352,0.452570	0.799218,1.058228,0.418579	-0.431104,-0.577200,10.197993	0.855068,0.911352,0.452570	3.23049879074
16:16:31	0.898153,0.940565,0.463108	0.828885,1.079755,0.422538	-0.387993,0.265847,9.513018	0.898153,0.940565,0.463108	3.24105596542
16:16:31	0.929532,0.981680,0.468218	0.771173,0.990445,0.375604	-0.249082,0.150886,10.322534	0.929532,0.981680,0.468218	3.25161314011
16:16:31	0.951345,1.033992,0.461379	0.819935,1.112416,0.398301	-0.114961,0.304167,9.366921	0.951345,1.033992,0.461379	3.40997076035
16:16:32	0.964957,1.091035,0.444738	0.862289,1.200068,0.411581	-0.083826,0.294587,9.920171	0.964957,1.091035,0.444738	3.21466302872
16:16:32	0.968931,1.146719,0.426246	0.902427,1.277919,0.406482	0.002395,0.390388,9.972861	0.968931,1.146719,0.426246	3.23049879074
16:16:32	0.963198,1.198590,0.403959	0.983254,1.345144,0.399878	-0.071851,0.011975,9.944121	0.963198,1.198590,0.403959	3.28328466415
16:16:32	0.950543,1.245899,0.377691	0.969601,1.393526,0.395260	0.019160,0.574805,10.063872	0.950543,1.245899,0.377691	3.28328466415
16:16:32	0.933912,1.291472,0.349821	1.022782,1.415310,0.384455	0.033530,0.031135,10.360854	0.933912,1.291472,0.349821	3.2252202034
16:16:32	0.920099,1.338768,0.320013	1.035344,1.438248,0.371032	-0.093406,0.320933,10.676997	0.920099,1.338768,0.320013	3.29384183884
16:16:32	0.912494,1.387666,0.291702	1.033460,1.476183,0.361762	-0.047900,0.402363,10.250684	0.912494,1.387666,0.291702	3.29912042618
16:16:32	0.915926,1.438028,0.262219	1.025710,1.533622,0.345073	0.098196,0.050295,10.157278	0.915926,1.438028,0.262219	3.2252202034
16:16:32	0.930016,1.489417,0.231564	1.041787,1.576427,0.337668	-0.057480,-0.196392,10.449470	0.930016,1.489417,0.231564	3.27800607681
16:16:32	0.952843,1.540674,0.200090	0.820727,1.513641,0.403881	-0.040715,0.644260,10.054292	0.952843,1.540674,0.200090	3.19882678986
16:16:33	0.981805,1.590366,0.168557	0.926448,1.527797,0.464533	-0.131726,0.158071,10.626702	0.981805,1.590366,0.168557	3.19882678986
16:16:33	1.013273,1.635853,0.141454	1.002005,1.609288,0.465722	0.007185,0.385598,10.861414	1.013273,1.635853,0.141454	3.08797645569
16:16:33	1.043461,1.674910,0.122136	1.072261,1.685105,0.435778	-0.021555,0.158071,10.439890	1.043461,1.674910,0.122136	3.19354820251
16:16:33	1.069256,1.709342,0.104914	1.164366,1.700587,0.357549	0.119751,-0.160466,10.224338	1.069256,1.709342,0.104914	3.19354820251
16:16:33	1.088979,1.741599,0.082994	1.167963,1.798202,0.329913	0.225132,0.682581,9.776470	1.088979,1.741599,0.082994	3.40997076035
16:16:33	1.103763,1.771838,0.056398	1.162338,1.868553,0.272287	0.114961,0.706531,10.174043	1.103763,1.771838,0.056398	3.37302064896
16:16:33	1.115340,1.802051,0.025372	1.171235,1.889697,0.262318	-0.091011,0.596360,10.030342	1.115340,1.802051,0.025372	3.19882678986
16:16:33	1.123458,1.835412,-0.005975	1.177183,1.911619,0.249045	0.098196,0.658630,10.459050	1.123458,1.835412,-0.005975	3.24633455276
16:16:33	1.127975,1.873743,-0.031188	1.180607,1.936891,0.238375	0.215552,0.615520,10.935659	1.127975,1.873743,-0.031188	3.27272748947
16:16:33	1.130242,1.917450,-0.046493	1.182829,1.966435,0.232958	0.198787,-0.131726,10.727292	1.130242,1.917450,-0.046493	3.25689172745
16:16:34	1.133896,1.968728,-0.051472	1.122593,1.876576,0.226645	0.177231,0.201182,11.129656	1.133896,1.968728,-0.051472	3.2252202034
16:16:34	1.143500,2.026690,-0.044415	1.128520,1.920576,0.214446	-0.062271,-0.234712,11.764336	1.143500,2.026690,-0.044415	3.2041053772
16:16:34	1.161041,2.085149,-0.028852	1.140365,1.967260,0.208680	0.311353,0.301772,10.904524	1.161041,2.085149,-0.028852	3.27800607681
16:16:34	1.184713,2.141293,-0.009889	1.157560,2.013505,0.206364	-0.150886,0.023950,10.391990	1.184713,2.141293,-0.009889	3.27800607681
16:16:34	1.212004,2.196053,0.005081	1.178475,2.060664,0.202764	0.067061,-0.117356,9.915381	1.212004,2.196053,0.005081	3.27800607681
16:16:34	1.241518,2.247686,0.016686	1.202219,2.108008,0.197454	-0.055085,0.110171,10.075847	1.241518,2.247686,0.016686	3.27800607681
16:16:34	1.272569,2.292346,0.026739	1.227682,2.151116,0.193307	0.076641,0.483794,10.006392	1.272569,2.292346,0.026739	3.27800607681
16:16:34	1.303649,2.328869,0.033711	1.254073,2.187779,0.189654	0.165256,0.565225,10.195598	1.303649,2.328869,0.033711	3.24633455276
16:16:34	1.332260,2.356847,0.038397	1.279155,2.216891,0.186514	0.026345,-0.031135,9.980046	1.332260,2.356847,0.038397	3.24633455276
16:16:34	1.355220,2.378022,0.040330	1.300259,2.239222,0.183544	0.153281,0.493374,10.140513	1.355220,2.378022,0.040330	3.24105596542
16:16:35	1.372103,2.393433,0.039323	1.316288,2.256199,0.179721	-0.076641,-0.014370,10.442285	1.372103,2.393433,0.039323	3.23049879074
16:16:35	1.382497,2.402574,0.037614	1.326915,2.266954,0.176342	0.174836,0.581990,10.162068	1.382497,2.402574,0.037614	3.23577737808
16:16:35	1.388011,2.404838,0.035256	1.332659,2.271071,0.173991	0.440684,0.385598,10.109377	1.388011,2.404838,0.035256	3.20938444138
16:16:35	1.389348,2.401103,0.033109	1.334557,2.269367,0.172476	0.419128,0.488584,10.023157	1.389348,2.401103,0.033109	3.21466302872
16:16:35	1.388604,2.391690,0.031887	1.333728,2.261758,0.172779	0.186812,0.280217,10.384805	1.388604,2.391690,0.031887	3.20938444138
16:16:35	1.385503,2.378121,0.030589	1.429070,2.313635,0.307654	0.213157,0.083826,10.806328	1.385503,2.378121,0.030589	3.19882678986
16:16:35	1.380872,2.361282,0.032853	1.462712,2.341285,0.303888	0.016765,0.337698,10.973979	1.380872,2.361282,0.032853	3.02463340759
16:16:35	1.376884,2.345533,0.039616	1.498689,2.334946,0.245336	0.510139,0.174836,10.248289	1.376884,2.345533,0.039616	3.2252202034
16:16:35	1.375711,2.336908,0.043986	1.497987,2.327254,0.248991	0.138911,0.074246,9.970466	1.375711,2.336908,0.043986	3.44164228439
16:16:35	1.379471,2.337275,0.044402	1.499956,2.325915,0.250105	0.134121,0.347278,10.128538	1.379471,2.337275,0.044402	3.17243385315
16:16:36	1.389464,2.346532,0.046416	1.507400,2.330852,0.253089	0.059875,1.602268,10.265054	1.389464,2.346532,0.046416	3.18826961517
16:16:36	1.405290,2.362592,0.051219	1.520272,2.340731,0.259352	0.009580,0.110171,10.442285	1.405290,2.362592,0.051219	3.18826961517
16:16:36	1.425516,2.385050,0.058217	1.537194,2.354635,0.268422	0.098196,0.342488,10.538086	1.425516,2.385050,0.058217	3.15131950378
16:16:36	1.450098,2.412246,0.067821	1.557498,2.371599,0.279180	-0.031135,0.371228,10.763218	1.450098,2.412246,0.067821	3.10381221771
16:16:36	1.477448,2.441725,0.080451	1.594513,2.395367,0.263559	-0.057480,0.241897,10.715317	1.477448,2.441725,0.080451	3.1143693924
16:16:36	1.506454,2.471515,0.093685	1.499438,2.360177,0.333999	-0.045505,0.493374,10.106982	1.506454,2.471515,0.093685	3.2885632515
16:16:36	1.535944,2.498590,0.107274	1.560302,2.406936,0.366695	0.043110,0.275427,10.425520	1.535944,2.498590,0.107274	3.10909080505
16:16:36	1.562038,2.520945,0.125415	1.646926,2.435537,0.328663	0.055085,0.052690,10.748848	1.562038,2.520945,0.125415	3.11964797974
16:16:36	1.582578,2.537408,0.144510	1.701135,2.465500,0.291997	0.316143,0.189207,9.666299	1.582578,2.537408,0.144510	3.35718488693
16:16:36	1.599694,2.547938,0.157649	1.717093,2.471978,0.302163	0.026345,0.524509,9.941726	1.599694,2.547938,0.157649	3.29912042618
16:16:37	1.615460,2.553474,0.167210	1.731004,2.474826,0.309468	0.179626,0.342488,10.066267	1.615460,2.553474,0.167210	3.11964797974
16:16:37	1.632530,2.556556,0.179144	1.746022,2.474654,0.318162	0.114961,0.749641,10.408755	1.632530,2.556556,0.179144	3.14604091644
16:16:37	1.653836,2.558920,0.193638	1.784087,2.535847,0.352248	0.184417,0.577200,10.439890	1.653836,2.558920,0.193638	3.14604091644
16:16:37	1.678499,2.561519,0.211195	1.817459,2.574071,0.337866	-0.047900,0.610730,10.820698	1.678499,2.561519,0.211195	3.04046916962
16:16:37	1.704041,2.566573,0.229844	1.848603,2.575413,0.330250	0.239502,1.106499,10.073452	1.704041,2.566573,0.229844	3.26744890213
16:16:37	1.728768,2.576688,0.244975	1.874251,2.581992,0.342199	0.126936,0.986748,10.130933	1.728768,2.576688,0.244975	3.26744890213
16:16:37	1.753142,2.591431,0.258975	1.773011,2.446356,0.397299	0.155676,-0.079036,10.636282	1.753142,2.591431,0.258975	3.09325504303
16:16:37	1.778055,2.609298,0.274945	1.862540,2.483501,0.373572	0.251477,-0.153281,10.653047	1.778055,2.609298,0.274945	3.04046916962
16:16:37	1.802519,2.625538,0.293835	1.920765,2.547486,0.424607	0.229922,0.177231,10.607542	1.802519,2.625538,0.293835	3.17243385315
16:16:37	1.824265,2.635253,0.316959	1.970682,2.615417,0.407056	-0.028740,-0.289797,10.578801	1.824265,2.635253,0.316959	3.04574775696
16:16:38	1.844135,2.639743,0.340316	1.994602,2.665240,0.390946	0.071851,0.304167,9.853110	1.844135,2.639743,0.340316	3.29912042618
16:16:38	1.863008,2.642385,0.359003	2.008237,2.695413,0.385491	0.105381,0.474214,9.671089	1.863008,2.642385,0.359003	3.24105596542
16:16:38	1.882171,2.646770,0.373332	2.030508,2.690612,0.387627	-0.045505,0.093406,10.490186	1.882171,2.646770,0.373332	3.24105596542
16:16:38	1.902421,2.656190,0.385281	2.050666,2.698085,0.393145	0.129331,0.910107,10.315349	1.902421,2.656190,0.385281	3.16715526581
16:16:38	1.926927,2.671401,0.396926	2.064129,2.736981,0.397555	0.033530,0.376018,10.389595	1.926927,2.671401,0.396926	3.15131950378
16:16:38	1.957658,2.691143,0.409422	2.098557,2.743856,0.402884	0.026345,0.311353,9.953701	1.957658,2.691143,0.409422	3.14604091644
16:16:38	1.991644,2.715563,0.420880	2.099284,2.600667,0.382067	0.136516,0.213157,10.042317	1.991644,2.715563,0.420880	3.15659809113
16:16:38	2.026952,2.742931,0.428942	2.173232,2.705306,0.380572	0.134121,0.433499,9.956096	2.026952,2.742931,0.428942	3.27272748947
16:16:38	2.061645,2.767857,0.433802	2.209988,2.786165,0.391199	0.014370,0.816702,10.236313	2.061645,2.767857,0.433802	3.19354820251
16:16:38	2.092756,2.786845,0.438754	2.234450,2.838156,0.401969	-0.028740,0.237107,10.293794	2.092756,2.786845,0.438754	3.16187667847
16:16:39	2.118660,2.802374,0.444407	2.265932,2.838684,0.488090	0.031135,0.251477,10.221943	2.118660,2.802374,0.444407	3.15131950378
16:16:39	2.139190,2.818425,0.451976	2.282407,2.873149,0.481662	0.249082,0.055085,10.447075	2.139190,2.818425,0.451976	3.02991199493
16:16:39	2.155703,2.836950,0.461850	2.300421,2.877551,0.535549	0.258662,0.574805,10.224338	2.155703,2.836950,0.461850	3.02991199493
16:16:39	2.170210,2.860215,0.474315	2.316963,2.894975,0.543454	0.059875,0.019160,11.098521	2.170210,2.860215,0.474315	3.02991199493
16:16:39	2.185576,2.888799,0.492415	2.334074,2.916121,0.553721	0.067061,0.167651,10.348879	2.185576,2.888799,0.492415	3.13020515442
16:16:39	2.204146,2.921746,0.511421	2.354260,2.940116,0.564504	0.081431,0.265847,9.896221	2.204146,2.921746,0.511421	3.18826961517
16:16:39	2.225849,2.956317,0.529672	2.369655,2.964024,0.634075	-0.098196,0.356858,10.300979	2.225849,2.956317,0.529672	3.13020515442
16:16:39	2.250664,2.990899,0.549154	2.281456,2.860338,0.351267	0.186812,-0.364043,10.645862	2.250664,2.990899,0.549154	3.02463340759
16:16:39	2.277770,3.025037,0.560901	2.358373,2.937633,0.343339	0.146096,0.143701,9.529783	2.277770,3.025037,0.560901	3.26744890213
16:16:39	2.305308,3.055517,0.562317	2.423561,2.956310,0.484952	-0.083826,0.759221,9.881851	2.305308,3.055517,0.562317	3.21466302872
16:16:40	2.330677,3.079863,0.562901	2.475629,3.033502,0.494006	-0.112566,0.342488,10.830278	2.330677,3.079863,0.562901	3.21466302872
16:16:40	2.354622,3.100572,0.568182	2.502303,3.053720,0.595817	-0.153281,0.536484,10.621912	2.354622,3.100572,0.568182	3.15659809113
16:16:40	2.378494,3.122539,0.575864	2.520875,3.076271,0.661396	0.038320,0.325723,10.509346	2.378494,3.122539,0.575864	3.13020515442
16:16:40	2.402564,3.147940,0.586369	2.536827,3.126943,0.734025	-0.246687,0.208367,10.732083	2.402564,3.147940,0.586369	3.02991199493
16:16:40	2.427367,3.177408,0.600721	2.567008,3.148411,0.720615	0.222737,0.131726,10.260264	2.427367,3.177408,0.600721	3.18299102783
16:16:40	2.452696,3.211064,0.616035	2.591099,3.169691,0.732133	0.174836,0.193997,10.356064	2.452696,3.211064,0.616035	3.17771244049
16:16:40	2.478886,3.246823,0.630759	2.619154,3.259157,0.745814	0.026345,0.536484,10.449470	2.478886,3.246823,0.630759	3.14604091644
16:16:40	2.506806,3.283390,0.647482	2.652160,3.282064,0.738701	-0.014370,0.409548,10.406360	2.506806,3.283390,0.647482	3.14604091644
16:16:40	2.536119,3.320348,0.665013	2.563812,3.157894,0.600916	-0.253872,0.438289,10.267449	2.536119,3.320348,0.665013	3.17771244049
16:16:40	2.566965,3.356591,0.675101	2.619074,3.199733,0.696160	-0.079036,-0.201182,9.481882	2.566965,3.356591,0.675101	3.3149561882
16:16:41	2.599245,3.388033,0.676014	2.686393,3.252772,0.697849	0.052690,0.380808,10.080637	2.599245,3.388033,0.676014	3.14604091644
16:16:41	2.631186,3.410509,0.679844	2.726325,3.291940,0.768967	-0.011975,0.251477,10.267449	2.631186,3.410509,0.679844	3.15659809113
16:16:41	2.661097,3.424548,0.686960	2.786133,3.356280,0.808610	0.047900,0.857417,10.662627	2.661097,3.424548,0.686960	3.13548374176
16:16:41	2.688068,3.431321,0.699304	2.830228,3.383851,0.769792	-0.011975,0.457449,10.415940	2.688068,3.431321,0.699304	3.17243385315
16:16:41	2.711849,3.434525,0.713076	2.849876,3.421502,0.848710	0.021555,0.428708,10.020762	2.711849,3.434525,0.713076	3.18299102783
16:16:41	2.733029,3.437627,0.724978	2.862037,3.495585,0.850252	0.083826,0.608335,10.406360	2.733029,3.437627,0.724978	3.10381221771
16:16:41	2.752267,3.445103,0.739996	2.858180,3.523299,0.901641	0.162861,0.546064,10.566826	2.752267,3.445103,0.739996	3.16715526581
16:16:41	2.770107,3.461233,0.759199	2.864881,3.528359,0.958922	0.289797,0.522114,11.064990	2.770107,3.461233,0.759199	3.17243385315
16:16:41	2.786790,3.489733,0.785395	2.883814,3.551087,0.983440	0.225132,-0.086221,10.930869	2.786790,3.489733,0.785395	3.17243385315
16:16:41	2.803506,3.529908,0.815422	2.769811,3.365006,0.743662	-0.234712,-0.016765,10.911709	2.803506,3.529908,0.815422	3.18826961517
16:16:42	2.822006,3.577104,0.847125	2.785631,3.412607,0.764289	0.031135,0.644260,10.329719	2.822006,3.577104,0.847125	3.17771244049
16:16:42	2.842060,3.626075,0.876762	2.803239,3.463194,0.786058	-0.258662,0.696951,10.411150	2.842060,3.626075,0.876762	3.13548374176
16:16:42	2.863036,3.670065,0.907759	2.822079,3.510569,0.809391	0.004790,-0.002395,10.545271	2.863036,3.670065,0.907759	3.18299102783
16:16:42	2.884076,3.706306,0.939096	2.841065,3.550471,0.833486	0.148491,0.064666,10.351274	2.884076,3.706306,0.939096	3.20938444138
16:16:42	2.904414,3.734156,0.969574	2.859465,3.582246,0.857031	0.270637,0.787961,10.257869	2.904414,3.734156,0.969574	3.17771244049
16:16:42	2.923659,3.752947,0.997348	2.876888,3.605199,0.879149	-0.122146,-0.043110,10.420730	2.923659,3.752947,0.997348	3.19354820251
16:16:42	2.940985,3.760506,1.022398	2.892622,3.617802,0.897931	-0.143701,0.155676,10.480605	2.940985,3.760506,1.022398	3.18299102783
16:16:42	2.955644,3.757486,1.046437	2.905834,3.619250,0.915210	0.201182,0.019160,10.133328	2.955644,3.757486,1.046437	3.1407623291
16:16:42	2.967367,3.748504,1.067955	2.916356,3.613797,0.930120	0.184417,0.050295,10.226733	2.967367,3.748504,1.067955	3.2041053772
16:16:42	2.976552,3.736603,1.085754	2.924441,3.604835,0.942404	0.213157,0.718506,9.845925	2.976552,3.736603,1.085754	3.20938444138
16:16:43	2.982334,3.723414,1.099732	3.100143,3.699967,1.303809	0.074246,0.421523,10.327324	2.982334,3.723414,1.099732	3.16187667847
16:16:43	2.984251,3.709839,1.113330	3.122405,3.768727,1.225424	0.143701,0.098196,10.626702	2.984251,3.709839,1.113330	3.18299102783
16:16:43	2.984791,3.700262,1.126456	3.117359,3.785316,1.187978	0.114961,0.421523,9.726174	2.984791,3.700262,1.126456	3.3782992363
16:16:43	2.987425,3.700197,1.132621	3.095721,3.769160,1.318714	0.213157,0.344883,9.917776	2.987425,3.700197,1.132621	3.3782992363
16:16:43	2.994786,3.713648,1.136755	3.117310,3.767526,1.297533	0.119751,0.148491,10.801538	2.994786,3.713648,1.136755	3.3782992363
16:16:43	3.007875,3.739250,1.143226	3.130260,3.785475,1.306361	0.160466,0.526904,10.221943	3.007875,3.739250,1.143226	3.25161314011
16:16:43	3.027520,3.773708,1.151692	3.159405,3.803402,1.293362	0.016765,0.205972,10.413545	3.027520,3.773708,1.151692	3.11964797974
16:16:43	3.053604,3.815945,1.162279	3.185597,3.834046,1.307042	0.064666,-0.311353,10.432705	3.053604,3.815945,1.162279	3.15659809113
16:16:43	3.085251,3.862143,1.174983	3.202702,3.865171,1.366793	-0.033530,0.186812,10.710527	3.085251,3.862143,1.174983	3.15131950378
16:16:43	3.120858,3.909127,1.192442	3.233852,3.929767,1.384031	-0.007185,-0.031135,11.100916	3.120858,3.909127,1.192442	3.15659809113
16:16:44	3.157512,3.954067,1.214711	3.054211,3.814230,1.190335	0.215552,-0.153281,10.415940	3.157512,3.954067,1.214711	3.15659809113
16:16:44	3.193014,3.994620,1.235419	3.090019,3.856094,1.211377	-0.014370,-0.392783,9.309441	3.193014,3.994620,1.235419	3.15659809113
16:16:44	3.224554,4.028268,1.250091	3.196081,3.872431,1.132901	0.055085,-0.232317,10.195598	3.224554,4.028268,1.250091	3.14604091644
16:16:44	3.249876,4.055589,1.261340	3.298548,3.903867,1.338181	-0.162861,0.586780,9.855505	3.249876,4.055589,1.261340	3.16715526581
16:16:44	3.268417,4.076685,1.266083	3.348607,3.965157,1.432836	0.112566,-0.026345,10.451865	3.268417,4.076685,1.266083	3.14604091644
16:16:44	3.281468,4.091075,1.276953	3.374724,4.006392,1.470113	-0.038320,-0.431104,11.098521	3.281468,4.091075,1.276953	3.14604091644
16:16:44	3.291082,4.102762,1.296546	3.396709,4.048828,1.504468	0.007185,0.737666,10.859019	3.291082,4.102762,1.296546	3.15659809113
16:16:44	3.299310,4.115785,1.321607	3.202547,3.984033,1.288827	0.095801,-0.285007,11.007510	3.299310,4.115785,1.321607	3.16715526581
16:16:44	3.308017,4.130850,1.344547	3.211153,3.998652,1.312518	0.095801,0.531694,9.455537	3.308017,4.130850,1.344547	3.16715526581
16:16:44	3.316852,4.147731,1.357757	3.220223,4.015107,1.325491	0.227527,-0.191602,10.152488	3.316852,4.147731,1.357757	3.15659809113
16:16:45	3.323416,4.164837,1.373228	3.227807,4.032279,1.338966	0.184417,0.043110,10.674602	3.323416,4.164837,1.373228	3.15659809113
16:16:45	3.325708,4.181272,1.390790	3.231527,4.048787,1.355077	0.035925,-0.004790,10.511741	3.325708,4.181272,1.390790	3.16715526581
16:16:45	3.322576,4.195033,1.410710	3.230152,4.063252,1.372822	0.423918,0.457449,9.996812	3.322576,4.195033,1.410710	3.16715526581
16:16:45	3.313981,4.205639,1.432312	3.223504,4.074405,1.392485	0.457449,1.300496,10.439890	3.313981,4.205639,1.432312	3.16715526581
16:16:45	3.300163,4.215025,1.455224	3.388326,4.078278,1.406906	0.170046,0.304167,10.554851	3.300163,4.215025,1.455224	3.17771244049
16:16:45	3.282415,4.224133,1.477305	3.397493,4.106853,1.501039	0.249082,-0.146096,10.061477	3.282415,4.224133,1.477305	3.17771244049
16:16:45	3.264589,4.234366,1.501237	3.177463,4.101467,1.454833	0.342488,-0.004790,10.578801	3.264589,4.234366,1.501237	3.17243385315
16:16:45	3.251588,4.249418,1.524609	3.163786,4.114786,1.478176	0.280217,0.337698,9.829160	3.251588,4.249418,1.524609	3.18299102783
16:16:45	3.243445,4.270164,1.540993	3.155458,4.133895,1.493494	0.385598,0.694556,10.102192	3.243445,4.270164,1.540993	3.16715526581
16:16:45	3.238219,4.293003,1.557267	3.150292,4.156320,1.508415	-0.062271,0.416733,10.612332	3.238219,4.293003,1.557267	3.16187667847
16:16:46	3.232460,4.314417,1.577333	3.145332,4.177990,1.526860	0.040715,0.119751,10.585986	3.232460,4.314417,1.577333	3.16187667847
16:16:46	3.225938,4.333217,1.597280	3.140018,4.197286,1.545052	0.205972,-0.340093,10.571616	3.225938,4.333217,1.597280	3.16187667847
16:16:46	3.215864,4.348795,1.620492	3.130881,4.213642,1.566446	0.112566,0.500559,10.502161	3.215864,4.348795,1.620492	3.14604091644
16:16:46	3.202455,4.361909,1.644143	3.119403,4.226927,1.587930	0.071851,0.057480,10.466235	3.202455,4.361909,1.644143	3.17771244049
16:16:46	3.185890,4.371706,1.665580	3.222166,4.232487,1.508677	-0.026345,0.464634,10.164463	3.185890,4.371706,1.665580	3.18299102783
16:16:46	3.166877,4.376776,1.681543	3.207801,4.241441,1.521437	0.239502,0.610730,9.256750	3.166877,4.376776,1.681543	3.17771244049
16:16:46	3.150019,4.377924,1.688137	3.194385,4.245217,1.527492	-0.047900,-0.057480,10.351274	3.150019,4.377924,1.688137	3.16187667847
16:16:46	3.137650,4.376705,1.692366	3.184110,4.245834,1.531077	0.256267,0.919687,10.193203	3.137650,4.376705,1.692366	3.16715526581
16:16:46	3.129859,4.374561,1.695235	3.177646,4.244944,1.533182	0.344883,0.833467,10.059082	3.129859,4.374561,1.695235	3.16715526581
16:16:46	3.126414,4.372247,1.697203	3.174283,4.243395,1.534345	0.059875,0.821492,10.384805	3.126414,4.372247,1.697203	3.16715526581
16:16:47	3.126263,4.370154,1.697765	3.173733,4.241620,1.534419	0.105381,0.452659,10.255474	3.126263,4.370154,1.697765	3.16715526581
16:16:47	3.128442,4.367916,1.697432	3.175125,4.239517,1.533759	0.095801,0.728086,10.217153	3.128442,4.367916,1.697432	3.16715526581
16:16:47	3.132769,4.365525,1.695755	3.178230,4.237011,1.532124	0.246687,0.656235,10.260264	3.132769,4.365525,1.695755	3.16715526581
16:16:47	3.139088,4.362886,1.693105	3.182789,4.234053,1.529669	0.052690,0.086221,10.044712	3.139088,4.362886,1.693105	3.16715526581
16:16:47	3.146872,4.359648,1.688732	3.188666,4.230368,1.526054	0.146096,-0.079036,10.083032	3.146872,4.359648,1.688732	3.16187667847
16:16:47	3.156129,4.355718,1.683326	3.195678,4.225790,1.521490	0.203577,0.246687,10.102192	3.156129,4.355718,1.683326	3.16187667847
16:16:47	3.166502,4.350746,1.676261	3.203603,4.220132,1.515730	-0.069456,0.170046,10.250684	3.166502,4.350746,1.676261	3.16187667847
16:16:47	3.177165,4.344267,1.667983	3.211971,4.212980,1.508983	0.251477,0.083826,10.449470	3.177165,4.344267,1.667983	3.16187667847
16:16:47	3.186718,4.336504,1.658651	3.219780,4.204452,1.501432	0.076641,0.136516,10.420730	3.186718,4.336504,1.658651	3.15659809113
16:16:47	3.194528,4.327466,1.647294	3.226459,4.194789,1.492971	0.273032,-0.340093,10.068662	3.194528,4.327466,1.647294	3.15659809113
16:16:48	3.200987,4.317026,1.634445	3.260885,4.191240,1.492174	0.361648,-0.289797,10.128538	3.200987,4.317026,1.634445	3.15659809113
16:16:48	3.206110,4.305496,1.620398	3.266809,4.179041,1.482091	0.270637,-0.033530,10.363250	3.206110,4.305496,1.620398	3.15131950378
16:16:48	3.209410,4.293818,1.605877	3.295965,4.177933,1.484108	0.229922,-0.114961,10.181228	3.209410,4.293818,1.605877	3.15131950378
16:16:48	3.212396,4.282582,1.590029	3.300479,4.166469,1.474331	0.093406,0.122146,10.322534	3.212396,4.282582,1.590029	3.14604091644
16:16:48	3.217384,4.273371,1.574501	3.306076,4.156252,1.465034	0.205972,0.383203,10.506951	3.217384,4.273371,1.574501	3.15131950378
16:16:48	3.226460,4.265720,1.557006	3.337303,4.157593,1.510962	0.285007,0.845442,9.862690	3.226460,4.265720,1.557006	3.15131950378
16:16:48	3.239267,4.259210,1.537690	3.146016,4.130105,1.498992	0.126936,0.105381,10.571616	3.239267,4.259210,1.537690	3.15131950378
16:16:48	3.254888,4.253263,1.519464	3.339149,4.129008,1.436272	0.172441,0.546064,10.291399	3.254888,4.253263,1.519464	3.13548374176
16:16:48	3.269190,4.247161,1.497872	3.375439,4.132412,1.500304	0.177231,-0.040715,10.111772	3.269190,4.247161,1.497872	3.1407623291
16:16:48	3.278433,4.239178,1.475068	3.185238,4.111413,1.441693	0.170046,0.160466,10.650652	3.278433,4.239178,1.475068	3.13020515442
16:16:49	3.285269,4.229557,1.453678	3.191798,4.102169,1.422610	0.296982,1.084944,10.073452	3.285269,4.229557,1.453678	3.11964797974
16:16:49	3.292120,4.219662,1.428138	3.198879,4.092612,1.398967	0.165256,0.031135,10.461445	3.292120,4.219662,1.428138	3.11964797974
16:16:49	3.295260,4.207662,1.402295	3.202367,4.081439,1.375862	0.143701,-0.074246,10.351274	3.295260,4.207662,1.402295	3.11964797974
16:16:49	3.293206,4.192627,1.375539	3.201372,4.067424,1.351410	0.258662,0.622705,10.238708	3.293206,4.192627,1.375539	3.10381221771
16:16:49	3.286510,4.174037,1.347950	3.195538,4.049649,1.326056	0.292192,0.079036,10.157278	3.286510,4.174037,1.347950	3.11964797974
16:16:49	3.275224,4.153366,1.320211	3.380310,4.039714,1.394124	-0.076641,-0.129331,10.344089	3.275224,4.153366,1.320211	3.10909080505
16:16:49	3.260528,4.132983,1.294459	3.375781,4.072678,1.489179	0.289797,0.354463,10.847043	3.260528,4.132983,1.294459	3.11964797974
16:16:49	3.247044,4.117531,1.276740	3.156637,3.991246,1.257251	0.399968,0.220342,10.873389	3.247044,4.117531,1.276740	3.02991199493
16:16:49	3.239398,4.110204,1.258148	3.147503,3.981823,1.242195	0.419128,0.634680,9.522598	3.239398,4.110204,1.258148	3.1143693924
16:16:49	3.237224,4.109915,1.231695	3.144022,3.979767,1.218423	0.203577,0.320933,10.363250	3.237224,4.109915,1.231695	3.10909080505
16:16:50	3.238168,4.115324,1.205674	3.144567,3.983856,1.194475	0.275427,-0.117356,10.384805	3.238168,4.115324,1.205674	3.11964797974
16:16:50	3.240097,4.123837,1.180113	3.146416,3.991722,1.170922	0.287402,0.689766,10.035132	3.240097,4.123837,1.180113	3.1143693924
16:16:50	3.241927,4.132901,1.154547	3.148435,4.000672,1.147626	0.280217,0.399968,10.365645	3.241927,4.132901,1.154547	3.12492656708
16:16:50	3.243289,4.140913,1.129410	3.150009,4.008975,1.124436	-0.102986,0.011975,10.760823	3.243289,4.140913,1.129410	3.12492656708
16:16:50	3.243025,4.146698,1.104474	3.150472,4.015256,1.101752	0.069456,0.409548,10.238708	3.243025,4.146698,1.104474	3.10909080505
16:16:50	3.240715,4.149800,1.080063	3.328207,4.065662,1.296677	0.229922,-0.196392,10.399175	3.240715,4.149800,1.080063	3.10909080505
16:16:50	3.236580,4.149827,1.058547	3.311619,4.079604,1.309460	0.823887,0.349673,10.959609	3.236580,4.149827,1.058547	3.12492656708
16:16:50	3.233828,4.147982,1.046509	3.307527,4.079834,1.297746	0.184417,0.342488,11.057805	3.233828,4.147982,1.046509	3.10909080505
16:16:50	3.234875,4.146683,1.040844	3.307024,4.079238,1.292758	-0.093406,0.055085,10.782378	3.234875,4.146683,1.040844	3.11964797974
16:16:50	3.240477,4.147323,1.038806	3.310118,4.079372,1.291312	0.296982,0.122146,10.856624	3.240477,4.147323,1.038806	3.11964797974
16:16:51	3.252136,4.150633,1.039605	3.317810,4.080859,1.292859	0.124541,0.016765,10.612332	3.252136,4.150633,1.039605	3.12492656708
16:16:51	3.269378,4.156614,1.043630	3.330176,4.083899,1.297320	0.174836,0.718506,10.509346	3.269378,4.156614,1.043630	3.13548374176
16:16:51	3.291201,4.164808,1.050841	3.346172,4.088176,1.304494	0.035925,0.193997,10.688972	3.291201,4.164808,1.050841	3.13548374176
16:16:51	3.316243,4.174373,1.061879	3.364881,4.093137,1.314416	0.268242,0.507744,10.039922	3.316243,4.174373,1.061879	3.13548374176
16:16:51	3.343881,4.184559,1.077189	3.385404,4.097953,1.327393	0.107776,0.768801,10.566826	3.343881,4.184559,1.077189	3.1407623291
16:16:51	3.373152,4.194912,1.096521	3.407088,4.102446,1.342774	-0.023950,0.639470,10.545271	3.373152,4.194912,1.096521	3.13548374176
16:16:51	3.402365,4.204625,1.118918	3.434224,4.089735,1.326814	0.196392,0.122146,10.554851	3.402365,4.204625,1.118918	3.13548374176
16:16:51	3.429032,4.211941,1.141537	3.458635,4.112519,1.477365	0.083826,0.787961,10.068662	3.429032,4.211941,1.141537	3.1407623291
16:16:51	3.451432,4.215716,1.164872	3.458635,4.112519,1.477365	0.241897,-0.062271,10.588381	3.451432,4.215716,1.164872	3.14604091644
16:16:51	3.469083,4.217501,1.191189	3.458635,4.112519,1.477365	0.208367,-0.131726,10.303374	3.469083,4.217501,1.191189	3.1407623291
16:16:52	3.481117,4.217772,1.219650	3.458635,4.112519,1.477365	0.052690,0.079036,10.483000	3.481117,4.217772,1.219650	3.13548374176
16:16:52	3.487152,4.216866,1.249578	3.458635,4.112519,1.477365	0.184417,0.435894,10.068662	3.487152,4.216866,1.249578	3.14604091644
16:16:52	3.487256,4.215691,1.279762	3.458635,4.112519,1.477365	-0.119751,0.057480,10.803933	3.487256,4.215691,1.279762	3.15131950378
16:16:52	3.482462,4.215001,1.310258	3.458635,4.112519,1.477365	0.325723,0.196392,10.272239	3.482462,4.215001,1.310258	3.15131950378
16:16:52	3.474307,4.215012,1.340063	3.458635,4.112519,1.477365	-0.057480,-0.138911,10.051897	3.474307,4.215012,1.340063	3.15131950378
16:16:52	3.464829,4.216134,1.369704	3.458635,4.112519,1.477365	0.107776,0.055085,10.209968	3.464829,4.216134,1.369704	3.15131950378
16:16:52	3.456043,4.218659,1.397911	3.458635,4.112519,1.477365	0.023950,0.201182,10.262659	3.456043,4.218659,1.397911	3.15131950378
16:16:52	3.449200,4.222720,1.425462	3.458635,4.112519,1.477365	0.244292,0.069456,9.929751	3.449200,4.222720,1.425462	3.15659809113
16:16:52	3.445983,4.227623,1.451835	3.446445,4.226326,1.445281	-0.004790,-0.344883,10.126143	3.445983,4.227623,1.451835	3.1407623291
16:16:52	3.446481,4.233042,1.475679	3.350115,4.105002,1.433531	0.098196,0.941243,9.879456	3.446481,4.233042,1.475679	3.15131950378
16:16:53	3.450541,4.239990,1.492779	3.353455,4.111380,1.450813	0.174836,-0.033530,10.047107	3.450541,4.239990,1.492779	3.14604091644
16:16:53	3.456355,4.248121,1.507599	3.359044,4.119462,1.464280	0.301772,1.065784,10.751243	3.456355,4.248121,1.507599	3.14604091644
16:16:53	3.461757,4.254600,1.526040	3.364997,4.126779,1.480579	0.062271,0.416733,10.554851	3.461757,4.254600,1.526040	3.1407623291
16:16:53	3.464446,4.258458,1.547491	3.368423,4.131180,1.499749	-0.031135,0.131726,10.138118	3.464446,4.258458,1.547491	3.15131950378
16:16:53	3.463532,4.259682,1.569339	3.368509,4.133201,1.520253	0.129331,0.134121,10.111772	3.463532,4.259682,1.569339	3.16187667847
16:16:53	3.458943,4.257664,1.591720	3.364915,4.132000,1.540319	0.007185,-0.019160,10.775193	3.458943,4.257664,1.591720	3.15131950378
16:16:53	3.450565,4.252068,1.616282	3.357711,4.127355,1.562532	0.311353,0.256267,10.181228	3.450565,4.252068,1.616282	3.15131950378
16:16:53	3.439111,4.243838,1.642287	3.347364,4.120028,1.586361	0.198787,0.773591,10.588381	3.439111,4.243838,1.642287	3.16715526581
16:16:53	3.424721,4.232992,1.670305	3.333861,4.109769,1.611682	0.091011,0.512534,10.576406	3.424721,4.232992,1.670305	3.17771244049
16:16:53	3.408193,4.220439,1.699412	3.317927,4.097333,1.637844	0.397573,0.258662,10.142908	3.408193,4.220439,1.699412	3.17771244049
16:16:54	3.390599,4.206818,1.728309	3.300812,4.083977,1.664459	0.435894,0.268242,10.212363	3.390599,4.206818,1.728309	3.17243385315
16:16:54	3.373719,4.193034,1.757136	3.283884,4.070213,1.690857	0.450264,0.299377,10.037527	3.373719,4.193034,1.757136	3.17243385315
16:16:54	3.359605,4.180110,1.786403	3.269234,4.057163,1.717386	0.102986,0.205972,10.538086	3.359605,4.180110,1.786403	3.17243385315
16:16:54	3.348870,4.168525,1.814364	3.257823,4.045352,1.743589	0.155676,0.021555,10.049502	3.348870,4.168525,1.814364	3.17243385315
16:16:54	3.342129,4.159317,1.839855	3.250124,4.035530,1.767190	0.170046,0.505349,10.157278	3.342129,4.159317,1.839855	3.17243385315
16:16:54	3.338883,4.151907,1.865619	3.246260,4.028073,1.790671	0.191602,1.128054,10.449470	3.338883,4.151907,1.865619	3.17243385315
16:16:54	3.337812,4.144819,1.893322	3.244874,4.021370,1.815736	0.241897,0.759221,10.437495	3.337812,4.144819,1.893322	3.17243385315
16:16:54	3.337310,4.136599,1.920546	3.244409,4.013816,1.841257	0.217947,-0.495769,10.008787	3.337310,4.136599,1.920546	3.15659809113
16:16:54	3.336023,4.127118,1.947164	3.243532,4.004811,1.864782	0.031135,0.220342,10.914104	3.336023,4.127118,1.947164	3.20938444138
16:16:54	3.333202,4.114995,1.977034	3.240981,3.994204,1.892255	0.007185,0.040715,10.624307	3.333202,4.114995,1.977034	3.15659809113
16:16:55	3.327574,4.100338,2.008770	3.237027,3.980195,1.919382	0.148491,0.591570,10.480605	3.327574,4.100338,2.008770	3.19354820251
16:16:55	3.318887,4.082863,2.040011	3.228912,3.963841,1.948424	0.009580,0.340093,10.358459	3.318887,4.082863,2.040011	3.18299102783
16:16:55	3.306865,4.064412,2.070496	3.217469,3.945617,1.977426	0.581990,0.670605,10.104587	3.306865,4.064412,2.070496	3.18299102783
16:16:55	3.291539,4.045276,2.100913	3.203080,3.927108,2.005294	0.505349,0.440684,10.011182	3.291539,4.045276,2.100913	3.17771244049
16:16:55	3.275812,4.026297,2.127036	3.186681,3.908871,2.032413	0.342488,0.081431,10.245894	3.275812,4.026297,2.127036	3.17771244049
16:16:55	3.258189,4.009449,2.155740	3.170705,3.891331,2.055726	0.888552,1.070574,10.039922	3.258189,4.009449,2.155740	3.16715526581
16:16:55	3.240213,3.994200,2.182155	3.153185,3.875754,2.079644	0.332908,0.593965,10.552456	3.240213,3.994200,2.182155	3.18299102783
16:16:55	3.221537,3.979858,2.211941	3.134926,3.861246,2.106034	0.244292,0.098196,10.233918	3.221537,3.979858,2.211941	3.17243385315
16:16:55	3.203569,3.965105,2.240097	3.117495,3.847139,2.131998	0.213157,0.560435,10.083032	3.203569,3.965105,2.240097	3.19354820251
16:16:55	3.187300,3.951254,2.266429	3.100924,3.832784,2.156625	0.186812,-0.301772,10.118958	3.187300,3.951254,2.266429	3.18299102783
16:16:56	3.171937,3.938612,2.278027	3.085860,3.820248,2.172450	-0.009580,0.455054,8.825647	3.171937,3.938612,2.278027	3.2885632515
16:16:56	3.157269,3.927376,2.259856	3.071151,3.808221,2.161822	0.177231,0.397573,8.085586	3.157269,3.927376,2.259856	3.27272748947
16:16:56	3.143459,3.920225,2.215045	3.057239,3.799472,2.125981	0.028740,0.019160,8.145461	3.143459,3.920225,2.215045	3.24633455276
16:16:56	3.129397,3.923411,2.145863	3.043190,3.798390,2.067295	0.148491,-0.299377,8.566985	3.129397,3.923411,2.145863	3.24633455276
16:16:56	3.113050,3.941819,2.054879	3.027729,3.811408,1.987894	0.292192,0.126936,9.055569	3.113050,3.941819,2.054879	3.19882678986
16:16:56	3.092198,3.974212,1.946723	3.008570,3.839047,1.892280	0.026345,-0.091011,9.079519	3.092198,3.974212,1.946723	3.18826961517
16:16:56	3.067328,4.013416,1.826843	2.985274,3.875303,1.784457	0.344883,0.177231,9.510623	3.067328,4.013416,1.826843	3.2252202034
16:16:56	3.042916,4.052509,1.698166	2.961038,3.912810,1.668360	0.122146,0.443079,9.709409	3.042916,4.052509,1.698166	3.2252202034
16:16:56	3.023625,4.088857,1.563374	2.940952,3.948139,1.546443	0.330513,0.220342,10.106982	3.023625,4.088857,1.563374	3.15659809113
16:16:56	3.012200,4.122445,1.423664	2.927949,3.981145,1.419870	0.086221,-0.064666,10.066267	3.012200,4.122445,1.423664	3.15131950378
16:16:57	3.008889,4.151863,1.280410	2.923267,4.010666,1.289315	-0.011975,-0.313748,10.310559	3.008889,4.151863,1.280410	3.17771244049
