# Flight Log 
# 25 08 17 - 16:15:34
Time		X,Y,Z				goalX,goalY,goalZ		ddx,ddy,ddz			angularx,angulary,angularz	battery
16:15:34	0.672478,2.226594,0.327272	0.708994,2.090040,0.477173	0.000000,0.000000,0.000000	0.672478,2.226594,0.327272	0
16:15:34	0.672466,2.226595,0.327270	0.708994,2.090040,0.477173	0.000000,0.000000,0.000000	0.672466,2.226595,0.327270	0
16:15:34	0.672526,2.226638,0.327364	0.708995,2.090046,0.477172	0.000000,0.000000,0.000000	0.672526,2.226638,0.327364	0
16:15:35	0.672527,2.226642,0.327361	0.708932,2.090008,0.477110	0.000000,0.000000,0.000000	0.672527,2.226642,0.327361	0
16:15:35	0.672468,2.226592,0.327282	0.708945,2.090008,0.477107	0.000000,0.000000,0.000000	0.672468,2.226592,0.327282	0
16:15:35	0.672516,2.226645,0.327356	0.708945,2.090004,0.477107	0.000000,0.000000,0.000000	0.672516,2.226645,0.327356	0
16:15:35	0.672494,2.226549,0.327362	0.708938,2.090010,0.477105	0.000000,0.000000,0.000000	0.672494,2.226549,0.327362	0
16:15:35	0.672477,2.226598,0.327269	0.708996,2.090047,0.477174	0.000000,0.000000,0.000000	0.672477,2.226598,0.327269	0
16:15:35	0.672474,2.226593,0.327277	0.708943,2.089997,0.477104	0.000000,0.000000,0.000000	0.672474,2.226593,0.327277	0
16:15:35	0.672527,2.226641,0.327364	0.708948,2.090009,0.477096	0.000000,0.000000,0.000000	0.672527,2.226641,0.327364	0
16:15:35	0.672470,2.226595,0.327268	0.708946,2.090010,0.477104	0.000000,0.000000,0.000000	0.672470,2.226595,0.327268	0
16:15:35	0.672515,2.226650,0.327365	0.708992,2.090037,0.477168	0.000000,0.000000,0.000000	0.672515,2.226650,0.327365	0
16:15:35	0.672459,2.226603,0.327276	0.708947,2.090008,0.477118	0.000000,0.000000,0.000000	0.672459,2.226603,0.327276	0
16:15:36	0.672478,2.226588,0.327284	0.708936,2.090009,0.477104	0.000000,0.000000,0.000000	0.672478,2.226588,0.327284	0
16:15:36	0.672513,2.226645,0.327349	0.708948,2.090004,0.477096	0.000000,0.000000,0.000000	0.672513,2.226645,0.327349	0
16:15:36	0.672468,2.226605,0.327287	0.708941,2.090005,0.477101	0.000000,0.000000,0.000000	0.672468,2.226605,0.327287	0
16:15:36	0.672461,2.226589,0.327279	0.708944,2.090000,0.477095	0.000000,0.000000,0.000000	0.672461,2.226589,0.327279	0
16:15:36	0.672477,2.226601,0.327273	0.708987,2.090046,0.477176	0.000000,0.000000,0.000000	0.672477,2.226601,0.327273	0
16:15:36	0.672465,2.226604,0.327283	0.708941,2.090009,0.477097	0.000000,0.000000,0.000000	0.672465,2.226604,0.327283	0
16:15:36	0.672466,2.226598,0.327283	0.708990,2.090040,0.477174	0.000000,0.000000,0.000000	0.672466,2.226598,0.327283	0
16:15:36	0.672473,2.226599,0.327281	0.708935,2.090002,0.477092	0.000000,0.000000,0.000000	0.672473,2.226599,0.327281	0
16:15:36	0.672537,2.226647,0.327362	0.708937,2.090010,0.477106	0.000000,0.000000,0.000000	0.672537,2.226647,0.327362	0
16:15:36	0.672472,2.226601,0.327288	0.708942,2.090007,0.477095	0.000000,0.000000,0.000000	0.672472,2.226601,0.327288	0
16:15:37	0.672468,2.226593,0.327273	0.708946,2.090013,0.477102	0.000000,0.000000,0.000000	0.672468,2.226593,0.327273	0
16:15:37	0.672464,2.226602,0.327273	0.708947,2.090000,0.477107	0.000000,0.000000,0.000000	0.672464,2.226602,0.327273	0
16:15:37	0.672519,2.226641,0.327365	0.708948,2.090003,0.477106	0.000000,0.000000,0.000000	0.672519,2.226641,0.327365	0
16:15:37	0.672515,2.226639,0.327358	0.708944,2.090002,0.477099	0.000000,0.000000,0.000000	0.672515,2.226639,0.327358	0
16:15:37	0.672480,2.226599,0.327280	0.708940,2.090001,0.477107	0.000000,0.000000,0.000000	0.672480,2.226599,0.327280	0
16:15:37	0.672470,2.226602,0.327277	0.708995,2.090038,0.477174	0.000000,0.000000,0.000000	0.672470,2.226602,0.327277	0
16:15:37	0.672470,2.226595,0.327274	0.708917,2.089912,0.477115	0.000000,0.000000,0.000000	0.672470,2.226595,0.327274	0
16:15:37	0.672467,2.226598,0.327272	0.708944,2.089998,0.477111	0.000000,0.000000,0.000000	0.672467,2.226598,0.327272	0
16:15:37	0.672458,2.226599,0.327282	0.708991,2.090040,0.477164	0.000000,0.000000,0.000000	0.672458,2.226599,0.327282	0
16:15:37	0.672469,2.226600,0.327275	0.708947,2.090007,0.477094	0.000000,0.000000,0.000000	0.672469,2.226600,0.327275	0
16:15:38	0.672470,2.226601,0.327281	0.708947,2.090008,0.477091	0.000000,0.000000,0.000000	0.672470,2.226601,0.327281	0
16:15:38	0.672469,2.226596,0.327270	0.708944,2.090002,0.477111	0.000000,0.000000,0.000000	0.672469,2.226596,0.327270	0
16:15:38	0.672471,2.226603,0.327271	0.708942,2.090011,0.477106	0.000000,0.000000,0.000000	0.672471,2.226603,0.327271	0
16:15:38	0.672462,2.226601,0.327269	0.708946,2.090006,0.477101	0.000000,0.000000,0.000000	0.672462,2.226601,0.327269	0
16:15:38	0.672462,2.226596,0.327275	0.708945,2.090004,0.477109	0.000000,0.000000,0.000000	0.672462,2.226596,0.327275	0
16:15:38	0.672475,2.226596,0.327272	0.708989,2.090051,0.477179	0.000000,0.000000,0.000000	0.672475,2.226596,0.327272	0
16:15:38	0.672469,2.226598,0.327277	0.708944,2.090008,0.477103	0.000000,0.000000,0.000000	0.672469,2.226598,0.327277	0
16:15:38	0.672469,2.226600,0.327273	0.708916,2.089927,0.477107	0.000000,0.000000,0.000000	0.672469,2.226600,0.327273	0
16:15:38	0.672528,2.226637,0.327356	0.708935,2.089993,0.477107	0.000000,0.000000,0.000000	0.672528,2.226637,0.327356	0
16:15:38	0.672471,2.226594,0.327282	0.708947,2.090001,0.477100	0.000000,0.000000,0.000000	0.672471,2.226594,0.327282	0
16:15:39	0.672523,2.226649,0.327357	0.708947,2.090020,0.477112	0.000000,0.000000,0.000000	0.672523,2.226649,0.327357	0
16:15:39	0.672475,2.226597,0.327280	0.708950,2.090003,0.477102	0.000000,0.000000,0.000000	0.672475,2.226597,0.327280	0
16:15:39	0.672466,2.226598,0.327279	0.708941,2.090002,0.477098	0.000000,0.000000,0.000000	0.672466,2.226598,0.327279	0
16:15:39	0.672531,2.226633,0.327355	0.675555,2.066835,0.343557	0.000000,0.000000,0.000000	0.672531,2.226633,0.327355	0
16:15:39	0.672476,2.226609,0.327275	0.675545,2.066836,0.343572	0.000000,0.000000,0.000000	0.672476,2.226609,0.327275	0
16:15:39	0.672469,2.226594,0.327275	0.675552,2.066834,0.343560	0.000000,0.000000,0.000000	0.672469,2.226594,0.327275	0
16:15:39	0.672462,2.226588,0.327263	0.675553,2.066840,0.343565	0.000000,0.000000,0.000000	0.672462,2.226588,0.327263	0
16:15:39	0.672466,2.226595,0.327278	0.675556,2.066828,0.343565	0.000000,0.000000,0.000000	0.672466,2.226595,0.327278	0
16:15:39	0.672471,2.226599,0.327275	0.675607,2.066876,0.343632	0.000000,0.000000,0.000000	0.672471,2.226599,0.327275	0
16:15:39	0.672474,2.226598,0.327276	0.675558,2.066822,0.343565	0.000000,0.000000,0.000000	0.672474,2.226598,0.327276	0
16:15:40	0.672468,2.226599,0.327278	0.675545,2.066840,0.343556	0.000000,0.000000,0.000000	0.672468,2.226599,0.327278	0
16:15:40	0.672457,2.226601,0.327267	0.675553,2.066834,0.343557	0.000000,0.000000,0.000000	0.672457,2.226601,0.327267	0
16:15:40	0.672465,2.226591,0.327276	0.675552,2.066837,0.343562	0.000000,0.000000,0.000000	0.672465,2.226591,0.327276	0
16:15:40	0.672466,2.226610,0.327277	0.675556,2.066833,0.343567	0.000000,0.000000,0.000000	0.672466,2.226610,0.327277	0
16:15:40	0.672528,2.226638,0.327361	0.675547,2.066822,0.343556	0.000000,0.000000,0.000000	0.672528,2.226638,0.327361	0
16:15:40	0.672467,2.226593,0.327277	0.675558,2.066836,0.343555	0.000000,0.000000,0.000000	0.672467,2.226593,0.327277	0
16:15:40	0.672474,2.226598,0.327270	0.675599,2.066876,0.343633	0.000000,0.000000,0.000000	0.672474,2.226598,0.327270	0
16:15:40	0.672516,2.226640,0.327365	0.675549,2.066835,0.343573	0.000000,0.000000,0.000000	0.672516,2.226640,0.327365	0
16:15:40	0.672464,2.226600,0.327276	0.675556,2.066837,0.343568	0.000000,0.000000,0.000000	0.672464,2.226600,0.327276	0
16:15:40	0.672480,2.226597,0.327285	0.675555,2.066830,0.343561	0.000000,0.000000,0.000000	0.672480,2.226597,0.327285	0
16:15:41	0.672472,2.226601,0.327275	0.675554,2.066823,0.343564	0.000000,0.000000,0.000000	0.672472,2.226601,0.327275	0
16:15:41	0.672455,2.226592,0.327275	0.675549,2.066829,0.343562	0.000000,0.000000,0.000000	0.672455,2.226592,0.327275	0
16:15:41	0.672478,2.226590,0.327268	0.675551,2.066831,0.343568	0.000000,0.000000,0.000000	0.672478,2.226590,0.327268	0
16:15:41	0.672528,2.226640,0.327353	0.675589,2.066868,0.343635	0.000000,0.000000,0.000000	0.672528,2.226640,0.327353	0
16:15:41	0.672468,2.226596,0.327278	0.675562,2.066839,0.343570	0.000000,0.000000,0.000000	0.672468,2.226596,0.327278	0
16:15:41	0.672466,2.226611,0.327280	0.675561,2.066834,0.343562	0.000000,0.000000,0.000000	0.672466,2.226611,0.327280	0
16:15:41	0.672476,2.226602,0.327281	0.675602,2.066869,0.343626	0.000000,0.000000,0.000000	0.672476,2.226602,0.327281	0
16:15:41	0.672467,2.226603,0.327288	0.675553,2.066824,0.343561	0.000000,0.000000,0.000000	0.672467,2.226603,0.327288	0
16:15:41	0.672466,2.226591,0.327276	0.675551,2.066833,0.343554	0.000000,0.000000,0.000000	0.672466,2.226591,0.327276	0
16:15:41	0.672427,2.226509,0.327281	0.675559,2.066826,0.343564	0.000000,0.000000,0.000000	0.672427,2.226509,0.327281	0
16:15:42	0.672465,2.226610,0.327282	0.675559,2.066832,0.343567	0.000000,0.000000,0.000000	0.672465,2.226610,0.327282	0
16:15:42	0.672463,2.226605,0.327283	0.675554,2.066829,0.343570	0.000000,0.000000,0.000000	0.672463,2.226605,0.327283	0
16:15:42	0.672466,2.226605,0.327265	0.675528,2.066749,0.343557	0.000000,0.000000,0.000000	0.672466,2.226605,0.327265	0
16:15:42	0.672468,2.226600,0.327272	0.675597,2.066867,0.343631	0.000000,0.000000,0.000000	0.672468,2.226600,0.327272	0
16:15:42	0.672475,2.226597,0.327274	0.675548,2.066834,0.343567	0.000000,0.000000,0.000000	0.672475,2.226597,0.327274	0
16:15:42	0.672467,2.226605,0.327283	0.675557,2.066839,0.343560	0.000000,0.000000,0.000000	0.672467,2.226605,0.327283	0
16:15:42	0.672461,2.226605,0.327270	0.675549,2.066824,0.343561	0.000000,0.000000,0.000000	0.672461,2.226605,0.327270	0
16:15:42	0.672472,2.226600,0.327282	0.675556,2.066838,0.343570	0.000000,0.000000,0.000000	0.672472,2.226600,0.327282	0
16:15:42	0.672451,2.226591,0.327271	0.675555,2.066820,0.343551	0.000000,0.000000,0.000000	0.672451,2.226591,0.327271	0
16:15:42	0.672471,2.226591,0.327274	0.675557,2.066846,0.343560	0.000000,0.000000,0.000000	0.672471,2.226591,0.327274	0
16:15:43	0.672460,2.226590,0.327253	0.675555,2.066834,0.343556	0.000000,0.000000,0.000000	0.672460,2.226590,0.327253	0
16:15:43	0.672477,2.226611,0.327284	0.675616,2.066885,0.343637	0.000000,0.000000,0.000000	0.672477,2.226611,0.327284	0
16:15:43	0.672474,2.226598,0.327297	0.675557,2.066827,0.343560	0.000000,0.000000,0.000000	0.672474,2.226598,0.327297	0
16:15:43	0.672479,2.226592,0.327282	0.675545,2.066828,0.343551	0.000000,0.000000,0.000000	0.672479,2.226592,0.327282	0
16:15:43	0.672458,2.226590,0.327245	0.675550,2.066838,0.343551	0.000000,0.000000,0.000000	0.672458,2.226590,0.327245	0
16:15:43	0.672425,2.226512,0.327270	0.675603,2.066883,0.343655	0.000000,0.000000,0.000000	0.672425,2.226512,0.327270	0
16:15:43	0.672469,2.226598,0.327277	0.675591,2.066877,0.343633	0.000000,0.000000,0.000000	0.672469,2.226598,0.327277	0
16:15:43	0.672478,2.226611,0.327291	0.675558,2.066833,0.343553	0.000000,0.000000,0.000000	0.672478,2.226611,0.327291	0
16:15:43	0.672466,2.226601,0.327273	0.675592,2.066875,0.343612	0.000000,0.000000,0.000000	0.672466,2.226601,0.327273	0
16:15:43	0.672455,2.226586,0.327272	0.675537,2.066836,0.343560	0.000000,0.000000,0.000000	0.672455,2.226586,0.327272	0
16:15:44	0.672471,2.226591,0.327269	0.675552,2.066845,0.343557	0.000000,0.000000,0.000000	0.672471,2.226591,0.327269	0
16:15:44	0.672463,2.226608,0.327273	0.675551,2.066845,0.343566	0.000000,0.000000,0.000000	0.672463,2.226608,0.327273	0
16:15:44	0.672475,2.226603,0.327288	0.675606,2.066878,0.343635	0.000000,0.000000,0.000000	0.672475,2.226603,0.327288	0
16:15:44	0.672438,2.226498,0.327267	0.675544,2.066836,0.343550	0.000000,0.000000,0.000000	0.672438,2.226498,0.327267	0
16:15:44	0.672464,2.226591,0.327264	0.675538,2.066831,0.343551	0.000000,0.000000,0.000000	0.672464,2.226591,0.327264	0
16:15:44	0.672522,2.226636,0.327354	0.675525,2.066744,0.343563	0.000000,0.000000,0.000000	0.672522,2.226636,0.327354	0
16:15:44	0.672523,2.226639,0.327365	0.675536,2.066755,0.343560	0.000000,0.000000,0.000000	0.672523,2.226639,0.327365	0
16:15:44	0.672522,2.226642,0.327381	0.675543,2.066843,0.343566	0.000000,0.000000,0.000000	0.672522,2.226642,0.327381	0
16:15:44	0.672468,2.226591,0.327288	0.675593,2.066881,0.343623	0.000000,0.000000,0.000000	0.672468,2.226591,0.327288	0
16:15:44	0.672469,2.226593,0.327277	0.675541,2.066836,0.343550	0.000000,0.000000,0.000000	0.672469,2.226593,0.327277	0
16:15:45	0.672478,2.226585,0.327282	0.675600,2.066878,0.343636	0.000000,0.000000,0.000000	0.672478,2.226585,0.327282	0
16:15:45	0.672467,2.226586,0.327254	0.675558,2.066844,0.343567	0.000000,0.000000,0.000000	0.672467,2.226586,0.327254	0
16:15:45	0.672477,2.226592,0.327296	0.675597,2.066876,0.343654	0.000000,0.000000,0.000000	0.672477,2.226592,0.327296	0
16:15:45	0.672543,2.226628,0.327378	0.675540,2.066736,0.343549	0.000000,0.000000,0.000000	0.672543,2.226628,0.327378	0
16:15:45	0.672469,2.226585,0.327262	0.675546,2.066820,0.343547	0.000000,0.000000,0.000000	0.672469,2.226585,0.327262	0
16:15:45	0.672529,2.226632,0.327327	0.675548,2.066828,0.343562	0.000000,0.000000,0.000000	0.672529,2.226632,0.327327	0
16:15:45	0.672520,2.226628,0.327356	0.675551,2.066837,0.343575	0.000000,0.000000,0.000000	0.672520,2.226628,0.327356	0
16:15:45	0.672499,2.226541,0.327371	0.675557,2.066832,0.343568	0.000000,0.000000,0.000000	0.672499,2.226541,0.327371	0
16:15:45	0.672540,2.226637,0.327369	0.697698,2.068825,0.343424	0.000000,0.000000,0.000000	0.672540,2.226637,0.327369	0
16:15:45	0.672475,2.226590,0.327276	0.697632,2.068785,0.343352	0.000000,0.000000,0.000000	0.672475,2.226590,0.327276	0
16:15:46	0.672465,2.226586,0.327265	0.697675,2.068844,0.343431	0.000000,0.000000,0.000000	0.672465,2.226586,0.327265	0
16:15:46	0.672467,2.226597,0.327278	0.697639,2.068803,0.343367	0.000000,0.000000,0.000000	0.672467,2.226597,0.327278	0
16:15:46	0.672475,2.226603,0.327276	0.697645,2.068792,0.343369	0.000000,0.000000,0.000000	0.672475,2.226603,0.327276	0
16:15:46	0.672469,2.226593,0.327288	0.697634,2.068795,0.343372	0.000000,0.000000,0.000000	0.672469,2.226593,0.327288	0
16:15:46	0.672534,2.226634,0.327356	0.697633,2.068785,0.343356	0.000000,0.000000,0.000000	0.672534,2.226634,0.327356	0
16:15:46	0.672509,2.226628,0.327356	0.697646,2.068785,0.343361	0.000000,0.000000,0.000000	0.672509,2.226628,0.327356	0
16:15:46	0.672467,2.226584,0.327280	0.697637,2.068796,0.343368	0.000000,0.000000,0.000000	0.672467,2.226584,0.327280	0
16:15:46	0.672528,2.226642,0.327366	0.697637,2.068796,0.343374	0.000000,0.000000,0.000000	0.672528,2.226642,0.327366	0
16:15:46	0.672466,2.226596,0.327281	0.751451,2.087867,0.349047	0.000000,0.000000,0.000000	0.672466,2.226596,0.327281	0
16:15:46	0.672530,2.226636,0.327363	0.751453,2.087862,0.349045	0.000000,0.000000,0.000000	0.672530,2.226636,0.327363	0
16:15:47	0.672500,2.226546,0.327357	0.751449,2.087873,0.349043	0.000000,0.000000,0.000000	0.672500,2.226546,0.327357	0
16:15:47	0.672538,2.226642,0.327353	0.751496,2.087913,0.349110	0.000000,0.000000,0.000000	0.672538,2.226642,0.327353	0
16:15:47	0.672444,2.226492,0.327275	0.751457,2.087876,0.349046	0.000000,0.000000,0.000000	0.672444,2.226492,0.327275	0
16:15:47	0.672472,2.226588,0.327279	0.751498,2.087923,0.349112	0.000000,0.000000,0.000000	0.672472,2.226588,0.327279	0
16:15:47	0.672483,2.226602,0.327281	0.751452,2.087879,0.349048	0.000000,0.000000,0.000000	0.672483,2.226602,0.327281	0
16:15:47	0.672467,2.226601,0.327272	0.751493,2.087902,0.349113	0.000000,0.000000,0.000000	0.672467,2.226601,0.327272	0
16:15:47	0.672533,2.226635,0.327376	0.751498,2.087919,0.349116	0.000000,0.000000,0.000000	0.672533,2.226635,0.327376	0
16:15:47	0.672518,2.226634,0.327390	0.768985,2.099469,0.349637	0.000000,0.000000,0.000000	0.672518,2.226634,0.327390	0
16:15:47	0.672464,2.226586,0.327279	0.768931,2.099386,0.349632	0.000000,0.000000,0.000000	0.672464,2.226586,0.327279	0
16:15:47	0.672489,2.226624,0.327347	0.768953,2.099478,0.349637	0.000000,0.000000,0.000000	0.672489,2.226624,0.327347	0
16:15:48	0.672442,2.226580,0.327276	0.768977,2.099468,0.349652	0.000000,0.000000,0.000000	0.672442,2.226580,0.327276	0
16:15:48	0.672533,2.226640,0.327371	0.768962,2.099468,0.349649	0.000000,0.000000,0.000000	0.672533,2.226640,0.327371	0
16:15:48	0.672427,2.226505,0.327278	0.769030,2.099499,0.349700	0.000000,0.000000,0.000000	0.672427,2.226505,0.327278	0
16:15:48	0.672469,2.226594,0.327266	0.768956,2.099451,0.349637	0.000000,0.000000,0.000000	0.672469,2.226594,0.327266	0
16:15:48	0.672419,2.226493,0.327257	0.768947,2.099379,0.349646	0.000000,0.000000,0.000000	0.672419,2.226493,0.327257	0
16:15:48	0.672466,2.226599,0.327258	0.769029,2.099512,0.349709	0.000000,0.000000,0.000000	0.672466,2.226599,0.327258	0
16:15:48	0.672535,2.226639,0.327352	0.768966,2.099473,0.349654	0.000000,0.000000,0.000000	0.672535,2.226639,0.327352	0
16:15:48	0.672477,2.226588,0.327266	0.768986,2.099464,0.349642	0.000000,0.000000,0.000000	0.672477,2.226588,0.327266	0
16:15:48	0.672469,2.226597,0.327259	0.811335,2.147812,0.349103	0.000000,0.000000,0.000000	0.672469,2.226597,0.327259	0
16:15:48	0.672458,2.226605,0.327262	0.811287,2.147781,0.349045	0.000000,0.000000,0.000000	0.672458,2.226605,0.327262	0
16:15:49	0.672477,2.226602,0.327284	0.811290,2.147788,0.349042	0.000000,0.000000,0.000000	0.672477,2.226602,0.327284	0
16:15:49	0.672529,2.226642,0.327367	0.811273,2.147787,0.349047	0.000000,0.000000,0.000000	0.672529,2.226642,0.327367	0
16:15:49	0.672518,2.226633,0.327352	0.811281,2.147776,0.349035	0.000000,0.000000,0.000000	0.672518,2.226633,0.327352	0
16:15:49	0.672477,2.226595,0.327267	0.811291,2.147780,0.349039	0.000000,0.000000,0.000000	0.672477,2.226595,0.327267	0
16:15:49	0.672462,2.226586,0.327262	0.811288,2.147775,0.349038	0.000000,0.000000,0.000000	0.672462,2.226586,0.327262	0
16:15:49	0.672464,2.226596,0.327284	0.811286,2.147788,0.349048	0.000000,0.000000,0.000000	0.672464,2.226596,0.327284	0
16:15:49	0.672464,2.226593,0.327275	0.811266,2.147772,0.349043	0.000000,0.000000,0.000000	0.672464,2.226593,0.327275	0
16:15:49	0.672510,2.226634,0.327348	0.811272,2.147772,0.349043	0.000000,0.000000,0.000000	0.672510,2.226634,0.327348	0
16:15:49	0.672457,2.226586,0.327261	0.811275,2.147784,0.349043	0.000000,0.000000,0.000000	0.672457,2.226586,0.327261	0
16:15:49	0.672472,2.226583,0.327278	0.819916,2.165384,0.348153	0.000000,0.000000,0.000000	0.672472,2.226583,0.327278	0
16:15:50	0.672460,2.226600,0.327267	0.819920,2.165378,0.348138	0.000000,0.000000,0.000000	0.672460,2.226600,0.327267	0
16:15:50	0.672463,2.226596,0.327259	0.819889,2.165287,0.348147	0.000000,0.000000,0.000000	0.672463,2.226596,0.327259	0
16:15:50	0.672445,2.226597,0.327256	0.819921,2.165364,0.348159	0.000000,0.000000,0.000000	0.672445,2.226597,0.327256	0
16:15:50	0.672454,2.226616,0.327275	0.820000,2.165400,0.348232	0.000000,0.000000,0.000000	0.672454,2.226616,0.327275	0
16:15:50	0.672471,2.226610,0.327288	0.819915,2.165364,0.348147	0.000000,0.000000,0.000000	0.672471,2.226610,0.327288	0
16:15:50	0.672462,2.226595,0.327272	0.819912,2.165341,0.348122	0.000000,0.000000,0.000000	0.672462,2.226595,0.327272	0
16:15:50	0.672455,2.226588,0.327243	0.819904,2.165353,0.348133	0.000000,0.000000,0.000000	0.672455,2.226588,0.327243	0
16:15:50	0.672457,2.226601,0.327249	0.819926,2.165377,0.348158	0.000000,0.000000,0.000000	0.672457,2.226601,0.327249	0
16:15:50	0.672511,2.226651,0.327350	0.819986,2.165404,0.348220	0.000000,0.000000,0.000000	0.672511,2.226651,0.327350	0
16:15:50	0.672518,2.226651,0.327372	0.831647,2.212464,0.343488	0.000000,0.000000,0.000000	0.672518,2.226651,0.327372	0
16:15:51	0.672517,2.226643,0.327350	0.831639,2.212465,0.343474	0.000000,0.000000,0.000000	0.672517,2.226643,0.327350	0
16:15:51	0.672457,2.226599,0.327259	0.831635,2.212469,0.343488	0.000000,0.000000,0.000000	0.672457,2.226599,0.327259	0
16:15:51	0.672475,2.226597,0.327272	0.831696,2.212510,0.343560	0.000000,0.000000,0.000000	0.672475,2.226597,0.327272	0
16:15:51	0.672456,2.226597,0.327269	0.831641,2.212479,0.343488	0.000000,0.000000,0.000000	0.672456,2.226597,0.327269	0
16:15:51	0.672459,2.226592,0.327272	0.831626,2.212468,0.343485	0.000000,0.000000,0.000000	0.672459,2.226592,0.327272	0
16:15:51	0.672456,2.226596,0.327273	0.831616,2.212463,0.343488	0.000000,0.000000,0.000000	0.672456,2.226596,0.327273	0
16:15:51	0.672468,2.226599,0.327272	0.831631,2.212478,0.343496	0.000000,0.000000,0.000000	0.672468,2.226599,0.327272	0
16:15:51	0.672465,2.226598,0.327257	0.831689,2.212528,0.343559	0.000000,0.000000,0.000000	0.672465,2.226598,0.327257	0
16:15:51	0.672462,2.226601,0.327286	0.831322,2.244670,0.342469	0.000000,0.000000,0.000000	0.672462,2.226601,0.327286	0
16:15:51	0.672521,2.226630,0.327370	0.831263,2.244624,0.342398	0.000000,0.000000,0.000000	0.672521,2.226630,0.327370	0
16:15:52	0.672527,2.226642,0.327362	0.831274,2.244626,0.342392	0.000000,0.000000,0.000000	0.672527,2.226642,0.327362	0
16:15:52	0.672439,2.226490,0.327270	0.831255,2.244622,0.342378	0.000000,0.000000,0.000000	0.672439,2.226490,0.327270	0
16:15:52	0.672460,2.226580,0.327280	0.831220,2.244561,0.342391	0.000000,0.000000,0.000000	0.672460,2.226580,0.327280	0
16:15:52	0.672436,2.226486,0.327290	0.831310,2.244672,0.342468	0.000000,0.000000,0.000000	0.672436,2.226486,0.327290	0
16:15:52	0.672517,2.226626,0.327380	0.831259,2.244635,0.342379	0.000000,0.000000,0.000000	0.672517,2.226626,0.327380	0
16:15:52	0.672521,2.226639,0.327350	0.831252,2.244632,0.342397	0.000000,0.000000,0.000000	0.672521,2.226639,0.327350	0
16:15:52	0.672428,2.226489,0.327266	0.831248,2.244610,0.342406	0.000000,0.000000,0.000000	0.672428,2.226489,0.327266	0
16:15:52	0.672509,2.226626,0.327356	0.831265,2.244614,0.342404	0.000000,0.000000,0.000000	0.672509,2.226626,0.327356	0
16:15:52	0.672461,2.226604,0.327272	0.823236,2.279713,0.340763	0.000000,0.000000,0.000000	0.672461,2.226604,0.327272	0
16:15:52	0.672450,2.226591,0.327262	0.823229,2.279694,0.340753	0.000000,0.000000,0.000000	0.672450,2.226591,0.327262	0
16:15:53	0.672460,2.226610,0.327257	0.823222,2.279701,0.340751	0.000000,0.000000,0.000000	0.672460,2.226610,0.327257	0
16:15:53	0.672452,2.226606,0.327248	0.823194,2.279614,0.340763	0.000000,0.000000,0.000000	0.672452,2.226606,0.327248	0
16:15:53	0.672456,2.226623,0.327232	0.823234,2.279689,0.340757	0.000000,0.000000,0.000000	0.672456,2.226623,0.327232	0
16:15:53	0.672444,2.226621,0.327238	0.823236,2.279689,0.340766	0.000000,0.000000,0.000000	0.672444,2.226621,0.327238	0
16:15:53	0.672451,2.226618,0.327272	0.823228,2.279695,0.340763	0.000000,0.000000,0.000000	0.672451,2.226618,0.327272	0
16:15:53	0.672508,2.226655,0.327373	0.823235,2.279697,0.340734	0.000000,0.000000,0.000000	0.672508,2.226655,0.327373	0
16:15:53	0.672431,2.226517,0.327268	0.823238,2.279707,0.340728	0.000000,0.000000,0.000000	0.672431,2.226517,0.327268	0
16:15:53	0.672452,2.226606,0.327250	0.816722,2.295538,0.338728	0.000000,0.000000,0.000000	0.672452,2.226606,0.327250	0
16:15:53	0.672430,2.226609,0.327251	0.816726,2.295533,0.338759	0.000000,0.000000,0.000000	0.672430,2.226609,0.327251	0
16:15:53	0.672454,2.226595,0.327273	0.816715,2.295451,0.338773	0.000000,0.000000,0.000000	0.672454,2.226595,0.327273	0
16:15:54	0.672464,2.226628,0.327308	0.816794,2.295572,0.338840	0.000000,0.000000,0.000000	0.672464,2.226628,0.327308	0
16:15:54	0.672455,2.226611,0.327281	0.816767,2.295556,0.338836	0.000000,0.000000,0.000000	0.672455,2.226611,0.327281	0
16:15:54	0.672469,2.226577,0.327269	0.816757,2.295558,0.338829	0.000000,0.000000,0.000000	0.672469,2.226577,0.327269	0
16:15:54	0.672440,2.226486,0.327275	0.816737,2.295489,0.338845	0.000000,0.000000,0.000000	0.672440,2.226486,0.327275	0
16:15:54	0.672529,2.226621,0.327366	0.816731,2.295543,0.338777	0.000000,0.000000,0.000000	0.672529,2.226621,0.327366	0
16:15:54	0.672483,2.226583,0.327260	0.816749,2.295481,0.338848	0.000000,0.000000,0.000000	0.672483,2.226583,0.327260	0
16:15:54	0.672464,2.226574,0.327259	0.816727,2.295524,0.338768	0.000000,0.000000,0.000000	0.672464,2.226574,0.327259	0
16:15:54	0.672455,2.226584,0.327255	0.809380,2.308469,0.349527	0.000000,0.000000,0.000000	0.672455,2.226584,0.327255	0
16:15:54	0.672513,2.226631,0.327344	0.809484,2.308599,0.349608	0.000000,0.000000,0.000000	0.672513,2.226631,0.327344	0
16:15:54	0.672463,2.226591,0.327261	0.809485,2.308585,0.349597	0.000000,0.000000,0.000000	0.672463,2.226591,0.327261	0
16:15:55	0.672464,2.226591,0.327260	0.809417,2.308552,0.349503	0.000000,0.000000,0.000000	0.672464,2.226591,0.327260	0
16:15:55	0.672459,2.226597,0.327260	0.809429,2.308567,0.349500	0.000000,0.000000,0.000000	0.672459,2.226597,0.327260	0
16:15:55	0.672456,2.226595,0.327264	0.809426,2.308577,0.349512	0.000000,0.000000,0.000000	0.672456,2.226595,0.327264	0
16:15:55	0.672526,2.226636,0.327379	0.809432,2.308577,0.349499	0.000000,0.000000,0.000000	0.672526,2.226636,0.327379	0
16:15:55	0.672462,2.226594,0.327277	0.809428,2.308574,0.349504	0.000000,0.000000,0.000000	0.672462,2.226594,0.327277	0
16:15:55	0.672511,2.226640,0.327356	0.809417,2.308566,0.349499	0.000000,0.000000,0.000000	0.672511,2.226640,0.327356	0
16:15:55	0.672458,2.226594,0.327278	0.809476,2.308620,0.349576	0.000000,0.000000,0.000000	0.672458,2.226594,0.327278	0
16:15:55	0.672467,2.226596,0.327273	0.809423,2.308574,0.349522	0.000000,0.000000,0.000000	0.672467,2.226596,0.327273	0
16:15:55	0.672471,2.226599,0.327278	0.806638,2.313216,0.349130	0.000000,0.000000,0.000000	0.672471,2.226599,0.327278	0
16:15:55	0.672469,2.226586,0.327281	0.806578,2.313161,0.349045	0.000000,0.000000,0.000000	0.672469,2.226586,0.327281	0
16:15:56	0.672468,2.226597,0.327270	0.806577,2.313172,0.349044	0.000000,0.000000,0.000000	0.672468,2.226597,0.327270	0
16:15:56	0.672471,2.226583,0.327270	0.806571,2.313169,0.349050	0.000000,0.000000,0.000000	0.672471,2.226583,0.327270	0
16:15:56	0.672426,2.226499,0.327255	0.806573,2.313175,0.349042	0.000000,0.000000,0.000000	0.672426,2.226499,0.327255	0
16:15:56	0.672465,2.226605,0.327261	0.806641,2.313244,0.349144	0.000000,0.000000,0.000000	0.672465,2.226605,0.327261	0
16:15:56	0.672453,2.226608,0.327269	0.806637,2.313214,0.349141	0.000000,0.000000,0.000000	0.672453,2.226608,0.327269	0
16:15:56	0.672549,2.226659,0.327397	0.806581,2.313178,0.349051	0.000000,0.000000,0.000000	0.672549,2.226659,0.327397	0
16:15:56	0.672540,2.226623,0.327402	0.806521,2.313055,0.349035	0.000000,0.000000,0.000000	0.672540,2.226623,0.327402	0
16:15:56	0.672438,2.226547,0.327226	0.806552,2.313162,0.348997	0.000000,0.000000,0.000000	0.672438,2.226547,0.327226	0
16:15:56	0.672451,2.226591,0.327223	0.803169,2.316736,0.367431	0.000000,0.000000,0.000000	0.672451,2.226591,0.327223	0
16:15:56	0.672527,2.226644,0.327382	0.803175,2.316721,0.367468	0.000000,0.000000,0.000000	0.672527,2.226644,0.327382	0
16:15:57	0.672551,2.226668,0.327410	0.803157,2.316690,0.367451	0.000000,0.000000,0.000000	0.672551,2.226668,0.327410	0
16:15:57	0.672466,2.226585,0.327291	0.803131,2.316663,0.367376	0.000000,0.000000,0.000000	0.672466,2.226585,0.327291	0
16:15:57	0.672453,2.226561,0.327213	0.803143,2.316665,0.367372	0.000000,0.000000,0.000000	0.672453,2.226561,0.327213	0
16:15:57	0.672450,2.226591,0.327217	0.803167,2.316686,0.367436	0.000000,0.000000,0.000000	0.672450,2.226591,0.327217	0
16:15:57	0.672542,2.226629,0.327393	0.803158,2.316706,0.367427	0.000000,0.000000,0.000000	0.672542,2.226629,0.327393	0
16:15:57	0.672463,2.226572,0.327302	0.803150,2.316693,0.367357	0.000000,0.000000,0.000000	0.672463,2.226572,0.327302	0
16:15:57	0.672455,2.226596,0.327260	0.803161,2.316698,0.367366	0.000000,0.000000,0.000000	0.672455,2.226596,0.327260	0
16:15:57	0.672513,2.226628,0.327361	0.803209,2.316735,0.367468	0.000000,0.000000,0.000000	0.672513,2.226628,0.327361	0
16:15:57	0.672523,2.226628,0.327396	0.797597,2.318022,0.406929	0.000000,0.000000,0.000000	0.672523,2.226628,0.327396	0
16:15:57	0.672466,2.226587,0.327294	0.797594,2.317993,0.406932	0.000000,0.000000,0.000000	0.672466,2.226587,0.327294	0
16:15:58	0.672489,2.226530,0.327362	0.797645,2.318046,0.406999	0.000000,0.000000,0.000000	0.672489,2.226530,0.327362	0
16:15:58	0.672524,2.226624,0.327353	0.797594,2.318020,0.406947	0.000000,0.000000,0.000000	0.672524,2.226624,0.327353	0
16:15:58	0.672456,2.226587,0.327265	0.797637,2.318060,0.407037	0.000000,0.000000,0.000000	0.672456,2.226587,0.327265	0
16:15:58	0.672525,2.226637,0.327353	0.797601,2.318012,0.406950	0.000000,0.000000,0.000000	0.672525,2.226637,0.327353	0
16:15:58	0.672531,2.226636,0.327365	0.797597,2.318006,0.406939	0.000000,0.000000,0.000000	0.672531,2.226636,0.327365	0
16:15:58	0.672523,2.226632,0.327354	0.797584,2.318011,0.406926	0.000000,0.000000,0.000000	0.672523,2.226632,0.327354	0
16:15:58	0.672456,2.226588,0.327257	0.797587,2.318013,0.406937	0.000000,0.000000,0.000000	0.672456,2.226588,0.327257	0
16:15:58	0.672446,2.226592,0.327275	0.797593,2.318015,0.406929	0.000000,0.000000,0.000000	0.672446,2.226592,0.327275	0
16:15:58	0.672524,2.226640,0.327361	0.800986,2.310171,0.418950	0.000000,0.000000,0.000000	0.672524,2.226640,0.327361	0
16:15:58	0.672468,2.226590,0.327281	0.800988,2.310150,0.418943	0.000000,0.000000,0.000000	0.672468,2.226590,0.327281	0
16:15:59	0.672514,2.226630,0.327347	0.800973,2.310157,0.418924	0.000000,0.000000,0.000000	0.672514,2.226630,0.327347	0
16:15:59	0.672463,2.226581,0.327264	0.800953,2.310080,0.418932	0.000000,0.000000,0.000000	0.672463,2.226581,0.327264	0
16:15:59	0.672462,2.226580,0.327265	0.800986,2.310160,0.418937	0.000000,0.000000,0.000000	0.672462,2.226580,0.327265	0
16:15:59	0.672592,2.226553,0.327457	0.801040,2.310195,0.419018	0.000000,0.000000,0.000000	0.672592,2.226553,0.327457	0
16:15:59	0.672642,2.226495,0.327244	0.801110,2.310121,0.419107	0.000000,0.000000,0.000000	0.672642,2.226495,0.327244	0
16:15:59	0.672462,2.226583,0.327280	0.801089,2.310052,0.418863	0.000000,0.000000,0.000000	0.672462,2.226583,0.327280	0
16:15:59	0.672517,2.226630,0.327370	0.801010,2.310097,0.419010	0.000000,0.000000,0.000000	0.672517,2.226630,0.327370	0
16:15:59	0.672463,2.226586,0.327285	0.800959,2.310067,0.418924	0.000000,0.000000,0.000000	0.672463,2.226586,0.327285	0
16:15:59	0.672459,2.226575,0.327289	0.800398,2.306836,0.433418	0.000000,0.000000,0.000000	0.672459,2.226575,0.327289	0
16:15:59	0.672487,2.226526,0.327372	0.800335,2.306791,0.433345	0.000000,0.000000,0.000000	0.672487,2.226526,0.327372	0
16:16:00	0.672481,2.226576,0.327286	0.800396,2.306844,0.433431	0.000000,0.000000,0.000000	0.672481,2.226576,0.327286	0
16:16:00	0.672465,2.226571,0.327293	0.800410,2.306841,0.433436	0.000000,0.000000,0.000000	0.672465,2.226571,0.327293	0
16:16:00	0.672518,2.226625,0.327395	0.800404,2.306842,0.433445	0.000000,0.000000,0.000000	0.672518,2.226625,0.327395	0
16:16:00	0.672473,2.226564,0.327268	0.800341,2.306784,0.433335	0.000000,0.000000,0.000000	0.672473,2.226564,0.327268	0
16:16:00	0.672525,2.226610,0.327329	0.800335,2.306795,0.433349	0.000000,0.000000,0.000000	0.672525,2.226610,0.327329	0
16:16:00	0.672438,2.226483,0.327246	0.800350,2.306778,0.433360	0.000000,0.000000,0.000000	0.672438,2.226483,0.327246	0
16:16:00	0.672463,2.226602,0.327270	0.800358,2.306792,0.433370	0.000000,0.000000,0.000000	0.672463,2.226602,0.327270	0
16:16:00	0.672458,2.226596,0.327270	0.800408,2.306832,0.433442	0.000000,0.000000,0.000000	0.672458,2.226596,0.327270	0
16:16:00	0.672517,2.226640,0.327349	0.800404,2.306845,0.433430	0.000000,0.000000,0.000000	0.672517,2.226640,0.327349	0
16:16:00	0.672520,2.226633,0.327355	0.800346,2.306799,0.433339	0.000000,0.000000,0.000000	0.672520,2.226633,0.327355	0
16:16:01	0.672520,2.226634,0.327367	0.800351,2.306801,0.433345	0.000000,0.000000,0.000000	0.672520,2.226634,0.327367	0
