# Flight Log 
# 25 08 17 - 19:26:23
Time		X,Y,Z				goalX,goalY,goalZ		ddx,ddy,ddz			angularx,angulary,angularz	battery
19:26:23	0.000000,0.000000,0.000000	0.000000,0.000000,0.000000	0.000000,0.000000,0.000000	0.000000,0.000000,0.000000	0
19:26:23	0.000000,0.000000,0.000000	0.000000,0.000000,0.000000	0.000000,0.000000,0.000000	0.000000,0.000000,0.000000	0
19:26:23	0.695562,0.827337,0.410296	0.806370,0.941575,0.378418	-0.100591,0.098196,10.260264	0.695562,0.827337,0.410296	3.81642222404
19:26:23	0.696708,0.826334,0.409622	0.806906,0.941064,0.378172	-0.095801,0.100591,10.260264	0.696708,0.826334,0.409622	3.81642222404
19:26:23	0.696450,0.826440,0.410135	0.806416,0.941659,0.378503	-0.093406,0.095801,10.255474	0.696450,0.826440,0.410135	3.81642222404
19:26:23	0.695465,0.827361,0.410262	0.806419,0.941528,0.378752	-0.091011,0.098196,10.262659	0.695465,0.827361,0.410262	3.81642222404
19:26:23	0.696371,0.826539,0.410003	0.806465,0.941583,0.378671	-0.093406,0.102986,10.255474	0.696371,0.826539,0.410003	3.81642222404
19:26:23	0.696398,0.826446,0.410130	0.806897,0.941100,0.378057	-0.093406,0.098196,10.250684	0.696398,0.826446,0.410130	3.81642222404
19:26:23	0.696379,0.826541,0.410007	0.806377,0.941614,0.378414	-0.091011,0.098196,10.250684	0.696379,0.826541,0.410007	3.81642222404
19:26:24	0.695485,0.827354,0.410254	0.806465,0.941621,0.378671	-0.093406,0.093406,10.255474	0.695485,0.827354,0.410254	3.81642222404
19:26:24	0.696524,0.826455,0.410048	0.806913,0.941135,0.378119	-0.095801,0.100591,10.245894	0.696524,0.826455,0.410048	3.81642222404
19:26:24	0.695585,0.827341,0.410279	0.806964,0.941170,0.378227	-0.095801,0.100591,10.248289	0.695585,0.827341,0.410279	3.81642222404
19:26:24	0.695484,0.827360,0.410278	0.806890,0.941050,0.378131	-0.095801,0.095801,10.265054	0.695484,0.827360,0.410278	3.81642222404
19:26:24	0.695474,0.827362,0.410302	0.806386,0.941621,0.378426	-0.095801,0.095801,10.253079	0.695474,0.827362,0.410302	3.81642222404
19:26:24	0.695463,0.827354,0.410291	0.806501,0.941632,0.378787	-0.091011,0.100591,10.260264	0.695463,0.827354,0.410291	3.81642222404
19:26:24	0.695491,0.827357,0.410261	0.806464,0.941584,0.378670	-0.093406,0.102986,10.260264	0.695491,0.827357,0.410261	3.81642222404
19:26:24	0.696445,0.826535,0.409981	0.806376,0.941583,0.378460	-0.095801,0.100591,10.248289	0.696445,0.826535,0.409981	3.81642222404
19:26:24	0.696352,0.826549,0.410014	0.806469,0.941634,0.378678	-0.095801,0.100591,10.255474	0.696352,0.826549,0.410014	3.81642222404
19:26:24	0.696443,0.826531,0.409989	0.806500,0.941611,0.378752	-0.095801,0.100591,10.253079	0.696443,0.826531,0.409989	3.82170081139
19:26:25	0.695544,0.827345,0.410297	0.806387,0.941603,0.378477	-0.088616,0.102986,10.248289	0.695544,0.827345,0.410297	3.81642222404
19:26:25	0.696419,0.826442,0.410114	0.806902,0.941129,0.378133	-0.093406,0.095801,10.248289	0.696419,0.826442,0.410114	3.81642222404
19:26:25	0.696415,0.826436,0.410117	0.806377,0.941630,0.378442	-0.093406,0.091011,10.262659	0.696415,0.826436,0.410117	3.82170081139
19:26:25	0.695563,0.827342,0.410276	0.806470,0.941639,0.378709	-0.095801,0.095801,10.250684	0.695563,0.827342,0.410276	3.81642222404
19:26:25	0.695609,0.827404,0.410219	0.806386,0.941589,0.378461	-0.088616,0.102986,10.250684	0.695609,0.827404,0.410219	3.81642222404
19:26:25	0.695584,0.827332,0.410271	0.806459,0.941594,0.378680	-0.086221,0.098196,10.253079	0.695584,0.827332,0.410271	3.81642222404
19:26:25	0.696510,0.826458,0.410069	0.806886,0.941035,0.378071	-0.086221,0.098196,10.255474	0.696510,0.826458,0.410069	3.81642222404
19:26:25	0.695543,0.827353,0.410297	0.806885,0.941027,0.378050	-0.091011,0.093406,10.262659	0.695543,0.827353,0.410297	3.81642222404
19:26:25	0.696421,0.826441,0.410121	0.806378,0.941614,0.378427	-0.091011,0.093406,10.265054	0.696421,0.826441,0.410121	3.82170081139
19:26:25	0.696483,0.826423,0.410123	0.806899,0.941046,0.378121	-0.091011,0.098196,10.267449	0.696483,0.826423,0.410123	3.81642222404
19:26:26	0.696504,0.826469,0.410070	0.806459,0.941581,0.378658	-0.098196,0.095801,10.253079	0.696504,0.826469,0.410070	3.81642222404
19:26:26	0.695460,0.827359,0.410286	0.806380,0.941588,0.378443	-0.100591,0.100591,10.257869	0.695460,0.827359,0.410286	3.81642222404
19:26:26	0.695461,0.827367,0.410297	0.806917,0.941141,0.378124	-0.102986,0.100591,10.253079	0.695461,0.827367,0.410297	3.81642222404
19:26:26	0.695481,0.827353,0.410285	0.806887,0.941043,0.378114	-0.093406,0.102986,10.245894	0.695481,0.827353,0.410285	3.81642222404
19:26:26	0.695623,0.827397,0.410174	0.806462,0.941590,0.378682	-0.091011,0.098196,10.255474	0.695623,0.827397,0.410174	3.81642222404
19:26:26	0.695461,0.827370,0.410280	0.806919,0.941129,0.378097	-0.091011,0.100591,10.255474	0.695461,0.827370,0.410280	3.81642222404
19:26:26	0.696352,0.826549,0.410024	0.806456,0.941558,0.378654	-0.095801,0.105381,10.243499	0.696352,0.826549,0.410024	3.81642222404
19:26:26	0.696381,0.826532,0.409993	0.806896,0.941044,0.378120	-0.095801,0.098196,10.250684	0.696381,0.826532,0.409993	3.81642222404
19:26:26	0.696380,0.826541,0.409994	0.806917,0.941136,0.378104	-0.102986,0.100591,10.260264	0.696380,0.826541,0.409994	3.81642222404
19:26:26	0.695493,0.827355,0.410264	0.806880,0.941036,0.378078	-0.098196,0.105381,10.253079	0.695493,0.827355,0.410264	3.81642222404
19:26:27	0.696447,0.826525,0.409977	0.806891,0.941025,0.378072	-0.098196,0.110171,10.260264	0.696447,0.826525,0.409977	3.81642222404
19:26:27	0.695611,0.827405,0.410229	0.806499,0.941617,0.378760	-0.093406,0.091011,10.253079	0.695611,0.827405,0.410229	3.82170081139
19:26:27	0.696470,0.826569,0.409940	0.806909,0.941119,0.378112	-0.095801,0.095801,10.260264	0.696470,0.826569,0.409940	3.81642222404
19:26:27	0.695480,0.827354,0.410276	0.806908,0.941036,0.378087	-0.095801,0.093406,10.250684	0.695480,0.827354,0.410276	3.81642222404
19:26:27	0.695465,0.827358,0.410278	0.806807,0.940875,0.377506	-0.100591,0.102986,10.245894	0.695465,0.827358,0.410278	3.81642222404
19:26:27	0.696481,0.826431,0.410112	0.806908,0.941037,0.378073	-0.100591,0.091011,10.255474	0.696481,0.826431,0.410112	3.81642222404
19:26:27	0.696368,0.826544,0.410009	0.806376,0.941587,0.378455	-0.102986,0.102986,10.253079	0.696368,0.826544,0.410009	3.81642222404
19:26:27	0.696427,0.826541,0.410001	0.806461,0.941591,0.378674	-0.098196,0.102986,10.253079	0.696427,0.826541,0.410001	3.81642222404
19:26:27	0.696417,0.826431,0.410121	0.806458,0.941590,0.378685	-0.095801,0.100591,10.255474	0.696417,0.826431,0.410121	3.81642222404
19:26:27	0.695572,0.827343,0.410271	0.806505,0.941682,0.378806	-0.100591,0.100591,10.257869	0.695572,0.827343,0.410271	3.81642222404
19:26:28	0.696403,0.826444,0.410134	0.806381,0.941627,0.378452	-0.102986,0.098196,10.250684	0.696403,0.826444,0.410134	3.81642222404
19:26:28	0.695471,0.827366,0.410309	0.806959,0.941092,0.378186	-0.095801,0.098196,10.260264	0.695471,0.827366,0.410309	3.81642222404
19:26:28	0.696366,0.826540,0.410013	0.806913,0.941054,0.378131	-0.088616,0.102986,10.262659	0.696366,0.826540,0.410013	3.81642222404
19:26:28	0.696383,0.826543,0.409981	0.806389,0.941634,0.378456	-0.093406,0.102986,10.257869	0.696383,0.826543,0.409981	3.82170081139
19:26:28	0.695436,0.827374,0.410313	0.806465,0.941633,0.378707	-0.098196,0.102986,10.253079	0.695436,0.827374,0.410313	3.81642222404
19:26:28	0.696412,0.826445,0.410131	0.806896,0.941112,0.378073	-0.098196,0.098196,10.262659	0.696412,0.826445,0.410131	3.81642222404
19:26:28	0.696386,0.826438,0.410137	0.806463,0.941577,0.378567	-0.088616,0.098196,10.253079	0.696386,0.826438,0.410137	3.81642222404
19:26:28	0.696390,0.826581,0.409979	0.806806,0.940883,0.377443	-0.129331,0.059875,10.255474	0.696390,0.826581,0.409979	3.74780058861
19:26:28	0.696415,0.826502,0.409962	0.806365,0.941614,0.378401	-0.057480,0.071851,10.229128	0.696415,0.826502,0.409962	3.74780058861
19:26:28	0.696417,0.826528,0.410034	0.806393,0.941623,0.378569	-0.110171,0.119751,10.111772	0.696417,0.826528,0.410034	3.73724341393
19:26:29	0.696419,0.826409,0.410119	0.806495,0.941642,0.378748	-0.141306,0.165256,10.145303	0.696419,0.826409,0.410119	3.73196482658
19:26:29	0.696379,0.826433,0.410152	0.806369,0.941546,0.378305	-0.079036,0.129331,10.356064	0.696379,0.826433,0.410152	3.72668623924
19:26:29	0.696235,0.826603,0.410079	0.806443,0.941595,0.378644	-0.026345,0.064666,10.154883	0.696235,0.826603,0.410079	3.7214076519
19:26:29	0.696261,0.826643,0.410026	0.834370,0.970521,0.381959	-0.105381,0.155676,10.200388	0.696261,0.826643,0.410026	3.71612906456
19:26:29	0.696123,0.826492,0.410253	0.834355,0.970543,0.382222	-0.071851,0.239502,10.111772	0.696123,0.826492,0.410253	3.70557188988
19:26:29	0.696076,0.826564,0.410077	0.834355,0.970401,0.382268	-0.155676,-0.059875,9.999207	0.696076,0.826564,0.410077	3.70029330254
19:26:29	0.696160,0.826420,0.410159	0.834315,0.970385,0.382069	-0.028740,0.081431,10.257869	0.696160,0.826420,0.410159	3.68973612785
19:26:29	0.696129,0.826312,0.410149	0.834150,0.970404,0.381782	-0.107776,-0.011975,10.432705	0.696129,0.826312,0.410149	3.68445754051
19:26:29	0.696903,0.826214,0.409249	0.834127,0.971083,0.384719	0.069456,0.081431,10.528506	0.696903,0.826214,0.409249	3.67917895317
19:26:29	0.696249,0.826483,0.410077	0.834206,0.970434,0.382354	-0.052690,0.095801,10.243499	0.696249,0.826483,0.410077	3.66862177849
19:26:30	0.696639,0.826390,0.409894	0.834245,0.970971,0.382899	-0.138911,-0.014370,10.205178	0.696639,0.826390,0.409894	3.66334319115
19:26:30	0.696796,0.826457,0.409843	0.834242,0.971179,0.382879	-0.153281,-0.031135,10.183623	0.696796,0.826457,0.409843	3.65278601646
19:26:30	0.696808,0.826128,0.410032	0.833971,0.971145,0.382182	-0.126936,0.150886,10.049502	0.696808,0.826128,0.410032	3.64750742912
19:26:30	0.697460,0.825825,0.409422	0.833672,0.971138,0.382442	0.043110,0.004790,10.456655	0.697460,0.825825,0.409422	3.63695025444
19:26:30	0.697840,0.825525,0.409688	0.833266,0.972099,0.383753	-0.201182,0.122146,10.308164	0.697840,0.825525,0.409688	3.6316716671
19:26:30	0.697855,0.825113,0.409762	0.832901,0.971496,0.381949	-0.004790,0.069456,10.229128	0.697855,0.825113,0.409762	3.62111449242
19:26:30	0.697446,0.825103,0.410076	0.832813,0.971596,0.382505	-0.174836,0.124541,9.994417	0.697446,0.825103,0.410076	3.61055731773
19:26:30	0.697523,0.824526,0.410065	0.832390,0.971716,0.382608	-0.136516,0.134121,10.396780	0.697523,0.824526,0.410065	3.60527873039
19:26:30	0.697335,0.824473,0.410067	0.832126,0.971451,0.383098	-0.026345,0.232317,10.054292	0.697335,0.824473,0.410067	3.59472155571
19:26:30	0.698441,0.824350,0.409275	0.832195,0.971688,0.382681	-0.275427,-0.088616,10.363250	0.698441,0.824350,0.409275	3.58944296837
19:26:31	0.697595,0.822358,0.410037	0.830510,0.971273,0.383192	0.074246,0.371228,10.150093	0.697595,0.822358,0.410037	3.57888579369
19:26:31	0.698622,0.821490,0.409604	0.830351,0.971407,0.382507	-0.086221,0.268242,10.322534	0.698622,0.821490,0.409604	3.568328619
19:26:31	0.698825,0.820882,0.410156	0.828773,0.971953,0.382744	-0.004790,0.340093,10.279424	0.698825,0.820882,0.410156	3.55777144432
19:26:31	0.700066,0.820983,0.410086	0.828626,0.973381,0.382688	-0.045505,-0.229922,10.126143	0.700066,0.820983,0.410086	3.54721426964
19:26:31	0.701902,0.821239,0.410270	0.828556,0.975118,0.382176	-0.249082,-0.014370,10.305769	0.701902,0.821239,0.410270	3.53665685654
19:26:31	0.703087,0.822614,0.410029	0.829356,0.977098,0.383357	-0.031135,0.902922,10.015972	0.703087,0.822614,0.410029	3.52082109451
19:26:31	0.706442,0.824397,0.409874	0.830506,0.979817,0.381727	-0.052690,0.299377,9.896221	0.706442,0.824397,0.409874	3.51554250717
19:26:31	0.709822,0.826673,0.409668	0.831896,0.983611,0.381496	-0.349673,-0.091011,10.171648	0.709822,0.826673,0.409668	3.49970674515
19:26:31	0.714580,0.829208,0.409422	0.832788,0.988378,0.378939	0.016765,-0.081431,9.922566	0.714580,0.829208,0.409422	3.49442815781
19:26:31	0.720547,0.834228,0.411884	0.872848,0.960154,0.379424	-0.275427,0.756826,10.291399	0.720547,0.834228,0.411884	3.49442815781
19:26:32	0.730437,0.842332,0.415285	0.881568,0.967279,0.365327	0.009580,0.673000,10.229128	0.730437,0.842332,0.415285	3.49442815781
19:26:32	0.744269,0.854143,0.420204	0.856372,1.012051,0.486682	-0.265847,0.395178,10.200388	0.744269,0.854143,0.420204	3.45219945908
19:26:32	0.765930,0.870105,0.427565	0.907873,1.002061,0.466909	0.007185,0.282612,10.516531	0.765930,0.870105,0.427565	3.44164228439
19:26:32	0.798064,0.890072,0.434346	0.928234,1.033052,0.444554	0.232317,0.285007,10.365645	0.798064,0.890072,0.434346	3.42580652237
19:26:32	0.836344,0.912224,0.442087	0.983516,1.036281,0.421992	0.543669,0.107776,10.303374	0.836344,0.912224,0.442087	3.40997076035
19:26:32	0.873391,0.937165,0.450193	1.006377,1.074564,0.397308	0.119751,0.378413,10.665022	0.873391,0.937165,0.450193	3.39413499832
19:26:32	0.906772,0.964834,0.460889	1.033752,1.108404,0.501636	-0.285007,0.021555,10.420730	0.906772,0.964834,0.460889	3.37302064896
19:26:32	0.937753,0.993862,0.476290	1.063545,1.139576,0.458416	0.220342,0.009580,10.676997	0.937753,0.993862,0.476290	3.34662771225
19:26:32	0.965394,1.025578,0.497637	1.094703,1.167894,0.527009	-0.179626,0.613125,10.708132	0.965394,1.025578,0.497637	3.36774206161
19:26:32	0.995289,1.059445,0.517142	1.127982,1.197486,0.475962	-0.100591,0.586780,10.648257	0.995289,1.059445,0.517142	3.36774206161
19:26:33	1.026947,1.096541,0.537571	1.164792,1.229940,0.541809	-0.141306,-0.067061,9.936936	1.026947,1.096541,0.537571	3.36774206161
19:26:33	1.061406,1.136448,0.555128	1.201657,1.262156,0.620563	-0.105381,0.098196,10.777588	1.061406,1.136448,0.555128	3.38885641098
19:26:33	1.099096,1.179518,0.575240	1.246612,1.299008,0.561321	0.193997,-0.184417,10.605146	1.099096,1.179518,0.575240	3.39413499832
19:26:33	1.138143,1.224395,0.593734	1.291751,1.333342,0.645990	-0.033530,0.534089,9.467512	1.138143,1.224395,0.593734	3.39413499832
19:26:33	1.178923,1.270664,0.607739	1.303285,1.413310,0.594914	-0.148491,1.281335,10.703342	1.178923,1.270664,0.607739	3.3782992363
19:26:33	1.218176,1.318557,0.623751	1.349309,1.450659,0.693122	-0.337698,-0.055085,9.616003	1.218176,1.318557,0.623751	3.37302064896
19:26:33	1.253498,1.368010,0.639757	1.363304,1.522959,0.635364	0.007185,0.170046,10.768008	1.253498,1.368010,0.639757	3.38357782364
19:26:33	1.283891,1.419083,0.655183	1.415171,1.551562,0.733972	0.193997,0.270637,9.398057	1.283891,1.419083,0.655183	3.38885641098
19:26:33	1.309147,1.471414,0.663139	1.435901,1.612775,0.695309	-0.050295,0.320933,10.775193	1.309147,1.471414,0.663139	3.36774206161
19:26:33	1.329106,1.524094,0.674677	1.490175,1.629329,0.658812	0.091011,-0.373623,10.209968	1.329106,1.524094,0.674677	3.36774206161
19:26:34	1.347446,1.576195,0.682219	1.472338,1.719043,0.627502	0.198787,0.467029,10.066267	1.347446,1.576195,0.682219	3.36246347427
19:26:34	1.365533,1.626065,0.684959	1.523722,1.728674,0.767789	-0.361648,0.129331,9.764495	1.365533,1.626065,0.684959	3.35718488693
19:26:34	1.385610,1.673830,0.688381	1.554282,1.764262,0.732614	-0.313748,0.366438,11.268567	1.385610,1.673830,0.688381	3.35718488693
19:26:34	1.408775,1.719256,0.700505	1.554150,1.843962,0.721307	-0.313748,-0.308958,10.621912	1.408775,1.719256,0.700505	3.36774206161
19:26:34	1.437289,1.762070,0.714930	1.562581,1.905532,0.675698	0.088616,-0.016765,10.032737	1.437289,1.762070,0.714930	3.36774206161
19:26:34	1.468316,1.803057,0.728306	1.603599,1.937042,0.767104	-0.052690,-0.217947,10.265054	1.468316,1.803057,0.728306	3.37302064896
19:26:34	1.499614,1.843571,0.743829	1.644884,1.968302,0.722398	-0.275427,-0.275427,10.904524	1.499614,1.843571,0.743829	3.3782992363
19:26:34	1.529645,1.883893,0.760140	1.683828,1.995834,0.807339	0.098196,-0.088616,10.037527	1.529645,1.883893,0.760140	3.36246347427
19:26:34	1.557325,1.925125,0.774211	1.724123,2.021501,0.763590	-0.160466,0.311353,11.007510	1.557325,1.925125,0.774211	3.36246347427
19:26:34	1.583844,1.967465,0.788434	1.767813,2.022288,0.733824	-0.114961,0.778381,9.874666	1.583844,1.967465,0.788434	3.36246347427
19:26:35	1.609859,2.009299,0.796590	1.742888,2.146825,0.828525	0.165256,0.083826,9.711804	1.609859,2.009299,0.796590	3.36246347427
19:26:35	1.636906,2.048264,0.803489	1.784066,2.172221,0.807753	0.035925,1.132844,10.672207	1.636906,2.048264,0.803489	3.35718488693
19:26:35	1.665316,2.085310,0.814358	1.820149,2.197863,0.770236	0.100591,0.071851,10.389595	1.665316,2.085310,0.814358	3.35718488693
19:26:35	1.694050,2.122261,0.821697	1.869285,2.198303,0.762768	0.002395,0.651445,9.728569	1.694050,2.122261,0.821697	3.35190629959
19:26:35	1.722933,2.158760,0.824563	1.844467,2.188877,0.886699	-0.294587,-0.071851,10.286609	1.722933,2.158760,0.824563	3.34662771225
19:26:35	1.752766,2.193760,0.828752	1.883730,2.218991,0.873720	0.395178,0.002395,10.784773	1.752766,2.193760,0.828752	3.35718488693
19:26:35	1.782876,2.225081,0.838562	1.921882,2.254448,0.834098	-0.102986,0.316143,10.190808	1.782876,2.225081,0.838562	3.35190629959
19:26:35	1.810884,2.250957,0.846895	1.963193,2.211546,0.795574	0.040715,0.055085,9.819580	1.810884,2.250957,0.846895	3.34134912491
19:26:35	1.837071,2.271576,0.851976	2.007565,2.263663,0.774109	-0.143701,0.385598,10.581196	1.837071,2.271576,0.851976	3.35190629959
19:26:35	1.862340,2.287507,0.855712	2.020183,2.317287,0.629685	-0.249082,0.838257,10.303374	1.862340,2.287507,0.855712	3.34662771225
19:26:36	1.886784,2.299889,0.851321	2.014062,2.303376,0.592408	-0.220342,0.296982,9.165740	1.886784,2.299889,0.851321	3.33607053757
19:26:36	1.909784,2.311077,0.833589	2.093103,2.290797,0.700636	-0.177231,1.322051,9.896221	1.909784,2.311077,0.833589	3.33607053757
19:26:36	1.931031,2.321392,0.812689	2.031787,2.435303,1.067017	0.249082,0.380808,10.988350	1.931031,2.321392,0.812689	3.33607053757
19:26:36	1.950184,2.331471,0.800815	2.043784,2.440437,1.073216	0.342488,0.182021,10.950029	1.950184,2.331471,0.800815	3.3149561882
19:26:36	1.966897,2.344728,0.800676	2.085521,2.443756,1.044880	0.416733,0.761616,10.962004	1.966897,2.344728,0.800676	3.32551336288
19:26:36	1.980589,2.363311,0.806318	2.076429,2.490957,1.035311	0.023950,-0.035925,10.621912	1.980589,2.363311,0.806318	3.32023477554
19:26:36	1.991928,2.387413,0.813290	2.131520,2.476002,1.025169	-0.282612,-0.026345,10.209968	1.991928,2.387413,0.813290	3.32551336288
19:26:36	2.001420,2.417741,0.821480	2.111603,2.503271,1.097621	0.198787,-0.404758,10.600356	2.001420,2.417741,0.821480	3.32551336288
19:26:36	2.010097,2.454450,0.833432	2.117859,2.545922,1.102563	0.124541,0.764011,10.787168	2.010097,2.454450,0.833432	3.33079195023
19:26:36	2.018847,2.495680,0.852996	2.148810,2.612889,1.019970	0.577200,0.021555,10.815908	2.018847,2.495680,0.852996	3.33607053757
19:26:37	2.027344,2.540521,0.869616	2.148353,2.643843,1.093515	-0.112566,0.067061,9.139395	2.027344,2.540521,0.869616	3.30439901352
19:26:37	2.037203,2.587662,0.876695	2.159726,2.683138,1.110634	-0.074246,-0.287402,10.672207	2.037203,2.587662,0.876695	3.3149561882
19:26:37	2.049836,2.637156,0.889746	2.179223,2.707521,1.143461	0.114961,0.064666,10.993140	2.049836,2.637156,0.889746	3.32551336288
19:26:37	2.064443,2.689333,0.910890	2.210292,2.651757,1.168189	0.186812,0.107776,10.787168	2.064443,2.689333,0.910890	3.33607053757
19:26:37	2.081940,2.742372,0.940221	2.220804,2.732632,1.116699	-0.067061,-0.021555,10.981165	2.081940,2.742372,0.940221	3.33607053757
19:26:37	2.102813,2.791959,0.971435	2.270981,2.739760,1.151116	-0.246687,-0.301772,9.994417	2.102813,2.791959,0.971435	3.33079195023
19:26:37	2.126188,2.834438,1.002737	2.320856,2.841653,1.029063	-0.059875,0.397573,10.698552	2.126188,2.834438,1.002737	3.34662771225
19:26:37	2.153168,2.869761,1.036135	2.336870,2.815007,0.941368	-0.332908,-0.268242,9.172925	2.153168,2.869761,1.036135	3.32023477554
19:26:37	2.184319,2.898677,1.056535	2.320587,2.909003,1.134092	0.091011,1.104104,9.546548	2.184319,2.898677,1.056535	3.33079195023
19:26:37	2.218389,2.919576,1.068846	2.344168,2.794963,1.244123	-0.088616,0.639470,10.576406	2.218389,2.919576,1.068846	3.32023477554
19:26:38	2.252520,2.933289,1.083471	2.403787,2.813793,1.161070	-0.249082,0.464634,10.360854	2.252520,2.933289,1.083471	3.32023477554
19:26:38	2.283466,2.941776,1.094960	2.421034,2.834915,0.969168	-0.021555,0.538879,9.817185	2.283466,2.941776,1.094960	3.29384183884
19:26:38	2.311300,2.944226,1.096881	2.457376,2.832855,0.956634	0.035925,-0.234712,9.122629	2.311300,2.944226,1.096881	3.30439901352
19:26:38	2.336038,2.941402,1.088297	2.496968,2.839861,0.991682	-0.287402,0.838257,9.994417	2.336038,2.941402,1.088297	3.30967760086
19:26:38	2.356638,2.936247,1.077465	2.516510,2.861298,0.904095	-0.196392,-0.330513,10.461445	2.356638,2.936247,1.077465	3.30439901352
19:26:38	2.373399,2.931470,1.065310	2.533052,2.848779,0.903801	0.009580,0.457449,9.716594	2.373399,2.931470,1.065310	3.30439901352
19:26:38	2.387190,2.929515,1.049007	2.570278,2.862575,0.981881	0.174836,-0.026345,10.353669	2.387190,2.929515,1.049007	3.30967760086
19:26:38	2.400585,2.932924,1.036371	2.573580,2.847219,0.947416	-0.074246,0.227527,10.629097	2.400585,2.932924,1.036371	3.30439901352
19:26:38	2.416481,2.942631,1.029308	2.551671,2.835034,0.886933	0.172441,0.687371,10.334509	2.416481,2.942631,1.029308	3.30967760086
19:26:38	2.436176,2.956704,1.016389	2.585612,2.831040,0.944026	0.059875,2.270479,8.914263	2.436176,2.956704,1.016389	3.29912042618
19:26:39	2.458591,2.971285,0.995303	2.634831,2.963697,1.172023	-0.443079,0.371228,10.744058	2.458591,2.971285,0.995303	3.29384183884
19:26:39	2.483110,2.983632,0.982703	2.620120,2.942888,1.256089	-0.162861,0.316143,11.172766	2.483110,2.983632,0.982703	3.29384183884
19:26:39	2.508632,2.995275,0.982552	2.654244,3.009298,1.244555	0.754431,-0.292192,11.304492	2.508632,2.995275,0.982552	3.29912042618
19:26:39	2.533591,3.006490,0.992584	2.697133,2.993476,1.207291	-0.902922,1.346001,10.744058	2.533591,3.006490,0.992584	3.29912042618
19:26:39	2.556294,3.019507,1.004639	2.704807,2.984883,1.254450	-0.052690,0.220342,10.475815	2.556294,3.019507,1.004639	3.29384183884
19:26:39	2.578242,3.035630,1.016598	2.719768,3.034209,1.289461	0.071851,0.071851,11.045830	2.578242,3.035630,1.016598	3.29384183884
19:26:39	2.599032,3.054480,1.039935	2.771094,3.006982,1.205497	0.107776,0.488584,11.412268	2.599032,3.054480,1.039935	3.3149561882
19:26:39	2.619026,3.075969,1.064866	2.747948,3.057924,1.104174	-0.203577,0.246687,9.798025	2.619026,3.075969,1.064866	3.29384183884
19:26:39	2.638784,3.099887,1.079071	2.803447,3.106604,1.036827	0.086221,-0.265847,9.414822	2.638784,3.099887,1.079071	3.28328466415
19:26:39	2.659551,3.123508,1.082478	2.843930,3.071997,1.181667	0.038320,0.380808,9.338181	2.659551,3.123508,1.082478	3.2885632515
19:26:40	2.680756,3.146116,1.081517	2.823169,3.032059,1.194549	0.541274,0.665815,11.014695	2.680756,3.146116,1.081517	3.28328466415
19:26:40	2.703513,3.168079,1.086483	2.823980,3.168361,1.398018	-0.114961,0.886157,10.811118	2.703513,3.168079,1.086483	3.28328466415
19:26:40	2.729352,3.187157,1.099491	2.866483,3.161273,1.374903	0.071851,0.665815,10.938054	2.729352,3.187157,1.099491	3.28328466415
19:26:40	2.756676,3.203543,1.119666	2.876503,3.198598,1.393779	0.019160,-0.213157,10.456655	2.756676,3.203543,1.119666	3.29384183884
19:26:40	2.784511,3.219379,1.142208	2.904435,3.177802,1.441056	-0.035925,0.359253,10.842253	2.784511,3.219379,1.142208	3.28328466415
19:26:40	2.812678,3.236129,1.169638	2.934915,3.233324,1.473900	0.701741,0.550854,10.732083	2.812678,3.236129,1.169638	3.2885632515
19:26:40	2.839360,3.253592,1.202036	3.000591,3.206233,1.401920	-0.043110,-0.222737,10.672207	2.839360,3.253592,1.202036	3.2885632515
19:26:40	2.864268,3.271692,1.237056	3.050330,3.263554,1.255587	0.138911,1.027463,9.927356	2.864268,3.271692,1.237056	3.28328466415
19:26:40	2.887952,3.290336,1.260633	3.012120,3.320481,1.318329	-0.162861,0.299377,8.713081	2.887952,3.290336,1.260633	3.27272748947
19:26:40	2.911020,3.309221,1.275378	3.061736,3.290332,1.256441	0.373623,-0.292192,10.176438	2.911020,3.309221,1.275378	3.2885632515
19:26:41	2.931295,3.329137,1.287050	3.114840,3.345527,1.373424	0.261057,-0.138911,9.235195	2.931295,3.329137,1.287050	3.35718488693
19:26:41	2.948036,3.351642,1.288896	3.087207,3.310571,1.364880	-0.105381,0.668210,10.945239	2.948036,3.351642,1.288896	3.26744890213
19:26:41	2.962915,3.377697,1.295714	3.149871,3.356242,1.338880	0.318538,-0.342488,10.784773	2.962915,3.377697,1.295714	3.27272748947
19:26:41	2.977835,3.405417,1.304642	3.126141,3.398433,1.302731	0.366438,0.323328,10.217153	2.977835,3.405417,1.304642	3.26744890213
19:26:41	2.994258,3.432545,1.313781	3.177518,3.358762,1.265357	-0.033530,-0.105381,9.989626	2.994258,3.432545,1.313781	3.26744890213
19:26:41	3.012889,3.459411,1.318656	3.150162,3.319708,1.407318	0.215552,0.184417,10.174043	3.012889,3.459411,1.318656	3.27800607681
19:26:41	3.030756,3.480806,1.322127	3.159750,3.330274,1.375056	-0.141306,-0.385598,11.211086	3.030756,3.480806,1.322127	3.26744890213
19:26:41	3.060593,3.505046,1.334704	3.205244,3.369271,1.346783	0.234712,0.764011,10.641072	3.060593,3.505046,1.334704	3.26744890213
19:26:41	3.089224,3.518042,1.346873	3.185406,3.344897,1.309949	-0.251477,-0.091011,9.922566	3.089224,3.518042,1.346873	3.27800607681
19:26:41	3.118734,3.522914,1.359453	3.249542,3.378979,1.419657	0.153281,0.011975,10.080637	3.118734,3.522914,1.359453	3.27272748947
19:26:42	3.146989,3.518869,1.371956	3.288741,3.383953,1.370840	-0.565225,0.517324,10.952424	3.146989,3.518869,1.371956	3.28328466415
19:26:42	3.172358,3.508211,1.386548	3.295328,3.359956,1.456604	0.220342,0.553250,9.786050	3.172358,3.508211,1.386548	3.27800607681
19:26:42	3.194929,3.495697,1.398867	3.342994,3.368066,1.423141	-0.138911,0.692161,10.614727	3.194929,3.495697,1.398867	3.27800607681
19:26:42	3.214643,3.481853,1.413009	3.354987,3.352183,1.368361	-0.162861,0.129331,9.774075	3.214643,3.481853,1.413009	3.27272748947
19:26:42	3.232553,3.468583,1.418975	3.368601,3.331215,1.488758	0.193997,-0.440684,9.687854	3.232553,3.468583,1.418975	3.26217031479
19:26:42	3.250250,3.458831,1.420997	3.376517,3.312644,1.499062	0.261057,0.201182,10.938054	3.250250,3.458831,1.420997	3.26744890213
19:26:42	3.268821,3.452559,1.429738	3.421994,3.330169,1.467261	0.002395,-0.143701,10.528506	3.268821,3.452559,1.429738	3.26744890213
19:26:42	3.288666,3.449156,1.440924	3.425142,3.306982,1.428056	0.241897,-0.500559,9.716594	3.288666,3.449156,1.440924	3.27800607681
19:26:42	3.310512,3.447934,1.444991	3.424928,3.287554,1.411321	0.241897,0.196392,9.714199	3.310512,3.447934,1.444991	3.25689172745
19:26:42	3.334269,3.447834,1.444372	3.460271,3.296585,1.414019	0.263452,-0.217947,10.334509	3.334269,3.447834,1.444372	3.25689172745
19:26:43	3.358703,3.447090,1.444897	3.493953,3.304640,1.415449	0.495769,0.912502,10.547666	3.358703,3.447090,1.444897	3.26217031479
19:26:43	3.384369,3.444168,1.449323	3.492170,3.280939,1.398435	-0.287402,0.146096,10.387200	3.384369,3.444168,1.449323	3.26744890213
19:26:43	3.411984,3.439937,1.455274	3.530939,3.286674,1.518044	0.318538,0.629890,10.114167	3.411984,3.439937,1.455274	3.26744890213
19:26:43	3.440042,3.433032,1.463956	3.572773,3.290166,1.495295	0.265847,0.184417,10.914104	3.440042,3.433032,1.463956	3.26744890213
19:26:43	3.467214,3.423769,1.477047	3.604458,3.307554,1.319666	0.124541,0.174836,10.030342	3.467214,3.423769,1.477047	3.26744890213
19:26:43	3.493835,3.414129,1.483486	3.615622,3.281066,1.329411	0.079036,0.416733,9.168135	3.493835,3.414129,1.483486	3.26217031479
19:26:43	3.518353,3.404490,1.481103	3.618547,3.260914,1.301708	0.337698,0.534089,10.676997	3.518353,3.404490,1.481103	3.26217031479
19:26:43	3.538365,3.395747,1.477757	3.664464,3.269658,1.310063	-0.273032,-0.105381,10.207573	3.538365,3.395747,1.477757	3.26217031479
19:26:43	3.553000,3.387165,1.473552	3.669317,3.255588,1.291753	-0.126936,0.572410,10.710527	3.553000,3.387165,1.473552	3.27272748947
19:26:43	3.564121,3.380723,1.469382	3.687688,3.237596,1.350350	-0.364043,0.352068,10.003997	3.564121,3.380723,1.469382	3.26744890213
19:26:44	3.574108,3.377924,1.467305	3.689945,3.227333,1.349358	-0.275427,0.850232,10.564431	3.574108,3.377924,1.467305	3.08797645569
19:26:44	3.585549,3.380079,1.473271	3.682789,3.221219,1.329597	0.055085,-0.203577,10.403965	3.585549,3.380079,1.473271	3.27800607681
19:26:44	3.600305,3.386135,1.478024	3.742109,3.276958,1.304918	0.213157,0.184417,10.042317	3.600305,3.386135,1.478024	3.26744890213
19:26:44	3.617642,3.392747,1.479126	3.731329,3.260811,1.286785	0.009580,0.102986,10.164463	3.617642,3.392747,1.479126	3.27272748947
19:26:44	3.636340,3.398587,1.476599	3.745682,3.289346,1.227233	0.217947,-0.182021,10.042317	3.636340,3.398587,1.476599	3.27272748947
19:26:44	3.655443,3.404023,1.469234	3.756689,3.250384,1.319281	0.155676,0.352068,9.481882	3.655443,3.404023,1.469234	3.26744890213
19:26:44	3.673758,3.408597,1.457559	3.740845,3.228895,1.349330	0.138911,-0.347278,10.461445	3.673758,3.408597,1.457559	3.26217031479
19:26:44	3.689895,3.410388,1.451327	3.719064,3.216862,1.373942	-0.311353,0.483794,10.492581	3.689895,3.410388,1.451327	3.26744890213
19:26:44	3.703166,3.405996,1.453499	3.698100,3.215107,1.368083	0.356858,0.067061,10.710527	3.703166,3.405996,1.453499	3.27272748947
19:26:44	3.712781,3.394967,1.459360	3.681609,3.231120,1.343585	0.193997,-0.395178,9.996812	3.712781,3.394967,1.459360	3.27800607681
19:26:45	3.716892,3.378304,1.462474	3.749304,3.221861,1.229975	0.352068,0.126936,9.891431	3.716892,3.378304,1.462474	3.26744890213
19:26:45	3.714248,3.358879,1.454736	3.758146,3.215267,1.200172	0.067061,0.002395,9.139395	3.714248,3.358879,1.454736	3.26744890213
19:26:45	3.705815,3.339118,1.432744	3.766957,3.168253,1.279907	-0.031135,-0.205972,9.024434	3.705815,3.339118,1.432744	3.25689172745
19:26:45	3.695446,3.322206,1.406733	3.791248,3.173775,1.370575	0.213157,0.064666,10.741663	3.695446,3.322206,1.406733	3.25689172745
19:26:45	3.688363,3.310260,1.388512	3.791248,3.173775,1.370575	0.299377,1.022673,11.469749	3.688363,3.310260,1.388512	3.09853363037
19:26:45	3.689132,3.304106,1.381155	3.791248,3.173775,1.370575	0.229922,-0.270637,10.794353	3.689132,3.304106,1.381155	3.26217031479
19:26:45	3.699101,3.303446,1.376598	3.791248,3.173775,1.370575	0.023950,0.184417,10.521321	3.699101,3.303446,1.376598	3.25689172745
19:26:45	3.716389,3.306495,1.372584	3.791248,3.173775,1.370575	-0.277822,0.555645,10.339299	3.716389,3.306495,1.372584	3.25689172745
19:26:45	3.738351,3.310776,1.369084	3.791248,3.173775,1.370575	0.069456,1.020278,10.574011	3.738351,3.310776,1.369084	3.25689172745
19:26:45	3.762253,3.313354,1.366018	3.791248,3.173775,1.370575	0.294587,0.225132,10.286609	3.762253,3.313354,1.366018	3.25161314011
19:26:46	3.784599,3.312163,1.363454	3.791248,3.173775,1.370575	-0.014370,0.265847,10.399175	3.784599,3.312163,1.363454	3.25161314011
19:26:46	3.802841,3.305886,1.361166	3.791248,3.173775,1.370575	-0.086221,0.294587,10.293794	3.802841,3.305886,1.361166	3.25689172745
19:26:46	3.815283,3.294979,1.359016	3.791248,3.173775,1.370575	0.201182,0.349673,10.176438	3.815283,3.294979,1.359016	3.25689172745
19:26:46	3.820972,3.280599,1.356856	3.791248,3.173775,1.370575	0.752036,-0.148491,10.095007	3.820972,3.280599,1.356856	3.25689172745
19:26:46	3.820110,3.264681,1.354147	3.791248,3.173775,1.370575	0.172441,0.510139,10.339299	3.820110,3.264681,1.354147	3.25689172745
19:26:46	3.813651,3.249483,1.351177	3.815085,3.251866,1.351682	0.136516,-0.112566,10.006392	3.813651,3.249483,1.351177	3.25161314011
19:26:46	3.803313,3.237238,1.346948	3.690233,3.283302,1.514806	-0.057480,-0.091011,9.972861	3.803313,3.237238,1.346948	3.25161314011
19:26:46	3.790855,3.231216,1.342374	3.697496,3.287703,1.525825	-0.095801,-0.107776,10.425520	3.790855,3.231216,1.342374	3.24105596542
19:26:46	3.776327,3.234353,1.343255	3.705989,3.286767,1.526065	0.332908,-0.680186,10.475815	3.776327,3.234353,1.343255	3.24105596542
19:26:46	3.760153,3.246882,1.348455	3.715618,3.280186,1.515357	0.596360,-0.205972,10.473420	3.760153,3.246882,1.348455	3.24105596542
19:26:47	3.745196,3.267449,1.353685	3.724848,3.268540,1.503602	-0.201182,0.579595,10.401570	3.745196,3.267449,1.353685	3.24633455276
19:26:47	3.733688,3.293155,1.357898	3.732158,3.253473,1.494028	0.241897,-0.325723,10.348879	3.733688,3.293155,1.357898	3.23577737808
19:26:47	3.727073,3.320638,1.360687	3.736666,3.237007,1.486901	-0.356858,0.177231,10.380015	3.727073,3.320638,1.360687	3.27800607681
19:26:47	3.726340,3.345866,1.362123	3.737721,3.221461,1.484239	-0.124541,-0.119751,9.867480	3.726340,3.345866,1.362123	3.23049879074
19:26:47	3.731615,3.364847,1.364202	3.735130,3.262630,1.479611	0.280217,-0.035925,10.700947	3.731615,3.364847,1.364202	3.23049879074
19:26:47	3.741572,3.374982,1.368885	3.729525,3.255667,1.470595	0.215552,1.180745,10.097402	3.741572,3.374982,1.368885	3.23577737808
19:26:47	3.754119,3.377030,1.372994	3.722153,3.253721,1.460424	-0.031135,0.229922,9.956096	3.754119,3.377030,1.372994	3.2885632515
19:26:47	3.766854,3.371177,1.375654	3.714458,3.256355,1.454436	0.488584,0.349673,10.286609	3.766854,3.371177,1.375654	3.23049879074
19:26:47	3.777073,3.356742,1.379083	3.707924,3.264232,1.447196	0.433499,0.124541,10.518926	3.777073,3.356742,1.379083	3.24105596542
19:26:47	3.782009,3.336654,1.382252	3.704321,3.222556,1.440051	0.296982,0.548459,10.078242	3.782009,3.336654,1.382252	3.24633455276
19:26:48	3.779696,3.314499,1.385104	3.704979,3.235734,1.433653	0.023950,0.354463,10.447075	3.779696,3.314499,1.385104	3.24105596542
19:26:48	3.770057,3.293306,1.388361	3.710058,3.248677,1.426836	0.098196,-0.148491,10.250684	3.770057,3.293306,1.388361	3.24105596542
19:26:48	3.754588,3.276163,1.390972	3.718840,3.259522,1.420750	0.457449,0.996328,10.200388	3.754588,3.276163,1.390972	3.24105596542
19:26:48	3.735256,3.266479,1.391827	3.582072,3.248772,1.337033	0.172441,-0.011975,10.267449	3.735256,3.266479,1.391827	3.23577737808
19:26:48	3.714823,3.266552,1.391304	3.561738,3.247108,1.336214	-0.083826,0.704136,10.535691	3.714823,3.266552,1.391304	3.24633455276
19:26:48	3.695112,3.275144,1.390144	3.754263,3.262713,1.421248	-0.007185,0.265847,10.483000	3.695112,3.275144,1.390144	3.24105596542
19:26:48	3.673749,3.288907,1.390604	3.766836,3.254849,1.421681	0.079036,0.174836,10.696157	3.673749,3.288907,1.390604	3.23577737808
19:26:48	3.652690,3.305574,1.395200	3.779845,3.245141,1.412680	-0.170046,-0.371228,10.344089	3.652690,3.305574,1.395200	3.23049879074
19:26:48	3.640208,3.323695,1.400842	3.735138,3.234232,1.400242	0.421523,-0.282612,10.542876	3.640208,3.323695,1.400842	3.24105596542
19:26:48	3.640907,3.341430,1.405602	3.736063,3.223513,1.388909	0.383203,-0.445474,10.322534	3.640907,3.341430,1.405602	3.23577737808
19:26:49	3.653843,3.355290,1.407699	3.729447,3.268010,1.383365	-0.040715,0.423918,10.312954	3.653843,3.355290,1.407699	3.24105596542
19:26:49	3.676336,3.362531,1.408271	3.770087,3.262901,1.382076	0.205972,0.268242,10.262659	3.676336,3.362531,1.408271	3.23577737808
19:26:49	3.705054,3.362749,1.407452	3.753337,3.262092,1.383218	0.275427,-0.083826,10.332114	3.705054,3.362749,1.407452	3.23577737808
19:26:49	3.736599,3.357332,1.405582	3.734558,3.264840,1.386897	0.234712,0.471819,10.370435	3.736599,3.357332,1.405582	3.23049879074
19:26:49	3.767041,3.346239,1.404425	3.715974,3.217571,1.389837	-0.160466,-0.091011,9.812395	3.767041,3.346239,1.404425	3.2252202034
19:26:49	3.789982,3.330400,1.404499	3.701196,3.226668,1.390232	0.249082,0.047900,10.403965	3.789982,3.330400,1.404499	3.2252202034
19:26:49	3.801589,3.310413,1.406311	3.693014,3.238276,1.386984	0.613125,-0.076641,10.083032	3.801589,3.310413,1.406311	3.23049879074
19:26:49	3.800532,3.287266,1.408604	3.692336,3.251966,1.381846	0.292192,-0.035925,10.583591	3.800532,3.287266,1.408604	3.23049879074
19:26:49	3.786433,3.264277,1.410078	3.699566,3.265925,1.378153	0.217947,0.186812,10.229128	3.786433,3.264277,1.410078	3.23577737808
19:26:49	3.761596,3.246055,1.409366	3.713535,3.277565,1.378713	0.450264,-0.026345,10.193203	3.761596,3.246055,1.409366	3.23049879074
19:26:50	3.730353,3.237382,1.406613	3.731869,3.283885,1.384347	0.270637,0.217947,10.051897	3.730353,3.237382,1.406613	3.23049879074
19:26:50	3.698184,3.241114,1.403052	3.751320,3.282905,1.392092	-0.074246,0.373623,10.394385	3.698184,3.241114,1.403052	3.2252202034
19:26:50	3.670597,3.257168,1.400884	3.768575,3.274507,1.397791	0.316143,-0.967588,10.614727	3.670597,3.257168,1.400884	3.18299102783
19:26:50	3.653440,3.282879,1.401098	3.780133,3.259820,1.398066	0.222737,1.063389,10.353669	3.653440,3.282879,1.401098	3.21994161606
19:26:50	3.651170,3.314364,1.402613	3.783064,3.241277,1.394985	0.543669,0.201182,10.686577	3.651170,3.314364,1.402613	3.2252202034
19:26:50	3.664364,3.346912,1.403622	3.772010,3.226458,1.392706	0.220342,0.112566,10.380015	3.664364,3.346912,1.403622	3.2252202034
19:26:50	3.690849,3.373948,1.404103	3.761938,3.257949,1.391283	0.165256,0.663420,10.607542	3.690849,3.373948,1.404103	3.21994161606
19:26:50	3.726730,3.389866,1.404618	3.741119,3.300518,1.389748	-0.043110,-0.244292,10.545271	3.726730,3.389866,1.404618	3.2252202034
19:26:50	3.765644,3.392735,1.404471	3.771117,3.297485,1.389672	-0.076641,0.687371,10.387200	3.765644,3.392735,1.404471	3.2252202034
19:26:50	3.800234,3.383879,1.402717	3.749696,3.301690,1.392998	-0.074246,1.017883,10.207573	3.800234,3.383879,1.402717	3.21994161606
19:26:51	3.826406,3.365364,1.400434	3.733033,3.258588,1.398126	-0.337698,0.445474,10.265054	3.826406,3.365364,1.400434	3.21994161606
19:26:51	3.841439,3.339770,1.398303	3.730144,3.227907,1.403019	0.086221,0.534089,10.348879	3.841439,3.339770,1.398303	3.21994161606
19:26:51	3.842824,3.309471,1.397838	3.720568,3.237822,1.404695	0.833467,0.033530,10.408755	3.842824,3.309471,1.397838	3.21994161606
19:26:51	3.831281,3.276956,1.398125	3.726220,3.257259,1.404377	0.225132,0.538879,10.569221	3.831281,3.276956,1.398125	3.23049879074
19:26:51	3.808404,3.246790,1.398037	3.685570,3.275856,1.404190	0.239502,0.043110,10.451865	3.808404,3.246790,1.398037	3.2252202034
19:26:51	3.776350,3.225306,1.396798	3.703993,3.289823,1.406463	0.208367,-0.467029,10.353669	3.776350,3.225306,1.396798	3.19882678986
19:26:51	3.737713,3.214919,1.385904	3.726596,3.297148,1.424265	0.050295,0.414338,8.981323	3.737713,3.214919,1.385904	3.28328466415
19:26:51	3.694170,3.217484,1.357455	3.752342,3.297099,1.480895	0.028740,0.102986,9.357341	3.694170,3.217484,1.357455	3.26744890213
19:26:51	3.649151,3.239608,1.315860	3.765310,3.280119,1.539794	-0.031135,-0.091011,9.788445	3.649151,3.239608,1.315860	3.24633455276
19:26:51	3.608434,3.284436,1.262709	3.744347,3.262155,1.457770	0.150886,-0.016765,9.611213	3.608434,3.284436,1.262709	3.26217031479
19:26:52	3.579201,3.348174,1.199818	3.708044,3.281927,1.377842	0.059875,-0.577200,9.884246	3.579201,3.348174,1.199818	3.25161314011
19:26:52	3.567383,3.421418,1.131179	3.658802,3.303816,1.301776	-0.052690,-0.076641,9.759705	3.567383,3.421418,1.131179	3.23049879074
19:26:52	3.572201,3.494049,1.057770	3.653436,3.373653,1.236769	0.193997,0.141306,10.315349	3.572201,3.494049,1.057770	3.24633455276
19:26:52	3.585100,3.557956,0.981890	3.650140,3.439546,1.186891	0.019160,-0.452659,10.399175	3.585100,3.557956,0.981890	3.21994161606
19:26:52	3.596222,3.606045,0.907053	3.650433,3.504248,1.151827	0.047900,0.481399,10.789563	3.596222,3.606045,0.907053	3.2252202034
19:26:52	3.601968,3.637887,0.833099	3.599385,3.536540,1.100355	0.392783,0.273032,10.296189	3.601968,3.637887,0.833099	3.24105596542
19:26:52	3.602296,3.656877,0.757997	3.598529,3.567240,0.971269	-0.014370,0.050295,10.490186	3.602296,3.656877,0.757997	3.2041053772
19:26:52	3.599344,3.664680,0.683139	3.600208,3.561774,0.922957	0.177231,-0.009580,10.540481	3.599344,3.664680,0.683139	3.2041053772
19:26:52	3.593937,3.662998,0.610432	3.603269,3.562227,0.870143	0.414338,0.093406,10.758428	3.593937,3.662998,0.610432	3.21466302872
19:26:52	3.588076,3.656273,0.540044	3.596029,3.577567,0.828423	-0.275427,-0.031135,10.674602	3.588076,3.656273,0.540044	3.19354820251
19:26:53	3.584222,3.648309,0.472318	3.600107,3.599652,0.785657	0.040715,0.318538,10.990745	3.584222,3.648309,0.472318	3.18299102783
19:26:53	3.581844,3.642577,0.407376	3.560186,3.534587,0.649608	0.234712,0.205972,8.454419	3.581844,3.642577,0.407376	3.2041053772
