# Flight Log 
# 25 08 17 - 19:28:54
Time		X,Y,Z				goalX,goalY,goalZ		ddx,ddy,ddz			angularx,angulary,angularz	battery
19:28:54	0.000000,0.000000,0.000000	0.000000,0.000000,0.000000	0.000000,0.000000,0.000000	0.000000,0.000000,0.000000	0
19:28:54	0.953369,4.177029,0.391355	0.000000,0.000000,0.000000	0.000000,0.000000,0.000000	0.953369,4.177029,0.391355	0
19:28:55	0.953369,4.177029,0.391355	0.999915,3.983103,0.421433	0.000000,0.000000,0.000000	0.953369,4.177029,0.391355	0
19:28:55	0.953369,4.177029,0.391355	1.000114,3.983169,0.421899	0.000000,0.000000,0.000000	0.953369,4.177029,0.391355	0
19:28:55	0.953369,4.177029,0.391355	1.000180,3.983190,0.422024	0.000000,0.000000,0.000000	0.953369,4.177029,0.391355	0
19:28:55	0.953369,4.177029,0.391355	1.000047,3.983119,0.421018	0.000000,0.000000,0.000000	0.953369,4.177029,0.391355	0
19:28:55	0.953369,4.177029,0.391355	0.999816,3.983072,0.421245	0.000000,0.000000,0.000000	0.953369,4.177029,0.391355	0
19:28:55	0.953369,4.177029,0.391355	1.000156,3.983191,0.422188	0.000000,0.000000,0.000000	0.953369,4.177029,0.391355	0
19:28:55	0.953369,4.177029,0.391355	0.999804,3.983078,0.421482	0.000000,0.000000,0.000000	0.953369,4.177029,0.391355	0
19:28:55	0.953369,4.177029,0.391355	1.000199,3.983191,0.421927	0.000000,0.000000,0.000000	0.953369,4.177029,0.391355	0
19:28:55	0.953369,4.177029,0.391355	0.999994,3.983128,0.421577	0.000000,0.000000,0.000000	0.953369,4.177029,0.391355	0
19:28:55	0.953369,4.177029,0.391355	0.999915,3.983104,0.421453	0.000000,0.000000,0.000000	0.953369,4.177029,0.391355	0
19:28:56	0.953369,4.177029,0.391355	1.000161,3.983157,0.421291	0.000000,0.000000,0.000000	0.953369,4.177029,0.391355	0
19:28:56	0.953369,4.177029,0.391355	1.000098,3.983169,0.421997	0.000000,0.000000,0.000000	0.953369,4.177029,0.391355	0
19:28:56	0.953369,4.177029,0.391355	0.999798,3.983075,0.421440	0.000000,0.000000,0.000000	0.953369,4.177029,0.391355	0
19:28:56	0.953369,4.177029,0.391355	1.000302,3.983220,0.422052	0.000000,0.000000,0.000000	0.953369,4.177029,0.391355	0
19:28:56	0.953369,4.177029,0.391355	0.999773,3.983081,0.421746	0.000000,0.000000,0.000000	0.953369,4.177029,0.391355	0
19:28:56	0.953369,4.177029,0.391355	1.000218,3.983179,0.421509	0.000000,0.000000,0.000000	0.953369,4.177029,0.391355	0
19:28:56	0.953369,4.177029,0.391355	1.000123,3.983184,0.422228	0.000000,0.000000,0.000000	0.953369,4.177029,0.391355	0
19:28:56	0.953369,4.177029,0.391355	1.000365,3.983230,0.421917	0.000000,0.000000,0.000000	0.953369,4.177029,0.391355	0
19:28:56	0.953369,4.177029,0.391355	1.000133,3.983181,0.422086	0.000000,0.000000,0.000000	0.953369,4.177029,0.391355	0
19:28:56	0.953369,4.177029,0.391355	1.000067,3.983169,0.422192	0.000000,0.000000,0.000000	0.953369,4.177029,0.391355	0
19:28:57	0.953369,4.177029,0.391355	1.000111,3.983138,0.421123	0.000000,0.000000,0.000000	0.953369,4.177029,0.391355	0
19:28:57	0.953369,4.177029,0.391355	1.000222,3.983214,0.422370	0.000000,0.000000,0.000000	0.953369,4.177029,0.391355	0
19:28:57	0.953369,4.177029,0.391355	1.000251,3.983211,0.422123	0.000000,0.000000,0.000000	0.953369,4.177029,0.391355	0
19:28:57	0.953369,4.177029,0.391355	0.999831,3.983069,0.421083	0.000000,0.000000,0.000000	0.953369,4.177029,0.391355	0
19:28:57	0.953369,4.177029,0.391355	0.999965,3.983109,0.421284	0.000000,0.000000,0.000000	0.953369,4.177029,0.391355	0
19:28:57	0.953369,4.177029,0.391355	0.999760,3.983072,0.421599	0.000000,0.000000,0.000000	0.953369,4.177029,0.391355	0
19:28:57	0.953369,4.177029,0.391355	1.000411,3.983256,0.422291	0.000000,0.000000,0.000000	0.953369,4.177029,0.391355	0
19:28:57	0.953369,4.177029,0.391355	1.000017,3.983104,0.420805	0.000000,0.000000,0.000000	0.953369,4.177029,0.391355	0
19:28:57	0.953369,4.177029,0.391355	1.000742,3.983332,0.422171	0.000000,0.000000,0.000000	0.953369,4.177029,0.391355	0
19:28:57	0.953369,4.177029,0.391355	1.001804,3.983560,0.421280	0.000000,0.000000,0.000000	0.953369,4.177029,0.391355	0
19:28:58	0.953369,4.177029,0.391355	1.002211,3.983682,0.421790	0.000000,0.000000,0.000000	0.953369,4.177029,0.391355	0
19:28:58	0.953369,4.177029,0.391355	1.002053,3.983719,0.423680	0.000000,0.000000,0.000000	0.953369,4.177029,0.391355	0
19:28:58	0.953369,4.177029,0.391355	1.001837,3.983560,0.421059	0.000000,0.000000,0.000000	0.953369,4.177029,0.391355	0
19:28:58	0.953369,4.177029,0.391355	1.004176,3.984105,0.419574	0.000000,0.000000,0.000000	0.953369,4.177029,0.391355	0
19:28:58	0.953369,4.177029,0.391355	1.006586,3.984836,0.421659	0.000000,0.000000,0.000000	0.953369,4.177029,0.391355	0
19:28:58	0.953369,4.177029,0.391355	1.007140,3.984959,0.420878	0.000000,0.000000,0.000000	0.953369,4.177029,0.391355	0
19:28:58	0.953369,4.177029,0.391355	1.006463,3.984758,0.420537	0.000000,0.000000,0.000000	0.953369,4.177029,0.391355	0
19:28:58	0.953369,4.177029,0.391355	1.000664,3.983288,0.421518	0.000000,0.000000,0.000000	0.953369,4.177029,0.391355	0
19:28:58	0.953369,4.177029,0.391355	0.999996,3.983077,0.420233	0.000000,0.000000,0.000000	0.953369,4.177029,0.391355	0
19:28:58	0.953369,4.177029,0.391355	1.002835,3.983789,0.420426	0.000000,0.000000,0.000000	0.953369,4.177029,0.391355	0
19:28:59	0.953369,4.177029,0.391355	1.008725,3.985417,0.421062	0.000000,0.000000,0.000000	0.953369,4.177029,0.391355	0
19:28:59	0.953369,4.177029,0.391355	1.016385,3.987669,0.417559	0.000000,0.000000,0.000000	0.953369,4.177029,0.391355	0
19:28:59	0.953369,4.177029,0.391355	1.009137,3.985587,0.422330	0.000000,0.000000,0.000000	0.953369,4.177029,0.391355	0
19:28:59	1.058790,4.167834,0.387590	1.024892,3.990957,0.423708	0.000000,0.000000,0.000000	1.058790,4.167834,0.387590	0
19:28:59	1.058790,4.167834,0.387590	1.233105,4.070053,0.402143	0.000000,0.000000,0.000000	1.058790,4.167834,0.387590	0
19:28:59	1.039121,4.155142,0.393922	1.238015,4.079261,0.399121	0.000000,0.000000,0.000000	1.039121,4.155142,0.393922	0
19:28:59	0.989914,4.228978,0.412141	1.219940,4.069842,0.404545	0.000000,0.000000,0.000000	0.989914,4.228978,0.412141	0
19:28:59	0.989914,4.228978,0.412141	1.184593,4.271398,0.446819	0.000000,0.000000,0.000000	0.989914,4.228978,0.412141	0
19:28:59	0.969895,4.083576,0.412855	1.180783,4.288631,0.418526	0.000000,0.000000,0.000000	0.969895,4.083576,0.412855	0
19:28:59	0.943643,4.055326,0.408735	1.163547,4.033628,0.408793	0.000000,0.000000,0.000000	0.943643,4.055326,0.408735	0
19:29:00	0.943643,4.055326,0.408735	1.143304,4.044736,0.399028	0.000000,0.000000,0.000000	0.943643,4.055326,0.408735	0
19:29:00	0.943643,4.055326,0.408735	1.140888,4.088332,0.404226	0.000000,0.000000,0.000000	0.943643,4.055326,0.408735	0
19:29:00	0.943643,4.055326,0.408735	1.129908,4.128098,0.402471	0.000000,0.000000,0.000000	0.943643,4.055326,0.408735	0
19:29:00	0.943643,4.055326,0.408735	1.117768,4.153399,0.392921	0.000000,0.000000,0.000000	0.943643,4.055326,0.408735	0
19:29:00	0.704621,3.716239,0.424325	0.901745,3.689411,0.383229	0.000000,0.000000,0.000000	0.704621,3.716239,0.424325	0
19:29:00	0.704621,3.716239,0.424325	0.872646,3.823032,0.386229	0.000000,0.000000,0.000000	0.704621,3.716239,0.424325	0
19:29:00	0.704621,3.716239,0.424325	0.865876,3.826592,0.339023	0.000000,0.000000,0.000000	0.704621,3.716239,0.424325	0
19:29:00	0.704621,3.716239,0.424325	0.850714,3.845521,0.336163	0.000000,0.000000,0.000000	0.704621,3.716239,0.424325	0
19:29:00	0.704621,3.716239,0.424325	0.837313,3.857524,0.325708	0.000000,0.000000,0.000000	0.704621,3.716239,0.424325	0
19:29:00	0.704621,3.716239,0.424325	0.829016,3.861445,0.307005	0.000000,0.000000,0.000000	0.704621,3.716239,0.424325	0
19:29:01	0.704621,3.716239,0.424325	0.607146,3.596185,0.506435	0.000000,0.000000,0.000000	0.704621,3.716239,0.424325	0
19:29:01	0.704621,3.716239,0.424325	0.618157,3.592690,0.531273	0.000000,0.000000,0.000000	0.704621,3.716239,0.424325	0
19:29:01	0.704621,3.716239,0.424325	0.623506,3.588892,0.530214	0.000000,0.000000,0.000000	0.704621,3.716239,0.424325	0
19:29:01	0.704621,3.716239,0.424325	0.630118,3.585896,0.534959	0.000000,0.000000,0.000000	0.704621,3.716239,0.424325	0
19:29:01	0.704621,3.716239,0.424325	0.633602,3.585615,0.542538	0.000000,0.000000,0.000000	0.704621,3.716239,0.424325	0
19:29:01	0.704621,3.716239,0.424325	0.638894,3.583547,0.545531	0.000000,0.000000,0.000000	0.704621,3.716239,0.424325	0
19:29:01	0.704621,3.716239,0.424325	0.643518,3.581911,0.547975	0.000000,0.000000,0.000000	0.704621,3.716239,0.424325	0
19:29:01	0.704621,3.716239,0.424325	0.645999,3.582101,0.553481	0.000000,0.000000,0.000000	0.704621,3.716239,0.424325	0
19:29:01	0.704621,3.716239,0.424325	0.654184,3.579498,0.556357	0.000000,0.000000,0.000000	0.704621,3.716239,0.424325	0
19:29:01	0.704621,3.716239,0.424325	0.656752,3.577017,0.549635	0.000000,0.000000,0.000000	0.704621,3.716239,0.424325	0
19:29:02	0.704621,3.716239,0.424325	0.658478,3.577485,0.554219	0.000000,0.000000,0.000000	0.704621,3.716239,0.424325	0
19:29:02	0.704621,3.716239,0.424325	0.661132,3.576889,0.555325	0.000000,0.000000,0.000000	0.704621,3.716239,0.424325	0
19:29:02	0.704621,3.716239,0.424325	0.663086,3.574955,0.549441	0.000000,0.000000,0.000000	0.704621,3.716239,0.424325	0
19:29:02	0.704621,3.716239,0.424325	0.665264,3.574599,0.550644	0.000000,0.000000,0.000000	0.704621,3.716239,0.424325	0
19:29:02	0.704621,3.716239,0.424325	0.666893,3.573022,0.545413	0.000000,0.000000,0.000000	0.704621,3.716239,0.424325	0
19:29:02	0.704621,3.716239,0.424325	0.667665,3.572305,0.542938	0.000000,0.000000,0.000000	0.704621,3.716239,0.424325	0
19:29:02	0.704621,3.716239,0.424325	0.669408,3.572148,0.544289	0.000000,0.000000,0.000000	0.704621,3.716239,0.424325	0
19:29:02	0.704621,3.716239,0.424325	0.670085,3.571511,0.541984	0.000000,0.000000,0.000000	0.704621,3.716239,0.424325	0
19:29:02	0.704621,3.716239,0.424325	0.673722,3.569205,0.534348	0.000000,0.000000,0.000000	0.704621,3.716239,0.424325	0
19:29:02	0.704621,3.716239,0.424325	0.674312,3.568694,0.532248	0.000000,0.000000,0.000000	0.704621,3.716239,0.424325	0
19:29:03	0.704621,3.716239,0.424325	0.674881,3.568212,0.530221	0.000000,0.000000,0.000000	0.704621,3.716239,0.424325	0
19:29:03	0.704621,3.716239,0.424325	0.678369,3.566290,0.522837	0.000000,0.000000,0.000000	0.704621,3.716239,0.424325	0
19:29:03	0.704621,3.716239,0.424325	0.678856,3.565909,0.521008	0.000000,0.000000,0.000000	0.704621,3.716239,0.424325	0
19:29:03	0.704621,3.716239,0.424325	0.682245,3.564257,0.513785	0.000000,0.000000,0.000000	0.704621,3.716239,0.424325	0
19:29:03	0.704621,3.716239,0.424325	0.682654,3.563959,0.512149	0.000000,0.000000,0.000000	0.704621,3.716239,0.424325	0
19:29:03	0.704621,3.716239,0.424325	0.685935,3.562554,0.505116	0.000000,0.000000,0.000000	0.704621,3.716239,0.424325	0
19:29:03	0.704621,3.716239,0.424325	0.689160,3.561326,0.498162	0.000000,0.000000,0.000000	0.704621,3.716239,0.424325	0
19:29:03	0.704621,3.716239,0.424325	0.689095,3.560678,0.492428	0.000000,0.000000,0.000000	0.704621,3.716239,0.424325	0
19:29:03	0.704621,3.716239,0.424325	0.692277,3.559685,0.485592	0.000000,0.000000,0.000000	0.704621,3.716239,0.424325	0
19:29:03	0.704621,3.716239,0.424325	0.695358,3.558383,0.473141	0.000000,0.000000,0.000000	0.704621,3.716239,0.424325	0
19:29:04	0.704621,3.716239,0.424325	0.695358,3.558383,0.473141	0.000000,0.000000,0.000000	0.704621,3.716239,0.424325	0
19:29:04	0.704621,3.716239,0.424325	0.698272,3.557453,0.461554	0.000000,0.000000,0.000000	0.704621,3.716239,0.424325	0
19:29:04	0.704621,3.716239,0.424325	0.698272,3.557453,0.461554	0.000000,0.000000,0.000000	0.704621,3.716239,0.424325	0
19:29:04	0.704621,3.716239,0.424325	0.698375,3.557104,0.455110	0.000000,0.000000,0.000000	0.704621,3.716239,0.424325	0
19:29:04	0.704621,3.716239,0.424325	0.698375,3.557104,0.455110	0.000000,0.000000,0.000000	0.704621,3.716239,0.424325	0
19:29:04	0.704621,3.716239,0.424325	0.698375,3.557104,0.455110	0.000000,0.000000,0.000000	0.704621,3.716239,0.424325	0
19:29:04	0.704621,3.716239,0.424325	0.698375,3.557104,0.455110	0.000000,0.000000,0.000000	0.704621,3.716239,0.424325	0
19:29:04	0.704621,3.716239,0.424325	0.698375,3.557104,0.455110	0.000000,0.000000,0.000000	0.704621,3.716239,0.424325	0
19:29:04	0.704621,3.716239,0.424325	0.698375,3.557104,0.455110	0.000000,0.000000,0.000000	0.704621,3.716239,0.424325	0
19:29:04	0.704621,3.716239,0.424325	0.698375,3.557104,0.455110	0.000000,0.000000,0.000000	0.704621,3.716239,0.424325	0
19:29:05	0.704621,3.716239,0.424325	0.698375,3.557104,0.455110	0.000000,0.000000,0.000000	0.704621,3.716239,0.424325	0
19:29:05	0.704621,3.716239,0.424325	0.698375,3.557104,0.455110	0.000000,0.000000,0.000000	0.704621,3.716239,0.424325	0
19:29:05	0.704621,3.716239,0.424325	0.698375,3.557104,0.455110	0.000000,0.000000,0.000000	0.704621,3.716239,0.424325	0
19:29:05	0.704621,3.716239,0.424325	0.698375,3.557104,0.455110	0.000000,0.000000,0.000000	0.704621,3.716239,0.424325	0
19:29:05	0.704621,3.716239,0.424325	0.698375,3.557104,0.455110	0.000000,0.000000,0.000000	0.704621,3.716239,0.424325	0
19:29:05	0.704621,3.716239,0.424325	0.698375,3.557104,0.455110	0.000000,0.000000,0.000000	0.704621,3.716239,0.424325	0
19:29:05	0.704621,3.716239,0.424325	0.698375,3.557104,0.455110	0.000000,0.000000,0.000000	0.704621,3.716239,0.424325	0
19:29:05	0.704621,3.716239,0.424325	0.698375,3.557104,0.455110	0.000000,0.000000,0.000000	0.704621,3.716239,0.424325	0
19:29:05	0.704621,3.716239,0.424325	0.698375,3.557104,0.455110	0.000000,0.000000,0.000000	0.704621,3.716239,0.424325	0
19:29:05	0.704621,3.716239,0.424325	0.698375,3.557104,0.455110	0.000000,0.000000,0.000000	0.704621,3.716239,0.424325	0
19:29:06	0.704621,3.716239,0.424325	0.698375,3.557104,0.455110	0.000000,0.000000,0.000000	0.704621,3.716239,0.424325	0
19:29:06	0.704621,3.716239,0.424325	0.698375,3.557104,0.455110	0.000000,0.000000,0.000000	0.704621,3.716239,0.424325	0
19:29:06	0.704621,3.716239,0.424325	0.698375,3.557104,0.455110	0.000000,0.000000,0.000000	0.704621,3.716239,0.424325	0
19:29:06	0.704621,3.716239,0.424325	0.698375,3.557104,0.455110	0.000000,0.000000,0.000000	0.704621,3.716239,0.424325	0
19:29:06	0.704621,3.716239,0.424325	0.698375,3.557104,0.455110	0.000000,0.000000,0.000000	0.704621,3.716239,0.424325	0
19:29:06	0.704621,3.716239,0.424325	0.698375,3.557104,0.455110	0.000000,0.000000,0.000000	0.704621,3.716239,0.424325	0
19:29:06	0.704621,3.716239,0.424325	0.698375,3.557104,0.455110	0.000000,0.000000,0.000000	0.704621,3.716239,0.424325	0
19:29:06	0.704621,3.716239,0.424325	0.698375,3.557104,0.455110	0.000000,0.000000,0.000000	0.704621,3.716239,0.424325	0
19:29:06	0.704621,3.716239,0.424325	0.698375,3.557104,0.455110	0.000000,0.000000,0.000000	0.704621,3.716239,0.424325	0
19:29:06	0.704621,3.716239,0.424325	0.698375,3.557104,0.455110	0.000000,0.000000,0.000000	0.704621,3.716239,0.424325	0
19:29:07	0.704621,3.716239,0.424325	0.698375,3.557104,0.455110	0.000000,0.000000,0.000000	0.704621,3.716239,0.424325	0
19:29:07	0.704621,3.716239,0.424325	0.698375,3.557104,0.455110	0.000000,0.000000,0.000000	0.704621,3.716239,0.424325	0
19:29:07	0.704621,3.716239,0.424325	0.698375,3.557104,0.455110	0.000000,0.000000,0.000000	0.704621,3.716239,0.424325	0
19:29:07	0.704621,3.716239,0.424325	0.698375,3.557104,0.455110	0.000000,0.000000,0.000000	0.704621,3.716239,0.424325	0
19:29:07	0.704621,3.716239,0.424325	0.698375,3.557104,0.455110	0.000000,0.000000,0.000000	0.704621,3.716239,0.424325	0
19:29:07	0.704621,3.716239,0.424325	0.698375,3.557104,0.455110	0.000000,0.000000,0.000000	0.704621,3.716239,0.424325	0
19:29:07	0.704621,3.716239,0.424325	0.698375,3.557104,0.455110	0.000000,0.000000,0.000000	0.704621,3.716239,0.424325	0
19:29:07	0.704621,3.716239,0.424325	0.698375,3.557104,0.455110	0.000000,0.000000,0.000000	0.704621,3.716239,0.424325	0
19:29:07	0.704621,3.716239,0.424325	0.698375,3.557104,0.455110	0.000000,0.000000,0.000000	0.704621,3.716239,0.424325	0
19:29:07	1.408249,1.412757,0.251198	0.698375,3.557104,0.455110	0.000000,0.000000,0.000000	1.408249,1.412757,0.251198	0
19:29:08	1.408249,1.412757,0.251198	1.277388,1.563802,0.266770	0.000000,0.000000,0.000000	1.408249,1.412757,0.251198	0
19:29:08	1.408249,1.412757,0.251198	1.228303,1.500025,0.247408	0.000000,0.000000,0.000000	1.408249,1.412757,0.251198	0
19:29:08	1.408249,1.412757,0.251198	1.209821,1.437737,0.248187	0.000000,0.000000,0.000000	1.408249,1.412757,0.251198	0
19:29:08	1.408249,1.412757,0.251198	1.208661,1.403118,0.268123	0.000000,0.000000,0.000000	1.408249,1.412757,0.251198	0
19:29:08	1.408249,1.412757,0.251198	1.210070,1.393973,0.289770	0.000000,0.000000,0.000000	1.408249,1.412757,0.251198	0
19:29:08	1.408249,1.412757,0.251198	1.211231,1.397098,0.312471	0.000000,0.000000,0.000000	1.408249,1.412757,0.251198	0
19:29:08	1.408249,1.412757,0.251198	1.213099,1.402698,0.336403	0.000000,0.000000,0.000000	1.408249,1.412757,0.251198	0
19:29:08	1.408249,1.412757,0.251198	1.215680,1.407237,0.358653	0.000000,0.000000,0.000000	1.408249,1.412757,0.251198	0
19:29:08	1.408249,1.412757,0.251198	1.218740,1.409533,0.378881	0.000000,0.000000,0.000000	1.408249,1.412757,0.251198	0
19:29:08	1.408249,1.412757,0.251198	1.222004,1.410076,0.396876	0.000000,0.000000,0.000000	1.408249,1.412757,0.251198	0
19:29:09	1.408249,1.412757,0.251198	1.225072,1.409358,0.411628	0.000000,0.000000,0.000000	1.408249,1.412757,0.251198	0
19:29:09	1.408249,1.412757,0.251198	1.227758,1.407590,0.423202	0.000000,0.000000,0.000000	1.408249,1.412757,0.251198	0
19:29:09	1.408249,1.412757,0.251198	1.230874,1.404871,0.435326	0.000000,0.000000,0.000000	1.408249,1.412757,0.251198	0
19:29:09	1.408249,1.412757,0.251198	1.234346,1.401619,0.447501	0.000000,0.000000,0.000000	1.408249,1.412757,0.251198	0
19:29:09	1.408249,1.412757,0.251198	1.237840,1.398926,0.458748	0.000000,0.000000,0.000000	1.408249,1.412757,0.251198	0
19:29:09	1.408249,1.412757,0.251198	1.240457,1.397779,0.466803	0.000000,0.000000,0.000000	1.408249,1.412757,0.251198	0
19:29:09	1.408249,1.412757,0.251198	1.241185,1.398751,0.469313	0.000000,0.000000,0.000000	1.408249,1.412757,0.251198	0
19:29:09	1.408249,1.412757,0.251198	1.238671,1.400213,0.461775	0.000000,0.000000,0.000000	1.408249,1.412757,0.251198	0
19:29:09	1.408249,1.412757,0.251198	1.281677,1.492341,0.365142	0.000000,0.000000,0.000000	1.408249,1.412757,0.251198	0
19:29:09	1.408249,1.412757,0.251198	1.281677,1.492341,0.365142	0.000000,0.000000,0.000000	1.408249,1.412757,0.251198	0
19:29:10	1.408249,1.412757,0.251198	1.281677,1.492341,0.365142	0.000000,0.000000,0.000000	1.408249,1.412757,0.251198	0
19:29:10	1.408249,1.412757,0.251198	1.281677,1.492341,0.365142	0.000000,0.000000,0.000000	1.408249,1.412757,0.251198	0
19:29:10	1.408249,1.412757,0.251198	1.281677,1.492341,0.365142	0.000000,0.000000,0.000000	1.408249,1.412757,0.251198	0
19:29:10	1.408249,1.412757,0.251198	1.281677,1.492341,0.365142	0.000000,0.000000,0.000000	1.408249,1.412757,0.251198	0
19:29:10	1.408249,1.412757,0.251198	1.281677,1.492341,0.365142	0.000000,0.000000,0.000000	1.408249,1.412757,0.251198	0
19:29:10	1.408249,1.412757,0.251198	1.281677,1.492341,0.365142	0.000000,0.000000,0.000000	1.408249,1.412757,0.251198	0
19:29:10	1.408249,1.412757,0.251198	1.281677,1.492341,0.365142	0.000000,0.000000,0.000000	1.408249,1.412757,0.251198	0
19:29:10	1.408249,1.412757,0.251198	1.281677,1.492341,0.365142	0.000000,0.000000,0.000000	1.408249,1.412757,0.251198	0
19:29:10	1.408249,1.412757,0.251198	1.281677,1.492341,0.365142	0.000000,0.000000,0.000000	1.408249,1.412757,0.251198	0
19:29:10	1.408249,1.412757,0.251198	1.281677,1.492341,0.365142	0.000000,0.000000,0.000000	1.408249,1.412757,0.251198	0
19:29:11	1.408249,1.412757,0.251198	1.556712,1.471571,0.271183	0.000000,0.000000,0.000000	1.408249,1.412757,0.251198	0
19:29:11	1.408249,1.412757,0.251198	1.553806,1.477111,0.284175	0.000000,0.000000,0.000000	1.408249,1.412757,0.251198	0
19:29:11	1.408249,1.412757,0.251198	1.553057,1.476780,0.297319	0.000000,0.000000,0.000000	1.408249,1.412757,0.251198	0
19:29:11	1.408249,1.412757,0.251198	1.553184,1.472940,0.313552	0.000000,0.000000,0.000000	1.408249,1.412757,0.251198	0
19:29:11	1.408249,1.412757,0.251198	1.551832,1.472378,0.326808	0.000000,0.000000,0.000000	1.408249,1.412757,0.251198	0
19:29:11	1.408249,1.412757,0.251198	1.553648,1.463673,0.337613	0.000000,0.000000,0.000000	1.408249,1.412757,0.251198	0
19:29:11	1.408249,1.412757,0.251198	1.553687,1.457000,0.351008	0.000000,0.000000,0.000000	1.408249,1.412757,0.251198	0
19:29:11	1.408249,1.412757,0.251198	1.553220,1.450194,0.364017	0.000000,0.000000,0.000000	1.408249,1.412757,0.251198	0
19:29:11	1.408249,1.412757,0.251198	1.552284,1.448317,0.371023	0.000000,0.000000,0.000000	1.408249,1.412757,0.251198	0
19:29:11	1.408249,1.412757,0.251198	1.551204,1.441767,0.382690	0.000000,0.000000,0.000000	1.408249,1.412757,0.251198	0
19:29:12	1.408249,1.412757,0.251198	1.548846,1.441289,0.392880	0.000000,0.000000,0.000000	1.408249,1.412757,0.251198	0
19:29:12	1.408249,1.412757,0.251198	1.547875,1.439899,0.397734	0.000000,0.000000,0.000000	1.408249,1.412757,0.251198	0
19:29:12	1.408249,1.412757,0.251198	1.545494,1.439436,0.406791	0.000000,0.000000,0.000000	1.408249,1.412757,0.251198	0
19:29:12	1.408249,1.412757,0.251198	1.543815,1.443522,0.409633	0.000000,0.000000,0.000000	1.408249,1.412757,0.251198	0
19:29:12	1.408249,1.412757,0.251198	1.541499,1.442996,0.417693	0.000000,0.000000,0.000000	1.408249,1.412757,0.251198	0
19:29:12	1.408249,1.412757,0.251198	1.540002,1.446612,0.419662	0.000000,0.000000,0.000000	1.408249,1.412757,0.251198	0
19:29:12	1.408249,1.412757,0.251198	1.534679,1.450153,0.432494	0.000000,0.000000,0.000000	1.408249,1.412757,0.251198	0
19:29:12	1.408249,1.412757,0.251198	1.533452,1.453086,0.433383	0.000000,0.000000,0.000000	1.408249,1.412757,0.251198	0
19:29:12	1.408249,1.412757,0.251198	1.529453,1.460859,0.436626	0.000000,0.000000,0.000000	1.408249,1.412757,0.251198	0
19:29:12	1.408249,1.412757,0.251198	1.526451,1.464086,0.440869	0.000000,0.000000,0.000000	1.408249,1.412757,0.251198	0
19:29:13	1.408249,1.412757,0.251198	1.523674,1.465233,0.446375	0.000000,0.000000,0.000000	1.408249,1.412757,0.251198	0
19:29:13	1.408249,1.412757,0.251198	1.520886,1.468024,0.449779	0.000000,0.000000,0.000000	1.408249,1.412757,0.251198	0
19:29:13	1.408249,1.412757,0.251198	1.517152,1.474040,0.451044	0.000000,0.000000,0.000000	1.408249,1.412757,0.251198	0
19:29:13	1.408249,1.412757,0.251198	1.514496,1.476374,0.453826	0.000000,0.000000,0.000000	1.408249,1.412757,0.251198	0
19:29:13	1.408249,1.412757,0.251198	1.511912,1.478562,0.456369	0.000000,0.000000,0.000000	1.408249,1.412757,0.251198	0
19:29:13	1.408249,1.412757,0.251198	1.510368,1.477581,0.460671	0.000000,0.000000,0.000000	1.408249,1.412757,0.251198	0
19:29:13	1.408249,1.412757,0.251198	1.508606,1.477738,0.463859	0.000000,0.000000,0.000000	1.408249,1.412757,0.251198	0
19:29:13	1.408249,1.412757,0.251198	1.506296,1.479652,0.465785	0.000000,0.000000,0.000000	1.408249,1.412757,0.251198	0
19:29:13	1.408249,1.412757,0.251198	1.504056,1.481456,0.467546	0.000000,0.000000,0.000000	1.408249,1.412757,0.251198	0
19:29:13	1.408249,1.412757,0.251198	1.503988,1.482318,0.466562	0.000000,0.000000,0.000000	1.408249,1.412757,0.251198	0
19:29:14	1.408249,1.412757,0.251198	1.500646,1.482995,0.471466	0.000000,0.000000,0.000000	1.408249,1.412757,0.251198	0
19:29:14	1.408249,1.412757,0.251198	1.499914,1.486134,0.468577	0.000000,0.000000,0.000000	1.408249,1.412757,0.251198	0
19:29:14	1.408249,1.412757,0.251198	1.498001,1.487521,0.469876	0.000000,0.000000,0.000000	1.408249,1.412757,0.251198	0
19:29:14	1.408249,1.412757,0.251198	1.498113,1.488087,0.468914	0.000000,0.000000,0.000000	1.408249,1.412757,0.251198	0
19:29:14	1.408249,1.412757,0.251198	1.496311,1.489350,0.470094	0.000000,0.000000,0.000000	1.408249,1.412757,0.251198	0
19:29:14	1.408249,1.412757,0.251198	1.496464,1.489833,0.469166	0.000000,0.000000,0.000000	1.408249,1.412757,0.251198	0
19:29:14	1.408249,1.412757,0.251198	1.494762,1.490988,0.470245	0.000000,0.000000,0.000000	1.408249,1.412757,0.251198	0
19:29:14	1.408249,1.412757,0.251198	1.495630,1.489432,0.471066	0.000000,0.000000,0.000000	1.408249,1.412757,0.251198	0
19:29:14	1.408249,1.412757,0.251198	1.494949,1.491403,0.469353	0.000000,0.000000,0.000000	1.408249,1.412757,0.251198	0
19:29:14	1.408249,1.412757,0.251198	1.495125,1.491795,0.468505	0.000000,0.000000,0.000000	1.408249,1.412757,0.251198	0
19:29:15	1.408249,1.412757,0.251198	1.494208,1.490960,0.471157	0.000000,0.000000,0.000000	1.408249,1.412757,0.251198	0
19:29:15	1.408249,1.412757,0.251198	1.495291,1.492165,0.467699	0.000000,0.000000,0.000000	1.408249,1.412757,0.251198	0
19:29:15	1.408249,1.412757,0.251198	1.494399,1.491351,0.470299	0.000000,0.000000,0.000000	1.408249,1.412757,0.251198	0
19:29:15	1.408249,1.412757,0.251198	1.495447,1.492516,0.466931	0.000000,0.000000,0.000000	1.408249,1.412757,0.251198	0
19:29:15	1.408249,1.412757,0.251198	1.495594,1.492848,0.466199	0.000000,0.000000,0.000000	1.408249,1.412757,0.251198	0
19:29:15	1.408249,1.412757,0.251198	1.495594,1.492848,0.466199	0.000000,0.000000,0.000000	1.408249,1.412757,0.251198	0
19:29:15	1.408249,1.412757,0.251198	1.495734,1.493163,0.465500	0.000000,0.000000,0.000000	1.408249,1.412757,0.251198	0
19:29:15	1.408249,1.412757,0.251198	1.497298,1.492542,0.463845	0.000000,0.000000,0.000000	1.408249,1.412757,0.251198	0
19:29:15	1.408249,1.412757,0.251198	1.496674,1.494208,0.462355	0.000000,0.000000,0.000000	1.408249,1.412757,0.251198	0
19:29:15	1.408249,1.412757,0.251198	1.498202,1.493581,0.460731	0.000000,0.000000,0.000000	1.408249,1.412757,0.251198	0
19:29:16	1.408249,1.412757,0.251198	1.499064,1.494577,0.457674	0.000000,0.000000,0.000000	1.408249,1.412757,0.251198	0
19:29:16	2.948736,2.675507,1.847623	1.498270,1.493862,0.460180	0.000000,0.000000,0.000000	2.948736,2.675507,1.847623	0
19:29:16	2.948736,2.675507,1.847623	3.141792,2.623843,1.863150	0.000000,0.000000,0.000000	2.948736,2.675507,1.847623	0
19:29:16	2.999468,2.696991,1.839471	3.134290,2.601124,1.835455	0.000000,0.000000,0.000000	2.999468,2.696991,1.839471	0
19:29:16	3.002360,2.698720,1.840026	3.199794,2.668357,1.820221	0.000000,0.000000,0.000000	3.002360,2.698720,1.840026	0
19:29:16	3.002360,2.698720,1.840026	3.191449,2.633573,1.842338	0.000000,0.000000,0.000000	3.002360,2.698720,1.840026	0
19:29:16	3.002360,2.698720,1.840026	3.177303,2.603313,1.874230	0.000000,0.000000,0.000000	3.002360,2.698720,1.840026	0
19:29:16	3.002360,2.698720,1.840026	3.168092,2.591647,1.905401	0.000000,0.000000,0.000000	3.002360,2.698720,1.840026	0
19:29:16	3.002360,2.698720,1.840026	3.156787,2.582556,1.943140	0.000000,0.000000,0.000000	3.002360,2.698720,1.840026	0
19:29:16	3.002360,2.698720,1.840026	3.162531,2.589543,1.938525	0.000000,0.000000,0.000000	3.002360,2.698720,1.840026	0
19:29:17	3.002360,2.698720,1.840026	3.156067,2.583135,1.949832	0.000000,0.000000,0.000000	3.002360,2.698720,1.840026	0
19:29:17	2.871933,2.842834,1.692352	3.148235,2.589171,2.003970	0.000000,0.000000,0.000000	2.871933,2.842834,1.692352	0
19:29:17	2.845260,2.876242,1.639265	3.061733,2.781185,1.718845	0.000000,0.000000,0.000000	2.845260,2.876242,1.639265	0
19:29:17	2.842027,2.881151,1.631161	3.037958,2.841139,1.624696	0.000000,0.000000,0.000000	2.842027,2.881151,1.631161	0
19:29:17	2.820261,2.920406,1.565066	3.008433,2.791219,1.761109	0.000000,0.000000,0.000000	2.820261,2.920406,1.565066	0
19:29:17	2.820261,2.920406,1.565066	3.000546,2.843156,1.643291	0.000000,0.000000,0.000000	2.820261,2.920406,1.565066	0
19:29:17	2.820261,2.920406,1.565066	2.970324,2.829317,1.756733	0.000000,0.000000,0.000000	2.820261,2.920406,1.565066	0
19:29:17	2.820261,2.920406,1.565066	2.960878,2.833094,1.789595	0.000000,0.000000,0.000000	2.820261,2.920406,1.565066	0
19:29:17	2.674945,2.986399,1.344892	2.944628,2.831934,1.823567	0.000000,0.000000,0.000000	2.674945,2.986399,1.344892	0
19:29:17	2.674136,3.057869,1.346264	2.822035,2.866544,1.471373	0.000000,0.000000,0.000000	2.674136,3.057869,1.346264	0
19:29:18	2.674136,3.057869,1.346264	2.786284,3.052003,1.677253	0.000000,0.000000,0.000000	2.674136,3.057869,1.346264	0
19:29:18	2.674136,3.057869,1.346264	2.755086,3.017262,1.702904	0.000000,0.000000,0.000000	2.674136,3.057869,1.346264	0
19:29:18	2.674136,3.057869,1.346264	2.723469,3.019246,1.726130	0.000000,0.000000,0.000000	2.674136,3.057869,1.346264	0
19:29:18	2.674136,3.057869,1.346264	2.715933,3.016435,1.728553	0.000000,0.000000,0.000000	2.674136,3.057869,1.346264	0
19:29:18	2.674136,3.057869,1.346264	2.706550,3.026110,1.735831	0.000000,0.000000,0.000000	2.674136,3.057869,1.346264	0
19:29:18	2.674136,3.057869,1.346264	2.698417,3.044850,1.742450	0.000000,0.000000,0.000000	2.674136,3.057869,1.346264	0
19:29:18	2.674136,3.057869,1.346264	2.653888,3.069376,1.029672	0.000000,0.000000,0.000000	2.674136,3.057869,1.346264	0
19:29:18	2.674136,3.057869,1.346264	2.656817,3.067711,1.028753	0.000000,0.000000,0.000000	2.674136,3.057869,1.346264	0
19:29:18	2.674136,3.057869,1.346264	2.659011,3.066465,1.028161	0.000000,0.000000,0.000000	2.674136,3.057869,1.346264	0
19:29:18	2.674136,3.057869,1.346264	2.660699,3.059464,1.027410	0.000000,0.000000,0.000000	2.674136,3.057869,1.346264	0
19:29:19	2.674136,3.057869,1.346264	2.661639,3.059352,1.027255	0.000000,0.000000,0.000000	2.674136,3.057869,1.346264	0
19:29:19	2.674136,3.057869,1.346264	2.667901,3.059213,1.026518	0.000000,0.000000,0.000000	2.674136,3.057869,1.346264	0
19:29:19	2.674136,3.057869,1.346264	2.668274,3.059133,1.026488	0.000000,0.000000,0.000000	2.674136,3.057869,1.346264	0
19:29:19	2.674136,3.057869,1.346264	2.673123,3.059062,1.026279	0.000000,0.000000,0.000000	2.674136,3.057869,1.346264	0
19:29:19	2.674136,3.057869,1.346264	2.677455,3.058998,1.026341	0.000000,0.000000,0.000000	2.674136,3.057869,1.346264	0
19:29:19	2.674136,3.057869,1.346264	2.681342,3.058940,1.026596	0.000000,0.000000,0.000000	2.674136,3.057869,1.346264	0
19:29:19	2.674136,3.057869,1.346264	2.685107,3.058912,1.027024	0.000000,0.000000,0.000000	2.674136,3.057869,1.346264	0
19:29:19	2.674136,3.057869,1.346264	2.665544,2.906684,1.242937	0.000000,0.000000,0.000000	2.674136,3.057869,1.346264	0
19:29:19	2.674136,3.057869,1.346264	2.665544,2.906684,1.242937	0.000000,0.000000,0.000000	2.674136,3.057869,1.346264	0
19:29:19	2.674136,3.057869,1.346264	2.665544,2.906684,1.242937	0.000000,0.000000,0.000000	2.674136,3.057869,1.346264	0
19:29:20	2.674136,3.057869,1.346264	2.665544,2.906684,1.242937	0.000000,0.000000,0.000000	2.674136,3.057869,1.346264	0
19:29:20	2.674136,3.057869,1.346264	2.665544,2.906684,1.242937	0.000000,0.000000,0.000000	2.674136,3.057869,1.346264	0
19:29:20	2.674136,3.057869,1.346264	2.665544,2.906684,1.242937	0.000000,0.000000,0.000000	2.674136,3.057869,1.346264	0
19:29:20	2.674136,3.057869,1.346264	2.665544,2.906684,1.242937	0.000000,0.000000,0.000000	2.674136,3.057869,1.346264	0
19:29:20	2.674136,3.057869,1.346264	2.665544,2.906684,1.242937	0.000000,0.000000,0.000000	2.674136,3.057869,1.346264	0
19:29:20	2.674136,3.057869,1.346264	2.665544,2.906684,1.242937	0.000000,0.000000,0.000000	2.674136,3.057869,1.346264	0
19:29:20	2.674136,3.057869,1.346264	2.665544,2.906684,1.242937	0.000000,0.000000,0.000000	2.674136,3.057869,1.346264	0
19:29:20	2.674136,3.057869,1.346264	2.665544,2.906684,1.242937	0.000000,0.000000,0.000000	2.674136,3.057869,1.346264	0
19:29:20	3.059860,3.152906,0.500380	2.665544,2.906684,1.242937	0.000000,0.000000,0.000000	3.059860,3.152906,0.500380	0
19:29:20	3.078653,3.170933,0.534645	3.049621,3.037729,0.826751	0.000000,0.000000,0.000000	3.078653,3.170933,0.534645	0
19:29:21	3.078653,3.170933,0.534645	3.070392,3.057080,0.863092	0.000000,0.000000,0.000000	3.078653,3.170933,0.534645	0
19:29:21	3.078653,3.170933,0.534645	3.033060,3.025303,0.793206	0.000000,0.000000,0.000000	3.078653,3.170933,0.534645	0
19:29:21	3.078653,3.170933,0.534645	2.961108,3.015525,0.624787	0.000000,0.000000,0.000000	3.078653,3.170933,0.534645	0
19:29:21	3.078653,3.170933,0.534645	2.920468,3.050341,0.492920	0.000000,0.000000,0.000000	3.078653,3.170933,0.534645	0
19:29:21	3.193024,3.112708,0.607213	2.903300,3.094310,0.418364	0.000000,0.000000,0.000000	3.193024,3.112708,0.607213	0
19:29:21	3.193024,3.112708,0.607213	3.115924,2.929322,0.648456	0.000000,0.000000,0.000000	3.193024,3.112708,0.607213	0
19:29:21	3.193024,3.112708,0.607213	3.021122,3.033510,0.477947	0.000000,0.000000,0.000000	3.193024,3.112708,0.607213	0
19:29:21	3.193024,3.112708,0.607213	3.015199,3.096610,0.426999	0.000000,0.000000,0.000000	3.193024,3.112708,0.607213	0
19:29:21	3.193024,3.112708,0.607213	3.018853,3.123927,0.411879	0.000000,0.000000,0.000000	3.193024,3.112708,0.607213	0
19:29:21	3.193024,3.112708,0.607213	3.023727,3.138009,0.400347	0.000000,0.000000,0.000000	3.193024,3.112708,0.607213	0
19:29:22	3.193024,3.112708,0.607213	3.029016,3.145682,0.387995	0.000000,0.000000,0.000000	3.193024,3.112708,0.607213	0
19:29:22	3.193024,3.112708,0.607213	3.033984,3.149226,0.375930	0.000000,0.000000,0.000000	3.193024,3.112708,0.607213	0
19:29:22	3.193024,3.112708,0.607213	3.038558,3.149815,0.364202	0.000000,0.000000,0.000000	3.193024,3.112708,0.607213	0
19:29:22	3.561079,2.815720,1.107194	3.043095,3.148330,0.352243	0.000000,0.000000,0.000000	3.561079,2.815720,1.107194	0
19:29:22	3.566347,2.811173,1.117144	3.569950,2.748433,1.490082	0.000000,0.000000,0.000000	3.566347,2.811173,1.117144	0
19:29:22	3.539320,2.697262,1.080011	3.585550,2.838161,1.511620	0.000000,0.000000,0.000000	3.539320,2.697262,1.080011	0
19:29:22	3.738903,2.755555,1.124772	3.437378,2.529216,1.007193	0.000000,0.000000,0.000000	3.738903,2.755555,1.124772	0
19:29:22	3.738903,2.755555,1.124772	3.933346,2.736252,1.039466	0.000000,0.000000,0.000000	3.738903,2.755555,1.124772	0
19:29:22	3.738903,2.755555,1.124772	3.898777,2.781327,0.890030	0.000000,0.000000,0.000000	3.738903,2.755555,1.124772	0
19:29:22	3.738903,2.755555,1.124772	3.834105,2.823462,0.800271	0.000000,0.000000,0.000000	3.738903,2.755555,1.124772	0
19:29:23	3.738903,2.755555,1.124772	3.811721,2.839435,0.792136	0.000000,0.000000,0.000000	3.738903,2.755555,1.124772	0
19:29:23	3.671843,2.693391,1.436059	3.792820,2.844717,0.783345	0.000000,0.000000,0.000000	3.671843,2.693391,1.436059	0
19:29:23	3.659590,2.655998,1.479474	3.657213,2.798405,1.775196	0.000000,0.000000,0.000000	3.659590,2.655998,1.479474	0
19:29:23	3.642337,2.614141,1.519425	3.631861,2.774521,1.796033	0.000000,0.000000,0.000000	3.642337,2.614141,1.519425	0
19:29:23	3.622784,2.567116,1.555410	3.624445,2.738820,1.826923	0.000000,0.000000,0.000000	3.622784,2.567116,1.555410	0
19:29:23	3.603825,2.515289,1.588343	3.616278,2.682973,1.878272	0.000000,0.000000,0.000000	3.603825,2.515289,1.588343	0
19:29:23	3.586802,2.460461,1.619521	3.572697,2.627529,1.911069	0.000000,0.000000,0.000000	3.586802,2.460461,1.619521	0
19:29:23	3.481793,2.380718,1.659749	3.584677,2.581206,1.933475	0.000000,0.000000,0.000000	3.481793,2.380718,1.659749	0
19:29:23	3.472492,2.322344,1.688668	3.348509,2.446909,1.926986	0.000000,0.000000,0.000000	3.472492,2.322344,1.688668	0
19:29:23	3.468371,2.265797,1.713513	3.344198,2.394744,1.957142	0.000000,0.000000,0.000000	3.468371,2.265797,1.713513	0
19:29:24	3.471145,2.211519,1.737390	3.333021,2.322400,1.983417	0.000000,0.000000,0.000000	3.471145,2.211519,1.737390	0
19:29:24	3.474141,2.189989,1.746481	3.337144,2.272831,2.004638	0.000000,0.000000,0.000000	3.474141,2.189989,1.746481	0
19:29:24	3.474141,2.189989,1.746481	3.340689,2.300306,1.946687	0.000000,0.000000,0.000000	3.474141,2.189989,1.746481	0
19:29:24	3.474141,2.189989,1.746481	3.341106,2.329815,1.851373	0.000000,0.000000,0.000000	3.474141,2.189989,1.746481	0
19:29:24	3.474141,2.189989,1.746481	3.346619,2.342420,1.791338	0.000000,0.000000,0.000000	3.474141,2.189989,1.746481	0
19:29:24	3.474141,2.189989,1.746481	3.359215,2.353638,1.739786	0.000000,0.000000,0.000000	3.474141,2.189989,1.746481	0
19:29:24	3.474141,2.189989,1.746481	3.351701,2.347779,1.725427	0.000000,0.000000,0.000000	3.474141,2.189989,1.746481	0
19:29:24	3.474141,2.189989,1.746481	3.358576,2.352277,1.711416	0.000000,0.000000,0.000000	3.474141,2.189989,1.746481	0
19:29:24	3.474141,2.189989,1.746481	3.364430,2.356114,1.708226	0.000000,0.000000,0.000000	3.474141,2.189989,1.746481	0
19:29:24	3.474141,2.189989,1.746481	3.372359,2.361049,1.707549	0.000000,0.000000,0.000000	3.474141,2.189989,1.746481	0
19:29:25	3.474141,2.189989,1.746481	3.388147,2.370277,1.726341	0.000000,0.000000,0.000000	3.474141,2.189989,1.746481	0
19:29:25	3.474141,2.189989,1.746481	3.406368,2.378146,1.750401	0.000000,0.000000,0.000000	3.474141,2.189989,1.746481	0
19:29:25	3.474141,2.189989,1.746481	3.414208,2.380634,1.762307	0.000000,0.000000,0.000000	3.474141,2.189989,1.746481	0
19:29:25	3.474141,2.189989,1.746481	3.515812,2.035550,1.739598	0.000000,0.000000,0.000000	3.474141,2.189989,1.746481	0
19:29:25	3.474141,2.189989,1.746481	3.511749,2.034860,1.724520	0.000000,0.000000,0.000000	3.474141,2.189989,1.746481	0
19:29:25	3.474141,2.189989,1.746481	3.510034,2.034420,1.725521	0.000000,0.000000,0.000000	3.474141,2.189989,1.746481	0
19:29:25	3.474141,2.189989,1.746481	3.500253,2.033005,1.713363	0.000000,0.000000,0.000000	3.474141,2.189989,1.746481	0
19:29:25	3.474141,2.189989,1.746481	3.499066,2.033539,1.701665	0.000000,0.000000,0.000000	3.474141,2.189989,1.746481	0
19:29:25	3.474141,2.189989,1.746481	3.491737,2.033418,1.690769	0.000000,0.000000,0.000000	3.474141,2.189989,1.746481	0
19:29:25	3.474141,2.189989,1.746481	3.490960,2.034269,1.681109	0.000000,0.000000,0.000000	3.474141,2.189989,1.746481	0
19:29:26	3.474141,2.189989,1.746481	3.484468,2.034714,1.672106	0.000000,0.000000,0.000000	3.474141,2.189989,1.746481	0
19:29:26	3.474141,2.189989,1.746481	3.478469,2.035459,1.663977	0.000000,0.000000,0.000000	3.474141,2.189989,1.746481	0
19:29:26	3.474141,2.189989,1.746481	3.472953,2.037933,1.646934	0.000000,0.000000,0.000000	3.474141,2.189989,1.746481	0
19:29:26	3.474141,2.189989,1.746481	3.467921,2.039085,1.640853	0.000000,0.000000,0.000000	3.474141,2.189989,1.746481	0
19:29:26	3.474141,2.189989,1.746481	3.463187,2.038796,1.644098	0.000000,0.000000,0.000000	3.474141,2.189989,1.746481	0
19:29:26	3.474141,2.189989,1.746481	3.459308,2.039550,1.641638	0.000000,0.000000,0.000000	3.474141,2.189989,1.746481	0
19:29:26	3.474141,2.189989,1.746481	3.455274,2.039476,1.644699	0.000000,0.000000,0.000000	3.474141,2.189989,1.746481	0
19:29:26	3.474141,2.189989,1.746481	3.451681,2.040805,1.639906	0.000000,0.000000,0.000000	3.474141,2.189989,1.746481	0
19:29:26	3.474141,2.189989,1.746481	3.448139,2.040849,1.642922	0.000000,0.000000,0.000000	3.474141,2.189989,1.746481	0
19:29:26	3.474141,2.189989,1.746481	3.445048,2.042193,1.638597	0.000000,0.000000,0.000000	3.474141,2.189989,1.746481	0
19:29:27	3.474141,2.189989,1.746481	3.446345,2.041089,1.643408	0.000000,0.000000,0.000000	3.474141,2.189989,1.746481	0
19:29:27	3.474141,2.189989,1.746481	3.443103,2.040161,1.652927	0.000000,0.000000,0.000000	3.474141,2.189989,1.746481	0
19:29:27	3.474141,2.189989,1.746481	3.443774,2.039711,1.654952	0.000000,0.000000,0.000000	3.474141,2.189989,1.746481	0
19:29:27	3.474141,2.189989,1.746481	3.440953,2.039956,1.657292	0.000000,0.000000,0.000000	3.474141,2.189989,1.746481	0
19:29:27	3.474141,2.189989,1.746481	3.440953,2.039956,1.657292	0.000000,0.000000,0.000000	3.474141,2.189989,1.746481	0
19:29:27	3.474141,2.189989,1.746481	3.444237,2.038367,1.663620	0.000000,0.000000,0.000000	3.474141,2.189989,1.746481	0
19:29:27	3.474141,2.189989,1.746481	3.444237,2.038367,1.663620	0.000000,0.000000,0.000000	3.474141,2.189989,1.746481	0
19:29:27	3.474141,2.189989,1.746481	3.444237,2.038367,1.663620	0.000000,0.000000,0.000000	3.474141,2.189989,1.746481	0
19:29:27	3.474141,2.189989,1.746481	3.447184,2.038116,1.661443	0.000000,0.000000,0.000000	3.474141,2.189989,1.746481	0
19:29:27	3.474141,2.189989,1.746481	3.447184,2.038116,1.661443	0.000000,0.000000,0.000000	3.474141,2.189989,1.746481	0
19:29:28	3.474141,2.189989,1.746481	3.447184,2.038116,1.661443	0.000000,0.000000,0.000000	3.474141,2.189989,1.746481	0
19:29:28	3.474141,2.189989,1.746481	3.450148,2.036957,1.666345	0.000000,0.000000,0.000000	3.474141,2.189989,1.746481	0
19:29:28	3.474141,2.189989,1.746481	3.450148,2.036957,1.666345	0.000000,0.000000,0.000000	3.474141,2.189989,1.746481	0
19:29:28	3.474141,2.189989,1.746481	3.453936,2.036446,1.666077	0.000000,0.000000,0.000000	3.474141,2.189989,1.746481	0
19:29:28	3.474141,2.189989,1.746481	3.453456,2.036763,1.664170	0.000000,0.000000,0.000000	3.474141,2.189989,1.746481	0
19:29:28	3.474141,2.189989,1.746481	3.453456,2.036763,1.664170	0.000000,0.000000,0.000000	3.474141,2.189989,1.746481	0
19:29:28	3.474141,2.189989,1.746481	3.449583,2.037297,1.664457	0.000000,0.000000,0.000000	3.474141,2.189989,1.746481	0
19:29:28	3.474141,2.189989,1.746481	3.449744,2.038299,1.657156	0.000000,0.000000,0.000000	3.474141,2.189989,1.746481	0
19:29:28	3.474141,2.189989,1.746481	3.446136,2.039966,1.650384	0.000000,0.000000,0.000000	3.474141,2.189989,1.746481	0
19:29:28	3.474141,2.189989,1.746481	3.446566,2.042271,1.636593	0.000000,0.000000,0.000000	3.474141,2.189989,1.746481	0
19:29:29	3.474141,2.189989,1.746481	3.447378,2.042914,1.632418	0.000000,0.000000,0.000000	3.474141,2.189989,1.746481	0
19:29:29	3.474141,2.189989,1.746481	3.447836,2.045433,1.619806	0.000000,0.000000,0.000000	3.474141,2.189989,1.746481	0
19:29:29	3.474141,2.189989,1.746481	3.448826,2.047370,1.610557	0.000000,0.000000,0.000000	3.474141,2.189989,1.746481	0
19:29:29	3.474141,2.189989,1.746481	3.453077,2.048871,1.601677	0.000000,0.000000,0.000000	3.474141,2.189989,1.746481	0
19:29:29	3.474141,2.189989,1.746481	3.453487,2.051617,1.591221	0.000000,0.000000,0.000000	3.474141,2.189989,1.746481	0
19:29:29	3.474141,2.189989,1.746481	3.457118,2.054111,1.580985	0.000000,0.000000,0.000000	3.474141,2.189989,1.746481	0
19:29:29	3.474141,2.189989,1.746481	3.454120,2.055858,1.576681	0.000000,0.000000,0.000000	3.474141,2.189989,1.746481	0
19:29:29	3.474141,2.189989,1.746481	3.454229,2.059788,1.564809	0.000000,0.000000,0.000000	3.474141,2.189989,1.746481	0
19:29:29	3.474141,2.189989,1.746481	3.454681,2.062744,1.556428	0.000000,0.000000,0.000000	3.474141,2.189989,1.746481	0
