# Flight Log 
# 25 08 17 - 19:27:31
Time		X,Y,Z				goalX,goalY,goalZ		ddx,ddy,ddz			angularx,angulary,angularz	battery
19:27:32	0.955593,4.212007,0.389609	0.776474,4.299126,0.425773	-0.237107,0.167651,10.245894	0.955593,4.212007,0.389609	4.00117301941
19:27:32	0.955802,4.212166,0.390039	0.776474,4.299126,0.425773	-0.234712,0.170046,10.243499	0.955802,4.212166,0.390039	4.00117301941
19:27:32	0.955671,4.212003,0.389665	0.776619,4.299223,0.425905	-0.246687,0.170046,10.257869	0.955671,4.212003,0.389665	4.00117301941
19:27:32	0.955803,4.212179,0.390036	0.776476,4.299100,0.425549	-0.244292,0.167651,10.245894	0.955803,4.212179,0.390036	4.00117301941
19:27:32	0.955794,4.212177,0.390015	0.776603,4.299212,0.425861	-0.241897,0.162861,10.255474	0.955794,4.212177,0.390015	4.00117301941
19:27:32	0.955602,4.212012,0.389597	0.776905,4.299581,0.427334	-0.251477,0.167651,10.260264	0.955602,4.212012,0.389597	3.99589443207
19:27:32	0.955601,4.212004,0.389606	0.776953,4.299774,0.427648	-0.244292,0.162861,10.253079	0.955601,4.212004,0.389606	4.00117301941
19:27:32	0.955532,4.211915,0.389448	0.776913,4.299627,0.427231	-0.239502,0.160466,10.248289	0.955532,4.211915,0.389448	4.00117301941
19:27:32	0.955683,4.212007,0.389676	0.776910,4.299616,0.427458	-0.244292,0.165256,10.253079	0.955683,4.212007,0.389676	3.99589443207
19:27:32	0.955603,4.212002,0.389590	0.776616,4.299225,0.425996	-0.239502,0.167651,10.255474	0.955603,4.212002,0.389590	4.00117301941
19:27:32	0.955602,4.212001,0.389620	0.776299,4.298862,0.424987	-0.246687,0.167651,10.245894	0.955602,4.212001,0.389620	4.00117301941
19:27:33	0.955676,4.212018,0.389673	0.776555,4.299264,0.425886	-0.239502,0.165256,10.253079	0.955676,4.212018,0.389673	4.00117301941
19:27:33	0.955794,4.212176,0.390040	0.776323,4.298912,0.425044	-0.241897,0.165256,10.250684	0.955794,4.212176,0.390040	4.00117301941
19:27:33	0.955794,4.212183,0.390035	0.776578,4.299179,0.425762	-0.244292,0.162861,10.245894	0.955794,4.212183,0.390035	4.00117301941
19:27:33	0.955804,4.212168,0.390035	0.776909,4.299643,0.427356	-0.241897,0.162861,10.243499	0.955804,4.212168,0.390035	4.00117301941
19:27:33	0.955804,4.212158,0.390015	0.776952,4.299734,0.427675	-0.244292,0.165256,10.243499	0.955804,4.212158,0.390015	3.99589443207
19:27:33	0.955808,4.212172,0.390026	0.776510,4.299183,0.425660	-0.249082,0.172441,10.238708	0.955808,4.212172,0.390026	4.00117301941
19:27:33	0.955787,4.212172,0.390034	0.776859,4.299512,0.427340	-0.244292,0.165256,10.257869	0.955787,4.212172,0.390034	4.00117301941
19:27:33	0.955672,4.211972,0.389570	0.776871,4.299556,0.427631	-0.251477,0.160466,10.257869	0.955672,4.211972,0.389570	3.92199420929
19:27:33	0.955740,4.211997,0.389453	0.776286,4.298814,0.425121	-0.193997,0.057480,10.265054	0.955740,4.211997,0.389453	3.91143703461
19:27:33	0.955718,4.212184,0.390110	0.776520,4.299125,0.426052	-0.304167,0.122146,10.255474	0.955718,4.212184,0.390110	3.90615844727
19:27:34	0.955865,4.211991,0.389239	0.776599,4.299170,0.425596	-0.251477,0.110171,10.241104	0.955865,4.211991,0.389239	3.89560127258
19:27:34	0.955612,4.212053,0.389708	0.776834,4.299599,0.427259	-0.177231,0.158071,10.253079	0.955612,4.212053,0.389708	3.89032268524
19:27:34	0.955786,4.212162,0.389893	0.776736,4.299178,0.424102	-0.217947,0.119751,10.174043	0.955786,4.212162,0.389893	3.87976527214
19:27:34	0.955607,4.212018,0.389728	0.776751,4.299552,0.427505	-0.215552,0.189207,10.320139	0.955607,4.212018,0.389728	3.86920809746
19:27:34	0.955566,4.212032,0.389758	0.776462,4.299164,0.425842	-0.215552,0.165256,10.336904	0.955566,4.212032,0.389758	3.85865092278
19:27:34	0.955577,4.212022,0.389667	0.776398,4.298991,0.424644	-0.323328,0.184417,10.150093	0.955577,4.212022,0.389667	3.85337233543
19:27:34	0.955743,4.212158,0.390097	0.776777,4.299404,0.427487	-0.261057,0.268242,10.353669	0.955743,4.212158,0.390097	3.84281516075
19:27:34	0.955645,4.212040,0.389679	0.776411,4.298943,0.426327	-0.287402,0.299377,10.267449	0.955645,4.212040,0.389679	3.83225798607
19:27:34	0.955774,4.212181,0.389855	0.776881,4.299551,0.426702	-0.208367,0.203577,10.382410	0.955774,4.212181,0.389855	3.82170081139
19:27:34	0.955593,4.212021,0.389715	0.776896,4.299781,0.426971	-0.227527,0.138911,10.157278	0.955593,4.212021,0.389715	3.8111436367
19:27:35	0.955684,4.212040,0.389569	0.776875,4.299610,0.427052	-0.282612,0.340093,10.245894	0.955684,4.212040,0.389569	3.80058646202
19:27:35	0.955702,4.212027,0.389520	0.776575,4.299108,0.426113	-0.316143,0.086221,10.344089	0.955702,4.212027,0.389520	3.80058646202
19:27:35	0.955597,4.211902,0.389485	0.776396,4.299028,0.425333	-0.277822,0.102986,10.320139	0.955597,4.211902,0.389485	3.7847507
19:27:35	0.955626,4.212119,0.390069	0.776616,4.299350,0.425756	-0.347278,0.014370,10.245894	0.955626,4.212119,0.390069	3.7847507
19:27:35	0.955303,4.211962,0.389442	0.775986,4.298951,0.425473	-0.462239,-0.098196,10.188413	0.955303,4.211962,0.389442	3.75835776329
19:27:35	0.955375,4.211782,0.389761	0.776126,4.298820,0.425158	-0.253872,0.330513,10.344089	0.955375,4.211782,0.389761	3.74780058861
19:27:35	0.955328,4.211844,0.389699	0.776143,4.298852,0.425344	-0.285007,0.411943,10.346484	0.955328,4.211844,0.389699	3.73196482658
19:27:35	0.955185,4.211614,0.389622	0.775961,4.298662,0.425498	-0.193997,0.031135,10.166858	0.955185,4.211614,0.389622	3.72668623924
19:27:35	0.954886,4.211591,0.389485	0.775422,4.297747,0.424200	-0.493374,0.023950,10.152488	0.954886,4.211591,0.389485	3.71085047722
19:27:35	0.954713,4.211066,0.389363	0.775101,4.297023,0.424889	-0.198787,0.347278,10.245894	0.954713,4.211066,0.389363	3.70029330254
19:27:36	0.954370,4.210306,0.389197	0.774107,4.295419,0.423257	-0.153281,0.117356,10.296189	0.954370,4.210306,0.389197	3.68973612785
19:27:36	0.954091,4.209482,0.389410	0.773380,4.293722,0.424710	-0.182021,0.160466,10.320139	0.954091,4.209482,0.389410	3.67390036583
19:27:36	0.953850,4.207020,0.389569	0.771941,4.288204,0.425147	-0.165256,0.325723,10.380015	0.953850,4.207020,0.389569	3.66334319115
19:27:36	0.953723,4.204809,0.389592	1.093100,4.348813,0.390471	-0.673000,0.205972,10.329719	0.953723,4.204809,0.389592	3.66334319115
19:27:36	0.952516,4.203969,0.389715	1.089729,4.350107,0.389261	-0.364043,0.285007,10.253079	0.952516,4.203969,0.389715	3.63695025444
19:27:36	0.951033,4.201991,0.389760	1.084811,4.351420,0.387376	0.007185,0.014370,9.965676	0.951033,4.201991,0.389760	3.62111449242
19:27:36	0.949665,4.199267,0.390194	1.080451,4.351234,0.387100	-0.531694,0.167651,10.277029	0.949665,4.199267,0.390194	3.61055731773
19:27:36	0.946935,4.195649,0.389664	1.060967,4.361418,0.385272	-0.143701,-0.136516,10.329719	0.946935,4.195649,0.389664	3.61055731773
19:27:36	0.943918,4.190534,0.390026	1.062966,4.353216,0.374056	-0.402363,0.117356,10.437495	0.943918,4.190534,0.390026	3.57360720634
19:27:36	0.938471,4.182800,0.391392	1.041648,4.357434,0.401839	-0.043110,0.074246,10.303374	0.938471,4.182800,0.391392	3.55777144432
19:27:37	0.930328,4.169827,0.393600	1.035912,4.344168,0.421768	-0.208367,0.390388,10.267449	0.930328,4.169827,0.393600	3.54721426964
19:27:37	0.918621,4.150629,0.396214	0.974336,4.346758,0.455246	0.165256,0.126936,10.562036	0.918621,4.150629,0.396214	3.52609968185
19:27:37	0.899339,4.123049,0.399386	0.763416,4.003050,0.518597	0.428708,0.000000,9.896221	0.899339,4.123049,0.399386	3.51554250717
19:27:37	0.870218,4.085926,0.399158	0.715549,3.990082,0.494118	0.093406,-0.258662,9.718989	0.870218,4.085926,0.399158	3.49442815781
19:27:37	0.831096,4.041110,0.391775	0.693317,3.919815,0.363561	-0.428708,0.308958,9.819580	0.831096,4.041110,0.391775	3.47331380844
19:27:37	0.783499,3.991982,0.379782	0.694837,3.832813,0.350902	-0.304167,0.435894,10.104587	0.783499,3.991982,0.379782	3.45747804642
19:27:37	0.732301,3.937590,0.366669	0.657554,3.775573,0.298727	-0.783171,0.866997,10.626702	0.732301,3.937590,0.366669	3.44164228439
19:27:37	0.681785,3.875504,0.356110	0.606908,3.713666,0.309597	0.476609,-0.359253,10.291399	0.681785,3.875504,0.356110	3.42580652237
19:27:37	0.631529,3.805245,0.348805	0.567903,3.639605,0.316564	-0.002395,-0.055085,10.839858	0.631529,3.805245,0.348805	3.42580652237
19:27:37	0.580787,3.729240,0.348292	0.516864,3.566758,0.280987	-0.045505,-0.021555,10.890154	0.580787,3.729240,0.348292	3.42580652237
19:27:38	0.531709,3.652583,0.352329	0.458509,3.490716,0.332820	0.366438,-0.265847,10.241104	0.531709,3.652583,0.352329	3.42580652237
19:27:38	0.488012,3.581079,0.362720	0.318600,3.514084,0.411026	-0.732876,0.761616,11.395503	0.488012,3.581079,0.362720	3.18826961517
19:27:38	0.452680,3.516884,0.384429	0.309861,3.402787,0.422972	0.356858,-0.062271,10.751243	0.452680,3.516884,0.384429	3.18826961517
19:27:38	0.424218,3.459580,0.413987	0.303906,3.324247,0.488047	0.110171,0.045505,10.339299	0.424218,3.459580,0.413987	3.44692087173
19:27:38	0.401716,3.406403,0.452203	0.282987,3.272907,0.553254	-0.495769,0.193997,11.036250	0.401716,3.406403,0.452203	3.17771244049
19:27:38	0.383874,3.352195,0.499859	0.295574,3.199795,0.610598	-0.586780,0.095801,10.803933	0.383874,3.352195,0.499859	3.39413499832
19:27:38	0.369172,3.294081,0.552557	0.277922,3.157644,0.719179	-0.910107,0.385598,10.621912	0.369172,3.294081,0.552557	3.21994161606
19:27:38	0.356029,3.231958,0.609899	0.292386,3.093064,0.810415	-0.716111,0.184417,10.473420	0.356029,3.231958,0.609899	3.45747804642
19:27:38	0.343515,3.167126,0.665300	0.432095,3.209973,0.592060	0.016765,0.229922,9.774075	0.343515,3.167126,0.665300	3.47859239578
19:27:38	0.332111,3.103457,0.705596	0.435112,3.243499,0.704964	0.059875,0.007185,8.899893	0.332111,3.103457,0.705596	3.45747804642
19:27:39	0.324974,3.046009,0.734449	0.444333,3.071018,0.747246	-0.004790,-0.011975,10.193203	0.324974,3.046009,0.734449	3.45747804642
19:27:39	0.326939,2.997833,0.767322	0.444679,3.047968,0.784229	-0.972378,0.141306,10.758428	0.326939,2.997833,0.767322	3.45219945908
19:27:39	0.340198,2.958035,0.804870	0.438528,2.966192,0.810468	-0.126936,0.019160,10.356064	0.340198,2.958035,0.804870	3.45747804642
19:27:39	0.364224,2.923417,0.842990	0.478969,2.987655,0.726186	0.028740,0.435894,9.936936	0.364224,2.923417,0.842990	3.29912042618
19:27:39	0.397062,2.892344,0.872471	0.458513,2.758518,0.814592	-0.043110,0.043110,8.392148	0.397062,2.892344,0.872471	3.75835776329
19:27:39	0.434855,2.863649,0.887168	0.518393,2.948716,0.675509	-0.622705,0.546064,9.980046	0.434855,2.863649,0.887168	3.26744890213
19:27:39	0.473652,2.835584,0.893151	0.566819,2.927665,0.715972	-0.560435,-0.079036,9.309441	0.473652,2.835584,0.893151	3.45747804642
19:27:39	0.508965,2.805516,0.894170	0.585443,2.924659,0.738809	-0.380808,-0.249082,10.324929	0.508965,2.805516,0.894170	3.44692087173
19:27:39	0.540021,2.773258,0.899456	0.640434,2.811145,0.905227	-0.792751,0.385598,10.614727	0.540021,2.773258,0.899456	3.44164228439
19:27:39	0.569204,2.740708,0.911262	0.676175,2.777347,0.883200	-0.701741,0.239502,10.686577	0.569204,2.740708,0.911262	3.42052793503
19:27:40	0.597839,2.708728,0.925403	0.712275,2.743375,0.957877	-0.371228,-0.280217,10.090217	0.597839,2.708728,0.925403	3.48387098312
19:27:40	0.627355,2.677951,0.937104	0.694744,2.708719,0.931316	-0.689766,0.117356,10.102192	0.627355,2.677951,0.937104	3.48387098312
19:27:40	0.657897,2.649927,0.945846	0.729857,2.725991,0.909770	-0.289797,0.035925,10.049502	0.657897,2.649927,0.945846	3.42580652237
19:27:40	0.687724,2.625063,0.950531	0.765032,2.741476,0.897633	-0.380808,-0.205972,10.056687	0.687724,2.625063,0.950531	3.42580652237
19:27:40	0.715801,2.604902,0.952340	0.801294,2.701101,0.998865	-0.258662,0.064666,10.243499	0.715801,2.604902,0.952340	3.41524934769
19:27:40	0.742558,2.592628,0.956550	0.838433,2.709686,0.886036	-0.531694,0.268242,10.717712	0.742558,2.592628,0.956550	3.17771244049
19:27:40	0.769806,2.586656,0.955028	0.875575,2.607269,0.987131	-0.716111,0.055085,9.098679	0.769806,2.586656,0.955028	3.8111436367
19:27:40	0.798474,2.582980,0.945111	0.911971,2.609668,0.902887	-0.136516,-0.160466,10.348879	0.798474,2.582980,0.945111	3.39941358566
19:27:40	0.828464,2.578108,0.933625	0.894113,2.558868,0.925290	-0.665815,0.184417,9.908196	0.828464,2.578108,0.933625	3.40997076035
19:27:40	0.859503,2.568479,0.923034	0.928946,2.563790,0.951430	-0.043110,-0.076641,10.691367	0.859503,2.568479,0.923034	3.39413499832
19:27:41	0.890105,2.551459,0.919556	0.963803,2.572746,0.963881	0.055085,-0.234712,10.906919	0.890105,2.551459,0.919556	3.28328466415
19:27:41	0.921166,2.526009,0.923838	0.998759,2.533469,0.957777	-0.244292,-0.232317,10.643467	0.921166,2.526009,0.923838	3.41524934769
19:27:41	0.954460,2.494495,0.931403	1.032440,2.604979,0.941939	-0.730481,0.234712,10.303374	0.954460,2.494495,0.931403	3.42580652237
19:27:41	0.988350,2.460758,0.938339	1.012053,2.625153,0.925820	-0.074246,-0.100591,9.910591	0.988350,2.460758,0.938339	3.47331380844
19:27:41	1.021040,2.428095,0.942365	1.000379,2.595248,0.925613	-0.342488,-0.052690,10.054292	1.021040,2.428095,0.942365	3.47331380844
19:27:41	1.051259,2.398724,0.946006	1.008729,2.561531,0.926232	-0.421523,0.131726,10.377620	1.051259,2.398724,0.946006	3.40997076035
19:27:41	1.076959,2.370163,0.949566	0.993966,2.517150,0.925945	-0.019160,0.191602,10.042317	1.076959,2.370163,0.949566	3.42052793503
19:27:41	1.096915,2.339989,0.952276	1.037533,2.497701,0.969504	0.035925,0.138911,10.130933	1.096915,2.339989,0.952276	3.40997076035
19:27:41	1.110778,2.308279,0.957259	1.020700,2.450285,0.969302	-0.605940,0.098196,10.753638	1.110778,2.308279,0.957259	3.17771244049
19:27:41	1.121115,2.276121,0.965643	1.026611,2.414924,0.967361	-0.771196,-0.009580,10.372830	1.121115,2.276121,0.965643	3.42052793503
19:27:42	1.129751,2.245482,0.973974	1.010509,2.361732,0.965582	-0.593965,-0.004790,10.233918	1.129751,2.245482,0.973974	3.42052793503
19:27:42	1.135598,2.217103,0.981467	1.267989,2.196569,0.812348	-0.079036,-0.246687,10.286609	1.135598,2.217103,0.981467	3.40997076035
19:27:42	1.138314,2.190356,0.981094	1.272241,2.179816,0.812716	-0.045505,-0.158071,8.868757	1.138314,2.190356,0.981094	3.68973612785
19:27:42	1.140427,2.165624,0.968105	1.275478,2.164802,0.803159	0.138911,-0.014370,9.915381	1.140427,2.165624,0.968105	3.39413499832
19:27:42	1.148813,2.141456,0.953080	1.282584,2.145043,0.791035	-0.531694,0.095801,10.229128	1.148813,2.141456,0.953080	3.39413499832
19:27:42	1.170578,2.113026,0.937814	1.302029,2.134924,0.783071	-0.253872,-0.067061,10.243499	1.170578,2.113026,0.937814	3.39941358566
19:27:42	1.206002,2.077654,0.920944	1.334196,2.113273,0.772794	-0.716111,0.098196,10.140513	1.206002,2.077654,0.920944	3.41524934769
19:27:42	1.251439,2.036686,0.902069	1.377272,2.080985,0.759502	-1.128054,0.220342,10.164463	1.251439,2.036686,0.902069	3.40997076035
19:27:42	1.302427,1.993357,0.880284	1.422956,2.053735,0.740955	-0.227527,-0.016765,9.984836	1.302427,1.993357,0.880284	3.43108510971
19:27:42	1.354554,1.949839,0.855741	1.469419,2.029736,0.728152	-0.737666,0.385598,10.133328	1.354554,1.949839,0.855741	3.39941358566
19:27:43	1.404778,1.907465,0.829575	1.507669,2.009129,0.708906	-0.083826,-0.088616,10.190808	1.404778,1.907465,0.829575	3.39941358566
19:27:43	1.448554,1.868441,0.802205	1.547693,1.979905,0.695545	-0.428708,0.114961,10.023157	1.448554,1.868441,0.802205	3.39941358566
19:27:43	1.483706,1.834069,0.774249	1.575855,1.954953,0.673872	-0.696951,0.443079,10.382410	1.483706,1.834069,0.774249	3.39941358566
19:27:43	1.510503,1.805748,0.744738	1.596799,1.934048,0.658338	-0.205972,0.364043,10.047107	1.510503,1.805748,0.744738	3.39941358566
19:27:43	1.529258,1.785374,0.714552	1.615399,1.915759,0.643267	-0.723296,-0.043110,10.399175	1.529258,1.785374,0.714552	3.39941358566
19:27:43	1.542213,1.774288,0.684942	1.622439,1.909185,0.627746	-0.193997,-0.088616,10.133328	1.542213,1.774288,0.684942	3.45747804642
19:27:43	1.551442,1.772094,0.656979	1.633067,1.905627,0.610793	-1.025068,0.342488,10.444680	1.551442,1.772094,0.656979	3.38885641098
19:27:43	1.558578,1.778147,0.629782	1.642077,1.910427,0.604168	-0.203577,-0.076641,10.135723	1.558578,1.778147,0.629782	3.404692173
19:27:43	1.564795,1.790912,0.602670	1.650075,1.921146,0.586189	0.416733,-0.421523,10.106982	1.564795,1.790912,0.602670	3.39413499832
19:27:43	1.572722,1.808242,0.574419	1.658959,1.936654,0.567350	0.126936,-0.471819,10.006392	1.572722,1.808242,0.574419	3.39413499832
19:27:44	1.583390,1.827918,0.546890	1.667194,1.957438,0.557397	0.399968,-0.589175,10.171648	1.583390,1.827918,0.546890	3.38357782364
19:27:44	1.597085,1.846731,0.519428	1.683395,1.974442,0.538319	-0.914897,0.203577,10.245894	1.597085,1.846731,0.519428	3.42052793503
19:27:44	1.614745,1.862101,0.489893	1.702442,1.988300,0.527757	-1.264570,0.088616,10.459050	1.614745,1.862101,0.489893	3.38357782364
19:27:44	1.637129,1.873262,0.459816	1.725253,1.998772,0.506608	0.126936,-0.866997,10.059082	1.637129,1.873262,0.459816	3.38357782364
19:27:44	1.663086,1.878868,0.429541	1.745928,2.008330,0.485078	-0.756826,0.091011,10.396780	1.663086,1.878868,0.429541	3.4680352211
19:27:44	1.691142,1.879155,0.396726	1.773372,2.008115,0.471274	0.045505,-0.225132,10.102192	1.691142,1.879155,0.396726	3.48914957047
19:27:44	1.720942,1.874350,0.363353	1.798903,2.005761,0.447764	-1.329236,0.227527,10.566826	1.720942,1.874350,0.363353	3.43108510971
19:27:44	1.751472,1.865647,0.331643	1.826550,1.998831,0.421815	-0.316143,-0.143701,10.394385	1.751472,1.865647,0.331643	3.39941358566
19:27:44	1.781873,1.853899,0.301177	1.850766,1.990500,0.397436	-0.799937,0.177231,10.324929	1.781873,1.853899,0.301177	3.36246347427
19:27:44	1.809954,1.840967,0.271902	1.875341,1.978694,0.375520	-0.234712,-0.579595,10.399175	1.809954,1.840967,0.271902	3.36774206161
19:27:45	1.834427,1.829503,0.243947	1.898805,1.967014,0.350498	-0.617915,0.148491,10.585986	1.834427,1.829503,0.243947	3.39413499832
19:27:45	1.855973,1.820547,0.217164	1.916139,1.959214,0.327586	0.201182,-0.222737,10.181228	1.855973,1.820547,0.217164	3.35718488693
19:27:45	1.874513,1.812414,0.192474	1.932636,1.951171,0.308145	-0.718506,0.308958,10.485396	1.874513,1.812414,0.192474	3.48387098312
19:27:45	1.890366,1.804167,0.168430	1.948859,1.942718,0.285410	-0.495769,-0.158071,10.471025	1.890366,1.804167,0.168430	3.38885641098
19:27:45	1.904791,1.795779,0.143700	1.961145,1.934359,0.266272	-0.713716,0.086221,10.114167	1.904791,1.795779,0.143700	3.49442815781
19:27:45	1.920838,1.787014,0.117480	1.976352,1.925338,0.241874	-0.335303,-0.344883,10.344089	1.920838,1.787014,0.117480	3.36774206161
19:27:45	1.937956,1.779781,0.092980	1.990938,1.917356,0.222119	-0.728086,0.301772,10.255474	1.937956,1.779781,0.092980	3.45747804642
19:27:45	1.955737,1.777097,0.067917	2.009604,1.912089,0.201012	-0.033530,-0.440684,10.224338	1.955737,1.777097,0.067917	3.40997076035
19:27:45	1.976678,1.779863,0.041723	2.026675,1.911789,0.186866	-0.332908,-0.435894,10.150093	1.976678,1.779863,0.041723	3.40997076035
19:27:45	2.002640,1.784796,0.015355	2.051822,1.915094,0.165084	-0.026345,-0.323328,10.435100	2.002640,1.784796,0.015355	3.37302064896
19:27:46	2.032687,1.789358,-0.008587	2.077809,1.919564,0.146436	-0.986748,0.021555,10.839858	2.032687,1.789358,-0.008587	3.404692173
19:27:46	2.063931,1.791845,-0.027190	2.104832,1.923736,0.127902	-0.318538,-0.277822,10.861414	2.063931,1.791845,-0.027190	3.35718488693
19:27:46	2.095295,1.791228,-0.036724	2.135497,1.922091,0.123247	-0.775986,0.102986,11.326047	2.095295,1.791228,-0.036724	3.35718488693
19:27:46	2.124840,1.787554,-0.034948	2.162742,1.919987,0.123127	-0.476609,-0.035925,10.899734	2.124840,1.787554,-0.034948	3.35718488693
19:27:46	2.152497,1.781173,-0.024878	2.187338,1.916473,0.127268	0.143701,-0.057480,10.741663	2.152497,1.781173,-0.024878	3.37302064896
19:27:46	2.176375,1.774571,-0.006655	2.212585,1.908883,0.145494	-0.661025,0.083826,10.633887	2.176375,1.774571,-0.006655	3.37302064896
19:27:46	2.195808,1.771231,0.015861	2.230914,1.904451,0.169346	-0.510139,-0.021555,10.777588	2.195808,1.771231,0.015861	3.32551336288
19:27:46	2.211823,1.772679,0.043597	2.248755,1.906531,0.188069	-0.467029,-0.002395,10.461445	2.211823,1.772679,0.043597	3.23049879074
19:27:46	2.228539,1.777384,0.073522	2.266906,1.910055,0.218635	-0.866997,0.074246,10.099797	2.228539,1.777384,0.073522	3.23049879074
19:27:46	2.245457,1.786503,0.101972	2.285331,1.916925,0.248456	0.031135,-0.134121,10.075847	2.245457,1.786503,0.101972	3.29912042618
19:27:47	2.260066,1.799446,0.131056	2.299989,1.930510,0.273859	-0.155676,-0.261057,10.262659	2.260066,1.799446,0.131056	3.37302064896
19:27:47	2.273154,1.811588,0.159749	2.316567,1.943781,0.298510	-0.050295,-0.550854,9.862690	2.273154,1.811588,0.159749	3.36774206161
19:27:47	2.282457,1.819041,0.185664	2.328771,1.951435,0.326157	0.340093,-0.548459,10.121353	2.282457,1.819041,0.185664	3.2885632515
19:27:47	2.288522,1.819087,0.214450	2.339437,1.953001,0.351933	-1.245410,0.162861,10.475815	2.288522,1.819087,0.214450	3.38357782364
19:27:47	2.294855,1.811614,0.244191	2.474318,1.737723,0.310489	-0.747246,-0.079036,10.195598	2.294855,1.811614,0.244191	3.35190629959
19:27:47	2.301349,1.797345,0.272682	2.447027,1.729366,0.495232	-0.886157,0.177231,9.939331	2.301349,1.797345,0.272682	3.39413499832
19:27:47	2.307671,1.777037,0.300402	2.428317,1.714118,0.578650	0.426313,-0.821492,10.483000	2.307671,1.777037,0.300402	3.16187667847
19:27:47	2.314427,1.751920,0.335429	2.416432,1.692727,0.642181	-0.234712,-0.304167,10.401570	2.314427,1.751920,0.335429	3.33607053757
19:27:47	2.322211,1.723212,0.374575	2.410749,1.667093,0.697588	-0.586780,0.510139,10.463840	2.322211,1.723212,0.374575	3.30967760086
19:27:47	2.331290,1.690285,0.417810	2.412643,1.636550,0.747605	0.095801,-0.100591,10.538086	2.331290,1.690285,0.417810	3.36246347427
19:27:48	2.341757,1.652366,0.462072	2.417715,1.599996,0.797673	-0.519719,0.071851,10.262659	2.341757,1.652366,0.462072	3.36246347427
19:27:48	2.351621,1.612685,0.506885	2.424971,1.559349,0.843542	-0.799937,0.301772,10.487791	2.351621,1.612685,0.506885	3.26744890213
19:27:48	2.359113,1.574233,0.554677	2.429121,1.520529,0.893752	0.021555,-0.179626,10.483000	2.359113,1.574233,0.554677	3.15659809113
19:27:48	2.364136,1.537129,0.606450	2.431008,1.483987,0.948118	-0.150886,0.210762,10.497371	2.364136,1.537129,0.606450	3.15659809113
19:27:48	2.365918,1.502082,0.663194	2.428878,1.450697,1.009021	-0.720901,0.079036,10.535691	2.365918,1.502082,0.663194	3.28328466415
19:27:48	2.366595,1.468423,0.723230	2.414572,1.622732,0.797499	-0.692161,0.129331,10.459050	2.366595,1.468423,0.723230	3.35190629959
19:27:48	2.366621,1.436957,0.774567	2.415699,1.590995,0.846597	-0.323328,-0.155676,8.971743	2.366621,1.436957,0.774567	3.46275663376
19:27:48	2.368339,1.409099,0.817598	2.418217,1.561960,0.887491	-0.177231,-0.011975,9.879456	2.368339,1.409099,0.817598	3.26217031479
19:27:48	2.373723,1.385401,0.858953	2.423367,1.537587,0.925489	-0.426313,-0.043110,10.150093	2.373723,1.385401,0.858953	3.16715526581
19:27:48	2.383795,1.364351,0.902201	2.430923,1.516809,0.966484	-0.608335,-0.028740,10.197993	2.383795,1.364351,0.902201	3.36246347427
19:27:49	2.398632,1.344432,0.946893	2.446018,1.496448,1.007945	-0.397573,0.043110,10.341694	2.398632,1.344432,0.946893	3.33607053757
19:27:49	2.419348,1.325250,0.992850	2.463784,1.477765,1.051536	-0.423918,-0.215552,10.320139	2.419348,1.325250,0.992850	3.36246347427
19:27:49	2.443857,1.307690,1.036249	2.484715,1.461031,1.093787	-0.558040,-0.088616,9.812395	2.443857,1.307690,1.036249	3.3782992363
19:27:49	2.468733,1.294077,1.077526	2.509823,1.446305,1.133621	-0.227527,-0.081431,10.039922	2.468733,1.294077,1.077526	3.3782992363
19:27:49	2.493111,1.284928,1.119345	2.532917,1.436731,1.173874	-0.136516,-0.062271,10.346484	2.493111,1.284928,1.119345	3.3782992363
19:27:49	2.517034,1.278961,1.162465	2.555286,1.430524,1.215490	-0.500559,-0.016765,10.200388	2.517034,1.278961,1.162465	3.15659809113
19:27:49	2.540456,1.274812,1.206356	2.576566,1.426911,1.256824	-0.740061,0.158071,10.207573	2.540456,1.274812,1.206356	3.15659809113
19:27:49	2.562502,1.272246,1.248421	2.599982,1.423909,1.298453	-0.462239,0.179626,9.862690	2.562502,1.272246,1.248421	3.38885641098
19:27:49	2.581992,1.271651,1.288713	2.618232,1.423991,1.332586	-0.392783,-0.225132,10.396780	2.581992,1.271651,1.288713	3.14604091644
19:27:49	2.598906,1.272115,1.330239	2.637538,1.424975,1.363336	0.083826,-0.146096,10.147698	2.598906,1.272115,1.330239	3.15131950378
19:27:50	2.615344,1.273020,1.373692	2.654121,1.425548,1.400426	0.011975,-0.251477,10.003997	2.615344,1.273020,1.373692	3.15131950378
19:27:50	2.631073,1.273648,1.418290	2.669768,1.426927,1.438617	-0.993933,-0.004790,10.253079	2.631073,1.273648,1.418290	3.16187667847
19:27:50	2.646302,1.274639,1.463257	2.686321,1.427799,1.477911	-0.629890,0.119751,10.135723	2.646302,1.274639,1.463257	3.15131950378
19:27:50	2.661236,1.275827,1.508578	2.700803,1.429409,1.516958	-0.831072,0.045505,10.109377	2.661236,1.275827,1.508578	3.28328466415
19:27:50	2.678113,1.277923,1.553582	2.718612,1.430758,1.550683	-0.965193,0.052690,10.233918	2.678113,1.277923,1.553582	3.14604091644
19:27:50	2.692634,1.280823,1.598653	2.732941,1.433715,1.589310	-0.196392,-0.033530,10.063872	2.692634,1.280823,1.598653	3.14604091644
19:27:50	2.708671,1.285269,1.643591	2.751335,1.437738,1.627464	-0.586780,-0.055085,10.255474	2.708671,1.285269,1.643591	3.24105596542
19:27:50	2.723681,1.290467,1.689465	2.766192,1.442816,1.661652	0.138911,-0.177231,9.987231	2.723681,1.290467,1.689465	3.14604091644
19:27:50	2.741006,1.297149,1.735041	2.779966,1.448877,1.700805	-0.857417,0.000000,10.138118	2.741006,1.297149,1.735041	3.15659809113
19:27:50	2.756957,1.304446,1.780740	2.796156,1.454786,1.735104	-0.682581,-0.021555,10.037527	2.756957,1.304446,1.780740	3.15659809113
19:27:51	2.772297,1.312755,1.826666	2.812348,1.463287,1.773980	-0.490979,-0.421523,10.219548	2.772297,1.312755,1.826666	3.14604091644
19:27:51	2.786242,1.322578,1.872413	2.827890,1.471257,1.808580	-0.605940,-0.028740,10.068662	2.786242,1.322578,1.872413	3.15131950378
19:27:51	2.799062,1.333763,1.916697	2.840065,1.481675,1.846392	-0.790356,0.004790,10.368040	2.799062,1.333763,1.916697	3.25161314011
19:27:51	2.810188,1.347207,1.961151	2.853665,1.492834,1.879932	-0.617915,-0.129331,10.241104	2.810188,1.347207,1.961151	3.15131950378
19:27:51	2.820295,1.361616,2.004832	2.863582,1.506527,1.916291	-0.826282,0.011975,10.102192	2.820295,1.361616,2.004832	3.15659809113
19:27:51	2.828815,1.378785,2.047198	2.919977,1.279446,1.857881	-0.031135,-0.220342,9.869875	2.828815,1.378785,2.047198	3.15659809113
19:27:51	2.837099,1.396484,2.079677	2.883940,1.537628,1.983513	-0.402363,-0.083826,9.376501	2.837099,1.396484,2.079677	3.63695025444
19:27:51	2.842648,1.411073,2.103632	2.890292,1.552622,2.003363	-0.823887,-0.402363,9.941726	2.842648,1.411073,2.103632	3.15659809113
19:27:51	2.845036,1.419050,2.126815	2.893615,1.561154,2.017935	-0.775986,-0.026345,10.303374	2.845036,1.419050,2.126815	3.24633455276
19:27:51	2.845383,1.423272,2.151225	2.894452,1.565478,2.038735	-0.191602,-0.306563,10.329719	2.845383,1.423272,2.151225	3.27800607681
19:27:52	2.845418,1.429095,2.176276	2.896809,1.569249,2.060713	-0.335303,-0.093406,10.190808	2.845418,1.429095,2.176276	3.23577737808
19:27:52	2.846231,1.437757,2.201720	2.897417,1.576138,2.082348	-0.253872,-0.361648,10.018367	2.846231,1.437757,2.201720	3.30439901352
19:27:52	2.848634,1.449599,2.224837	2.898644,1.587488,2.103939	-0.507744,0.076641,9.951306	2.848634,1.449599,2.224837	3.38885641098
19:27:52	2.853141,1.462484,2.242257	2.902719,1.600167,2.120805	-0.251477,-0.273032,10.013577	2.853141,1.462484,2.242257	3.34662771225
19:27:52	2.860192,1.481404,2.262675	2.956464,1.376344,2.105691	-0.390388,-0.071851,10.087822	2.860192,1.481404,2.262675	3.32551336288
19:27:52	2.867413,1.500096,2.277091	2.919721,1.633368,2.150566	-0.754431,-0.155676,9.709409	2.867413,1.500096,2.277091	3.32551336288
19:27:52	2.874033,1.518244,2.287515	2.926446,1.651024,2.158470	-0.536484,-0.217947,10.188413	2.874033,1.518244,2.287515	3.33607053757
19:27:52	2.878481,1.529840,2.295923	2.933332,1.662866,2.162800	-1.223855,-0.019160,10.509346	2.878481,1.529840,2.295923	3.30439901352
19:27:52	2.882474,1.541614,2.306738	2.937606,1.672321,2.168619	-0.680186,0.217947,10.336904	2.882474,1.541614,2.306738	3.34134912491
19:27:52	2.887271,1.553760,2.315343	2.977411,1.455524,2.133034	-0.076641,-0.378413,10.145303	2.887271,1.553760,2.315343	3.35718488693
19:27:53	2.891595,1.569350,2.318767	2.948488,1.696283,2.177063	-1.005908,0.021555,9.563313	2.891595,1.569350,2.318767	3.46275663376
19:27:53	2.895907,1.580706,2.317665	2.991703,1.471966,2.179922	-0.167651,-0.241897,10.109377	2.895907,1.580706,2.317665	3.17771244049
19:27:53	2.901271,1.593119,2.319054	3.003974,1.500974,2.155889	-0.141306,-0.234712,10.095007	2.901271,1.593119,2.319054	3.36246347427
19:27:53	2.905002,1.596727,2.316136	2.965929,1.725583,2.172788	-0.289797,-0.050295,9.833950	2.905002,1.596727,2.316136	3.41524934769
19:27:53	2.906450,1.593038,2.309115	2.988961,1.510697,2.096152	0.055085,-0.155676,9.893826	2.906450,1.593038,2.309115	3.35718488693
19:27:53	2.908976,1.583297,2.297214	2.970797,1.715341,2.161169	-0.543669,-0.009580,9.798025	2.908976,1.583297,2.297214	3.58416438103
19:27:53	2.911854,1.574863,2.285738	2.992385,1.464545,2.127886	-1.003513,0.129331,11.038645	2.911854,1.574863,2.285738	3.13548374176
19:27:53	2.915721,1.572285,2.275629	2.976577,1.702843,2.140541	-0.579595,0.256267,10.202783	2.915721,1.572285,2.275629	3.51554250717
19:27:53	2.921987,1.576716,2.265306	2.982087,1.705881,2.130889	-0.740061,0.170046,10.368040	2.921987,1.576716,2.265306	3.1407623291
19:27:53	2.929145,1.586018,2.254492	2.989128,1.714576,2.121379	-0.217947,0.004790,10.142908	2.929145,1.586018,2.254492	3.37302064896
19:27:54	2.935852,1.602094,2.241203	2.995957,1.728920,2.109399	0.102986,-0.126936,10.013577	2.935852,1.602094,2.241203	3.40997076035
19:27:54	2.941397,1.623312,2.225400	3.019317,1.506184,2.063187	-0.890947,-0.031135,10.310559	2.941397,1.623312,2.225400	3.41524934769
19:27:54	2.945373,1.647705,2.204290	3.030768,1.525125,2.075138	-0.807122,0.155676,9.886641	2.945373,1.647705,2.204290	3.47331380844
19:27:54	2.948581,1.668845,2.180598	3.010943,1.796204,2.054500	-0.948428,-0.026345,10.490186	2.948581,1.668845,2.180598	3.25689172745
19:27:54	2.950199,1.681358,2.156863	3.020624,1.567072,1.984909	-0.198787,-0.268242,9.996812	2.950199,1.681358,2.156863	3.51026391983
19:27:54	2.952028,1.684570,2.127493	3.062347,1.615374,1.949782	-0.620310,-0.244292,10.037527	2.952028,1.684570,2.127493	3.48387098312
19:27:54	2.952260,1.679184,2.091115	3.018695,1.813990,1.980745	-0.117356,-0.316143,9.865085	2.952260,1.679184,2.091115	3.48387098312
19:27:54	2.952737,1.668069,2.055987	3.020662,1.804373,1.948100	-0.227527,0.021555,10.624307	2.952737,1.668069,2.055987	3.19354820251
19:27:54	2.955799,1.654839,2.027040	3.060774,1.579904,1.853054	-0.057480,-0.095801,10.605146	2.955799,1.654839,2.027040	3.30967760086
19:27:54	2.958006,1.645109,1.996057	3.024476,1.781519,1.898263	-0.239502,0.083826,9.702224	2.958006,1.645109,1.996057	3.62111449242
19:27:55	2.962973,1.642150,1.963457	3.026508,1.779062,1.869163	-0.826282,0.220342,10.645862	2.962973,1.642150,1.963457	3.13548374176
19:27:55	2.966716,1.644165,1.932931	3.030214,1.780456,1.843154	-0.320933,-0.244292,10.360854	2.966716,1.644165,1.932931	3.47331380844
19:27:55	2.971294,1.649022,1.901546	3.035193,1.785971,1.816623	-0.632285,0.014370,10.224338	2.971294,1.649022,1.901546	3.45219945908
19:27:55	2.976366,1.658350,1.866796	3.039769,1.795581,1.789465	-0.900527,0.074246,9.884246	2.976366,1.658350,1.866796	3.48387098312
19:27:55	2.979735,1.670415,1.828621	3.044207,1.808193,1.757362	-0.843047,0.040715,10.186018	2.979735,1.670415,1.828621	3.45747804642
19:27:55	2.983975,1.684044,1.789710	3.049137,1.822309,1.724237	-0.857417,0.028740,10.267449	2.983975,1.684044,1.789710	3.45747804642
19:27:55	2.987570,1.697242,1.749882	2.956904,1.870593,1.580162	-0.704136,0.189207,10.162068	2.987570,1.697242,1.749882	3.43636369705
19:27:55	2.990890,1.709557,1.703515	2.977849,1.865820,1.475705	-0.323328,0.215552,9.757310	2.990890,1.709557,1.703515	3.75835776329
19:27:55	2.992408,1.716515,1.647822	2.993999,1.858273,1.381677	-0.744851,-0.237107,9.838740	2.992408,1.716515,1.647822	3.62111449242
19:27:55	2.993231,1.716122,1.580732	3.001901,1.842544,1.287116	-0.622705,0.222737,9.723779	2.993231,1.716122,1.580732	3.66862177849
19:27:56	2.994259,1.706316,1.505664	3.007400,1.818807,1.191024	-1.001118,0.373623,10.289004	2.994259,1.706316,1.505664	3.64750742912
19:27:56	2.995846,1.688507,1.432179	3.011526,1.789020,1.100332	-0.172441,-0.059875,10.554851	2.995846,1.688507,1.432179	3.26744890213
19:27:56	2.997255,1.667425,1.355617	3.015868,1.756664,1.014447	0.093406,-0.067061,9.891431	2.997255,1.667425,1.355617	3.38885641098
19:27:56	2.998333,1.646333,1.274035	3.018838,1.726586,0.926276	-0.948428,0.055085,9.896221	2.998333,1.646333,1.274035	3.3782992363
19:27:56	2.999646,1.625327,1.188685	3.056863,1.658686,0.831341	-0.512534,-0.256267,9.958491	2.999646,1.625327,1.188685	3.3782992363
19:27:56	3.002227,1.602802,1.101310	3.049592,1.633483,0.738159	-0.009580,-0.064666,10.118958	3.002227,1.602802,1.101310	3.34134912491
19:27:56	3.007531,1.579035,1.012391	3.049379,1.608575,0.647283	-0.040715,0.011975,10.114167	3.007531,1.579035,1.012391	3.34134912491
19:27:56	3.014659,1.557365,0.922752	3.054620,1.585977,0.556962	-0.304167,0.160466,10.066267	3.014659,1.557365,0.922752	3.35718488693
19:27:56	3.021669,1.541263,0.832827	3.061481,1.569533,0.467026	-1.252595,0.285007,10.674602	3.021669,1.541263,0.832827	3.34662771225
19:27:56	3.028104,1.531567,0.743791	3.085553,1.723507,0.809476	-0.907712,0.344883,10.593171	3.028104,1.531567,0.743791	3.36246347427
19:27:57	3.031139,1.522112,0.656711	3.088190,1.715193,0.724902	-0.847837,-0.021555,10.384805	3.031139,1.522112,0.656711	3.35190629959
19:27:57	3.030779,1.508180,0.571581	3.088278,1.702782,0.641573	-0.663420,0.131726,10.523716	3.030779,1.508180,0.571581	3.35718488693
19:27:57	3.029621,1.490183,0.489835	3.085013,1.685505,0.560481	-0.864602,0.193997,10.875784	3.029621,1.490183,0.489835	3.32023477554
19:27:57	3.032337,1.473579,0.415073	3.085752,1.668246,0.485208	-0.445474,-0.237107,11.036250	3.032337,1.473579,0.415073	3.32023477554
19:27:57	3.036705,1.460527,0.325823	3.087630,1.655053,0.402594	-0.481399,0.052690,6.102510	3.036705,1.460527,0.325823	3.66334319115
19:27:57	3.041548,1.450662,0.162364	3.091747,1.644083,0.273648	-0.253872,-0.019160,3.156636	3.041548,1.450662,0.162364	3.66334319115
