# Flight Log 
# 25 08 17 - 16:16:22
Time		X,Y,Z				goalX,goalY,goalZ		ddx,ddy,ddz			angularx,angulary,angularz	battery
16:16:23	0.000000,0.000000,0.000000	0.000000,0.000000,0.000000	0.000000,0.000000,0.000000	0.000000,0.000000,0.000000	0
16:16:23	0.672455,2.226590,0.327256	0.708983,2.090038,0.477167	0.000000,0.000000,0.000000	0.672455,2.226590,0.327256	0
16:16:23	0.672459,2.226590,0.327255	0.708933,2.089997,0.477102	0.000000,0.000000,0.000000	0.672459,2.226590,0.327255	0
16:16:23	0.672460,2.226588,0.327258	0.708941,2.089989,0.477099	0.000000,0.000000,0.000000	0.672460,2.226588,0.327258	0
16:16:23	0.672465,2.226579,0.327266	0.708935,2.089990,0.477097	0.000000,0.000000,0.000000	0.672465,2.226579,0.327266	0
16:16:23	0.672464,2.226585,0.327272	0.708937,2.090005,0.477101	0.000000,0.000000,0.000000	0.672464,2.226585,0.327272	0
16:16:23	0.672465,2.226588,0.327253	0.708937,2.089999,0.477093	0.000000,0.000000,0.000000	0.672465,2.226588,0.327253	0
16:16:23	0.672456,2.226590,0.327255	0.708951,2.089956,0.477158	0.000000,0.000000,0.000000	0.672456,2.226590,0.327255	0
16:16:23	0.672450,2.226587,0.327267	0.708971,2.090040,0.477144	0.000000,0.000000,0.000000	0.672450,2.226587,0.327267	0
16:16:23	0.672512,2.226639,0.327371	0.708937,2.089995,0.477090	0.000000,0.000000,0.000000	0.672512,2.226639,0.327371	0
16:16:23	0.672515,2.226633,0.327351	0.708958,2.089960,0.477176	0.000000,0.000000,0.000000	0.672515,2.226633,0.327351	0
16:16:24	0.672453,2.226582,0.327242	0.708986,2.090046,0.477158	0.000000,0.000000,0.000000	0.672453,2.226582,0.327242	0
16:16:24	0.672457,2.226589,0.327248	0.708938,2.090000,0.477085	0.000000,0.000000,0.000000	0.672457,2.226589,0.327248	0
16:16:24	0.672449,2.226597,0.327266	0.708937,2.089988,0.477105	0.000000,0.000000,0.000000	0.672449,2.226597,0.327266	0
16:16:24	0.672464,2.226611,0.327265	0.708987,2.090030,0.477163	0.000000,0.000000,0.000000	0.672464,2.226611,0.327265	0
16:16:24	0.672473,2.226617,0.327273	0.708929,2.090002,0.477099	0.000000,0.000000,0.000000	0.672473,2.226617,0.327273	0
16:16:24	0.672435,2.226496,0.327243	0.708980,2.090038,0.477189	0.000000,0.000000,0.000000	0.672435,2.226496,0.327243	0
16:16:24	0.672503,2.226627,0.327339	0.708940,2.089990,0.477111	0.000000,0.000000,0.000000	0.672503,2.226627,0.327339	0
16:16:24	0.672451,2.226592,0.327255	0.708902,2.089891,0.477106	0.000000,0.000000,0.000000	0.672451,2.226592,0.327255	0
16:16:24	0.672462,2.226592,0.327273	0.708939,2.089988,0.477086	0.000000,0.000000,0.000000	0.672462,2.226592,0.327273	0
16:16:24	0.672511,2.226637,0.327372	0.708934,2.089994,0.477085	0.000000,0.000000,0.000000	0.672511,2.226637,0.327372	0
16:16:25	0.672512,2.226636,0.327349	0.708933,2.090012,0.477098	0.000000,0.000000,0.000000	0.672512,2.226636,0.327349	0
16:16:25	0.672478,2.226545,0.327344	0.708934,2.089997,0.477109	0.000000,0.000000,0.000000	0.672478,2.226545,0.327344	0
16:16:25	0.672455,2.226575,0.327266	0.708990,2.090038,0.477167	0.000000,0.000000,0.000000	0.672455,2.226575,0.327266	0
16:16:25	0.672515,2.226642,0.327350	0.708925,2.089992,0.477090	0.000000,0.000000,0.000000	0.672515,2.226642,0.327350	0
16:16:25	0.672513,2.226640,0.327367	0.675550,2.066815,0.343554	0.000000,0.000000,0.000000	0.672513,2.226640,0.327367	0
16:16:25	0.672459,2.226595,0.327272	0.675548,2.066829,0.343562	0.000000,0.000000,0.000000	0.672459,2.226595,0.327272	0
16:16:25	0.672453,2.226591,0.327258	0.675598,2.066869,0.343626	0.000000,0.000000,0.000000	0.672453,2.226591,0.327258	0
16:16:25	0.672463,2.226588,0.327260	0.675554,2.066821,0.343558	0.000000,0.000000,0.000000	0.672463,2.226588,0.327260	0
16:16:25	0.672462,2.226589,0.327261	0.675534,2.066822,0.343560	0.000000,0.000000,0.000000	0.672462,2.226589,0.327261	0
16:16:25	0.672457,2.226603,0.327270	0.675548,2.066808,0.343562	0.000000,0.000000,0.000000	0.672457,2.226603,0.327270	0
16:16:26	0.672452,2.226599,0.327243	0.675561,2.066775,0.343616	0.000000,0.000000,0.000000	0.672452,2.226599,0.327243	0
16:16:26	0.672455,2.226594,0.327270	0.675544,2.066824,0.343547	0.000000,0.000000,0.000000	0.672455,2.226594,0.327270	0
16:16:26	0.672512,2.226640,0.327356	0.675551,2.066829,0.343551	0.000000,0.000000,0.000000	0.672512,2.226640,0.327356	0
16:16:26	0.672508,2.226629,0.327349	0.675593,2.066867,0.343633	0.000000,0.000000,0.000000	0.672508,2.226629,0.327349	0
16:16:26	0.672458,2.226589,0.327260	0.675547,2.066825,0.343553	0.000000,0.000000,0.000000	0.672458,2.226589,0.327260	0
16:16:26	0.672519,2.226629,0.327356	0.675599,2.066876,0.343623	0.000000,0.000000,0.000000	0.672519,2.226629,0.327356	0
16:16:26	0.672527,2.226635,0.327374	0.675527,2.066731,0.343552	0.000000,0.000000,0.000000	0.672527,2.226635,0.327374	0
16:16:26	0.672445,2.226494,0.327272	0.675608,2.066872,0.343618	0.000000,0.000000,0.000000	0.672445,2.226494,0.327272	0
16:16:26	0.672516,2.226625,0.327352	0.675553,2.066818,0.343576	0.000000,0.000000,0.000000	0.672516,2.226625,0.327352	0
16:16:26	0.672463,2.226583,0.327234	0.675594,2.066853,0.343615	0.000000,0.000000,0.000000	0.672463,2.226583,0.327234	0
16:16:27	0.672518,2.226625,0.327349	0.675534,2.066818,0.343549	0.000000,0.000000,0.000000	0.672518,2.226625,0.327349	0
16:16:27	0.672473,2.226594,0.327275	0.675590,2.066868,0.343615	0.000000,0.000000,0.000000	0.672473,2.226594,0.327275	0
16:16:27	0.672470,2.226581,0.327273	0.675559,2.066826,0.343559	0.000000,0.000000,0.000000	0.672470,2.226581,0.327273	0
16:16:27	0.672452,2.226584,0.327243	0.675560,2.066832,0.343556	0.000000,0.000000,0.000000	0.672452,2.226584,0.327243	0
16:16:27	0.672510,2.226639,0.327336	0.675550,2.066827,0.343538	0.000000,0.000000,0.000000	0.672510,2.226639,0.327336	0
16:16:27	0.672458,2.226604,0.327270	0.675583,2.066864,0.343607	0.000000,0.000000,0.000000	0.672458,2.226604,0.327270	0
16:16:27	0.672461,2.226598,0.327264	0.675597,2.066869,0.343621	0.000000,0.000000,0.000000	0.672461,2.226598,0.327264	0
16:16:27	0.672510,2.226626,0.327346	0.675604,2.066870,0.343637	0.000000,0.000000,0.000000	0.672510,2.226626,0.327346	0
16:16:27	0.672516,2.226631,0.327356	0.675547,2.066824,0.343551	0.000000,0.000000,0.000000	0.672516,2.226631,0.327356	0
16:16:27	0.672462,2.226604,0.327256	0.675598,2.066878,0.343615	0.000000,0.000000,0.000000	0.672462,2.226604,0.327256	0
16:16:28	0.672452,2.226604,0.327261	0.675550,2.066826,0.343554	0.000000,0.000000,0.000000	0.672452,2.226604,0.327261	0
16:16:28	0.672452,2.226592,0.327263	0.675594,2.066859,0.343618	0.000000,0.000000,0.000000	0.672452,2.226592,0.327263	0
16:16:28	0.672461,2.226594,0.327270	0.675534,2.066819,0.343549	0.000000,0.000000,0.000000	0.672461,2.226594,0.327270	0
16:16:28	0.672506,2.226637,0.327362	0.675587,2.066873,0.343624	0.000000,0.000000,0.000000	0.672506,2.226637,0.327362	0
16:16:28	0.672464,2.226599,0.327263	0.675547,2.066832,0.343555	0.000000,0.000000,0.000000	0.672464,2.226599,0.327263	0
16:16:28	0.672440,2.226589,0.327258	0.675540,2.066825,0.343563	0.000000,0.000000,0.000000	0.672440,2.226589,0.327258	0
16:16:28	0.672459,2.226600,0.327254	0.675548,2.066821,0.343552	0.000000,0.000000,0.000000	0.672459,2.226600,0.327254	0
16:16:28	0.672430,2.226514,0.327263	0.675548,2.066820,0.343551	0.000000,0.000000,0.000000	0.672430,2.226514,0.327263	0
16:16:28	0.672528,2.226644,0.327340	0.675551,2.066830,0.343550	0.000000,0.000000,0.000000	0.672528,2.226644,0.327340	0
16:16:28	0.672514,2.226645,0.327342	0.675547,2.066814,0.343569	0.000000,0.000000,0.000000	0.672514,2.226645,0.327342	0
16:16:29	0.672478,2.226540,0.327353	0.675595,2.066854,0.343635	0.000000,0.000000,0.000000	0.672478,2.226540,0.327353	0
16:16:29	0.672517,2.226637,0.327341	0.675592,2.066858,0.343629	0.000000,0.000000,0.000000	0.672517,2.226637,0.327341	0
16:16:29	0.672446,2.226600,0.327266	0.675525,2.066717,0.343563	0.000000,0.000000,0.000000	0.672446,2.226600,0.327266	0
16:16:29	0.672441,2.226493,0.327277	0.675549,2.066822,0.343548	0.000000,0.000000,0.000000	0.672441,2.226493,0.327277	0
16:16:29	0.672459,2.226581,0.327273	0.675551,2.066815,0.343550	0.000000,0.000000,0.000000	0.672459,2.226581,0.327273	0
16:16:29	0.672527,2.226642,0.327369	0.675552,2.066818,0.343552	0.000000,0.000000,0.000000	0.672527,2.226642,0.327369	0
16:16:29	0.672466,2.226603,0.327252	0.675556,2.066831,0.343540	0.000000,0.000000,0.000000	0.672466,2.226603,0.327252	0
16:16:29	0.672443,2.226604,0.327242	0.675551,2.066835,0.343542	0.000000,0.000000,0.000000	0.672443,2.226604,0.327242	0
16:16:29	0.672455,2.226597,0.327252	0.675549,2.066820,0.343543	0.000000,0.000000,0.000000	0.672455,2.226597,0.327252	0
16:16:29	0.672465,2.226594,0.327272	0.675540,2.066828,0.343557	0.000000,0.000000,0.000000	0.672465,2.226594,0.327272	0
16:16:30	0.672524,2.226644,0.327360	0.675589,2.066881,0.343628	0.000000,0.000000,0.000000	0.672524,2.226644,0.327360	0
16:16:30	0.672521,2.226622,0.327360	0.675542,2.066827,0.343561	0.000000,0.000000,0.000000	0.672521,2.226622,0.327360	0
16:16:30	0.672473,2.226527,0.327361	0.675550,2.066837,0.343557	0.000000,0.000000,0.000000	0.672473,2.226527,0.327361	0
16:16:30	0.672510,2.226619,0.327357	0.675545,2.066827,0.343560	0.000000,0.000000,0.000000	0.672510,2.226619,0.327357	0
16:16:30	0.672489,2.226548,0.327359	0.675544,2.066834,0.343555	0.000000,0.000000,0.000000	0.672489,2.226548,0.327359	0
16:16:30	0.672523,2.226624,0.327355	0.675546,2.066814,0.343566	0.000000,0.000000,0.000000	0.672523,2.226624,0.327355	0
16:16:30	0.672517,2.226615,0.327377	0.675543,2.066818,0.343569	0.000000,0.000000,0.000000	0.672517,2.226615,0.327377	0
16:16:30	0.672454,2.226568,0.327274	0.675568,2.066763,0.343656	0.000000,0.000000,0.000000	0.672454,2.226568,0.327274	0
16:16:30	0.672509,2.226611,0.327366	0.675597,2.066859,0.343633	0.000000,0.000000,0.000000	0.672509,2.226611,0.327366	0
16:16:30	0.672509,2.226631,0.327350	0.675588,2.066857,0.343616	0.000000,0.000000,0.000000	0.672509,2.226631,0.327350	0
16:16:31	0.672465,2.226601,0.327252	0.675595,2.066871,0.343614	0.000000,0.000000,0.000000	0.672465,2.226601,0.327252	0
16:16:31	0.672460,2.226612,0.327255	0.675567,2.066775,0.343614	0.000000,0.000000,0.000000	0.672460,2.226612,0.327255	0
16:16:31	0.672458,2.226623,0.327242	0.675591,2.066868,0.343624	0.000000,0.000000,0.000000	0.672458,2.226623,0.327242	0
16:16:31	0.672453,2.226611,0.327244	0.675544,2.066837,0.343565	0.000000,0.000000,0.000000	0.672453,2.226611,0.327244	0
16:16:31	0.672466,2.226613,0.327248	0.675518,2.066730,0.343557	0.000000,0.000000,0.000000	0.672466,2.226613,0.327248	0
16:16:31	0.672453,2.226601,0.327281	0.675545,2.066817,0.343564	0.000000,0.000000,0.000000	0.672453,2.226601,0.327281	0
16:16:31	0.672516,2.226643,0.327351	0.675548,2.066821,0.343576	0.000000,0.000000,0.000000	0.672516,2.226643,0.327351	0
16:16:31	0.672517,2.226635,0.327363	0.675539,2.066820,0.343571	0.000000,0.000000,0.000000	0.672517,2.226635,0.327363	0
16:16:31	0.672427,2.226490,0.327283	0.675547,2.066816,0.343558	0.000000,0.000000,0.000000	0.672427,2.226490,0.327283	0
16:16:31	0.672509,2.226623,0.327368	0.675552,2.066815,0.343555	0.000000,0.000000,0.000000	0.672509,2.226623,0.327368	0
16:16:32	0.672464,2.226586,0.327276	0.675552,2.066827,0.343554	0.000000,0.000000,0.000000	0.672464,2.226586,0.327276	0
16:16:32	0.672527,2.226623,0.327360	0.675549,2.066836,0.343558	0.000000,0.000000,0.000000	0.672527,2.226623,0.327360	0
16:16:32	0.672459,2.226587,0.327269	0.675555,2.066825,0.343553	0.000000,0.000000,0.000000	0.672459,2.226587,0.327269	0
16:16:32	0.672469,2.226581,0.327260	0.675547,2.066826,0.343554	0.000000,0.000000,0.000000	0.672469,2.226581,0.327260	0
16:16:32	0.672508,2.226637,0.327364	0.675582,2.066857,0.343618	0.000000,0.000000,0.000000	0.672508,2.226637,0.327364	0
16:16:32	0.672461,2.226591,0.327268	0.675537,2.066831,0.343554	0.000000,0.000000,0.000000	0.672461,2.226591,0.327268	0
16:16:32	0.672467,2.226598,0.327267	0.675549,2.066828,0.343564	0.000000,0.000000,0.000000	0.672467,2.226598,0.327267	0
16:16:32	0.672511,2.226639,0.327346	0.675552,2.066819,0.343554	0.000000,0.000000,0.000000	0.672511,2.226639,0.327346	0
16:16:32	0.672458,2.226589,0.327274	0.675516,2.066730,0.343562	0.000000,0.000000,0.000000	0.672458,2.226589,0.327274	0
16:16:32	0.672518,2.226624,0.327361	0.677200,2.067144,0.352303	0.000000,0.000000,0.000000	0.672518,2.226624,0.327361	0
16:16:33	0.672486,2.226583,0.327267	0.677188,2.067050,0.352292	0.000000,0.000000,0.000000	0.672486,2.226583,0.327267	0
16:16:33	0.672483,2.226586,0.327268	0.677212,2.067152,0.352296	0.000000,0.000000,0.000000	0.672483,2.226586,0.327268	0
16:16:33	0.672491,2.226538,0.327349	0.677268,2.067183,0.352354	0.000000,0.000000,0.000000	0.672491,2.226538,0.327349	0
16:16:33	0.672427,2.226582,0.327280	0.677180,2.067141,0.352297	0.000000,0.000000,0.000000	0.672427,2.226582,0.327280	0
16:16:33	0.672372,2.226495,0.327271	0.677142,2.067054,0.352301	0.000000,0.000000,0.000000	0.672372,2.226495,0.327271	0
16:16:33	0.672486,2.226618,0.327347	0.677171,2.067144,0.352294	0.000000,0.000000,0.000000	0.672486,2.226618,0.327347	0
16:16:33	0.672398,2.226494,0.327272	0.677146,2.067065,0.352294	0.000000,0.000000,0.000000	0.672398,2.226494,0.327272	0
16:16:33	0.672447,2.226588,0.327265	0.677182,2.067148,0.352290	0.000000,0.000000,0.000000	0.672447,2.226588,0.327265	0
16:16:33	0.672471,2.226593,0.327261	0.677245,2.067204,0.352353	0.000000,0.000000,0.000000	0.672471,2.226593,0.327261	0
16:16:33	0.672396,2.226582,0.327275	0.677168,2.067146,0.352290	0.000000,0.000000,0.000000	0.672396,2.226582,0.327275	0
16:16:34	0.672553,2.226642,0.327325	0.772787,2.103131,0.361388	0.000000,0.000000,0.000000	0.672553,2.226642,0.327325	0
16:16:34	0.672491,2.226569,0.327371	0.772724,2.103086,0.361383	0.000000,0.000000,0.000000	0.672491,2.226569,0.327371	0
16:16:34	0.672415,2.226555,0.327301	0.772784,2.103096,0.361436	0.000000,0.000000,0.000000	0.672415,2.226555,0.327301	0
16:16:34	0.672467,2.226586,0.327269	0.772773,2.103114,0.361432	0.000000,0.000000,0.000000	0.672467,2.226586,0.327269	0
16:16:34	0.672513,2.226633,0.327370	0.772737,2.103081,0.361385	0.000000,0.000000,0.000000	0.672513,2.226633,0.327370	0
16:16:34	0.672504,2.226630,0.327369	0.772738,2.103091,0.361392	0.000000,0.000000,0.000000	0.672504,2.226630,0.327369	0
16:16:34	0.672458,2.226582,0.327254	0.772729,2.103081,0.361380	0.000000,0.000000,0.000000	0.672458,2.226582,0.327254	0
16:16:34	0.672446,2.226593,0.327265	0.772717,2.103084,0.361380	0.000000,0.000000,0.000000	0.672446,2.226593,0.327265	0
16:16:34	0.672538,2.226628,0.327345	0.772738,2.103091,0.361382	0.000000,0.000000,0.000000	0.672538,2.226628,0.327345	0
16:16:34	0.672500,2.226631,0.327341	0.772714,2.103087,0.361383	0.000000,0.000000,0.000000	0.672500,2.226631,0.327341	0
16:16:35	0.672461,2.226588,0.327256	0.772739,2.103082,0.361392	0.000000,0.000000,0.000000	0.672461,2.226588,0.327256	0
16:16:35	0.672511,2.226631,0.327334	0.772726,2.103079,0.361386	0.000000,0.000000,0.000000	0.672511,2.226631,0.327334	0
16:16:35	0.672451,2.226595,0.327273	0.772771,2.103114,0.361440	0.000000,0.000000,0.000000	0.672451,2.226595,0.327273	0
16:16:35	0.672460,2.226598,0.327276	0.772737,2.103079,0.361385	0.000000,0.000000,0.000000	0.672460,2.226598,0.327276	0
16:16:35	0.672423,2.226497,0.327270	0.772730,2.103082,0.361384	0.000000,0.000000,0.000000	0.672423,2.226497,0.327270	0
16:16:35	0.672520,2.226627,0.327349	0.829343,2.199299,0.358633	0.000000,0.000000,0.000000	0.672520,2.226627,0.327349	0
16:16:35	0.672523,2.226630,0.327340	0.829329,2.199295,0.358629	0.000000,0.000000,0.000000	0.672523,2.226630,0.327340	0
16:16:35	0.672453,2.226590,0.327273	0.829385,2.199324,0.358687	0.000000,0.000000,0.000000	0.672453,2.226590,0.327273	0
16:16:35	0.672470,2.226583,0.327271	0.829394,2.199319,0.358684	0.000000,0.000000,0.000000	0.672470,2.226583,0.327271	0
16:16:35	0.672451,2.226599,0.327280	0.829323,2.199290,0.358638	0.000000,0.000000,0.000000	0.672451,2.226599,0.327280	0
16:16:36	0.672456,2.226583,0.327275	0.829341,2.199286,0.358630	0.000000,0.000000,0.000000	0.672456,2.226583,0.327275	0
16:16:36	0.672420,2.226497,0.327276	0.829332,2.199302,0.358633	0.000000,0.000000,0.000000	0.672420,2.226497,0.327276	0
16:16:36	0.672463,2.226594,0.327267	0.829343,2.199290,0.358627	0.000000,0.000000,0.000000	0.672463,2.226594,0.327267	0
16:16:36	0.672471,2.226598,0.327269	0.829338,2.199292,0.358633	0.000000,0.000000,0.000000	0.672471,2.226598,0.327269	0
16:16:36	0.672451,2.226586,0.327264	0.829338,2.199294,0.358627	0.000000,0.000000,0.000000	0.672451,2.226586,0.327264	0
16:16:36	0.672463,2.226584,0.327263	0.829330,2.199299,0.358637	0.000000,0.000000,0.000000	0.672463,2.226584,0.327263	0
16:16:36	0.672449,2.226588,0.327262	0.829325,2.199290,0.358630	0.000000,0.000000,0.000000	0.672449,2.226588,0.327262	0
16:16:36	0.672458,2.226590,0.327263	0.829333,2.199301,0.358630	0.000000,0.000000,0.000000	0.672458,2.226590,0.327263	0
16:16:36	0.672517,2.226637,0.327349	0.829328,2.199297,0.358631	0.000000,0.000000,0.000000	0.672517,2.226637,0.327349	0
16:16:36	0.672455,2.226586,0.327262	0.829385,2.199329,0.358681	0.000000,0.000000,0.000000	0.672455,2.226586,0.327262	0
16:16:37	0.672460,2.226591,0.327275	0.829384,2.199319,0.358685	0.000000,0.000000,0.000000	0.672460,2.226591,0.327275	0
16:16:37	0.672463,2.226588,0.327268	0.829324,2.199291,0.358634	0.000000,0.000000,0.000000	0.672463,2.226588,0.327268	0
16:16:37	0.672449,2.226594,0.327279	0.829338,2.199293,0.358640	0.000000,0.000000,0.000000	0.672449,2.226594,0.327279	0
16:16:37	0.672453,2.226584,0.327271	0.829376,2.199337,0.358688	0.000000,0.000000,0.000000	0.672453,2.226584,0.327271	0
16:16:37	0.672453,2.226582,0.327266	0.829327,2.199298,0.358635	0.000000,0.000000,0.000000	0.672453,2.226582,0.327266	0
16:16:37	0.672450,2.226593,0.327270	0.829332,2.199291,0.358632	0.000000,0.000000,0.000000	0.672450,2.226593,0.327270	0
16:16:37	0.672455,2.226593,0.327279	0.831466,2.239181,0.352206	0.000000,0.000000,0.000000	0.672455,2.226593,0.327279	0
16:16:37	0.672439,2.226586,0.327270	0.831471,2.239184,0.352209	0.000000,0.000000,0.000000	0.672439,2.226586,0.327270	0
16:16:37	0.672458,2.226589,0.327269	0.831480,2.239173,0.352205	0.000000,0.000000,0.000000	0.672458,2.226589,0.327269	0
16:16:37	0.672410,2.226501,0.327268	0.831457,2.239173,0.352205	0.000000,0.000000,0.000000	0.672410,2.226501,0.327268	0
16:16:38	0.672453,2.226587,0.327261	0.831464,2.239178,0.352203	0.000000,0.000000,0.000000	0.672453,2.226587,0.327261	0
16:16:38	0.672463,2.226588,0.327269	0.831464,2.239177,0.352202	0.000000,0.000000,0.000000	0.672463,2.226588,0.327269	0
16:16:38	0.672417,2.226501,0.327268	0.831495,2.239135,0.352261	0.000000,0.000000,0.000000	0.672417,2.226501,0.327268	0
16:16:38	0.672453,2.226579,0.327268	0.831521,2.239208,0.352263	0.000000,0.000000,0.000000	0.672453,2.226579,0.327268	0
16:16:38	0.672452,2.226603,0.327266	0.831464,2.239172,0.352211	0.000000,0.000000,0.000000	0.672452,2.226603,0.327266	0
16:16:38	0.672514,2.226630,0.327349	0.831524,2.239207,0.352266	0.000000,0.000000,0.000000	0.672514,2.226630,0.327349	0
16:16:38	0.672448,2.226583,0.327265	0.828926,2.258813,0.344414	0.000000,0.000000,0.000000	0.672448,2.226583,0.327265	0
16:16:38	0.672505,2.226635,0.327356	0.828991,2.258856,0.344475	0.000000,0.000000,0.000000	0.672505,2.226635,0.327356	0
16:16:38	0.672515,2.226637,0.327361	0.828946,2.258819,0.344413	0.000000,0.000000,0.000000	0.672515,2.226637,0.327361	0
16:16:38	0.672461,2.226578,0.327259	0.828939,2.258819,0.344421	0.000000,0.000000,0.000000	0.672461,2.226578,0.327259	0
16:16:39	0.672430,2.226485,0.327268	0.828954,2.258814,0.344419	0.000000,0.000000,0.000000	0.672430,2.226485,0.327268	0
16:16:39	0.672449,2.226594,0.327274	0.828995,2.258846,0.344481	0.000000,0.000000,0.000000	0.672449,2.226594,0.327274	0
16:16:39	0.672421,2.226498,0.327267	0.828941,2.258811,0.344415	0.000000,0.000000,0.000000	0.672421,2.226498,0.327267	0
16:16:39	0.672448,2.226589,0.327272	0.828935,2.258820,0.344417	0.000000,0.000000,0.000000	0.672448,2.226589,0.327272	0
16:16:39	0.672504,2.226635,0.327356	0.828936,2.258812,0.344417	0.000000,0.000000,0.000000	0.672504,2.226635,0.327356	0
16:16:39	0.672442,2.226592,0.327267	0.828944,2.258820,0.344406	0.000000,0.000000,0.000000	0.672442,2.226592,0.327267	0
16:16:39	0.672462,2.226585,0.327251	0.828943,2.258819,0.344410	0.000000,0.000000,0.000000	0.672462,2.226585,0.327251	0
16:16:39	0.672458,2.226594,0.327272	0.825121,2.273904,0.341809	0.000000,0.000000,0.000000	0.672458,2.226594,0.327272	0
16:16:39	0.672464,2.226589,0.327268	0.825095,2.273826,0.341806	0.000000,0.000000,0.000000	0.672464,2.226589,0.327268	0
16:16:39	0.672460,2.226600,0.327274	0.825126,2.273899,0.341816	0.000000,0.000000,0.000000	0.672460,2.226600,0.327274	0
16:16:40	0.672508,2.226638,0.327352	0.825173,2.273940,0.341878	0.000000,0.000000,0.000000	0.672508,2.226638,0.327352	0
16:16:40	0.672449,2.226601,0.327272	0.825127,2.273904,0.341812	0.000000,0.000000,0.000000	0.672449,2.226601,0.327272	0
16:16:40	0.672508,2.226633,0.327362	0.825090,2.273815,0.341805	0.000000,0.000000,0.000000	0.672508,2.226633,0.327362	0
16:16:40	0.672456,2.226583,0.327277	0.825180,2.273945,0.341882	0.000000,0.000000,0.000000	0.672456,2.226583,0.327277	0
16:16:40	0.672447,2.226586,0.327271	0.825120,2.273910,0.341805	0.000000,0.000000,0.000000	0.672447,2.226586,0.327271	0
16:16:40	0.672438,2.226595,0.327262	0.825186,2.273955,0.341879	0.000000,0.000000,0.000000	0.672438,2.226595,0.327262	0
16:16:40	0.672465,2.226580,0.327265	0.825136,2.273905,0.341800	0.000000,0.000000,0.000000	0.672465,2.226580,0.327265	0
16:16:40	0.672449,2.226590,0.327275	0.825124,2.273905,0.341809	0.000000,0.000000,0.000000	0.672449,2.226590,0.327275	0
16:16:40	0.672454,2.226597,0.327275	0.819254,2.288714,0.355021	0.000000,0.000000,0.000000	0.672454,2.226597,0.327275	0
16:16:40	0.672424,2.226500,0.327271	0.819243,2.288714,0.355021	0.000000,0.000000,0.000000	0.672424,2.226500,0.327271	0
16:16:41	0.672509,2.226635,0.327358	0.819251,2.288702,0.355013	0.000000,0.000000,0.000000	0.672509,2.226635,0.327358	0
16:16:41	0.672462,2.226580,0.327275	0.819252,2.288712,0.355016	0.000000,0.000000,0.000000	0.672462,2.226580,0.327275	0
16:16:41	0.672452,2.226593,0.327270	0.819241,2.288709,0.355024	0.000000,0.000000,0.000000	0.672452,2.226593,0.327270	0
16:16:41	0.672448,2.226580,0.327263	0.819247,2.288708,0.355021	0.000000,0.000000,0.000000	0.672448,2.226580,0.327263	0
16:16:41	0.672499,2.226639,0.327352	0.819251,2.288712,0.355023	0.000000,0.000000,0.000000	0.672499,2.226639,0.327352	0
16:16:41	0.672511,2.226642,0.327351	0.819215,2.288626,0.355014	0.000000,0.000000,0.000000	0.672511,2.226642,0.327351	0
16:16:41	0.672458,2.226597,0.327281	0.819312,2.288748,0.355089	0.000000,0.000000,0.000000	0.672458,2.226597,0.327281	0
16:16:41	0.672453,2.226592,0.327265	0.819237,2.288710,0.355028	0.000000,0.000000,0.000000	0.672453,2.226592,0.327265	0
16:16:41	0.672451,2.226591,0.327274	0.819244,2.288719,0.355012	0.000000,0.000000,0.000000	0.672451,2.226591,0.327274	0
16:16:41	0.672458,2.226589,0.327276	0.819845,2.282843,0.381519	0.000000,0.000000,0.000000	0.672458,2.226589,0.327276	0
16:16:42	0.672459,2.226592,0.327275	0.819796,2.282790,0.381438	0.000000,0.000000,0.000000	0.672459,2.226592,0.327275	0
16:16:42	0.672505,2.226624,0.327362	0.819794,2.282797,0.381448	0.000000,0.000000,0.000000	0.672505,2.226624,0.327362	0
16:16:42	0.672462,2.226583,0.327267	0.819794,2.282797,0.381429	0.000000,0.000000,0.000000	0.672462,2.226583,0.327267	0
16:16:42	0.672457,2.226594,0.327269	0.819846,2.282842,0.381509	0.000000,0.000000,0.000000	0.672457,2.226594,0.327269	0
16:16:42	0.672515,2.226636,0.327348	0.819767,2.282707,0.381435	0.000000,0.000000,0.000000	0.672515,2.226636,0.327348	0
16:16:42	0.672463,2.226587,0.327276	0.819793,2.282789,0.381449	0.000000,0.000000,0.000000	0.672463,2.226587,0.327276	0
16:16:42	0.672504,2.226634,0.327355	0.819757,2.282707,0.381444	0.000000,0.000000,0.000000	0.672504,2.226634,0.327355	0
16:16:42	0.672503,2.226624,0.327354	0.819848,2.282831,0.381519	0.000000,0.000000,0.000000	0.672503,2.226624,0.327354	0
16:16:42	0.672452,2.226585,0.327270	0.819837,2.282839,0.381515	0.000000,0.000000,0.000000	0.672452,2.226585,0.327270	0
16:16:42	0.672501,2.226639,0.327358	0.819846,2.282834,0.381510	0.000000,0.000000,0.000000	0.672501,2.226639,0.327358	0
16:16:43	0.672516,2.226631,0.327357	0.805546,2.307373,0.401039	0.000000,0.000000,0.000000	0.672516,2.226631,0.327357	0
16:16:43	0.672507,2.226631,0.327352	0.805549,2.307370,0.401039	0.000000,0.000000,0.000000	0.672507,2.226631,0.327352	0
16:16:43	0.672503,2.226640,0.327359	0.805607,2.307408,0.401116	0.000000,0.000000,0.000000	0.672503,2.226640,0.327359	0
16:16:43	0.672452,2.226586,0.327270	0.805606,2.307415,0.401122	0.000000,0.000000,0.000000	0.672452,2.226586,0.327270	0
16:16:43	0.672423,2.226495,0.327277	0.805551,2.307365,0.401046	0.000000,0.000000,0.000000	0.672423,2.226495,0.327277	0
16:16:43	0.672454,2.226591,0.327273	0.805548,2.307366,0.401043	0.000000,0.000000,0.000000	0.672454,2.226591,0.327273	0
16:16:43	0.672450,2.226590,0.327265	0.805613,2.307408,0.401115	0.000000,0.000000,0.000000	0.672450,2.226590,0.327265	0
16:16:43	0.672447,2.226606,0.327273	0.805599,2.307410,0.401111	0.000000,0.000000,0.000000	0.672447,2.226606,0.327273	0
16:16:43	0.672452,2.226590,0.327286	0.805542,2.307365,0.401032	0.000000,0.000000,0.000000	0.672452,2.226590,0.327286	0
16:16:43	0.672512,2.226628,0.327353	0.805551,2.307370,0.401049	0.000000,0.000000,0.000000	0.672512,2.226628,0.327353	0
16:16:44	0.672457,2.226581,0.327268	0.805598,2.307420,0.401116	0.000000,0.000000,0.000000	0.672457,2.226581,0.327268	0
16:16:44	0.672457,2.226584,0.327266	0.805549,2.307381,0.401036	0.000000,0.000000,0.000000	0.672457,2.226584,0.327266	0
16:16:44	0.672456,2.226597,0.327262	0.801001,2.309906,0.419690	0.000000,0.000000,0.000000	0.672456,2.226597,0.327262	0
16:16:44	0.672421,2.226499,0.327270	0.800989,2.309897,0.419702	0.000000,0.000000,0.000000	0.672421,2.226499,0.327270	0
16:16:44	0.672461,2.226588,0.327261	0.800990,2.309907,0.419696	0.000000,0.000000,0.000000	0.672461,2.226588,0.327261	0
16:16:44	0.672448,2.226589,0.327268	0.801004,2.309901,0.419692	0.000000,0.000000,0.000000	0.672448,2.226589,0.327268	0
16:16:44	0.672516,2.226633,0.327355	0.801003,2.309908,0.419691	0.000000,0.000000,0.000000	0.672516,2.226633,0.327355	0
16:16:44	0.672501,2.226631,0.327354	0.801002,2.309899,0.419691	0.000000,0.000000,0.000000	0.672501,2.226631,0.327354	0
16:16:44	0.672451,2.226588,0.327273	0.800997,2.309900,0.419687	0.000000,0.000000,0.000000	0.672451,2.226588,0.327273	0
16:16:44	0.672457,2.226586,0.327276	0.800995,2.309910,0.419682	0.000000,0.000000,0.000000	0.672457,2.226586,0.327276	0
16:16:45	0.672514,2.226630,0.327358	0.800974,2.309812,0.419686	0.000000,0.000000,0.000000	0.672514,2.226630,0.327358	0
16:16:45	0.672504,2.226627,0.327345	0.800976,2.309814,0.419686	0.000000,0.000000,0.000000	0.672504,2.226627,0.327345	0
16:16:45	0.672460,2.226591,0.327269	0.800991,2.309886,0.419690	0.000000,0.000000,0.000000	0.672460,2.226591,0.327269	0
16:16:45	0.672513,2.226629,0.327362	0.800991,2.309906,0.419694	0.000000,0.000000,0.000000	0.672513,2.226629,0.327362	0
16:16:45	0.672462,2.226591,0.327266	0.800058,2.307852,0.431459	0.000000,0.000000,0.000000	0.672462,2.226591,0.327266	0
16:16:45	0.672457,2.226589,0.327264	0.800102,2.307901,0.431541	0.000000,0.000000,0.000000	0.672457,2.226589,0.327264	0
16:16:45	0.672453,2.226590,0.327267	0.800026,2.307758,0.431458	0.000000,0.000000,0.000000	0.672453,2.226590,0.327267	0
16:16:45	0.672461,2.226582,0.327262	0.800054,2.307853,0.431459	0.000000,0.000000,0.000000	0.672461,2.226582,0.327262	0
16:16:45	0.672454,2.226587,0.327284	0.800059,2.307847,0.431459	0.000000,0.000000,0.000000	0.672454,2.226587,0.327284	0
16:16:45	0.672621,2.226555,0.327179	0.800078,2.307846,0.431458	0.000000,0.000000,0.000000	0.672621,2.226555,0.327179	0
16:16:46	0.672327,2.226620,0.327592	0.800216,2.307816,0.431383	0.000000,0.000000,0.000000	0.672327,2.226620,0.327592	0
16:16:46	0.672458,2.226572,0.327262	0.800026,2.307750,0.431452	0.000000,0.000000,0.000000	0.672458,2.226572,0.327262	0
16:16:46	0.672510,2.226628,0.327355	0.800115,2.307878,0.431535	0.000000,0.000000,0.000000	0.672510,2.226628,0.327355	0
16:16:46	0.672431,2.226597,0.327531	0.800045,2.307841,0.431703	0.000000,0.000000,0.000000	0.672431,2.226597,0.327531	0
16:16:46	0.672452,2.226593,0.327266	0.800059,2.307850,0.431462	0.000000,0.000000,0.000000	0.672452,2.226593,0.327266	0
16:16:46	0.672509,2.226633,0.327364	0.800109,2.307895,0.431545	0.000000,0.000000,0.000000	0.672509,2.226633,0.327364	0
16:16:46	0.672434,2.226496,0.327272	0.800052,2.307851,0.431449	0.000000,0.000000,0.000000	0.672434,2.226496,0.327272	0
16:16:46	0.672458,2.226591,0.327271	0.800071,2.307851,0.431453	0.000000,0.000000,0.000000	0.672458,2.226591,0.327271	0
16:16:46	0.672465,2.226585,0.327259	0.800054,2.307858,0.431467	0.000000,0.000000,0.000000	0.672465,2.226585,0.327259	0
16:16:46	0.672459,2.226589,0.327264	0.800104,2.307905,0.431538	0.000000,0.000000,0.000000	0.672459,2.226589,0.327264	0
16:16:47	0.672458,2.226581,0.327270	0.800048,2.307851,0.431461	0.000000,0.000000,0.000000	0.672458,2.226581,0.327270	0
16:16:47	0.672521,2.226635,0.327355	0.800025,2.307764,0.431455	0.000000,0.000000,0.000000	0.672521,2.226635,0.327355	0
16:16:47	0.672422,2.226503,0.327262	0.800109,2.307893,0.431532	0.000000,0.000000,0.000000	0.672422,2.226503,0.327262	0
16:16:47	0.672461,2.226587,0.327264	0.800054,2.307862,0.431454	0.000000,0.000000,0.000000	0.672461,2.226587,0.327264	0
16:16:47	0.672463,2.226580,0.327280	0.800056,2.307855,0.431465	0.000000,0.000000,0.000000	0.672463,2.226580,0.327280	0
16:16:47	0.672506,2.226628,0.327350	0.800122,2.307887,0.431550	0.000000,0.000000,0.000000	0.672506,2.226628,0.327350	0
16:16:47	0.672462,2.226586,0.327266	0.800118,2.307895,0.431544	0.000000,0.000000,0.000000	0.672462,2.226586,0.327266	0
16:16:47	0.672459,2.226586,0.327270	0.800062,2.307856,0.431447	0.000000,0.000000,0.000000	0.672459,2.226586,0.327270	0
16:16:47	0.672515,2.226639,0.327366	0.800055,2.307846,0.431444	0.000000,0.000000,0.000000	0.672515,2.226639,0.327366	0
16:16:47	0.672473,2.226688,0.327400	0.800030,2.307888,0.431673	0.000000,0.000000,0.000000	0.672473,2.226688,0.327400	0
16:16:48	0.672502,2.226535,0.327532	0.800064,2.307858,0.431474	0.000000,0.000000,0.000000	0.672502,2.226535,0.327532	0
16:16:48	0.672514,2.226626,0.327298	0.800115,2.307892,0.431540	0.000000,0.000000,0.000000	0.672514,2.226626,0.327298	0
16:16:48	0.672627,2.226531,0.327176	0.800309,2.307764,0.431368	0.000000,0.000000,0.000000	0.672627,2.226531,0.327176	0
16:16:48	0.672685,2.226613,0.327177	0.800200,2.307837,0.431517	0.000000,0.000000,0.000000	0.672685,2.226613,0.327177	0
16:16:48	0.672613,2.226554,0.327190	0.800154,2.307985,0.431449	0.000000,0.000000,0.000000	0.672613,2.226554,0.327190	0
16:16:48	0.672646,2.226609,0.327494	0.800271,2.307856,0.431463	0.000000,0.000000,0.000000	0.672646,2.226609,0.327494	0
16:16:48	0.672451,2.226590,0.327275	0.800102,2.307893,0.431551	0.000000,0.000000,0.000000	0.672451,2.226590,0.327275	0
16:16:48	0.672517,2.226627,0.327354	0.800064,2.307853,0.431461	0.000000,0.000000,0.000000	0.672517,2.226627,0.327354	0
16:16:48	0.672455,2.226584,0.327279	0.800119,2.307901,0.431547	0.000000,0.000000,0.000000	0.672455,2.226584,0.327279	0
16:16:48	0.672508,2.226627,0.327357	0.800062,2.307854,0.431455	0.000000,0.000000,0.000000	0.672508,2.226627,0.327357	0
16:16:49	0.672460,2.226592,0.327274	0.800056,2.307853,0.431462	0.000000,0.000000,0.000000	0.672460,2.226592,0.327274	0
16:16:49	0.672460,2.226594,0.327277	0.800065,2.307853,0.431459	0.000000,0.000000,0.000000	0.672460,2.226594,0.327277	0
16:16:49	0.672460,2.226581,0.327273	0.800060,2.307854,0.431458	0.000000,0.000000,0.000000	0.672460,2.226581,0.327273	0
16:16:49	0.672514,2.226627,0.327364	0.800065,2.307862,0.431466	0.000000,0.000000,0.000000	0.672514,2.226627,0.327364	0
16:16:49	0.672516,2.226639,0.327357	0.800056,2.307852,0.431457	0.000000,0.000000,0.000000	0.672516,2.226639,0.327357	0
16:16:49	0.672453,2.226598,0.327265	0.800028,2.307765,0.431460	0.000000,0.000000,0.000000	0.672453,2.226598,0.327265	0
16:16:49	0.672461,2.226581,0.327263	0.800066,2.307847,0.431458	0.000000,0.000000,0.000000	0.672461,2.226581,0.327263	0
16:16:49	0.672504,2.226629,0.327356	0.800088,2.307808,0.431529	0.000000,0.000000,0.000000	0.672504,2.226629,0.327356	0
16:16:49	0.672462,2.226591,0.327269	0.800107,2.307893,0.431537	0.000000,0.000000,0.000000	0.672462,2.226591,0.327269	0
16:16:49	0.672486,2.226550,0.327359	0.800058,2.307857,0.431469	0.000000,0.000000,0.000000	0.672486,2.226550,0.327359	0
16:16:50	0.672457,2.226592,0.327277	0.800118,2.307888,0.431549	0.000000,0.000000,0.000000	0.672457,2.226592,0.327277	0
16:16:50	0.672455,2.226590,0.327267	0.800064,2.307851,0.431478	0.000000,0.000000,0.000000	0.672455,2.226590,0.327267	0
16:16:50	0.672458,2.226578,0.327272	0.800121,2.307888,0.431546	0.000000,0.000000,0.000000	0.672458,2.226578,0.327272	0
16:16:50	0.672512,2.226636,0.327369	0.800112,2.307895,0.431542	0.000000,0.000000,0.000000	0.672512,2.226636,0.327369	0
16:16:50	0.672462,2.226593,0.327271	0.800057,2.307854,0.431464	0.000000,0.000000,0.000000	0.672462,2.226593,0.327271	0
16:16:50	0.672464,2.226599,0.327274	0.800059,2.307863,0.431464	0.000000,0.000000,0.000000	0.672464,2.226599,0.327274	0
16:16:50	0.672451,2.226581,0.327270	0.800064,2.307856,0.431467	0.000000,0.000000,0.000000	0.672451,2.226581,0.327270	0
16:16:50	0.672459,2.226585,0.327272	0.800056,2.307853,0.431461	0.000000,0.000000,0.000000	0.672459,2.226585,0.327272	0
16:16:50	0.672455,2.226594,0.327266	0.800063,2.307866,0.431468	0.000000,0.000000,0.000000	0.672455,2.226594,0.327266	0
16:16:50	0.672463,2.226588,0.327273	0.800057,2.307855,0.431459	0.000000,0.000000,0.000000	0.672463,2.226588,0.327273	0
16:16:51	0.672509,2.226626,0.327365	0.800061,2.307841,0.431467	0.000000,0.000000,0.000000	0.672509,2.226626,0.327365	0
16:16:51	0.672449,2.226584,0.327273	0.800062,2.307858,0.431475	0.000000,0.000000,0.000000	0.672449,2.226584,0.327273	0
16:16:51	0.672452,2.226587,0.327265	0.800109,2.307893,0.431540	0.000000,0.000000,0.000000	0.672452,2.226587,0.327265	0
16:16:51	0.672519,2.226628,0.327346	0.800026,2.307755,0.431448	0.000000,0.000000,0.000000	0.672519,2.226628,0.327346	0
16:16:51	0.672507,2.226625,0.327355	0.800055,2.307856,0.431461	0.000000,0.000000,0.000000	0.672507,2.226625,0.327355	0
16:16:51	0.672459,2.226583,0.327275	0.800059,2.307854,0.431459	0.000000,0.000000,0.000000	0.672459,2.226583,0.327275	0
16:16:51	0.672518,2.226628,0.327359	0.800055,2.307852,0.431464	0.000000,0.000000,0.000000	0.672518,2.226628,0.327359	0
16:16:51	0.672512,2.226625,0.327363	0.831917,2.328155,0.457838	0.000000,0.000000,0.000000	0.672512,2.226625,0.327363	0
16:16:51	0.672462,2.226585,0.327267	0.831902,2.328156,0.457845	0.000000,0.000000,0.000000	0.672462,2.226585,0.327267	0
16:16:51	0.672512,2.226619,0.327356	0.831965,2.328184,0.457918	0.000000,0.000000,0.000000	0.672512,2.226619,0.327356	0
16:16:52	0.672465,2.226577,0.327276	0.831900,2.328122,0.457838	0.000000,0.000000,0.000000	0.672465,2.226577,0.327276	0
16:16:52	0.672448,2.226581,0.327269	0.831908,2.328128,0.457839	0.000000,0.000000,0.000000	0.672448,2.226581,0.327269	0
16:16:52	0.672465,2.226583,0.327275	0.831902,2.328142,0.457832	0.000000,0.000000,0.000000	0.672465,2.226583,0.327275	0
16:16:52	0.672425,2.226496,0.327284	0.831967,2.328186,0.457915	0.000000,0.000000,0.000000	0.672425,2.226496,0.327284	0
16:16:52	0.672516,2.226625,0.327363	0.831912,2.328136,0.457835	0.000000,0.000000,0.000000	0.672516,2.226625,0.327363	0
16:16:52	0.672468,2.226590,0.327270	0.831914,2.328149,0.457839	0.000000,0.000000,0.000000	0.672468,2.226590,0.327270	0
16:16:52	0.672431,2.226490,0.327266	0.831918,2.328147,0.457830	0.000000,0.000000,0.000000	0.672431,2.226490,0.327266	0
16:16:52	0.672464,2.226597,0.327270	0.836060,2.323349,0.451807	0.000000,0.000000,0.000000	0.672464,2.226597,0.327270	0
16:16:52	0.672515,2.226630,0.327356	0.836038,2.323380,0.451727	0.000000,0.000000,0.000000	0.672515,2.226630,0.327356	0
16:16:52	0.672458,2.226597,0.327274	0.836031,2.323393,0.451737	0.000000,0.000000,0.000000	0.672458,2.226597,0.327274	0
16:16:53	0.672477,2.226548,0.327363	0.836025,2.323394,0.451739	0.000000,0.000000,0.000000	0.672477,2.226548,0.327363	0
16:16:53	0.672460,2.226581,0.327271	0.836038,2.323396,0.451743	0.000000,0.000000,0.000000	0.672460,2.226581,0.327271	0
16:16:53	0.672466,2.226585,0.327283	0.836093,2.323432,0.451815	0.000000,0.000000,0.000000	0.672466,2.226585,0.327283	0
16:16:53	0.672487,2.226533,0.327362	0.836032,2.323387,0.451747	0.000000,0.000000,0.000000	0.672487,2.226533,0.327362	0
16:16:53	0.672511,2.226644,0.327363	0.836005,2.323306,0.451725	0.000000,0.000000,0.000000	0.672511,2.226644,0.327363	0
16:16:53	0.672464,2.226592,0.327280	0.836037,2.323408,0.451741	0.000000,0.000000,0.000000	0.672464,2.226592,0.327280	0
16:16:53	0.672471,2.226585,0.327272	0.836093,2.323433,0.451816	0.000000,0.000000,0.000000	0.672471,2.226585,0.327272	0
16:16:53	0.672512,2.226632,0.327359	0.836029,2.323394,0.451732	0.000000,0.000000,0.000000	0.672512,2.226632,0.327359	0
16:16:53	0.672460,2.226586,0.327277	0.832270,2.326814,0.460166	0.000000,0.000000,0.000000	0.672460,2.226586,0.327277	0
16:16:53	0.672462,2.226588,0.327275	0.832247,2.326739,0.460171	0.000000,0.000000,0.000000	0.672462,2.226588,0.327275	0
16:16:54	0.672452,2.226586,0.327268	0.832242,2.326733,0.460178	0.000000,0.000000,0.000000	0.672452,2.226586,0.327268	0
16:16:54	0.672457,2.226576,0.327270	0.832331,2.326864,0.460262	0.000000,0.000000,0.000000	0.672457,2.226576,0.327270	0
16:16:54	0.672452,2.226583,0.327279	0.832268,2.326814,0.460175	0.000000,0.000000,0.000000	0.672452,2.226583,0.327279	0
16:16:54	0.672491,2.226536,0.327359	0.832273,2.326825,0.460180	0.000000,0.000000,0.000000	0.672491,2.226536,0.327359	0
16:16:54	0.672455,2.226585,0.327278	0.832314,2.326865,0.460262	0.000000,0.000000,0.000000	0.672455,2.226585,0.327278	0
16:16:54	0.672459,2.226589,0.327274	0.832268,2.326828,0.460167	0.000000,0.000000,0.000000	0.672459,2.226589,0.327274	0
16:16:54	0.672514,2.226635,0.327349	0.832320,2.326862,0.460244	0.000000,0.000000,0.000000	0.672514,2.226635,0.327349	0
16:16:54	0.672510,2.226635,0.327357	0.832256,2.326820,0.460172	0.000000,0.000000,0.000000	0.672510,2.226635,0.327357	0
16:16:54	0.672516,2.226627,0.327351	0.832320,2.326854,0.460251	0.000000,0.000000,0.000000	0.672516,2.226627,0.327351	0
16:16:54	0.672447,2.226588,0.327273	0.832321,2.326861,0.460252	0.000000,0.000000,0.000000	0.672447,2.226588,0.327273	0
16:16:55	0.672509,2.226630,0.327355	0.832326,2.326864,0.460259	0.000000,0.000000,0.000000	0.672509,2.226630,0.327355	0
16:16:55	0.672459,2.226578,0.327265	0.832268,2.326821,0.460181	0.000000,0.000000,0.000000	0.672459,2.226578,0.327265	0
16:16:55	0.672462,2.226590,0.327268	0.832267,2.326822,0.460166	0.000000,0.000000,0.000000	0.672462,2.226590,0.327268	0
16:16:55	0.672428,2.226492,0.327270	0.832315,2.326858,0.460249	0.000000,0.000000,0.000000	0.672428,2.226492,0.327270	0
16:16:55	0.672452,2.226586,0.327279	0.832323,2.326861,0.460249	0.000000,0.000000,0.000000	0.672452,2.226586,0.327279	0
16:16:55	0.672450,2.226593,0.327275	0.832321,2.326856,0.460252	0.000000,0.000000,0.000000	0.672450,2.226593,0.327275	0
16:16:55	0.672453,2.226594,0.327278	0.832258,2.326815,0.460173	0.000000,0.000000,0.000000	0.672453,2.226594,0.327278	0
16:16:55	0.672505,2.226631,0.327374	0.832321,2.326864,0.460249	0.000000,0.000000,0.000000	0.672505,2.226631,0.327374	0
16:16:55	0.672453,2.226590,0.327271	0.832261,2.326814,0.460180	0.000000,0.000000,0.000000	0.672453,2.226590,0.327271	0
16:16:55	0.672453,2.226589,0.327272	0.832258,2.326811,0.460173	0.000000,0.000000,0.000000	0.672453,2.226589,0.327272	0
16:16:56	0.672507,2.226626,0.327366	0.832258,2.326816,0.460170	0.000000,0.000000,0.000000	0.672507,2.226626,0.327366	0
16:16:56	0.672460,2.226586,0.327275	0.832261,2.326827,0.460182	0.000000,0.000000,0.000000	0.672460,2.226586,0.327275	0
16:16:56	0.672463,2.226578,0.327261	0.832317,2.326856,0.460252	0.000000,0.000000,0.000000	0.672463,2.226578,0.327261	0
16:16:56	0.672460,2.226575,0.327272	0.832257,2.326815,0.460170	0.000000,0.000000,0.000000	0.672460,2.226575,0.327272	0
16:16:56	0.672459,2.226581,0.327282	0.832271,2.326819,0.460172	0.000000,0.000000,0.000000	0.672459,2.226581,0.327282	0
16:16:56	0.672516,2.226629,0.327364	0.832318,2.326865,0.460252	0.000000,0.000000,0.000000	0.672516,2.226629,0.327364	0
16:16:56	0.672486,2.226530,0.327356	0.832264,2.326824,0.460174	0.000000,0.000000,0.000000	0.672486,2.226530,0.327356	0
16:16:56	0.672449,2.226592,0.327288	0.832283,2.326818,0.460174	0.000000,0.000000,0.000000	0.672449,2.226592,0.327288	0
16:16:56	0.672435,2.226485,0.327277	0.832272,2.326811,0.460171	0.000000,0.000000,0.000000	0.672435,2.226485,0.327277	0
16:16:56	0.672522,2.226624,0.327360	0.832491,2.326829,0.460179	0.000000,0.000000,0.000000	0.672522,2.226624,0.327360	0
16:16:57	0.672466,2.226581,0.327272	0.832324,2.326865,0.460258	0.000000,0.000000,0.000000	0.672466,2.226581,0.327272	0
