# Flight Log 
# 25 08 17 - 16:13:51
Time		X,Y,Z				goalX,goalY,goalZ		ddx,ddy,ddz			angularx,angulary,angularz	battery
16:13:52	0.000000,0.000000,0.000000	0.000000,0.000000,0.000000	0.000000,0.000000,0.000000	0.000000,0.000000,0.000000	0
16:13:52	2.033699,3.844920,0.608788	0.000000,0.000000,0.000000	0.000000,0.000000,0.000000	2.033699,3.844920,0.608788	0
16:13:52	2.033698,3.844920,0.608788	0.000000,0.000000,0.000000	0.000000,0.000000,0.000000	2.033698,3.844920,0.608788	0
16:13:52	2.033690,3.844915,0.608803	0.000000,0.000000,0.000000	0.000000,0.000000,0.000000	2.033690,3.844915,0.608803	0
16:13:52	2.033706,3.844913,0.608803	0.000000,0.000000,0.000000	0.000000,0.000000,0.000000	2.033706,3.844913,0.608803	0
16:13:52	2.033699,3.844925,0.608789	0.000000,0.000000,0.000000	0.000000,0.000000,0.000000	2.033699,3.844925,0.608789	0
16:13:52	2.033704,3.844913,0.608791	0.000000,0.000000,0.000000	0.000000,0.000000,0.000000	2.033704,3.844913,0.608791	0
16:13:52	2.033694,3.844917,0.608795	0.000000,0.000000,0.000000	0.000000,0.000000,0.000000	2.033694,3.844917,0.608795	0
16:13:52	2.033697,3.844920,0.608793	0.000000,0.000000,0.000000	0.000000,0.000000,0.000000	2.033697,3.844920,0.608793	0
16:13:52	2.033702,3.844914,0.608791	0.000000,0.000000,0.000000	0.000000,0.000000,0.000000	2.033702,3.844914,0.608791	0
16:13:52	2.033696,3.844917,0.608791	0.000000,0.000000,0.000000	0.000000,0.000000,0.000000	2.033696,3.844917,0.608791	0
16:13:53	2.033699,3.844918,0.608793	0.000000,0.000000,0.000000	0.000000,0.000000,0.000000	2.033699,3.844918,0.608793	0
16:13:53	2.033697,3.844919,0.608799	0.000000,0.000000,0.000000	0.000000,0.000000,0.000000	2.033697,3.844919,0.608799	0
16:13:53	2.033696,3.844913,0.608798	0.000000,0.000000,0.000000	0.000000,0.000000,0.000000	2.033696,3.844913,0.608798	0
16:13:53	2.033699,3.844920,0.608798	0.000000,0.000000,0.000000	0.000000,0.000000,0.000000	2.033699,3.844920,0.608798	0
16:13:53	2.033702,3.844918,0.608794	0.000000,0.000000,0.000000	0.000000,0.000000,0.000000	2.033702,3.844918,0.608794	0
16:13:53	2.033699,3.844914,0.608787	0.000000,0.000000,0.000000	0.000000,0.000000,0.000000	2.033699,3.844914,0.608787	0
16:13:53	2.033708,3.844914,0.608787	0.000000,0.000000,0.000000	0.000000,0.000000,0.000000	2.033708,3.844914,0.608787	0
16:13:53	2.033698,3.844910,0.608794	0.000000,0.000000,0.000000	0.000000,0.000000,0.000000	2.033698,3.844910,0.608794	0
16:13:53	2.033704,3.844921,0.608792	0.000000,0.000000,0.000000	0.000000,0.000000,0.000000	2.033704,3.844921,0.608792	0
16:13:53	2.033697,3.844921,0.608790	0.000000,0.000000,0.000000	0.000000,0.000000,0.000000	2.033697,3.844921,0.608790	0
16:13:54	2.033700,3.844919,0.608800	0.000000,0.000000,0.000000	0.000000,0.000000,0.000000	2.033700,3.844919,0.608800	0
16:13:54	2.033701,3.844917,0.608784	0.000000,0.000000,0.000000	0.000000,0.000000,0.000000	2.033701,3.844917,0.608784	0
16:13:54	2.033700,3.844914,0.608783	0.000000,0.000000,0.000000	0.000000,0.000000,0.000000	2.033700,3.844914,0.608783	0
16:13:54	2.033699,3.844921,0.608782	0.000000,0.000000,0.000000	0.000000,0.000000,0.000000	2.033699,3.844921,0.608782	0
16:13:54	2.033700,3.844917,0.608783	0.000000,0.000000,0.000000	0.000000,0.000000,0.000000	2.033700,3.844917,0.608783	0
16:13:54	2.033698,3.844919,0.608799	0.000000,0.000000,0.000000	0.000000,0.000000,0.000000	2.033698,3.844919,0.608799	0
16:13:54	2.033687,3.844927,0.608799	0.000000,0.000000,0.000000	0.000000,0.000000,0.000000	2.033687,3.844927,0.608799	0
16:13:54	2.033699,3.844917,0.608790	0.000000,0.000000,0.000000	0.000000,0.000000,0.000000	2.033699,3.844917,0.608790	0
16:13:54	2.033701,3.844921,0.608797	0.000000,0.000000,0.000000	0.000000,0.000000,0.000000	2.033701,3.844921,0.608797	0
16:13:54	2.033694,3.844914,0.608791	0.000000,0.000000,0.000000	0.000000,0.000000,0.000000	2.033694,3.844914,0.608791	0
16:13:55	2.033704,3.844912,0.608792	0.000000,0.000000,0.000000	0.000000,0.000000,0.000000	2.033704,3.844912,0.608792	0
16:13:55	2.033707,3.844916,0.608796	0.000000,0.000000,0.000000	0.000000,0.000000,0.000000	2.033707,3.844916,0.608796	0
16:13:55	2.033703,3.844912,0.608795	0.000000,0.000000,0.000000	0.000000,0.000000,0.000000	2.033703,3.844912,0.608795	0
16:13:55	2.033699,3.844913,0.608789	0.000000,0.000000,0.000000	0.000000,0.000000,0.000000	2.033699,3.844913,0.608789	0
16:13:55	2.033690,3.844913,0.608789	0.000000,0.000000,0.000000	0.000000,0.000000,0.000000	2.033690,3.844913,0.608789	0
16:13:55	2.033701,3.844909,0.608800	0.000000,0.000000,0.000000	0.000000,0.000000,0.000000	2.033701,3.844909,0.608800	0
16:13:55	2.033696,3.844917,0.608795	0.000000,0.000000,0.000000	0.000000,0.000000,0.000000	2.033696,3.844917,0.608795	0
16:13:55	2.033697,3.844910,0.608807	0.000000,0.000000,0.000000	0.000000,0.000000,0.000000	2.033697,3.844910,0.608807	0
16:13:55	2.033690,3.844909,0.608796	0.000000,0.000000,0.000000	0.000000,0.000000,0.000000	2.033690,3.844909,0.608796	0
16:13:55	2.033697,3.844916,0.608786	0.000000,0.000000,0.000000	0.000000,0.000000,0.000000	2.033697,3.844916,0.608786	0
16:13:56	2.033698,3.844918,0.608790	0.000000,0.000000,0.000000	0.000000,0.000000,0.000000	2.033698,3.844918,0.608790	0
16:13:56	2.033692,3.844921,0.608792	0.000000,0.000000,0.000000	0.000000,0.000000,0.000000	2.033692,3.844921,0.608792	0
16:13:56	2.033696,3.844913,0.608795	0.000000,0.000000,0.000000	0.000000,0.000000,0.000000	2.033696,3.844913,0.608795	0
16:13:56	2.033702,3.844917,0.608779	0.000000,0.000000,0.000000	0.000000,0.000000,0.000000	2.033702,3.844917,0.608779	0
16:13:56	2.033699,3.844916,0.608772	0.000000,0.000000,0.000000	0.000000,0.000000,0.000000	2.033699,3.844916,0.608772	0
16:13:56	2.033701,3.844925,0.608794	0.000000,0.000000,0.000000	0.000000,0.000000,0.000000	2.033701,3.844925,0.608794	0
16:13:56	2.033699,3.844918,0.608790	0.000000,0.000000,0.000000	0.000000,0.000000,0.000000	2.033699,3.844918,0.608790	0
16:13:56	2.033691,3.844922,0.608781	0.000000,0.000000,0.000000	0.000000,0.000000,0.000000	2.033691,3.844922,0.608781	0
16:13:56	2.033703,3.844926,0.608784	0.000000,0.000000,0.000000	0.000000,0.000000,0.000000	2.033703,3.844926,0.608784	0
16:13:56	2.033696,3.844917,0.608774	0.000000,0.000000,0.000000	0.000000,0.000000,0.000000	2.033696,3.844917,0.608774	0
16:13:57	2.033699,3.844925,0.608774	0.000000,0.000000,0.000000	0.000000,0.000000,0.000000	2.033699,3.844925,0.608774	0
16:13:57	2.033692,3.844925,0.608781	0.000000,0.000000,0.000000	0.000000,0.000000,0.000000	2.033692,3.844925,0.608781	0
16:13:57	2.033705,3.844929,0.608794	0.000000,0.000000,0.000000	0.000000,0.000000,0.000000	2.033705,3.844929,0.608794	0
16:13:57	2.033682,3.844924,0.608792	0.000000,0.000000,0.000000	0.000000,0.000000,0.000000	2.033682,3.844924,0.608792	0
16:13:57	2.033694,3.844920,0.608784	0.000000,0.000000,0.000000	0.000000,0.000000,0.000000	2.033694,3.844920,0.608784	0
16:13:57	2.033685,3.844921,0.608789	0.000000,0.000000,0.000000	0.000000,0.000000,0.000000	2.033685,3.844921,0.608789	0
16:13:57	2.033698,3.844918,0.608796	0.000000,0.000000,0.000000	0.000000,0.000000,0.000000	2.033698,3.844918,0.608796	0
16:13:57	2.033695,3.844915,0.608785	0.000000,0.000000,0.000000	0.000000,0.000000,0.000000	2.033695,3.844915,0.608785	0
16:13:57	2.033697,3.844917,0.608786	0.000000,0.000000,0.000000	0.000000,0.000000,0.000000	2.033697,3.844917,0.608786	0
16:13:57	2.033699,3.844912,0.608796	0.000000,0.000000,0.000000	0.000000,0.000000,0.000000	2.033699,3.844912,0.608796	0
16:13:58	2.033694,3.844913,0.608789	0.000000,0.000000,0.000000	0.000000,0.000000,0.000000	2.033694,3.844913,0.608789	0
16:13:58	2.033703,3.844916,0.608791	0.000000,0.000000,0.000000	0.000000,0.000000,0.000000	2.033703,3.844916,0.608791	0
16:13:58	2.033700,3.844920,0.608794	0.000000,0.000000,0.000000	0.000000,0.000000,0.000000	2.033700,3.844920,0.608794	0
16:13:58	2.033695,3.844913,0.608797	0.000000,0.000000,0.000000	0.000000,0.000000,0.000000	2.033695,3.844913,0.608797	0
16:13:58	2.033703,3.844911,0.608796	0.000000,0.000000,0.000000	0.000000,0.000000,0.000000	2.033703,3.844911,0.608796	0
16:13:58	2.033686,3.844915,0.608790	0.000000,0.000000,0.000000	0.000000,0.000000,0.000000	2.033686,3.844915,0.608790	0
16:13:58	2.033699,3.844910,0.608797	0.000000,0.000000,0.000000	0.000000,0.000000,0.000000	2.033699,3.844910,0.608797	0
16:13:58	2.033699,3.844919,0.608791	0.000000,0.000000,0.000000	0.000000,0.000000,0.000000	2.033699,3.844919,0.608791	0
16:13:58	2.033693,3.844920,0.608795	0.000000,0.000000,0.000000	0.000000,0.000000,0.000000	2.033693,3.844920,0.608795	0
16:13:58	2.033692,3.844915,0.608780	0.000000,0.000000,0.000000	0.000000,0.000000,0.000000	2.033692,3.844915,0.608780	0
16:13:59	2.033705,3.844919,0.608787	0.000000,0.000000,0.000000	0.000000,0.000000,0.000000	2.033705,3.844919,0.608787	0
16:13:59	2.033700,3.844912,0.608787	0.000000,0.000000,0.000000	0.000000,0.000000,0.000000	2.033700,3.844912,0.608787	0
16:13:59	2.033696,3.844919,0.608787	0.000000,0.000000,0.000000	0.000000,0.000000,0.000000	2.033696,3.844919,0.608787	0
16:13:59	2.033695,3.844917,0.608795	0.000000,0.000000,0.000000	0.000000,0.000000,0.000000	2.033695,3.844917,0.608795	0
16:13:59	2.033695,3.844919,0.608796	0.000000,0.000000,0.000000	0.000000,0.000000,0.000000	2.033695,3.844919,0.608796	0
16:13:59	2.033698,3.844923,0.608798	0.000000,0.000000,0.000000	0.000000,0.000000,0.000000	2.033698,3.844923,0.608798	0
16:13:59	2.033690,3.844915,0.608790	0.000000,0.000000,0.000000	0.000000,0.000000,0.000000	2.033690,3.844915,0.608790	0
16:13:59	2.033697,3.844917,0.608786	0.000000,0.000000,0.000000	0.000000,0.000000,0.000000	2.033697,3.844917,0.608786	0
16:13:59	2.033691,3.844913,0.608795	0.000000,0.000000,0.000000	0.000000,0.000000,0.000000	2.033691,3.844913,0.608795	0
16:13:59	2.033708,3.844916,0.608799	0.000000,0.000000,0.000000	0.000000,0.000000,0.000000	2.033708,3.844916,0.608799	0
16:14:00	2.033705,3.844908,0.608794	0.000000,0.000000,0.000000	0.000000,0.000000,0.000000	2.033705,3.844908,0.608794	0
16:14:00	2.033700,3.844919,0.608773	0.000000,0.000000,0.000000	0.000000,0.000000,0.000000	2.033700,3.844919,0.608773	0
16:14:00	2.033709,3.844917,0.608776	0.000000,0.000000,0.000000	0.000000,0.000000,0.000000	2.033709,3.844917,0.608776	0
16:14:00	2.033692,3.844928,0.608793	0.000000,0.000000,0.000000	0.000000,0.000000,0.000000	2.033692,3.844928,0.608793	0
16:14:00	2.033687,3.844928,0.608812	0.000000,0.000000,0.000000	0.000000,0.000000,0.000000	2.033687,3.844928,0.608812	0
16:14:00	2.033689,3.844912,0.608771	0.000000,0.000000,0.000000	0.000000,0.000000,0.000000	2.033689,3.844912,0.608771	0
16:14:00	2.033689,3.844933,0.608758	0.000000,0.000000,0.000000	0.000000,0.000000,0.000000	2.033689,3.844933,0.608758	0
16:14:00	2.033700,3.844924,0.608787	0.000000,0.000000,0.000000	0.000000,0.000000,0.000000	2.033700,3.844924,0.608787	0
16:14:00	2.033695,3.844926,0.608812	0.000000,0.000000,0.000000	0.000000,0.000000,0.000000	2.033695,3.844926,0.608812	0
16:14:00	2.033696,3.844924,0.608773	0.000000,0.000000,0.000000	0.000000,0.000000,0.000000	2.033696,3.844924,0.608773	0
16:14:01	2.033697,3.844924,0.608774	0.000000,0.000000,0.000000	0.000000,0.000000,0.000000	2.033697,3.844924,0.608774	0
16:14:01	2.033694,3.844925,0.608800	0.000000,0.000000,0.000000	0.000000,0.000000,0.000000	2.033694,3.844925,0.608800	0
16:14:01	2.033699,3.844924,0.608796	0.000000,0.000000,0.000000	0.000000,0.000000,0.000000	2.033699,3.844924,0.608796	0
16:14:01	2.033701,3.844928,0.608791	0.000000,0.000000,0.000000	0.000000,0.000000,0.000000	2.033701,3.844928,0.608791	0
16:14:01	2.033699,3.844921,0.608778	0.000000,0.000000,0.000000	0.000000,0.000000,0.000000	2.033699,3.844921,0.608778	0
16:14:01	2.033692,3.844923,0.608779	0.000000,0.000000,0.000000	0.000000,0.000000,0.000000	2.033692,3.844923,0.608779	0
16:14:01	2.033697,3.844919,0.608786	0.000000,0.000000,0.000000	0.000000,0.000000,0.000000	2.033697,3.844919,0.608786	0
16:14:01	2.033700,3.844921,0.608788	0.000000,0.000000,0.000000	0.000000,0.000000,0.000000	2.033700,3.844921,0.608788	0
16:14:01	2.033698,3.844920,0.608804	0.000000,0.000000,0.000000	0.000000,0.000000,0.000000	2.033698,3.844920,0.608804	0
16:14:01	2.033700,3.844920,0.608790	0.000000,0.000000,0.000000	0.000000,0.000000,0.000000	2.033700,3.844920,0.608790	0
16:14:02	2.033695,3.844918,0.608779	0.000000,0.000000,0.000000	0.000000,0.000000,0.000000	2.033695,3.844918,0.608779	0
16:14:02	2.033697,3.844915,0.608771	0.000000,0.000000,0.000000	0.000000,0.000000,0.000000	2.033697,3.844915,0.608771	0
16:14:02	2.033699,3.844922,0.608791	0.000000,0.000000,0.000000	0.000000,0.000000,0.000000	2.033699,3.844922,0.608791	0
16:14:02	2.033684,3.844916,0.608817	0.000000,0.000000,0.000000	0.000000,0.000000,0.000000	2.033684,3.844916,0.608817	0
16:14:02	2.033709,3.844921,0.608816	0.000000,0.000000,0.000000	0.000000,0.000000,0.000000	2.033709,3.844921,0.608816	0
16:14:02	2.033707,3.844906,0.608798	0.000000,0.000000,0.000000	0.000000,0.000000,0.000000	2.033707,3.844906,0.608798	0
16:14:02	2.033693,3.844901,0.608770	0.000000,0.000000,0.000000	0.000000,0.000000,0.000000	2.033693,3.844901,0.608770	0
16:14:02	2.033684,3.844903,0.608796	0.000000,0.000000,0.000000	0.000000,0.000000,0.000000	2.033684,3.844903,0.608796	0
16:14:02	2.033696,3.844903,0.608810	0.000000,0.000000,0.000000	0.000000,0.000000,0.000000	2.033696,3.844903,0.608810	0
16:14:02	2.033695,3.844899,0.608804	0.000000,0.000000,0.000000	0.000000,0.000000,0.000000	2.033695,3.844899,0.608804	0
16:14:03	2.033700,3.844898,0.608806	0.000000,0.000000,0.000000	0.000000,0.000000,0.000000	2.033700,3.844898,0.608806	0
16:14:03	2.033693,3.844893,0.608803	0.000000,0.000000,0.000000	0.000000,0.000000,0.000000	2.033693,3.844893,0.608803	0
16:14:03	2.033697,3.844896,0.608789	0.000000,0.000000,0.000000	0.000000,0.000000,0.000000	2.033697,3.844896,0.608789	0
16:14:03	2.033710,3.844909,0.608775	0.000000,0.000000,0.000000	0.000000,0.000000,0.000000	2.033710,3.844909,0.608775	0
16:14:03	2.033703,3.844917,0.608781	0.000000,0.000000,0.000000	0.000000,0.000000,0.000000	2.033703,3.844917,0.608781	0
16:14:03	2.033706,3.844919,0.608782	0.000000,0.000000,0.000000	0.000000,0.000000,0.000000	2.033706,3.844919,0.608782	0
16:14:03	2.033703,3.844916,0.608778	0.000000,0.000000,0.000000	0.000000,0.000000,0.000000	2.033703,3.844916,0.608778	0
16:14:03	2.033701,3.844930,0.608787	0.000000,0.000000,0.000000	0.000000,0.000000,0.000000	2.033701,3.844930,0.608787	0
16:14:03	2.033691,3.844919,0.608782	0.000000,0.000000,0.000000	0.000000,0.000000,0.000000	2.033691,3.844919,0.608782	0
16:14:03	2.033689,3.844922,0.608786	0.000000,0.000000,0.000000	0.000000,0.000000,0.000000	2.033689,3.844922,0.608786	0
16:14:04	2.033685,3.844921,0.608799	0.000000,0.000000,0.000000	0.000000,0.000000,0.000000	2.033685,3.844921,0.608799	0
16:14:04	2.033679,3.844927,0.608796	0.000000,0.000000,0.000000	0.000000,0.000000,0.000000	2.033679,3.844927,0.608796	0
16:14:04	2.033686,3.844933,0.608786	0.000000,0.000000,0.000000	0.000000,0.000000,0.000000	2.033686,3.844933,0.608786	0
16:14:04	2.033689,3.844921,0.608781	0.000000,0.000000,0.000000	0.000000,0.000000,0.000000	2.033689,3.844921,0.608781	0
16:14:04	2.033698,3.844927,0.608784	0.000000,0.000000,0.000000	0.000000,0.000000,0.000000	2.033698,3.844927,0.608784	0
16:14:04	2.033702,3.844928,0.608787	0.000000,0.000000,0.000000	0.000000,0.000000,0.000000	2.033702,3.844928,0.608787	0
16:14:04	2.033700,3.844921,0.608787	0.000000,0.000000,0.000000	0.000000,0.000000,0.000000	2.033700,3.844921,0.608787	0
16:14:04	2.033705,3.844915,0.608779	0.000000,0.000000,0.000000	0.000000,0.000000,0.000000	2.033705,3.844915,0.608779	0
16:14:04	2.033706,3.844921,0.608790	0.000000,0.000000,0.000000	0.000000,0.000000,0.000000	2.033706,3.844921,0.608790	0
16:14:04	2.033697,3.844908,0.608789	0.000000,0.000000,0.000000	0.000000,0.000000,0.000000	2.033697,3.844908,0.608789	0
16:14:05	2.033694,3.844919,0.608784	0.000000,0.000000,0.000000	0.000000,0.000000,0.000000	2.033694,3.844919,0.608784	0
16:14:05	2.033693,3.844911,0.608796	0.000000,0.000000,0.000000	0.000000,0.000000,0.000000	2.033693,3.844911,0.608796	0
16:14:05	2.033708,3.844913,0.608796	0.000000,0.000000,0.000000	0.000000,0.000000,0.000000	2.033708,3.844913,0.608796	0
16:14:05	2.033701,3.844918,0.608786	0.000000,0.000000,0.000000	0.000000,0.000000,0.000000	2.033701,3.844918,0.608786	0
16:14:05	2.033697,3.844911,0.608789	0.000000,0.000000,0.000000	0.000000,0.000000,0.000000	2.033697,3.844911,0.608789	0
16:14:05	2.033695,3.844904,0.608797	0.000000,0.000000,0.000000	0.000000,0.000000,0.000000	2.033695,3.844904,0.608797	0
16:14:05	2.033692,3.844914,0.608795	0.000000,0.000000,0.000000	0.000000,0.000000,0.000000	2.033692,3.844914,0.608795	0
16:14:05	2.033692,3.844921,0.608797	0.000000,0.000000,0.000000	0.000000,0.000000,0.000000	2.033692,3.844921,0.608797	0
16:14:05	2.033699,3.844911,0.608791	0.000000,0.000000,0.000000	0.000000,0.000000,0.000000	2.033699,3.844911,0.608791	0
16:14:05	2.033697,3.844916,0.608787	0.000000,0.000000,0.000000	0.000000,0.000000,0.000000	2.033697,3.844916,0.608787	0
16:14:06	2.033708,3.844919,0.608795	0.000000,0.000000,0.000000	0.000000,0.000000,0.000000	2.033708,3.844919,0.608795	0
16:14:06	2.033695,3.844923,0.608778	0.000000,0.000000,0.000000	0.000000,0.000000,0.000000	2.033695,3.844923,0.608778	0
16:14:06	2.033705,3.844919,0.608777	0.000000,0.000000,0.000000	0.000000,0.000000,0.000000	2.033705,3.844919,0.608777	0
16:14:06	2.033693,3.844918,0.608797	0.000000,0.000000,0.000000	0.000000,0.000000,0.000000	2.033693,3.844918,0.608797	0
16:14:06	2.033708,3.844920,0.608788	0.000000,0.000000,0.000000	0.000000,0.000000,0.000000	2.033708,3.844920,0.608788	0
16:14:06	2.033695,3.844916,0.608784	0.000000,0.000000,0.000000	0.000000,0.000000,0.000000	2.033695,3.844916,0.608784	0
16:14:06	2.033703,3.844914,0.608779	0.000000,0.000000,0.000000	0.000000,0.000000,0.000000	2.033703,3.844914,0.608779	0
16:14:06	2.033693,3.844910,0.608787	0.000000,0.000000,0.000000	0.000000,0.000000,0.000000	2.033693,3.844910,0.608787	0
16:14:06	2.033704,3.844917,0.608795	0.000000,0.000000,0.000000	0.000000,0.000000,0.000000	2.033704,3.844917,0.608795	0
16:14:06	2.033700,3.844915,0.608790	0.000000,0.000000,0.000000	0.000000,0.000000,0.000000	2.033700,3.844915,0.608790	0
16:14:07	2.033692,3.844911,0.608782	0.000000,0.000000,0.000000	0.000000,0.000000,0.000000	2.033692,3.844911,0.608782	0
16:14:07	2.033701,3.844910,0.608777	0.000000,0.000000,0.000000	0.000000,0.000000,0.000000	2.033701,3.844910,0.608777	0
16:14:07	2.033694,3.844911,0.608790	0.000000,0.000000,0.000000	0.000000,0.000000,0.000000	2.033694,3.844911,0.608790	0
16:14:07	2.033692,3.844910,0.608803	0.000000,0.000000,0.000000	0.000000,0.000000,0.000000	2.033692,3.844910,0.608803	0
16:14:07	2.033701,3.844909,0.608783	0.000000,0.000000,0.000000	0.000000,0.000000,0.000000	2.033701,3.844909,0.608783	0
16:14:07	2.033696,3.844912,0.608791	0.000000,0.000000,0.000000	0.000000,0.000000,0.000000	2.033696,3.844912,0.608791	0
16:14:07	2.033697,3.844918,0.608792	0.000000,0.000000,0.000000	0.000000,0.000000,0.000000	2.033697,3.844918,0.608792	0
16:14:07	2.033691,3.844912,0.608792	0.000000,0.000000,0.000000	0.000000,0.000000,0.000000	2.033691,3.844912,0.608792	0
16:14:07	2.033701,3.844920,0.608794	0.000000,0.000000,0.000000	0.000000,0.000000,0.000000	2.033701,3.844920,0.608794	0
16:14:07	2.033693,3.844919,0.608792	0.000000,0.000000,0.000000	0.000000,0.000000,0.000000	2.033693,3.844919,0.608792	0
16:14:08	2.033699,3.844905,0.608787	0.000000,0.000000,0.000000	0.000000,0.000000,0.000000	2.033699,3.844905,0.608787	0
16:14:08	2.033700,3.844919,0.608782	0.000000,0.000000,0.000000	0.000000,0.000000,0.000000	2.033700,3.844919,0.608782	0
16:14:08	2.033700,3.844920,0.608785	0.000000,0.000000,0.000000	0.000000,0.000000,0.000000	2.033700,3.844920,0.608785	0
16:14:08	2.033699,3.844917,0.608789	0.000000,0.000000,0.000000	0.000000,0.000000,0.000000	2.033699,3.844917,0.608789	0
16:14:08	2.033703,3.844922,0.608784	0.000000,0.000000,0.000000	0.000000,0.000000,0.000000	2.033703,3.844922,0.608784	0
16:14:08	2.033703,3.844911,0.608791	0.000000,0.000000,0.000000	0.000000,0.000000,0.000000	2.033703,3.844911,0.608791	0
16:14:08	2.033699,3.844909,0.608772	0.000000,0.000000,0.000000	0.000000,0.000000,0.000000	2.033699,3.844909,0.608772	0
16:14:08	2.033694,3.844909,0.608791	0.000000,0.000000,0.000000	0.000000,0.000000,0.000000	2.033694,3.844909,0.608791	0
16:14:08	2.033695,3.844911,0.608790	0.000000,0.000000,0.000000	0.000000,0.000000,0.000000	2.033695,3.844911,0.608790	0
16:14:08	2.033698,3.844914,0.608791	0.000000,0.000000,0.000000	0.000000,0.000000,0.000000	2.033698,3.844914,0.608791	0
16:14:09	2.033696,3.844911,0.608783	0.000000,0.000000,0.000000	0.000000,0.000000,0.000000	2.033696,3.844911,0.608783	0
16:14:09	2.033700,3.844909,0.608787	0.000000,0.000000,0.000000	0.000000,0.000000,0.000000	2.033700,3.844909,0.608787	0
16:14:09	2.033702,3.844905,0.608794	0.000000,0.000000,0.000000	0.000000,0.000000,0.000000	2.033702,3.844905,0.608794	0
16:14:09	2.033701,3.844907,0.608781	0.000000,0.000000,0.000000	0.000000,0.000000,0.000000	2.033701,3.844907,0.608781	0
16:14:09	2.033694,3.844908,0.608799	0.000000,0.000000,0.000000	0.000000,0.000000,0.000000	2.033694,3.844908,0.608799	0
16:14:09	2.033689,3.844909,0.608788	0.000000,0.000000,0.000000	0.000000,0.000000,0.000000	2.033689,3.844909,0.608788	0
16:14:09	2.033703,3.844908,0.608796	0.000000,0.000000,0.000000	0.000000,0.000000,0.000000	2.033703,3.844908,0.608796	0
16:14:09	2.033698,3.844913,0.608799	0.000000,0.000000,0.000000	0.000000,0.000000,0.000000	2.033698,3.844913,0.608799	0
16:14:09	2.033702,3.844903,0.608785	0.000000,0.000000,0.000000	0.000000,0.000000,0.000000	2.033702,3.844903,0.608785	0
16:14:09	2.033703,3.844913,0.608783	0.000000,0.000000,0.000000	0.000000,0.000000,0.000000	2.033703,3.844913,0.608783	0
16:14:10	2.033697,3.844913,0.608787	0.000000,0.000000,0.000000	0.000000,0.000000,0.000000	2.033697,3.844913,0.608787	0
16:14:10	2.033700,3.844912,0.608786	0.000000,0.000000,0.000000	0.000000,0.000000,0.000000	2.033700,3.844912,0.608786	0
16:14:10	2.033697,3.844913,0.608782	0.000000,0.000000,0.000000	0.000000,0.000000,0.000000	2.033697,3.844913,0.608782	0
16:14:10	2.033699,3.844911,0.608785	0.000000,0.000000,0.000000	0.000000,0.000000,0.000000	2.033699,3.844911,0.608785	0
16:14:10	2.033700,3.844909,0.608794	0.000000,0.000000,0.000000	0.000000,0.000000,0.000000	2.033700,3.844909,0.608794	0
16:14:10	2.033703,3.844912,0.608795	0.000000,0.000000,0.000000	0.000000,0.000000,0.000000	2.033703,3.844912,0.608795	0
16:14:10	2.033695,3.844906,0.608783	0.000000,0.000000,0.000000	0.000000,0.000000,0.000000	2.033695,3.844906,0.608783	0
16:14:10	2.033696,3.844911,0.608797	0.000000,0.000000,0.000000	0.000000,0.000000,0.000000	2.033696,3.844911,0.608797	0
16:14:10	2.033690,3.844912,0.608787	0.000000,0.000000,0.000000	0.000000,0.000000,0.000000	2.033690,3.844912,0.608787	0
16:14:10	2.033691,3.844908,0.608794	0.000000,0.000000,0.000000	0.000000,0.000000,0.000000	2.033691,3.844908,0.608794	0
16:14:11	2.033689,3.844905,0.608785	0.000000,0.000000,0.000000	0.000000,0.000000,0.000000	2.033689,3.844905,0.608785	0
16:14:11	2.033706,3.844912,0.608785	0.000000,0.000000,0.000000	0.000000,0.000000,0.000000	2.033706,3.844912,0.608785	0
16:14:11	2.033699,3.844906,0.608792	0.000000,0.000000,0.000000	0.000000,0.000000,0.000000	2.033699,3.844906,0.608792	0
16:14:11	2.033702,3.844916,0.608792	0.000000,0.000000,0.000000	0.000000,0.000000,0.000000	2.033702,3.844916,0.608792	0
16:14:11	2.033700,3.844911,0.608793	0.000000,0.000000,0.000000	0.000000,0.000000,0.000000	2.033700,3.844911,0.608793	0
16:14:11	2.033693,3.844911,0.608791	0.000000,0.000000,0.000000	0.000000,0.000000,0.000000	2.033693,3.844911,0.608791	0
16:14:11	2.033705,3.844909,0.608796	0.000000,0.000000,0.000000	0.000000,0.000000,0.000000	2.033705,3.844909,0.608796	0
16:14:11	2.033695,3.844913,0.608787	0.000000,0.000000,0.000000	0.000000,0.000000,0.000000	2.033695,3.844913,0.608787	0
16:14:11	2.033694,3.844919,0.608791	0.000000,0.000000,0.000000	0.000000,0.000000,0.000000	2.033694,3.844919,0.608791	0
16:14:11	2.033696,3.844908,0.608783	0.000000,0.000000,0.000000	0.000000,0.000000,0.000000	2.033696,3.844908,0.608783	0
16:14:12	2.033698,3.844912,0.608791	0.000000,0.000000,0.000000	0.000000,0.000000,0.000000	2.033698,3.844912,0.608791	0
16:14:12	2.033698,3.844908,0.608797	0.000000,0.000000,0.000000	0.000000,0.000000,0.000000	2.033698,3.844908,0.608797	0
16:14:12	2.033713,3.844917,0.608783	0.000000,0.000000,0.000000	0.000000,0.000000,0.000000	2.033713,3.844917,0.608783	0
16:14:12	2.033689,3.844909,0.608790	0.000000,0.000000,0.000000	0.000000,0.000000,0.000000	2.033689,3.844909,0.608790	0
16:14:12	2.033701,3.844917,0.608780	0.000000,0.000000,0.000000	0.000000,0.000000,0.000000	2.033701,3.844917,0.608780	0
16:14:12	2.033697,3.844919,0.608783	0.000000,0.000000,0.000000	0.000000,0.000000,0.000000	2.033697,3.844919,0.608783	0
16:14:12	2.033698,3.844915,0.608791	0.000000,0.000000,0.000000	0.000000,0.000000,0.000000	2.033698,3.844915,0.608791	0
16:14:12	2.033708,3.844921,0.608786	0.000000,0.000000,0.000000	0.000000,0.000000,0.000000	2.033708,3.844921,0.608786	0
16:14:12	2.033702,3.844916,0.608789	0.000000,0.000000,0.000000	0.000000,0.000000,0.000000	2.033702,3.844916,0.608789	0
16:14:12	2.033705,3.844929,0.608793	0.000000,0.000000,0.000000	0.000000,0.000000,0.000000	2.033705,3.844929,0.608793	0
16:14:13	2.033689,3.844926,0.608780	0.000000,0.000000,0.000000	0.000000,0.000000,0.000000	2.033689,3.844926,0.608780	0
16:14:13	2.033695,3.844925,0.608786	0.000000,0.000000,0.000000	0.000000,0.000000,0.000000	2.033695,3.844925,0.608786	0
16:14:13	2.033696,3.844923,0.608781	0.000000,0.000000,0.000000	0.000000,0.000000,0.000000	2.033696,3.844923,0.608781	0
16:14:13	2.033694,3.844927,0.608792	0.000000,0.000000,0.000000	0.000000,0.000000,0.000000	2.033694,3.844927,0.608792	0
16:14:13	2.033700,3.844922,0.608795	0.000000,0.000000,0.000000	0.000000,0.000000,0.000000	2.033700,3.844922,0.608795	0
16:14:13	2.033698,3.844924,0.608786	0.000000,0.000000,0.000000	0.000000,0.000000,0.000000	2.033698,3.844924,0.608786	0
16:14:13	2.033696,3.844920,0.608781	0.000000,0.000000,0.000000	0.000000,0.000000,0.000000	2.033696,3.844920,0.608781	0
16:14:13	2.033696,3.844920,0.608797	0.000000,0.000000,0.000000	0.000000,0.000000,0.000000	2.033696,3.844920,0.608797	0
16:14:13	2.033704,3.844924,0.608796	0.000000,0.000000,0.000000	0.000000,0.000000,0.000000	2.033704,3.844924,0.608796	0
16:14:13	2.033701,3.844916,0.608790	0.000000,0.000000,0.000000	0.000000,0.000000,0.000000	2.033701,3.844916,0.608790	0
16:14:14	2.033700,3.844917,0.608791	0.000000,0.000000,0.000000	0.000000,0.000000,0.000000	2.033700,3.844917,0.608791	0
16:14:14	2.033694,3.844912,0.608786	0.000000,0.000000,0.000000	0.000000,0.000000,0.000000	2.033694,3.844912,0.608786	0
16:14:14	2.033696,3.844907,0.608798	0.000000,0.000000,0.000000	0.000000,0.000000,0.000000	2.033696,3.844907,0.608798	0
16:14:14	2.033700,3.844907,0.608793	0.000000,0.000000,0.000000	0.000000,0.000000,0.000000	2.033700,3.844907,0.608793	0
16:14:14	2.033696,3.844907,0.608791	0.000000,0.000000,0.000000	0.000000,0.000000,0.000000	2.033696,3.844907,0.608791	0
16:14:14	2.033702,3.844904,0.608797	0.000000,0.000000,0.000000	0.000000,0.000000,0.000000	2.033702,3.844904,0.608797	0
16:14:14	2.033693,3.844907,0.608796	0.000000,0.000000,0.000000	0.000000,0.000000,0.000000	2.033693,3.844907,0.608796	0
16:14:14	2.033685,3.844905,0.608790	0.000000,0.000000,0.000000	0.000000,0.000000,0.000000	2.033685,3.844905,0.608790	0
16:14:14	2.033691,3.844904,0.608790	0.000000,0.000000,0.000000	0.000000,0.000000,0.000000	2.033691,3.844904,0.608790	0
16:14:14	2.033690,3.844902,0.608797	0.000000,0.000000,0.000000	0.000000,0.000000,0.000000	2.033690,3.844902,0.608797	0
16:14:15	2.033693,3.844909,0.608782	0.000000,0.000000,0.000000	0.000000,0.000000,0.000000	2.033693,3.844909,0.608782	0
16:14:15	2.033691,3.844915,0.608789	0.000000,0.000000,0.000000	0.000000,0.000000,0.000000	2.033691,3.844915,0.608789	0
16:14:15	2.033695,3.844908,0.608792	0.000000,0.000000,0.000000	0.000000,0.000000,0.000000	2.033695,3.844908,0.608792	0
16:14:15	2.033701,3.844923,0.608814	0.000000,0.000000,0.000000	0.000000,0.000000,0.000000	2.033701,3.844923,0.608814	0
16:14:15	2.033699,3.844925,0.608783	0.000000,0.000000,0.000000	0.000000,0.000000,0.000000	2.033699,3.844925,0.608783	0
16:14:15	2.033696,3.844916,0.608796	0.000000,0.000000,0.000000	0.000000,0.000000,0.000000	2.033696,3.844916,0.608796	0
16:14:15	2.033704,3.844919,0.608801	0.000000,0.000000,0.000000	0.000000,0.000000,0.000000	2.033704,3.844919,0.608801	0
16:14:15	2.033703,3.844914,0.608793	0.000000,0.000000,0.000000	0.000000,0.000000,0.000000	2.033703,3.844914,0.608793	0
16:14:15	2.033699,3.844910,0.608784	0.000000,0.000000,0.000000	0.000000,0.000000,0.000000	2.033699,3.844910,0.608784	0
16:14:15	2.033697,3.844913,0.608792	0.000000,0.000000,0.000000	0.000000,0.000000,0.000000	2.033697,3.844913,0.608792	0
16:14:16	2.033700,3.844912,0.608789	0.000000,0.000000,0.000000	0.000000,0.000000,0.000000	2.033700,3.844912,0.608789	0
16:14:16	2.033696,3.844918,0.608793	0.000000,0.000000,0.000000	0.000000,0.000000,0.000000	2.033696,3.844918,0.608793	0
16:14:16	2.033696,3.844914,0.608793	0.000000,0.000000,0.000000	0.000000,0.000000,0.000000	2.033696,3.844914,0.608793	0
16:14:16	2.033697,3.844916,0.608799	0.000000,0.000000,0.000000	0.000000,0.000000,0.000000	2.033697,3.844916,0.608799	0
16:14:16	2.033703,3.844916,0.608796	0.000000,0.000000,0.000000	0.000000,0.000000,0.000000	2.033703,3.844916,0.608796	0
16:14:16	2.033691,3.844914,0.608788	0.000000,0.000000,0.000000	0.000000,0.000000,0.000000	2.033691,3.844914,0.608788	0
16:14:16	2.033690,3.844906,0.608798	0.000000,0.000000,0.000000	0.000000,0.000000,0.000000	2.033690,3.844906,0.608798	0
16:14:16	2.033691,3.844914,0.608802	0.000000,0.000000,0.000000	0.000000,0.000000,0.000000	2.033691,3.844914,0.608802	0
16:14:16	2.033703,3.844907,0.608781	0.000000,0.000000,0.000000	0.000000,0.000000,0.000000	2.033703,3.844907,0.608781	0
16:14:16	2.033691,3.844903,0.608785	0.000000,0.000000,0.000000	0.000000,0.000000,0.000000	2.033691,3.844903,0.608785	0
16:14:17	2.033693,3.844918,0.608786	0.000000,0.000000,0.000000	0.000000,0.000000,0.000000	2.033693,3.844918,0.608786	0
16:14:17	2.033692,3.844915,0.608802	0.000000,0.000000,0.000000	0.000000,0.000000,0.000000	2.033692,3.844915,0.608802	0
16:14:17	2.033692,3.844914,0.608786	0.000000,0.000000,0.000000	0.000000,0.000000,0.000000	2.033692,3.844914,0.608786	0
16:14:17	2.033690,3.844909,0.608792	0.000000,0.000000,0.000000	0.000000,0.000000,0.000000	2.033690,3.844909,0.608792	0
16:14:17	2.033693,3.844914,0.608781	0.000000,0.000000,0.000000	0.000000,0.000000,0.000000	2.033693,3.844914,0.608781	0
16:14:17	2.033694,3.844920,0.608793	0.000000,0.000000,0.000000	0.000000,0.000000,0.000000	2.033694,3.844920,0.608793	0
16:14:17	2.033689,3.844920,0.608797	0.000000,0.000000,0.000000	0.000000,0.000000,0.000000	2.033689,3.844920,0.608797	0
16:14:17	2.033689,3.844916,0.608791	0.000000,0.000000,0.000000	0.000000,0.000000,0.000000	2.033689,3.844916,0.608791	0
16:14:17	2.033695,3.844905,0.608778	0.000000,0.000000,0.000000	0.000000,0.000000,0.000000	2.033695,3.844905,0.608778	0
16:14:17	2.033661,3.844866,0.608797	0.000000,0.000000,0.000000	0.000000,0.000000,0.000000	2.033661,3.844866,0.608797	0
16:14:18	2.033878,3.844959,0.608505	0.000000,0.000000,0.000000	0.000000,0.000000,0.000000	2.033878,3.844959,0.608505	0
16:14:18	2.033706,3.844926,0.608790	0.000000,0.000000,0.000000	0.000000,0.000000,0.000000	2.033706,3.844926,0.608790	0
16:14:18	2.033731,3.844971,0.608791	0.000000,0.000000,0.000000	0.000000,0.000000,0.000000	2.033731,3.844971,0.608791	0
16:14:18	2.033715,3.844928,0.608792	0.000000,0.000000,0.000000	0.000000,0.000000,0.000000	2.033715,3.844928,0.608792	0
16:14:18	2.033720,3.845004,0.608800	0.000000,0.000000,0.000000	0.000000,0.000000,0.000000	2.033720,3.845004,0.608800	0
16:14:18	2.033698,3.844924,0.608782	0.000000,0.000000,0.000000	0.000000,0.000000,0.000000	2.033698,3.844924,0.608782	0
16:14:18	2.033702,3.844930,0.608788	0.000000,0.000000,0.000000	0.000000,0.000000,0.000000	2.033702,3.844930,0.608788	0
