# Flight Log 
# 25 08 17 - 18:30:42
Time		X,Y,Z				goalX,goalY,goalZ		ddx,ddy,ddz			angularx,angulary,angularz	battery
18:30:43	0.000000,0.000000,0.000000	0.000000,0.000000,0.000000	0.000000,0.000000,0.000000	0.000000,0.000000,0.000000	0
18:30:43	0.000000,0.000000,0.000000	0.000000,0.000000,0.000000	0.000000,0.000000,0.000000	0.000000,0.000000,0.000000	0
18:30:43	0.693644,0.829293,0.409767	0.768594,0.877790,0.377098	-0.122146,0.129331,10.289004	0.693644,0.829293,0.409767	0
18:30:43	0.692367,0.830333,0.410421	0.768591,0.909810,0.441098	-0.119751,0.131726,10.279424	0.692367,0.830333,0.410421	3.81642222404
18:30:43	0.692356,0.830337,0.410435	0.768600,0.909798,0.441107	-0.122146,0.124541,10.286609	0.692356,0.830337,0.410435	3.82170081139
18:30:43	0.692344,0.830328,0.410403	0.768582,0.909807,0.441121	-0.119751,0.126936,10.286609	0.692344,0.830328,0.410403	3.82170081139
18:30:43	0.692347,0.830319,0.410434	0.768588,0.909808,0.441101	-0.119751,0.131726,10.293794	0.692347,0.830319,0.410434	3.82170081139
18:30:43	0.692348,0.830343,0.410408	0.768598,0.909797,0.441012	-0.119751,0.126936,10.289004	0.692348,0.830343,0.410408	3.82170081139
18:30:43	0.692358,0.830328,0.410415	0.768581,0.909815,0.441121	-0.119751,0.126936,10.277029	0.692358,0.830328,0.410415	3.82170081139
18:30:43	0.692368,0.830330,0.410408	0.768567,0.909816,0.441201	-0.114961,0.126936,10.262659	0.692368,0.830330,0.410408	3.82170081139
18:30:43	0.692364,0.830309,0.410392	0.768584,0.909805,0.441095	-0.122146,0.126936,10.289004	0.692364,0.830309,0.410392	3.82170081139
18:30:44	0.692348,0.830320,0.410414	0.768581,0.909804,0.441108	-0.117356,0.129331,10.279424	0.692348,0.830320,0.410414	3.82170081139
18:30:44	0.692344,0.830336,0.410426	0.768587,0.909812,0.441063	-0.122146,0.126936,10.281819	0.692344,0.830336,0.410426	3.81642222404
18:30:44	0.692366,0.830310,0.410400	0.768579,0.909801,0.441119	-0.124541,0.126936,10.277029	0.692366,0.830310,0.410400	3.82170081139
18:30:44	0.692443,0.830287,0.410387	0.768545,0.909844,0.441178	-0.119751,0.124541,10.284214	0.692443,0.830287,0.410387	3.82170081139
18:30:44	0.692387,0.830302,0.410491	0.768570,0.909834,0.441224	-0.129331,0.124541,10.286609	0.692387,0.830302,0.410491	3.71612906456
18:30:44	0.692393,0.830314,0.410465	0.768562,0.909819,0.440937	-0.153281,0.162861,10.303374	0.692393,0.830314,0.410465	3.70557188988
18:30:44	0.692356,0.830283,0.410478	0.768596,0.877858,0.377075	-0.122146,0.098196,10.224338	0.692356,0.830283,0.410478	3.69501471519
18:30:44	0.692418,0.830329,0.410342	0.768563,0.909803,0.441162	-0.117356,0.086221,10.272239	0.692418,0.830329,0.410342	3.69501471519
18:30:44	0.692399,0.830297,0.410391	0.768554,0.909853,0.441279	-0.131726,0.117356,10.174043	0.692399,0.830297,0.410391	3.68445754051
18:30:44	0.692372,0.830259,0.410309	0.768585,0.909849,0.441258	-0.141306,0.114961,10.308164	0.692372,0.830259,0.410309	3.68445754051
18:30:45	0.693781,0.829252,0.409569	0.767797,0.910435,0.442773	-0.071851,0.069456,10.159673	0.693781,0.829252,0.409569	3.65806460381
18:30:45	0.692397,0.830320,0.410377	0.768563,0.909862,0.441385	-0.148491,0.227527,10.463840	0.692397,0.830320,0.410377	3.64750742912
18:30:45	0.692363,0.830268,0.410402	0.768564,0.909799,0.441454	-0.136516,0.093406,10.174043	0.692363,0.830268,0.410402	3.63695025444
18:30:45	0.692396,0.830339,0.410352	0.768542,0.909816,0.441405	-0.110171,0.167651,10.236313	0.692396,0.830339,0.410352	3.62639307976
18:30:45	0.692314,0.830300,0.410259	0.768600,0.909822,0.441052	-0.237107,-0.105381,10.607542	0.692314,0.830300,0.410259	3.62111449242
18:30:45	0.692435,0.830333,0.410309	0.768602,0.909802,0.441323	-0.059875,0.141306,10.447075	0.692435,0.830333,0.410309	3.60527873039
18:30:45	0.693303,0.829875,0.409994	0.768575,0.909835,0.441314	0.007185,0.270637,10.150093	0.693303,0.829875,0.409994	3.60527873039
18:30:45	0.693425,0.829981,0.410075	0.767953,0.910057,0.441927	-0.086221,0.244292,10.274634	0.693425,0.829981,0.410075	3.58416438103
18:30:45	0.692729,0.830575,0.410231	0.767916,0.910016,0.441888	-0.160466,0.064666,10.413545	0.692729,0.830575,0.410231	3.57360720634
18:30:45	0.693490,0.829560,0.410033	0.767915,0.878088,0.441757	-0.131726,-0.019160,10.547666	0.693490,0.829560,0.410033	3.56305003166
18:30:46	0.692968,0.830155,0.410182	0.767800,0.878325,0.378202	-0.191602,0.102986,10.241104	0.692968,0.830155,0.410182	3.54721426964
18:30:46	0.693900,0.829816,0.410171	0.768236,0.909946,0.441569	-0.131726,0.064666,10.181228	0.693900,0.829816,0.410171	3.53665685654
18:30:46	0.693977,0.829286,0.409981	0.767642,0.878088,0.377805	-0.296982,0.217947,10.308164	0.693977,0.829286,0.409981	3.52609968185
18:30:46	0.694962,0.828881,0.409834	0.768092,0.877962,0.441577	-0.150886,-0.014370,10.399175	0.694962,0.828881,0.409834	3.51554250717
18:30:46	0.695572,0.828351,0.409250	0.767559,0.878209,0.377672	0.174836,0.258662,10.600356	0.695572,0.828351,0.409250	3.50498533249
18:30:46	0.695343,0.828503,0.409677	0.766649,0.878997,0.379523	-0.289797,0.225132,10.269844	0.695343,0.828503,0.409677	3.48914957047
18:30:46	0.696647,0.827957,0.409839	0.766287,0.878882,0.379742	-0.241897,0.170046,10.269844	0.696647,0.827957,0.409839	3.47859239578
18:30:46	0.696219,0.826920,0.409912	0.765995,0.879289,0.378407	-0.067061,0.093406,10.468630	0.696219,0.826920,0.409912	3.4680352211
18:30:46	0.695028,0.827445,0.410590	0.767000,0.879528,0.376828	0.002395,0.148491,10.164463	0.695028,0.827445,0.410590	3.45219945908
18:30:46	0.698111,0.827298,0.409772	0.766107,0.879911,0.442167	-0.023950,0.237107,10.322534	0.698111,0.827298,0.409772	3.43636369705
18:30:47	0.698537,0.828131,0.410155	0.765156,0.879277,0.378189	-0.028740,0.479004,10.071057	0.698537,0.828131,0.410155	3.42052793503
18:30:47	0.700609,0.827525,0.409973	0.764677,0.879183,0.377283	-0.019160,0.577200,10.442285	0.700609,0.827525,0.409973	3.40997076035
18:30:47	0.702071,0.827908,0.409804	0.763579,0.879481,0.377653	-0.040715,0.055085,10.391990	0.702071,0.827908,0.409804	3.404692173
18:30:47	0.704223,0.829031,0.409780	0.762758,0.879172,0.442188	0.043110,-0.002395,10.233918	0.704223,0.829031,0.409780	3.38357782364
18:30:47	0.706778,0.830589,0.409986	0.761488,0.878385,0.377897	-0.050295,0.091011,10.533296	0.706778,0.830589,0.409986	3.38357782364
18:30:47	0.709938,0.833687,0.410085	0.759383,0.877545,0.378235	-0.016765,-0.347278,10.300979	0.709938,0.833687,0.410085	3.35190629959
18:30:47	0.713981,0.836109,0.409545	0.757510,0.907542,0.378635	-0.273032,0.323328,10.051897	0.713981,0.836109,0.409545	3.32551336288
18:30:47	0.718682,0.840083,0.409419	0.787353,0.905988,0.442566	0.088616,0.790356,10.056687	0.718682,0.840083,0.409419	3.26217031479
18:30:47	0.724380,0.845215,0.409385	0.784465,0.903401,0.378473	-0.323328,0.756826,10.485396	0.724380,0.845215,0.409385	3.24105596542
18:30:47	0.731352,0.850512,0.409026	0.780648,0.900355,0.379500	-0.193997,-0.081431,10.449470	0.731352,0.850512,0.409026	3.2252202034
18:30:48	0.739516,0.855697,0.410066	0.776773,0.897179,0.379288	0.112566,-0.112566,10.526111	0.739516,0.855697,0.410066	3.20938444138
18:30:48	0.752492,0.862843,0.409047	0.802906,0.925898,0.378976	0.584385,-0.457449,10.262659	0.752492,0.862843,0.409047	3.2041053772
18:30:48	0.769920,0.870631,0.410857	0.794877,0.921671,0.380000	0.325723,0.136516,10.277029	0.769920,0.870631,0.410857	3.18299102783
18:30:48	0.796428,0.881696,0.413389	0.815723,0.916669,0.375752	0.747246,0.397573,10.025552	0.796428,0.881696,0.413389	3.10381221771
18:30:48	0.833692,0.898680,0.412708	0.830646,0.941449,0.435113	0.780776,1.058599,9.781260	0.833692,0.898680,0.412708	3.16187667847
18:30:48	0.878891,0.922056,0.406041	0.871286,0.930605,0.438536	0.481399,0.292192,9.223220	0.878891,0.922056,0.406041	3.17243385315
18:30:48	0.926596,0.947728,0.388941	0.907949,0.948156,0.456308	0.505349,0.189207,9.733359	0.926596,0.947728,0.388941	3.15131950378
18:30:48	0.971601,0.972187,0.366798	0.943237,0.996783,0.432176	-0.136516,-0.067061,9.680669	0.971601,0.972187,0.366798	3.14604091644
18:30:48	1.009782,0.995416,0.337741	0.981276,1.014325,0.417076	0.404758,1.551973,9.489067	1.009782,0.995416,0.337741	3.24633455276
18:30:48	1.039804,1.017821,0.302542	1.022788,1.032448,0.421171	-0.153281,0.277822,10.049502	1.039804,1.017821,0.302542	3.12492656708
18:30:49	1.061816,1.038704,0.264323	1.069634,1.051148,0.500432	0.088616,0.332908,10.300979	1.061816,1.038704,0.264323	3.09325504303
18:30:49	1.076938,1.057604,0.225919	1.089102,1.070803,0.455782	0.076641,0.304167,9.084309	1.076938,1.057604,0.225919	3.11964797974
18:30:49	1.087318,1.075660,0.182716	1.112682,1.091620,0.414252	0.706531,1.496887,10.097402	1.087318,1.075660,0.182716	3.12492656708
18:30:49	1.095434,1.094172,0.134805	1.138830,1.112730,0.382882	0.153281,0.270637,10.358459	1.095434,1.094172,0.134805	3.08797645569
18:30:49	1.102504,1.114432,0.085151	1.166229,1.133570,0.360081	-0.095801,0.296982,9.896221	1.102504,1.114432,0.085151	3.24105596542
18:30:49	1.112150,1.138491,0.032037	1.161273,1.153096,0.345565	-0.201182,0.153281,10.662627	1.112150,1.138491,0.032037	3.09325504303
18:30:49	1.123897,1.167283,-0.019486	1.155690,1.170187,0.268710	-0.177231,-0.268242,9.984836	1.123897,1.167283,-0.019486	3.07741928101
18:30:49	1.137713,1.199630,-0.066967	1.180692,1.184584,0.252091	0.392783,0.011975,11.134446	1.137713,1.199630,-0.066967	3.19882678986
18:30:49	1.147521,1.228075,-0.064730	1.221391,1.276392,0.163164	0.605940,0.656235,13.062437	1.147521,1.228075,-0.064730	3.08797645569
18:30:49	1.154665,1.255451,-0.036218	1.230143,1.300902,0.179167	0.198787,0.071851,11.328442	1.154665,1.255451,-0.036218	3.11964797974
18:30:50	1.162302,1.287377,-0.004986	1.239220,1.327118,0.207927	0.347278,0.179626,10.174043	1.162302,1.287377,-0.004986	2.97184753418
18:30:50	1.175949,1.326323,0.021703	1.250479,1.357527,0.236992	0.819097,2.047742,9.975256	1.175949,1.326323,0.021703	2.98240470886
18:30:50	1.194084,1.372414,0.044272	1.266343,1.393703,0.265096	-0.074246,0.258662,9.798025	1.194084,1.372414,0.044272	3.19354820251
18:30:50	1.217001,1.426136,0.059151	1.285107,1.435353,0.292094	-0.311353,0.294587,10.087822	1.217001,1.426136,0.059151	3.00351905823
18:30:50	1.240349,1.484262,0.071899	1.307286,1.482116,0.313839	0.349673,0.059875,9.613608	1.240349,1.484262,0.071899	3.00879764557
18:30:50	1.265129,1.543972,0.081694	1.332036,1.531435,0.331212	0.263452,0.409548,10.106982	1.265129,1.543972,0.081694	3.0510263443
18:30:50	1.290715,1.604419,0.087586	1.354651,1.580386,0.348046	-0.141306,0.182021,10.624307	1.290715,1.604419,0.087586	2.99296188354
18:30:50	1.316698,1.664052,0.092096	1.378032,1.628569,0.360630	0.368833,0.011975,9.908196	1.316698,1.664052,0.092096	3.06686210632
18:30:50	1.342776,1.722174,0.094708	1.400511,1.675262,0.370379	-0.289797,0.902922,10.425520	1.342776,1.722174,0.094708	3.08797645569
18:30:50	1.367570,1.777203,0.096065	1.421992,1.720003,0.376716	-0.445474,0.273032,10.425520	1.367570,1.777203,0.096065	3.08269786835
18:30:51	1.390145,1.828537,0.095724	1.441501,1.761997,0.379603	-0.596360,0.289797,10.224338	1.390145,1.828537,0.095724	3.12492656708
18:30:51	1.411037,1.876181,0.093900	1.459771,1.801634,0.377676	-0.052690,0.910107,10.217153	1.411037,1.876181,0.093900	3.12492656708
18:30:51	1.429497,1.919837,0.091064	1.474209,1.837850,0.375888	-0.146096,0.229922,10.418335	1.429497,1.919837,0.091064	3.12492656708
18:30:51	1.445946,1.960970,0.087154	1.487501,1.871942,0.370340	-0.052690,-0.165256,10.370435	1.445946,1.960970,0.087154	3.18299102783
18:30:51	1.460451,2.002167,0.081279	1.498980,1.904987,0.362856	0.835862,1.238225,10.071057	1.460451,2.002167,0.081279	3.17243385315
18:30:51	1.472467,2.041928,0.075840	1.508881,1.938922,0.352580	1.147214,2.457290,10.370435	1.472467,2.041928,0.075840	3.11964797974
18:30:51	1.481952,2.078886,0.071635	1.516931,1.971808,0.342901	0.131726,0.203577,10.674602	1.481952,2.078886,0.071635	3.12492656708
18:30:51	1.490032,2.112149,0.068004	1.523198,2.002635,0.334051	0.244292,0.550854,10.284214	1.490032,2.112149,0.068004	3.13548374176
18:30:51	1.498464,2.143364,0.063325	1.528768,2.030894,0.325674	0.186812,0.431104,9.869875	1.498464,2.143364,0.063325	3.16187667847
18:30:51	1.508613,2.172702,0.059140	1.534827,2.057756,0.316980	-0.241897,0.407153,9.989626	1.508613,2.172702,0.059140	3.14604091644
18:30:52	1.520553,2.200558,0.054560	1.542617,2.083277,0.308900	0.347278,0.004790,10.547666	1.520553,2.200558,0.054560	3.17243385315
18:30:52	1.533578,2.229004,0.049294	1.551808,2.107792,0.300901	-0.244292,-0.241897,10.509346	1.533578,2.229004,0.049294	3.16715526581
18:30:52	1.546984,2.259758,0.042788	1.561923,2.133560,0.291860	0.124541,0.416733,10.154883	1.546984,2.259758,0.042788	3.16187667847
18:30:52	1.559941,2.291304,0.038903	1.572304,2.161662,0.281587	0.292192,0.574805,10.351274	1.559941,2.291304,0.038903	3.17771244049
18:30:52	1.571869,2.322882,0.036931	1.582468,2.190013,0.273791	0.893342,0.625100,10.279424	1.571869,2.322882,0.036931	3.1407623291
18:30:52	1.582703,2.355015,0.035516	1.591674,2.218700,0.267371	0.285007,0.328118,10.231523	1.582703,2.355015,0.035516	3.1407623291
18:30:52	1.593518,2.386350,0.036209	1.600261,2.248143,0.261325	0.395178,-0.596360,10.688972	1.593518,2.386350,0.036209	3.15131950378
18:30:52	1.605000,2.416028,0.038668	1.609004,2.276439,0.257534	0.318538,0.787961,10.152488	1.605000,2.416028,0.038668	3.12492656708
18:30:52	1.617385,2.444458,0.041648	1.618642,2.303307,0.255091	1.238225,0.570015,10.631492	1.617385,2.444458,0.041648	3.13020515442
18:30:52	1.630487,2.471063,0.046363	1.628861,2.329259,0.253464	0.402363,-0.184417,10.509346	1.630487,2.471063,0.046363	3.11964797974
18:30:53	1.643947,2.496243,0.052368	1.639890,2.353432,0.253716	-0.213157,0.165256,10.626702	1.643947,2.496243,0.052368	3.11964797974
18:30:53	1.656819,2.520131,0.060123	1.651208,2.376323,0.255241	0.059875,0.431104,10.406360	1.656819,2.520131,0.060123	3.1143693924
18:30:53	1.669001,2.542456,0.069610	1.661960,2.397860,0.258368	0.335303,-0.052690,10.514136	1.669001,2.542456,0.069610	3.11964797974
18:30:53	1.681230,2.564301,0.079577	1.672374,2.417979,0.263124	-0.016765,0.189207,10.387200	1.681230,2.564301,0.079577	3.08269786835
18:30:53	1.694139,2.586634,0.092112	1.682914,2.438045,0.268302	0.488584,0.285007,10.095007	1.694139,2.586634,0.092112	3.11964797974
18:30:53	1.707662,2.611087,0.103831	1.694030,2.458538,0.275451	0.541274,0.740061,10.121353	1.707662,2.611087,0.103831	3.05630493164
18:30:53	1.721862,2.636524,0.117006	1.705683,2.481593,0.281510	0.443079,0.538879,10.494976	1.721862,2.636524,0.117006	3.08269786835
18:30:53	1.735628,2.661393,0.131289	1.717912,2.505102,0.288977	0.464634,0.105381,10.389595	1.735628,2.661393,0.131289	3.13020515442
18:30:53	1.747783,2.683359,0.145745	1.729709,2.528123,0.297067	0.016765,-0.356858,10.408755	1.747783,2.683359,0.145745	3.06158351898
18:30:53	1.756975,2.700426,0.162974	1.740029,2.547625,0.306222	-0.095801,0.385598,10.765613	1.756975,2.700426,0.162974	3.08797645569
18:30:54	1.763461,2.714659,0.180334	1.747496,2.562584,0.317977	-0.067061,0.361648,10.078242	1.763461,2.714659,0.180334	3.08797645569
18:30:54	1.768619,2.727108,0.198533	1.752874,2.575202,0.330014	0.682581,1.647773,10.394385	1.768619,2.727108,0.198533	3.13548374176
18:30:54	1.772573,2.736692,0.216697	1.757238,2.585856,0.342883	0.251477,0.510139,10.595566	1.772573,2.736692,0.216697	3.04046916962
18:30:54	1.775237,2.743462,0.237175	1.760412,2.593854,0.356394	0.146096,-0.364043,10.815908	1.775237,2.743462,0.237175	3.06686210632
18:30:54	1.776982,2.748684,0.258414	1.762423,2.599192,0.371536	0.122146,0.476609,10.442285	1.776982,2.748684,0.258414	3.00879764557
18:30:54	1.777905,2.751920,0.281856	1.763826,2.602689,0.387664	0.047900,1.053809,10.320139	1.777905,2.751920,0.281856	3.01935482025
18:30:54	1.778084,2.753017,0.308155	1.764432,2.604465,0.405606	0.718506,0.524509,9.604028	1.778084,2.753017,0.308155	3.06686210632
18:30:54	1.777915,2.752592,0.336443	1.764383,2.604053,0.425932	0.239502,0.493374,10.277029	1.777915,2.752592,0.336443	3.12492656708
18:30:54	1.777578,2.750185,0.365509	1.764206,2.602087,0.447464	1.123264,0.661025,10.042317	1.777578,2.750185,0.365509	2.99824047089
18:30:54	1.776956,2.745796,0.395926	1.763630,2.598069,0.469523	0.486189,-0.119751,10.528506	1.776956,2.745796,0.395926	3.06158351898
18:30:55	1.776502,2.739244,0.427872	1.762954,2.592248,0.492559	0.495769,1.583108,10.621912	1.776502,2.739244,0.427872	2.99296188354
18:30:55	1.775761,2.730079,0.460737	1.762383,2.584079,0.516702	-0.095801,0.493374,10.653047	1.775761,2.730079,0.460737	3.15659809113
18:30:55	1.774265,2.718427,0.496192	1.761426,2.573366,0.541378	-0.107776,0.617915,10.552456	1.774265,2.718427,0.496192	3.04046916962
18:30:55	1.772499,2.704548,0.533450	1.759904,2.560276,0.567802	0.052690,1.029858,10.585986	1.772499,2.704548,0.533450	3.01407623291
18:30:55	1.770144,2.689148,0.570374	1.757975,2.545028,0.595099	-0.014370,0.931663,9.953701	1.770144,2.689148,0.570374	3.1407623291
18:30:55	1.767259,2.674809,0.603322	1.755725,2.528781,0.621293	0.232317,-0.299377,10.643467	1.767259,2.674809,0.603322	3.16187667847
18:30:55	1.763947,2.663227,0.634618	1.752930,2.514186,0.644089	0.150886,0.447869,10.688972	1.763947,2.663227,0.634618	3.00351905823
18:30:55	1.759846,2.653644,0.666164	1.749703,2.502585,0.665857	-0.227527,0.613125,10.049502	1.759846,2.653644,0.666164	3.15659809113
18:30:55	1.755523,2.645758,0.697145	1.746221,2.492903,0.687375	-0.028740,0.816702,10.384805	1.755523,2.645758,0.697145	3.04046916962
18:30:55	1.751147,2.639034,0.728795	1.742520,2.485037,0.708220	0.237107,0.234712,10.380015	1.751147,2.639034,0.728795	2.99296188354
18:30:56	1.746244,2.631917,0.763184	1.738597,2.478354,0.729609	3.427273,1.168770,10.559641	1.746244,2.631917,0.763184	2.99824047089
18:30:56	1.740842,2.623367,0.798328	1.734422,2.471167,0.752557	0.423918,0.455054,10.516531	1.740842,2.623367,0.798328	2.9876832962
18:30:56	1.735146,2.613693,0.832916	1.729756,2.462786,0.775764	0.114961,0.196392,10.480605	1.735146,2.613693,0.832916	3.06158351898
18:30:56	1.729625,2.603146,0.865613	1.725054,2.453566,0.798168	2.270479,1.044229,10.293794	1.729625,2.603146,0.865613	3.14604091644
18:30:56	1.724068,2.591799,0.897246	1.720427,2.443743,0.819306	0.313748,0.311353,10.365645	1.724068,2.591799,0.897246	3.16187667847
18:30:56	1.718547,2.579768,0.927692	1.715665,2.433023,0.839632	0.234712,0.591570,10.466235	1.718547,2.579768,0.927692	3.10381221771
18:30:56	1.712831,2.566889,0.957339	1.711029,2.422163,0.859049	-0.100591,0.095801,10.490186	1.712831,2.566889,0.957339	3.15659809113
18:30:56	1.707064,2.552729,0.985920	1.706360,2.410337,0.877752	0.581990,-0.349673,10.142908	1.707064,2.552729,0.985920	3.02991199493
18:30:56	1.701770,2.537707,1.012731	1.701659,2.397562,0.895606	0.701741,0.234712,10.080637	1.701770,2.537707,1.012731	3.14604091644
18:30:56	1.696263,2.522300,1.036581	1.697181,2.384067,0.911999	0.366438,-0.280217,10.394385	1.696263,2.522300,1.036581	3.15659809113
18:30:57	1.691111,2.506777,1.058033	1.692643,2.370332,0.926303	-0.057480,0.596360,10.071057	1.691111,2.506777,1.058033	3.15131950378
18:30:57	1.686465,2.490165,1.077955	1.688425,2.356296,0.938992	0.419128,0.033530,10.420730	1.686465,2.490165,1.077955	3.09853363037
18:30:57	1.682435,2.472412,1.095744	1.684737,2.341274,0.950465	-0.059875,0.445474,10.300979	1.682435,2.472412,1.095744	3.07214069366
18:30:57	1.679479,2.453490,1.111119	1.681559,2.324976,0.960116	0.541274,1.118474,9.927356	1.679479,2.453490,1.111119	3.15131950378
18:30:57	1.675988,2.434452,1.123655	1.679018,2.307776,0.967910	0.565225,-0.055085,9.965676	1.675988,2.434452,1.123655	3.12492656708
18:30:57	1.671364,2.415981,1.133154	1.676292,2.290433,0.973440	-0.198787,0.263452,9.934541	1.671364,2.415981,1.133154	3.10381221771
18:30:57	1.664780,2.398475,1.139682	1.672210,2.273596,0.976927	0.174836,-0.150886,10.456655	1.664780,2.398475,1.139682	3.1407623291
18:30:57	1.656612,2.382750,1.143225	1.666648,2.257791,0.978420	0.756826,0.469424,9.709409	1.656612,2.382750,1.143225	3.1407623291
18:30:57	1.647402,2.369874,1.143685	1.660107,2.243520,0.978030	0.095801,-0.081431,9.687854	1.647402,2.369874,1.143685	3.13548374176
18:30:57	1.637918,2.360578,1.140431	1.652617,2.231839,0.975780	0.167651,0.591570,10.162068	1.637918,2.360578,1.140431	3.12492656708
18:30:58	1.629114,2.353319,1.134884	1.645009,2.223330,0.971698	0.239502,0.325723,10.104587	1.629114,2.353319,1.134884	3.13020515442
18:30:58	1.621987,2.346177,1.127697	1.638343,2.216189,0.966411	0.079036,0.064666,10.308164	1.621987,2.346177,1.127697	3.11964797974
18:30:58	1.617251,2.338197,1.118357	1.633120,2.208825,0.959890	0.246687,-0.055085,10.145303	1.617251,2.338197,1.118357	3.11964797974
18:30:58	1.614793,2.328177,1.106012	1.629950,2.200203,0.951679	0.328118,0.110171,10.020762	1.614793,2.328177,1.106012	3.13020515442
18:30:58	1.613725,2.314491,1.091579	1.628371,2.188996,0.940985	0.387993,0.771196,9.896221	1.613725,2.314491,1.091579	3.17771244049
18:30:58	1.613636,2.297670,1.075104	1.628056,2.174255,0.928263	0.033530,0.761616,10.039922	1.613636,2.297670,1.075104	3.11964797974
18:30:58	1.614033,2.278490,1.055954	1.628593,2.156353,0.913729	0.100591,0.383203,9.901011	1.614033,2.278490,1.055954	3.14604091644
18:30:58	1.614153,2.257859,1.034524	1.629454,2.136110,0.897206	-0.076641,-0.038320,10.106982	1.614153,2.257859,1.034524	3.10909080505
18:30:58	1.613997,2.237069,1.010605	1.630242,2.114377,0.879217	0.179626,0.548459,9.891431	1.613997,2.237069,1.010605	3.2041053772
18:30:58	1.613556,2.217782,0.984733	1.630802,2.092405,0.860200	0.261057,0.201182,9.960886	1.613556,2.217782,0.984733	3.10381221771
18:30:59	1.613073,2.200829,0.956342	1.631215,2.071763,0.841061	-0.273032,0.165256,10.485396	1.613073,2.200829,0.956342	3.17771244049
18:30:59	1.612982,2.186106,0.926427	1.631790,2.053093,0.821799	0.344883,0.071851,10.114167	1.612982,2.186106,0.926427	3.08797645569
18:30:59	1.613629,2.172790,0.892601	1.632624,2.036287,0.803366	0.079036,0.215552,10.401570	1.613629,2.172790,0.892601	3.17243385315
18:30:59	1.615106,2.158995,0.857915	1.634126,2.020274,0.784556	0.119751,0.292192,10.466235	1.615106,2.158995,0.857915	3.08269786835
18:30:59	1.617224,2.143873,0.823493	1.540835,2.016088,0.887958	0.857417,0.996328,10.430310	1.617224,2.143873,0.823493	3.09853363037
18:30:59	1.619077,2.127782,0.791280	1.542198,2.001947,0.862448	0.562830,0.768801,10.667417	1.619077,2.127782,0.791280	3.2041053772
18:30:59	1.618263,2.110212,0.760740	1.543265,1.986675,0.838491	1.484912,1.614243,10.193203	1.618263,2.110212,0.760740	3.06686210632
18:30:59	1.612822,2.091918,0.731703	1.541257,1.969980,0.816217	0.730481,0.996328,10.078242	1.612822,2.091918,0.731703	3.06686210632
18:30:59	1.602780,2.074861,0.702691	1.534919,1.952622,0.795248	0.462239,0.572410,10.391990	1.602780,2.074861,0.702691	3.07214069366
18:30:59	1.589291,2.060263,0.673492	1.524833,1.936734,0.774125	0.816702,0.689766,10.042317	1.589291,2.060263,0.673492	3.07214069366
18:31:00	1.573669,2.048069,0.644720	1.511889,1.923142,0.753149	1.183140,1.140029,10.487791	1.573669,2.048069,0.644720	3.06158351898
18:31:00	1.557641,2.037732,0.616365	1.497617,1.911910,0.732525	-0.002395,0.287402,10.492581	1.557641,2.037732,0.616365	3.17243385315
18:31:00	1.542276,2.028435,0.589049	1.483259,1.902285,0.712034	-0.105381,0.344883,10.720107	1.542276,2.028435,0.589049	3.16187667847
18:31:00	1.528014,2.019669,0.563817	1.469718,1.893603,0.692514	0.301772,0.007185,10.526111	1.528014,2.019669,0.563817	3.08797645569
18:31:00	1.515350,2.011515,0.540006	1.457344,1.885552,0.674370	0.241897,-0.083826,10.868599	1.515350,2.011515,0.540006	3.06686210632
18:31:00	1.504364,2.002971,0.517445	1.446373,1.878019,0.657374	0.155676,-0.095801,10.554851	1.504364,2.002971,0.517445	3.1407623291
18:31:00	1.494277,1.993722,0.496878	1.436698,1.870401,0.641258	0.409548,0.244292,10.150093	1.494277,1.993722,0.496878	3.16715526581
18:31:00	1.484603,1.983245,0.478567	1.427824,1.861766,0.626660	2.483635,9.196875,10.655442	1.484603,1.983245,0.478567	3.08269786835
18:31:00	1.474592,1.971320,0.463761	1.419156,1.851890,0.614320	0.416733,1.477727,10.724897	1.474592,1.971320,0.463761	3.13548374176
18:31:00	1.463435,1.957977,0.449677	1.410080,1.840595,0.604313	0.634680,0.122146,10.384805	1.463435,1.957977,0.449677	3.13020515442
18:31:01	1.450853,1.942977,0.437812	1.399744,1.827762,0.595245	0.093406,0.407153,10.387200	1.450853,1.942977,0.437812	3.13020515442
18:31:01	1.437127,1.927304,0.427980	1.388020,1.813319,0.588415	5.589976,9.433982,10.262659	1.437127,1.927304,0.427980	3.08269786835
18:31:01	1.422566,1.911693,0.420360	1.375468,1.798392,0.583078	2.258503,2.701582,10.454260	1.422566,1.911693,0.420360	3.07741928101
18:31:01	1.407283,1.897714,0.415393	1.361974,1.783550,0.579825	2.495610,4.567302,10.847043	1.407283,1.897714,0.415393	3.08797645569
18:31:01	1.391780,1.887649,0.411319	1.348116,1.770492,0.578318	0.708926,0.308958,10.509346	1.391780,1.887649,0.411319	3.08269786835
18:31:01	1.376661,1.881145,0.409172	1.334221,1.761191,0.577153	0.399968,0.261057,10.368040	1.376661,1.881145,0.409172	3.08269786835
18:31:01	1.361944,1.878310,0.408646	1.321044,1.755239,0.577106	0.878972,1.942361,10.303374	1.361944,1.878310,0.408646	3.08269786835
18:31:01	1.347039,1.879166,0.410000	1.308005,1.752502,0.578041	0.239502,0.332908,10.550061	1.347039,1.879166,0.410000	3.08269786835
18:31:01	1.331572,1.883096,0.412654	1.294967,1.753120,0.579847	0.725691,1.504072,10.569221	1.331572,1.883096,0.412654	3.08797645569
18:31:01	1.314850,1.889638,0.417282	1.281522,1.756679,0.582337	0.797542,0.433499,10.540481	1.314850,1.889638,0.417282	3.08797645569
18:31:02	1.296802,1.897881,0.423859	1.266939,1.762254,0.586132	1.250200,1.825005,10.277029	1.296802,1.897881,0.423859	3.07214069366
18:31:02	1.277418,1.907803,0.429070	1.443003,1.928290,0.523216	0.577200,0.476609,8.998088	1.277418,1.907803,0.429070	3.07214069366
18:31:02	1.258783,1.919870,0.422711	1.428945,1.922397,0.505872	0.148491,0.435894,9.635164	1.258783,1.919870,0.422711	3.06158351898
18:31:02	1.245107,1.937834,0.412105	1.410484,1.919825,0.504681	-0.112566,0.591570,10.787168	1.245107,1.937834,0.412105	3.06686210632
18:31:02	1.239174,1.963017,0.403614	1.394687,1.920734,0.506238	0.174836,-0.261057,10.930869	1.239174,1.963017,0.403614	3.06686210632
18:31:02	1.241299,1.993895,0.397542	1.392685,1.941267,0.473974	-0.035925,0.354463,10.346484	1.241299,1.993895,0.397542	3.2252202034
18:31:02	1.250863,2.030244,0.387588	1.396738,1.982557,0.472469	0.380808,-0.289797,10.111772	1.250863,2.030244,0.387588	3.07214069366
18:31:02	1.267915,2.072400,0.378010	1.404138,2.007067,0.473391	0.055085,0.673000,10.779983	1.267915,2.072400,0.378010	3.07741928101
18:31:02	1.290792,2.118443,0.371383	1.424072,2.047620,0.446738	0.359253,0.251477,10.674602	1.290792,2.118443,0.371383	3.07741928101
18:31:02	1.317278,2.165931,0.364902	1.449412,2.121038,0.453332	-0.193997,0.009580,10.914104	1.317278,2.165931,0.364902	3.07741928101
18:31:03	1.345303,2.212888,0.361088	1.477755,2.179913,0.434717	0.007185,0.011975,10.403965	1.345303,2.212888,0.361088	3.10909080505
18:31:03	1.373301,2.257800,0.358071	1.501359,2.196609,0.452483	-0.064666,1.693279,10.360854	1.373301,2.257800,0.358071	3.08269786835
18:31:03	1.400592,2.299146,0.359284	1.525584,2.257730,0.479651	0.014370,0.179626,10.700947	1.400592,2.299146,0.359284	3.07741928101
18:31:03	1.426717,2.335870,0.365237	1.524974,2.296636,0.487936	-0.086221,0.505349,10.799143	1.426717,2.335870,0.365237	3.08269786835
18:31:03	1.450457,2.367242,0.372959	1.509512,2.339072,0.473812	0.687371,0.778381,10.083032	1.450457,2.367242,0.372959	3.08797645569
18:31:03	1.470298,2.393466,0.380356	1.495485,2.320807,0.456376	0.392783,0.689766,10.432705	1.470298,2.393466,0.380356	3.08269786835
18:31:03	1.484573,2.414350,0.386870	1.516136,2.369581,0.505008	-0.019160,0.886157,9.989626	1.484573,2.414350,0.386870	3.0510263443
18:31:03	1.492507,2.431012,0.396100	1.540176,2.389590,0.489811	-0.344883,-0.124541,10.447075	1.492507,2.431012,0.396100	3.08797645569
18:31:03	1.495243,2.446838,0.404177	1.536051,2.411879,0.533441	0.011975,-0.081431,10.693762	1.495243,2.446838,0.404177	3.08269786835
18:31:03	1.494759,2.462792,0.412425	1.566778,2.434302,0.516039	0.426313,0.021555,10.015972	1.494759,2.462792,0.412425	3.11964797974
18:31:04	1.492540,2.479578,0.420264	1.567270,2.456713,0.497711	0.323328,0.941243,10.049502	1.492540,2.479578,0.420264	3.08269786835
18:31:04	1.490488,2.499665,0.426751	1.568747,2.446439,0.544798	0.390388,0.639470,10.262659	1.490488,2.499665,0.426751	3.07741928101
18:31:04	1.490847,2.523627,0.435547	1.569817,2.465901,0.530313	-0.304167,0.239502,9.987231	1.490847,2.523627,0.435547	3.11964797974
18:31:04	1.494704,2.550493,0.446324	1.569382,2.483221,0.574073	1.638193,2.402205,10.245894	1.494704,2.550493,0.446324	3.08797645569
18:31:04	1.502654,2.580267,0.459050	1.566530,2.530875,0.549630	0.622705,0.479004,10.348879	1.502654,2.580267,0.459050	3.08797645569
18:31:04	1.514320,2.612505,0.471282	1.561355,2.544690,0.585756	0.522114,1.300496,10.123748	1.514320,2.612505,0.471282	3.08797645569
18:31:04	1.528236,2.645575,0.485455	1.554122,2.589201,0.558182	0.294587,0.689766,10.300979	1.528236,2.645575,0.485455	3.08797645569
18:31:04	1.542399,2.677375,0.498420	1.577609,2.601458,0.591027	0.989143,3.211721,10.494976	1.542399,2.677375,0.498420	3.08269786835
18:31:04	1.555930,2.706787,0.513263	1.601216,2.646520,0.626207	0.711321,0.687371,10.269844	1.555930,2.706787,0.513263	3.08797645569
18:31:04	1.569315,2.733302,0.531212	1.593048,2.693160,0.592465	0.399968,1.001118,9.927356	1.569315,2.733302,0.531212	3.08269786835
18:31:05	1.580941,2.758114,0.546293	1.617217,2.709462,0.617474	0.258662,-0.014370,10.133328	1.580941,2.758114,0.546293	3.08269786835
18:31:05	1.591308,2.782927,0.563393	1.642253,2.726710,0.648250	0.253872,-0.055085,10.269844	1.591308,2.782927,0.563393	3.06158351898
18:31:05	1.601731,2.809137,0.583672	1.636210,2.743671,0.673449	0.708926,0.960403,10.715317	1.601731,2.809137,0.583672	3.06158351898
18:31:05	1.611401,2.836401,0.606496	1.661954,2.791806,0.691744	0.179626,0.296982,10.873389	1.611401,2.836401,0.606496	3.09325504303
18:31:05	1.619108,2.863896,0.631981	1.656277,2.807456,0.704885	1.077759,-0.426313,10.427915	1.619108,2.863896,0.631981	3.06686210632
18:31:05	1.624900,2.892779,0.658272	1.683840,2.790863,0.711654	0.500559,0.390388,10.109377	1.624900,2.892779,0.658272	3.09853363037
18:31:05	1.629783,2.922122,0.684472	1.680603,2.805310,0.718236	-0.067061,0.500559,10.286609	1.629783,2.922122,0.684472	3.09325504303
18:31:05	1.635836,2.950179,0.710624	1.677618,2.883821,0.724505	0.196392,-0.251477,10.772798	1.635836,2.950179,0.710624	3.10381221771
18:31:05	1.642835,2.976218,0.736528	1.705832,2.931242,0.795011	-0.150886,0.445474,10.353669	1.642835,2.976218,0.736528	3.09325504303
18:31:05	1.650143,3.001796,0.763407	1.701676,2.947626,0.801834	0.792751,0.821492,10.286609	1.650143,3.001796,0.763407	3.09325504303
18:31:06	1.657658,3.027578,0.789597	1.697122,2.964389,0.806877	0.028740,-0.016765,10.035132	1.657658,3.027578,0.789597	3.09325504303
18:31:06	1.664823,3.053351,0.814639	1.765942,3.000746,0.945642	0.184417,-0.153281,10.401570	1.664823,3.053351,0.814639	3.09325504303
18:31:06	1.672268,3.077925,0.841013	1.754637,3.011780,0.944039	0.689766,-0.507744,10.106982	1.672268,3.077925,0.841013	3.08269786835
18:31:06	1.681440,3.100020,0.868248	1.741845,3.025404,0.935704	-0.050295,0.342488,10.358459	1.681440,3.100020,0.868248	3.08269786835
18:31:06	1.690414,3.119793,0.894337	1.779179,3.042388,1.030384	0.208367,0.203577,10.138118	1.690414,3.119793,0.894337	3.08797645569
18:31:06	1.699176,3.136970,0.921570	1.764725,3.011580,1.024661	1.025068,0.924478,10.207573	1.699176,3.136970,0.921570	3.07741928101
18:31:06	1.708749,3.150724,0.947046	1.802856,3.088622,0.805897	0.352068,0.862207,9.508228	1.708749,3.150724,0.947046	3.08269786835
18:31:06	1.718235,3.159671,0.961210	1.787395,3.120029,0.913605	-0.050295,0.186812,9.757310	1.718235,3.159671,0.961210	3.08269786835
18:31:06	1.726003,3.167911,0.973203	1.824495,3.054546,0.962128	0.567620,0.045505,10.729688	1.726003,3.167911,0.973203	3.09325504303
18:31:06	1.731046,3.182372,0.982677	1.812417,3.040314,0.912344	0.474214,2.929109,9.687854	1.731046,3.182372,0.982677	3.08269786835
18:31:07	1.734623,3.203135,0.986867	1.805210,3.015388,0.980402	0.124541,0.754431,10.322534	1.734623,3.203135,0.986867	3.07214069366
18:31:07	1.738111,3.227336,0.993437	1.789937,3.014953,0.966918	0.866997,0.850232,10.420730	1.738111,3.227336,0.993437	3.07214069366
18:31:07	1.741866,3.251501,1.001805	1.775986,3.035984,0.953516	0.225132,-0.002395,10.595566	1.741866,3.251501,1.001805	3.07214069366
18:31:07	1.744401,3.275213,1.011389	1.704390,3.059124,1.002459	0.311353,-0.136516,10.820698	1.744401,3.275213,1.011389	3.07741928101
18:31:07	1.745056,3.297509,1.023913	1.709761,3.082636,0.984159	-0.196392,-0.047900,10.545271	1.745056,3.297509,1.023913	3.08269786835
18:31:07	1.742600,3.317416,1.037314	1.714369,3.103420,1.018423	0.033530,0.699346,10.492581	1.742600,3.317416,1.037314	3.07741928101
18:31:07	1.738612,3.335294,1.053302	1.717906,3.122829,1.002954	0.555645,0.170046,10.133328	1.738612,3.335294,1.053302	3.08797645569
18:31:07	1.734298,3.350751,1.070566	1.676219,3.148360,1.028378	-0.306563,0.222737,10.456655	1.734298,3.350751,1.070566	3.08269786835
18:31:07	1.729289,3.363167,1.091384	1.680156,3.160564,1.052233	0.086221,-0.129331,10.336904	1.729289,3.363167,1.091384	3.09325504303
18:31:07	1.723123,3.373298,1.114663	1.682511,3.170636,1.071977	0.277822,0.162861,10.621912	1.723123,3.373298,1.114663	3.10381221771
18:31:08	1.716835,3.382129,1.140315	1.644637,3.191021,1.088958	-0.050295,-0.040715,10.868599	1.716835,3.382129,1.140315	3.09853363037
18:31:08	1.709399,3.390393,1.167599	1.646336,3.197028,1.104898	-0.332908,0.349673,10.962004	1.709399,3.390393,1.167599	3.09853363037
18:31:08	1.699367,3.398771,1.197863	1.646896,3.201486,1.155441	0.605940,0.984353,10.142908	1.699367,3.398771,1.197863	3.1143693924
18:31:08	1.688993,3.407687,1.228338	1.625647,3.214580,1.165910	0.387993,0.493374,10.111772	1.688993,3.407687,1.228338	3.10909080505
18:31:08	1.678981,3.416218,1.258361	1.626090,3.218853,1.214548	-0.091011,0.819097,10.277029	1.678981,3.416218,1.258361	3.10381221771
18:31:08	1.667826,3.424324,1.288672	1.567583,3.251473,1.225218	0.471819,0.150886,10.554851	1.667826,3.424324,1.288672	3.10381221771
18:31:08	1.652990,3.432406,1.319256	1.566868,3.252037,1.273447	0.560435,1.513652,10.135723	1.652990,3.432406,1.319256	3.10381221771
18:31:08	1.631851,3.440977,1.349325	1.566147,3.253235,1.284575	-0.189207,0.277822,10.401570	1.631851,3.440977,1.349325	3.10381221771
18:31:08	1.607050,3.448695,1.378750	1.517365,3.276033,1.331098	-0.040715,-0.217947,10.408755	1.607050,3.448695,1.378750	3.10909080505
18:31:08	1.581019,3.455382,1.407279	1.515715,3.271204,1.340128	0.000000,0.158071,10.212363	1.581019,3.455382,1.407279	3.10909080505
18:31:09	1.553769,3.461281,1.432960	1.461151,3.293388,1.390930	0.275427,0.783171,10.298584	1.553769,3.461281,1.432960	3.09853363037
18:31:09	1.526283,3.466400,1.461121	1.431722,3.301415,1.399476	0.373623,0.778381,10.289004	1.526283,3.466400,1.461121	3.10909080505
18:31:09	1.495861,3.472989,1.487761	1.402240,3.310284,1.399140	0.098196,-0.043110,9.982441	1.495861,3.472989,1.487761	3.10381221771
18:31:09	1.462071,3.481323,1.510739	1.409922,3.291796,1.463568	0.241897,-0.148491,10.253079	1.462071,3.481323,1.510739	3.10909080505
18:31:09	1.427887,3.489700,1.530724	1.376655,3.301000,1.464966	0.244292,-0.081431,10.217153	1.427887,3.489700,1.530724	3.09325504303
18:31:09	1.395954,3.497005,1.548949	1.364119,3.306589,1.477816	0.189207,-0.380808,10.298584	1.395954,3.497005,1.548949	3.09853363037
18:31:09	1.366729,3.503471,1.566920	1.362502,3.346860,1.505620	1.072969,2.095642,9.903406	1.366729,3.503471,1.566920	3.09325504303
18:31:09	1.341501,3.509197,1.586279	1.408461,3.388975,1.533121	0.586780,0.083826,10.236313	1.341501,3.509197,1.586279	3.09853363037
18:31:09	1.322338,3.516999,1.605379	1.447586,3.379592,1.555336	0.455054,0.184417,10.066267	1.322338,3.516999,1.605379	3.10381221771
18:31:09	1.311944,3.528069,1.622780	1.424173,3.418268,1.580472	2.014211,0.316143,10.334509	1.311944,3.528069,1.622780	3.08797645569
18:31:10	1.311730,3.542546,1.638714	1.430100,3.407831,1.417099	0.287402,0.349673,9.407637	1.311730,3.542546,1.638714	3.09853363037
18:31:10	1.319334,3.560158,1.641310	1.384146,3.427482,1.656099	-0.390388,0.490979,9.829160	1.319334,3.560158,1.641310	3.08269786835
18:31:10	1.332449,3.581375,1.640875	1.369961,3.398470,1.649846	1.326841,1.453777,10.224338	1.332449,3.581375,1.640875	3.07214069366
18:31:10	1.347208,3.605053,1.640052	1.348259,3.415464,1.653095	0.356858,1.274150,10.528506	1.347208,3.605053,1.640052	3.06686210632
18:31:10	1.358757,3.628795,1.644492	1.272631,3.481577,1.653815	0.335303,0.019160,10.940449	1.358757,3.628795,1.644492	3.06686210632
18:31:10	1.362482,3.653068,1.649862	1.209953,3.500847,1.633873	1.032253,0.876577,10.267449	1.362482,3.653068,1.649862	3.08269786835
18:31:10	1.355563,3.675932,1.655837	1.215339,3.522862,1.614932	0.237107,0.167651,9.939331	1.355563,3.675932,1.655837	3.07741928101
18:31:10	1.338824,3.695992,1.659839	1.299507,3.488067,1.613411	0.323328,-0.198787,9.774075	1.338824,3.695992,1.659839	3.08269786835
18:31:10	1.314234,3.714087,1.661651	1.243445,3.545425,1.570312	0.055085,0.423918,9.891431	1.314234,3.714087,1.661651	3.08797645569
18:31:10	1.287626,3.730375,1.659792	1.232362,3.569026,1.669071	0.522114,0.105381,10.018367	1.287626,3.730375,1.659792	3.08269786835
18:31:11	1.261552,3.746207,1.659670	1.312530,3.535296,1.671505	0.644260,0.165256,10.547666	1.261552,3.746207,1.659670	3.07741928101
18:31:11	1.237770,3.763022,1.660498	1.316396,3.569766,1.572363	0.352068,0.277822,9.635164	1.237770,3.763022,1.660498	3.07741928101
18:31:11	1.221156,3.781466,1.655232	1.348059,3.601685,1.675276	0.002395,0.529299,10.320139	1.221156,3.781466,1.655232	3.06158351898
18:31:11	1.214980,3.803231,1.649035	1.354814,3.639281,1.603419	0.342488,0.126936,9.891431	1.214980,3.803231,1.649035	3.06686210632
18:31:11	1.217318,3.829173,1.638666	1.305915,3.629385,1.635257	0.423918,0.589175,10.195598	1.217318,3.829173,1.638666	3.05630493164
18:31:11	1.229270,3.857070,1.631924	1.262774,3.639017,1.661759	0.146096,-0.062271,10.971584	1.229270,3.857070,1.631924	3.05630493164
18:31:11	1.245356,3.883742,1.631756	1.241861,3.662317,1.659859	0.189207,0.905317,10.401570	1.245356,3.883742,1.631756	3.06686210632
18:31:11	1.260231,3.906202,1.635023	1.258515,3.688386,1.651272	0.629890,0.366438,10.279424	1.260231,3.906202,1.635023	3.07214069366
18:31:11	1.273294,3.922278,1.639598	1.274602,3.709942,1.618146	-0.028740,0.179626,10.207573	1.273294,3.922278,1.639598	3.06158351898
18:31:11	1.284406,3.931785,1.641822	1.220455,3.732171,1.649412	0.479004,5.489385,10.468630	1.284406,3.931785,1.641822	3.06158351898
18:31:12	1.292177,3.934489,1.646061	1.279157,3.732761,1.643337	0.366438,2.014211,10.305769	1.292177,3.934489,1.646061	3.07214069366
18:31:12	1.294120,3.930835,1.651510	1.280884,3.734724,1.639576	0.222737,0.019160,10.418335	1.294120,3.930835,1.651510	3.07214069366
18:31:12	1.292745,3.922803,1.656686	1.282737,3.730270,1.637385	-0.064666,0.488584,10.011182	1.292745,3.922803,1.656686	3.08269786835
18:31:12	1.288199,3.912021,1.660030	1.209314,3.814045,1.581825	0.581990,0.004790,10.015972	1.288199,3.912021,1.660030	3.08269786835
18:31:12	1.280565,3.900412,1.657826	1.215832,3.728658,1.572459	0.268242,0.095801,10.068662	1.280565,3.900412,1.657826	3.08269786835
18:31:12	1.268011,3.890462,1.651963	1.281607,3.709831,1.525918	0.234712,0.541274,10.030342	1.268011,3.890462,1.651963	3.07741928101
18:31:12	1.251313,3.883712,1.642675	1.304364,3.917707,1.610451	0.603545,0.359253,10.281819	1.251313,3.883712,1.642675	3.07741928101
18:31:12	1.233539,3.883963,1.636779	1.330491,3.823220,1.649646	1.132844,7.585027,10.760823	1.233539,3.883963,1.636779	3.07741928101
18:31:12	1.216756,3.895604,1.634055	1.306031,3.715944,1.671880	0.261057,0.593965,10.600356	1.216756,3.895604,1.634055	3.07741928101
18:31:12	1.206113,3.917414,1.634611	1.375210,3.802928,1.779477	-0.229922,-0.146096,11.163186	1.206113,3.917414,1.634611	3.06686210632
18:31:13	1.201914,3.947040,1.637981	1.299974,3.746140,1.661700	0.047900,0.507744,9.529783	1.201914,3.947040,1.637981	3.05630493164
18:31:13	1.205687,3.982575,1.632146	1.284069,3.770997,1.606874	0.313748,-0.165256,10.032737	1.205687,3.982575,1.632146	3.06158351898
18:31:13	1.215709,4.019159,1.622616	1.263301,3.796832,1.618971	-0.263452,0.447869,10.605146	1.215709,4.019159,1.622616	3.04574775696
18:31:13	1.227322,4.052516,1.618086	1.241467,3.827868,1.667348	0.146096,0.399968,10.442285	1.227322,4.052516,1.618086	3.06158351898
18:31:13	1.235067,4.080459,1.619509	1.267528,3.861546,1.625365	0.328118,0.589175,10.073452	1.235067,4.080459,1.619509	3.06686210632
18:31:13	1.236419,4.102400,1.619119	1.262745,3.886384,1.623777	-0.368833,0.196392,10.468630	1.236419,4.102400,1.619119	3.06686210632
18:31:13	1.232954,4.117438,1.619716	1.258744,3.906662,1.623120	-0.014370,0.249082,10.444680	1.232954,4.117438,1.619716	3.06686210632
18:31:13	1.225655,4.126210,1.622085	1.253731,3.920575,1.622717	0.502954,0.114961,10.336904	1.225655,4.126210,1.622085	3.07214069366
18:31:13	1.215833,4.129850,1.624538	1.254961,3.929597,1.606697	1.178350,1.288521,10.317744	1.215833,4.129850,1.624538	3.07741928101
18:31:13	1.206054,4.129275,1.626166	1.247295,3.932969,1.607951	0.459844,0.344883,10.176438	1.206054,4.129275,1.626166	3.07214069366
18:31:14	1.197635,4.125601,1.629191	1.245659,3.933104,1.618452	1.808240,2.636917,10.176438	1.197635,4.125601,1.629191	3.08269786835
18:31:14	1.191387,4.120296,1.634614	1.255679,3.933928,1.616911	3.000959,1.781895,10.619517	1.191387,4.120296,1.634614	3.08269786835
18:31:14	1.189153,4.114607,1.640979	1.246266,3.927447,1.615391	0.699346,1.027463,10.375225	1.189153,4.114607,1.640979	3.08269786835
18:31:14	1.190664,4.110085,1.646932	1.239134,3.920527,1.615240	-0.007185,0.565225,10.514136	1.190664,4.110085,1.646932	3.08269786835
18:31:14	1.195104,4.107199,1.653180	1.246166,3.917863,1.617055	1.896855,1.334026,10.310559	1.195104,4.107199,1.653180	3.08269786835
18:31:14	1.201871,4.106082,1.659337	1.242837,3.913368,1.619383	2.023792,1.820215,10.698552	1.201871,4.106082,1.659337	3.08269786835
18:31:14	1.210914,4.105413,1.665870	1.242105,3.910741,1.622560	2.023792,1.820215,10.698552	1.210914,4.105413,1.665870	3.08269786835
18:31:14	1.220520,4.103710,1.673308	1.243669,3.908719,1.626342	0.225132,0.735271,10.504556	1.220520,4.103710,1.673308	3.08269786835
18:31:14	1.229499,4.101411,1.680367	1.254852,3.908300,1.614319	0.479004,0.531694,10.298584	1.229499,4.101411,1.680367	3.08269786835
18:31:14	1.237081,4.098554,1.685869	1.257842,3.905212,1.620108	0.292192,0.500559,10.514136	1.237081,4.098554,1.685869	3.08797645569
18:31:15	1.242687,4.094844,1.691154	1.262488,3.902215,1.620903	0.706531,0.670605,10.437495	1.242687,4.094844,1.691154	3.08797645569
18:31:15	1.246366,4.090127,1.696445	1.265095,3.898662,1.621654	3.365002,5.822292,10.200388	1.246366,4.090127,1.696445	3.08797645569
18:31:15	1.248031,4.084392,1.701262	1.267956,3.893939,1.622000	0.955613,0.843047,10.447075	1.248031,4.084392,1.701262	3.08797645569
18:31:15	1.248090,4.078154,1.705434	1.275904,3.888893,1.625520	0.277822,0.378413,10.281819	1.248090,4.078154,1.705434	3.08797645569
18:31:15	1.247447,4.072793,1.708902	1.276092,3.883182,1.625672	-0.067061,0.141306,10.427915	1.247447,4.072793,1.708902	3.08797645569
18:31:15	1.246851,4.069397,1.711336	1.275926,3.878571,1.625718	0.294587,1.729204,9.898616	1.246851,4.069397,1.711336	3.08797645569
18:31:15	1.246717,4.067119,1.713266	1.275681,3.875779,1.625798	0.148491,0.589175,10.399175	1.246717,4.067119,1.713266	3.08269786835
18:31:15	1.247217,4.065189,1.715227	1.275775,3.873818,1.625912	1.199905,0.943638,10.351274	1.247217,4.065189,1.715227	3.08797645569
18:31:15	1.248275,4.062508,1.717262	1.276387,3.871885,1.625993	0.021555,0.227527,10.600356	1.248275,4.062508,1.717262	3.08797645569
18:31:15	1.253637,4.059008,1.718359	1.278016,3.869255,1.625890	0.359253,0.577200,10.624307	1.253637,4.059008,1.718359	3.08797645569
18:31:16	1.258895,4.054973,1.716282	1.227090,4.137422,1.355136	0.033530,1.238225,9.072334	1.258895,4.054973,1.716282	3.08797645569
18:31:16	1.263498,4.052126,1.701284	1.260077,4.066979,1.315389	0.354463,0.299377,9.410032	1.263498,4.052126,1.701284	3.08797645569
18:31:16	1.262289,4.057940,1.676702	1.254297,3.973030,1.330855	0.102986,0.059875,10.356064	1.262289,4.057940,1.676702	3.08269786835
18:31:16	1.250628,4.078184,1.648873	1.258884,3.889727,1.463323	0.081431,-0.045505,10.667417	1.250628,4.078184,1.648873	3.09325504303
18:31:16	1.230021,4.110212,1.623928	1.264633,3.885711,1.585333	0.435894,1.441802,10.269844	1.230021,4.110212,1.623928	3.08269786835
18:31:16	1.206237,4.149352,1.605469	1.257067,3.918717,1.625120	0.435894,0.455054,10.784773	1.206237,4.149352,1.605469	3.06686210632
18:31:16	1.183946,4.195592,1.594670	1.240514,3.960452,1.629356	0.689766,2.184258,10.676997	1.183946,4.195592,1.594670	3.06158351898
18:31:16	1.163264,4.250740,1.586390	1.230360,4.011172,1.623145	-0.464634,0.261057,10.823093	1.163264,4.250740,1.586390	3.08797645569
18:31:16	1.145481,4.312979,1.579535	1.227771,4.097487,1.772121	1.978286,2.098037,10.859019	1.145481,4.312979,1.579535	3.07741928101
18:31:16	1.132117,4.380040,1.577016	1.202824,4.147941,1.726375	0.380808,1.106499,9.960886	1.132117,4.380040,1.577016	3.04574775696
18:31:17	1.123728,4.449697,1.570623	1.183024,4.208024,1.695495	0.328118,0.179626,9.707014	1.123728,4.449697,1.570623	3.06686210632
18:31:17	1.118480,4.518169,1.563997	1.171754,4.275192,1.679064	0.332908,-0.457449,10.588381	1.118480,4.518169,1.563997	3.0510263443
18:31:17	1.116365,4.582330,1.558705	1.163474,4.341198,1.665088	0.026345,0.100591,10.454260	1.116365,4.582330,1.558705	3.0510263443
18:31:17	1.117020,4.640578,1.554796	1.158103,4.402813,1.653878	1.149609,3.573369,10.705737	1.117020,4.640578,1.554796	3.04574775696
18:31:17	1.116782,4.692659,1.551201	1.155177,4.458922,1.644744	0.196392,0.301772,10.049502	1.116782,4.692659,1.551201	3.06158351898
18:31:17	1.115060,4.738797,1.549798	1.151737,4.509089,1.638081	0.320933,0.105381,10.351274	1.115060,4.738797,1.549798	3.0510263443
18:31:17	1.111883,4.781494,1.549011	1.149305,4.553308,1.632363	-0.052690,0.419128,10.384805	1.111883,4.781494,1.549011	3.08269786835
18:31:17	1.107548,4.821869,1.548547	1.145102,4.595443,1.628141	0.047900,0.131726,10.554851	1.107548,4.821869,1.548547	3.06158351898
18:31:17	1.102411,4.857635,1.550747	1.138950,4.634846,1.624650	0.452659,2.035767,10.202783	1.102411,4.857635,1.550747	3.07214069366
18:31:17	1.097860,4.889069,1.557235	1.134991,4.669446,1.624026	0.134121,0.368833,10.391990	1.097860,4.889069,1.557235	3.06158351898
18:31:18	1.093243,4.917708,1.561967	1.130168,4.699526,1.624958	0.023950,0.728086,10.566826	1.093243,4.917708,1.561967	3.08269786835
18:31:18	1.088473,4.945979,1.568772	1.125665,4.727928,1.626453	0.045505,0.352068,10.710527	1.088473,4.945979,1.568772	3.09853363037
18:31:18	1.082439,4.974720,1.574766	1.119771,4.755520,1.628858	-0.397573,0.593965,10.300979	1.082439,4.974720,1.574766	3.07214069366
18:31:18	1.076941,5.005886,1.582344	1.115097,4.784501,1.631170	0.177231,0.390388,10.336904	1.076941,5.005886,1.582344	3.06158351898
18:31:18	1.070547,5.041469,1.589669	1.109531,4.815941,1.634484	0.546064,0.016765,9.994417	1.070547,5.041469,1.589669	3.07741928101
18:31:18	1.064436,5.078043,1.595964	1.103011,4.852186,1.637580	1.130449,0.035925,10.346484	1.064436,5.078043,1.595964	3.08269786835
18:31:18	1.057784,5.119732,1.603370	1.096288,4.892451,1.640466	-0.067061,0.299377,10.763218	1.057784,5.119732,1.603370	3.08269786835
18:31:18	1.057784,5.119732,1.603370	1.091405,4.923584,1.643150	0.047900,-0.091011,10.485396	1.057784,5.119732,1.603370	3.07214069366
18:31:18	1.057784,5.119732,1.603370	1.091405,4.923584,1.643150	0.062271,1.128054,10.569221	1.057784,5.119732,1.603370	3.07741928101
18:31:18	1.057784,5.119732,1.603370	1.091405,4.923584,1.643150	0.653840,1.738784,10.447075	1.057784,5.119732,1.603370	3.07214069366
18:31:19	1.057784,5.119732,1.603370	1.091405,4.923584,1.643150	0.273032,0.665815,10.406360	1.057784,5.119732,1.603370	3.07214069366
18:31:19	1.057784,5.119732,1.603370	1.091405,4.923584,1.643150	0.246687,-0.229922,10.674602	1.057784,5.119732,1.603370	3.07214069366
18:31:19	1.057784,5.119732,1.603370	1.091405,4.923584,1.643150	0.965193,1.211880,10.353669	1.057784,5.119732,1.603370	3.07214069366
18:31:19	1.057784,5.119732,1.603370	1.091405,4.923584,1.643150	0.193997,-0.098196,10.375225	1.057784,5.119732,1.603370	3.07214069366
18:31:19	1.057784,5.119732,1.603370	1.091405,4.923584,1.643150	0.258662,1.161584,10.049502	1.057784,5.119732,1.603370	3.07214069366
18:31:19	1.057784,5.119732,1.603370	1.091405,4.923584,1.643150	0.395178,-0.320933,10.413545	1.057784,5.119732,1.603370	3.07214069366
18:31:19	1.057784,5.119732,1.603370	1.091405,4.923584,1.643150	0.488584,1.266965,10.289004	1.057784,5.119732,1.603370	3.07214069366
18:31:19	1.057784,5.119732,1.603370	1.091405,4.923584,1.643150	0.574805,1.528022,10.669812	1.057784,5.119732,1.603370	3.07214069366
18:31:19	1.057784,5.119732,1.603370	1.091405,4.923584,1.643150	0.809517,0.390388,10.296189	1.057784,5.119732,1.603370	3.07214069366
18:31:19	1.057784,5.119732,1.603370	1.091405,4.923584,1.643150	0.182021,0.347278,10.768008	1.057784,5.119732,1.603370	3.07214069366
18:31:20	1.057784,5.119732,1.603370	1.091405,4.923584,1.643150	0.479004,0.143701,10.401570	1.057784,5.119732,1.603370	3.07214069366
18:31:20	1.057784,5.119732,1.603370	1.091405,4.923584,1.643150	0.342488,0.543669,10.471025	1.057784,5.119732,1.603370	3.07214069366
18:31:20	1.057784,5.119732,1.603370	1.091405,4.923584,1.643150	0.059875,0.356858,10.518926	1.057784,5.119732,1.603370	3.06686210632
18:31:20	1.057784,5.119732,1.603370	1.091405,4.923584,1.643150	0.285007,0.244292,10.550061	1.057784,5.119732,1.603370	3.06686210632
18:31:20	1.057784,5.119732,1.603370	1.091405,4.923584,1.643150	2.076482,2.847678,10.202783	1.057784,5.119732,1.603370	3.07214069366
18:31:20	1.057784,5.119732,1.603370	1.091405,4.923584,1.643150	0.203577,0.989143,10.382410	1.057784,5.119732,1.603370	3.06686210632
18:31:20	1.057784,5.119732,1.603370	1.091405,4.923584,1.643150	0.653840,1.010698,9.896221	1.057784,5.119732,1.603370	3.07214069366
18:31:20	1.057784,5.119732,1.603370	1.080861,4.921121,1.594172	0.910107,2.169888,10.080637	1.057784,5.119732,1.603370	3.06686210632
18:31:20	1.057784,5.119732,1.603370	1.199989,4.981835,1.548153	0.380808,0.414338,9.831555	1.057784,5.119732,1.603370	3.07214069366
18:31:20	1.057784,5.119732,1.603370	1.199989,4.981835,1.548153	0.055085,0.431104,10.183623	1.057784,5.119732,1.603370	3.06686210632
18:31:21	1.057784,5.119732,1.603370	1.199989,4.981835,1.548153	0.296982,1.836980,10.380015	1.057784,5.119732,1.603370	3.07741928101
18:31:21	1.057784,5.119732,1.603370	1.199989,4.981835,1.548153	-0.124541,1.367556,10.181228	1.057784,5.119732,1.603370	3.07741928101
18:31:21	1.057784,5.119732,1.603370	1.199989,4.981835,1.548153	-0.031135,1.089734,10.348879	1.057784,5.119732,1.603370	3.07741928101
18:31:21	1.057784,5.119732,1.603370	1.199989,4.981835,1.548153	0.265847,0.335303,10.138118	1.057784,5.119732,1.603370	3.07741928101
18:31:21	1.057784,5.119732,1.603370	1.199989,4.981835,1.548153	0.193997,0.907712,10.229128	1.057784,5.119732,1.603370	3.08269786835
18:31:21	1.057784,5.119732,1.603370	1.199989,4.981835,1.548153	0.150886,0.744851,10.099797	1.057784,5.119732,1.603370	3.07741928101
18:31:21	1.057784,5.119732,1.603370	1.199989,4.981835,1.548153	0.428708,0.998723,10.245894	1.057784,5.119732,1.603370	3.08269786835
18:31:21	1.057784,5.119732,1.603370	1.199989,4.981835,1.548153	-0.107776,0.201182,10.305769	1.057784,5.119732,1.603370	3.07741928101
18:31:21	1.057784,5.119732,1.603370	1.199989,4.981835,1.548153	-0.021555,0.067061,10.389595	1.057784,5.119732,1.603370	3.08269786835
18:31:21	1.057784,5.119732,1.603370	1.199989,4.981835,1.548153	0.114961,0.210762,10.346484	1.057784,5.119732,1.603370	3.08269786835
18:31:22	1.057784,5.119732,1.603370	1.199989,4.981835,1.548153	0.584385,1.769919,10.097402	1.057784,5.119732,1.603370	3.08269786835
18:31:22	1.057784,5.119732,1.603370	1.199989,4.981835,1.548153	0.807122,3.039280,10.351274	1.057784,5.119732,1.603370	3.08269786835
18:31:22	1.057784,5.119732,1.603370	1.199989,4.981835,1.548153	0.007185,0.352068,10.494976	1.057784,5.119732,1.603370	3.08269786835
18:31:22	1.057784,5.119732,1.603370	1.199989,4.981835,1.548153	0.421523,0.732876,10.015972	1.057784,5.119732,1.603370	3.08269786835
18:31:22	1.057784,5.119732,1.603370	1.199989,4.981835,1.548153	0.807122,4.790039,10.224338	1.057784,5.119732,1.603370	3.08269786835
18:31:22	1.057784,5.119732,1.603370	1.199989,4.981835,1.548153	0.232317,0.043110,10.159673	1.057784,5.119732,1.603370	3.08269786835
18:31:22	1.057784,5.119732,1.603370	1.199989,4.981835,1.548153	-2.320774,-0.819097,9.443562	1.057784,5.119732,1.603370	3.08269786835
18:31:22	1.057784,5.119732,1.603370	1.199989,4.981835,1.548153	0.038320,0.649050,8.983718	1.057784,5.119732,1.603370	3.15659809113
18:31:22	1.057784,5.119732,1.603370	1.199989,4.981835,1.548153	0.435894,0.740061,8.559800	1.057784,5.119732,1.603370	3.16187667847
18:31:22	1.057784,5.119732,1.603370	1.199989,4.981835,1.548153	0.265847,0.455054,8.971743	1.057784,5.119732,1.603370	3.14604091644
18:31:23	1.057784,5.119732,1.603370	1.199989,4.981835,1.548153	0.052690,0.076641,9.335786	1.057784,5.119732,1.603370	3.13548374176
18:31:23	1.057784,5.119732,1.603370	1.199989,4.981835,1.548153	0.510139,0.256267,9.807605	1.057784,5.119732,1.603370	3.11964797974
18:31:23	1.057784,5.119732,1.603370	1.199989,4.981835,1.548153	0.138911,-0.002395,10.250684	1.057784,5.119732,1.603370	3.09853363037
18:31:23	1.057784,5.119732,1.603370	1.199989,4.981835,1.548153	1.128054,-1.276545,10.657837	1.057784,5.119732,1.603370	3.07214069366
18:31:23	1.057784,5.119732,1.603370	1.199989,4.981835,1.548153	-0.035925,0.368833,10.540481	1.057784,5.119732,1.603370	3.07214069366
18:31:23	1.057784,5.119732,1.603370	1.199989,4.981835,1.548153	0.062271,-0.081431,10.372830	1.057784,5.119732,1.603370	3.08797645569
18:31:23	1.057784,5.119732,1.603370	1.199989,4.981835,1.548153	0.407153,0.814307,9.898616	1.057784,5.119732,1.603370	3.08797645569
18:31:23	1.057784,5.119732,1.603370	1.199989,4.981835,1.548153	-14.427598,-9.287886,12.741504	1.057784,5.119732,1.603370	3.08797645569
18:31:23	1.057784,5.119732,1.603370	1.199989,4.981835,1.548153	-0.694556,-0.816702,9.757310	1.057784,5.119732,1.603370	3.12492656708
18:31:23	1.057784,5.119732,1.603370	1.199989,4.981835,1.548153	0.220342,0.428708,9.778865	1.057784,5.119732,1.603370	3.1143693924
18:31:24	1.057784,5.119732,1.603370	1.199989,4.981835,1.548153	1.010698,0.148491,9.975256	1.057784,5.119732,1.603370	3.11964797974
18:31:24	1.057784,5.119732,1.603370	1.199989,4.981835,1.548153	0.445474,1.319656,9.457932	1.057784,5.119732,1.603370	3.1143693924
18:31:24	1.057784,5.119732,1.603370	1.199989,4.981835,1.548153	0.570015,-0.222737,10.710527	1.057784,5.119732,1.603370	3.07214069366
18:31:24	1.057784,5.119732,1.603370	1.199989,4.981835,1.548153	0.804727,0.802332,10.641072	1.057784,5.119732,1.603370	3.07214069366
18:31:24	1.057784,5.119732,1.603370	1.199989,4.981835,1.548153	0.421523,0.450264,10.209968	1.057784,5.119732,1.603370	3.07214069366
18:31:24	1.057784,5.119732,1.603370	1.199989,4.981835,1.548153	0.510139,-0.265847,10.332114	1.057784,5.119732,1.603370	3.09325504303
18:31:24	1.057784,5.119732,1.603370	1.199989,4.981835,1.548153	1.393901,2.198628,10.063872	1.057784,5.119732,1.603370	3.09325504303
18:31:24	1.057784,5.119732,1.603370	1.199989,4.981835,1.548153	0.213157,0.684976,10.097402	1.057784,5.119732,1.603370	3.09325504303
18:31:24	1.057784,5.119732,1.603370	1.199989,4.981835,1.548153	0.364043,1.099314,10.439890	1.057784,5.119732,1.603370	3.09853363037
18:31:24	1.057784,5.119732,1.603370	1.199989,4.981835,1.548153	-0.019160,0.186812,10.456655	1.057784,5.119732,1.603370	3.09853363037
18:31:25	1.057784,5.119732,1.603370	1.199989,4.981835,1.548153	-0.059875,0.320933,10.411150	1.057784,5.119732,1.603370	3.09325504303
18:31:25	1.057784,5.119732,1.603370	1.199989,4.981835,1.548153	-0.273032,-0.663420,10.952424	1.057784,5.119732,1.603370	3.08797645569
18:31:25	1.057784,5.119732,1.603370	1.199989,4.981835,1.548153	0.227527,0.019160,9.783655	1.057784,5.119732,1.603370	3.07741928101
18:31:25	1.057784,5.119732,1.603370	1.199989,4.981835,1.548153	-0.402363,-0.011975,10.315349	1.057784,5.119732,1.603370	3.08797645569
18:31:25	1.057784,5.119732,1.603370	1.199989,4.981835,1.548153	-1.044229,-0.203577,10.245894	1.057784,5.119732,1.603370	3.08797645569
18:31:25	1.057784,5.119732,1.603370	1.199989,4.981835,1.548153	0.126936,-0.074246,10.095007	1.057784,5.119732,1.603370	3.07741928101
18:31:25	1.057784,5.119732,1.603370	1.199989,4.981835,1.548153	0.953218,1.104104,10.233918	1.057784,5.119732,1.603370	3.09853363037
18:31:25	1.057784,5.119732,1.603370	1.199989,4.981835,1.548153	1.027463,1.202300,9.726174	1.057784,5.119732,1.603370	3.09853363037
18:31:25	1.057784,5.119732,1.603370	1.199989,4.981835,1.548153	5.101392,4.605623,13.160632	1.057784,5.119732,1.603370	3.08797645569
18:31:25	1.057784,5.119732,1.603370	1.199989,4.981835,1.548153	1.161584,1.614243,10.399175	1.057784,5.119732,1.603370	3.07741928101
18:31:26	1.057784,5.119732,1.603370	1.199989,4.981835,1.548153	0.857417,0.452659,9.982441	1.057784,5.119732,1.603370	3.08797645569
18:31:26	1.057784,5.119732,1.603370	1.171532,5.009431,1.558872	1.096919,0.713716,10.152488	1.057784,5.119732,1.603370	3.08797645569
18:31:26	1.057784,5.119732,1.603370	1.171532,5.009431,1.558872	0.498164,0.919687,9.845925	1.057784,5.119732,1.603370	3.08797645569
18:31:26	1.057784,5.119732,1.603370	1.171532,5.009431,1.558872	0.210762,0.644260,7.194639	1.057784,5.119732,1.603370	3.59472155571
18:31:26	1.057784,5.119732,1.603370	1.171532,5.009431,1.558872	0.114961,0.692161,4.854705	1.057784,5.119732,1.603370	3.59472155571
18:31:26	1.057784,5.119732,1.603370	1.171532,5.009431,1.558872	0.114961,0.692161,4.854705	1.057784,5.119732,1.603370	3.59472155571
18:31:26	1.057784,5.119732,1.603370	1.171532,5.009431,1.558872	0.114961,0.692161,4.854705	1.057784,5.119732,1.603370	3.59472155571
18:31:26	1.057784,5.119732,1.603370	1.171532,5.009431,1.558872	0.114961,0.692161,4.854705	1.057784,5.119732,1.603370	3.59472155571
18:31:26	1.057784,5.119732,1.603370	1.171532,5.009431,1.558872	0.114961,0.692161,4.854705	1.057784,5.119732,1.603370	3.59472155571
18:31:26	1.057784,5.119732,1.603370	1.171532,5.009431,1.558872	0.114961,0.692161,4.854705	1.057784,5.119732,1.603370	3.59472155571
18:31:27	1.057784,5.119732,1.603370	1.171532,5.009431,1.558872	0.114961,0.692161,4.854705	1.057784,5.119732,1.603370	3.59472155571
18:31:27	1.057784,5.119732,1.603370	1.171532,5.009431,1.558872	0.114961,0.692161,4.854705	1.057784,5.119732,1.603370	3.59472155571
18:31:27	1.057784,5.119732,1.603370	1.171532,5.009431,1.558872	0.114961,0.692161,4.854705	1.057784,5.119732,1.603370	3.59472155571
18:31:27	1.057784,5.119732,1.603370	1.171532,5.009431,1.558872	0.114961,0.692161,4.854705	1.057784,5.119732,1.603370	3.59472155571
18:31:27	1.057784,5.119732,1.603370	1.171532,5.009431,1.558872	0.114961,0.692161,4.854705	1.057784,5.119732,1.603370	3.59472155571
18:31:27	1.057784,5.119732,1.603370	1.171532,5.009431,1.558872	0.114961,0.692161,4.854705	1.057784,5.119732,1.603370	3.59472155571
18:31:27	1.057784,5.119732,1.603370	1.171532,5.009431,1.558872	0.114961,0.692161,4.854705	1.057784,5.119732,1.603370	3.59472155571
18:31:27	1.057784,5.119732,1.603370	1.171532,5.009431,1.558872	0.114961,0.692161,4.854705	1.057784,5.119732,1.603370	3.59472155571
18:31:27	1.057784,5.119732,1.603370	1.171532,5.009431,1.558872	0.114961,0.692161,4.854705	1.057784,5.119732,1.603370	3.59472155571
18:31:27	1.057784,5.119732,1.603370	1.171532,5.009431,1.558872	0.114961,0.692161,4.854705	1.057784,5.119732,1.603370	3.59472155571
18:31:28	1.057784,5.119732,1.603370	1.171532,5.009431,1.558872	0.114961,0.692161,4.854705	1.057784,5.119732,1.603370	3.59472155571
18:31:28	1.057784,5.119732,1.603370	1.171532,5.009431,1.558872	0.114961,0.692161,4.854705	1.057784,5.119732,1.603370	3.59472155571
18:31:28	1.057784,5.119732,1.603370	1.171532,5.009431,1.558872	0.114961,0.692161,4.854705	1.057784,5.119732,1.603370	3.59472155571
18:31:28	1.057784,5.119732,1.603370	1.171532,5.009431,1.558872	0.114961,0.692161,4.854705	1.057784,5.119732,1.603370	3.59472155571
18:31:28	1.057784,5.119732,1.603370	1.171532,5.009431,1.558872	0.114961,0.692161,4.854705	1.057784,5.119732,1.603370	3.59472155571
18:31:28	1.057784,5.119732,1.603370	1.171532,5.009431,1.558872	0.114961,0.692161,4.854705	1.057784,5.119732,1.603370	3.59472155571
18:31:28	1.057784,5.119732,1.603370	1.171532,5.009431,1.558872	0.114961,0.692161,4.854705	1.057784,5.119732,1.603370	3.59472155571
18:31:28	1.057784,5.119732,1.603370	1.171532,5.009431,1.558872	0.114961,0.692161,4.854705	1.057784,5.119732,1.603370	3.59472155571
18:31:28	1.057784,5.119732,1.603370	1.171532,5.009431,1.558872	0.114961,0.692161,4.854705	1.057784,5.119732,1.603370	3.59472155571
18:31:28	1.057784,5.119732,1.603370	1.171532,5.009431,1.558872	0.114961,0.692161,4.854705	1.057784,5.119732,1.603370	3.59472155571
18:31:29	1.057784,5.119732,1.603370	1.171532,5.009431,1.558872	0.114961,0.692161,4.854705	1.057784,5.119732,1.603370	3.59472155571
18:31:29	1.057784,5.119732,1.603370	1.171532,5.009431,1.558872	0.114961,0.692161,4.854705	1.057784,5.119732,1.603370	3.59472155571
18:31:29	1.057784,5.119732,1.603370	1.171532,5.009431,1.558872	0.114961,0.692161,4.854705	1.057784,5.119732,1.603370	3.59472155571
18:31:29	1.057784,5.119732,1.603370	1.171532,5.009431,1.558872	0.114961,0.692161,4.854705	1.057784,5.119732,1.603370	3.59472155571
18:31:29	1.057784,5.119732,1.603370	1.171532,5.009431,1.558872	0.114961,0.692161,4.854705	1.057784,5.119732,1.603370	3.59472155571
18:31:29	1.057784,5.119732,1.603370	1.171532,5.009431,1.558872	0.114961,0.692161,4.854705	1.057784,5.119732,1.603370	3.59472155571
18:31:29	1.057784,5.119732,1.603370	1.171532,5.009431,1.558872	0.114961,0.692161,4.854705	1.057784,5.119732,1.603370	3.59472155571
18:31:29	1.057784,5.119732,1.603370	1.171532,5.009431,1.558872	0.114961,0.692161,4.854705	1.057784,5.119732,1.603370	3.59472155571
18:31:29	1.057784,5.119732,1.603370	1.171532,5.009431,1.558872	0.114961,0.692161,4.854705	1.057784,5.119732,1.603370	3.59472155571
18:31:29	1.057784,5.119732,1.603370	1.171532,5.009431,1.558872	0.114961,0.692161,4.854705	1.057784,5.119732,1.603370	3.59472155571
18:31:30	1.057784,5.119732,1.603370	1.171532,5.009431,1.558872	0.114961,0.692161,4.854705	1.057784,5.119732,1.603370	3.59472155571
18:31:30	1.057784,5.119732,1.603370	1.171532,5.009431,1.558872	0.114961,0.692161,4.854705	1.057784,5.119732,1.603370	3.59472155571
18:31:30	1.057784,5.119732,1.603370	1.171532,5.009431,1.558872	0.114961,0.692161,4.854705	1.057784,5.119732,1.603370	3.59472155571
18:31:30	1.057784,5.119732,1.603370	1.171532,5.009431,1.558872	0.114961,0.692161,4.854705	1.057784,5.119732,1.603370	3.59472155571
18:31:30	1.057784,5.119732,1.603370	1.171532,5.009431,1.558872	0.114961,0.692161,4.854705	1.057784,5.119732,1.603370	3.59472155571
18:31:30	1.057784,5.119732,1.603370	1.171532,5.009431,1.558872	0.114961,0.692161,4.854705	1.057784,5.119732,1.603370	3.59472155571
18:31:30	1.057784,5.119732,1.603370	1.171532,5.009431,1.558872	0.114961,0.692161,4.854705	1.057784,5.119732,1.603370	3.59472155571
18:31:30	1.057784,5.119732,1.603370	1.171532,5.009431,1.558872	0.114961,0.692161,4.854705	1.057784,5.119732,1.603370	3.59472155571
