# Flight Log 
# 25 08 17 - 18:34:05
Time		X,Y,Z				goalX,goalY,goalZ		ddx,ddy,ddz			angularx,angulary,angularz	battery
18:34:05	0.000000,0.000000,0.000000	0.000000,0.000000,0.000000	0.000000,0.000000,0.000000	0.000000,0.000000,0.000000	0
18:34:05	0.000000,0.000000,0.000000	0.000000,0.000000,0.000000	0.000000,0.000000,0.000000	0.000000,0.000000,0.000000	0
18:34:06	0.694110,0.818474,0.409744	0.767498,0.884932,0.378757	-0.136516,0.119751,10.293794	0.694110,0.818474,0.409744	3.94310855865
18:34:06	0.694160,0.818453,0.409672	0.767495,0.884923,0.378726	-0.131726,0.124541,10.303374	0.694160,0.818453,0.409672	3.94310855865
18:34:06	0.694222,0.818417,0.409689	0.767520,0.884921,0.378639	-0.126936,0.124541,10.277029	0.694222,0.818417,0.409689	3.94310855865
18:34:06	0.694179,0.818461,0.409667	0.767498,0.884922,0.378729	-0.126936,0.122146,10.298584	0.694179,0.818461,0.409667	3.94310855865
18:34:06	0.694163,0.818455,0.409667	0.767486,0.884930,0.378762	-0.134121,0.117356,10.303374	0.694163,0.818455,0.409667	3.94310855865
18:34:06	0.694192,0.818442,0.409630	0.767504,0.884925,0.378677	-0.129331,0.122146,10.291399	0.694192,0.818442,0.409630	3.94310855865
18:34:06	0.694183,0.818438,0.409717	0.767514,0.884923,0.378627	-0.126936,0.131726,10.298584	0.694183,0.818438,0.409717	3.93782997131
18:34:06	0.694160,0.818455,0.409670	0.767535,0.884923,0.378616	-0.136516,0.126936,10.298584	0.694160,0.818455,0.409670	3.94310855865
18:34:06	0.694145,0.818440,0.409755	0.767507,0.884919,0.378678	-0.129331,0.124541,10.291399	0.694145,0.818440,0.409755	3.94310855865
18:34:06	0.694123,0.818459,0.409685	0.767520,0.884922,0.378704	-0.141306,0.126936,10.300979	0.694123,0.818459,0.409685	3.94310855865
18:34:07	0.694156,0.818467,0.409657	0.767500,0.884930,0.378595	-0.129331,0.129331,10.293794	0.694156,0.818467,0.409657	3.94310855865
18:34:07	0.694114,0.818436,0.409725	0.767511,0.884915,0.378643	-0.143701,0.052690,10.303374	0.694114,0.818436,0.409725	3.8744866848
18:34:07	0.694117,0.818482,0.409690	0.767555,0.884912,0.378710	-0.141306,0.177231,10.293794	0.694117,0.818482,0.409690	3.86920809746
18:34:07	0.694127,0.818481,0.409673	0.767549,0.884913,0.378694	-0.158071,0.174836,10.332114	0.694127,0.818481,0.409673	3.85865092278
18:34:07	0.694179,0.818456,0.409611	0.767514,0.884920,0.378763	-0.093406,0.112566,10.310559	0.694179,0.818456,0.409611	3.85337233543
18:34:07	0.694196,0.818423,0.409726	0.767520,0.884917,0.378712	-0.076641,0.093406,10.442285	0.694196,0.818423,0.409726	3.84809374809
18:34:07	0.694151,0.818432,0.409694	0.767536,0.884911,0.378719	-0.148491,0.050295,10.241104	0.694151,0.818432,0.409694	3.84281516075
18:34:07	0.694139,0.818446,0.409685	0.767484,0.884949,0.378561	-0.172441,0.126936,10.157278	0.694139,0.818446,0.409685	3.83753657341
18:34:07	0.694156,0.818460,0.409624	0.767511,0.884931,0.378719	-0.110171,0.112566,10.212363	0.694156,0.818460,0.409624	3.83753657341
18:34:07	0.694140,0.818455,0.409656	0.767493,0.884915,0.378873	-0.071851,0.167651,10.164463	0.694140,0.818455,0.409656	3.81642222404
18:34:08	0.694151,0.818429,0.409609	0.767509,0.884923,0.378705	-0.174836,0.141306,10.145303	0.694151,0.818429,0.409609	3.8111436367
18:34:08	0.694156,0.818425,0.409628	0.767510,0.884939,0.378846	-0.114961,0.074246,10.351274	0.694156,0.818425,0.409628	3.80586504936
18:34:08	0.694067,0.818445,0.409630	0.767506,0.884962,0.378765	-0.105381,0.055085,10.231523	0.694067,0.818445,0.409630	3.79530787468
18:34:08	0.693303,0.818340,0.410353	0.767512,0.884952,0.378827	-0.114961,0.201182,10.178833	0.693303,0.818340,0.410353	3.79002928734
18:34:08	0.693325,0.818252,0.410272	0.768047,0.884989,0.377264	-0.126936,0.198787,10.229128	0.693325,0.818252,0.410272	3.77947211266
18:34:08	0.693412,0.818088,0.410161	0.768040,0.885068,0.441179	-0.057480,0.088616,10.411150	0.693412,0.818088,0.410161	3.77419352531
18:34:08	0.693651,0.817745,0.410203	0.767902,0.885183,0.441504	-0.191602,0.136516,10.241104	0.693651,0.817745,0.410203	3.76363635063
18:34:08	0.693862,0.817425,0.409862	0.768427,0.884813,0.440783	0.000000,0.301772,10.609937	0.693862,0.817425,0.409862	3.75307917595
18:34:08	0.693378,0.816801,0.409865	0.767746,0.885629,0.442241	-0.122146,0.117356,10.267449	0.693378,0.816801,0.409865	3.74780058861
18:34:08	0.693895,0.816260,0.409818	0.767709,0.886111,0.379057	-0.028740,0.239502,10.241104	0.693895,0.816260,0.409818	3.73724341393
18:34:09	0.692957,0.816122,0.410303	0.767748,0.886225,0.378539	-0.273032,0.110171,10.300979	0.692957,0.816122,0.410303	3.72668623924
18:34:09	0.692806,0.815054,0.410017	0.768137,0.886619,0.377849	-0.033530,0.349673,9.951306	0.692806,0.815054,0.410017	3.7214076519
18:34:09	0.693445,0.814067,0.409954	0.767487,0.887288,0.443740	-0.301772,0.105381,10.427915	0.693445,0.814067,0.409954	3.71085047722
18:34:09	0.694323,0.813187,0.409521	0.767641,0.887740,0.378844	-0.208367,0.052690,10.214758	0.694323,0.813187,0.409521	3.70029330254
18:34:09	0.694516,0.813107,0.409377	0.767409,0.888169,0.379153	-0.119751,-0.050295,10.356064	0.694516,0.813107,0.409377	3.68973612785
18:34:09	0.694993,0.813233,0.409623	0.767182,0.888085,0.379511	-0.002395,0.014370,10.329719	0.694993,0.813233,0.409623	3.67917895317
18:34:09	0.695787,0.812905,0.409861	0.766797,0.888045,0.378984	-0.241897,0.131726,10.260264	0.695787,0.812905,0.409861	3.66862177849
18:34:09	0.696948,0.812303,0.409941	0.766250,0.888490,0.378474	-0.273032,-0.505349,10.607542	0.696948,0.812303,0.409941	3.65806460381
18:34:09	0.698935,0.811585,0.409637	0.765742,0.888665,0.378233	-0.256267,-0.352068,10.269844	0.698935,0.811585,0.409637	3.64750742912
18:34:09	0.699570,0.811463,0.410626	0.764535,0.889193,0.379337	-0.301772,0.088616,10.193203	0.699570,0.811463,0.410626	3.63695025444
18:34:10	0.702501,0.811038,0.410001	0.763899,0.889167,0.376973	-0.165256,0.366438,10.236313	0.702501,0.811038,0.410001	3.62639307976
18:34:10	0.705460,0.811985,0.410037	0.761680,0.889303,0.443271	-0.004790,0.407153,10.490186	0.705460,0.811985,0.410037	3.61583590508
18:34:10	0.710746,0.813811,0.409417	0.759805,0.888547,0.378911	0.301772,0.119751,10.262659	0.710746,0.813811,0.409417	3.60000014305
18:34:10	0.716165,0.817138,0.409419	0.757138,0.887214,0.378367	0.045505,-0.071851,10.353669	0.716165,0.817138,0.409419	3.59472155571
18:34:10	0.724499,0.822012,0.411751	0.785732,0.885043,0.377081	0.186812,0.802332,10.262659	0.724499,0.822012,0.411751	3.57888579369
18:34:10	0.739490,0.829933,0.418176	0.779672,0.881790,0.434643	0.182021,0.522114,10.468630	0.739490,0.829933,0.418176	3.568328619
18:34:10	0.762453,0.842507,0.428900	0.770025,0.876439,0.417153	0.205972,0.059875,10.811118	0.762453,0.842507,0.428900	3.54721426964
18:34:10	0.798442,0.859550,0.440832	0.785971,0.900199,0.393048	0.052690,-0.038320,10.121353	0.798442,0.859550,0.440832	3.53665685654
18:34:10	0.844541,0.880355,0.453137	0.826023,0.889499,0.433696	-0.009580,0.167651,10.585986	0.844541,0.880355,0.453137	3.52082109451
18:34:10	0.892794,0.903323,0.466946	0.861823,0.908466,0.404384	-0.088616,-0.179626,10.128538	0.892794,0.903323,0.466946	3.49442815781
18:34:11	0.941312,0.927617,0.478515	0.896719,0.926491,0.438793	-0.227527,0.694556,10.597961	0.941312,0.927617,0.478515	3.48914957047
18:34:11	0.985497,0.954530,0.491599	0.964263,0.975508,0.476900	0.119751,0.232317,10.962004	0.985497,0.954530,0.491599	3.48387098312
18:34:11	1.021689,0.984297,0.509358	1.002646,0.990953,0.445594	-0.277822,0.141306,10.063872	1.021689,0.984297,0.509358	3.404692173
18:34:11	1.050903,1.017253,0.521892	1.046331,1.004637,0.471154	0.182021,-0.488584,9.709409	1.050903,1.017253,0.521892	3.51026391983
18:34:11	1.075438,1.051982,0.535015	1.093769,1.048500,0.508144	-0.050295,0.126936,10.636282	1.075438,1.051982,0.535015	3.51026391983
18:34:11	1.098287,1.087768,0.553713	1.111419,1.091520,0.476773	0.299377,0.227527,10.667417	1.098287,1.087768,0.553713	3.36246347427
18:34:11	1.121926,1.125388,0.567101	1.129352,1.101751,0.501761	0.308958,0.028740,10.071057	1.121926,1.125388,0.567101	3.62639307976
18:34:11	1.146404,1.163316,0.581870	1.147305,1.142982,0.537715	0.323328,0.368833,11.079360	1.146404,1.163316,0.581870	3.35718488693
18:34:11	1.173362,1.199760,0.602266	1.196258,1.184457,0.564829	0.462239,0.000000,10.466235	1.173362,1.199760,0.602266	3.51026391983
18:34:11	1.202628,1.234432,0.624444	1.211423,1.226809,0.583885	0.361648,0.876577,10.243499	1.202628,1.234432,0.624444	3.34662771225
18:34:12	1.230637,1.267510,0.648502	1.226123,1.270278,0.597263	-0.122146,0.514929,10.348879	1.230637,1.267510,0.648502	3.40997076035
18:34:12	1.258006,1.300487,0.670242	1.273177,1.282502,0.609766	0.308958,0.328118,10.001602	1.258006,1.300487,0.670242	3.47331380844
18:34:12	1.282620,1.333019,0.690527	1.289630,1.326789,0.624714	-0.019160,0.002395,10.444680	1.282620,1.333019,0.690527	3.44692087173
18:34:12	1.305321,1.364085,0.710205	1.307167,1.371483,0.644598	0.261057,0.359253,10.363250	1.305321,1.364085,0.710205	3.42580652237
18:34:12	1.325324,1.393589,0.726559	1.357611,1.384983,0.667816	-0.344883,0.059875,10.413545	1.325324,1.393589,0.726559	3.49970674515
18:34:12	1.341613,1.420006,0.744117	1.378475,1.431730,0.695471	0.261057,0.261057,10.439890	1.341613,1.420006,0.744117	3.38357782364
18:34:12	1.357352,1.445069,0.763908	1.400612,1.448237,0.720094	0.052690,-0.134121,10.209968	1.357352,1.445069,0.763908	3.49442815781
18:34:12	1.372440,1.471425,0.784791	1.391194,1.497128,0.740062	0.079036,0.091011,10.427915	1.372440,1.471425,0.784791	3.50498533249
18:34:12	1.386775,1.501162,0.809838	1.414408,1.512931,0.755789	-0.074246,-0.371228,10.181228	1.386775,1.501162,0.809838	3.404692173
18:34:12	1.400808,1.536214,0.832081	1.437786,1.526344,0.765229	0.198787,0.244292,10.312954	1.400808,1.536214,0.832081	3.51026391983
18:34:13	1.415790,1.574100,0.851234	1.461368,1.568691,0.782566	-0.086221,0.299377,10.353669	1.415790,1.574100,0.851234	3.48387098312
18:34:13	1.432408,1.613591,0.869297	1.452082,1.609689,0.805051	0.213157,-0.086221,10.255474	1.432408,1.613591,0.869297	3.49970674515
18:34:13	1.450385,1.654207,0.886271	1.473830,1.649805,0.829700	0.184417,0.847837,10.442285	1.450385,1.654207,0.886271	3.49970674515
18:34:13	1.467956,1.694807,0.903260	1.495069,1.689328,0.856760	0.261057,0.193997,10.430310	1.467956,1.694807,0.903260	3.49970674515
18:34:13	1.484073,1.734444,0.921154	1.516721,1.729129,0.882547	0.205972,0.160466,10.190808	1.484073,1.734444,0.921154	3.49970674515
18:34:13	1.498096,1.772615,0.938854	1.539313,1.769545,0.779433	0.021555,0.064666,10.241104	1.498096,1.772615,0.938854	3.51026391983
18:34:13	1.510234,1.808083,0.950822	1.563242,1.810871,0.742200	-0.402363,-0.320933,9.290281	1.510234,1.808083,0.950822	3.64750742912
18:34:13	1.521291,1.838820,0.949563	1.556129,1.822295,0.787124	0.059875,0.926873,9.697434	1.521291,1.838820,0.949563	3.3782992363
18:34:13	1.530821,1.865974,0.947374	1.581684,1.868482,0.856076	0.131726,0.167651,10.614727	1.530821,1.865974,0.947374	3.24633455276
18:34:13	1.537961,1.891288,0.948753	1.576267,1.916467,0.795708	0.141306,0.311353,10.008787	1.537961,1.891288,0.948753	3.67390036583
18:34:14	1.544085,1.915659,0.943529	1.604207,1.933563,0.793997	0.050295,0.311353,10.078242	1.544085,1.915659,0.943529	3.48387098312
18:34:14	1.550965,1.941184,0.933406	1.600543,1.950908,0.809470	-0.074246,0.134121,10.837463	1.550965,1.941184,0.933406	3.4680352211
18:34:14	1.559159,1.970024,0.923206	1.596271,1.967142,0.832202	-0.383203,0.076641,10.353669	1.559159,1.970024,0.923206	3.34134912491
18:34:14	1.568555,2.002450,0.914385	1.623157,2.013259,0.789599	0.021555,1.070574,9.941726	1.568555,2.002450,0.914385	3.51026391983
18:34:14	1.577970,2.037070,0.900697	1.617460,2.025402,0.811110	0.455054,0.589175,10.281819	1.577970,2.037070,0.900697	3.45747804642
18:34:14	1.587578,2.072463,0.888457	1.643766,2.036477,0.841978	0.320933,0.285007,10.329719	1.587578,2.072463,0.888457	3.45219945908
18:34:14	1.598799,2.106713,0.881694	1.637911,2.111334,0.929942	-0.098196,0.364043,11.201506	1.598799,2.106713,0.881694	3.27800607681
18:34:14	1.613366,2.138373,0.881298	1.662769,2.123043,0.877347	0.277822,0.004790,10.315349	1.613366,2.138373,0.881298	3.65278601646
18:34:14	1.629459,2.167004,0.876252	1.653587,2.168515,0.878795	0.435894,0.428708,9.996812	1.629459,2.167004,0.876252	3.45747804642
18:34:14	1.645727,2.191335,0.868111	1.675805,2.183823,0.892931	0.016765,-0.356858,10.578801	1.645727,2.191335,0.868111	3.44692087173
18:34:15	1.661356,2.210461,0.861420	1.698164,2.202098,0.909809	0.387993,1.271755,10.653047	1.661356,2.210461,0.861420	3.44692087173
18:34:15	1.676064,2.226526,0.855336	1.720903,2.191113,0.859905	0.095801,0.538879,9.932146	1.676064,2.226526,0.855336	3.47331380844
18:34:15	1.689520,2.240346,0.843695	1.712312,2.213900,0.875936	0.182021,-0.203577,10.437495	1.689520,2.240346,0.843695	3.43636369705
18:34:15	1.701259,2.252975,0.833850	1.736390,2.237858,0.901986	0.313748,1.331631,10.341694	1.701259,2.252975,0.833850	3.45219945908
18:34:15	1.710114,2.266500,0.827359	1.761670,2.230298,0.857379	0.052690,0.136516,9.980046	1.710114,2.266500,0.827359	3.62639307976
18:34:15	1.717264,2.282039,0.812085	1.756803,2.253802,0.874106	0.088616,0.323328,9.625583	1.717264,2.282039,0.812085	3.42052793503
18:34:15	1.724214,2.299804,0.795648	1.784670,2.276241,0.846271	0.399968,-0.280217,10.068662	1.724214,2.299804,0.795648	3.42052793503
18:34:15	1.731122,2.320316,0.775582	1.780425,2.265197,0.819979	0.541274,-0.193997,10.128538	1.731122,2.320316,0.775582	3.55249285698
18:34:15	1.738764,2.341838,0.748881	1.776230,2.284580,0.803121	0.380808,-0.035925,9.936936	1.738764,2.341838,0.748881	3.41524934769
18:34:15	1.748392,2.362217,0.721606	1.803386,2.303776,0.864269	1.029858,1.453777,10.641072	1.748392,2.362217,0.721606	3.41524934769
18:34:16	1.761039,2.381823,0.702896	1.797371,2.387685,0.856428	-0.222737,0.059875,11.002720	1.761039,2.381823,0.702896	3.47331380844
18:34:16	1.778519,2.401913,0.689845	1.820928,2.440038,0.893990	0.546064,0.057480,11.220667	1.778519,2.401913,0.689845	3.24633455276
18:34:16	1.799846,2.424744,0.685184	1.809856,2.459613,0.854466	-0.040715,1.264570,10.523716	1.799846,2.424744,0.685184	3.44164228439
18:34:16	1.823747,2.450352,0.683372	1.828590,2.477430,0.797525	-0.086221,0.469424,10.233918	1.823747,2.450352,0.683372	3.44164228439
18:34:16	1.847960,2.477274,0.676945	1.846116,2.461775,0.803479	-0.251477,0.931663,10.368040	1.847960,2.477274,0.676945	3.43108510971
18:34:16	1.870906,2.504088,0.670555	1.895746,2.445582,0.818663	-0.028740,0.328118,10.619517	1.870906,2.504088,0.670555	3.36774206161
18:34:16	1.893647,2.529946,0.668539	1.914027,2.461590,0.830808	0.273032,0.349673,10.605146	1.893647,2.529946,0.668539	3.36246347427
18:34:16	1.917266,2.554392,0.670419	1.932263,2.510280,0.768574	0.141306,0.057480,10.394385	1.917266,2.554392,0.670419	3.63695025444
18:34:16	1.940538,2.577513,0.667665	1.950057,2.527797,0.765438	0.268242,-0.170046,9.901011	1.940538,2.577513,0.667665	3.44164228439
18:34:16	1.961587,2.599565,0.662533	1.968478,2.546101,0.773928	0.138911,0.783171,10.583591	1.961587,2.599565,0.662533	3.38885641098
18:34:17	1.980225,2.621580,0.659165	1.988120,2.565004,0.784709	0.241897,0.558040,10.116563	1.980225,2.621580,0.659165	3.38885641098
18:34:17	1.996910,2.643842,0.659133	2.009117,2.583719,0.790305	0.605940,0.845442,10.777588	1.996910,2.643842,0.659133	3.43108510971
18:34:17	2.011109,2.665585,0.660520	2.031552,2.634383,0.789479	0.419128,0.862207,10.197993	2.011109,2.665585,0.660520	3.44164228439
18:34:17	2.022181,2.686784,0.663094	2.055615,2.653393,0.785545	-0.062271,0.538879,10.332114	2.022181,2.686784,0.663094	3.46275663376
18:34:17	2.031722,2.709131,0.664744	2.081198,2.672647,0.780114	0.040715,-0.004790,10.593171	2.031722,2.709131,0.664744	3.44164228439
18:34:17	2.041555,2.733501,0.665923	2.075606,2.690928,0.777120	-0.112566,0.213157,10.461445	2.041555,2.733501,0.665923	3.44164228439
18:34:17	2.052328,2.759888,0.666873	2.101444,2.708042,0.774227	0.296982,0.735271,10.336904	2.052328,2.759888,0.666873	3.43108510971
18:34:17	2.063920,2.786954,0.667988	2.094916,2.724044,0.772342	0.313748,-0.615520,10.169253	2.063920,2.786954,0.667988	3.43636369705
18:34:17	2.076712,2.813790,0.669991	2.119798,2.771796,0.769454	0.217947,0.174836,10.432705	2.076712,2.813790,0.669991	3.43636369705
18:34:17	2.089439,2.840744,0.671757	2.111998,2.787729,0.764848	0.356858,-0.404758,9.786050	2.089439,2.840744,0.671757	3.44692087173
18:34:18	2.101757,2.867597,0.674176	2.136397,2.803618,0.825251	0.256267,-0.009580,10.930869	2.101757,2.867597,0.674176	3.38885641098
18:34:18	2.113739,2.893623,0.682230	2.161204,2.851422,0.817016	0.414338,0.488584,10.521321	2.113739,2.893623,0.682230	3.47859239578
18:34:18	2.126695,2.919609,0.689941	2.153918,2.867876,0.798483	0.160466,-0.268242,10.051897	2.126695,2.919609,0.689941	3.42580652237
18:34:18	2.140249,2.946589,0.693289	2.177888,2.884333,0.783506	-0.102986,0.189207,10.480605	2.140249,2.946589,0.693289	3.47859239578
18:34:18	2.154697,2.973084,0.695627	2.201731,2.932071,0.841932	-0.196392,0.493374,10.461445	2.154697,2.973084,0.695627	3.33079195023
18:34:18	2.171281,2.998572,0.703401	2.192787,2.948293,0.833982	0.431104,0.325723,10.605146	2.171281,2.998572,0.703401	3.4680352211
18:34:18	2.188847,3.022732,0.711450	2.214558,2.965173,0.816164	0.131726,-0.004790,10.308164	2.188847,3.022732,0.711450	3.49970674515
18:34:18	2.206009,3.044470,0.717909	2.236140,2.982964,0.798752	0.191602,0.433499,10.408755	2.206009,3.044470,0.717909	3.45219945908
18:34:18	2.223906,3.064365,0.722282	2.257782,3.034308,0.850544	0.035925,-0.047900,11.290122	2.223906,3.064365,0.722282	3.20938444138
18:34:18	2.242945,3.084273,0.736591	2.278836,3.054463,0.836453	0.220342,0.186812,10.660232	2.242945,3.084273,0.736591	3.45747804642
18:34:19	2.262207,3.106782,0.749488	2.299350,3.074227,0.803438	-0.014370,0.766406,10.018367	2.262207,3.106782,0.749488	3.48387098312
18:34:19	2.281583,3.130624,0.757498	2.319798,3.060374,0.842737	0.414338,0.256267,10.674602	2.281583,3.130624,0.757498	3.23577737808
18:34:19	2.300813,3.154559,0.768886	2.372121,3.046031,0.887712	-0.081431,0.505349,10.332114	2.300813,3.154559,0.768886	3.42580652237
18:34:19	2.319819,3.176341,0.780500	2.360662,3.063785,0.861796	0.452659,1.075364,9.889036	2.319819,3.176341,0.780500	3.47859239578
18:34:19	2.337236,3.193724,0.790495	2.381362,3.051306,0.901513	0.371228,0.196392,10.854229	2.337236,3.193724,0.790495	3.26217031479
18:34:19	2.352798,3.206474,0.803968	2.403201,3.073603,0.877821	-0.122146,0.256267,10.353669	2.352798,3.206474,0.803968	3.52082109451
18:34:19	2.368241,3.214732,0.815621	2.445533,3.084177,0.899297	-0.244292,0.102986,10.629097	2.368241,3.214732,0.815621	3.52082109451
18:34:19	2.384583,3.218779,0.825436	2.476293,3.099276,0.885374	-0.093406,0.045505,10.411150	2.384583,3.218779,0.825436	3.41524934769
18:34:19	2.402111,3.219594,0.835003	2.491005,3.105515,0.920426	0.112566,0.735271,10.926079	2.402111,3.219594,0.835003	3.37302064896
18:34:19	2.423181,3.218762,0.849017	2.523739,3.124404,0.907916	0.105381,0.038320,10.777588	2.423181,3.218762,0.849017	3.45747804642
18:34:20	2.448256,3.218217,0.863837	2.510554,3.124829,0.940089	0.150886,0.435894,10.933264	2.448256,3.218217,0.863837	3.24633455276
18:34:20	2.474962,3.219012,0.883375	2.527055,3.157040,0.969816	-0.035925,0.447869,11.366763	2.474962,3.219012,0.883375	3.24633455276
18:34:20	2.499924,3.223632,0.911818	2.543226,3.156166,0.985950	0.155676,0.426313,10.358459	2.499924,3.223632,0.911818	3.38885641098
18:34:20	2.524121,3.233962,0.941462	2.528457,3.152609,0.985774	0.134121,0.558040,9.922566	2.524121,3.233962,0.941462	3.43108510971
18:34:20	2.548741,3.246942,0.969818	2.545805,3.209735,0.984817	0.280217,-0.122146,9.244775	2.548741,3.246942,0.969818	3.43636369705
18:34:20	2.570863,3.260266,0.994904	2.595206,3.233867,0.987535	-0.019160,0.112566,9.613608	2.570863,3.260266,0.994904	3.43108510971
18:34:20	2.588773,3.274582,1.014788	2.614577,3.257766,0.935201	0.150886,-0.067061,10.063872	2.588773,3.274582,1.014788	3.43636369705
18:34:20	2.603603,3.289725,1.026087	2.636396,3.248932,0.959766	0.000000,0.426313,9.762100	2.603603,3.289725,1.026087	3.39413499832
18:34:20	2.615696,3.306190,1.036329	2.659904,3.271796,1.001169	0.534089,0.352068,10.657837	2.615696,3.306190,1.036329	3.21466302872
18:34:20	2.627413,3.323867,1.050706	2.652853,3.293698,1.040400	0.213157,0.754431,9.996812	2.627413,3.323867,1.050706	3.42580652237
18:34:21	2.638853,3.342570,1.063569	2.677871,3.314749,1.008727	0.162861,0.701741,10.298584	2.638853,3.342570,1.063569	3.55249285698
18:34:21	2.649304,3.361434,1.071552	2.698660,3.283228,1.119400	-0.148491,0.000000,10.995535	2.649304,3.361434,1.071552	3.2041053772
18:34:21	2.660044,3.379725,1.087439	2.651925,3.366082,1.074870	0.047900,-0.239502,10.952424	2.660044,3.379725,1.087439	3.42580652237
18:34:21	2.672674,3.395594,1.106046	2.663017,3.384213,1.092007	-0.150886,0.002395,10.456655	2.672674,3.395594,1.106046	3.32551336288
18:34:21	2.684615,3.409691,1.123980	2.729175,3.359081,1.022808	-0.364043,0.213157,9.192085	2.684615,3.409691,1.123980	3.63695025444
18:34:21	2.694621,3.424687,1.124631	2.731364,3.368119,1.027194	0.483794,0.646655,9.335786	2.694621,3.424687,1.124631	3.38357782364
18:34:21	2.703669,3.440749,1.119393	2.735041,3.376419,1.029318	0.098196,0.282612,10.042317	2.703669,3.440749,1.119393	3.39941358566
18:34:21	2.712431,3.456897,1.114203	2.738437,3.385804,1.031918	-0.091011,0.785566,10.308164	2.712431,3.456897,1.114203	3.404692173
18:34:21	2.720858,3.472634,1.111315	2.741584,3.396468,1.035283	0.000000,0.380808,10.571616	2.720858,3.472634,1.111315	3.40997076035
18:34:21	2.729110,3.488775,1.108940	2.744707,3.408374,1.039223	0.007185,0.052690,10.609937	2.729110,3.488775,1.108940	3.38885641098
18:34:22	2.736518,3.504149,1.108051	2.747995,3.421703,1.043286	0.419128,0.177231,10.641072	2.736518,3.504149,1.108051	3.38885641098
18:34:22	2.742267,3.518020,1.108225	2.751082,3.435023,1.047187	0.205972,0.112566,9.752520	2.742267,3.518020,1.108225	3.40997076035
18:34:22	2.746777,3.530720,1.109866	2.753716,3.447381,1.050685	0.105381,0.150886,10.267449	2.746777,3.530720,1.109866	3.41524934769
18:34:22	2.750752,3.542084,1.111026	2.755942,3.459232,1.054204	0.026345,-0.222737,10.442285	2.750752,3.542084,1.111026	3.38885641098
18:34:22	2.754464,3.550378,1.113113	2.758080,3.469628,1.057087	-0.124541,-0.129331,10.590776	2.754464,3.550378,1.113113	3.39413499832
18:34:22	2.758637,3.555034,1.115094	2.760389,3.476724,1.059466	0.402363,0.392783,10.483000	2.758637,3.555034,1.115094	3.39941358566
18:34:22	2.763626,3.556792,1.116419	2.763247,3.480628,1.060993	-0.258662,0.208367,10.518926	2.763626,3.556792,1.116419	3.40997076035
18:34:22	2.769806,3.556038,1.117225	2.766748,3.481776,1.061688	0.208367,0.045505,10.138118	2.769806,3.556038,1.117225	3.40997076035
18:34:22	2.777557,3.552723,1.117671	2.771134,3.480443,1.061666	0.110171,0.275427,10.095007	2.777557,3.552723,1.117671	3.404692173
18:34:22	2.786891,3.547507,1.117235	2.776549,3.476878,1.060982	0.364043,0.011975,10.284214	2.786891,3.547507,1.117235	3.40997076035
18:34:23	2.797295,3.540117,1.116245	2.782852,3.471411,1.059576	0.500559,0.455054,10.085427	2.797295,3.540117,1.116245	3.404692173
18:34:23	2.807902,3.531166,1.114354	2.789502,3.464233,1.057545	0.225132,0.328118,10.013577	2.807902,3.531166,1.114354	3.40997076035
18:34:23	2.818056,3.521361,1.111139	2.795857,3.455777,1.054948	0.304167,0.871787,10.205178	2.818056,3.521361,1.111139	3.42052793503
18:34:23	2.826914,3.511286,1.107001	2.801433,3.446801,1.051826	0.026345,0.658630,10.140513	2.826914,3.511286,1.107001	3.404692173
18:34:23	2.833972,3.501126,1.101934	2.805777,3.437689,1.048488	0.443079,-0.277822,10.241104	2.833972,3.501126,1.101934	3.404692173
18:34:23	2.838857,3.491356,1.096046	2.808588,3.428593,1.044995	0.258662,-0.110171,10.147698	2.838857,3.491356,1.096046	3.404692173
18:34:23	2.841550,3.482404,1.089426	2.809777,3.419759,1.041478	0.433499,0.395178,10.099797	2.841550,3.482404,1.089426	3.404692173
18:34:23	2.841325,3.474638,1.083247	2.809343,3.411473,1.038204	0.562830,0.325723,10.344089	2.841325,3.474638,1.083247	3.404692173
18:34:23	2.838223,3.468592,1.076625	2.807232,3.404121,1.035366	-0.067061,-0.184417,10.643467	2.838223,3.468592,1.076625	3.41524934769
18:34:23	2.832890,3.463487,1.069918	2.803598,3.397682,1.032947	0.306563,0.352068,10.348879	2.832890,3.463487,1.069918	3.40997076035
18:34:24	2.825780,3.458542,1.063429	2.799056,3.391567,1.031025	0.047900,0.622705,10.492581	2.825780,3.458542,1.063429	3.39941358566
18:34:24	2.817336,3.453970,1.057416	2.793711,3.384957,1.029487	0.134121,-0.095801,10.681787	2.817336,3.453970,1.057416	3.39941358566
18:34:24	2.808707,3.450200,1.051811	2.788385,3.378699,1.028624	0.217947,0.795146,10.315349	2.808707,3.450200,1.051811	3.404692173
18:34:24	2.800640,3.447238,1.046307	2.783815,3.373547,1.028613	-0.179626,-0.102986,10.597961	2.800640,3.447238,1.046307	3.39941358566
18:34:24	2.792450,3.443218,1.042101	2.780003,3.369015,1.029243	0.229922,1.072969,10.569221	2.792450,3.443218,1.042101	3.39941358566
18:34:24	2.784168,3.437965,1.038507	2.776427,3.363432,1.029868	0.464634,-0.162861,10.214758	2.784168,3.437965,1.038507	3.39941358566
18:34:24	2.776474,3.431994,1.035158	2.773382,3.357106,1.030853	0.340093,0.546064,10.159673	2.776474,3.431994,1.035158	3.39941358566
18:34:24	2.769311,3.424875,1.032707	2.771174,3.350418,1.032193	0.134121,-0.675396,10.312954	2.769311,3.424875,1.032707	3.39941358566
18:34:24	2.762619,3.416648,1.030715	2.767652,3.422868,1.032106	0.323328,0.282612,10.059082	2.762619,3.416648,1.030715	3.404692173
18:34:24	2.756063,3.410099,1.028984	2.811189,3.352471,1.033655	-0.026345,0.548459,10.291399	2.756063,3.410099,1.028984	3.39413499832
18:34:25	2.750448,3.409468,1.026508	2.872887,3.333127,1.208811	0.385598,0.050295,10.700947	2.750448,3.409468,1.026508	3.27800607681
18:34:25	2.749496,3.414633,1.030622	2.875900,3.284193,1.207515	0.222737,0.481399,10.605146	2.749496,3.414633,1.030622	3.38885641098
18:34:25	2.755648,3.422243,1.038383	2.827474,3.321685,1.191882	0.687371,1.688489,10.339299	2.755648,3.422243,1.038383	3.38885641098
18:34:25	2.767577,3.428909,1.046383	2.866891,3.309324,1.158144	-0.028740,0.617915,10.377620	2.767577,3.428909,1.046383	3.39413499832
18:34:25	2.783480,3.433642,1.052885	2.845931,3.299462,1.124767	0.158071,0.828677,9.968071	2.783480,3.433642,1.052885	3.42580652237
18:34:25	2.802732,3.435198,1.054263	2.871175,3.344922,1.102726	0.706531,0.023950,9.788445	2.802732,3.435198,1.054263	3.47331380844
18:34:25	2.823812,3.432942,1.052284	2.891318,3.344055,1.205141	0.479004,-0.136516,10.130933	2.823812,3.432942,1.052284	3.38885641098
18:34:25	2.844910,3.428790,1.049822	2.857319,3.348722,1.215572	0.000000,0.531694,10.391990	2.844910,3.428790,1.049822	3.3782992363
18:34:25	2.864160,3.423413,1.051474	2.927906,3.355800,1.222234	-0.129331,0.534089,10.935659	2.864160,3.423413,1.051474	3.38357782364
18:34:25	2.879153,3.417691,1.055818	2.950625,3.312928,1.211534	0.184417,0.577200,10.356064	2.879153,3.417691,1.055818	3.38357782364
18:34:26	2.891147,3.412223,1.059957	2.980287,3.322097,1.192293	0.265847,0.476609,10.456655	2.891147,3.412223,1.059957	3.39413499832
18:34:26	2.902924,3.407202,1.062784	2.961625,3.330677,1.176356	0.023950,0.112566,9.553733	2.902924,3.407202,1.062784	3.44164228439
18:34:26	2.915048,3.403319,1.064746	2.994483,3.286426,1.270134	0.131726,0.531694,10.839858	2.915048,3.403319,1.064746	3.3782992363
18:34:26	2.927778,3.401217,1.072793	2.975087,3.291472,1.257486	-0.035925,-0.055085,11.019485	2.927778,3.401217,1.072793	3.3782992363
18:34:26	2.942034,3.400077,1.082583	3.005974,3.294238,1.219189	0.289797,-0.117356,9.429192	2.942034,3.400077,1.082583	3.38357782364
18:34:26	2.956635,3.399323,1.090051	3.034837,3.400144,1.284846	0.172441,-0.138911,10.188413	2.956635,3.399323,1.090051	3.27272748947
18:34:26	2.971745,3.399481,1.102137	3.011466,3.401202,1.249061	-0.225132,0.414338,10.152488	2.971745,3.399481,1.102137	3.52609968185
18:34:26	2.986648,3.401940,1.112279	3.039198,3.400331,1.304352	0.416733,0.445474,10.827883	2.986648,3.401940,1.112279	3.21994161606
18:34:26	3.000839,3.407076,1.126895	3.067793,3.395106,1.257783	-0.100591,0.040715,9.548943	3.000839,3.407076,1.126895	3.40997076035
18:34:26	3.016418,3.414045,1.139419	3.096723,3.385994,1.301430	0.239502,0.488584,10.497371	3.016418,3.414045,1.139419	3.19354820251
18:34:27	3.035021,3.422216,1.157963	3.070643,3.374332,1.348474	0.088616,-0.153281,11.122471	3.035021,3.422216,1.157963	3.23577737808
18:34:27	3.055932,3.430167,1.180709	3.091818,3.412954,1.263773	0.378413,1.568738,8.921448	3.055932,3.430167,1.180709	3.50498533249
18:34:27	3.076187,3.436250,1.189328	3.110076,3.400887,1.282625	-0.007185,1.017883,9.783655	3.076187,3.436250,1.189328	3.26217031479
18:34:27	3.095334,3.440616,1.196356	3.130499,3.444188,1.358377	0.354463,0.186812,10.698552	3.095334,3.440616,1.196356	3.23049879074
18:34:27	3.114578,3.444642,1.210929	3.151770,3.437559,1.426287	0.467029,0.495769,10.820698	3.114578,3.444642,1.210929	3.3782992363
18:34:27	3.132061,3.449640,1.232772	3.173261,3.430445,1.356834	-0.069456,0.407153,10.277029	3.132061,3.449640,1.232772	3.38885641098
18:34:27	3.148443,3.455774,1.249150	3.198053,3.422168,1.265261	0.064666,-0.306563,9.266331	3.148443,3.455774,1.249150	3.58944296837
18:34:27	3.164445,3.462302,1.253583	3.223933,3.464267,1.209262	0.122146,0.021555,9.117839	3.164445,3.462302,1.253583	3.36774206161
18:34:27	3.179119,3.469476,1.251085	3.250750,3.453495,1.303179	0.110171,0.040715,10.298584	3.179119,3.469476,1.251085	3.35718488693
18:34:27	3.192553,3.478164,1.252670	3.279879,3.441613,1.312531	0.411943,0.352068,10.693762	3.192553,3.478164,1.252670	3.37302064896
18:34:28	3.206347,3.487566,1.258366	3.258525,3.479111,1.302227	0.637075,0.799937,10.595566	3.206347,3.487566,1.258366	3.37302064896
18:34:28	3.220125,3.497611,1.265926	3.288215,3.463769,1.274502	0.057480,0.881367,10.202783	3.220125,3.497611,1.265926	3.3782992363
18:34:28	3.233165,3.508210,1.270463	3.318562,3.499836,1.244578	0.476609,0.474214,9.848320	3.233165,3.508210,1.270463	3.37302064896
18:34:28	3.247079,3.519608,1.271112	3.297611,3.482426,1.230044	0.110171,0.031135,10.375225	3.247079,3.519608,1.271112	3.36774206161
18:34:28	3.262563,3.531049,1.271336	3.326726,3.463921,1.438068	-0.191602,0.241897,10.875784	3.262563,3.531049,1.271336	3.36774206161
18:34:28	3.279367,3.541117,1.279414	3.353522,3.445759,1.430255	0.105381,0.589175,10.930869	3.279367,3.541117,1.279414	3.36246347427
18:34:28	3.298491,3.548595,1.291626	3.325757,3.482796,1.390230	0.371228,-0.414338,10.128538	3.298491,3.548595,1.291626	3.36774206161
18:34:28	3.319409,3.553219,1.302141	3.346112,3.419867,1.443024	0.198787,0.217947,10.447075	3.319409,3.553219,1.302141	3.36774206161
18:34:28	3.339340,3.553523,1.316970	3.364639,3.466283,1.396397	-0.043110,-0.122146,9.666299	3.339340,3.553523,1.316970	3.36774206161
18:34:28	3.356832,3.549327,1.331304	3.385745,3.467424,1.437955	0.308958,0.356858,10.653047	3.356832,3.549327,1.331304	3.36774206161
18:34:29	3.372208,3.542701,1.348808	3.410626,3.475341,1.373814	0.160466,-0.112566,10.238708	3.372208,3.542701,1.348808	3.3782992363
18:34:29	3.386393,3.535176,1.359422	3.438673,3.434663,1.304530	-0.301772,0.167651,9.647139	3.386393,3.535176,1.359422	3.36774206161
18:34:29	3.399544,3.527533,1.362672	3.468386,3.446753,1.373469	0.107776,-0.153281,10.114167	3.399544,3.527533,1.362672	3.36774206161
18:34:29	3.412461,3.521365,1.369347	3.499751,3.458736,1.359031	0.407153,0.165256,10.171648	3.412461,3.521365,1.369347	3.36774206161
18:34:29	3.427923,3.518191,1.374460	3.478346,3.415762,1.329418	0.131726,0.502954,9.790840	3.427923,3.518191,1.374460	3.37302064896
18:34:29	3.447188,3.518027,1.376448	3.504210,3.419288,1.415082	-0.045505,0.479004,10.564431	3.447188,3.518027,1.376448	3.36774206161
18:34:29	3.469116,3.518649,1.383737	3.524064,3.419053,1.405194	0.330513,0.467029,10.394385	3.469116,3.518649,1.383737	3.37302064896
18:34:29	3.493159,3.519235,1.392738	3.540078,3.418128,1.369969	0.153281,0.296982,10.030342	3.493159,3.519235,1.392738	3.37302064896
18:34:29	3.518676,3.519855,1.397887	3.552840,3.416813,1.334524	0.093406,-0.220342,9.424402	3.518676,3.519855,1.397887	3.36774206161
18:34:29	3.543528,3.518715,1.399263	3.564038,3.416613,1.423661	0.306563,0.979563,10.681787	3.543528,3.518715,1.399263	3.36246347427
18:34:30	3.566627,3.515537,1.406533	3.576837,3.419124,1.412560	0.244292,0.055085,10.638677	3.566627,3.515537,1.406533	3.36774206161
18:34:30	3.587771,3.510565,1.414053	3.644452,3.424612,1.379409	0.143701,-0.165256,9.268726	3.587771,3.510565,1.414053	3.36774206161
18:34:30	3.607006,3.504554,1.413218	3.663652,3.433415,1.354619	0.040715,0.577200,9.663904	3.607006,3.504554,1.413218	3.35718488693
18:34:30	3.625365,3.498642,1.408512	3.685358,3.391217,1.469400	0.019160,0.510139,10.693762	3.625365,3.498642,1.408512	3.35718488693
18:34:30	3.643120,3.494262,1.410194	3.708236,3.399939,1.485226	0.414338,-0.026345,11.285332	3.643120,3.494262,1.410194	3.36246347427
18:34:30	3.660737,3.490547,1.418377	3.731987,3.406635,1.363990	0.256267,0.308958,9.726174	3.660737,3.490547,1.418377	3.36246347427
18:34:30	3.678766,3.488174,1.419933	3.755660,3.412217,1.439205	0.261057,0.112566,10.236313	3.678766,3.488174,1.419933	3.36246347427
18:34:30	3.696680,3.487882,1.424863	3.726711,3.363411,1.433477	0.253872,0.979563,10.308164	3.696680,3.487882,1.424863	3.36774206161
18:34:30	3.714314,3.488968,1.431394	3.750189,3.363050,1.408424	0.100591,0.220342,10.025552	3.714314,3.488968,1.431394	3.36246347427
18:34:30	3.731246,3.488994,1.436272	3.774225,3.361258,1.382453	0.052690,-0.404758,10.332114	3.731246,3.488994,1.436272	3.36246347427
18:34:31	3.747059,3.486341,1.443099	3.799474,3.362223,1.465533	0.074246,0.385598,10.674602	3.747059,3.486341,1.443099	3.37302064896
18:34:31	3.761424,3.481182,1.454574	3.826770,3.367568,1.431493	0.117356,-0.086221,10.485396	3.761424,3.481182,1.454574	3.3782992363
18:34:31	3.775642,3.474317,1.461780	3.856120,3.376678,1.384515	0.352068,1.003513,9.690249	3.775642,3.474317,1.461780	3.36246347427
18:34:31	3.790764,3.466510,1.462581	3.833214,3.388007,1.465809	0.352068,0.107776,10.253079	3.790764,3.466510,1.462581	3.36246347427
18:34:31	3.805889,3.459078,1.467279	3.860567,3.400734,1.461981	-0.136516,0.483794,10.614727	3.805889,3.459078,1.467279	3.36246347427
18:34:31	3.819148,3.454204,1.472980	3.836959,3.359934,1.438557	0.170046,0.380808,10.027947	3.819148,3.454204,1.472980	3.38885641098
18:34:31	3.831573,3.452496,1.475869	3.816341,3.366303,1.416955	0.102986,-0.191602,9.922566	3.831573,3.452496,1.475869	3.36246347427
18:34:31	3.841555,3.452080,1.476986	3.796796,3.368273,1.407506	-0.057480,0.016765,10.083032	3.841555,3.452080,1.476986	3.36246347427
18:34:31	3.844666,3.452285,1.476213	3.834949,3.368715,1.404942	-0.239502,0.330513,10.449470	3.844666,3.452285,1.476213	3.36246347427
18:34:31	3.841099,3.453268,1.474535	3.833241,3.368096,1.409152	0.519719,0.074246,10.643467	3.841099,3.453268,1.474535	3.36246347427
18:34:32	3.836123,3.454869,1.474718	3.840339,3.366166,1.414784	0.605940,0.045505,10.535691	3.836123,3.454869,1.474718	3.36246347427
18:34:32	3.832226,3.456063,1.477581	3.847971,3.363584,1.411477	-0.071851,0.311353,10.729688	3.832226,3.456063,1.477581	3.36774206161
18:34:32	3.830779,3.456414,1.481344	3.853432,3.362057,1.398034	0.261057,0.119751,10.372830	3.830779,3.456414,1.481344	3.36774206161
18:34:32	3.832647,3.456043,1.485231	3.854463,3.361831,1.381267	0.131726,0.907712,9.972861	3.832647,3.456043,1.485231	3.36774206161
18:34:32	3.836873,3.454966,1.485965	3.850273,3.362702,1.367791	0.311353,0.328118,9.891431	3.836873,3.454966,1.485965	3.37302064896
18:34:32	3.841862,3.453058,1.483888	3.843070,3.364638,1.367854	0.167651,0.292192,9.932146	3.841862,3.453058,1.483888	3.36774206161
18:34:32	3.845978,3.450149,1.481823	3.835165,3.368096,1.377596	0.411943,0.383203,10.590776	3.845978,3.450149,1.481823	3.36774206161
18:34:32	3.846933,3.446464,1.481885	3.829422,3.373123,1.384434	0.198787,0.347278,10.408755	3.846933,3.446464,1.481885	3.37302064896
18:34:32	3.843268,3.442475,1.482096	3.829629,3.327350,1.383624	0.479004,0.258662,10.293794	3.843268,3.442475,1.482096	3.37302064896
18:34:32	3.835878,3.438445,1.481935	3.837325,3.333564,1.383049	0.091011,-0.086221,10.564431	3.835878,3.438445,1.481935	3.37302064896
18:34:33	3.827322,3.433798,1.481921	3.850024,3.340350,1.383948	0.409548,-0.150886,10.279424	3.827322,3.433798,1.481921	3.37302064896
18:34:33	3.820582,3.430318,1.481150	3.863437,3.347620,1.383878	-0.067061,0.447869,10.255474	3.820582,3.430318,1.481150	3.3782992363
18:34:33	3.817794,3.429878,1.479812	3.820837,3.352136,1.388053	0.570015,0.158071,10.487791	3.817794,3.429878,1.479812	3.37302064896
18:34:33	3.818269,3.432692,1.478034	3.875734,3.299478,1.289414	-0.182021,0.071851,10.688972	3.818269,3.432692,1.478034	3.37302064896
18:34:33	3.819604,3.437294,1.466041	3.822351,3.345960,1.408526	0.387993,0.172441,10.114167	3.819604,3.437294,1.466041	3.36246347427
18:34:33	3.821310,3.441747,1.456023	3.819984,3.338434,1.462825	0.160466,0.435894,10.957214	3.821310,3.441747,1.456023	3.35190629959
18:34:33	3.822514,3.444342,1.454980	3.817298,3.331703,1.497007	0.479004,0.419128,10.973979	3.822514,3.444342,1.454980	3.36774206161
18:34:33	3.822660,3.442710,1.466541	3.815822,3.328838,1.488199	0.447869,0.261057,10.667417	3.822660,3.442710,1.466541	3.38357782364
18:34:33	3.822086,3.435912,1.479061	3.815842,3.333766,1.433746	0.261057,-0.287402,9.189690	3.822086,3.435912,1.479061	3.37302064896
18:34:33	3.820934,3.426171,1.483077	3.817039,3.346157,1.388422	-0.143701,0.071851,9.594448	3.820934,3.426171,1.483077	3.3782992363
18:34:34	3.819451,3.416381,1.477552	3.818944,3.362279,1.381286	0.385598,0.296982,9.690249	3.819451,3.416381,1.477552	3.36774206161
18:34:34	3.817126,3.410229,1.466138	3.873669,3.325001,1.307428	0.234712,0.991538,9.781260	3.817126,3.410229,1.466138	3.36246347427
18:34:34	3.814144,3.409990,1.447461	3.877799,3.332694,1.364237	0.282612,0.835862,10.317744	3.814144,3.409990,1.447461	3.35718488693
18:34:34	3.813133,3.416221,1.432783	3.882255,3.278515,1.441201	0.074246,0.510139,10.777588	3.813133,3.416221,1.432783	3.36246347427
18:34:34	3.816762,3.426833,1.425305	3.882335,3.318134,1.496267	0.126936,-0.023950,10.859019	3.816762,3.426833,1.425305	3.36246347427
18:34:34	3.825081,3.436798,1.424670	3.874521,3.300655,1.520771	0.421523,-0.009580,11.072175	3.825081,3.436798,1.424670	3.36246347427
18:34:34	3.837368,3.441955,1.433436	3.807483,3.338185,1.408105	0.074246,-0.091011,10.202783	3.837368,3.441955,1.433436	3.37302064896
18:34:34	3.851155,3.440067,1.435543	3.786673,3.332544,1.374087	0.086221,-0.007185,9.551338	3.851155,3.440067,1.435543	3.36246347427
18:34:34	3.862344,3.431539,1.430414	3.817096,3.338374,1.477217	0.464634,0.558040,10.159673	3.862344,3.431539,1.430414	3.35718488693
18:34:34	3.867871,3.417878,1.428336	3.853110,3.354450,1.500362	0.464634,0.246687,10.698552	3.867871,3.417878,1.428336	3.36246347427
18:34:35	3.868832,3.403179,1.430952	3.794565,3.325252,1.502992	0.411943,0.126936,10.684182	3.868832,3.403179,1.430952	3.36774206161
18:34:35	3.866485,3.390167,1.434591	3.794254,3.348452,1.489894	0.246687,0.522114,9.798025	3.866485,3.390167,1.434591	3.36774206161
18:34:35	3.858367,3.380067,1.421905	3.800026,3.316658,1.483563	0.692161,1.084944,7.910750	3.858367,3.380067,1.421905	3.42052793503
18:34:35	3.841168,3.377969,1.391158	3.800026,3.316658,1.483563	0.936453,1.092129,8.950188	3.841168,3.377969,1.391158	3.40997076035
18:34:35	3.811126,3.389044,1.347049	3.800026,3.316658,1.483563	0.220342,1.240620,9.414822	3.811126,3.389044,1.347049	3.404692173
18:34:35	3.768592,3.416711,1.290985	3.800026,3.316658,1.483563	0.481399,0.067061,9.292676	3.768592,3.416711,1.290985	3.39941358566
18:34:35	3.722039,3.461820,1.223195	3.800026,3.316658,1.483563	1.149609,2.833308,9.793235	3.722039,3.461820,1.223195	3.39941358566
18:34:35	3.685866,3.522287,1.148303	3.800026,3.316658,1.483563	-0.201182,0.380808,10.744058	3.685866,3.522287,1.148303	3.39941358566
18:34:35	3.669405,3.593154,1.071065	3.800026,3.316658,1.483563	-0.227527,-0.270637,10.514136	3.669405,3.593154,1.071065	3.34662771225
18:34:35	3.671765,3.666682,0.992861	3.800026,3.316658,1.483563	0.170046,-0.186812,10.480605	3.671765,3.666682,0.992861	3.34662771225
18:34:36	3.686526,3.731206,0.919034	3.800026,3.316658,1.483563	0.052690,-0.361648,10.595566	3.686526,3.731206,0.919034	3.35190629959
18:34:36	3.704657,3.778181,0.852534	3.800026,3.316658,1.483563	0.107776,-0.186812,10.394385	3.704657,3.778181,0.852534	3.33607053757
18:34:36	3.721072,3.804905,0.789754	3.800026,3.316658,1.483563	-0.277822,0.316143,10.729688	3.721072,3.804905,0.789754	3.33607053757
18:34:36	3.734533,3.809870,0.729702	3.800026,3.316658,1.483563	0.378413,0.253872,10.629097	3.734533,3.809870,0.729702	3.37302064896
18:34:36	3.744210,3.793423,0.669392	3.737376,3.807678,0.714819	0.136516,0.335303,9.668694	3.744210,3.793423,0.669392	3.35190629959
18:34:36	3.748587,3.760092,0.603597	3.736561,3.744206,0.929786	-0.167651,0.601150,10.020762	3.748587,3.760092,0.603597	3.37302064896
18:34:36	3.746836,3.720848,0.535770	3.734656,3.733917,0.887391	0.387993,0.356858,10.423125	3.746836,3.720848,0.535770	3.37302064896
18:34:36	3.738468,3.690959,0.471267	3.737031,3.692949,0.837106	0.486189,0.941243,10.315349	3.738468,3.690959,0.471267	3.36774206161
