# Flight Log 
# 25 08 17 - 18:32:06
Time		X,Y,Z				goalX,goalY,goalZ		ddx,ddy,ddz			angularx,angulary,angularz	battery
18:32:07	0.000000,0.000000,0.000000	0.000000,0.000000,0.000000	0.000000,0.000000,0.000000	0.000000,0.000000,0.000000	0
18:32:07	0.000000,0.000000,0.000000	0.000000,0.000000,0.000000	0.000000,0.000000,0.000000	0.000000,0.000000,0.000000	0
18:32:07	0.695731,0.813753,0.410243	0.766554,0.887758,0.441481	-0.114961,0.098196,10.293794	0.695731,0.813753,0.410243	4.10674476624
18:32:07	0.695755,0.813736,0.410220	0.766542,0.887761,0.441549	-0.110171,0.093406,10.300979	0.695755,0.813736,0.410220	4.10674476624
18:32:07	0.695776,0.813768,0.410181	0.766548,0.887757,0.441510	-0.112566,0.095801,10.281819	0.695776,0.813768,0.410181	4.10674476624
18:32:07	0.695809,0.813764,0.410193	0.766555,0.887749,0.441465	-0.110171,0.095801,10.305769	0.695809,0.813764,0.410193	4.10674476624
18:32:07	0.695742,0.813739,0.410219	0.766528,0.887745,0.441593	-0.112566,0.100591,10.300979	0.695742,0.813739,0.410219	4.10674476624
18:32:07	0.695747,0.813762,0.410235	0.766526,0.887746,0.441625	-0.107776,0.098196,10.303374	0.695747,0.813762,0.410235	4.10674476624
18:32:07	0.695751,0.813740,0.410209	0.766556,0.887758,0.441513	-0.100591,0.098196,10.308164	0.695751,0.813740,0.410209	4.10674476624
18:32:07	0.695749,0.813742,0.410226	0.766552,0.887755,0.441510	-0.105381,0.102986,10.298584	0.695749,0.813742,0.410226	4.10674476624
18:32:07	0.695740,0.813747,0.410224	0.766545,0.887762,0.441515	-0.105381,0.098196,10.291399	0.695740,0.813747,0.410224	4.10674476624
18:32:08	0.695784,0.813760,0.410190	0.766518,0.887740,0.441599	-0.105381,0.100591,10.300979	0.695784,0.813760,0.410190	4.10674476624
18:32:08	0.695770,0.813744,0.410226	0.766553,0.887752,0.441532	-0.110171,0.100591,10.291399	0.695770,0.813744,0.410226	4.10674476624
18:32:08	0.695752,0.813745,0.410236	0.766568,0.887757,0.441380	-0.112566,0.093406,10.277029	0.695752,0.813745,0.410236	4.02228736877
18:32:08	0.695755,0.813766,0.410230	0.766520,0.887732,0.441609	-0.136516,0.079036,10.298584	0.695755,0.813766,0.410230	4.01700878143
18:32:08	0.695751,0.813722,0.410251	0.766520,0.887743,0.441496	-0.098196,0.095801,10.308164	0.695751,0.813722,0.410251	4.00645160675
18:32:08	0.695778,0.813807,0.410230	0.766530,0.887755,0.441503	-0.079036,0.122146,10.336904	0.695778,0.813807,0.410230	3.99589443207
18:32:08	0.695750,0.813764,0.410278	0.766536,0.887744,0.441356	-0.062271,0.098196,10.200388	0.695750,0.813764,0.410278	3.98533725739
18:32:08	0.695760,0.813774,0.410336	0.766578,0.887772,0.441406	-0.071851,0.143701,10.265054	0.695760,0.813774,0.410336	3.98005867004
18:32:08	0.695819,0.813746,0.410228	0.766509,0.887754,0.441536	-0.052690,0.253872,9.944121	0.695819,0.813746,0.410228	3.9747800827
18:32:08	0.695746,0.813750,0.410270	0.766514,0.887737,0.441475	-0.170046,0.114961,10.389595	0.695746,0.813750,0.410270	3.95894432068
18:32:09	0.695759,0.813664,0.410212	0.766549,0.887759,0.441389	-0.102986,0.126936,10.336904	0.695759,0.813664,0.410212	3.95366573334
18:32:09	0.695749,0.813716,0.410247	0.766582,0.887756,0.441336	-0.150886,0.035925,10.214758	0.695749,0.813716,0.410247	3.93782997131
18:32:09	0.695736,0.813732,0.410302	0.766511,0.887736,0.441447	-0.062271,0.000000,10.497371	0.695736,0.813732,0.410302	3.93255138397
18:32:09	0.695766,0.813640,0.410211	0.766523,0.887796,0.441514	-0.184417,-0.021555,10.097402	0.695702,0.813634,0.410264	3.92199420929
18:32:09	0.695866,0.813756,0.410214	0.766514,0.887779,0.441536	-0.043110,0.165256,10.494976	0.695866,0.813756,0.410214	3.91143703461
18:32:09	0.695701,0.813668,0.410262	0.766548,0.887769,0.441431	0.069456,0.184417,10.399175	0.695701,0.813668,0.410262	3.90087985992
18:32:09	0.695853,0.813463,0.410168	0.766540,0.887795,0.441473	0.023950,0.182021,10.114167	0.695853,0.813463,0.410168	3.89560127258
18:32:09	0.696432,0.813207,0.409703	0.766192,0.888080,0.442712	-0.141306,0.174836,10.353669	0.696432,0.813207,0.409703	3.87976527214
18:32:09	0.696419,0.812963,0.409675	0.766110,0.888206,0.378414	-0.249082,0.119751,10.322534	0.696419,0.812963,0.409675	3.86920809746
18:32:09	0.696486,0.812696,0.409718	0.766181,0.888368,0.378364	-0.165256,0.009580,10.540481	0.696486,0.812696,0.409718	3.85865092278
18:32:10	0.697292,0.812953,0.409602	0.765819,0.888384,0.378971	0.100591,0.067061,10.494976	0.697292,0.812953,0.409602	3.84809374809
18:32:10	0.698395,0.812990,0.409853	0.765106,0.888203,0.378778	-0.282612,0.067061,10.013577	0.698395,0.812990,0.409853	3.83753657341
18:32:10	0.700602,0.812034,0.408680	0.763744,0.888805,0.381448	-0.261057,0.198787,9.989626	0.700602,0.812034,0.408680	3.83753657341
18:32:10	0.699967,0.812471,0.409507	0.763481,0.888749,0.380978	-0.447869,0.189207,10.224338	0.699967,0.812471,0.409507	3.81642222404
18:32:10	0.698983,0.811300,0.410455	0.764567,0.888895,0.377629	0.035925,0.227527,10.368040	0.698983,0.811300,0.410455	3.80586504936
18:32:10	0.700253,0.812257,0.410679	0.764317,0.888931,0.376963	-0.122146,0.000000,10.238708	0.700253,0.812257,0.410679	3.79530787468
18:32:10	0.701984,0.811913,0.409902	0.763219,0.889020,0.442411	-0.076641,0.270637,10.341694	0.701984,0.811913,0.409902	3.77947211266
18:32:10	0.703453,0.812076,0.409854	0.762606,0.888889,0.377754	-0.136516,0.625100,10.193203	0.703453,0.812076,0.409854	3.76363635063
18:32:10	0.705309,0.812563,0.409428	0.761427,0.888773,0.443442	-0.038320,0.476609,10.490186	0.705309,0.812563,0.409428	3.75307917595
18:32:10	0.706981,0.813884,0.409662	0.760319,0.888173,0.379238	0.316143,-0.258662,10.542876	0.706981,0.813884,0.409662	3.74252200127
18:32:11	0.708615,0.815112,0.410007	0.759691,0.887337,0.378312	0.064666,-0.141306,10.389595	0.708615,0.815112,0.410007	3.72668623924
18:32:11	0.711356,0.815644,0.409784	0.757944,0.886865,0.378992	0.158071,0.186812,10.310559	0.711356,0.815644,0.409784	3.70557188988
18:32:11	0.714891,0.816922,0.410006	0.787829,0.886327,0.379460	0.014370,0.455054,10.147698	0.714891,0.816922,0.410006	3.69501471519
18:32:11	0.720575,0.818607,0.409909	0.785606,0.885610,0.378392	0.172441,-0.162861,10.219548	0.720575,0.818607,0.409909	3.68445754051
18:32:11	0.728233,0.821792,0.410958	0.782028,0.884203,0.377698	0.361648,1.005908,10.217153	0.728233,0.821792,0.410958	3.66862177849
18:32:11	0.739651,0.828573,0.415460	0.776622,0.881617,0.436084	0.220342,0.239502,10.655442	0.739651,0.828573,0.415460	3.65806460381
18:32:11	0.753980,0.841348,0.421376	0.801081,0.876123,0.424211	0.332908,0.373623,10.868599	0.753980,0.841348,0.421376	3.63695025444
18:32:11	0.773285,0.861432,0.429033	0.790923,0.898871,0.411557	0.244292,0.493374,10.236313	0.773285,0.861432,0.429033	3.62111449242
18:32:11	0.800080,0.885092,0.436348	0.809812,0.885289,0.394159	0.452659,0.831072,9.972861	0.800080,0.885092,0.436348	3.60000014305
18:32:11	0.827551,0.907122,0.445494	0.824817,0.934878,0.437893	0.112566,-0.234712,10.224338	0.829831,0.909092,0.446692	3.57888579369
18:32:12	0.861904,0.931699,0.454693	0.869989,0.952813,0.418234	0.359253,0.026345,10.593171	0.861904,0.931699,0.454693	3.568328619
18:32:12	0.891782,0.950205,0.463843	0.882534,0.971767,0.400124	-0.201182,0.421523,10.676997	0.891782,0.950205,0.463843	3.54721426964
18:32:12	0.929174,0.968960,0.477100	0.927168,0.992263,0.437366	-0.131726,0.692161,10.583591	0.929174,0.968960,0.477100	3.54193544388
18:32:12	0.963691,0.985058,0.497995	0.938193,1.014484,0.467214	-0.198787,-0.114961,11.304492	0.963691,0.985058,0.497995	3.53665685654
18:32:12	0.994742,1.001564,0.525583	0.981524,1.037021,0.415813	0.040715,0.455054,9.833950	0.994742,1.001564,0.525583	3.55777144432
18:32:12	1.019123,1.020452,0.548355	1.028704,1.058563,0.420415	0.107776,1.286125,9.901011	1.019123,1.020452,0.548355	3.55777144432
18:32:12	1.034641,1.044640,0.569062	1.048308,1.046081,0.501872	0.311353,0.773591,10.133328	1.034641,1.044640,0.569062	3.57888579369
18:32:12	1.046742,1.075087,0.592447	1.072007,1.062088,0.519260	0.028740,0.170046,10.665022	1.046742,1.075087,0.592447	3.56305003166
18:32:12	1.056686,1.111334,0.620338	1.097385,1.106217,0.527677	0.332908,-0.277822,10.763218	1.056686,1.111334,0.620338	3.57360720634
18:32:12	1.067984,1.151288,0.644778	1.123370,1.115369,0.467460	0.237107,0.055085,9.788445	1.067984,1.151288,0.644778	3.568328619
18:32:13	1.080755,1.190937,0.662320	1.116170,1.155098,0.547834	0.047900,0.462239,10.207573	1.080755,1.190937,0.662320	3.568328619
18:32:13	1.094648,1.224735,0.681378	1.139830,1.196010,0.637182	-0.095801,-0.227527,10.636282	1.094648,1.224735,0.681378	3.55777144432
18:32:13	1.115415,1.262554,0.709262	1.129577,1.238518,0.586002	-0.069456,0.205972,10.066267	1.115415,1.262554,0.709262	3.56305003166
18:32:13	1.134175,1.292689,0.729141	1.149916,1.282114,0.657447	0.189207,0.421523,9.951306	1.134175,1.292689,0.729141	3.56305003166
18:32:13	1.156427,1.322509,0.751576	1.168675,1.327135,0.676518	0.440684,0.811912,10.063872	1.157675,1.324703,0.754290	3.55777144432
18:32:13	1.176414,1.349089,0.777499	1.187898,1.342345,0.686225	0.095801,0.366438,10.250684	1.176414,1.349089,0.777499	3.568328619
18:32:13	1.194679,1.374342,0.801866	1.208444,1.390873,0.694056	1.032253,-0.019160,9.984836	1.194679,1.374342,0.801866	3.55777144432
18:32:13	1.211242,1.401085,0.826403	1.230319,1.408033,0.706162	0.198787,0.615520,10.083032	1.211242,1.401085,0.826403	3.55777144432
18:32:13	1.222997,1.423861,0.843681	1.254073,1.425144,0.787457	0.275427,0.409548,10.102192	1.222997,1.423861,0.843681	3.55249285698
18:32:13	1.232400,1.448378,0.866252	1.279359,1.442330,0.742900	0.270637,0.201182,9.651929	1.232400,1.448378,0.866252	3.51554250717
18:32:14	1.241921,1.472856,0.881947	1.273551,1.491555,0.827653	0.119751,0.428708,10.334509	1.241921,1.472856,0.881947	3.51554250717
18:32:14	1.252002,1.498574,0.897681	1.299970,1.508703,0.858731	0.167651,-0.057480,11.110496	1.252002,1.498574,0.897681	3.51026391983
18:32:14	1.263940,1.527007,0.916840	1.293345,1.524597,0.820303	0.373623,-0.483794,9.568103	1.263940,1.527007,0.916840	3.54721426964
18:32:14	1.279130,1.560935,0.927708	1.317501,1.570659,0.783901	0.162861,0.651445,9.335786	1.279130,1.560935,0.927708	3.5313782692
18:32:14	1.293156,1.591255,0.925428	1.308740,1.583341,0.774509	-0.162861,0.261057,9.489067	1.293156,1.591255,0.925428	3.49442815781
18:32:14	1.306978,1.624563,0.918544	1.331963,1.627267,0.914472	-0.232317,0.514929,10.027947	1.306978,1.624563,0.918544	3.48914957047
18:32:14	1.319151,1.657602,0.916218	1.355928,1.639371,0.927675	-0.079036,0.397573,10.803933	1.319151,1.657602,0.916218	3.48914957047
18:32:14	1.330982,1.692630,0.920059	1.381184,1.683610,0.925867	0.416733,0.490979,10.447075	1.330982,1.692630,0.920059	3.51554250717
18:32:14	1.342601,1.723348,0.925744	1.374604,1.728574,0.914324	0.771196,0.548459,9.929751	1.342601,1.723348,0.925744	3.48387098312
18:32:14	1.354641,1.752906,0.928923	1.399371,1.742524,0.903934	0.239502,-0.265847,9.881851	1.354641,1.752906,0.928923	3.49970674515
18:32:15	1.366584,1.782220,0.928585	1.392207,1.788871,0.835739	-0.095801,0.131726,10.317744	1.366584,1.782220,0.928585	3.46275663376
18:32:15	1.379935,1.809749,0.925782	1.416791,1.803563,0.839440	0.220342,0.220342,10.253079	1.379935,1.809749,0.925782	3.47331380844
18:32:15	1.392662,1.832641,0.922569	1.440614,1.851748,0.846351	0.847837,1.013093,9.884246	1.392662,1.832641,0.922569	3.47331380844
18:32:15	1.406626,1.856037,0.918547	1.432169,1.869339,0.854879	0.091011,0.270637,10.305769	1.406626,1.856037,0.918547	3.4680352211
18:32:15	1.419438,1.880055,0.914913	1.456015,1.887278,0.798906	-0.198787,-0.146096,9.948911	1.419438,1.880055,0.914913	3.48387098312
18:32:15	1.430918,1.907698,0.903862	1.480943,1.904463,0.812538	-0.021555,-0.050295,10.339299	1.430918,1.907698,0.903862	3.46275663376
18:32:15	1.440670,1.934625,0.894481	1.475052,1.952842,0.837186	-0.311353,0.263452,10.811118	1.440670,1.934625,0.894481	3.48914957047
18:32:15	1.452743,1.965097,0.890709	1.500759,1.967944,0.852640	0.232317,0.706531,10.205178	1.452743,1.965097,0.890709	3.51026391983
18:32:15	1.466477,1.997055,0.890102	1.492805,1.948420,0.857223	0.232317,0.282612,10.372830	1.466477,1.997055,0.890102	3.47331380844
18:32:15	1.485985,2.035178,0.889437	1.514939,1.958999,0.922657	0.040715,0.519719,10.332114	1.485985,2.035178,0.889437	3.47331380844
18:32:16	1.506516,2.066090,0.898642	1.535421,2.002820,0.853401	-0.016765,0.308958,10.595566	1.506516,2.066090,0.898642	3.47859239578
18:32:16	1.529309,2.092607,0.904254	1.554535,2.017388,0.895988	0.728086,1.568738,10.039922	1.529309,2.092607,0.904254	3.51554250717
18:32:16	1.550834,2.112017,0.910768	1.572504,2.066750,0.884567	0.165256,0.663420,10.111772	1.550834,2.112017,0.910768	3.50498533249
18:32:16	1.574554,2.128932,0.916442	1.590640,2.151746,0.869580	0.234712,0.045505,10.162068	1.574554,2.128932,0.916442	3.50498533249
18:32:16	1.592543,2.140480,0.918488	1.610395,2.175563,0.925684	0.222737,0.740061,9.989626	1.592543,2.140480,0.918488	3.49442815781
18:32:16	1.603909,2.149703,0.923815	1.632978,2.201128,0.918453	0.112566,0.119751,10.645862	1.603909,2.149703,0.923815	3.49442815781
18:32:16	1.610924,2.163247,0.927945	1.659228,2.194825,0.906025	0.217947,1.027463,9.752520	1.610924,2.163247,0.927945	3.48387098312
18:32:16	1.613150,2.179452,0.925787	1.656640,2.186027,0.903480	-0.162861,0.368833,10.358459	1.613150,2.179452,0.925787	3.44692087173
18:32:16	1.614501,2.203984,0.919047	1.687786,2.173871,0.913576	-0.004790,0.376018,10.526111	1.614501,2.203984,0.919047	3.48914957047
18:32:16	1.617435,2.227248,0.914479	1.686754,2.191359,0.927186	0.402363,0.000000,10.186018	1.617435,2.227248,0.914479	3.44692087173
18:32:17	1.627613,2.256539,0.912238	1.683293,2.207699,0.935724	0.205972,0.040715,10.839858	1.627613,2.256539,0.912238	3.4680352211
18:32:17	1.643570,2.285443,0.912545	1.675814,2.222994,0.936767	-0.201182,-0.840652,10.911709	1.643570,2.285443,0.912545	3.47859239578
18:32:17	1.663283,2.314899,0.913526	1.697142,2.237311,0.935676	0.210762,0.249082,9.977651	1.663283,2.314899,0.913526	3.50498533249
18:32:17	1.686334,2.342121,0.915810	1.684515,2.283991,0.932330	0.277822,0.134121,10.174043	1.686334,2.342121,0.915810	3.49970674515
18:32:17	1.712278,2.365354,0.918532	1.733889,2.300626,0.926790	0.095801,0.079036,10.406360	1.712278,2.365354,0.918532	3.50498533249
18:32:17	1.737404,2.382495,0.920197	1.749756,2.351809,0.921315	0.354463,0.191602,9.718989	1.737404,2.382495,0.920197	3.50498533249
18:32:17	1.766710,2.397954,0.921559	1.765391,2.373851,0.917589	-0.352068,0.016765,10.552456	1.766710,2.397954,0.921559	3.49970674515
18:32:17	1.791561,2.409591,0.921247	1.781540,2.398235,0.916569	0.086221,0.399968,10.609937	1.791561,2.409591,0.921247	3.49970674515
18:32:17	1.811829,2.421067,0.920614	1.831655,2.391444,0.917520	0.488584,0.483794,10.133328	1.811829,2.421067,0.920614	3.49970674515
18:32:17	1.827121,2.433404,0.919695	1.852705,2.416305,0.919474	-0.237107,0.644260,10.336904	1.827121,2.433404,0.919695	3.49970674515
18:32:18	1.838728,2.447524,0.918823	1.876580,2.408574,0.921417	-0.201182,0.138911,10.626702	1.838728,2.447524,0.918823	3.49970674515
18:32:18	1.846769,2.462654,0.917291	1.902350,2.431443,0.924198	0.270637,-0.002395,10.504556	1.846769,2.462654,0.917291	3.49970674515
18:32:18	1.854281,2.481883,0.916027	1.897687,2.453097,0.927535	0.150886,0.349673,10.494976	1.854281,2.481883,0.916027	3.49970674515
18:32:18	1.860770,2.501063,0.915560	1.893858,2.442190,0.929203	0.110171,0.280217,10.296189	1.860770,2.501063,0.915560	3.48387098312
18:32:18	1.867415,2.519484,0.914495	1.921828,2.462353,0.930760	0.170046,0.332908,10.461445	1.867841,2.521086,0.914529	3.49442815781
18:32:18	1.876695,2.539374,0.914976	1.917202,2.482572,0.932155	0.026345,-0.110171,10.425520	1.876695,2.539374,0.914976	3.49442815781
18:32:18	1.887692,2.556825,0.916225	1.943372,2.504048,0.929859	-0.045505,0.074246,10.214758	1.887692,2.556825,0.916225	3.49970674515
18:32:18	1.899347,2.575076,0.916466	1.936453,2.525415,0.927824	-0.095801,0.055085,10.494976	1.899347,2.575076,0.916466	3.50498533249
18:32:18	1.911880,2.594422,0.916108	1.961354,2.546125,0.928150	0.249082,-0.091011,10.018367	1.911880,2.594422,0.916108	3.49970674515
18:32:18	1.923369,2.612859,0.915783	1.953720,2.566370,0.928688	-0.196392,0.184417,10.566826	1.923369,2.612859,0.915783	3.49970674515
18:32:19	1.936388,2.635045,0.915794	1.978258,2.650142,1.057391	0.000000,0.543669,10.581196	1.936388,2.635045,0.915794	3.49970674515
18:32:19	1.946079,2.654030,0.921357	1.971407,2.669797,1.053024	0.371228,0.124541,10.437495	1.946838,2.655858,0.921983	3.49442815781
18:32:19	1.955487,2.677758,0.929524	1.997632,2.657134,0.972233	-0.160466,0.174836,9.764495	1.955487,2.677758,0.929524	3.49970674515
18:32:19	1.962915,2.700636,0.928511	2.024828,2.675664,0.962120	1.166375,1.662144,9.656719	1.962915,2.700636,0.928511	3.49442815781
18:32:19	1.970801,2.723120,0.923522	2.020412,2.661963,0.969639	0.076641,0.505349,10.353669	1.970801,2.723120,0.923522	3.48914957047
18:32:19	1.980526,2.744320,0.919497	2.015267,2.712618,0.980906	0.296982,0.093406,10.612332	1.980526,2.744320,0.919497	3.48914957047
18:32:19	1.992037,2.762673,0.920498	2.040814,2.732716,0.984962	0.819097,5.587581,10.401570	1.992037,2.762673,0.920498	3.48914957047
18:32:19	2.004194,2.780016,0.923152	2.033757,2.754054,1.044456	0.057480,0.917292,10.727292	2.004194,2.780016,0.923152	3.49442815781
18:32:19	2.016770,2.797182,0.931663	2.058231,2.743736,1.034986	0.095801,0.589175,10.312954	2.016770,2.797182,0.931663	3.35718488693
18:32:19	2.029164,2.814508,0.941749	2.050755,2.765442,1.012571	0.244292,0.622705,10.032737	2.029164,2.814508,0.941749	3.49970674515
18:32:20	2.041161,2.831642,0.947713	2.075489,2.786948,0.993875	0.040715,0.095801,10.118958	2.041161,2.831642,0.947713	3.49442815781
18:32:20	2.052229,2.848950,0.949707	2.100410,2.808691,0.983993	0.028740,-0.050295,10.377620	2.052229,2.848950,0.949707	3.48387098312
18:32:20	2.062222,2.866543,0.948837	2.094135,2.830250,0.982918	0.134121,0.146096,9.778865	2.062222,2.866543,0.948837	3.48387098312
18:32:20	2.071718,2.885546,0.948324	2.120304,2.851518,1.049622	0.182021,0.287402,10.849438	2.071718,2.885546,0.948324	3.48914957047
18:32:20	2.080019,2.907959,0.953214	2.114879,2.871316,1.046305	0.306563,0.179626,10.451865	2.080019,2.907959,0.953214	3.48914957047
18:32:20	2.088220,2.933754,0.960156	2.141893,2.888965,1.032601	0.014370,0.924478,10.324929	2.088220,2.933754,0.960156	3.48914957047
18:32:20	2.096807,2.960786,0.965644	2.136975,2.905015,1.017999	-0.277822,0.165256,9.879456	2.096807,2.960786,0.965644	3.48914957047
18:32:20	2.105086,2.985317,0.968405	2.163732,2.920756,1.008495	0.493374,0.086221,10.181228	2.105625,2.987729,0.968503	3.47859239578
18:32:20	2.115438,3.012708,0.969354	2.158216,2.968948,0.939652	0.249082,-0.313748,9.924961	2.115438,3.012708,0.969354	3.47331380844
18:32:20	2.125766,3.033035,0.964708	2.151964,2.986602,0.942905	0.105381,0.275427,10.109377	2.126737,3.034693,0.964080	3.47859239578
18:32:21	2.138682,3.053678,0.957836	2.176886,3.006257,0.956647	-0.153281,0.280217,10.648257	2.138682,3.053678,0.957836	3.47331380844
18:32:21	2.149431,3.071019,0.954167	2.201977,3.027359,0.968287	0.079036,0.505349,10.538086	2.149431,3.071019,0.954167	3.4680352211
18:32:21	2.159436,3.088230,0.955271	2.195820,3.049185,0.972842	1.149609,3.106340,10.427915	2.159436,3.088230,0.955271	3.40997076035
18:32:21	2.169247,3.107171,0.957918	2.221803,3.070497,0.967679	0.035925,0.328118,10.255474	2.169247,3.107171,0.957918	3.47331380844
18:32:21	2.177229,3.126709,0.960382	2.248149,3.058421,1.025898	0.201182,-0.134121,10.679392	2.177229,3.126709,0.960382	3.48387098312
18:32:21	2.186989,3.150743,0.968121	2.275117,3.077385,0.952206	-0.091011,0.682581,10.130933	2.186989,3.150743,0.968121	3.4680352211
18:32:21	2.197623,3.170835,0.969283	2.269072,3.063966,0.939432	0.433499,0.771196,9.829160	2.197623,3.170835,0.969283	3.47859239578
18:32:21	2.213249,3.190529,0.965177	2.293214,3.051637,1.007374	0.050295,0.040715,10.894944	2.213249,3.190529,0.965177	3.47331380844
18:32:21	2.229976,3.202393,0.966566	2.280791,3.050011,1.010266	0.246687,0.162861,10.791958	2.229976,3.202393,0.966566	3.44692087173
18:32:21	2.248770,3.207852,0.970501	2.318693,3.068394,0.998995	0.775986,0.826282,10.312954	2.248770,3.207852,0.970501	3.47859239578
18:32:22	2.267769,3.206547,0.975633	2.326257,3.067323,1.033112	0.117356,0.773591,10.423125	2.267769,3.206547,0.975633	3.47859239578
18:32:22	2.286470,3.199362,0.986560	2.355590,3.074779,1.079846	0.289797,0.011975,10.796748	2.286470,3.199362,0.986560	3.47331380844
18:32:22	2.305415,3.189941,1.002671	2.382596,3.067135,1.065580	0.658630,0.634680,9.951306	2.305415,3.189941,1.002671	3.48914957047
18:32:22	2.324578,3.180800,1.016652	2.407568,3.064382,1.096860	0.330513,0.325723,10.425520	2.324578,3.180800,1.016652	3.48914957047
18:32:22	2.344214,3.173102,1.032340	2.408427,3.085646,1.077215	0.095801,0.368833,10.020762	2.344214,3.173102,1.032340	3.4680352211
18:32:22	2.364856,3.168844,1.043989	2.428383,3.089486,1.044546	-0.110171,0.402363,9.515413	2.364856,3.168844,1.043989	3.48914957047
18:32:22	2.385169,3.168924,1.048247	2.447873,3.091003,1.025492	0.172441,0.459844,9.544153	2.385169,3.168924,1.048247	3.52082109451
18:32:22	2.403913,3.172892,1.046879	2.436121,3.089967,1.022382	-0.074246,0.095801,10.253079	2.403913,3.172892,1.046879	3.48387098312
18:32:22	2.420789,3.179466,1.044091	2.489228,3.182752,1.027395	0.766406,0.986748,10.523716	2.420789,3.179466,1.044091	3.47331380844
18:32:22	2.433364,3.188452,1.043782	2.480007,3.178318,1.031928	0.091011,0.553250,10.715317	2.433364,3.188452,1.043782	3.45747804642
18:32:23	2.441155,3.202171,1.043774	2.473713,3.171899,1.031780	2.129172,4.358936,10.071057	2.441155,3.202171,1.043774	3.46275663376
18:32:23	2.444654,3.219529,1.044344	2.534159,3.194460,1.031625	0.275427,0.639470,10.638677	2.444654,3.219529,1.044344	3.47859239578
18:32:23	2.445831,3.237695,1.045748	2.532834,3.183878,1.028973	0.289797,0.059875,10.506951	2.445831,3.237695,1.045748	3.47859239578
18:32:23	2.448511,3.257082,1.047334	2.532064,3.204650,1.025798	-0.040715,0.122146,10.765613	2.448511,3.257082,1.047334	3.47331380844
18:32:23	2.454805,3.277879,1.048779	2.561605,3.192606,1.022347	0.117356,-0.052690,10.260264	2.454805,3.277879,1.048779	3.47859239578
18:32:23	2.465505,3.300158,1.048879	2.588729,3.211693,1.019984	0.646655,0.694556,10.205178	2.465505,3.300158,1.048879	3.48387098312
18:32:23	2.483037,3.321566,1.048918	2.580762,3.198477,1.020242	0.457449,0.625100,10.106982	2.483037,3.321566,1.048918	3.47331380844
18:32:23	2.507283,3.339668,1.048633	2.617274,3.230316,1.023520	0.158071,0.747246,10.229128	2.507283,3.339668,1.048633	3.47859239578
18:32:23	2.535996,3.351800,1.049808	2.642978,3.245339,1.021084	0.486189,0.823887,10.300979	2.535996,3.351800,1.049808	3.46275663376
18:32:23	2.567108,3.358944,1.049686	2.662738,3.266813,1.018021	0.143701,0.634680,10.044712	2.567108,3.358944,1.049686	3.48387098312
18:32:24	2.595843,3.362132,1.048303	2.675809,3.295593,1.019701	0.064666,0.886157,10.394385	2.595843,3.362132,1.048303	3.47859239578
18:32:24	2.626309,3.363721,1.046628	2.666660,3.283228,1.055400	-0.198787,0.469424,10.945239	2.626309,3.363721,1.046628	3.47331380844
18:32:24	2.647948,3.364910,1.048756	2.636277,3.364203,1.047032	0.153281,0.560435,10.356064	2.647948,3.364910,1.048756	3.33079195023
18:32:24	2.661979,3.365664,1.052815	2.654794,3.365045,1.050406	-0.031135,0.529299,10.466235	2.661979,3.365664,1.052815	3.48387098312
18:32:24	2.668107,3.369061,1.055638	2.739255,3.339579,1.024276	0.337698,0.443079,9.848320	2.668107,3.369061,1.055638	3.47859239578
18:32:24	2.668354,3.377079,1.053321	2.740801,3.340909,1.023689	0.143701,0.050295,10.027947	2.668354,3.377079,1.053321	3.48387098312
18:32:24	2.666465,3.389438,1.049400	2.737713,3.345219,1.026169	0.023950,0.543669,10.521321	2.666465,3.389438,1.049400	3.4680352211
18:32:24	2.665883,3.405698,1.046249	2.732640,3.352623,1.028819	0.531694,-0.632285,10.870994	2.665883,3.405698,1.046249	3.4680352211
18:32:24	2.668333,3.424782,1.044377	2.728023,3.362911,1.030683	0.335303,0.378413,10.073452	2.668333,3.424782,1.044377	3.46275663376
18:32:24	2.674040,3.445460,1.043134	2.725252,3.375527,1.031906	0.416733,-0.134121,10.483000	2.674040,3.445460,1.043134	3.47331380844
18:32:25	2.683039,3.465986,1.042126	2.724809,3.389908,1.032795	-0.081431,0.567620,10.121353	2.683039,3.465986,1.042126	3.47331380844
18:32:25	2.695276,3.484100,1.042066	2.727121,3.404374,1.033407	-0.124541,0.273032,10.186018	2.695276,3.484100,1.042066	3.46275663376
18:32:25	2.710060,3.499789,1.042310	2.732466,3.417303,1.033887	0.083826,0.479004,10.200388	2.710060,3.499789,1.042310	3.47331380844
18:32:25	2.725619,3.513258,1.042192	2.739644,3.429237,1.034278	-0.354463,0.215552,10.631492	2.725619,3.513258,1.042192	3.47859239578
18:32:25	2.741479,3.523721,1.042347	2.747882,3.439644,1.034616	0.241897,-0.296982,10.157278	2.741479,3.523721,1.042347	3.47331380844
18:32:25	2.756999,3.531404,1.042444	2.756831,3.447884,1.034918	0.002395,0.775986,10.430310	2.756999,3.531404,1.042444	3.47331380844
18:32:25	2.771734,3.536047,1.042438	2.765960,3.453870,1.035107	-0.059875,0.720901,10.253079	2.771734,3.536047,1.042438	3.47331380844
18:32:25	2.784189,3.537264,1.042616	2.774762,3.457037,1.035239	0.522114,0.526904,10.298584	2.784189,3.537264,1.042616	3.47331380844
18:32:25	2.796151,3.535897,1.042579	2.782720,3.457358,1.035283	-0.035925,0.246687,10.408755	2.797041,3.535684,1.042617	3.47331380844
18:32:25	2.806698,3.531971,1.042280	2.789457,3.455420,1.035211	0.268242,0.395178,10.360854	2.806698,3.531971,1.042280	3.47331380844
18:32:26	2.813323,3.526244,1.042081	2.794409,3.451443,1.035040	-0.146096,0.562830,10.396780	2.813323,3.526244,1.042081	3.47331380844
18:32:26	2.817482,3.519104,1.041649	2.797306,3.445529,1.034800	0.148491,-0.344883,10.633887	2.817482,3.519104,1.041649	3.4680352211
18:32:26	2.820136,3.511658,1.040854	2.798776,3.438429,1.034449	0.136516,0.558040,10.456655	2.820136,3.511658,1.040854	3.47331380844
18:32:26	2.821959,3.502806,1.039900	2.799303,3.430435,1.034038	-0.045505,0.694556,10.186018	2.821959,3.502806,1.039900	3.47331380844
18:32:26	2.823015,3.493086,1.038491	2.798955,3.421664,1.033622	0.277822,-0.263452,9.958491	2.823015,3.493086,1.038491	3.47331380844
18:32:26	2.824258,3.480860,1.037157	2.798195,3.411865,1.033236	0.277822,0.081431,10.550061	2.824258,3.480860,1.037157	3.47331380844
18:32:26	2.825340,3.468368,1.035776	2.797000,3.400758,1.032938	0.167651,-0.263452,10.413545	2.825340,3.468368,1.035776	3.47331380844
18:32:26	2.825807,3.456448,1.034490	2.795198,3.389052,1.032786	0.081431,0.419128,10.518926	2.825852,3.455348,1.034395	3.4680352211
18:32:26	2.825579,3.442367,1.033219	2.792568,3.377103,1.032808	-0.076641,0.368833,10.106982	2.825579,3.442367,1.033219	3.4680352211
18:32:26	2.824406,3.430899,1.031432	2.789110,3.365693,1.033183	0.421523,0.615520,10.320139	2.824406,3.430899,1.031432	3.4680352211
18:32:27	2.821945,3.416688,1.030128	2.784759,3.354518,1.034076	0.438289,0.371228,10.023157	2.821945,3.416688,1.030128	3.4680352211
18:32:27	2.817913,3.403362,1.029377	2.820501,3.411052,1.029781	0.390388,0.546064,10.360854	2.817913,3.403362,1.029377	3.4680352211
18:32:27	2.812058,3.392072,1.028639	2.815637,3.398139,1.029135	0.376018,0.244292,10.293794	2.812058,3.392072,1.028639	3.49442815781
18:32:27	2.805176,3.386659,1.026513	2.865348,3.331998,1.033659	0.526904,0.222737,10.504556	2.805176,3.386659,1.026513	3.4680352211
18:32:27	2.799489,3.388330,1.024432	2.861007,3.332230,1.033770	0.000000,0.294587,10.468630	2.799489,3.388330,1.024432	3.46275663376
18:32:27	2.798140,3.395950,1.022476	2.856715,3.336402,1.033555	0.476609,-0.469424,10.023157	2.798140,3.395950,1.022476	3.46275663376
18:32:27	2.801677,3.407404,1.021155	2.854770,3.343235,1.033189	0.217947,0.237107,10.499766	2.801677,3.407404,1.021155	3.4680352211
18:32:27	2.809832,3.420067,1.019889	2.855653,3.351430,1.032780	0.167651,0.728086,10.157278	2.809832,3.420067,1.019889	3.46275663376
18:32:27	2.822311,3.431373,1.019269	2.859711,3.359190,1.032467	0.294587,0.091011,10.231523	2.822311,3.431373,1.019269	3.46275663376
18:32:27	2.837723,3.439982,1.018996	2.866611,3.365160,1.032328	0.069456,0.395178,10.475815	2.837723,3.439982,1.018996	3.4680352211
18:32:28	2.854694,3.445750,1.018976	2.875115,3.369172,1.032325	-0.059875,0.438289,10.351274	2.854694,3.445750,1.018976	3.4680352211
18:32:28	2.871947,3.447824,1.018909	2.884430,3.370582,1.032463	0.356858,0.450264,10.238708	2.871947,3.447824,1.018909	3.46275663376
18:32:28	2.887537,3.445800,1.019182	2.893437,3.369025,1.032765	0.325723,1.525627,10.377620	2.887537,3.445800,1.019182	3.4680352211
18:32:28	2.900901,3.440600,1.019600	2.901157,3.364559,1.033243	0.517324,0.467029,10.356064	2.900901,3.440600,1.019600	3.46275663376
18:32:28	2.911811,3.433030,1.019842	2.907307,3.358025,1.033859	0.076641,0.634680,10.320139	2.911811,3.433030,1.019842	3.4680352211
18:32:28	2.919997,3.423604,1.020382	2.911643,3.349864,1.034625	0.170046,0.517324,10.418335	2.919997,3.423604,1.020382	3.46275663376
18:32:28	2.925045,3.413143,1.020732	2.914133,3.340151,1.035567	0.330513,0.581990,10.475815	2.925045,3.413143,1.020732	3.45747804642
18:32:28	2.927101,3.401940,1.021074	2.914758,3.329737,1.036743	0.407153,0.522114,10.257869	2.927101,3.401940,1.021074	3.46275663376
18:32:28	2.926580,3.390461,1.021441	2.913852,3.318807,1.038150	0.102986,0.878972,10.403965	2.926580,3.390461,1.021441	3.45747804642
18:32:28	2.923728,3.378826,1.021944	2.925591,3.385463,1.021689	0.033530,0.500559,10.219548	2.923728,3.378826,1.021944	3.45219945908
18:32:29	2.918919,3.369057,1.020349	2.942658,3.297337,1.034419	0.665815,0.201182,10.473420	2.918919,3.369057,1.020349	3.49442815781
18:32:29	2.912456,3.363937,1.018280	2.941253,3.290745,1.035335	0.165256,0.464634,10.344089	2.912456,3.363937,1.018280	3.404692173
18:32:29	2.906165,3.362189,1.017404	2.938656,3.288865,1.035709	0.043110,0.421523,10.370435	2.906165,3.362189,1.017404	3.46275663376
18:32:29	2.901950,3.362270,1.017179	2.936036,3.289148,1.035622	0.086221,0.050295,10.226733	2.901950,3.362270,1.017179	3.46275663376
18:32:29	2.900954,3.363796,1.016959	2.934353,3.290581,1.035397	0.179626,0.514929,10.255474	2.900954,3.363796,1.016959	3.46275663376
18:32:29	2.902981,3.365942,1.016773	2.934052,3.292236,1.035216	0.191602,-0.035925,10.061477	2.902981,3.365942,1.016773	3.46275663376
18:32:29	2.907676,3.367844,1.016840	2.935316,3.293464,1.035141	0.100591,0.538879,10.245894	2.907676,3.367844,1.016840	3.46275663376
18:32:29	2.914560,3.369299,1.016675	2.937899,3.293985,1.035201	0.285007,0.064666,10.480605	2.914560,3.369299,1.016675	3.46275663376
18:32:29	2.922877,3.369888,1.016546	2.941445,3.293759,1.035419	0.244292,0.950823,10.142908	2.922877,3.369888,1.016546	3.46275663376
18:32:29	2.930766,3.368996,1.016634	2.945373,3.292507,1.035729	0.229922,0.143701,10.111772	2.930766,3.368996,1.016634	3.46275663376
18:32:30	2.939677,3.366163,1.017051	2.949242,3.289927,1.036152	0.330513,-0.306563,10.413545	2.939677,3.366163,1.017051	3.46275663376
18:32:30	2.946973,3.361308,1.017802	2.952766,3.285467,1.036793	0.021555,-0.146096,9.996812	2.946973,3.361308,1.017802	3.46275663376
18:32:30	2.953272,3.354793,1.018635	2.955674,3.279623,1.037486	0.294587,0.124541,10.104587	2.953272,3.354793,1.018635	3.46275663376
18:32:30	2.957799,3.346777,1.019979	2.957790,3.272215,1.038325	0.184417,0.148491,10.471025	2.957799,3.346777,1.019979	3.45747804642
18:32:30	2.960335,3.337931,1.020927	2.958934,3.263737,1.039294	0.883762,1.053809,10.368040	2.960335,3.337931,1.020927	3.45219945908
18:32:30	2.961316,3.328004,1.022260	2.960908,3.333733,1.021376	-0.059875,0.529299,10.308164	2.961316,3.328004,1.022260	3.46275663376
18:32:30	2.960871,3.318313,1.021751	2.973709,3.244841,1.033271	0.043110,0.019160,10.296189	2.960871,3.318313,1.021751	3.40997076035
18:32:30	2.958354,3.311313,1.020007	2.973806,3.236455,1.033988	-0.143701,0.409548,10.430310	2.958354,3.311313,1.020007	3.40997076035
18:32:30	2.955091,3.306078,1.018854	2.972904,3.231146,1.034659	0.114961,0.304167,10.389595	2.955091,3.306078,1.018854	3.45219945908
18:32:30	2.952684,3.300584,1.018965	2.972176,3.226417,1.035235	0.193997,-0.313748,10.514136	2.952684,3.300584,1.018965	3.45747804642
18:32:31	2.951819,3.294557,1.019065	2.972183,3.221094,1.035821	0.332908,0.639470,10.044712	2.951819,3.294557,1.019065	3.45747804642
18:32:31	2.952680,3.288446,1.019132	2.972987,3.215429,1.036539	-0.071851,0.062271,10.576406	2.952680,3.288446,1.019132	3.45747804642
18:32:31	2.955392,3.281980,1.019366	2.974706,3.209164,1.037439	0.215552,0.349673,10.526111	2.955392,3.281980,1.019366	3.45219945908
18:32:31	2.959765,3.274886,1.019643	2.977115,3.202068,1.038533	-0.062271,0.519719,10.368040	2.959765,3.274886,1.019643	3.45219945908
18:32:31	2.965427,3.266906,1.020165	2.979871,3.194240,1.039788	0.304167,0.244292,10.353669	2.965427,3.266906,1.020165	3.44692087173
18:32:31	2.971784,3.257721,1.020564	2.968046,3.263234,1.020434	-0.275427,0.553250,10.138118	2.971784,3.257721,1.020564	3.53665685654
18:32:31	2.977849,3.249075,1.015986	2.986693,3.175088,1.033203	0.287402,0.261057,10.281819	2.977849,3.249075,1.015986	3.36774206161
18:32:31	2.982420,3.243556,1.009136	2.989898,3.167752,1.034288	0.201182,0.292192,10.559641	2.982420,3.243556,1.009136	3.44692087173
18:32:31	2.984858,3.239893,1.003815	2.991785,3.163873,1.035411	0.414338,0.435894,10.454260	2.984858,3.239893,1.003815	3.44692087173
18:32:31	2.986190,3.235859,1.001606	2.992827,3.160492,1.036468	0.031135,0.225132,10.981165	2.986190,3.235859,1.001606	3.45747804642
18:32:32	2.986263,3.231891,0.999816	2.993388,3.156599,1.037642	0.141306,2.830913,10.245894	2.986263,3.231891,0.999816	3.44164228439
18:32:32	2.985478,3.227626,0.999079	2.993358,3.153254,1.038772	0.316143,1.154399,10.097402	2.985478,3.227626,0.999079	3.44692087173
18:32:32	2.983985,3.222915,0.999029	2.993209,3.148930,1.040107	0.658630,0.953218,10.451865	2.983985,3.222915,0.999029	3.44692087173
18:32:32	2.982162,3.217861,0.999552	2.992884,3.144473,1.041489	0.296982,0.023950,10.499766	2.982162,3.217861,0.999552	3.44692087173
18:32:32	2.980322,3.212595,1.000861	2.992589,3.139488,1.042966	0.452659,1.099314,10.013577	2.980322,3.212595,1.000861	3.44692087173
18:32:32	2.978598,3.207509,1.002417	2.992480,3.134544,1.044305	0.632285,0.457449,10.042317	2.978598,3.207509,1.002417	3.44692087173
18:32:32	2.977343,3.201975,1.004701	2.992624,3.129579,1.045499	0.768801,0.682581,10.255474	2.977343,3.201975,1.004701	3.44692087173
18:32:32	2.976807,3.196184,1.007384	2.993134,3.124169,1.046456	0.258662,0.572410,10.657837	2.976807,3.196184,1.007384	3.45219945908
18:32:32	2.977226,3.191195,1.009491	2.994098,3.118359,1.047489	0.469424,-0.019160,10.212363	2.977226,3.191195,1.009491	3.44692087173
18:32:32	2.978786,3.186762,1.011637	2.977748,3.188977,1.010469	0.196392,0.725691,10.006392	2.978786,3.186762,1.011637	3.44692087173
18:32:33	2.980986,3.183927,1.010340	2.993531,3.107169,1.032681	0.397573,0.313748,9.946516	2.980986,3.183927,1.010340	3.33607053757
18:32:33	2.982722,3.183903,1.008398	2.994716,3.105824,1.032841	0.380808,0.093406,10.348879	2.982722,3.183903,1.008398	3.44692087173
18:32:33	2.983802,3.184235,1.008640	2.995442,3.106243,1.032774	0.198787,0.287402,10.358459	2.983802,3.184235,1.008640	3.44692087173
18:32:33	2.985379,3.183516,1.009164	3.076775,3.173741,1.187236	0.131726,0.182021,10.336904	2.985379,3.183516,1.009164	3.45219945908
18:32:33	2.986840,3.182797,1.015792	3.074351,3.175272,1.177100	0.186812,0.608335,10.425520	2.986840,3.182797,1.015792	3.44692087173
18:32:33	2.988756,3.184738,1.025406	3.071995,3.174717,1.244853	0.402363,0.505349,10.451865	2.988756,3.184738,1.025406	3.23049879074
18:32:33	2.992695,3.190231,1.040354	3.067799,3.169263,1.197566	0.069456,-0.076641,10.542876	2.992695,3.190231,1.040354	3.44692087173
18:32:33	2.998569,3.198189,1.053867	3.112066,3.158552,1.235785	-0.031135,0.016765,10.459050	2.998569,3.198189,1.053867	3.37302064896
18:32:33	3.006362,3.208147,1.068614	3.101517,3.196482,1.180095	-0.263452,0.311353,9.814790	3.006362,3.208147,1.068614	3.6316716671
18:32:33	3.016972,3.219383,1.079251	3.087278,3.179603,1.226509	0.263452,0.102986,10.348879	3.016972,3.219383,1.079251	3.44164228439
18:32:34	3.030033,3.231229,1.091911	3.068446,3.160844,1.181802	-0.007185,0.349673,10.042317	3.030033,3.231229,1.091911	3.52609968185
18:32:34	3.043988,3.239607,1.102234	3.098712,3.195752,1.235009	0.244292,-0.184417,10.676997	3.043988,3.239607,1.102234	3.43636369705
18:32:34	3.056841,3.244911,1.121403	3.128639,3.236766,1.284768	0.316143,0.495769,10.839858	3.056841,3.244911,1.121403	3.46275663376
18:32:34	3.067326,3.252066,1.147378	3.109647,3.227860,1.190030	0.035925,0.701741,10.035132	3.067326,3.252066,1.147378	3.61583590508
18:32:34	3.076174,3.262076,1.166272	3.146062,3.214599,1.295680	-0.079036,0.455054,9.721384	3.076174,3.262076,1.166272	3.44692087173
18:32:34	3.083849,3.273857,1.185743	3.184868,3.249007,1.325133	0.548459,0.347278,10.885364	3.083849,3.273857,1.185743	3.44692087173
18:32:34	3.091978,3.287630,1.211215	3.172573,3.229011,1.336276	0.220342,0.299377,10.708132	3.091978,3.287630,1.211215	3.43108510971
18:32:34	3.101579,3.302584,1.236796	3.158836,3.257821,1.331259	0.399968,-0.191602,10.320139	3.101579,3.302584,1.236796	3.44692087173
18:32:34	3.112746,3.315542,1.260532	3.194235,3.286524,1.225244	-0.244292,0.507744,9.589658	3.112746,3.315542,1.260532	3.45219945908
18:32:34	3.124303,3.326349,1.271967	3.175946,3.267688,1.143568	0.095801,0.634680,9.426797	3.124303,3.326349,1.271967	3.44692087173
18:32:35	3.134986,3.335029,1.276349	3.209456,3.303370,1.215762	0.150886,0.146096,10.413545	3.135940,3.335596,1.276798	3.45219945908
18:32:35	3.147598,3.343145,1.285593	3.190592,3.341824,1.296057	0.431104,0.208367,10.468630	3.147598,3.343145,1.285593	3.45219945908
18:32:35	3.157997,3.351490,1.299709	3.224514,3.329527,1.248671	-0.038320,0.481399,10.605146	3.157997,3.351490,1.299709	3.45747804642
18:32:35	3.166625,3.360994,1.309333	3.261146,3.315575,1.296163	0.519719,0.292192,10.174043	3.166625,3.360994,1.309333	3.45219945908
18:32:35	3.175125,3.370961,1.319664	3.248003,3.351840,1.259565	-0.016765,0.385598,10.463840	3.175125,3.370961,1.319664	3.45219945908
18:32:35	3.185652,3.380512,1.326954	3.233296,3.336189,1.321326	0.253872,0.402363,10.059082	3.185652,3.380512,1.326954	3.34662771225
18:32:35	3.198123,3.389385,1.335457	3.266874,3.372869,1.292054	0.047900,0.332908,10.432705	3.198123,3.389385,1.335457	3.45219945908
18:32:35	3.211252,3.395939,1.341081	3.246226,3.360047,1.258371	-0.102986,0.632285,9.668694	3.211252,3.395939,1.341081	3.44164228439
18:32:35	3.224511,3.401367,1.340424	3.277109,3.402450,1.349739	0.694556,1.149609,10.377620	3.224511,3.401367,1.340424	3.33079195023
18:32:35	3.236529,3.406149,1.343045	3.308446,3.394559,1.351855	0.414338,0.570015,10.720107	3.236529,3.406149,1.343045	3.44164228439
18:32:36	3.247154,3.411935,1.347539	3.290281,3.386449,1.334631	0.055085,0.304167,10.459050	3.247154,3.411935,1.347539	3.44164228439
18:32:36	3.256657,3.418346,1.349894	3.325624,3.376379,1.319069	0.019160,0.292192,10.188413	3.257511,3.418841,1.350043	3.44164228439
18:32:36	3.267220,3.425101,1.350574	3.361440,3.417580,1.311114	0.364043,0.225132,9.910591	3.267220,3.425101,1.350574	3.44164228439
18:32:36	3.277615,3.430415,1.350644	3.345884,3.408057,1.416426	0.270637,0.067061,10.317744	3.277615,3.430415,1.350644	3.43636369705
18:32:36	3.289622,3.434842,1.356117	3.380001,3.400223,1.407681	-0.055085,0.215552,10.284214	3.289622,3.434842,1.356117	3.47859239578
18:32:36	3.302407,3.437569,1.363003	3.360322,3.446046,1.378801	-0.045505,0.045505,10.183623	3.302407,3.437569,1.363003	3.4680352211
18:32:36	3.317238,3.439850,1.366142	3.390659,3.442313,1.355690	0.043110,0.464634,10.059082	3.317238,3.439850,1.366142	3.43636369705
18:32:36	3.333621,3.442766,1.364841	3.365659,3.438153,1.350342	0.148491,0.397573,10.013577	3.333621,3.442766,1.364841	3.45747804642
18:32:36	3.349888,3.446341,1.362212	3.391043,3.432985,1.359683	0.172441,0.160466,10.300979	3.349888,3.446341,1.362212	3.41524934769
18:32:36	3.364557,3.450197,1.362093	3.418105,3.427161,1.367155	0.423918,0.325723,10.466235	3.364557,3.450197,1.362093	3.43636369705
18:32:37	3.378775,3.453978,1.364256	3.447352,3.421132,1.364592	0.050295,0.344883,10.241104	3.378775,3.453978,1.364256	3.45219945908
18:32:37	3.394569,3.457802,1.367751	3.475857,3.467157,1.351924	-0.265847,0.507744,10.538086	3.394569,3.457802,1.367751	3.45219945908
18:32:37	3.411791,3.461745,1.370725	3.449469,3.461179,1.336952	0.098196,0.447869,10.035132	3.411791,3.461745,1.370725	3.45219945908
18:32:37	3.428228,3.467694,1.370386	3.473750,3.453721,1.329765	0.098196,0.447869,10.035132	3.428228,3.467694,1.370386	3.45219945908
18:32:37	3.442497,3.475738,1.367641	3.500961,3.442690,1.440140	0.277822,0.201182,10.870994	3.442497,3.475738,1.367641	3.33607053757
18:32:37	3.457007,3.485834,1.369376	3.530650,3.428212,1.342135	0.541274,1.089734,10.083032	3.457007,3.485834,1.369376	3.43636369705
18:32:37	3.472407,3.497066,1.365645	3.506508,3.411182,1.339891	-0.023950,0.692161,9.726174	3.472407,3.497066,1.365645	3.44164228439
18:32:37	3.487049,3.506090,1.359956	3.534134,3.394066,1.362897	0.105381,0.445474,10.236313	3.487049,3.506090,1.359956	3.35190629959
18:32:37	3.500841,3.510103,1.360763	3.563423,3.382622,1.377568	-0.100591,0.725691,10.588381	3.500841,3.510103,1.360763	3.44164228439
18:32:37	3.515856,3.509511,1.366980	3.593162,3.379697,1.467334	0.000000,0.086221,11.323652	3.515856,3.509511,1.366980	3.29384183884
18:32:38	3.533447,3.505006,1.379138	3.567493,3.435292,1.326056	-0.131726,0.340093,10.346484	3.533447,3.505006,1.379138	3.44164228439
18:32:38	3.552654,3.498504,1.382654	3.589740,3.392195,1.388095	0.756826,1.149609,9.853110	3.552654,3.498504,1.382654	3.43108510971
18:32:38	3.569914,3.492305,1.385343	3.611444,3.402847,1.380676	-0.045505,0.823887,10.459050	3.569914,3.492305,1.385343	3.44164228439
18:32:38	3.582881,3.488909,1.387670	3.638563,3.410998,1.368049	0.016765,-0.229922,10.336904	3.582881,3.488909,1.387670	3.43636369705
18:32:38	3.592449,3.491585,1.387355	3.672475,3.413223,1.362927	0.337698,0.035925,9.999207	3.592449,3.491585,1.387355	3.43636369705
18:32:38	3.600370,3.501623,1.385393	3.658504,3.352061,1.368079	-0.033530,-0.450264,10.300979	3.600370,3.501623,1.385393	3.43108510971
18:32:38	3.608583,3.517849,1.383798	3.698093,3.383638,1.481145	0.447869,0.735271,10.636282	3.608583,3.517849,1.383798	3.43108510971
18:32:38	3.617593,3.537120,1.389580	3.684395,3.354874,1.477938	0.052690,0.287402,10.499766	3.617593,3.537120,1.389580	3.43108510971
18:32:38	3.627716,3.556811,1.398469	3.721418,3.375348,1.444477	1.413062,2.181863,9.922566	3.627716,3.556811,1.398469	3.42580652237
18:32:38	3.639307,3.573911,1.405352	3.704299,3.396763,1.409423	-0.105381,-0.364043,10.047107	3.639307,3.573911,1.405352	3.42580652237
18:32:39	3.652048,3.587531,1.404546	3.736758,3.424190,1.389886	0.098196,0.428708,9.532178	3.652048,3.587531,1.404546	3.43108510971
18:32:39	3.663452,3.598078,1.397492	3.716857,3.456715,1.407402	-0.150886,0.033530,10.887759	3.663452,3.598078,1.397492	3.42580652237
18:32:39	3.673048,3.607594,1.393858	3.751610,3.492257,1.435040	0.229922,-0.021555,10.921289	3.673048,3.607594,1.393858	3.42580652237
18:32:39	3.680513,3.618167,1.397596	3.737735,3.477225,1.437749	0.069456,0.538879,10.667417	3.680513,3.618167,1.397596	3.44164228439
18:32:39	3.686534,3.630876,1.403745	3.779015,3.510792,1.415112	0.244292,-0.021555,10.289004	3.686534,3.630876,1.403745	3.43108510971
18:32:39	3.692179,3.643959,1.408339	3.769799,3.489973,1.388219	-0.064666,0.069456,9.960886	3.692179,3.643959,1.408339	3.42580652237
18:32:39	3.697978,3.658095,1.405209	3.760709,3.520448,1.383425	0.007185,-0.028740,10.214758	3.697978,3.658095,1.405209	3.42580652237
18:32:39	3.704306,3.673648,1.400766	3.803120,3.496689,1.401769	1.293311,1.496887,10.375225	3.704306,3.673648,1.400766	3.42580652237
18:32:39	3.711321,3.688937,1.398090	3.792615,3.523753,1.418677	0.919687,3.760181,10.794353	3.711321,3.688937,1.398090	3.42580652237
18:32:39	3.719557,3.703033,1.401275	3.780662,3.552078,1.420161	1.640588,7.015012,10.966794	3.719557,3.703033,1.401275	3.43636369705
18:32:40	3.728614,3.716767,1.406408	3.818575,3.581738,1.401415	0.280217,0.368833,10.061477	3.728614,3.716767,1.406408	3.43636369705
18:32:40	3.737561,3.729746,1.408866	3.804393,3.560704,1.383508	0.131726,0.019160,10.003997	3.737561,3.729746,1.408866	3.43108510971
18:32:40	3.747648,3.741909,1.408118	3.737430,3.591989,1.378878	-0.150886,0.088616,10.645862	3.747648,3.741909,1.408118	3.42052793503
18:32:40	3.758037,3.751290,1.407501	3.720628,3.626019,1.382703	0.658630,0.843047,10.255474	3.758037,3.751290,1.407501	3.43108510971
18:32:40	3.764620,3.757962,1.408860	3.757472,3.612838,1.381877	0.455054,1.168770,10.842253	3.764620,3.757962,1.408860	3.43636369705
18:32:40	3.765086,3.762370,1.410563	3.751154,3.655860,1.375776	0.263452,0.136516,10.509346	3.765086,3.762370,1.410563	3.43636369705
18:32:40	3.762058,3.766402,1.412344	3.753301,3.649655,1.368638	0.335303,0.287402,9.922566	3.762058,3.766402,1.412344	3.43636369705
18:32:40	3.756346,3.771721,1.413129	3.759825,3.642484,1.466738	0.249082,0.541274,10.171648	3.756346,3.771721,1.413129	3.43636369705
18:32:40	3.748890,3.779281,1.418509	3.770614,3.632550,1.458000	0.002395,-0.330513,10.712922	3.748890,3.779281,1.418509	3.43636369705
18:32:40	3.742356,3.787830,1.425678	3.782614,3.671538,1.429153	-0.222737,0.193997,10.200388	3.742356,3.787830,1.425678	3.43108510971
18:32:41	3.738891,3.797414,1.429713	3.739055,3.656974,1.402715	0.445474,0.383203,10.243499	3.738891,3.797414,1.429713	3.43108510971
18:32:41	3.738969,3.808739,1.431772	3.742449,3.692832,1.390737	-0.241897,0.433499,10.128538	3.738969,3.808739,1.431772	3.43108510971
18:32:41	3.742542,3.821095,1.432811	3.739828,3.673982,1.488074	0.361648,0.421523,10.439890	3.742542,3.821095,1.432811	3.43636369705
18:32:41	3.748564,3.833420,1.438514	3.732273,3.705798,1.478169	0.380808,0.620310,10.562036	3.748564,3.833420,1.438514	3.42580652237
18:32:41	3.755847,3.843368,1.446819	3.721436,3.687361,1.448176	0.136516,0.057480,10.406360	3.755847,3.843368,1.446819	3.43636369705
18:32:41	3.762727,3.851195,1.443069	3.761600,3.724720,1.419426	-0.201182,-0.627495,8.926238	3.762727,3.851195,1.443069	3.49442815781
18:32:41	3.767095,3.856387,1.418370	3.751852,3.713490,1.476945	0.076641,0.292192,8.935818	3.767095,3.856387,1.418370	3.47859239578
18:32:41	3.767267,3.856907,1.380881	3.747581,3.760477,1.607528	0.196392,-0.055085,9.383687	3.767267,3.856907,1.380881	3.47859239578
18:32:41	3.761945,3.852776,1.334406	3.750966,3.763362,1.573385	0.615520,0.095801,9.381292	3.761945,3.852776,1.334406	3.47331380844
18:32:41	3.750855,3.850840,1.279809	3.763068,3.770221,1.574770	0.304167,-0.306563,9.680669	3.750855,3.850840,1.279809	3.4680352211
18:32:42	3.732939,3.861010,1.216638	3.784717,3.768059,1.607293	0.131726,-0.026345,9.996812	3.732939,3.861010,1.216638	3.45219945908
18:32:42	3.709165,3.890834,1.145012	3.749482,3.790790,1.550517	0.167651,0.179626,10.128538	3.709165,3.890834,1.145012	3.46275663376
18:32:42	3.685293,3.941106,1.067813	3.731007,3.803740,1.446560	-0.002395,0.107776,10.231523	3.685293,3.941106,1.067813	3.44164228439
18:32:42	3.666826,4.005825,0.988003	3.726898,3.842960,1.332204	-0.263452,0.213157,10.339299	3.666826,4.005825,0.988003	3.44164228439
18:32:42	3.654688,4.076564,0.909315	3.705222,3.904522,1.245266	0.479004,0.251477,10.542876	3.654688,4.076564,0.909315	3.45219945908
18:32:42	3.644554,4.147083,0.831073	3.685725,3.979416,1.178010	0.273032,-0.246687,10.365645	3.644554,4.147083,0.831073	3.40997076035
