# Flight Log 
# 25 08 17 - 18:26:30
Time		X,Y,Z				goalX,goalY,goalZ		ddx,ddy,ddz			angularx,angulary,angularz	battery
18:26:31	0.000000,0.000000,0.000000	0.000000,0.000000,0.000000	0.000000,0.000000,0.000000	0.000000,0.000000,0.000000	0
18:26:31	0.672538,2.226539,0.327456	0.000000,0.000000,0.000000	0.000000,0.000000,0.000000	0.672538,2.226539,0.327456	0
18:26:31	0.672500,2.226589,0.327367	0.675720,2.066883,0.344156	0.000000,0.000000,0.000000	0.672500,2.226589,0.327367	0
18:26:31	0.672570,2.226637,0.327450	0.675730,2.066877,0.344159	0.000000,0.000000,0.000000	0.672570,2.226637,0.327450	0
18:26:31	0.672571,2.226629,0.327458	0.675724,2.066887,0.344156	0.000000,0.000000,0.000000	0.672571,2.226629,0.327458	0
18:26:31	0.672560,2.226640,0.327444	0.675715,2.066896,0.344164	0.000000,0.000000,0.000000	0.672560,2.226640,0.327444	0
18:26:31	0.672503,2.226602,0.327367	0.675678,2.066855,0.344098	0.000000,0.000000,0.000000	0.672503,2.226602,0.327367	0
18:26:31	0.672564,2.226650,0.327436	0.675722,2.066900,0.344163	0.000000,0.000000,0.000000	0.672564,2.226650,0.327436	0
18:26:31	0.672573,2.226646,0.327444	0.675727,2.066899,0.344157	0.000000,0.000000,0.000000	0.672573,2.226646,0.327444	0
18:26:31	0.672550,2.226543,0.327433	0.675706,2.066805,0.344164	0.000000,0.000000,0.000000	0.672550,2.226543,0.327433	0
18:26:31	0.672548,2.226644,0.327437	0.675686,2.066850,0.344113	0.000000,0.000000,0.000000	0.672548,2.226644,0.327437	0
18:26:32	0.672564,2.226645,0.327429	0.675721,2.066896,0.344163	0.000000,0.000000,0.000000	0.672564,2.226645,0.327429	0
18:26:32	0.672504,2.226601,0.327362	0.675713,2.066878,0.344171	0.000000,0.000000,0.000000	0.672504,2.226601,0.327362	0
18:26:32	0.672566,2.226641,0.327459	0.675725,2.066896,0.344170	0.000000,0.000000,0.000000	0.672566,2.226641,0.327459	0
18:26:32	0.672574,2.226634,0.327458	0.675677,2.066856,0.344111	0.000000,0.000000,0.000000	0.672574,2.226634,0.327458	0
18:26:32	0.672521,2.226581,0.327348	0.675703,2.066802,0.344178	0.000000,0.000000,0.000000	0.672521,2.226581,0.327348	0
18:26:32	0.672560,2.226641,0.327449	0.675699,2.066799,0.344161	0.000000,0.000000,0.000000	0.672560,2.226641,0.327449	0
18:26:32	0.672510,2.226598,0.327381	0.675676,2.066847,0.344101	0.000000,0.000000,0.000000	0.672510,2.226598,0.327381	0
18:26:32	0.672561,2.226633,0.327460	0.675727,2.066888,0.344170	0.000000,0.000000,0.000000	0.672561,2.226633,0.327460	0
18:26:32	0.672558,2.226620,0.327445	0.675708,2.066806,0.344163	0.000000,0.000000,0.000000	0.672558,2.226620,0.327445	0
18:26:32	0.672572,2.226643,0.327451	0.675675,2.066846,0.344092	0.000000,0.000000,0.000000	0.672572,2.226643,0.327451	0
18:26:33	0.672497,2.226520,0.327386	0.675719,2.066890,0.344157	0.000000,0.000000,0.000000	0.672497,2.226520,0.327386	0
18:26:33	0.672572,2.226636,0.327455	0.675654,2.066759,0.344108	0.000000,0.000000,0.000000	0.672572,2.226636,0.327455	0
18:26:33	0.672539,2.226539,0.327442	0.675731,2.066892,0.344164	0.000000,0.000000,0.000000	0.672539,2.226539,0.327442	0
18:26:33	0.672542,2.226540,0.327441	0.675673,2.066851,0.344093	0.000000,0.000000,0.000000	0.672542,2.226540,0.327441	0
18:26:33	0.672567,2.226626,0.327448	0.675692,2.066794,0.344156	0.000000,0.000000,0.000000	0.672567,2.226626,0.327448	0
18:26:33	0.672548,2.226545,0.327453	0.675724,2.066891,0.344166	0.000000,0.000000,0.000000	0.672548,2.226545,0.327453	0
18:26:33	0.672538,2.226554,0.327434	0.675678,2.066857,0.344094	0.000000,0.000000,0.000000	0.672538,2.226554,0.327434	0
18:26:33	0.672528,2.226552,0.327429	0.675725,2.066897,0.344172	0.000000,0.000000,0.000000	0.672528,2.226552,0.327429	0
18:26:33	0.672562,2.226633,0.327441	0.675724,2.066889,0.344166	0.000000,0.000000,0.000000	0.672562,2.226633,0.327441	0
18:26:33	0.672515,2.226606,0.327363	0.675720,2.066889,0.344146	0.000000,0.000000,0.000000	0.672515,2.226606,0.327363	0
18:26:34	0.672530,2.226552,0.327451	0.675729,2.066896,0.344162	0.000000,0.000000,0.000000	0.672530,2.226552,0.327451	0
18:26:34	0.672570,2.226638,0.327447	0.675735,2.066901,0.344162	0.000000,0.000000,0.000000	0.672570,2.226638,0.327447	0
18:26:34	0.672517,2.226612,0.327358	0.675729,2.066894,0.344165	0.000000,0.000000,0.000000	0.672517,2.226612,0.327358	0
18:26:34	0.672518,2.226596,0.327352	0.675737,2.066887,0.344169	0.000000,0.000000,0.000000	0.672518,2.226596,0.327352	0
18:26:34	0.672581,2.226637,0.327444	0.675724,2.066882,0.344172	0.000000,0.000000,0.000000	0.672581,2.226637,0.327444	0
18:26:34	0.672565,2.226647,0.327450	0.675728,2.066885,0.344162	0.000000,0.000000,0.000000	0.672565,2.226647,0.327450	0
18:26:34	0.672560,2.226628,0.327453	0.675722,2.066883,0.344179	0.000000,0.000000,0.000000	0.672560,2.226628,0.327453	0
18:26:34	0.672556,2.226635,0.327455	0.675733,2.066878,0.344169	0.000000,0.000000,0.000000	0.672556,2.226635,0.327455	0
18:26:34	0.672557,2.226633,0.327464	0.675732,2.066891,0.344157	0.000000,0.000000,0.000000	0.672557,2.226633,0.327464	0
18:26:34	0.672566,2.226648,0.327457	0.675730,2.066894,0.344159	0.000000,0.000000,0.000000	0.672566,2.226648,0.327457	0
18:26:35	0.672555,2.226644,0.327443	0.675704,2.066798,0.344166	0.000000,0.000000,0.000000	0.672555,2.226644,0.327443	0
18:26:35	0.672576,2.226638,0.327447	0.675731,2.066903,0.344160	0.000000,0.000000,0.000000	0.672576,2.226638,0.327447	0
18:26:35	0.672573,2.226640,0.327433	0.675719,2.066893,0.344160	0.000000,0.000000,0.000000	0.672573,2.226640,0.327433	0
18:26:35	0.672562,2.226648,0.327432	0.675678,2.066850,0.344110	0.000000,0.000000,0.000000	0.672562,2.226648,0.327432	0
18:26:35	0.672551,2.226645,0.327442	0.675728,2.066884,0.344177	0.000000,0.000000,0.000000	0.672551,2.226645,0.327442	0
18:26:35	0.672511,2.226607,0.327369	0.675680,2.066872,0.343927	0.000000,0.000000,0.000000	0.672511,2.226607,0.327369	0
18:26:35	0.672507,2.226596,0.327378	0.675685,2.066890,0.343929	0.000000,0.000000,0.000000	0.672507,2.226596,0.327378	0
18:26:35	0.672525,2.226547,0.327448	0.675688,2.066878,0.343928	0.000000,0.000000,0.000000	0.672525,2.226547,0.327448	0
18:26:35	0.672528,2.226540,0.327458	0.675676,2.067031,0.348437	0.000000,0.000000,0.000000	0.672528,2.226540,0.327458	0
18:26:35	0.672512,2.226595,0.327370	0.677998,2.066865,0.344157	0.000000,0.000000,0.000000	0.672512,2.226595,0.327370	0
18:26:36	0.672562,2.226635,0.327448	0.678028,2.066956,0.344157	0.000000,0.000000,0.000000	0.672562,2.226635,0.327448	0
18:26:36	0.672564,2.226644,0.327453	0.677970,2.066917,0.344079	0.000000,0.000000,0.000000	0.672564,2.226644,0.327453	0
18:26:36	0.672510,2.226604,0.327363	0.677945,2.066836,0.344092	0.000000,0.000000,0.000000	0.672510,2.226604,0.327363	0
18:26:36	0.672517,2.226609,0.327344	0.680299,2.067092,0.348743	0.000000,0.000000,0.000000	0.672517,2.226609,0.327344	0
18:26:36	0.672536,2.226562,0.327440	0.680268,2.067132,0.348665	0.000000,0.000000,0.000000	0.672536,2.226562,0.327440	0
18:26:36	0.672478,2.226522,0.327358	0.682712,2.067300,0.348964	0.000000,0.000000,0.000000	0.672478,2.226522,0.327358	0
18:26:36	0.672561,2.226650,0.327441	0.682750,2.067323,0.349027	0.000000,0.000000,0.000000	0.672561,2.226650,0.327441	0
18:26:36	0.672558,2.226644,0.327460	0.685258,2.067513,0.349332	0.000000,0.000000,0.000000	0.672558,2.226644,0.327460	0
18:26:36	0.672570,2.226634,0.327453	0.690171,2.068176,0.354350	0.000000,0.000000,0.000000	0.672570,2.226634,0.327453	0
18:26:36	0.672561,2.226627,0.327471	0.693136,2.068577,0.355102	0.000000,0.000000,0.000000	0.672561,2.226627,0.327471	0
18:26:37	0.672563,2.226622,0.327457	0.707036,2.071091,0.356456	0.000000,0.000000,0.000000	0.672563,2.226622,0.327457	0
18:26:37	0.672567,2.226639,0.327448	0.715502,2.073463,0.362170	0.000000,0.000000,0.000000	0.672567,2.226639,0.327448	0
18:26:37	0.672535,2.226556,0.327449	0.715538,2.073506,0.362242	0.000000,0.000000,0.000000	0.672535,2.226556,0.327449	0
18:26:37	0.672513,2.226610,0.327355	0.721092,2.075193,0.362468	0.000000,0.000000,0.000000	0.672513,2.226610,0.327355	0
18:26:37	0.672508,2.226612,0.327336	0.730613,2.078921,0.368906	0.000000,0.000000,0.000000	0.672508,2.226612,0.327336	0
18:26:37	0.672531,2.226562,0.327440	0.733888,2.080314,0.369232	0.000000,0.000000,0.000000	0.672531,2.226562,0.327440	0
18:26:37	0.672566,2.226648,0.327444	0.737034,2.082131,0.375033	0.000000,0.000000,0.000000	0.672566,2.226648,0.327444	0
18:26:37	0.672515,2.226607,0.327359	0.737081,2.082167,0.375097	0.000000,0.000000,0.000000	0.672515,2.226607,0.327359	0
18:26:37	0.672568,2.226656,0.327449	0.739808,2.084698,0.388615	0.000000,0.000000,0.000000	0.672568,2.226656,0.327449	0
18:26:37	0.672531,2.226543,0.327460	0.739802,2.084706,0.388605	0.000000,0.000000,0.000000	0.672531,2.226543,0.327460	0
18:26:38	0.672564,2.226648,0.327448	0.742585,2.087825,0.403116	0.000000,0.000000,0.000000	0.672564,2.226648,0.327448	0
18:26:38	0.672560,2.226639,0.327441	0.744923,2.089384,0.405637	0.000000,0.000000,0.000000	0.672560,2.226639,0.327441	0
18:26:38	0.672566,2.226651,0.327474	0.748268,2.092766,0.415722	0.000000,0.000000,0.000000	0.672566,2.226651,0.327474	0
18:26:38	0.672530,2.226556,0.327456	0.754796,2.097312,0.419393	0.000000,0.000000,0.000000	0.672530,2.226556,0.327456	0
18:26:38	0.672570,2.226638,0.327455	0.760095,2.101174,0.421516	0.000000,0.000000,0.000000	0.672570,2.226638,0.327455	0
18:26:38	0.672554,2.226626,0.327433	0.770982,2.110393,0.425456	0.000000,0.000000,0.000000	0.672554,2.226626,0.327433	0
18:26:38	0.672561,2.226642,0.327441	0.770955,2.110312,0.425431	0.000000,0.000000,0.000000	0.672561,2.226642,0.327441	0
18:26:38	0.672499,2.226516,0.327374	0.776873,2.115385,0.424217	0.000000,0.000000,0.000000	0.672499,2.226516,0.327374	0
18:26:38	0.672599,2.226640,0.327459	0.782097,2.120870,0.425734	0.000000,0.000000,0.000000	0.672599,2.226640,0.327459	0
18:26:38	0.672574,2.226642,0.327452	0.785606,2.124578,0.425641	0.000000,0.000000,0.000000	0.672574,2.226642,0.327452	0
18:26:39	0.672581,2.226643,0.327439	0.790572,2.130671,0.426779	0.000000,0.000000,0.000000	0.672581,2.226643,0.327439	0
18:26:39	0.672535,2.226554,0.327452	0.792164,2.133036,0.428131	0.000000,0.000000,0.000000	0.672535,2.226554,0.327452	0
18:26:39	0.672566,2.226651,0.327452	0.796924,2.139698,0.429006	0.000000,0.000000,0.000000	0.672566,2.226651,0.327452	0
18:26:39	0.672568,2.226646,0.327436	0.801402,2.146684,0.429609	0.000000,0.000000,0.000000	0.672568,2.226646,0.327436	0
18:26:39	0.672562,2.226656,0.327436	0.804128,2.150936,0.428832	0.000000,0.000000,0.000000	0.672562,2.226656,0.327436	0
18:26:39	0.672567,2.226634,0.327442	0.806926,2.156957,0.430955	0.000000,0.000000,0.000000	0.672567,2.226634,0.327442	0
18:26:39	0.672534,2.226554,0.327454	0.809323,2.161413,0.429928	0.000000,0.000000,0.000000	0.672534,2.226554,0.327454	0
18:26:39	0.672536,2.226550,0.327448	0.811617,2.165863,0.428879	0.000000,0.000000,0.000000	0.672536,2.226550,0.327448	0
18:26:39	0.672555,2.226636,0.327446	0.814786,2.173522,0.428472	0.000000,0.000000,0.000000	0.672555,2.226636,0.327446	0
18:26:39	0.672518,2.226543,0.327471	0.816565,2.177869,0.427134	0.000000,0.000000,0.000000	0.672518,2.226543,0.327471	0
18:26:40	0.672574,2.226630,0.327478	0.818455,2.184565,0.428440	0.000000,0.000000,0.000000	0.672574,2.226630,0.327478	0
18:26:40	0.672573,2.226645,0.327458	0.819891,2.188942,0.426905	0.000000,0.000000,0.000000	0.672573,2.226645,0.327458	0
18:26:40	0.672560,2.226635,0.327455	0.821165,2.193120,0.425334	0.000000,0.000000,0.000000	0.672560,2.226635,0.327455	0
18:26:40	0.672576,2.226630,0.327448	0.822274,2.197206,0.423738	0.000000,0.000000,0.000000	0.672576,2.226630,0.327448	0
18:26:40	0.672566,2.226637,0.327447	0.823191,2.201142,0.422087	0.000000,0.000000,0.000000	0.672566,2.226637,0.327447	0
18:26:40	0.672559,2.226624,0.327446	0.823731,2.204502,0.422451	0.000000,0.000000,0.000000	0.672559,2.226624,0.327446	0
18:26:40	0.672533,2.226546,0.327446	0.824515,2.208384,0.420782	0.000000,0.000000,0.000000	0.672533,2.226546,0.327446	0
18:26:40	0.672564,2.226644,0.327437	0.825101,2.212038,0.419049	0.000000,0.000000,0.000000	0.672564,2.226644,0.327437	0
18:26:40	0.672511,2.226603,0.327355	0.825415,2.215415,0.419269	0.000000,0.000000,0.000000	0.672511,2.226603,0.327355	0
18:26:40	0.672563,2.226645,0.327452	0.826013,2.222226,0.417646	0.000000,0.000000,0.000000	0.672563,2.226645,0.327452	0
18:26:41	0.672488,2.226585,0.327380	0.826057,2.225531,0.417669	0.000000,0.000000,0.000000	0.672488,2.226585,0.327380	0
18:26:41	0.672563,2.226631,0.327459	0.826220,2.232045,0.415858	0.000000,0.000000,0.000000	0.672563,2.226631,0.327459	0
18:26:41	0.672552,2.226631,0.327469	0.825809,2.238402,0.415595	0.000000,0.000000,0.000000	0.672552,2.226631,0.327469	0
18:26:41	0.672571,2.226628,0.327448	0.825607,2.244570,0.413672	0.000000,0.000000,0.000000	0.672571,2.226628,0.327448	0
18:26:41	0.672566,2.226639,0.327440	0.824705,2.247195,0.417591	0.000000,0.000000,0.000000	0.672566,2.226639,0.327440	0
18:26:41	0.672538,2.226637,0.327446	0.824509,2.249669,0.415671	0.000000,0.000000,0.000000	0.672538,2.226637,0.327446	0
18:26:41	0.672510,2.226607,0.327365	0.823895,2.255018,0.413602	0.000000,0.000000,0.000000	0.672510,2.226607,0.327365	0
18:26:41	0.672554,2.226641,0.327447	0.822965,2.257267,0.417197	0.000000,0.000000,0.000000	0.672554,2.226641,0.327447	0
18:26:41	0.672534,2.226539,0.327440	0.822849,2.259492,0.415468	0.000000,0.000000,0.000000	0.672534,2.226539,0.327440	0
18:26:41	0.672522,2.226555,0.327438	0.822822,2.259491,0.415451	0.000000,0.000000,0.000000	0.672522,2.226555,0.327438	0
18:26:42	0.672551,2.226628,0.327446	0.821838,2.261404,0.418719	0.000000,0.000000,0.000000	0.672551,2.226628,0.327446	0
18:26:42	0.672560,2.226652,0.327463	0.821631,2.263404,0.416937	0.000000,0.000000,0.000000	0.672560,2.226652,0.327463	0
18:26:42	0.672526,2.226546,0.327453	0.820456,2.268493,0.416283	0.000000,0.000000,0.000000	0.672526,2.226546,0.327453	0
18:26:42	0.672569,2.226643,0.327447	0.818816,2.272455,0.418882	0.000000,0.000000,0.000000	0.672569,2.226643,0.327447	0
18:26:42	0.672568,2.226640,0.327444	0.818863,2.272490,0.418952	0.000000,0.000000,0.000000	0.672568,2.226640,0.327444	0
18:26:42	0.672561,2.226628,0.327445	0.818608,2.274164,0.417197	0.000000,0.000000,0.000000	0.672561,2.226628,0.327445	0
18:26:42	0.672556,2.226639,0.327450	0.818338,2.275758,0.415490	0.000000,0.000000,0.000000	0.672556,2.226639,0.327450	0
18:26:42	0.672501,2.226595,0.327372	0.816937,2.277740,0.419557	0.000000,0.000000,0.000000	0.672501,2.226595,0.327372	0
18:26:42	0.672555,2.226641,0.327462	0.816721,2.279261,0.417910	0.000000,0.000000,0.000000	0.672555,2.226641,0.327462	0
18:26:42	0.672556,2.226648,0.327441	0.814990,2.284842,0.415335	0.000000,0.000000,0.000000	0.672556,2.226648,0.327441	0
18:26:43	0.672559,2.226637,0.327438	0.814969,2.284839,0.415341	0.000000,0.000000,0.000000	0.672559,2.226637,0.327438	0
18:26:43	0.672556,2.226627,0.327442	0.814702,2.286085,0.413734	0.000000,0.000000,0.000000	0.672556,2.226627,0.327442	0
18:26:43	0.672513,2.226602,0.327374	0.813340,2.287740,0.417513	0.000000,0.000000,0.000000	0.672513,2.226602,0.327374	0
18:26:43	0.672482,2.226517,0.327368	0.813109,2.288990,0.415913	0.000000,0.000000,0.000000	0.672482,2.226517,0.327368	0
18:26:43	0.672554,2.226640,0.327444	0.812334,2.290882,0.415424	0.000000,0.000000,0.000000	0.672554,2.226640,0.327444	0
18:26:43	0.672552,2.226636,0.327450	0.811249,2.293693,0.413383	0.000000,0.000000,0.000000	0.672552,2.226636,0.327450	0
18:26:43	0.672553,2.226640,0.327446	0.809967,2.295306,0.416920	0.000000,0.000000,0.000000	0.672553,2.226640,0.327446	0
18:26:43	0.672554,2.226635,0.327444	0.808313,2.298699,0.415858	0.000000,0.000000,0.000000	0.672554,2.226635,0.327444	0
18:26:43	0.672504,2.226593,0.327368	0.808130,2.299661,0.414347	0.000000,0.000000,0.000000	0.672504,2.226593,0.327368	0
18:26:43	0.672519,2.226543,0.327453	0.806592,2.301757,0.416164	0.000000,0.000000,0.000000	0.672519,2.226543,0.327453	0
18:26:44	0.672533,2.226548,0.327454	0.806631,2.301843,0.416172	0.000000,0.000000,0.000000	0.672533,2.226548,0.327454	0
18:26:44	0.672537,2.226549,0.327451	0.804549,2.304700,0.418811	0.000000,0.000000,0.000000	0.672537,2.226549,0.327451	0
18:26:44	0.672561,2.226641,0.327443	0.804366,2.305418,0.417319	0.000000,0.000000,0.000000	0.672561,2.226641,0.327443	0
18:26:44	0.672553,2.226638,0.327445	0.803112,2.306615,0.420382	0.000000,0.000000,0.000000	0.672553,2.226638,0.327445	0
18:26:44	0.672504,2.226613,0.327364	0.802959,2.307279,0.418906	0.000000,0.000000,0.000000	0.672504,2.226613,0.327364	0
18:26:44	0.672550,2.226645,0.327455	0.802235,2.308270,0.419527	0.000000,0.000000,0.000000	0.672550,2.226645,0.327455	0
18:26:44	0.672498,2.226602,0.327362	0.802427,2.307237,0.422051	0.000000,0.000000,0.000000	0.672498,2.226602,0.327362	0
18:26:44	0.672549,2.226641,0.327456	0.802432,2.307231,0.422048	0.000000,0.000000,0.000000	0.672549,2.226641,0.327456	0
18:26:44	0.672547,2.226635,0.327460	0.802568,2.306129,0.424481	0.000000,0.000000,0.000000	0.672547,2.226635,0.327460	0
18:26:44	0.672494,2.226599,0.327375	0.802771,2.305219,0.426870	0.000000,0.000000,0.000000	0.672494,2.226599,0.327375	0
18:26:45	0.672536,2.226548,0.327455	0.802895,2.304136,0.429167	0.000000,0.000000,0.000000	0.672536,2.226548,0.327455	0
18:26:45	0.672555,2.226637,0.327454	0.803683,2.301596,0.432578	0.000000,0.000000,0.000000	0.672555,2.226637,0.327454	0
18:26:45	0.672557,2.226638,0.327439	0.803737,2.301643,0.432661	0.000000,0.000000,0.000000	0.672557,2.226638,0.327439	0
18:26:45	0.672553,2.226637,0.327447	0.804129,2.301617,0.430259	0.000000,0.000000,0.000000	0.672553,2.226637,0.327447	0
18:26:45	0.672562,2.226630,0.327454	0.804279,2.300766,0.432420	0.000000,0.000000,0.000000	0.672562,2.226630,0.327454	0
18:26:45	0.672571,2.226633,0.327446	0.804277,2.299764,0.434393	0.000000,0.000000,0.000000	0.672571,2.226633,0.327446	0
18:26:45	0.672544,2.226631,0.327446	0.804725,2.299904,0.432124	0.000000,0.000000,0.000000	0.672544,2.226631,0.327446	0
18:26:45	0.672507,2.226593,0.327360	0.804816,2.299027,0.434163	0.000000,0.000000,0.000000	0.672507,2.226593,0.327360	0
18:26:45	0.672550,2.226636,0.327444	0.804327,2.299525,0.435607	0.000000,0.000000,0.000000	0.672550,2.226636,0.327444	0
18:26:45	0.672499,2.226605,0.327364	0.804364,2.298618,0.437483	0.000000,0.000000,0.000000	0.672499,2.226605,0.327364	0
18:26:46	0.672554,2.226633,0.327446	0.803883,2.299112,0.438833	0.000000,0.000000,0.000000	0.672554,2.226633,0.327446	0
18:26:46	0.672529,2.226558,0.327440	0.803947,2.298318,0.440606	0.000000,0.000000,0.000000	0.672529,2.226558,0.327440	0
18:26:46	0.672554,2.226634,0.327453	0.803880,2.298965,0.439274	0.000000,0.000000,0.000000	0.672554,2.226634,0.327453	0
18:26:46	0.672574,2.226644,0.327446	0.803719,2.299450,0.437888	0.000000,0.000000,0.000000	0.672574,2.226644,0.327446	0
18:26:46	0.672530,2.226547,0.327451	0.804283,2.299042,0.437135	0.000000,0.000000,0.000000	0.672530,2.226547,0.327451	0
18:26:46	0.672568,2.226643,0.327448	0.804249,2.298951,0.437129	0.000000,0.000000,0.000000	0.672568,2.226643,0.327448	0
18:26:46	0.672551,2.226639,0.327437	0.803805,2.299416,0.438420	0.000000,0.000000,0.000000	0.672551,2.226639,0.327437	0
18:26:46	0.672553,2.226636,0.327452	0.804148,2.299446,0.436284	0.000000,0.000000,0.000000	0.672553,2.226636,0.327452	0
18:26:46	0.672480,2.226514,0.327366	0.804193,2.299483,0.436365	0.000000,0.000000,0.000000	0.672480,2.226514,0.327366	0
18:26:46	0.672568,2.226646,0.327448	0.803545,2.301120,0.434643	0.000000,0.000000,0.000000	0.672568,2.226646,0.327448	0
18:26:47	0.672504,2.226610,0.327360	0.803489,2.301625,0.433534	0.000000,0.000000,0.000000	0.672504,2.226610,0.327360	0
18:26:47	0.672500,2.226610,0.327357	0.803029,2.301993,0.434716	0.000000,0.000000,0.000000	0.672500,2.226610,0.327357	0
18:26:47	0.672535,2.226546,0.327446	0.802945,2.303062,0.432498	0.000000,0.000000,0.000000	0.672535,2.226546,0.327446	0
18:26:47	0.672558,2.226645,0.327459	0.802854,2.302946,0.432419	0.000000,0.000000,0.000000	0.672558,2.226645,0.327459	0
18:26:47	0.672559,2.226639,0.327458	0.802867,2.303570,0.431383	0.000000,0.000000,0.000000	0.672559,2.226639,0.327458	0
18:26:47	0.672546,2.226646,0.327458	0.802886,2.303570,0.431385	0.000000,0.000000,0.000000	0.672546,2.226646,0.327458	0
18:26:47	0.672567,2.226636,0.327445	0.803305,2.303060,0.430689	0.000000,0.000000,0.000000	0.672567,2.226636,0.327445	0
18:26:47	0.672557,2.226635,0.327452	0.803732,2.302557,0.430010	0.000000,0.000000,0.000000	0.672557,2.226635,0.327452	0
18:26:47	0.672574,2.226636,0.327449	0.803601,2.303008,0.428866	0.000000,0.000000,0.000000	0.672574,2.226636,0.327449	0
18:26:47	0.672569,2.226632,0.327438	0.803631,2.302964,0.428937	0.000000,0.000000,0.000000	0.672569,2.226632,0.327438	0
18:26:48	0.672509,2.226592,0.327367	0.804076,2.302554,0.428278	0.000000,0.000000,0.000000	0.672509,2.226592,0.327367	0
18:26:48	0.672568,2.226637,0.327449	0.803077,2.304500,0.427513	0.000000,0.000000,0.000000	0.672568,2.226637,0.327449	0
18:26:48	0.672567,2.226641,0.327449	0.802998,2.304958,0.426487	0.000000,0.000000,0.000000	0.672567,2.226641,0.327449	0
18:26:48	0.672571,2.226640,0.327462	0.803002,2.304955,0.426481	0.000000,0.000000,0.000000	0.672571,2.226640,0.327462	0
18:26:48	0.672550,2.226640,0.327454	0.802971,2.304872,0.426490	0.000000,0.000000,0.000000	0.672550,2.226640,0.327454	0
18:26:48	0.672531,2.226547,0.327445	0.802845,2.305841,0.424513	0.000000,0.000000,0.000000	0.672531,2.226547,0.327445	0
18:26:48	0.672550,2.226650,0.327449	0.802756,2.305707,0.424431	0.000000,0.000000,0.000000	0.672550,2.226650,0.327449	0
18:26:48	0.672563,2.226639,0.327441	0.801774,2.308070,0.422818	0.000000,0.000000,0.000000	0.672563,2.226639,0.327441	0
18:26:48	0.672535,2.226552,0.327444	0.801759,2.308067,0.422831	0.000000,0.000000,0.000000	0.672535,2.226552,0.327444	0
18:26:48	0.672554,2.226642,0.327453	0.801649,2.308413,0.421822	0.000000,0.000000,0.000000	0.672554,2.226642,0.327453	0
18:26:49	0.672559,2.226633,0.327444	0.801356,2.308236,0.423981	0.000000,0.000000,0.000000	0.672559,2.226633,0.327444	0
18:26:49	0.672533,2.226545,0.327439	0.801343,2.308657,0.423128	0.000000,0.000000,0.000000	0.672533,2.226545,0.327439	0
18:26:49	0.672569,2.226636,0.327454	0.801273,2.309042,0.422200	0.000000,0.000000,0.000000	0.672569,2.226636,0.327454	0
18:26:49	0.672542,2.226542,0.327462	0.801679,2.308564,0.421637	0.000000,0.000000,0.000000	0.672542,2.226542,0.327462	0
18:26:49	0.672567,2.226636,0.327454	0.801321,2.308758,0.422849	0.000000,0.000000,0.000000	0.672567,2.226636,0.327454	0
18:26:49	0.672515,2.226585,0.327362	0.801849,2.307657,0.423823	0.000000,0.000000,0.000000	0.672515,2.226585,0.327362	0
18:26:49	0.672534,2.226544,0.327452	0.801850,2.307659,0.423814	0.000000,0.000000,0.000000	0.672534,2.226544,0.327452	0
18:26:49	0.672575,2.226631,0.327447	0.801388,2.308486,0.423470	0.000000,0.000000,0.000000	0.672575,2.226631,0.327447	0
18:26:49	0.672570,2.226629,0.327453	0.801440,2.307812,0.424887	0.000000,0.000000,0.000000	0.672570,2.226629,0.327453	0
18:26:49	0.672564,2.226632,0.327458	0.800981,2.308645,0.424537	0.000000,0.000000,0.000000	0.672564,2.226632,0.327458	0
18:26:50	0.672566,2.226631,0.327450	0.801157,2.308061,0.426102	0.000000,0.000000,0.000000	0.672566,2.226631,0.327450	0
18:26:50	0.672555,2.226633,0.327438	0.800804,2.308164,0.427188	0.000000,0.000000,0.000000	0.672555,2.226633,0.327438	0
18:26:50	0.672563,2.226636,0.327436	0.800500,2.308424,0.428245	0.000000,0.000000,0.000000	0.672563,2.226636,0.327436	0
18:26:50	0.672535,2.226550,0.327452	0.800507,2.308433,0.428237	0.000000,0.000000,0.000000	0.672535,2.226550,0.327452	0
18:26:50	0.672569,2.226641,0.327449	0.800134,2.308581,0.429212	0.000000,0.000000,0.000000	0.672569,2.226641,0.327449	0
18:26:50	0.672559,2.226641,0.327445	0.800399,2.309142,0.426495	0.000000,0.000000,0.000000	0.672559,2.226641,0.327445	0
18:26:50	0.672526,2.226546,0.327443	0.800367,2.309051,0.426500	0.000000,0.000000,0.000000	0.672526,2.226546,0.327443	0
18:26:50	0.672566,2.226636,0.327441	0.799965,2.309914,0.426150	0.000000,0.000000,0.000000	0.672566,2.226636,0.327441	0
18:26:50	0.672576,2.226644,0.327445	0.800288,2.309423,0.425557	0.000000,0.000000,0.000000	0.672576,2.226644,0.327445	0
18:26:50	0.672563,2.226634,0.327456	0.799917,2.310239,0.425300	0.000000,0.000000,0.000000	0.672563,2.226634,0.327456	0
18:26:51	0.672563,2.226633,0.327452	0.800298,2.309795,0.424796	0.000000,0.000000,0.000000	0.672563,2.226633,0.327452	0
18:26:51	0.672504,2.226588,0.327361	0.799832,2.310463,0.424463	0.000000,0.000000,0.000000	0.672504,2.226588,0.327361	0
18:26:51	0.672568,2.226629,0.327437	0.799437,2.311306,0.424121	0.000000,0.000000,0.000000	0.672568,2.226629,0.327437	0
18:26:51	0.672565,2.226641,0.327445	0.798902,2.312257,0.422958	0.000000,0.000000,0.000000	0.672565,2.226641,0.327445	0
18:26:51	0.672565,2.226645,0.327459	0.799081,2.311756,0.424342	0.000000,0.000000,0.000000	0.672565,2.226645,0.327459	0
18:26:51	0.672568,2.226638,0.327446	0.798633,2.312399,0.424015	0.000000,0.000000,0.000000	0.672568,2.226638,0.327446	0
18:26:51	0.672567,2.226630,0.327444	0.798849,2.312935,0.421388	0.000000,0.000000,0.000000	0.672567,2.226630,0.327444	0
18:26:51	0.672562,2.226639,0.327437	0.798852,2.312938,0.421382	0.000000,0.000000,0.000000	0.672562,2.226639,0.327437	0
18:26:51	0.672534,2.226541,0.327448	0.799193,2.312415,0.420920	0.000000,0.000000,0.000000	0.672534,2.226541,0.327448	0
18:26:51	0.672552,2.226649,0.327456	0.799222,2.312501,0.420917	0.000000,0.000000,0.000000	0.672552,2.226649,0.327456	0
18:26:52	0.672568,2.226631,0.327448	0.799195,2.312420,0.420916	0.000000,0.000000,0.000000	0.672568,2.226631,0.327448	0
18:26:52	0.672578,2.226630,0.327456	0.799157,2.312464,0.420834	0.000000,0.000000,0.000000	0.672578,2.226630,0.327456	0
18:26:52	0.672558,2.226640,0.327446	0.799148,2.312702,0.420157	0.000000,0.000000,0.000000	0.672558,2.226640,0.327446	0
18:26:52	0.672472,2.226510,0.327351	0.799138,2.312707,0.420146	0.000000,0.000000,0.000000	0.672472,2.226510,0.327351	0
18:26:52	0.672485,2.226501,0.327368	0.799304,2.312202,0.421486	0.000000,0.000000,0.000000	0.672485,2.226501,0.327368	0
18:26:52	0.672488,2.226495,0.327372	0.799306,2.312206,0.421481	0.000000,0.000000,0.000000	0.672488,2.226495,0.327372	0
18:26:52	0.672516,2.226595,0.327376	0.799247,2.312184,0.421419	0.000000,0.000000,0.000000	0.672516,2.226595,0.327376	0
18:26:52	0.672572,2.226635,0.327454	0.799316,2.312228,0.421507	0.000000,0.000000,0.000000	0.672572,2.226635,0.327454	0
18:26:52	0.672497,2.226589,0.327355	0.799287,2.312134,0.421499	0.000000,0.000000,0.000000	0.672497,2.226589,0.327355	0
18:26:52	0.672538,2.226537,0.327433	0.799261,2.312503,0.420742	0.000000,0.000000,0.000000	0.672538,2.226537,0.327433	0
18:26:53	0.672574,2.226650,0.327446	0.799626,2.312076,0.420278	0.000000,0.000000,0.000000	0.672574,2.226650,0.327446	0
18:26:53	0.672514,2.226597,0.327353	0.799623,2.312080,0.420283	0.000000,0.000000,0.000000	0.672514,2.226597,0.327353	0
18:26:53	0.672574,2.226633,0.327432	0.799991,2.311657,0.419833	0.000000,0.000000,0.000000	0.672574,2.226633,0.327432	0
18:26:53	0.672536,2.226547,0.327450	0.800340,2.311255,0.419400	0.000000,0.000000,0.000000	0.672536,2.226547,0.327450	0
18:26:53	0.672512,2.226603,0.327387	0.800674,2.310855,0.418947	0.000000,0.000000,0.000000	0.672512,2.226603,0.327387	0
18:26:53	0.672570,2.226628,0.327450	0.800680,2.310851,0.418961	0.000000,0.000000,0.000000	0.672570,2.226628,0.327450	0
18:26:53	0.672551,2.226638,0.327451	0.800996,2.310364,0.418527	0.000000,0.000000,0.000000	0.672551,2.226638,0.327451	0
18:26:53	0.672554,2.226640,0.327442	0.801013,2.310454,0.418511	0.000000,0.000000,0.000000	0.672554,2.226640,0.327442	0
18:26:53	0.672571,2.226623,0.327462	0.800959,2.310740,0.417797	0.000000,0.000000,0.000000	0.672571,2.226623,0.327462	0
18:26:53	0.672572,2.226631,0.327465	0.801259,2.310251,0.417373	0.000000,0.000000,0.000000	0.672572,2.226631,0.327465	0
18:26:54	0.672529,2.226531,0.327461	0.801289,2.310350,0.417378	0.000000,0.000000,0.000000	0.672529,2.226531,0.327461	0
18:26:54	0.672571,2.226630,0.327466	0.801266,2.310272,0.417376	0.000000,0.000000,0.000000	0.672571,2.226630,0.327466	0
18:26:54	0.672570,2.226625,0.327455	0.801619,2.309968,0.416944	0.000000,0.000000,0.000000	0.672570,2.226625,0.327455	0
18:26:54	0.672570,2.226619,0.327444	0.801619,2.309972,0.416931	0.000000,0.000000,0.000000	0.672570,2.226619,0.327444	0
18:26:54	0.672576,2.226653,0.327445	0.801948,2.309568,0.416490	0.000000,0.000000,0.000000	0.672576,2.226653,0.327445	0
18:26:54	0.672563,2.226650,0.327452	0.801916,2.309470,0.416512	0.000000,0.000000,0.000000	0.672563,2.226650,0.327452	0
18:26:54	0.672564,2.226651,0.327444	0.801959,2.309564,0.416521	0.000000,0.000000,0.000000	0.672564,2.226651,0.327444	0
18:26:54	0.672570,2.226652,0.327436	0.802220,2.309124,0.416028	0.000000,0.000000,0.000000	0.672570,2.226652,0.327436	0
18:26:54	0.672574,2.226653,0.327432	0.801838,2.309754,0.415846	0.000000,0.000000,0.000000	0.672574,2.226653,0.327432	0
18:26:54	0.672562,2.226646,0.327436	0.802208,2.309447,0.415449	0.000000,0.000000,0.000000	0.672562,2.226646,0.327436	0
18:26:55	0.672504,2.226609,0.327339	0.802171,2.309359,0.415432	0.000000,0.000000,0.000000	0.672504,2.226609,0.327339	0
18:26:55	0.672562,2.226636,0.327438	0.801993,2.309304,0.417128	0.000000,0.000000,0.000000	0.672562,2.226636,0.327438	0
18:26:55	0.672563,2.226646,0.327460	0.802166,2.309346,0.415430	0.000000,0.000000,0.000000	0.672563,2.226646,0.327460	0
18:26:55	0.672535,2.226573,0.327458	0.802514,2.309047,0.415022	0.000000,0.000000,0.000000	0.672535,2.226573,0.327458	0
18:26:55	0.672498,2.226596,0.327374	0.802827,2.308701,0.414619	0.000000,0.000000,0.000000	0.672498,2.226596,0.327374	0
18:26:55	0.672524,2.226541,0.327472	0.802822,2.308703,0.414596	0.000000,0.000000,0.000000	0.672524,2.226541,0.327472	0
18:26:55	0.672548,2.226634,0.327463	0.802975,2.308785,0.412800	0.000000,0.000000,0.000000	0.672548,2.226634,0.327463	0
18:26:55	0.672573,2.226635,0.327469	0.802900,2.309080,0.412155	0.000000,0.000000,0.000000	0.672573,2.226635,0.327469	0
18:26:55	0.672582,2.226626,0.327462	0.802757,2.308995,0.413940	0.000000,0.000000,0.000000	0.672582,2.226626,0.327462	0
18:26:55	0.672573,2.226611,0.327453	0.802715,2.308955,0.413864	0.000000,0.000000,0.000000	0.672573,2.226611,0.327453	0
18:26:56	0.672571,2.226615,0.327457	0.802731,2.308893,0.413944	0.000000,0.000000,0.000000	0.672571,2.226615,0.327457	0
18:26:56	0.672560,2.226631,0.327445	0.803039,2.308491,0.413539	0.000000,0.000000,0.000000	0.672560,2.226631,0.327445	0
18:26:56	0.672537,2.226541,0.327467	0.803106,2.308050,0.414729	0.000000,0.000000,0.000000	0.672537,2.226541,0.327467	0
18:26:56	0.672560,2.226637,0.327472	0.802762,2.308679,0.414567	0.000000,0.000000,0.000000	0.672560,2.226637,0.327472	0
18:26:56	0.672503,2.226588,0.327369	0.802764,2.308677,0.414576	0.000000,0.000000,0.000000	0.672503,2.226588,0.327369	0
18:26:56	0.672565,2.226637,0.327420	0.803092,2.308394,0.414152	0.000000,0.000000,0.000000	0.672565,2.226637,0.327420	0
18:26:56	0.672558,2.226650,0.327435	0.803383,2.308034,0.413762	0.000000,0.000000,0.000000	0.672558,2.226650,0.327435	0
18:26:56	0.672562,2.226634,0.327432	0.803386,2.308021,0.413779	0.000000,0.000000,0.000000	0.672562,2.226634,0.327432	0
18:26:56	0.672564,2.226643,0.327440	0.802984,2.308578,0.413543	0.000000,0.000000,0.000000	0.672564,2.226643,0.327440	0
18:26:56	0.672564,2.226653,0.327442	0.803297,2.308301,0.413157	0.000000,0.000000,0.000000	0.672564,2.226653,0.327442	0
18:26:57	0.672558,2.226646,0.327453	0.803307,2.308299,0.413158	0.000000,0.000000,0.000000	0.672558,2.226646,0.327453	0
18:26:57	0.672515,2.226594,0.327366	0.803601,2.307935,0.412781	0.000000,0.000000,0.000000	0.672515,2.226594,0.327366	0
18:26:57	0.672561,2.226642,0.327449	0.803599,2.307938,0.412780	0.000000,0.000000,0.000000	0.672561,2.226642,0.327449	0
18:26:57	0.672560,2.226635,0.327457	0.803234,2.308575,0.412539	0.000000,0.000000,0.000000	0.672560,2.226635,0.327457	0
18:26:57	0.672567,2.226631,0.327462	0.803235,2.308580,0.412530	0.000000,0.000000,0.000000	0.672567,2.226631,0.327462	0
18:26:57	0.672513,2.226589,0.327362	0.803164,2.308448,0.412456	0.000000,0.000000,0.000000	0.672513,2.226589,0.327362	0
18:26:57	0.672564,2.226631,0.327448	0.802952,2.308941,0.412914	0.000000,0.000000,0.000000	0.672564,2.226631,0.327448	0
18:26:57	0.672558,2.226638,0.327453	0.835506,2.329501,0.434580	0.000000,0.000000,0.000000	0.672558,2.226638,0.327453	0
18:26:57	0.672532,2.226549,0.327442	0.835507,2.329510,0.434568	0.000000,0.000000,0.000000	0.672532,2.226549,0.327442	0
18:26:57	0.672560,2.226629,0.327443	0.835040,2.330314,0.434283	0.000000,0.000000,0.000000	0.672560,2.226629,0.327443	0
18:26:58	0.672533,2.226554,0.327452	0.835046,2.330310,0.434268	0.000000,0.000000,0.000000	0.672533,2.226554,0.327452	0
18:26:58	0.672557,2.226640,0.327443	0.835006,2.330223,0.434279	0.000000,0.000000,0.000000	0.672557,2.226640,0.327443	0
18:26:58	0.672556,2.226646,0.327445	0.834802,2.330139,0.436314	0.000000,0.000000,0.000000	0.672556,2.226646,0.327445	0
18:26:58	0.672520,2.226600,0.327371	0.834748,2.330118,0.436243	0.000000,0.000000,0.000000	0.672520,2.226600,0.327371	0
18:26:58	0.672548,2.226637,0.327437	0.835260,2.329343,0.436626	0.000000,0.000000,0.000000	0.672548,2.226637,0.327437	0
18:26:58	0.672552,2.226648,0.327451	0.835255,2.329338,0.436627	0.000000,0.000000,0.000000	0.672552,2.226648,0.327451	0
18:26:58	0.672557,2.226641,0.327459	0.835205,2.329311,0.436543	0.000000,0.000000,0.000000	0.672557,2.226641,0.327459	0
18:26:58	0.672571,2.226637,0.327451	0.835256,2.329353,0.436601	0.000000,0.000000,0.000000	0.672571,2.226637,0.327451	0
18:26:58	0.672537,2.226560,0.327450	0.835261,2.329365,0.436611	0.000000,0.000000,0.000000	0.672537,2.226560,0.327450	0
18:26:58	0.672563,2.226629,0.327432	0.835267,2.329364,0.436608	0.000000,0.000000,0.000000	0.672563,2.226629,0.327432	0
18:26:59	0.672561,2.226650,0.327448	0.835244,2.329359,0.436606	0.000000,0.000000,0.000000	0.672561,2.226650,0.327448	0
18:26:59	0.672516,2.226612,0.327360	0.835192,2.329329,0.436530	0.000000,0.000000,0.000000	0.672516,2.226612,0.327360	0
18:26:59	0.672571,2.226647,0.327441	0.835201,2.329339,0.436532	0.000000,0.000000,0.000000	0.672571,2.226647,0.327441	0
18:26:59	0.672566,2.226637,0.327422	0.835214,2.329344,0.436558	0.000000,0.000000,0.000000	0.672566,2.226637,0.327422	0
18:26:59	0.672560,2.226629,0.327440	0.835240,2.329273,0.436637	0.000000,0.000000,0.000000	0.672560,2.226629,0.327440	0
18:26:59	0.672560,2.226635,0.327461	0.835202,2.329303,0.436532	0.000000,0.000000,0.000000	0.672560,2.226635,0.327461	0
18:26:59	0.672568,2.226649,0.327484	0.835717,2.328542,0.436905	0.000000,0.000000,0.000000	0.672568,2.226649,0.327484	0
18:26:59	0.672576,2.226640,0.327473	0.835270,2.329355,0.436613	0.000000,0.000000,0.000000	0.672576,2.226640,0.327473	0
18:26:59	0.672533,2.226534,0.327445	0.835224,2.329319,0.436547	0.000000,0.000000,0.000000	0.672533,2.226534,0.327445	0
18:26:59	0.672564,2.226650,0.327435	0.835265,2.329349,0.436597	0.000000,0.000000,0.000000	0.672564,2.226650,0.327435	0
18:27:00	0.672572,2.226660,0.327445	0.835244,2.329347,0.436585	0.000000,0.000000,0.000000	0.672572,2.226660,0.327445	0
18:27:00	0.672521,2.226625,0.327366	0.835256,2.329366,0.436611	0.000000,0.000000,0.000000	0.672521,2.226625,0.327366	0
18:27:00	0.672534,2.226566,0.327440	0.835244,2.329279,0.436639	0.000000,0.000000,0.000000	0.672534,2.226566,0.327440	0
18:27:00	0.672548,2.226643,0.327429	0.835261,2.329375,0.436644	0.000000,0.000000,0.000000	0.672548,2.226643,0.327429	0
18:27:00	0.672552,2.226642,0.327439	0.835738,2.329657,0.432546	0.000000,0.000000,0.000000	0.672552,2.226642,0.327439	0
18:27:00	0.672560,2.226648,0.327451	0.835732,2.330760,0.428125	0.000000,0.000000,0.000000	0.672560,2.226648,0.327451	0
18:27:00	0.672575,2.226652,0.327452	0.835491,2.332414,0.421985	0.000000,0.000000,0.000000	0.672575,2.226652,0.327452	0
18:27:00	0.672561,2.226647,0.327450	0.834836,2.334922,0.415649	0.000000,0.000000,0.000000	0.672561,2.226647,0.327450	0
18:27:00	0.672510,2.226604,0.327351	0.833660,2.337852,0.409536	0.000000,0.000000,0.000000	0.672510,2.226604,0.327351	0
18:27:00	0.672559,2.226647,0.327447	0.832777,2.340247,0.402941	0.000000,0.000000,0.000000	0.672559,2.226647,0.327447	0
18:27:01	0.672563,2.226633,0.327457	0.831452,2.343464,0.393921	0.000000,0.000000,0.000000	0.672563,2.226633,0.327457	0
18:27:01	0.672566,2.226630,0.327452	0.830262,2.345918,0.386699	0.000000,0.000000,0.000000	0.672566,2.226630,0.327452	0
18:27:01	0.672561,2.226652,0.327453	0.828706,2.349110,0.377405	0.000000,0.000000,0.000000	0.672561,2.226652,0.327453	0
