# Flight Log 
# 25 08 17 - 18:33:05
Time		X,Y,Z				goalX,goalY,goalZ		ddx,ddy,ddz			angularx,angulary,angularz	battery
18:33:05	0.000000,0.000000,0.000000	0.000000,0.000000,0.000000	0.000000,0.000000,0.000000	0.000000,0.000000,0.000000	0
18:33:05	0.000000,0.000000,0.000000	0.000000,0.000000,0.000000	0.000000,0.000000,0.000000	0.000000,0.000000,0.000000	0
18:33:05	0.686875,0.817167,0.410568	0.739874,0.885692,0.440715	0.000000,0.000000,0.000000	0.686875,0.817167,0.410568	0
18:33:05	0.686877,0.817175,0.410580	0.739870,0.885697,0.440750	0.000000,0.000000,0.000000	0.686877,0.817175,0.410580	0
18:33:05	0.686885,0.817181,0.410576	0.739875,0.885696,0.440738	0.000000,0.000000,0.000000	0.686885,0.817181,0.410576	0
18:33:05	0.686873,0.817192,0.410566	0.739876,0.885707,0.440781	0.000000,0.000000,0.000000	0.686873,0.817192,0.410566	0
18:33:05	0.686872,0.817174,0.410559	0.739875,0.885705,0.440785	0.000000,0.000000,0.000000	0.686872,0.817174,0.410559	0
18:33:05	0.686869,0.817179,0.410569	0.739871,0.885696,0.440742	-0.129331,0.112566,10.296189	0.686869,0.817179,0.410569	0
18:33:06	0.686915,0.817160,0.410541	0.739880,0.885693,0.440718	-0.124541,0.110171,10.300979	0.686915,0.817160,0.410541	0
18:33:06	0.686887,0.817188,0.410573	0.739871,0.885698,0.440768	-0.134121,0.105381,10.305769	0.686887,0.817188,0.410573	4.00645160675
18:33:06	0.686879,0.817179,0.410580	0.739876,0.885694,0.440736	-0.124541,0.105381,10.298584	0.686879,0.817179,0.410580	4.00645160675
18:33:06	0.686871,0.817178,0.410590	0.739885,0.885695,0.440710	-0.129331,0.107776,10.310559	0.686871,0.817178,0.410590	4.00645160675
18:33:06	0.686888,0.817179,0.410556	0.739872,0.885698,0.440760	-0.131726,0.110171,10.296189	0.686888,0.817179,0.410556	4.00645160675
18:33:06	0.686894,0.817176,0.410548	0.739883,0.885705,0.440834	-0.131726,0.110171,10.289004	0.686894,0.817176,0.410548	4.00645160675
18:33:06	0.686878,0.817158,0.410550	0.739876,0.885689,0.440745	-0.124541,0.114961,10.298584	0.686878,0.817158,0.410550	4.00645160675
18:33:06	0.686871,0.817173,0.410559	0.739868,0.885698,0.440731	-0.122146,0.114961,10.293794	0.686871,0.817173,0.410559	4.00645160675
18:33:06	0.686841,0.817211,0.410564	0.739878,0.885699,0.440716	-0.129331,0.117356,10.284214	0.686841,0.817211,0.410564	4.00645160675
18:33:06	0.686857,0.817158,0.410535	0.739870,0.885697,0.440755	-0.134121,0.091011,10.281819	0.686857,0.817158,0.410535	3.93255138397
18:33:07	0.686844,0.817185,0.410576	0.739879,0.885700,0.440752	-0.122146,0.091011,10.279424	0.686844,0.817185,0.410576	3.92727279663
18:33:07	0.686901,0.817163,0.410508	0.739868,0.885702,0.440863	-0.110171,0.107776,10.348879	0.686901,0.817163,0.410508	3.92199420929
18:33:07	0.686909,0.817171,0.410531	0.739875,0.885694,0.440886	-0.177231,0.114961,10.351274	0.686909,0.817171,0.410531	3.91143703461
18:33:07	0.686864,0.817149,0.410557	0.739943,0.885696,0.440917	-0.122146,0.112566,10.214758	0.686864,0.817149,0.410557	3.90615844727
18:33:07	0.686803,0.817183,0.410465	0.739886,0.885711,0.440855	-0.193997,0.086221,10.365645	0.686803,0.817183,0.410465	3.90087985992
18:33:07	0.686831,0.817180,0.410460	0.739921,0.885695,0.440997	-0.170046,0.114961,10.370435	0.686831,0.817180,0.410460	3.89032268524
18:33:07	0.686793,0.817176,0.410437	0.739906,0.885690,0.441003	-0.177231,0.093406,10.380015	0.686793,0.817176,0.410437	3.87976527214
18:33:07	0.686863,0.817130,0.410390	0.739932,0.885696,0.440951	-0.215552,0.110171,10.202783	0.686863,0.817130,0.410390	3.8744866848
18:33:07	0.686801,0.817168,0.410318	0.739908,0.885710,0.441099	-0.129331,0.086221,10.197993	0.686801,0.817168,0.410318	3.86392951012
18:33:07	0.686778,0.817169,0.410383	0.739940,0.885707,0.441223	-0.143701,0.059875,10.274634	0.686778,0.817169,0.410383	3.85865092278
18:33:08	0.686782,0.817220,0.410354	0.739921,0.885702,0.441125	-0.170046,0.119751,10.308164	0.686782,0.817220,0.410354	3.85865092278
18:33:08	0.686678,0.817308,0.410330	0.739973,0.885661,0.441210	-0.100591,0.047900,10.332114	0.686678,0.817308,0.410330	3.83753657341
18:33:08	0.686666,0.817210,0.410334	0.739996,0.885651,0.441216	-0.086221,0.002395,10.312954	0.686666,0.817210,0.410334	3.83225798607
18:33:08	0.686814,0.816767,0.410332	0.740017,0.885689,0.441228	-0.031135,0.162861,10.554851	0.686814,0.816767,0.410332	3.82697939873
18:33:08	0.686611,0.816558,0.410294	0.739890,0.885933,0.441342	-0.112566,0.076641,10.427915	0.686611,0.816558,0.410294	3.81642222404
18:33:08	0.686811,0.816458,0.410479	0.740029,0.886054,0.441385	-0.165256,-0.014370,10.344089	0.686811,0.816458,0.410479	3.80586504936
18:33:08	0.686766,0.815608,0.410231	0.739938,0.886089,0.441042	-0.019160,-0.033530,10.293794	0.686766,0.815608,0.410231	3.79530787468
18:33:08	0.687991,0.814825,0.409187	0.739228,0.886801,0.443398	-0.222737,0.220342,10.231523	0.687991,0.814825,0.409187	3.7847507
18:33:08	0.687121,0.815129,0.410340	0.739244,0.887067,0.443521	-0.261057,0.249082,10.226733	0.687121,0.815129,0.410340	3.77419352531
18:33:08	0.687996,0.814331,0.409344	0.739164,0.887191,0.379421	-0.256267,-0.021555,10.494976	0.687996,0.814331,0.409344	3.76891493797
18:33:09	0.686877,0.813848,0.410417	0.739140,0.887342,0.379280	-0.019160,0.045505,10.332114	0.686877,0.813848,0.410417	3.75835776329
18:33:09	0.687693,0.812829,0.409893	0.739856,0.887718,0.377008	-0.110171,-0.064666,10.700947	0.687693,0.812829,0.409893	3.74780058861
18:33:09	0.688601,0.812921,0.410019	0.739544,0.888382,0.441646	-0.026345,0.203577,10.018367	0.688601,0.812921,0.410019	3.74252200127
18:33:09	0.689465,0.813173,0.409950	0.738909,0.888260,0.441905	-0.079036,0.337698,10.255474	0.689465,0.813173,0.409950	3.72668623924
18:33:09	0.691040,0.812922,0.410020	0.738359,0.888069,0.442189	0.098196,-0.143701,10.533296	0.691040,0.812922,0.410020	3.71612906456
18:33:09	0.692642,0.811882,0.409969	0.737578,0.888182,0.377522	0.059875,0.445474,10.097402	0.692642,0.811882,0.409969	3.70557188988
18:33:09	0.695228,0.810937,0.409365	0.768300,0.888880,0.442575	-0.136516,-0.047900,10.370435	0.695228,0.810937,0.409365	3.69501471519
18:33:09	0.696239,0.811613,0.409519	0.767349,0.889254,0.378522	0.217947,0.016765,9.604028	0.696239,0.811613,0.409519	3.67917895317
18:33:09	0.697286,0.811737,0.410167	0.766536,0.889006,0.378451	-0.095801,-0.289797,10.147698	0.697286,0.811737,0.410167	3.66862177849
18:33:09	0.701128,0.812768,0.410092	0.765743,0.888964,0.377557	-0.064666,0.352068,10.550061	0.701128,0.812768,0.410092	3.65806460381
18:33:10	0.706030,0.814044,0.409358	0.763595,0.888303,0.442121	-0.038320,-0.136516,10.607542	0.706030,0.814044,0.409358	3.64222884178
18:33:10	0.711887,0.817603,0.410875	0.760698,0.887650,0.443028	0.155676,0.301772,10.480605	0.711887,0.817603,0.410875	3.6316716671
18:33:10	0.720912,0.823799,0.412890	0.757404,0.885696,0.376404	0.294587,-0.035925,10.284214	0.720912,0.823799,0.412890	3.61583590508
18:33:10	0.735750,0.834865,0.418208	0.783600,0.882088,0.437878	0.234712,0.210762,10.468630	0.735750,0.834865,0.418208	3.60000014305
18:33:10	0.757589,0.851107,0.428258	0.775599,0.875780,0.424509	-0.141306,0.153281,10.894944	0.757589,0.851107,0.428258	3.58416438103
18:33:10	0.791768,0.871927,0.439478	0.794770,0.898260,0.404136	0.158071,0.193997,10.217153	0.791768,0.871927,0.439478	3.58416438103
18:33:10	0.834196,0.895708,0.451153	0.807016,0.917919,0.379123	0.134121,-0.354463,10.312954	0.834196,0.895708,0.451153	3.55249285698
18:33:10	0.879858,0.920168,0.463251	0.813841,0.935746,0.417342	0.229922,0.586780,10.317744	0.879858,0.920168,0.463251	3.5313782692
18:33:10	0.925454,0.945054,0.479807	0.882599,0.953046,0.454532	-0.349673,0.117356,10.827883	0.925454,0.945054,0.479807	3.49970674515
18:33:10	0.969579,0.971014,0.500336	0.918927,0.970186,0.420858	0.337698,0.277822,10.303374	0.969579,0.971014,0.500336	3.54721426964
18:33:11	1.006557,0.998388,0.521280	0.956452,0.986692,0.438819	-0.119751,0.553250,10.660232	1.006557,0.998388,0.521280	3.54721426964
18:33:11	1.036403,1.027867,0.544083	1.029807,1.034332,0.457362	0.134121,-0.021555,10.300979	1.036403,1.027867,0.544083	3.54721426964
18:33:11	1.060007,1.060271,0.566922	1.043631,1.048877,0.470674	0.158071,0.102986,9.958491	1.060007,1.060271,0.566922	3.55249285698
18:33:11	1.077593,1.092795,0.588864	1.092992,1.093505,0.485114	0.102986,-0.617915,10.202783	1.077593,1.092795,0.588864	3.55249285698
18:33:11	1.089373,1.122486,0.611976	1.114460,1.105873,0.499584	-0.050295,0.215552,10.784773	1.089373,1.122486,0.611976	3.55249285698
18:33:11	1.097558,1.149478,0.637146	1.138764,1.151954,0.578009	0.589175,0.383203,10.717712	1.097558,1.149478,0.637146	3.54193544388
18:33:11	1.105453,1.175327,0.662459	1.133615,1.167603,0.524827	-0.222737,0.177231,9.707014	1.105453,1.175327,0.662459	3.55777144432
18:33:11	1.111621,1.201517,0.685660	1.161108,1.216102,0.594740	0.277822,0.186812,11.139236	1.111621,1.201517,0.685660	3.29912042618
18:33:11	1.117074,1.230988,0.717762	1.157092,1.232432,0.609688	0.332908,0.428708,10.190808	1.117074,1.230988,0.717762	3.568328619
18:33:11	1.121755,1.266594,0.747563	1.185743,1.246996,0.603952	0.162861,-0.459844,10.097402	1.121755,1.266594,0.747563	3.55777144432
18:33:12	1.128148,1.305625,0.774332	1.182952,1.289934,0.665566	0.124541,0.407153,10.248289	1.128148,1.305625,0.774332	3.55249285698
18:33:12	1.137665,1.345899,0.802221	1.179308,1.298596,0.670885	0.277822,0.117356,10.444680	1.137665,1.345899,0.802221	3.55249285698
18:33:12	1.149876,1.385832,0.828266	1.173717,1.338463,0.736673	-0.246687,0.021555,10.705737	1.149876,1.385832,0.828266	3.56305003166
18:33:12	1.163968,1.422522,0.856955	1.198657,1.378447,0.743312	-0.246687,0.047900,10.332114	1.163968,1.422522,0.856955	3.55777144432
18:33:12	1.179971,1.455383,0.884978	1.222377,1.420247,0.807853	0.105381,0.067061,10.791958	1.179971,1.455383,0.884978	3.54193544388
18:33:12	1.197900,1.484299,0.911302	1.212902,1.464305,0.746114	-0.114961,0.464634,9.867480	1.197900,1.484299,0.911302	3.55777144432
18:33:12	1.216425,1.508255,0.925781	1.233960,1.510731,0.687809	-0.457449,0.050295,9.213640	1.216425,1.508255,0.925781	3.55249285698
18:33:12	1.234973,1.526193,0.931427	1.255067,1.528084,0.844593	0.304167,0.239502,10.284214	1.234973,1.526193,0.931427	3.51554250717
18:33:12	1.253378,1.539377,0.936189	1.275674,1.580986,0.769176	-0.170046,0.270637,9.536968	1.253378,1.539377,0.936189	3.53665685654
18:33:12	1.270455,1.551091,0.932691	1.296944,1.572895,0.820372	0.071851,0.220342,9.944121	1.270455,1.551091,0.932691	3.5313782692
18:33:13	1.284477,1.562247,0.929254	1.318538,1.597888,0.955226	-0.052690,0.294587,10.954819	1.284477,1.562247,0.929254	3.49970674515
18:33:13	1.294847,1.575090,0.932717	1.341664,1.623137,0.964631	0.222737,0.407153,10.830278	1.294847,1.575090,0.932717	3.52609968185
18:33:13	1.303393,1.592306,0.936206	1.335313,1.615552,0.893823	-0.222737,0.304167,9.841135	1.303393,1.592306,0.936206	3.5313782692
18:33:13	1.312792,1.613536,0.935183	1.362506,1.637528,0.947939	0.268242,0.021555,10.054292	1.312792,1.613536,0.935183	3.50498533249
18:33:13	1.325462,1.638574,0.938816	1.356882,1.656960,0.950971	0.179626,0.129331,10.375225	1.325462,1.638574,0.938816	3.52609968185
18:33:13	1.341984,1.666990,0.940554	1.381393,1.674193,0.879815	0.285007,0.124541,9.721384	1.341984,1.666990,0.940554	3.52609968185
18:33:13	1.361013,1.697844,0.934866	1.371722,1.689262,0.873931	0.055085,-0.273032,9.841135	1.361013,1.697844,0.934866	3.52082109451
18:33:13	1.381968,1.728280,0.928247	1.392405,1.702859,0.886187	-0.076641,0.193997,10.796748	1.381968,1.728280,0.928247	3.51554250717
18:33:13	1.404105,1.756773,0.921468	1.411874,1.748537,0.836765	0.215552,0.019160,9.800420	1.404105,1.756773,0.921468	3.71085047722
18:33:13	1.427441,1.783595,0.906561	1.430738,1.795272,0.850616	0.294587,0.234712,10.832673	1.427441,1.783595,0.906561	3.50498533249
18:33:14	1.450590,1.810420,0.895205	1.448659,1.811221,0.883153	0.364043,0.419128,11.280542	1.450590,1.810420,0.895205	3.51026391983
18:33:14	1.471792,1.839075,0.889999	1.466767,1.827123,0.845518	0.287402,0.337698,10.059082	1.471792,1.839075,0.889999	3.51554250717
18:33:14	1.490186,1.868776,0.882589	1.517893,1.874008,0.856949	0.059875,0.182021,10.169253	1.490186,1.868776,0.882589	3.51026391983
18:33:14	1.505149,1.898179,0.877171	1.538716,1.888181,0.872967	0.215552,0.129331,10.413545	1.505149,1.898179,0.877171	3.51554250717
18:33:14	1.518084,1.927738,0.872662	1.561590,1.934559,0.821644	0.603545,-0.440684,9.513018	1.518084,1.927738,0.872662	3.58416438103
18:33:14	1.530037,1.958604,0.862797	1.553795,1.948944,0.830666	0.105381,0.407153,10.277029	1.530037,1.958604,0.862797	3.4680352211
18:33:14	1.539804,1.990734,0.852774	1.578537,1.994491,0.852193	0.122146,0.613125,9.891431	1.539804,1.990734,0.852774	3.51026391983
18:33:14	1.546990,2.022927,0.845398	1.604556,1.975225,0.874097	-0.081431,0.110171,10.356064	1.546990,2.022927,0.845398	3.44164228439
18:33:14	1.554842,2.053983,0.843846	1.600124,1.987877,0.891577	-0.016765,0.519719,10.753638	1.554842,2.053983,0.843846	3.50498533249
18:33:14	1.564127,2.082924,0.843836	1.595558,2.001114,0.831666	0.057480,-0.366438,9.886641	1.564127,2.082924,0.843836	3.53665685654
18:33:15	1.573203,2.107524,0.838903	1.621952,2.111628,0.831086	0.011975,-0.162861,10.360854	1.573203,2.107524,0.838903	3.51554250717
18:33:15	1.581430,2.128834,0.834515	1.616568,2.128651,0.841373	0.177231,0.035925,10.542876	1.581430,2.128834,0.834515	3.44692087173
18:33:15	1.587781,2.151214,0.833016	1.643478,2.147799,0.851425	0.162861,0.340093,10.863809	1.587781,2.151214,0.833016	3.50498533249
18:33:15	1.591302,2.177062,0.833309	1.639628,2.198500,0.855093	0.119751,0.026345,10.734478	1.591302,2.177062,0.833309	3.49442815781
18:33:15	1.595191,2.206219,0.833740	1.637330,2.183137,0.854917	0.088616,0.196392,10.279424	1.595191,2.206219,0.833740	3.51026391983
18:33:15	1.599759,2.237460,0.832782	1.667030,2.165798,0.853911	-0.019160,0.131726,10.554851	1.599759,2.237460,0.832782	3.50498533249
18:33:15	1.606090,2.267480,0.832211	1.664366,2.179048,0.855756	-0.237107,0.419128,10.442285	1.606090,2.267480,0.832211	3.49970674515
18:33:15	1.615794,2.294992,0.832066	1.660622,2.224971,0.857341	0.059875,0.035925,10.389595	1.615794,2.294992,0.832066	3.50498533249
18:33:15	1.627222,2.320222,0.832130	1.655015,2.240364,0.857560	-0.217947,-0.761616,10.741663	1.627222,2.320222,0.832130	3.50498533249
18:33:15	1.638541,2.343455,0.831771	1.680294,2.289048,0.857234	-0.361648,0.835862,10.277029	1.638541,2.343455,0.831771	3.49970674515
18:33:16	1.649115,2.363085,0.831996	1.673431,2.307070,0.858095	0.253872,0.069456,10.253079	1.649115,2.363085,0.831996	3.49970674515
18:33:16	1.658006,2.380015,0.832381	1.699019,2.326999,0.857670	0.354463,0.234712,9.968071	1.658006,2.380015,0.832381	3.50498533249
18:33:16	1.664938,2.396463,0.831879	1.725583,2.348832,0.856868	0.536484,0.531694,10.636282	1.664938,2.396463,0.831879	3.50498533249
18:33:16	1.671461,2.414459,0.830948	1.721322,2.370982,0.857772	-0.021555,0.407153,10.229128	1.671461,2.414459,0.830948	3.49442815781
18:33:16	1.677452,2.435840,0.830244	1.717533,2.392267,0.859501	0.198787,0.296982,10.518926	1.677452,2.435840,0.830244	3.49970674515
18:33:16	1.682262,2.461291,0.828812	1.745790,2.411614,0.861405	0.136516,0.423918,10.135723	1.682262,2.461291,0.828812	3.48914957047
18:33:16	1.686765,2.489715,0.827916	1.742761,2.428549,0.864591	0.440684,0.124541,10.245894	1.686765,2.489715,0.827916	3.48387098312
18:33:16	1.691076,2.520325,0.824988	1.740231,2.443659,0.802344	-0.313748,-0.316143,9.766890	1.691076,2.520325,0.824988	3.48387098312
18:33:16	1.694914,2.551537,0.814944	1.737562,2.489392,0.807456	0.390388,0.184417,10.121353	1.694914,2.551537,0.814944	3.48914957047
18:33:16	1.698849,2.580683,0.805749	1.767251,2.502635,0.828747	0.050295,0.356858,10.315349	1.698849,2.580683,0.805749	3.41524934769
18:33:17	1.705033,2.606750,0.802276	1.764899,2.548987,0.850221	0.198787,0.028740,10.648257	1.705033,2.606750,0.802276	3.41524934769
18:33:17	1.714338,2.631770,0.800293	1.761308,2.565209,0.795002	0.232317,0.910107,9.505833	1.714338,2.631770,0.800293	3.54193544388
18:33:17	1.723852,2.656438,0.792710	1.755868,2.582204,0.798203	0.205972,0.263452,10.250684	1.723852,2.656438,0.792710	3.47859239578
18:33:17	1.731491,2.680975,0.786317	1.782107,2.631353,0.814447	0.091011,0.531694,10.466235	1.731491,2.680975,0.786317	3.39413499832
18:33:17	1.735907,2.708533,0.785516	1.777407,2.648698,0.829629	-0.165256,-0.067061,10.791958	1.735907,2.708533,0.785516	3.4680352211
18:33:17	1.736736,2.740500,0.783427	1.806612,2.664374,0.767925	-0.153281,-0.335303,10.006392	1.736736,2.740500,0.783427	3.49442815781
18:33:17	1.735536,2.772891,0.776112	1.805958,2.675700,0.772460	0.117356,0.050295,10.370435	1.735536,2.772891,0.776112	3.47859239578
18:33:17	1.734059,2.803360,0.770106	1.806548,2.721849,0.787113	0.138911,0.359253,10.569221	1.734059,2.803360,0.770106	3.40997076035
18:33:17	1.733815,2.832520,0.767066	1.807475,2.767474,0.801040	0.160466,0.524509,10.456655	1.733815,2.832520,0.767066	3.40997076035
18:33:17	1.735274,2.861549,0.765749	1.807783,2.781874,0.808180	-0.150886,-0.031135,10.614727	1.735274,2.861549,0.765749	3.48914957047
18:33:18	1.739915,2.889113,0.761890	1.806929,2.828551,0.747148	0.045505,-0.136516,9.886641	1.739915,2.889113,0.761890	3.70029330254
18:33:18	1.747971,2.913862,0.752428	1.804380,2.843859,0.754122	0.490979,0.364043,10.109377	1.747971,2.913862,0.752428	3.45747804642
18:33:18	1.758295,2.936311,0.744261	1.799711,2.892861,0.774722	0.141306,0.541274,10.851833	1.758295,2.936311,0.744261	3.36246347427
18:33:18	1.768732,2.959053,0.741518	1.793573,2.911291,0.921885	0.340093,0.014370,10.686577	1.768732,2.959053,0.741518	3.25161314011
18:33:18	1.778226,2.982908,0.742897	1.819277,2.929725,0.864725	0.093406,0.074246,10.195598	1.778226,2.982908,0.742897	3.59472155571
18:33:18	1.786110,3.006140,0.740634	1.813504,2.947513,0.861485	0.407153,-0.208367,10.068662	1.786110,3.006140,0.740634	3.47331380844
18:33:18	1.792966,3.026687,0.738920	1.840334,2.964316,0.866605	-0.234712,0.335303,10.751243	1.792966,3.026687,0.738920	3.44692087173
18:33:18	1.799732,3.044348,0.739603	1.836461,2.984982,0.870441	0.275427,0.625100,10.674602	1.799732,3.044348,0.739603	3.4680352211
18:33:18	1.806511,3.060207,0.742012	1.864497,3.006210,0.869077	0.457449,0.215552,10.444680	1.806511,3.060207,0.742012	3.48387098312
18:33:18	1.813210,3.074942,0.745063	1.860477,3.028612,0.864358	0.720901,0.265847,10.353669	1.813210,3.074942,0.745063	3.50498533249
18:33:19	1.819999,3.089678,0.747560	1.856481,3.051730,0.857882	0.217947,0.095801,10.106982	1.819999,3.089678,0.747560	3.51026391983
18:33:19	1.825476,3.107115,0.748429	1.884342,3.075010,0.851803	0.275427,1.314866,9.807605	1.825476,3.107115,0.748429	3.51026391983
18:33:19	1.830444,3.127620,0.747677	1.880714,3.063731,0.849456	0.155676,0.548459,10.399175	1.830444,3.127620,0.747677	3.47859239578
18:33:19	1.836240,3.148849,0.748889	1.878062,3.084379,0.850910	0.253872,0.177231,10.454260	1.836240,3.148849,0.748889	3.46275663376
18:33:19	1.842667,3.168985,0.752229	1.906557,3.039751,0.849111	-0.004790,0.433499,10.480605	1.842667,3.168985,0.752229	3.47859239578
18:33:19	1.850540,3.187546,0.754982	1.902732,3.027612,0.841710	0.622705,1.049019,10.391990	1.850540,3.187546,0.754982	3.49970674515
18:33:19	1.861184,3.200300,0.761752	1.866109,3.048359,0.899406	-0.203577,0.273032,10.880574	1.861184,3.200300,0.761752	3.25689172745
18:33:19	1.872290,3.205934,0.774195	1.859787,3.050525,0.878069	0.110171,0.522114,10.322534	1.872290,3.205934,0.774195	3.25689172745
18:33:19	1.880845,3.205760,0.782975	1.882059,3.049494,0.839597	0.306563,0.517324,10.039922	1.880845,3.205760,0.782975	3.6316716671
18:33:19	1.887494,3.199775,0.790397	1.879983,3.052811,0.873734	0.445474,0.308958,11.184741	1.887494,3.199775,0.790397	3.25161314011
18:33:20	1.891400,3.190622,0.806099	1.877995,3.045574,0.868260	0.172441,0.481399,10.324929	1.891400,3.190622,0.806099	3.50498533249
18:33:20	1.891333,3.180606,0.823196	1.875839,3.039443,0.900866	0.011975,0.423918,10.940449	1.891333,3.180606,0.823196	3.27800607681
18:33:20	1.888392,3.169786,0.842088	1.959588,3.039019,0.873599	0.177231,-0.440684,9.793235	1.888392,3.169786,0.842088	3.61583590508
18:33:20	1.884545,3.159257,0.855450	1.966259,3.033724,0.899106	0.177231,0.716111,9.905801	1.884545,3.159257,0.855450	3.47859239578
18:33:20	1.881708,3.151461,0.867630	1.877273,3.032446,0.934010	0.119751,-0.222737,10.509346	1.881708,3.151461,0.867630	3.25161314011
18:33:20	1.879684,3.147731,0.884733	1.878878,3.036825,0.973406	0.253872,-0.023950,10.633887	1.879684,3.147731,0.884733	3.25689172745
18:33:20	1.876879,3.149035,0.905406	1.880179,3.039226,0.937438	0.040715,0.440684,10.657837	1.876879,3.149035,0.905406	3.47859239578
18:33:20	1.875504,3.154028,0.926172	1.945714,3.038718,0.955843	-0.174836,0.217947,10.574011	1.875504,3.154028,0.926172	3.37302064896
18:33:20	1.876538,3.161474,0.943775	1.946775,3.035835,0.910504	0.323328,0.524509,9.254355	1.876538,3.161474,0.943775	3.65806460381
18:33:20	1.881832,3.169684,0.949920	1.882110,3.031569,0.997368	0.265847,-0.387993,10.279424	1.881832,3.169684,0.949920	3.32551336288
18:33:21	1.889955,3.177026,0.959449	1.879162,3.026654,1.047115	0.237107,0.217947,11.050620	1.889955,3.177026,0.959449	3.23577737808
18:33:21	1.897370,3.181141,0.971907	1.874451,3.022233,0.963759	0.716111,0.385598,10.248289	1.897370,3.181141,0.971907	3.72668623924
18:33:21	1.904464,3.179984,0.976206	1.870715,3.024040,0.936345	0.083826,-0.287402,9.465117	1.904464,3.179984,0.976206	3.5313782692
18:33:21	1.909858,3.172687,0.977455	1.958002,3.029858,0.987688	-0.045505,0.251477,10.801538	1.909858,3.172687,0.977455	3.29384183884
18:33:21	1.913528,3.159866,0.982540	1.958327,3.023933,0.986554	1.058599,-0.177231,10.554851	1.913528,3.159866,0.982540	3.47331380844
18:33:21	1.918193,3.144078,0.987370	1.955996,3.031400,0.975192	0.182021,0.308958,10.221943	1.918193,3.144078,0.987370	3.52082109451
18:33:21	1.923456,3.127782,0.990555	1.985380,3.040713,0.964302	0.605940,0.728086,10.231523	1.923456,3.127782,0.990555	3.46275663376
18:33:21	1.927915,3.114602,0.992449	1.982322,3.050445,0.957515	-0.019160,0.512534,9.841135	1.927915,3.114602,0.992449	3.49970674515
18:33:21	1.932944,3.106964,0.995648	1.979499,3.058676,1.017044	0.299377,0.059875,10.600356	1.932944,3.106964,0.995648	3.24633455276
18:33:21	1.938182,3.107832,1.002985	1.976513,3.063619,1.010883	0.474214,-0.335303,10.621912	1.938182,3.107832,1.002985	3.48914957047
18:33:22	1.943533,3.116770,1.009956	2.005091,3.063301,0.993433	0.193997,-0.186812,10.255474	1.943533,3.116770,1.009956	3.46275663376
18:33:22	1.949153,3.132421,1.015389	2.002252,3.058466,0.979634	0.009580,-0.273032,9.980046	1.949153,3.132421,1.015389	3.52609968185
18:33:22	1.956738,3.150326,1.017386	1.998804,3.049481,0.967047	-0.110171,0.246687,10.284214	1.956738,3.150326,1.017386	3.51026391983
18:33:22	1.966978,3.165808,1.020131	1.994413,3.038755,1.025782	-0.100591,0.574805,11.064990	1.966978,3.165808,1.020131	3.2252202034
18:33:22	1.979465,3.175285,1.028169	2.020341,3.029162,1.020811	0.467029,0.256267,10.300979	1.979465,3.175285,1.028169	3.48387098312
18:33:22	1.994537,3.178143,1.035270	2.013012,3.023136,1.003992	-0.129331,0.232317,9.984836	1.994537,3.178143,1.035270	3.52609968185
18:33:22	2.012093,3.174122,1.038135	2.034952,3.025396,0.988683	0.148491,0.799937,9.958491	2.012093,3.174122,1.038135	3.5313782692
18:33:22	2.031142,3.163289,1.040479	2.050364,3.019623,1.043192	0.440684,0.100591,10.315349	2.031142,3.163289,1.040479	3.26744890213
18:33:22	2.050302,3.148105,1.045982	2.045521,3.005398,1.039813	0.193997,0.134121,10.459050	2.050302,3.148105,1.045982	3.47859239578
18:33:22	2.068226,3.129952,1.050933	2.034702,3.006346,1.027961	0.052690,0.471819,10.286609	2.068226,3.129952,1.050933	3.46275663376
18:33:23	2.082517,3.110185,1.054325	2.151807,3.049132,1.016873	0.354463,0.488584,10.300979	2.082517,3.110185,1.054325	3.54721426964
18:33:23	2.092944,3.092055,1.057200	2.143064,3.060893,1.072638	0.102986,0.498164,10.499766	2.092944,3.092055,1.057200	3.26744890213
18:33:23	2.100883,3.080167,1.063559	2.168703,3.071959,1.067540	0.340093,0.124541,10.245894	2.100883,3.080167,1.063559	3.49442815781
18:33:23	2.107465,3.077073,1.068254	2.195470,3.079900,1.052170	0.316143,0.146096,10.475815	2.107465,3.077073,1.068254	3.53665685654
18:33:23	2.114334,3.083077,1.069240	2.159853,3.081781,1.042389	0.304167,0.335303,9.934541	2.114334,3.083077,1.069240	3.49442815781
18:33:23	2.120791,3.096465,1.066071	2.155669,3.078732,1.039318	-0.146096,0.534089,10.109377	2.120791,3.096465,1.066071	3.47331380844
18:33:23	2.124626,3.114493,1.062215	2.183782,3.071049,1.046167	0.395178,0.498164,10.157278	2.124626,3.114493,1.062215	3.42580652237
18:33:23	2.129360,3.134333,1.060910	2.213535,3.060175,1.054766	0.220342,-0.088616,10.562036	2.129360,3.134333,1.060910	3.404692173
18:33:23	2.140263,3.153641,1.062146	2.210869,3.048373,1.058409	2.222578,0.593965,10.724897	2.140263,3.153641,1.062146	3.43636369705
18:33:23	2.158079,3.168243,1.065136	2.204503,3.036751,1.055287	0.378413,-0.002395,10.619517	2.158079,3.168243,1.065136	3.46275663376
18:33:24	2.180664,3.174401,1.068802	2.226247,3.027558,1.049413	0.323328,0.385598,10.221943	2.180664,3.174401,1.068802	3.47331380844
18:33:24	2.207055,3.171420,1.071727	2.242696,3.028190,1.042359	0.201182,-0.091011,10.578801	2.207055,3.171420,1.071727	3.47859239578
18:33:24	2.236108,3.159743,1.072853	2.261152,3.056830,1.034718	0.129331,0.100591,10.171648	2.236108,3.159743,1.072853	3.45747804642
18:33:24	2.264081,3.140988,1.075080	2.275807,3.063389,1.095918	0.376018,0.740061,10.463840	2.264081,3.140988,1.075080	3.27272748947
18:33:24	2.286692,3.119471,1.080261	2.321552,3.075407,1.090824	0.210762,0.026345,10.190808	2.286692,3.119471,1.080261	3.50498533249
18:33:24	2.302448,3.099888,1.082989	2.341004,3.119233,1.080470	0.555645,-0.059875,9.893826	2.302448,3.099888,1.082989	3.50498533249
18:33:24	2.311485,3.086615,1.083335	2.363112,3.099169,1.073804	-0.227527,0.385598,10.427915	2.311485,3.086615,1.083335	3.45219945908
18:33:24	2.313649,3.083834,1.082230	2.357109,3.108031,1.072663	-0.340093,0.421523,10.698552	2.313649,3.083834,1.082230	3.45219945908
18:33:24	2.310477,3.093534,1.080457	2.387739,3.077832,1.075158	0.330513,0.471819,10.483000	2.310477,3.093534,1.080457	3.45747804642
18:33:24	2.306001,3.114546,1.077840	2.389520,3.072619,1.078650	-0.043110,0.117356,10.818303	2.306001,3.114546,1.077840	3.44692087173
18:33:25	2.306003,3.142709,1.077372	2.392356,3.092490,1.083543	0.076641,-0.110171,10.305769	2.306003,3.142709,1.077372	3.42052793503
18:33:25	2.312848,3.173454,1.078736	2.360566,3.075936,1.086086	-0.129331,0.586780,10.636282	2.312848,3.173454,1.078736	3.45219945908
18:33:25	2.326471,3.202628,1.080232	2.388291,3.055927,1.082781	0.172441,0.780776,10.784773	2.326471,3.202628,1.080232	3.44692087173
18:33:25	2.347503,3.224815,1.083208	2.412945,3.071761,1.079680	-0.261057,-0.009580,10.015972	2.347503,3.224815,1.083208	3.45219945908
18:33:25	2.375945,3.237763,1.085669	2.420070,3.081957,1.074867	0.193997,0.239502,10.092612	2.375945,3.237763,1.085669	3.45219945908
18:33:25	2.408929,3.239984,1.086775	2.447985,3.113779,1.067672	-0.174836,0.342488,10.348879	2.408929,3.239984,1.086775	3.45219945908
18:33:25	2.441702,3.231580,1.087207	2.492389,3.143807,1.065267	0.110171,0.251477,10.265054	2.441702,3.231580,1.087207	3.47331380844
18:33:25	2.470510,3.215687,1.085596	2.536602,3.180386,1.064392	0.038320,0.261057,9.999207	2.470510,3.215687,1.085596	3.45747804642
18:33:25	2.493813,3.198515,1.082464	2.549694,3.222588,1.067689	0.177231,0.730481,10.284214	2.493813,3.198515,1.082464	3.44692087173
18:33:25	2.510076,3.186062,1.079185	2.536735,3.232102,1.073838	0.191602,0.653840,10.142908	2.510076,3.186062,1.079185	3.41524934769
18:33:26	2.518969,3.181437,1.077350	2.557955,3.208363,1.081794	0.464634,0.186812,10.684182	2.518969,3.181437,1.077350	3.43636369705
18:33:26	2.523649,3.185096,1.077675	2.584911,3.179144,1.085582	0.117356,0.371228,10.114167	2.523649,3.185096,1.077675	3.44692087173
18:33:26	2.530262,3.196653,1.078846	2.581810,3.176943,1.085115	0.229922,0.112566,10.236313	2.530262,3.196653,1.078846	3.44164228439
18:33:26	2.540189,3.213751,1.079384	2.578345,3.170613,1.082656	0.131726,-0.040715,10.480605	2.540189,3.213751,1.079384	3.44692087173
18:33:26	2.552562,3.232435,1.079446	2.604433,3.192658,1.081272	-0.047900,0.517324,10.727292	2.552562,3.232435,1.079446	3.44164228439
18:33:26	2.568398,3.250370,1.079082	2.597051,3.213475,1.081315	0.098196,0.081431,10.439890	2.568398,3.250370,1.079082	3.44164228439
18:33:26	2.588094,3.266870,1.077948	2.618961,3.233778,1.082020	-0.182021,0.098196,10.142908	2.588094,3.266870,1.077948	3.44164228439
18:33:26	2.610580,3.281064,1.076789	2.640199,3.256575,1.084293	0.804727,-0.198787,10.396780	2.610580,3.281064,1.076789	3.44164228439
18:33:26	2.635043,3.292558,1.075408	2.626876,3.247907,1.086850	0.383203,0.601150,10.284214	2.635043,3.292558,1.075408	3.44692087173
18:33:26	2.659255,3.300943,1.073930	2.676203,3.273018,1.089466	0.361648,0.883762,10.466235	2.659255,3.300943,1.073930	3.43636369705
18:33:27	2.682481,3.304630,1.073607	2.693501,3.299890,1.093128	0.450264,0.864602,10.109377	2.682481,3.304630,1.073607	3.44164228439
18:33:27	2.703531,3.306415,1.073460	2.710511,3.297222,1.094065	-0.114961,0.598755,10.236313	2.703531,3.306415,1.073460	3.43636369705
18:33:27	2.722645,3.307804,1.072976	2.729881,3.296151,1.094389	0.158071,0.488584,10.380015	2.722645,3.307804,1.072976	3.44164228439
18:33:27	2.741109,3.308632,1.072903	2.751362,3.295311,1.095416	0.395178,0.368833,10.461445	2.741109,3.308632,1.072903	3.44164228439
18:33:27	2.761027,3.309567,1.072732	2.772265,3.294858,1.095838	0.263452,0.605940,10.195598	2.761027,3.309567,1.072732	3.43636369705
18:33:27	2.783633,3.310880,1.072219	2.792480,3.294249,1.096140	0.706531,0.718506,10.181228	2.783633,3.310880,1.072219	3.44164228439
18:33:27	2.807626,3.312712,1.071607	2.810986,3.261548,1.096983	0.548459,0.119751,10.365645	2.807626,3.312712,1.071607	3.44164228439
18:33:27	2.831590,3.313499,1.070995	2.827425,3.260373,1.098466	0.364043,0.047900,10.336904	2.831590,3.313499,1.070995	3.43108510971
18:33:27	2.855154,3.312487,1.071075	2.846201,3.259874,1.099701	0.572410,1.278940,10.281819	2.855154,3.312487,1.071075	3.43108510971
18:33:27	2.878259,3.310690,1.071148	2.862908,3.260508,1.099635	-0.287402,0.256267,10.475815	2.878259,3.310690,1.071148	3.44164228439
18:33:28	2.900722,3.308607,1.072925	2.913044,3.261586,1.163474	0.799937,0.364043,11.388318	2.900722,3.308607,1.072925	3.30439901352
18:33:28	2.921979,3.306552,1.079973	2.931567,3.262836,1.159565	0.292192,-0.100591,10.334509	2.921979,3.306552,1.079973	3.30439901352
18:33:28	2.941781,3.304597,1.086771	2.950813,3.232069,1.144060	-0.110171,0.038320,10.221943	2.941781,3.304597,1.086771	3.44164228439
18:33:28	2.958840,3.301636,1.090668	2.971869,3.233219,1.130027	-0.196392,0.196392,10.197993	2.958840,3.301636,1.090668	3.48387098312
18:33:28	2.974335,3.297513,1.093889	2.993506,3.234887,1.184967	-0.114961,-0.294587,10.588381	2.974335,3.297513,1.093889	3.35718488693
18:33:28	2.989863,3.293163,1.101104	3.016155,3.237221,1.178463	0.210762,0.766406,9.833950	2.989863,3.293163,1.101104	3.43636369705
18:33:28	3.005722,3.288976,1.109981	3.038082,3.304102,1.225572	-0.182021,0.390388,10.696157	3.005722,3.288976,1.109981	3.43636369705
18:33:28	3.021630,3.286684,1.121779	3.061319,3.306428,1.208399	0.361648,-0.215552,9.735754	3.021630,3.286684,1.121779	3.48387098312
18:33:28	3.037105,3.287916,1.132199	3.051022,3.275990,1.244086	0.184417,0.129331,10.497371	3.037105,3.287916,1.132199	3.43636369705
18:33:28	3.051886,3.291049,1.144783	3.073737,3.275250,1.221162	0.210762,-0.229922,9.982441	3.051886,3.291049,1.144783	3.51026391983
18:33:29	3.065732,3.294615,1.157901	3.097546,3.273518,1.259266	-0.074246,0.325723,11.299702	3.065732,3.294615,1.157901	3.43108510971
18:33:29	3.080898,3.298901,1.177674	3.121252,3.303411,1.232264	0.196392,-0.069456,10.384805	3.080898,3.298901,1.177674	3.44692087173
18:33:29	3.099002,3.304407,1.195063	3.112292,3.300832,1.252609	0.208367,0.203577,10.190808	3.099002,3.304407,1.195063	3.44164228439
18:33:29	3.117066,3.310561,1.212397	3.132599,3.297356,1.274862	-0.067061,0.620310,10.511741	3.117066,3.310561,1.212397	3.44164228439
18:33:29	3.135330,3.316542,1.232428	3.154642,3.293943,1.303887	0.040715,0.009580,10.803933	3.135330,3.316542,1.232428	3.44164228439
18:33:29	3.156281,3.321784,1.251925	3.174802,3.322075,1.256657	0.076641,0.076641,9.589658	3.156281,3.321784,1.251925	3.44164228439
18:33:29	3.179325,3.326400,1.265791	3.195338,3.319278,1.280771	0.131726,0.407153,10.839858	3.179325,3.326400,1.265791	3.43636369705
18:33:29	3.203583,3.331178,1.277180	3.213580,3.316347,1.249826	-0.055085,0.359253,9.625583	3.203583,3.331178,1.277180	3.44164228439
18:33:29	3.229549,3.335259,1.282847	3.231088,3.313560,1.223911	0.191602,0.414338,9.889036	3.229549,3.335259,1.282847	3.43636369705
18:33:29	3.254532,3.337556,1.287964	3.247574,3.343042,1.274283	0.349673,0.785566,10.382410	3.254532,3.337556,1.287964	3.43636369705
18:33:30	3.275836,3.338915,1.295973	3.296430,3.341539,1.263743	0.095801,0.057480,10.051897	3.275836,3.338915,1.295973	3.43636369705
18:33:30	3.294152,3.340996,1.300163	3.315472,3.340711,1.246010	0.253872,0.258662,10.061477	3.294152,3.340996,1.300163	3.44164228439
18:33:30	3.311470,3.343160,1.302505	3.336397,3.339427,1.299736	-0.093406,0.464634,10.753638	3.311470,3.343160,1.302505	3.43108510971
18:33:30	3.328896,3.345531,1.308105	3.357118,3.338104,1.294489	-0.083826,0.474214,10.207573	3.328896,3.345531,1.308105	3.43636369705
18:33:30	3.348347,3.348890,1.311273	3.379543,3.336786,1.282819	0.031135,-0.105381,10.430310	3.348347,3.348890,1.311273	3.43108510971
18:33:30	3.371332,3.353227,1.310627	3.368021,3.334745,1.275600	0.253872,0.162861,9.989626	3.371332,3.353227,1.310627	3.43108510971
18:33:30	3.395016,3.357202,1.309784	3.417201,3.332064,1.340622	0.129331,-0.148491,11.007510	3.395016,3.357202,1.309784	3.42580652237
18:33:30	3.416637,3.360306,1.313465	3.434990,3.361679,1.342476	1.159189,0.629890,10.595566	3.416637,3.360306,1.313465	3.43108510971
18:33:30	3.435903,3.363673,1.317909	3.454018,3.359817,1.334376	0.356858,0.220342,10.197993	3.435903,3.363673,1.317909	3.43108510971
18:33:30	3.453565,3.368825,1.322473	3.474458,3.357796,1.388601	0.419128,0.050295,10.724897	3.453565,3.368825,1.322473	3.42580652237
18:33:31	3.471389,3.374803,1.331535	3.495861,3.354705,1.378560	-0.047900,0.809517,10.348879	3.471389,3.374803,1.331535	3.43108510971
18:33:31	3.490367,3.381146,1.339196	3.517167,3.351118,1.358623	0.296982,-0.007185,10.329719	3.490367,3.381146,1.339196	3.43108510971
18:33:31	3.509670,3.387343,1.345413	3.538767,3.379555,1.343170	-0.229922,0.440684,9.980046	3.509670,3.387343,1.345413	3.43108510971
18:33:31	3.527300,3.392770,1.350989	3.559149,3.375942,1.392985	0.011975,0.062271,10.732083	3.527300,3.392770,1.350989	3.42580652237
18:33:31	3.543340,3.398432,1.359027	3.548459,3.372722,1.381510	-0.126936,0.026345,10.997930	3.543340,3.398432,1.359027	3.42580652237
18:33:31	3.557987,3.404053,1.364713	3.569996,3.400941,1.362140	0.021555,0.086221,10.447075	3.557987,3.404053,1.364713	3.42580652237
18:33:31	3.570259,3.409991,1.366325	3.593208,3.397568,1.349631	0.344883,0.720901,9.625583	3.570259,3.409991,1.366325	3.42052793503
18:33:31	3.582505,3.417975,1.364934	3.617844,3.394005,1.410085	0.174836,0.759221,10.631492	3.582505,3.417975,1.364934	3.41524934769
18:33:31	3.598488,3.427614,1.368585	3.643174,3.389661,1.413486	0.356858,0.014370,11.081755	3.598488,3.427614,1.368585	3.42580652237
18:33:31	3.618399,3.437824,1.373048	3.632907,3.383432,1.405112	0.215552,-0.074246,10.042317	3.618399,3.437824,1.373048	3.42580652237
18:33:32	3.640886,3.447010,1.376126	3.652961,3.377306,1.395294	-0.170046,0.201182,10.015972	3.640886,3.447010,1.376126	3.42052793503
18:33:32	3.664457,3.453387,1.379991	3.672595,3.404227,1.452972	0.158071,-0.122146,10.157278	3.664457,3.453387,1.379991	3.42052793503
18:33:32	3.687716,3.458915,1.387993	3.690523,3.368217,1.445457	-0.122146,0.091011,10.554851	3.687716,3.458915,1.387993	3.42580652237
18:33:32	3.709180,3.463532,1.394658	3.707370,3.396651,1.426415	0.052690,0.570015,9.924961	3.709180,3.463532,1.394658	3.42580652237
18:33:32	3.727626,3.466341,1.399839	3.737312,3.350349,1.542038	0.174836,0.486189,10.164463	3.727626,3.466341,1.399839	3.42052793503
18:33:32	3.742415,3.467821,1.403991	3.811798,3.345854,1.520278	0.031135,0.524509,10.116563	3.742415,3.467821,1.403991	3.40997076035
18:33:32	3.755384,3.467177,1.407634	3.789989,3.343460,1.503360	0.160466,0.323328,10.492581	3.755384,3.467177,1.407634	3.404692173
18:33:32	3.768066,3.464221,1.410568	3.819386,3.344516,1.487536	0.088616,0.028740,9.939331	3.768066,3.464221,1.410568	3.41524934769
18:33:32	3.780878,3.459668,1.412354	3.851095,3.349247,1.475213	0.102986,0.534089,10.396780	3.780878,3.459668,1.412354	3.41524934769
18:33:32	3.796238,3.454168,1.413867	3.830595,3.356532,1.467714	0.225132,0.550854,10.061477	3.796238,3.454168,1.413867	3.404692173
18:33:33	3.813691,3.448417,1.415870	3.860130,3.364601,1.462054	0.100591,0.299377,10.130933	3.813691,3.448417,1.415870	3.40997076035
18:33:33	3.831226,3.443279,1.418269	3.832471,3.373790,1.453697	0.222737,0.596360,9.927356	3.831226,3.443279,1.418269	3.41524934769
18:33:33	3.848035,3.439095,1.419917	3.802039,3.330754,1.442869	0.153281,0.059875,10.150093	3.848035,3.439095,1.419917	3.40997076035
18:33:33	3.861330,3.433929,1.421230	3.829234,3.336869,1.436208	0.174836,0.522114,10.147698	3.861330,3.433929,1.421230	3.404692173
18:33:33	3.871825,3.426863,1.422960	3.805872,3.345713,1.430433	0.217947,-0.021555,10.092612	3.871825,3.426863,1.422960	3.40997076035
18:33:33	3.879880,3.419875,1.423347	3.842354,3.356106,1.423686	0.059875,0.148491,10.485396	3.879880,3.419875,1.423347	3.40997076035
18:33:33	3.883977,3.413873,1.425556	3.776192,3.316201,1.525544	0.423918,0.392783,10.597961	3.883977,3.413873,1.425556	3.41524934769
18:33:33	3.884625,3.408125,1.432930	3.769637,3.325803,1.516267	-0.186812,0.368833,10.427915	3.884625,3.408125,1.432930	3.41524934769
18:33:33	3.880447,3.401968,1.441367	3.768431,3.334173,1.488213	0.318538,0.366438,9.865085	3.880447,3.401968,1.441367	3.40997076035
18:33:33	3.870098,3.395861,1.445257	3.775284,3.292850,1.449857	0.395178,0.119751,9.754915	3.870098,3.395861,1.445257	3.40997076035
18:33:34	3.856070,3.390191,1.443952	3.790118,3.301942,1.434129	0.067061,0.586780,9.795630	3.856070,3.390191,1.443952	3.40997076035
18:33:34	3.841033,3.384354,1.441294	3.812244,3.310994,1.438405	0.122146,0.457449,10.334509	3.841033,3.384354,1.441294	3.404692173
18:33:34	3.827529,3.379171,1.439824	3.812244,3.310994,1.438405	-0.110171,0.217947,10.449470	3.827529,3.379171,1.439824	3.41524934769
18:33:34	3.817590,3.374947,1.439965	3.812244,3.310994,1.438405	0.186812,1.049019,10.435100	3.817590,3.374947,1.439965	3.40997076035
18:33:34	3.812693,3.371770,1.441600	3.812244,3.310994,1.438405	0.131726,-0.155676,10.406360	3.812693,3.371770,1.441600	3.40997076035
18:33:34	3.813297,3.369748,1.443833	3.812244,3.310994,1.438405	0.522114,0.483794,10.368040	3.813297,3.369748,1.443833	3.41524934769
18:33:34	3.818574,3.368628,1.446638	3.812244,3.310994,1.438405	-0.225132,0.196392,10.607542	3.818574,3.368628,1.446638	3.40997076035
18:33:34	3.827293,3.367518,1.450068	3.812244,3.310994,1.438405	0.313748,-0.002395,10.344089	3.827293,3.367518,1.450068	3.41524934769
18:33:34	3.837599,3.366037,1.453946	3.812244,3.310994,1.438405	0.196392,0.167651,10.147698	3.837599,3.366037,1.453946	3.41524934769
18:33:34	3.847381,3.363831,1.458221	3.812244,3.310994,1.438405	0.215552,-0.038320,10.092612	3.847381,3.363831,1.458221	3.41524934769
18:33:35	3.854819,3.361050,1.462968	3.812244,3.310994,1.438405	0.452659,-0.208367,10.346484	3.854819,3.361050,1.462968	3.41524934769
18:33:35	3.858870,3.357573,1.467695	3.812244,3.310994,1.438405	0.663420,0.617915,10.447075	3.858870,3.357573,1.467695	3.40997076035
18:33:35	3.859200,3.353962,1.474236	3.858699,3.357869,1.467292	0.285007,0.416733,11.014695	3.859200,3.353962,1.474236	3.41524934769
18:33:35	3.856784,3.352751,1.480864	3.828407,3.363495,1.366471	0.193997,0.450264,9.800420	3.856784,3.352751,1.480864	3.42052793503
18:33:35	3.853093,3.356221,1.477088	3.829790,3.364366,1.350198	-0.146096,0.498164,9.656719	3.853093,3.356221,1.477088	3.40997076035
18:33:35	3.848872,3.364509,1.469190	3.832144,3.362267,1.358406	0.021555,0.273032,10.576406	3.848872,3.364509,1.469190	3.40997076035
18:33:35	3.845567,3.376295,1.463760	3.834677,3.357295,1.375782	0.182021,0.541274,10.859019	3.845567,3.376295,1.463760	3.41524934769
18:33:35	3.845294,3.389013,1.461997	3.836567,3.350855,1.386886	0.191602,0.205972,10.042317	3.845294,3.389013,1.461997	3.41524934769
18:33:35	3.848754,3.399527,1.462522	3.836899,3.343204,1.391269	0.191602,1.185535,10.717712	3.848754,3.399527,1.462522	3.42052793503
18:33:35	3.855088,3.405464,1.463529	3.834747,3.336284,1.390452	0.023950,0.548459,10.545271	3.855088,3.405464,1.463529	3.41524934769
18:33:36	3.862826,3.405681,1.463929	3.831313,3.332880,1.387972	-0.122146,0.505349,10.277029	3.862826,3.405681,1.463929	3.41524934769
18:33:36	3.869660,3.400618,1.463393	3.826679,3.332482,1.387234	-0.105381,-0.131726,10.401570	3.869660,3.400618,1.463393	3.41524934769
18:33:36	3.872270,3.390679,1.462011	3.822535,3.335405,1.388486	0.129331,0.047900,10.552456	3.872270,3.390679,1.462011	3.41524934769
18:33:36	3.868544,3.378995,1.460385	3.820626,3.341041,1.391374	0.131726,0.651445,10.329719	3.868544,3.378995,1.460385	3.42052793503
18:33:36	3.857860,3.368307,1.457957	3.822520,3.348004,1.395038	-0.064666,0.191602,10.322534	3.857860,3.368307,1.457957	3.41524934769
18:33:36	3.841248,3.361864,1.455359	3.828601,3.354559,1.399911	0.184417,0.467029,10.439890	3.841248,3.361864,1.455359	3.41524934769
18:33:36	3.821424,3.363369,1.452302	3.838329,3.358707,1.405367	0.455054,0.289797,10.403965	3.821424,3.363369,1.452302	3.41524934769
18:33:36	3.803132,3.374164,1.449157	3.850145,3.358260,1.412281	-0.079036,0.404758,10.339299	3.803132,3.374164,1.449157	3.41524934769
18:33:36	3.791949,3.393153,1.446010	3.861303,3.352247,1.419423	6.888076,4.265530,10.413545	3.791949,3.393153,1.446010	3.41524934769
18:33:36	3.791353,3.417270,1.443490	3.868501,3.341190,1.426410	0.967588,0.898132,10.308164	3.791353,3.417270,1.443490	3.40997076035
18:33:37	3.801919,3.442575,1.442045	3.869426,3.326921,1.431720	0.143701,0.050295,10.114167	3.801919,3.442575,1.442045	3.41524934769
18:33:37	3.822028,3.464808,1.441659	3.863632,3.343682,1.435501	0.304167,0.447869,10.056687	3.822028,3.464808,1.441659	3.41524934769
18:33:37	3.848156,3.481005,1.442101	3.819981,3.362097,1.436602	0.160466,-0.023950,9.939331	3.848156,3.481005,1.442101	3.40997076035
18:33:37	3.875991,3.489937,1.442534	3.804511,3.384026,1.435257	0.026345,0.141306,10.162068	3.875991,3.489937,1.442534	3.40997076035
18:33:37	3.900747,3.491873,1.431127	3.851763,3.410307,1.434753	-0.107776,0.673000,8.751401	3.900747,3.491873,1.431127	3.77419352531
18:33:37	3.916662,3.491573,1.402177	3.836650,3.440850,1.455941	0.232317,-0.323328,8.792117	3.916662,3.491573,1.402177	3.46275663376
18:33:37	3.917436,3.495958,1.358953	3.826483,3.441107,1.452641	0.471819,0.023950,9.757310	3.917436,3.495958,1.358953	3.45219945908
18:33:37	3.898207,3.509685,1.304971	3.857122,3.438847,1.545521	-0.150886,0.462239,9.491462	3.898207,3.509685,1.304971	3.44692087173
18:33:37	3.863331,3.534036,1.241101	3.869002,3.434259,1.586630	0.086221,0.160466,9.805210	3.863331,3.534036,1.241101	3.43636369705
18:33:37	3.826422,3.570161,1.167266	3.886608,3.454737,1.524591	0.045505,0.246687,9.790840	3.826422,3.570161,1.167266	3.45747804642
18:33:38	3.801000,3.617963,1.087822	3.867340,3.484096,1.436964	0.416733,0.083826,10.358459	3.801000,3.617963,1.087822	3.43108510971
18:33:38	3.792074,3.675635,1.005924	3.820278,3.518512,1.349462	0.440684,0.395178,9.980046	3.792074,3.675635,1.005924	3.43108510971
18:33:38	3.796188,3.737215,0.921601	3.801077,3.567472,1.256923	0.079036,-0.280217,10.145303	3.796188,3.737215,0.921601	3.42052793503
18:33:38	3.806327,3.793454,0.840680	3.800474,3.630254,1.175069	-0.071851,0.354463,10.130933	3.806327,3.793454,0.840680	3.40997076035
