# Flight Log 
# 25 08 17 - 18:34:05
Time		X,Y,Z				goalX,goalY,goalZ		ddx,ddy,ddz			angularx,angulary,angularz	battery
18:34:05	0.000000,0.000000,0.000000	0.000000,0.000000,0.000000	0.000000,0.000000,0.000000	0.000000,0.000000,0.000000	0
18:34:05	2.033741,3.844889,0.608840	0.000000,0.000000,0.000000	0.000000,0.000000,0.000000	2.033741,3.844889,0.608840	0
18:34:06	2.033751,3.844878,0.608848	0.000000,0.000000,0.000000	0.000000,0.000000,0.000000	2.033751,3.844878,0.608848	0
18:34:06	2.033735,3.844897,0.608848	0.000000,0.000000,0.000000	0.000000,0.000000,0.000000	2.033735,3.844897,0.608848	0
18:34:06	2.033730,3.844892,0.608847	0.000000,0.000000,0.000000	0.000000,0.000000,0.000000	2.033730,3.844892,0.608847	0
18:34:06	2.033723,3.844858,0.608848	0.000000,0.000000,0.000000	0.000000,0.000000,0.000000	2.033723,3.844858,0.608848	0
18:34:06	2.033732,3.844883,0.608845	0.000000,0.000000,0.000000	0.000000,0.000000,0.000000	2.033732,3.844883,0.608845	0
18:34:06	2.033726,3.844862,0.608853	0.000000,0.000000,0.000000	0.000000,0.000000,0.000000	2.033726,3.844862,0.608853	0
18:34:06	2.033755,3.844907,0.608844	0.000000,0.000000,0.000000	0.000000,0.000000,0.000000	2.033755,3.844907,0.608844	0
18:34:06	2.033726,3.844868,0.608848	0.000000,0.000000,0.000000	0.000000,0.000000,0.000000	2.033726,3.844868,0.608848	0
18:34:06	2.033725,3.844859,0.608857	0.000000,0.000000,0.000000	0.000000,0.000000,0.000000	2.033725,3.844859,0.608857	0
18:34:06	2.033727,3.844859,0.608841	0.000000,0.000000,0.000000	0.000000,0.000000,0.000000	2.033727,3.844859,0.608841	0
18:34:07	2.033738,3.844864,0.608856	0.000000,0.000000,0.000000	0.000000,0.000000,0.000000	2.033738,3.844864,0.608856	0
18:34:07	2.033744,3.844876,0.608852	0.000000,0.000000,0.000000	0.000000,0.000000,0.000000	2.033744,3.844876,0.608852	0
18:34:07	2.033748,3.844903,0.608845	0.000000,0.000000,0.000000	0.000000,0.000000,0.000000	2.033748,3.844903,0.608845	0
18:34:07	2.033749,3.844871,0.608842	0.000000,0.000000,0.000000	0.000000,0.000000,0.000000	2.033749,3.844871,0.608842	0
18:34:07	2.033727,3.844859,0.608848	0.000000,0.000000,0.000000	0.000000,0.000000,0.000000	2.033727,3.844859,0.608848	0
18:34:07	2.033719,3.844868,0.608855	0.000000,0.000000,0.000000	0.000000,0.000000,0.000000	2.033719,3.844868,0.608855	0
18:34:07	2.033736,3.844862,0.608854	0.000000,0.000000,0.000000	0.000000,0.000000,0.000000	2.033736,3.844862,0.608854	0
18:34:07	2.033730,3.844863,0.608842	0.000000,0.000000,0.000000	0.000000,0.000000,0.000000	2.033730,3.844863,0.608842	0
18:34:07	2.033721,3.844867,0.608841	0.000000,0.000000,0.000000	0.000000,0.000000,0.000000	2.033721,3.844867,0.608841	0
18:34:07	2.033737,3.844882,0.608824	0.000000,0.000000,0.000000	0.000000,0.000000,0.000000	2.033737,3.844882,0.608824	0
18:34:08	2.033726,3.844893,0.608834	0.000000,0.000000,0.000000	0.000000,0.000000,0.000000	2.033726,3.844893,0.608834	0
18:34:08	2.033755,3.844880,0.608857	0.000000,0.000000,0.000000	0.000000,0.000000,0.000000	2.033755,3.844880,0.608857	0
18:34:08	2.033737,3.844862,0.608858	0.000000,0.000000,0.000000	0.000000,0.000000,0.000000	2.033737,3.844862,0.608858	0
18:34:08	2.033739,3.844889,0.608836	0.000000,0.000000,0.000000	0.000000,0.000000,0.000000	2.033739,3.844889,0.608836	0
18:34:08	2.033730,3.844885,0.608831	0.000000,0.000000,0.000000	0.000000,0.000000,0.000000	2.033730,3.844885,0.608831	0
18:34:08	2.033733,3.844864,0.608846	0.000000,0.000000,0.000000	0.000000,0.000000,0.000000	2.033733,3.844864,0.608846	0
18:34:08	2.033729,3.844874,0.608846	0.000000,0.000000,0.000000	0.000000,0.000000,0.000000	2.033729,3.844874,0.608846	0
18:34:08	2.033765,3.844904,0.608821	0.000000,0.000000,0.000000	0.000000,0.000000,0.000000	2.033765,3.844904,0.608821	0
18:34:08	2.033731,3.844846,0.608863	0.000000,0.000000,0.000000	0.000000,0.000000,0.000000	2.033731,3.844846,0.608863	0
18:34:08	2.033762,3.844906,0.608820	0.000000,0.000000,0.000000	0.000000,0.000000,0.000000	2.033762,3.844906,0.608820	0
18:34:09	2.033743,3.844893,0.608829	0.000000,0.000000,0.000000	0.000000,0.000000,0.000000	2.033743,3.844893,0.608829	0
18:34:09	2.033724,3.844847,0.608792	0.000000,0.000000,0.000000	0.000000,0.000000,0.000000	2.033724,3.844847,0.608792	0
18:34:09	2.033750,3.844952,0.608814	0.000000,0.000000,0.000000	0.000000,0.000000,0.000000	2.033750,3.844952,0.608814	0
18:34:09	2.033711,3.844882,0.608891	0.000000,0.000000,0.000000	0.000000,0.000000,0.000000	2.033711,3.844882,0.608891	0
18:34:09	2.033719,3.844886,0.608888	0.000000,0.000000,0.000000	0.000000,0.000000,0.000000	2.033719,3.844886,0.608888	0
18:34:09	2.033725,3.844900,0.608827	0.000000,0.000000,0.000000	0.000000,0.000000,0.000000	2.033725,3.844900,0.608827	0
18:34:09	2.033722,3.844882,0.608780	0.000000,0.000000,0.000000	0.000000,0.000000,0.000000	2.033722,3.844882,0.608780	0
18:34:09	2.033725,3.844891,0.608852	0.000000,0.000000,0.000000	0.000000,0.000000,0.000000	2.033725,3.844891,0.608852	0
18:34:09	2.033747,3.844891,0.608861	0.000000,0.000000,0.000000	0.000000,0.000000,0.000000	2.033747,3.844891,0.608861	0
18:34:09	2.033734,3.844867,0.608868	0.000000,0.000000,0.000000	0.000000,0.000000,0.000000	2.033734,3.844867,0.608868	0
18:34:10	2.033731,3.844883,0.608836	0.000000,0.000000,0.000000	0.000000,0.000000,0.000000	2.033731,3.844883,0.608836	0
18:34:10	2.033748,3.844884,0.608821	0.000000,0.000000,0.000000	0.000000,0.000000,0.000000	2.033748,3.844884,0.608821	0
18:34:10	2.033727,3.844868,0.608838	0.000000,0.000000,0.000000	0.000000,0.000000,0.000000	2.033727,3.844868,0.608838	0
18:34:10	2.033738,3.844875,0.608865	0.000000,0.000000,0.000000	0.000000,0.000000,0.000000	2.033738,3.844875,0.608865	0
18:34:10	2.033733,3.844902,0.608853	0.000000,0.000000,0.000000	0.000000,0.000000,0.000000	2.033733,3.844902,0.608853	0
18:34:10	2.033740,3.844891,0.608829	0.000000,0.000000,0.000000	0.000000,0.000000,0.000000	2.033740,3.844891,0.608829	0
18:34:10	2.033718,3.844865,0.608831	0.000000,0.000000,0.000000	0.000000,0.000000,0.000000	2.033718,3.844865,0.608831	0
18:34:10	2.033721,3.844876,0.608856	0.000000,0.000000,0.000000	0.000000,0.000000,0.000000	2.033721,3.844876,0.608856	0
18:34:10	2.033750,3.844886,0.608859	0.000000,0.000000,0.000000	0.000000,0.000000,0.000000	2.033750,3.844886,0.608859	0
18:34:10	2.033744,3.844869,0.608847	0.000000,0.000000,0.000000	0.000000,0.000000,0.000000	2.033744,3.844869,0.608847	0
18:34:11	2.033728,3.844860,0.608847	0.000000,0.000000,0.000000	0.000000,0.000000,0.000000	2.033728,3.844860,0.608847	0
18:34:11	2.033743,3.844891,0.608830	0.000000,0.000000,0.000000	0.000000,0.000000,0.000000	2.033743,3.844891,0.608830	0
18:34:11	2.033731,3.844861,0.608862	0.000000,0.000000,0.000000	0.000000,0.000000,0.000000	2.033731,3.844861,0.608862	0
18:34:11	2.033755,3.844878,0.608854	0.000000,0.000000,0.000000	0.000000,0.000000,0.000000	2.033755,3.844878,0.608854	0
18:34:11	2.033741,3.844887,0.608843	0.000000,0.000000,0.000000	0.000000,0.000000,0.000000	2.033741,3.844887,0.608843	0
18:34:11	2.033724,3.844860,0.608858	0.000000,0.000000,0.000000	0.000000,0.000000,0.000000	2.033724,3.844860,0.608858	0
18:34:11	2.033739,3.844865,0.608853	0.000000,0.000000,0.000000	0.000000,0.000000,0.000000	2.033739,3.844865,0.608853	0
18:34:11	2.033747,3.844878,0.608844	0.000000,0.000000,0.000000	0.000000,0.000000,0.000000	2.033747,3.844878,0.608844	0
18:34:11	2.033748,3.844872,0.608840	0.000000,0.000000,0.000000	0.000000,0.000000,0.000000	2.033748,3.844872,0.608840	0
18:34:11	2.033730,3.844895,0.608843	0.000000,0.000000,0.000000	0.000000,0.000000,0.000000	2.033730,3.844895,0.608843	0
18:34:12	2.033730,3.844867,0.608857	0.000000,0.000000,0.000000	0.000000,0.000000,0.000000	2.033730,3.844867,0.608857	0
18:34:12	2.033732,3.844870,0.608856	0.000000,0.000000,0.000000	0.000000,0.000000,0.000000	2.033732,3.844870,0.608856	0
18:34:12	2.033758,3.844907,0.608838	0.000000,0.000000,0.000000	0.000000,0.000000,0.000000	2.033758,3.844907,0.608838	0
18:34:12	2.033736,3.844888,0.608866	0.000000,0.000000,0.000000	0.000000,0.000000,0.000000	2.033736,3.844888,0.608866	0
18:34:12	2.033743,3.844879,0.608851	0.000000,0.000000,0.000000	0.000000,0.000000,0.000000	2.033743,3.844879,0.608851	0
18:34:12	2.033741,3.844865,0.608837	0.000000,0.000000,0.000000	0.000000,0.000000,0.000000	2.033741,3.844865,0.608837	0
18:34:12	2.033745,3.844895,0.608840	0.000000,0.000000,0.000000	0.000000,0.000000,0.000000	2.033745,3.844895,0.608840	0
18:34:12	2.033728,3.844859,0.608868	0.000000,0.000000,0.000000	0.000000,0.000000,0.000000	2.033728,3.844859,0.608868	0
18:34:12	2.033733,3.844890,0.608856	0.000000,0.000000,0.000000	0.000000,0.000000,0.000000	2.033733,3.844890,0.608856	0
18:34:12	2.033755,3.844871,0.608837	0.000000,0.000000,0.000000	0.000000,0.000000,0.000000	2.033755,3.844871,0.608837	0
18:34:13	2.033733,3.844880,0.608834	0.000000,0.000000,0.000000	0.000000,0.000000,0.000000	2.033733,3.844880,0.608834	0
18:34:13	2.033757,3.844906,0.608797	0.000000,0.000000,0.000000	0.000000,0.000000,0.000000	2.033757,3.844906,0.608797	0
18:34:13	2.033717,3.844867,0.608874	0.000000,0.000000,0.000000	0.000000,0.000000,0.000000	2.033717,3.844867,0.608874	0
18:34:13	2.033755,3.844884,0.608847	0.000000,0.000000,0.000000	0.000000,0.000000,0.000000	2.033755,3.844884,0.608847	0
18:34:13	2.033749,3.844886,0.608841	0.000000,0.000000,0.000000	0.000000,0.000000,0.000000	2.033749,3.844886,0.608841	0
18:34:13	2.033728,3.844866,0.608838	0.000000,0.000000,0.000000	0.000000,0.000000,0.000000	2.033728,3.844866,0.608838	0
18:34:13	2.033726,3.844867,0.608866	0.000000,0.000000,0.000000	0.000000,0.000000,0.000000	2.033726,3.844867,0.608866	0
18:34:13	2.033735,3.844894,0.608868	0.000000,0.000000,0.000000	0.000000,0.000000,0.000000	2.033735,3.844894,0.608868	0
18:34:13	2.033743,3.844893,0.608848	0.000000,0.000000,0.000000	0.000000,0.000000,0.000000	2.033743,3.844893,0.608848	0
18:34:13	2.033724,3.844864,0.608844	0.000000,0.000000,0.000000	0.000000,0.000000,0.000000	2.033724,3.844864,0.608844	0
18:34:14	2.033726,3.844859,0.608849	0.000000,0.000000,0.000000	0.000000,0.000000,0.000000	2.033726,3.844859,0.608849	0
18:34:14	2.033731,3.844886,0.608845	0.000000,0.000000,0.000000	0.000000,0.000000,0.000000	2.033731,3.844886,0.608845	0
18:34:14	2.033740,3.844894,0.608844	0.000000,0.000000,0.000000	0.000000,0.000000,0.000000	2.033740,3.844894,0.608844	0
18:34:14	2.033740,3.844857,0.608855	0.000000,0.000000,0.000000	0.000000,0.000000,0.000000	2.033740,3.844857,0.608855	0
18:34:14	2.033733,3.844862,0.608841	0.000000,0.000000,0.000000	0.000000,0.000000,0.000000	2.033733,3.844862,0.608841	0
18:34:14	2.033748,3.844884,0.608850	0.000000,0.000000,0.000000	0.000000,0.000000,0.000000	2.033748,3.844884,0.608850	0
18:34:14	2.033743,3.844895,0.608841	0.000000,0.000000,0.000000	0.000000,0.000000,0.000000	2.033743,3.844895,0.608841	0
18:34:14	2.033728,3.844859,0.608862	0.000000,0.000000,0.000000	0.000000,0.000000,0.000000	2.033728,3.844859,0.608862	0
18:34:14	2.033729,3.844885,0.608851	0.000000,0.000000,0.000000	0.000000,0.000000,0.000000	2.033729,3.844885,0.608851	0
18:34:14	2.033724,3.844865,0.608841	0.000000,0.000000,0.000000	0.000000,0.000000,0.000000	2.033724,3.844865,0.608841	0
18:34:15	2.033730,3.844884,0.608845	0.000000,0.000000,0.000000	0.000000,0.000000,0.000000	2.033730,3.844884,0.608845	0
18:34:15	2.033752,3.844876,0.608844	0.000000,0.000000,0.000000	0.000000,0.000000,0.000000	2.033752,3.844876,0.608844	0
18:34:15	2.033751,3.844868,0.608848	0.000000,0.000000,0.000000	0.000000,0.000000,0.000000	2.033751,3.844868,0.608848	0
18:34:15	2.033752,3.844877,0.608840	0.000000,0.000000,0.000000	0.000000,0.000000,0.000000	2.033752,3.844877,0.608840	0
18:34:15	2.033730,3.844862,0.608855	0.000000,0.000000,0.000000	0.000000,0.000000,0.000000	2.033730,3.844862,0.608855	0
18:34:15	2.033740,3.844859,0.608849	0.000000,0.000000,0.000000	0.000000,0.000000,0.000000	2.033740,3.844859,0.608849	0
18:34:15	2.033740,3.844889,0.608845	0.000000,0.000000,0.000000	0.000000,0.000000,0.000000	2.033740,3.844889,0.608845	0
18:34:15	2.033760,3.844903,0.608840	0.000000,0.000000,0.000000	0.000000,0.000000,0.000000	2.033760,3.844903,0.608840	0
18:34:15	2.033726,3.844861,0.608853	0.000000,0.000000,0.000000	0.000000,0.000000,0.000000	2.033726,3.844861,0.608853	0
18:34:15	2.033727,3.844871,0.608854	0.000000,0.000000,0.000000	0.000000,0.000000,0.000000	2.033727,3.844871,0.608854	0
18:34:16	2.033740,3.844885,0.608832	0.000000,0.000000,0.000000	0.000000,0.000000,0.000000	2.033740,3.844885,0.608832	0
18:34:16	2.033731,3.844861,0.608835	0.000000,0.000000,0.000000	0.000000,0.000000,0.000000	2.033731,3.844861,0.608835	0
18:34:16	2.033736,3.844893,0.608840	0.000000,0.000000,0.000000	0.000000,0.000000,0.000000	2.033736,3.844893,0.608840	0
18:34:16	2.033739,3.844887,0.608853	0.000000,0.000000,0.000000	0.000000,0.000000,0.000000	2.033739,3.844887,0.608853	0
18:34:16	2.033735,3.844887,0.608852	0.000000,0.000000,0.000000	0.000000,0.000000,0.000000	2.033735,3.844887,0.608852	0
18:34:16	2.033733,3.844881,0.608830	0.000000,0.000000,0.000000	0.000000,0.000000,0.000000	2.033733,3.844881,0.608830	0
18:34:16	2.033748,3.844872,0.608837	0.000000,0.000000,0.000000	0.000000,0.000000,0.000000	2.033748,3.844872,0.608837	0
18:34:16	2.033725,3.844853,0.608856	0.000000,0.000000,0.000000	0.000000,0.000000,0.000000	2.033725,3.844853,0.608856	0
18:34:16	2.033730,3.844853,0.608845	0.000000,0.000000,0.000000	0.000000,0.000000,0.000000	2.033730,3.844853,0.608845	0
18:34:16	2.033717,3.844856,0.608850	0.000000,0.000000,0.000000	0.000000,0.000000,0.000000	2.033717,3.844856,0.608850	0
18:34:17	2.033721,3.844852,0.608850	0.000000,0.000000,0.000000	0.000000,0.000000,0.000000	2.033721,3.844852,0.608850	0
18:34:17	2.033731,3.844877,0.608847	0.000000,0.000000,0.000000	0.000000,0.000000,0.000000	2.033731,3.844877,0.608847	0
18:34:17	2.033730,3.844849,0.608851	0.000000,0.000000,0.000000	0.000000,0.000000,0.000000	2.033730,3.844849,0.608851	0
18:34:17	2.033729,3.844849,0.608856	0.000000,0.000000,0.000000	0.000000,0.000000,0.000000	2.033729,3.844849,0.608856	0
18:34:17	2.033723,3.844847,0.608852	0.000000,0.000000,0.000000	0.000000,0.000000,0.000000	2.033723,3.844847,0.608852	0
18:34:17	2.033732,3.844850,0.608842	0.000000,0.000000,0.000000	0.000000,0.000000,0.000000	2.033732,3.844850,0.608842	0
18:34:17	2.033757,3.844870,0.608853	0.000000,0.000000,0.000000	0.000000,0.000000,0.000000	2.033757,3.844870,0.608853	0
18:34:17	2.033740,3.844878,0.608835	0.000000,0.000000,0.000000	0.000000,0.000000,0.000000	2.033740,3.844878,0.608835	0
18:34:17	2.033726,3.844847,0.608843	0.000000,0.000000,0.000000	0.000000,0.000000,0.000000	2.033726,3.844847,0.608843	0
18:34:17	2.033736,3.844878,0.608836	0.000000,0.000000,0.000000	0.000000,0.000000,0.000000	2.033736,3.844878,0.608836	0
18:34:18	2.033721,3.844861,0.608855	0.000000,0.000000,0.000000	0.000000,0.000000,0.000000	2.033721,3.844861,0.608855	0
18:34:18	2.033727,3.844859,0.608849	0.000000,0.000000,0.000000	0.000000,0.000000,0.000000	2.033727,3.844859,0.608849	0
18:34:18	2.033720,3.844862,0.608852	0.000000,0.000000,0.000000	0.000000,0.000000,0.000000	2.033720,3.844862,0.608852	0
18:34:18	2.033730,3.844861,0.608845	0.000000,0.000000,0.000000	0.000000,0.000000,0.000000	2.033730,3.844861,0.608845	0
18:34:18	2.033730,3.844891,0.608840	0.000000,0.000000,0.000000	0.000000,0.000000,0.000000	2.033730,3.844891,0.608840	0
18:34:18	2.033729,3.844863,0.608847	0.000000,0.000000,0.000000	0.000000,0.000000,0.000000	2.033729,3.844863,0.608847	0
18:34:18	2.033754,3.844916,0.608841	0.000000,0.000000,0.000000	0.000000,0.000000,0.000000	2.033754,3.844916,0.608841	0
18:34:18	2.033731,3.844857,0.608849	0.000000,0.000000,0.000000	0.000000,0.000000,0.000000	2.033731,3.844857,0.608849	0
18:34:18	2.033735,3.844886,0.608834	0.000000,0.000000,0.000000	0.000000,0.000000,0.000000	2.033735,3.844886,0.608834	0
18:34:18	2.033751,3.844876,0.608844	0.000000,0.000000,0.000000	0.000000,0.000000,0.000000	2.033751,3.844876,0.608844	0
18:34:19	2.033732,3.844887,0.608844	0.000000,0.000000,0.000000	0.000000,0.000000,0.000000	2.033732,3.844887,0.608844	0
18:34:19	2.033739,3.844865,0.608854	0.000000,0.000000,0.000000	0.000000,0.000000,0.000000	2.033739,3.844865,0.608854	0
18:34:19	2.033733,3.844862,0.608849	0.000000,0.000000,0.000000	0.000000,0.000000,0.000000	2.033733,3.844862,0.608849	0
18:34:19	2.033730,3.844861,0.608850	0.000000,0.000000,0.000000	0.000000,0.000000,0.000000	2.033730,3.844861,0.608850	0
18:34:19	2.033729,3.844864,0.608851	0.000000,0.000000,0.000000	0.000000,0.000000,0.000000	2.033729,3.844864,0.608851	0
18:34:19	2.033735,3.844858,0.608852	0.000000,0.000000,0.000000	0.000000,0.000000,0.000000	2.033735,3.844858,0.608852	0
18:34:19	2.033738,3.844897,0.608856	0.000000,0.000000,0.000000	0.000000,0.000000,0.000000	2.033738,3.844897,0.608856	0
18:34:19	2.033753,3.844891,0.608844	0.000000,0.000000,0.000000	0.000000,0.000000,0.000000	2.033753,3.844891,0.608844	0
18:34:19	2.033721,3.844867,0.608861	0.000000,0.000000,0.000000	0.000000,0.000000,0.000000	2.033721,3.844867,0.608861	0
18:34:19	2.033737,3.844865,0.608855	0.000000,0.000000,0.000000	0.000000,0.000000,0.000000	2.033737,3.844865,0.608855	0
18:34:20	2.033735,3.844890,0.608846	0.000000,0.000000,0.000000	0.000000,0.000000,0.000000	2.033735,3.844890,0.608846	0
18:34:20	2.033719,3.844888,0.608880	0.000000,0.000000,0.000000	0.000000,0.000000,0.000000	2.033719,3.844888,0.608880	0
18:34:20	2.033730,3.844862,0.608859	0.000000,0.000000,0.000000	0.000000,0.000000,0.000000	2.033730,3.844862,0.608859	0
18:34:20	2.033724,3.844864,0.608855	0.000000,0.000000,0.000000	0.000000,0.000000,0.000000	2.033724,3.844864,0.608855	0
18:34:20	2.033734,3.844868,0.608838	0.000000,0.000000,0.000000	0.000000,0.000000,0.000000	2.033734,3.844868,0.608838	0
18:34:20	2.033723,3.844898,0.608834	0.000000,0.000000,0.000000	0.000000,0.000000,0.000000	2.033723,3.844898,0.608834	0
18:34:20	2.033716,3.844859,0.608855	0.000000,0.000000,0.000000	0.000000,0.000000,0.000000	2.033716,3.844859,0.608855	0
18:34:20	2.033730,3.844864,0.608855	0.000000,0.000000,0.000000	0.000000,0.000000,0.000000	2.033730,3.844864,0.608855	0
18:34:20	2.033727,3.844887,0.608844	0.000000,0.000000,0.000000	0.000000,0.000000,0.000000	2.033727,3.844887,0.608844	0
18:34:20	2.033736,3.844884,0.608831	0.000000,0.000000,0.000000	0.000000,0.000000,0.000000	2.033736,3.844884,0.608831	0
18:34:21	2.033752,3.844875,0.608837	0.000000,0.000000,0.000000	0.000000,0.000000,0.000000	2.033752,3.844875,0.608837	0
18:34:21	2.033766,3.844892,0.608796	0.000000,0.000000,0.000000	0.000000,0.000000,0.000000	2.033766,3.844892,0.608796	0
18:34:21	2.033735,3.844859,0.608854	0.000000,0.000000,0.000000	0.000000,0.000000,0.000000	2.033735,3.844859,0.608854	0
18:34:21	2.033758,3.844905,0.608825	0.000000,0.000000,0.000000	0.000000,0.000000,0.000000	2.033758,3.844905,0.608825	0
18:34:21	2.033741,3.844856,0.608843	0.000000,0.000000,0.000000	0.000000,0.000000,0.000000	2.033741,3.844856,0.608843	0
18:34:21	2.033762,3.844883,0.608845	0.000000,0.000000,0.000000	0.000000,0.000000,0.000000	2.033762,3.844883,0.608845	0
18:34:21	2.033735,3.844851,0.608854	0.000000,0.000000,0.000000	0.000000,0.000000,0.000000	2.033735,3.844851,0.608854	0
18:34:21	2.033727,3.844871,0.608852	0.000000,0.000000,0.000000	0.000000,0.000000,0.000000	2.033727,3.844871,0.608852	0
18:34:21	2.033728,3.844852,0.608837	0.000000,0.000000,0.000000	0.000000,0.000000,0.000000	2.033728,3.844852,0.608837	0
18:34:21	2.033737,3.844860,0.608852	0.000000,0.000000,0.000000	0.000000,0.000000,0.000000	2.033737,3.844860,0.608852	0
18:34:22	2.033765,3.844877,0.608842	0.000000,0.000000,0.000000	0.000000,0.000000,0.000000	2.033765,3.844877,0.608842	0
18:34:22	2.033733,3.844855,0.608851	0.000000,0.000000,0.000000	0.000000,0.000000,0.000000	2.033733,3.844855,0.608851	0
18:34:22	2.033740,3.844902,0.608799	0.000000,0.000000,0.000000	0.000000,0.000000,0.000000	2.033740,3.844902,0.608799	0
18:34:22	2.033726,3.844865,0.608853	0.000000,0.000000,0.000000	0.000000,0.000000,0.000000	2.033726,3.844865,0.608853	0
18:34:22	2.033732,3.844894,0.608838	0.000000,0.000000,0.000000	0.000000,0.000000,0.000000	2.033732,3.844894,0.608838	0
18:34:22	2.033733,3.844864,0.608852	0.000000,0.000000,0.000000	0.000000,0.000000,0.000000	2.033733,3.844864,0.608852	0
18:34:22	2.033736,3.844869,0.608843	0.000000,0.000000,0.000000	0.000000,0.000000,0.000000	2.033736,3.844869,0.608843	0
18:34:22	2.033763,3.844874,0.608842	0.000000,0.000000,0.000000	0.000000,0.000000,0.000000	2.033763,3.844874,0.608842	0
18:34:22	2.033753,3.844905,0.608839	0.000000,0.000000,0.000000	0.000000,0.000000,0.000000	2.033753,3.844905,0.608839	0
18:34:22	2.033740,3.844859,0.608851	0.000000,0.000000,0.000000	0.000000,0.000000,0.000000	2.033740,3.844859,0.608851	0
18:34:23	2.033737,3.844888,0.608832	0.000000,0.000000,0.000000	0.000000,0.000000,0.000000	2.033737,3.844888,0.608832	0
18:34:23	2.033731,3.844887,0.608857	0.000000,0.000000,0.000000	0.000000,0.000000,0.000000	2.033731,3.844887,0.608857	0
18:34:23	2.033724,3.844863,0.608847	0.000000,0.000000,0.000000	0.000000,0.000000,0.000000	2.033724,3.844863,0.608847	0
18:34:23	2.033732,3.844889,0.608847	0.000000,0.000000,0.000000	0.000000,0.000000,0.000000	2.033732,3.844889,0.608847	0
18:34:23	2.033731,3.844885,0.608843	0.000000,0.000000,0.000000	0.000000,0.000000,0.000000	2.033731,3.844885,0.608843	0
18:34:23	2.033747,3.844879,0.608841	0.000000,0.000000,0.000000	0.000000,0.000000,0.000000	2.033747,3.844879,0.608841	0
18:34:23	2.033745,3.844895,0.608843	0.000000,0.000000,0.000000	0.000000,0.000000,0.000000	2.033745,3.844895,0.608843	0
18:34:23	2.033734,3.844894,0.608841	0.000000,0.000000,0.000000	0.000000,0.000000,0.000000	2.033734,3.844894,0.608841	0
18:34:23	2.033741,3.844889,0.608834	0.000000,0.000000,0.000000	0.000000,0.000000,0.000000	2.033741,3.844889,0.608834	0
18:34:23	2.033745,3.844891,0.608837	0.000000,0.000000,0.000000	0.000000,0.000000,0.000000	2.033745,3.844891,0.608837	0
18:34:24	2.033731,3.844860,0.608854	0.000000,0.000000,0.000000	0.000000,0.000000,0.000000	2.033731,3.844860,0.608854	0
18:34:24	2.033722,3.844870,0.608857	0.000000,0.000000,0.000000	0.000000,0.000000,0.000000	2.033722,3.844870,0.608857	0
18:34:24	2.033735,3.844857,0.608854	0.000000,0.000000,0.000000	0.000000,0.000000,0.000000	2.033735,3.844857,0.608854	0
18:34:24	2.033736,3.844852,0.608854	0.000000,0.000000,0.000000	0.000000,0.000000,0.000000	2.033736,3.844852,0.608854	0
18:34:24	2.033748,3.844883,0.608838	0.000000,0.000000,0.000000	0.000000,0.000000,0.000000	2.033748,3.844883,0.608838	0
18:34:24	2.033741,3.844886,0.608827	0.000000,0.000000,0.000000	0.000000,0.000000,0.000000	2.033741,3.844886,0.608827	0
18:34:24	2.033732,3.844861,0.608843	0.000000,0.000000,0.000000	0.000000,0.000000,0.000000	2.033732,3.844861,0.608843	0
18:34:24	2.033729,3.844863,0.608850	0.000000,0.000000,0.000000	0.000000,0.000000,0.000000	2.033729,3.844863,0.608850	0
18:34:24	2.033721,3.844889,0.608845	0.000000,0.000000,0.000000	0.000000,0.000000,0.000000	2.033721,3.844889,0.608845	0
18:34:24	2.033726,3.844894,0.608848	0.000000,0.000000,0.000000	0.000000,0.000000,0.000000	2.033726,3.844894,0.608848	0
18:34:25	2.033746,3.844881,0.608849	0.000000,0.000000,0.000000	0.000000,0.000000,0.000000	2.033746,3.844881,0.608849	0
18:34:25	2.033751,3.844880,0.608838	0.000000,0.000000,0.000000	0.000000,0.000000,0.000000	2.033751,3.844880,0.608838	0
18:34:25	2.033735,3.844861,0.608843	0.000000,0.000000,0.000000	0.000000,0.000000,0.000000	2.033735,3.844861,0.608843	0
18:34:25	2.033741,3.844884,0.608839	0.000000,0.000000,0.000000	0.000000,0.000000,0.000000	2.033741,3.844884,0.608839	0
18:34:25	2.033728,3.844863,0.608852	0.000000,0.000000,0.000000	0.000000,0.000000,0.000000	2.033728,3.844863,0.608852	0
18:34:25	2.033735,3.844886,0.608838	0.000000,0.000000,0.000000	0.000000,0.000000,0.000000	2.033735,3.844886,0.608838	0
18:34:25	2.033730,3.844861,0.608849	0.000000,0.000000,0.000000	0.000000,0.000000,0.000000	2.033730,3.844861,0.608849	0
18:34:25	2.033736,3.844856,0.608848	0.000000,0.000000,0.000000	0.000000,0.000000,0.000000	2.033736,3.844856,0.608848	0
18:34:25	2.033727,3.844870,0.608845	0.000000,0.000000,0.000000	0.000000,0.000000,0.000000	2.033727,3.844870,0.608845	0
18:34:25	2.033750,3.844878,0.608837	0.000000,0.000000,0.000000	0.000000,0.000000,0.000000	2.033750,3.844878,0.608837	0
18:34:26	2.033757,3.844888,0.608838	0.000000,0.000000,0.000000	0.000000,0.000000,0.000000	2.033757,3.844888,0.608838	0
18:34:26	2.033738,3.844863,0.608847	0.000000,0.000000,0.000000	0.000000,0.000000,0.000000	2.033738,3.844863,0.608847	0
18:34:26	2.033737,3.844894,0.608844	0.000000,0.000000,0.000000	0.000000,0.000000,0.000000	2.033737,3.844894,0.608844	0
18:34:26	2.033762,3.844913,0.608825	0.000000,0.000000,0.000000	0.000000,0.000000,0.000000	2.033762,3.844913,0.608825	0
18:34:26	2.033734,3.844892,0.608833	0.000000,0.000000,0.000000	0.000000,0.000000,0.000000	2.033734,3.844892,0.608833	0
18:34:26	2.033736,3.844891,0.608842	0.000000,0.000000,0.000000	0.000000,0.000000,0.000000	2.033736,3.844891,0.608842	0
18:34:26	2.033746,3.844881,0.608852	0.000000,0.000000,0.000000	0.000000,0.000000,0.000000	2.033746,3.844881,0.608852	0
18:34:26	2.033736,3.844880,0.608801	0.000000,0.000000,0.000000	0.000000,0.000000,0.000000	2.033736,3.844880,0.608801	0
18:34:26	2.033749,3.844870,0.608848	0.000000,0.000000,0.000000	0.000000,0.000000,0.000000	2.033749,3.844870,0.608848	0
18:34:26	2.033733,3.844855,0.608852	0.000000,0.000000,0.000000	0.000000,0.000000,0.000000	2.033733,3.844855,0.608852	0
18:34:27	2.033733,3.844886,0.608840	0.000000,0.000000,0.000000	0.000000,0.000000,0.000000	2.033733,3.844886,0.608840	0
18:34:27	2.033740,3.844884,0.608837	0.000000,0.000000,0.000000	0.000000,0.000000,0.000000	2.033740,3.844884,0.608837	0
18:34:27	2.033742,3.844878,0.608842	0.000000,0.000000,0.000000	0.000000,0.000000,0.000000	2.033742,3.844878,0.608842	0
18:34:27	2.033747,3.844877,0.608838	0.000000,0.000000,0.000000	0.000000,0.000000,0.000000	2.033747,3.844877,0.608838	0
18:34:27	2.033731,3.844892,0.608840	0.000000,0.000000,0.000000	0.000000,0.000000,0.000000	2.033731,3.844892,0.608840	0
18:34:27	2.033725,3.844863,0.608854	0.000000,0.000000,0.000000	0.000000,0.000000,0.000000	2.033725,3.844863,0.608854	0
18:34:27	2.033742,3.844892,0.608845	0.000000,0.000000,0.000000	0.000000,0.000000,0.000000	2.033742,3.844892,0.608845	0
18:34:27	2.033731,3.844890,0.608838	0.000000,0.000000,0.000000	0.000000,0.000000,0.000000	2.033731,3.844890,0.608838	0
18:34:27	2.033751,3.844906,0.608827	0.000000,0.000000,0.000000	0.000000,0.000000,0.000000	2.033751,3.844906,0.608827	0
18:34:27	2.033728,3.844864,0.608843	0.000000,0.000000,0.000000	0.000000,0.000000,0.000000	2.033728,3.844864,0.608843	0
18:34:28	2.033737,3.844864,0.608851	0.000000,0.000000,0.000000	0.000000,0.000000,0.000000	2.033737,3.844864,0.608851	0
18:34:28	2.033756,3.844903,0.608839	0.000000,0.000000,0.000000	0.000000,0.000000,0.000000	2.033756,3.844903,0.608839	0
18:34:28	2.033753,3.844880,0.608829	0.000000,0.000000,0.000000	0.000000,0.000000,0.000000	2.033753,3.844880,0.608829	0
18:34:28	2.033741,3.844874,0.608835	0.000000,0.000000,0.000000	0.000000,0.000000,0.000000	2.033741,3.844874,0.608835	0
18:34:28	2.033757,3.844877,0.608830	0.000000,0.000000,0.000000	0.000000,0.000000,0.000000	2.033757,3.844877,0.608830	0
18:34:28	2.033732,3.844863,0.608847	0.000000,0.000000,0.000000	0.000000,0.000000,0.000000	2.033732,3.844863,0.608847	0
18:34:28	2.033733,3.844858,0.608842	0.000000,0.000000,0.000000	0.000000,0.000000,0.000000	2.033733,3.844858,0.608842	0
18:34:28	2.033738,3.844901,0.608796	0.000000,0.000000,0.000000	0.000000,0.000000,0.000000	2.033738,3.844901,0.608796	0
18:34:28	2.033730,3.844861,0.608848	0.000000,0.000000,0.000000	0.000000,0.000000,0.000000	2.033730,3.844861,0.608848	0
18:34:28	2.033753,3.844898,0.608824	0.000000,0.000000,0.000000	0.000000,0.000000,0.000000	2.033753,3.844898,0.608824	0
18:34:29	2.033737,3.844893,0.608842	0.000000,0.000000,0.000000	0.000000,0.000000,0.000000	2.033737,3.844893,0.608842	0
18:34:29	2.033757,3.844910,0.608836	0.000000,0.000000,0.000000	0.000000,0.000000,0.000000	2.033757,3.844910,0.608836	0
18:34:29	2.033753,3.844918,0.608832	0.000000,0.000000,0.000000	0.000000,0.000000,0.000000	2.033753,3.844918,0.608832	0
18:34:29	2.033754,3.844907,0.608835	0.000000,0.000000,0.000000	0.000000,0.000000,0.000000	2.033754,3.844907,0.608835	0
18:34:29	2.033760,3.844908,0.608822	0.000000,0.000000,0.000000	0.000000,0.000000,0.000000	2.033760,3.844908,0.608822	0
18:34:29	2.033750,3.844908,0.608834	0.000000,0.000000,0.000000	0.000000,0.000000,0.000000	2.033750,3.844908,0.608834	0
18:34:29	2.033758,3.844910,0.608841	0.000000,0.000000,0.000000	0.000000,0.000000,0.000000	2.033758,3.844910,0.608841	0
18:34:29	2.033737,3.844902,0.608842	0.000000,0.000000,0.000000	0.000000,0.000000,0.000000	2.033737,3.844902,0.608842	0
18:34:29	2.033735,3.844890,0.608840	0.000000,0.000000,0.000000	0.000000,0.000000,0.000000	2.033735,3.844890,0.608840	0
18:34:29	2.033736,3.844893,0.608844	0.000000,0.000000,0.000000	0.000000,0.000000,0.000000	2.033736,3.844893,0.608844	0
18:34:30	2.033750,3.844877,0.608850	0.000000,0.000000,0.000000	0.000000,0.000000,0.000000	2.033750,3.844877,0.608850	0
18:34:30	2.033751,3.844884,0.608857	0.000000,0.000000,0.000000	0.000000,0.000000,0.000000	2.033751,3.844884,0.608857	0
18:34:30	2.033747,3.844896,0.608843	0.000000,0.000000,0.000000	0.000000,0.000000,0.000000	2.033747,3.844896,0.608843	0
18:34:30	2.033757,3.844912,0.608835	0.000000,0.000000,0.000000	0.000000,0.000000,0.000000	2.033757,3.844912,0.608835	0
18:34:30	2.033726,3.844866,0.608844	0.000000,0.000000,0.000000	0.000000,0.000000,0.000000	2.033726,3.844866,0.608844	0
18:34:30	2.033736,3.844865,0.608846	0.000000,0.000000,0.000000	0.000000,0.000000,0.000000	2.033736,3.844865,0.608846	0
18:34:30	2.033734,3.844891,0.608843	0.000000,0.000000,0.000000	0.000000,0.000000,0.000000	2.033734,3.844891,0.608843	0
18:34:30	2.033742,3.844888,0.608849	0.000000,0.000000,0.000000	0.000000,0.000000,0.000000	2.033742,3.844888,0.608849	0
18:34:30	2.033751,3.844896,0.608837	0.000000,0.000000,0.000000	0.000000,0.000000,0.000000	2.033751,3.844896,0.608837	0
18:34:30	2.033753,3.844871,0.608841	0.000000,0.000000,0.000000	0.000000,0.000000,0.000000	2.033753,3.844871,0.608841	0
18:34:31	2.033724,3.844850,0.608847	0.000000,0.000000,0.000000	0.000000,0.000000,0.000000	2.033724,3.844850,0.608847	0
18:34:31	2.033758,3.844899,0.608840	0.000000,0.000000,0.000000	0.000000,0.000000,0.000000	2.033758,3.844899,0.608840	0
18:34:31	2.033758,3.844882,0.608847	0.000000,0.000000,0.000000	0.000000,0.000000,0.000000	2.033758,3.844882,0.608847	0
18:34:31	2.033738,3.844872,0.608843	0.000000,0.000000,0.000000	0.000000,0.000000,0.000000	2.033738,3.844872,0.608843	0
18:34:31	2.033748,3.844874,0.608839	0.000000,0.000000,0.000000	0.000000,0.000000,0.000000	2.033748,3.844874,0.608839	0
18:34:31	2.033734,3.844874,0.608848	0.000000,0.000000,0.000000	0.000000,0.000000,0.000000	2.033734,3.844874,0.608848	0
18:34:31	2.033732,3.844860,0.608847	0.000000,0.000000,0.000000	0.000000,0.000000,0.000000	2.033732,3.844860,0.608847	0
18:34:31	2.033750,3.844880,0.608840	0.000000,0.000000,0.000000	0.000000,0.000000,0.000000	2.033750,3.844880,0.608840	0
18:34:31	2.033736,3.844895,0.608845	0.000000,0.000000,0.000000	0.000000,0.000000,0.000000	2.033736,3.844895,0.608845	0
18:34:31	2.033731,3.844860,0.608838	0.000000,0.000000,0.000000	0.000000,0.000000,0.000000	2.033731,3.844860,0.608838	0
18:34:32	2.033761,3.844873,0.608827	0.000000,0.000000,0.000000	0.000000,0.000000,0.000000	2.033761,3.844873,0.608827	0
18:34:32	2.033769,3.844911,0.608843	0.000000,0.000000,0.000000	0.000000,0.000000,0.000000	2.033769,3.844911,0.608843	0
18:34:32	2.033737,3.844867,0.608862	0.000000,0.000000,0.000000	0.000000,0.000000,0.000000	2.033737,3.844867,0.608862	0
18:34:32	2.033739,3.844894,0.608850	0.000000,0.000000,0.000000	0.000000,0.000000,0.000000	2.033739,3.844894,0.608850	0
18:34:32	2.033733,3.844889,0.608828	0.000000,0.000000,0.000000	0.000000,0.000000,0.000000	2.033733,3.844889,0.608828	0
18:34:32	2.033726,3.844886,0.608839	0.000000,0.000000,0.000000	0.000000,0.000000,0.000000	2.033726,3.844886,0.608839	0
18:34:32	2.033723,3.844856,0.608845	0.000000,0.000000,0.000000	0.000000,0.000000,0.000000	2.033723,3.844856,0.608845	0
18:34:32	2.033738,3.844901,0.608842	0.000000,0.000000,0.000000	0.000000,0.000000,0.000000	2.033738,3.844901,0.608842	0
18:34:32	2.033736,3.844895,0.608843	0.000000,0.000000,0.000000	0.000000,0.000000,0.000000	2.033736,3.844895,0.608843	0
18:34:32	2.033730,3.844894,0.608852	0.000000,0.000000,0.000000	0.000000,0.000000,0.000000	2.033730,3.844894,0.608852	0
18:34:33	2.033734,3.844861,0.608845	0.000000,0.000000,0.000000	0.000000,0.000000,0.000000	2.033734,3.844861,0.608845	0
18:34:33	2.033734,3.844883,0.608844	0.000000,0.000000,0.000000	0.000000,0.000000,0.000000	2.033734,3.844883,0.608844	0
18:34:33	2.033716,3.844854,0.608872	0.000000,0.000000,0.000000	0.000000,0.000000,0.000000	2.033716,3.844854,0.608872	0
18:34:33	2.033729,3.844891,0.608842	0.000000,0.000000,0.000000	0.000000,0.000000,0.000000	2.033729,3.844891,0.608842	0
18:34:33	2.033724,3.844890,0.608832	0.000000,0.000000,0.000000	0.000000,0.000000,0.000000	2.033724,3.844890,0.608832	0
18:34:33	2.033740,3.844876,0.608838	0.000000,0.000000,0.000000	0.000000,0.000000,0.000000	2.033740,3.844876,0.608838	0
18:34:33	2.033731,3.844866,0.608849	0.000000,0.000000,0.000000	0.000000,0.000000,0.000000	2.033731,3.844866,0.608849	0
18:34:33	2.033739,3.844863,0.608848	0.000000,0.000000,0.000000	0.000000,0.000000,0.000000	2.033739,3.844863,0.608848	0
18:34:33	2.033732,3.844888,0.608842	0.000000,0.000000,0.000000	0.000000,0.000000,0.000000	2.033732,3.844888,0.608842	0
18:34:33	2.033733,3.844880,0.608846	0.000000,0.000000,0.000000	0.000000,0.000000,0.000000	2.033733,3.844880,0.608846	0
18:34:34	2.033731,3.844859,0.608840	0.000000,0.000000,0.000000	0.000000,0.000000,0.000000	2.033731,3.844859,0.608840	0
18:34:34	2.033729,3.844863,0.608862	0.000000,0.000000,0.000000	0.000000,0.000000,0.000000	2.033729,3.844863,0.608862	0
18:34:34	2.033730,3.844867,0.608856	0.000000,0.000000,0.000000	0.000000,0.000000,0.000000	2.033730,3.844867,0.608856	0
18:34:34	2.033739,3.844891,0.608839	0.000000,0.000000,0.000000	0.000000,0.000000,0.000000	2.033739,3.844891,0.608839	0
18:34:34	2.033762,3.844908,0.608813	0.000000,0.000000,0.000000	0.000000,0.000000,0.000000	2.033762,3.844908,0.608813	0
18:34:34	2.033736,3.844899,0.608808	0.000000,0.000000,0.000000	0.000000,0.000000,0.000000	2.033736,3.844899,0.608808	0
18:34:34	2.033720,3.844872,0.608843	0.000000,0.000000,0.000000	0.000000,0.000000,0.000000	2.033720,3.844872,0.608843	0
18:34:34	2.033745,3.844896,0.608851	0.000000,0.000000,0.000000	0.000000,0.000000,0.000000	2.033745,3.844896,0.608851	0
18:34:34	2.033732,3.844870,0.608857	0.000000,0.000000,0.000000	0.000000,0.000000,0.000000	2.033732,3.844870,0.608857	0
18:34:34	2.033748,3.844878,0.608843	0.000000,0.000000,0.000000	0.000000,0.000000,0.000000	2.033748,3.844878,0.608843	0
18:34:35	2.033727,3.844846,0.608847	0.000000,0.000000,0.000000	0.000000,0.000000,0.000000	2.033727,3.844846,0.608847	0
18:34:35	2.033741,3.844874,0.608841	0.000000,0.000000,0.000000	0.000000,0.000000,0.000000	2.033741,3.844874,0.608841	0
18:34:35	2.033751,3.844865,0.608796	0.000000,0.000000,0.000000	0.000000,0.000000,0.000000	2.033751,3.844865,0.608796	0
18:34:35	2.033756,3.844894,0.608835	0.000000,0.000000,0.000000	0.000000,0.000000,0.000000	2.033756,3.844894,0.608835	0
18:34:35	2.033734,3.844860,0.608849	0.000000,0.000000,0.000000	0.000000,0.000000,0.000000	2.033734,3.844860,0.608849	0
18:34:35	2.033731,3.844847,0.608852	0.000000,0.000000,0.000000	0.000000,0.000000,0.000000	2.033731,3.844847,0.608852	0
18:34:35	2.033756,3.844892,0.608842	0.000000,0.000000,0.000000	0.000000,0.000000,0.000000	2.033756,3.844892,0.608842	0
18:34:35	2.033758,3.844888,0.608801	0.000000,0.000000,0.000000	0.000000,0.000000,0.000000	2.033758,3.844888,0.608801	0
18:34:35	2.033740,3.844855,0.608836	0.000000,0.000000,0.000000	0.000000,0.000000,0.000000	2.033740,3.844855,0.608836	0
18:34:35	2.033745,3.844874,0.608844	0.000000,0.000000,0.000000	0.000000,0.000000,0.000000	2.033745,3.844874,0.608844	0
18:34:36	2.033751,3.844871,0.608849	0.000000,0.000000,0.000000	0.000000,0.000000,0.000000	2.033751,3.844871,0.608849	0
18:34:36	2.033746,3.844888,0.608827	0.000000,0.000000,0.000000	0.000000,0.000000,0.000000	2.033746,3.844888,0.608827	0
18:34:36	2.033730,3.844865,0.608821	0.000000,0.000000,0.000000	0.000000,0.000000,0.000000	2.033730,3.844865,0.608821	0
18:34:36	2.033734,3.844892,0.608815	0.000000,0.000000,0.000000	0.000000,0.000000,0.000000	2.033734,3.844892,0.608815	0
18:34:36	2.033740,3.844898,0.608855	0.000000,0.000000,0.000000	0.000000,0.000000,0.000000	2.033740,3.844898,0.608855	0
18:34:36	2.033757,3.844909,0.608851	0.000000,0.000000,0.000000	0.000000,0.000000,0.000000	2.033757,3.844909,0.608851	0
18:34:36	2.033736,3.844853,0.608847	0.000000,0.000000,0.000000	0.000000,0.000000,0.000000	2.033736,3.844853,0.608847	0
18:34:36	2.033735,3.844876,0.608827	0.000000,0.000000,0.000000	0.000000,0.000000,0.000000	2.033735,3.844876,0.608827	0
