# Flight Log 
# 25 08 17 - 18:40:01
Time		X,Y,Z				goalX,goalY,goalZ		ddx,ddy,ddz			angularx,angulary,angularz	battery
18:40:01	0.000000,0.000000,0.000000	0.000000,0.000000,0.000000	0.000000,0.000000,0.000000	0.000000,0.000000,0.000000	0
18:40:01	0.000000,0.000000,0.000000	0.000000,0.000000,0.000000	0.000000,0.000000,0.000000	0.000000,0.000000,0.000000	0
18:40:01	0.692809,0.824012,0.409943	0.768387,0.881580,0.377954	-0.124541,0.112566,10.308164	0.692809,0.824012,0.409943	3.71612906456
18:40:02	0.692693,0.824039,0.410013	0.768359,0.881561,0.378117	-0.126936,0.110171,10.303374	0.692693,0.824039,0.410013	3.71612906456
18:40:02	0.692735,0.824062,0.409951	0.768360,0.881561,0.378125	-0.126936,0.112566,10.312954	0.692735,0.824062,0.409951	3.71612906456
18:40:02	0.692697,0.824027,0.410013	0.768348,0.881568,0.378134	-0.131726,0.114961,10.303374	0.692697,0.824027,0.410013	3.71612906456
18:40:02	0.692771,0.824051,0.409933	0.768350,0.881568,0.378104	-0.134121,0.114961,10.300979	0.692771,0.824051,0.409933	3.71612906456
18:40:02	0.692747,0.824065,0.409945	0.768310,0.881592,0.378165	-0.138911,0.122146,10.303374	0.692747,0.824065,0.409945	3.71612906456
18:40:02	0.692749,0.824068,0.409935	0.768316,0.881594,0.378157	-0.126936,0.117356,10.293794	0.692749,0.824068,0.409935	3.71612906456
18:40:02	0.692755,0.824056,0.409938	0.768356,0.881565,0.378099	-0.131726,0.112566,10.296189	0.692755,0.824056,0.409938	3.71612906456
18:40:02	0.692743,0.824065,0.409947	0.768353,0.881556,0.378122	-0.126936,0.112566,10.298584	0.692743,0.824065,0.409947	3.71612906456
18:40:02	0.692744,0.824068,0.409945	0.768362,0.881563,0.378098	-0.129331,0.112566,10.305769	0.692744,0.824068,0.409945	3.71612906456
18:40:02	0.692758,0.824048,0.409929	0.768354,0.881562,0.378134	-0.124541,0.112566,10.300979	0.692758,0.824048,0.409929	3.71612906456
18:40:03	0.692735,0.824061,0.409960	0.768391,0.881579,0.441931	-0.134121,0.112566,10.298584	0.692735,0.824061,0.409960	3.71612906456
18:40:03	0.692760,0.824061,0.409933	0.768316,0.881589,0.378160	-0.134121,0.119751,10.298584	0.692760,0.824061,0.409933	3.71612906456
18:40:03	0.692748,0.824063,0.409937	0.768349,0.881557,0.378113	-0.134121,0.114961,10.291399	0.692748,0.824063,0.409937	3.71612906456
18:40:03	0.692761,0.824028,0.409950	0.768322,0.881612,0.378212	-0.119751,0.117356,10.293794	0.692761,0.824028,0.409950	3.71612906456
18:40:03	0.692761,0.824021,0.409917	0.768355,0.881567,0.378121	-0.143701,0.100591,10.308164	0.692761,0.824021,0.409917	3.65278601646
18:40:03	0.692742,0.824028,0.409949	0.768344,0.881571,0.378166	-0.162861,0.134121,10.312954	0.692742,0.824028,0.409949	3.64750742912
18:40:03	0.692771,0.824029,0.409956	0.768366,0.881580,0.378053	-0.126936,0.129331,10.377620	0.692771,0.824029,0.409956	3.64222884178
18:40:03	0.691959,0.824901,0.410330	0.768312,0.881626,0.378166	-0.189207,0.162861,10.162068	0.691959,0.824901,0.410330	3.63695025444
18:40:03	0.691933,0.824921,0.410316	0.768351,0.881566,0.378111	-0.182021,0.131726,10.380015	0.691933,0.824921,0.410316	3.62639307976
18:40:03	0.692759,0.824049,0.409923	0.768362,0.881575,0.442114	-0.146096,0.079036,10.296189	0.692759,0.824049,0.409923	3.62111449242
18:40:04	0.692722,0.824013,0.410027	0.768384,0.881583,0.377988	-0.091011,0.134121,10.324929	0.692722,0.824013,0.410027	3.61583590508
18:40:04	0.692719,0.824030,0.410012	0.768315,0.881601,0.442158	-0.143701,0.105381,9.951306	0.692719,0.824030,0.410012	3.61055731773
18:40:04	0.692780,0.824048,0.409904	0.768351,0.881574,0.442143	-0.098196,0.153281,10.269844	0.692780,0.824048,0.409904	3.60000014305
18:40:04	0.691948,0.824887,0.410307	0.768363,0.881586,0.377997	-0.177231,0.000000,10.152488	0.691948,0.824887,0.410307	3.59472155571
18:40:04	0.692730,0.824034,0.409927	0.768350,0.881587,0.442126	-0.165256,0.083826,10.159673	0.692730,0.824034,0.409927	3.58944296837
18:40:04	0.692716,0.824027,0.409969	0.768356,0.881561,0.442145	-0.110171,0.074246,10.466235	0.692716,0.824027,0.409969	3.57888579369
18:40:04	0.692669,0.824000,0.410047	0.768311,0.881604,0.378086	-0.076641,0.105381,10.478210	0.692669,0.824000,0.410047	3.57888579369
18:40:04	0.692768,0.823945,0.409915	0.768367,0.881563,0.442041	-0.138911,0.014370,10.353669	0.692768,0.823945,0.409915	3.568328619
18:40:04	0.692756,0.823857,0.410024	0.768351,0.881676,0.441890	-0.220342,-0.028740,10.454260	0.692756,0.823857,0.410024	3.55777144432
18:40:04	0.692812,0.823852,0.410000	0.768859,0.881170,0.440890	-0.095801,0.086221,10.435100	0.692812,0.823852,0.410000	3.55249285698
18:40:05	0.692152,0.824916,0.410297	0.768328,0.881675,0.377821	-0.167651,0.167651,10.403965	0.692152,0.824916,0.410297	3.54193544388
18:40:05	0.692800,0.824023,0.410008	0.768709,0.881102,0.441199	-0.146096,0.153281,10.277029	0.692800,0.824023,0.410008	3.53665685654
18:40:05	0.693276,0.823870,0.409910	0.768283,0.881556,0.441917	0.014370,0.119751,10.195598	0.693276,0.823870,0.409910	3.52609968185
18:40:05	0.693401,0.823740,0.409785	0.767978,0.881724,0.442285	-0.043110,0.114961,10.418335	0.693401,0.823740,0.409785	3.52082109451
18:40:05	0.693563,0.823793,0.409945	0.767767,0.881835,0.378655	0.011975,0.093406,10.356064	0.693563,0.823793,0.409945	3.51026391983
18:40:05	0.693963,0.823451,0.409920	0.767791,0.881785,0.377875	-0.174836,-0.100591,10.368040	0.693963,0.823451,0.409920	3.49970674515
18:40:05	0.695001,0.823308,0.409187	0.767681,0.881887,0.377950	-0.110171,0.055085,10.202783	0.695001,0.823308,0.409187	3.49442815781
18:40:05	0.694211,0.823513,0.409901	0.766948,0.882030,0.379670	-0.167651,0.227527,9.912986	0.694211,0.823513,0.409901	3.48387098312
18:40:05	0.695363,0.823759,0.409890	0.767115,0.881864,0.377854	-0.205972,0.234712,10.370435	0.695363,0.823759,0.409890	3.47331380844
18:40:05	0.694429,0.824424,0.410249	0.766394,0.881653,0.380026	-0.198787,-0.088616,10.047107	0.694429,0.824424,0.410249	3.45219945908
18:40:06	0.694851,0.822805,0.410331	0.767113,0.882039,0.441821	-0.203577,0.486189,10.387200	0.694851,0.822805,0.410331	3.44164228439
18:40:06	0.696166,0.822909,0.410351	0.766732,0.882262,0.441118	-0.318538,0.155676,10.396780	0.696166,0.822909,0.410351	3.43108510971
18:40:06	0.697492,0.820912,0.409983	0.765583,0.882985,0.442250	-0.064666,0.150886,10.506951	0.697492,0.820912,0.409983	3.42052793503
18:40:06	0.699674,0.818277,0.409084	0.764678,0.884328,0.442938	-0.376018,0.016765,10.123748	0.699674,0.818277,0.409084	3.40997076035
18:40:06	0.700438,0.816672,0.409855	0.764391,0.885565,0.377945	-0.081431,-0.052690,10.296189	0.700438,0.816672,0.409855	3.39941358566
18:40:06	0.702350,0.815059,0.409601	0.763165,0.886553,0.378556	-0.043110,0.387993,10.439890	0.702350,0.815059,0.409601	3.38357782364
18:40:06	0.704502,0.814830,0.410049	0.761826,0.887068,0.379206	-0.277822,0.174836,10.291399	0.704502,0.814830,0.410049	3.3782992363
18:40:06	0.708736,0.815290,0.409055	0.759843,0.886909,0.379466	0.079036,0.273032,10.315349	0.708736,0.815290,0.409055	3.3782992363
18:40:06	0.712756,0.816692,0.410085	0.757290,0.886415,0.379209	0.296982,0.481399,10.518926	0.712756,0.816692,0.410085	3.35190629959
18:40:06	0.720627,0.818664,0.409496	0.785724,0.885313,0.378524	0.354463,-0.047900,10.140513	0.720627,0.818664,0.409496	3.33607053757
18:40:07	0.731086,0.822050,0.411072	0.780113,0.883822,0.378407	0.526904,-0.009580,10.403965	0.731086,0.822050,0.411072	3.32023477554
18:40:07	0.747196,0.828489,0.414216	0.772108,0.880875,0.371919	0.062271,-0.009580,10.712922	0.747196,0.828489,0.414216	3.30967760086
18:40:07	0.768614,0.839590,0.420861	0.792635,0.875390,0.425794	0.232317,0.610730,10.518926	0.768614,0.839590,0.420861	3.29384183884
18:40:07	0.800800,0.855366,0.428791	0.808225,0.899221,0.408382	-0.246687,0.323328,10.571616	0.800800,0.855366,0.428791	3.27800607681
18:40:07	0.844517,0.875499,0.435231	0.848978,0.920072,0.392749	-0.397573,-0.481399,10.957214	0.844517,0.875499,0.435231	3.25161314011
18:40:07	0.888709,0.901931,0.442247	0.885588,0.938022,0.439487	0.031135,-0.641865,9.898616	0.888709,0.901931,0.442247	3.25689172745
18:40:07	0.927280,0.934487,0.444494	0.924650,0.951735,0.432301	0.325723,-0.083826,10.375225	0.927280,0.934487,0.444494	3.27272748947
18:40:07	0.959458,0.969021,0.442865	0.968315,0.963064,0.430232	0.059875,0.112566,9.869875	0.959458,0.969021,0.442865	3.26744890213
18:40:07	0.988750,1.003257,0.433785	1.014045,1.006665,0.442318	-0.126936,0.004790,9.762100	0.988750,1.003257,0.433785	3.26744890213
18:40:07	1.013967,1.038290,0.420803	1.029582,1.049790,0.470142	-0.076641,-0.340093,10.178833	1.013967,1.038290,0.420803	3.26217031479
18:40:08	1.034934,1.073362,0.408435	1.080100,1.092730,0.434294	0.253872,0.459844,10.669812	1.034934,1.073362,0.408435	3.26217031479
18:40:08	1.053177,1.107948,0.391807	1.100582,1.103722,0.464545	0.285007,-0.043110,9.570498	1.053177,1.107948,0.391807	3.25161314011
18:40:08	1.070006,1.139914,0.373459	1.122209,1.147721,0.442582	0.201182,0.141306,10.387200	1.070006,1.139914,0.373459	3.24105596542
18:40:08	1.087322,1.167108,0.354543	1.112106,1.194176,0.545528	-0.285007,0.543669,10.085427	1.087322,1.167108,0.354543	3.23577737808
18:40:08	1.105389,1.189988,0.336661	1.133404,1.211470,0.523977	0.201182,0.598755,10.801538	1.105389,1.189988,0.336661	3.24105596542
18:40:08	1.123675,1.209918,0.321283	1.154383,1.230844,0.495091	-0.119751,0.064666,10.736873	1.123675,1.209918,0.321283	3.24105596542
18:40:08	1.141173,1.227483,0.304310	1.175937,1.251715,0.464372	0.299377,0.110171,10.186018	1.141173,1.227483,0.304310	3.23049879074
18:40:08	1.157595,1.243491,0.282269	1.197516,1.273811,0.445259	-0.112566,0.289797,10.130933	1.157595,1.243491,0.282269	3.23049879074
18:40:08	1.173282,1.261022,0.256295	1.220245,1.296036,0.434267	0.426313,0.222737,10.260264	1.173282,1.261022,0.256295	3.2252202034
18:40:08	1.188768,1.281516,0.230811	1.242353,1.316528,0.430098	0.282612,0.205972,10.736873	1.188768,1.281516,0.230811	3.21994161606
18:40:09	1.205168,1.306376,0.205513	1.232748,1.334715,0.421996	-0.083826,0.225132,10.676997	1.205168,1.306376,0.205513	3.21994161606
18:40:09	1.219318,1.335806,0.183507	1.255971,1.350208,0.407908	-0.064666,0.541274,10.521321	1.219318,1.335806,0.183507	3.21466302872
18:40:09	1.232164,1.368436,0.162388	1.279427,1.395207,0.329437	0.040715,-0.040715,10.183623	1.232164,1.368436,0.162388	3.20938444138
18:40:09	1.243249,1.403291,0.138233	1.304941,1.406899,0.311336	0.011975,-0.294587,10.183623	1.243249,1.403291,0.138233	3.2041053772
18:40:09	1.253118,1.439555,0.111389	1.298045,1.449293,0.308598	0.119751,-0.107776,10.257869	1.253118,1.439555,0.111389	3.20938444138
18:40:09	1.263753,1.476469,0.086457	1.324495,1.491382,0.299946	-0.299377,0.234712,10.648257	1.263753,1.476469,0.086457	3.20938444138
18:40:09	1.274505,1.513997,0.065272	1.318103,1.533077,0.284986	0.296982,0.368833,10.451865	1.274505,1.513997,0.065272	3.20938444138
18:40:09	1.286365,1.552745,0.045438	1.343172,1.542135,0.202252	-0.167651,-0.069456,10.423125	1.286365,1.552745,0.045438	3.2041053772
18:40:09	1.300060,1.593465,0.020598	1.335898,1.582264,0.183858	-0.031135,0.112566,10.322534	1.300060,1.593465,0.020598	3.19882678986
18:40:09	1.311002,1.632050,-0.002792	1.360464,1.622324,0.176001	-0.086221,0.102986,10.518926	1.311002,1.632050,-0.002792	3.19882678986
18:40:10	1.322760,1.668061,-0.022734	1.352276,1.663783,0.165319	0.040715,0.023950,10.897339	1.322760,1.668061,-0.022734	3.19882678986
18:40:10	1.333906,1.703125,-0.035093	1.378443,1.706918,0.131639	0.711321,0.479004,10.815908	1.333906,1.703125,-0.035093	3.20938444138
18:40:10	1.345138,1.737067,-0.037692	1.435539,1.755389,0.211220	0.581990,0.153281,11.512859	1.345138,1.737067,-0.037692	3.21466302872
18:40:10	1.358083,1.768930,-0.030760	1.447195,1.783367,0.217163	0.112566,0.407153,10.684182	1.358083,1.768930,-0.030760	3.2041053772
18:40:10	1.372434,1.799136,-0.015895	1.461064,1.809355,0.231287	0.215552,0.119751,10.471025	1.372434,1.799136,-0.015895	3.2252202034
18:40:10	1.387739,1.831095,0.003054	1.476155,1.835362,0.250113	-0.019160,-0.234712,10.631492	1.387739,1.831095,0.003054	3.2252202034
18:40:10	1.403191,1.866550,0.023669	1.491883,1.863676,0.271222	-0.126936,0.182021,10.437495	1.403191,1.866550,0.023669	3.2252202034
18:40:10	1.418883,1.906048,0.046672	1.507604,1.894733,0.293064	0.021555,0.191602,10.621912	1.418883,1.906048,0.046672	3.2252202034
18:40:10	1.435282,1.950486,0.071325	1.524047,1.929194,0.317633	-0.182021,0.234712,10.514136	1.435282,1.950486,0.071325	3.23049879074
18:40:10	1.451885,1.997725,0.094947	1.540515,1.966398,0.340606	0.150886,0.002395,10.104587	1.451885,1.997725,0.094947	3.21994161606
18:40:11	1.469235,2.043431,0.118853	1.557064,2.002830,0.362640	-0.038320,0.390388,10.633887	1.469235,2.043431,0.118853	3.21994161606
18:40:11	1.486473,2.086339,0.141959	1.573483,2.037016,0.383348	0.170046,-0.409548,9.879456	1.486473,2.086339,0.141959	3.21466302872
18:40:11	1.503873,2.125201,0.164894	1.589175,2.068088,0.402602	-0.081431,0.136516,10.051897	1.503873,2.125201,0.164894	3.21466302872
18:40:11	1.521962,2.159501,0.186879	1.605282,2.095227,0.420783	0.040715,0.098196,10.253079	1.521962,2.159501,0.186879	3.20938444138
18:40:11	1.540163,2.188399,0.209606	1.621383,2.118090,0.438508	0.373623,0.150886,10.186018	1.540163,2.188399,0.209606	3.21466302872
18:40:11	1.558363,2.212252,0.229888	1.637337,2.136616,0.455621	-0.062271,-0.258662,9.948911	1.558363,2.212252,0.229888	3.21466302872
18:40:11	1.577142,2.229642,0.247841	1.653411,2.150654,0.470577	0.162861,0.148491,10.162068	1.577142,2.229642,0.247841	3.19882678986
18:40:11	1.596303,2.239120,0.266483	1.669956,2.158175,0.485702	0.136516,0.447869,10.272239	1.596303,2.239120,0.266483	3.20938444138
18:40:11	1.616326,2.244100,0.285469	1.686983,2.160575,0.502169	0.091011,0.215552,10.245894	1.616326,2.244100,0.285469	3.2041053772
18:40:11	1.638586,2.245741,0.306453	1.705667,2.159623,0.519997	-0.047900,0.514929,10.030342	1.638586,2.245741,0.306453	3.19882678986
18:40:12	1.664047,2.245696,0.329248	1.726580,2.156112,0.540018	-0.033530,0.718506,10.394385	1.664047,2.245696,0.329248	3.19882678986
18:40:12	1.692370,2.245378,0.351767	1.749674,2.151357,0.560919	0.136516,0.337698,10.195598	1.692370,2.245378,0.351767	3.19882678986
18:40:12	1.721422,2.245054,0.374377	1.773406,2.146213,0.580955	0.584385,0.261057,10.063872	1.721422,2.245054,0.374377	3.2041053772
18:40:12	1.749864,2.245304,0.398910	1.662741,2.118403,0.512992	0.890947,0.831072,10.336904	1.749864,2.245304,0.398910	3.19882678986
18:40:12	1.777376,2.246179,0.417865	1.688437,2.119380,0.530799	0.086221,0.352068,9.788445	1.777376,2.246179,0.417865	3.18299102783
18:40:12	1.799593,2.246619,0.432716	1.711492,2.120664,0.542278	0.052690,1.140029,10.638677	1.799593,2.246619,0.432716	3.18826961517
18:40:12	1.813545,2.245926,0.448806	1.727169,2.120711,0.554436	-0.026345,0.043110,10.133328	1.813545,2.245926,0.448806	3.19354820251
18:40:12	1.820757,2.243720,0.466086	1.735739,2.119174,0.567996	-0.047900,0.629890,10.310559	1.820757,2.243720,0.466086	3.19354820251
18:40:12	1.823418,2.239768,0.484993	1.739505,2.115754,0.582945	0.411943,-0.035925,10.391990	1.823418,2.239768,0.484993	3.19882678986
18:40:12	1.822206,2.233724,0.504686	1.739122,2.110407,0.599135	0.062271,0.407153,10.248289	1.822206,2.233724,0.504686	3.19882678986
18:40:13	1.817713,2.225436,0.525572	1.735509,2.102755,0.616102	0.500559,0.275427,10.286609	1.817713,2.225436,0.525572	3.19882678986
18:40:13	1.810192,2.214424,0.547774	1.729060,2.092384,0.634431	0.201182,-0.170046,10.427915	1.810192,2.214424,0.547774	3.19354820251
18:40:13	1.799931,2.201139,0.569808	1.719655,2.079412,0.653656	0.558040,0.280217,9.948911	1.799931,2.201139,0.569808	3.19354820251
18:40:13	1.787381,2.186718,0.590540	1.707755,2.064879,0.671612	0.028740,0.023950,10.411150	1.787381,2.186718,0.590540	3.19354820251
18:40:13	1.773635,2.171377,0.612183	1.694414,2.049533,0.689592	0.634680,-0.340093,10.391990	1.773635,2.171377,0.612183	3.19882678986
18:40:13	1.758293,2.155028,0.635640	1.679884,2.032869,0.708878	0.009580,0.002395,10.353669	1.758293,2.155028,0.635640	3.19882678986
18:40:13	1.741959,2.138459,0.659969	1.664053,2.015603,0.729041	0.210762,0.105381,10.106982	1.741959,2.138459,0.659969	3.19882678986
18:40:13	1.725576,2.121876,0.685363	1.647741,1.998224,0.749919	0.201182,0.208367,10.207573	1.725576,2.121876,0.685363	3.19882678986
18:40:13	1.708720,2.105453,0.711988	1.786587,2.188623,0.762257	0.665815,-0.071851,10.171648	1.708720,2.105453,0.711988	3.19354820251
18:40:13	1.691313,2.090403,0.738770	1.796821,2.166283,0.767065	0.289797,0.098196,10.322534	1.691313,2.090403,0.738770	3.19354820251
18:40:14	1.674970,2.082956,0.763081	1.775043,2.173230,0.839055	0.256267,0.021555,10.487791	1.674970,2.082956,0.763081	3.18826961517
18:40:14	1.664190,2.087718,0.788225	1.751181,2.141534,0.786725	0.325723,0.438289,10.909314	1.664190,2.087718,0.788225	3.19354820251
18:40:14	1.656788,2.104548,0.810825	1.724132,2.134230,0.729925	0.529299,0.095801,9.508228	1.656788,2.104548,0.810825	3.19882678986
18:40:14	1.651683,2.130345,0.820837	1.727998,2.152774,0.759680	0.498164,-0.720901,8.919053	1.651683,2.130345,0.820837	3.17771244049
18:40:14	1.651425,2.162204,0.825452	1.729511,2.167012,0.812530	0.330513,-0.134121,10.013577	1.651425,2.162204,0.825452	3.18299102783
18:40:14	1.656923,2.197093,0.829367	1.727698,2.210514,0.802613	-0.237107,0.313748,10.368040	1.656923,2.197093,0.829367	3.17771244049
18:40:14	1.668113,2.230382,0.832733	1.722378,2.253847,0.794719	0.354463,-0.778381,10.102192	1.668113,2.230382,0.832733	3.17243385315
18:40:14	1.684903,2.259106,0.835027	1.713642,2.267352,0.852665	0.490979,-0.002395,9.941726	1.684903,2.259106,0.835027	3.17243385315
18:40:14	1.705748,2.282785,0.838566	1.733862,2.315889,0.847552	-0.177231,0.476609,10.899734	1.705748,2.282785,0.838566	3.17771244049
18:40:14	1.726849,2.300983,0.844172	1.753055,2.335572,0.836205	0.153281,1.128054,10.375225	1.726849,2.300983,0.844172	3.17771244049
18:40:15	1.745861,2.315813,0.848230	1.773038,2.358159,0.824630	-0.100591,-0.213157,10.078242	1.745861,2.315813,0.848230	3.16715526581
18:40:15	1.762129,2.331560,0.848145	1.794564,2.381201,0.821089	0.045505,0.081431,10.243499	1.762129,2.331560,0.848145	3.16715526581
18:40:15	1.775112,2.350564,0.846288	1.817862,2.370665,0.824374	-0.316143,0.217947,10.202783	1.775112,2.350564,0.846288	3.17243385315
18:40:15	1.784531,2.373090,0.844805	1.843435,2.389965,0.828097	0.095801,0.059875,10.123748	1.784531,2.373090,0.844805	3.17243385315
18:40:15	1.792600,2.397421,0.843802	1.838425,2.407658,0.831161	0.038320,0.014370,10.372830	1.792600,2.397421,0.843802	3.16715526581
18:40:15	1.800493,2.420571,0.844737	1.865656,2.457319,0.830747	0.258662,0.864602,10.607542	1.800493,2.420571,0.844737	3.16715526581
18:40:15	1.807489,2.442689,0.846512	1.861190,2.475906,0.827096	0.428708,0.469424,10.483000	1.807489,2.442689,0.846512	3.17243385315
18:40:15	1.813909,2.465142,0.847863	1.857236,2.494595,0.823646	-0.138911,0.608335,10.540481	1.813909,2.465142,0.847863	3.16715526581
18:40:15	1.819971,2.488477,0.848837	1.885520,2.480772,0.821380	-0.074246,0.366438,9.953701	1.819971,2.488477,0.848837	3.17243385315
18:40:15	1.826647,2.511068,0.849629	1.881809,2.466886,0.819450	0.246687,0.376018,10.312954	1.826647,2.511068,0.849629	3.16715526581
18:40:16	1.836210,2.531074,0.849939	1.876986,2.486121,0.818134	0.134121,0.251477,10.341694	1.836210,2.531074,0.849939	3.16715526581
18:40:16	1.849301,2.546164,0.850940	1.901843,2.507654,0.817054	0.335303,0.387993,10.166858	1.849301,2.546164,0.850940	3.16715526581
18:40:16	1.864081,2.556684,0.851522	1.893320,2.532371,0.878944	-0.026345,-0.421523,10.214758	1.864081,2.556684,0.851522	3.17243385315
18:40:16	1.879458,2.564445,0.853958	1.916217,2.559162,0.876543	0.486189,0.174836,10.576406	1.879458,2.564445,0.853958	3.17243385315
18:40:16	1.894037,2.571142,0.858445	1.939114,2.555017,0.867588	0.407153,0.229922,10.049502	1.894037,2.571142,0.858445	3.16715526581
18:40:16	1.907115,2.578766,0.861444	1.962916,2.550764,0.858848	0.704136,-0.038320,10.241104	1.907115,2.578766,0.861444	3.16187667847
18:40:16	1.920959,2.587668,0.862535	1.955023,2.577623,0.855451	0.344883,0.138911,10.106982	1.920959,2.587668,0.862535	3.16187667847
18:40:16	1.936649,2.597235,0.863070	1.978062,2.572078,0.853805	0.083826,0.100591,10.037527	1.936649,2.597235,0.863070	3.16187667847
18:40:16	1.953095,2.607632,0.862974	2.000255,2.598064,0.853210	0.086221,0.565225,10.406360	1.953095,2.607632,0.862974	3.16187667847
18:40:16	1.969432,2.618595,0.863232	2.022402,2.591610,0.853451	0.313748,0.045505,10.365645	1.969432,2.618595,0.863232	3.16715526581
18:40:17	1.985543,2.630892,0.863383	2.012660,2.616655,0.852498	0.069456,-0.102986,10.597961	1.985543,2.630892,0.863383	3.16715526581
18:40:17	2.001760,2.643813,0.863347	2.035055,2.608892,0.852867	0.282612,-0.184417,10.286609	2.001760,2.643813,0.863347	3.16187667847
18:40:17	2.018187,2.655383,0.864736	2.057208,2.633550,0.851105	0.490979,0.629890,10.336904	2.018187,2.655383,0.864736	3.16187667847
18:40:17	2.035840,2.666105,0.866128	2.079057,2.658998,0.847842	0.510139,0.428708,10.106982	2.035840,2.666105,0.866128	3.16187667847
18:40:17	2.054571,2.677546,0.866822	2.099917,2.652444,0.845585	0.340093,0.783171,10.289004	2.054571,2.677546,0.866822	3.16715526581
18:40:17	2.072719,2.689939,0.866589	2.120821,2.677202,0.845107	0.002395,0.261057,10.174043	2.072719,2.689939,0.866589	3.16187667847
18:40:17	2.089684,2.702723,0.866315	2.110367,2.669563,0.845908	-0.129331,0.490979,10.497371	2.089684,2.702723,0.866315	3.16187667847
18:40:17	2.105321,2.715163,0.866123	2.132547,2.693982,0.846406	-0.047900,-0.143701,10.502161	2.105321,2.715163,0.866123	3.16187667847
18:40:17	2.117466,2.726190,0.866121	2.156389,2.718759,0.847049	-0.356858,0.318538,10.502161	2.117466,2.726190,0.866121	3.16715526581
18:40:17	2.126193,2.735976,0.866659	2.182281,2.712801,0.845774	0.105381,0.275427,10.600356	2.126193,2.735976,0.866659	3.16187667847
18:40:18	2.133561,2.746064,0.866236	2.177703,2.738968,0.845582	0.455054,-0.117356,10.636282	2.133561,2.746064,0.866236	3.16187667847
18:40:18	2.142036,2.757568,0.865365	2.205076,2.732441,0.847349	0.004790,0.423918,10.377620	2.142036,2.757568,0.865365	3.16187667847
18:40:18	2.153623,2.770325,0.864115	2.198848,2.757196,0.849554	-0.366438,0.033530,10.147698	2.153623,2.770325,0.864115	3.16187667847
18:40:18	2.167404,2.784154,0.863175	2.223118,2.749039,0.852296	0.502954,-0.143701,10.183623	2.167404,2.784154,0.863175	3.16187667847
18:40:18	2.183127,2.799047,0.862535	2.214103,2.740406,0.853625	0.352068,0.126936,10.480605	2.183127,2.799047,0.862535	3.16187667847
18:40:18	2.200669,2.813996,0.861131	2.236195,2.731122,0.856276	-0.112566,0.756826,10.679392	2.200669,2.813996,0.861131	3.15659809113
18:40:18	2.219110,2.825247,0.861334	2.257193,2.755230,0.857826	0.057480,-0.021555,10.332114	2.219110,2.825247,0.861334	3.16187667847
18:40:18	2.237325,2.831680,0.862062	2.278112,2.750359,0.919881	-0.091011,0.718506,10.545271	2.237325,2.831680,0.862062	3.16187667847
18:40:18	2.254149,2.835685,0.864304	2.299571,2.779480,0.917356	-0.038320,0.704136,10.581196	2.254149,2.835685,0.864304	3.16187667847
18:40:18	2.269131,2.838426,0.867921	2.322106,2.777592,0.909857	0.081431,0.514929,10.389595	2.269131,2.838426,0.867921	3.15659809113
18:40:19	2.281591,2.841879,0.869691	2.313922,2.775855,0.903269	0.467029,-0.483794,10.300979	2.281591,2.841879,0.869691	3.15659809113
18:40:19	2.291385,2.846884,0.869009	2.339417,2.773224,0.902956	0.524509,0.170046,10.229128	2.291385,2.846884,0.869009	3.15131950378
18:40:19	2.298820,2.852234,0.867771	2.366354,2.770054,0.841726	0.256267,1.209485,10.602751	2.298820,2.852234,0.867771	3.15131950378
18:40:19	2.304735,2.858166,0.861367	2.362695,2.798550,0.848679	0.433499,0.033530,9.730964	2.304735,2.858166,0.861367	3.1407623291
18:40:19	2.311537,2.864709,0.851617	2.358829,2.794915,0.869719	0.213157,0.402363,10.229128	2.311537,2.864709,0.851617	3.14604091644
18:40:19	2.319387,2.872899,0.843841	2.386351,2.790380,0.889327	-0.011975,-0.179626,10.650652	2.319387,2.872899,0.843841	3.15131950378
18:40:19	2.328102,2.881628,0.841154	2.381466,2.817115,0.836721	0.347278,0.019160,10.542876	2.328102,2.881628,0.841154	3.15131950378
18:40:19	2.338711,2.889717,0.837925	2.375676,2.812179,0.839787	0.112566,0.505349,9.867480	2.338711,2.889717,0.837925	3.14604091644
18:40:19	2.351831,2.896884,0.831040	2.400345,2.807483,0.853058	0.414338,-0.122146,10.212363	2.351831,2.896884,0.831040	3.14604091644
18:40:19	2.365458,2.902188,0.826615	2.392193,2.835827,0.866389	0.653840,-0.141306,10.641072	2.365458,2.902188,0.826615	3.14604091644
18:40:20	2.379723,2.905386,0.825827	2.415794,2.833492,0.871379	0.514929,0.186812,10.425520	2.379723,2.905386,0.825827	3.15131950378
18:40:20	2.393752,2.908650,0.826754	2.439168,2.831673,0.870182	0.270637,0.021555,10.506951	2.393752,2.908650,0.826754	3.15131950378
18:40:20	2.407525,2.911390,0.828350	2.462954,2.829809,0.931122	-0.256267,0.234712,10.209968	2.407525,2.911390,0.828350	3.14604091644
18:40:20	2.422794,2.913568,0.833440	2.454308,2.860377,0.925342	-0.062271,-0.328118,10.806328	2.422794,2.913568,0.833440	3.13020515442
18:40:20	2.440387,2.915626,0.841832	2.476280,2.859167,0.907565	0.524509,-0.119751,10.197993	2.440387,2.915626,0.841832	3.15659809113
18:40:20	2.458547,2.918552,0.847752	2.497316,2.857734,0.891387	0.057480,0.347278,10.396780	2.458547,2.918552,0.847752	3.14604091644
18:40:20	2.475585,2.922106,0.849904	2.518867,2.855636,0.883062	-0.476609,0.567620,9.980046	2.475585,2.922106,0.849904	3.1407623291
18:40:20	2.492664,2.925783,0.849288	2.540667,2.853548,0.882280	-0.198787,0.246687,10.018367	2.492664,2.925783,0.849288	3.14604091644
18:40:20	2.511839,2.929585,0.846770	2.529941,2.851215,0.886920	0.385598,-0.071851,10.569221	2.511839,2.929585,0.846770	3.1407623291
18:40:20	2.533430,2.932908,0.845537	2.549454,2.848855,0.891345	0.153281,0.675396,10.518926	2.533430,2.932908,0.845537	3.1407623291
18:40:21	2.553499,2.933937,0.846630	2.568709,2.879720,0.955166	0.064666,0.502954,10.358459	2.553499,2.933937,0.846630	3.14604091644
18:40:21	2.571544,2.932253,0.849279	2.621318,2.944142,0.950502	0.356858,0.244292,10.166858	2.571544,2.932253,0.849279	3.1407623291
18:40:21	2.586648,2.928830,0.852925	2.611361,2.945976,0.943076	0.261057,0.237107,10.262659	2.586648,2.928830,0.852925	3.1407623291
18:40:21	2.596572,2.926456,0.855899	2.636117,2.915751,0.999376	0.131726,-0.023950,10.061477	2.596572,2.926456,0.855899	3.1407623291
18:40:21	2.600529,2.927701,0.858788	2.664259,2.915952,0.993707	-0.182021,0.996328,10.516531	2.600529,2.927701,0.858788	3.1407623291
18:40:21	2.599697,2.932175,0.863419	2.663750,2.913975,0.985005	0.222737,0.421523,10.308164	2.599697,2.932175,0.863419	3.1407623291
18:40:21	2.596585,2.940582,0.868403	2.665235,2.941900,0.974203	0.191602,0.011975,10.487791	2.596585,2.940582,0.868403	3.13020515442
18:40:21	2.594422,2.951895,0.873541	2.667001,2.935942,0.963300	0.153281,-0.397573,10.413545	2.594422,2.951895,0.873541	3.13020515442
18:40:21	2.595300,2.966380,0.877210	2.667345,2.928009,1.016778	0.268242,-0.124541,10.233918	2.595300,2.966380,0.877210	3.13548374176
18:40:21	2.601516,2.982584,0.883112	2.665138,2.950374,1.008196	0.560435,0.797542,10.597961	2.601516,2.982584,0.883112	3.13020515442
18:40:22	2.613447,2.998190,0.892017	2.659216,2.973053,0.989709	0.016765,0.217947,10.377620	2.613447,2.998190,0.892017	3.13548374176
18:40:22	2.628961,3.014226,0.897865	2.682595,2.995663,1.035674	-0.426313,0.627495,9.929751	2.628961,3.014226,0.897865	3.23049879074
18:40:22	2.645308,3.033114,0.899846	2.672884,2.985211,1.030313	0.395178,-0.105381,10.145303	2.645308,3.033114,0.899846	3.23049879074
18:40:22	2.661784,3.054443,0.902871	2.695059,2.972657,1.024980	0.340093,-0.213157,10.142908	2.661784,3.054443,0.902871	3.12492656708
18:40:22	2.678645,3.072801,0.909033	2.717043,2.992532,1.014534	0.325723,0.459844,10.411150	2.678645,3.072801,0.909033	3.13020515442
18:40:22	2.695338,3.086507,0.916165	2.739104,3.015173,0.997956	0.186812,0.402363,10.075847	2.695338,3.086507,0.916165	3.13020515442
18:40:22	2.712519,3.097205,0.920685	2.760890,3.008124,1.049933	-0.158071,0.651445,10.106982	2.712519,3.097205,0.920685	3.12492656708
18:40:22	2.730084,3.105303,0.926226	2.750337,3.034636,1.040866	0.050295,0.859812,10.190808	2.730084,3.105303,0.926226	3.12492656708
18:40:22	2.748281,3.109993,0.935137	2.771545,3.030971,1.023163	0.246687,-0.059875,10.449470	2.748281,3.109993,0.935137	3.12492656708
18:40:22	2.765399,3.111755,0.944559	2.792993,3.029130,1.066325	-0.002395,1.077759,10.293794	2.765399,3.111755,0.944559	3.13020515442
18:40:23	2.780093,3.110272,0.957248	2.815511,3.061146,1.043250	0.728086,0.785566,10.684182	2.780093,3.110272,0.957248	3.13548374176
18:40:23	2.793792,3.105836,0.970642	2.839106,3.191375,1.075921	-0.035925,0.387993,10.243499	2.793792,3.105836,0.970642	3.13020515442
18:40:23	2.806319,3.102150,0.984892	2.863251,3.162015,1.046978	-0.105381,0.644260,10.466235	2.806319,3.102150,0.984892	3.13020515442
18:40:23	2.816963,3.102917,1.001378	2.856299,3.162814,1.075934	0.158071,-0.141306,10.109377	2.816963,3.102917,1.001378	3.13020515442
18:40:23	2.825710,3.111094,1.019609	2.882571,3.159933,1.102301	-0.057480,-0.062271,10.020762	2.825710,3.111094,1.019609	3.1407623291
18:40:23	2.832808,3.126518,1.040844	2.878088,3.152312,1.122534	0.244292,0.479004,10.856624	2.832808,3.126518,1.040844	3.14604091644
18:40:23	2.841003,3.147129,1.064738	2.905591,3.173163,1.136072	0.598755,0.043110,10.614727	2.841003,3.147129,1.064738	3.14604091644
18:40:23	2.850880,3.170322,1.090152	2.900093,3.191610,1.145478	0.328118,0.165256,10.147698	2.850880,3.170322,1.090152	3.15131950378
18:40:23	2.862401,3.194247,1.117045	2.893498,3.177585,1.151919	-0.134121,-0.275427,10.178833	2.862401,3.194247,1.117045	3.07741928101
18:40:23	2.874500,3.219935,1.143067	2.918271,3.194542,1.220339	0.016765,0.299377,9.924961	2.874500,3.219935,1.143067	3.15659809113
18:40:24	2.886943,3.243542,1.169751	2.943023,3.211337,1.227939	0.304167,0.359253,10.248289	2.886943,3.243542,1.169751	3.15659809113
18:40:24	2.900962,3.262549,1.198064	2.935074,3.230879,1.230266	0.962798,0.663420,10.296189	2.900962,3.262549,1.198064	3.15131950378
18:40:24	2.916741,3.277725,1.224712	2.957986,3.252926,1.297636	-0.462239,0.323328,10.102192	2.916741,3.277725,1.224712	3.15659809113
18:40:24	2.932716,3.290083,1.250690	3.014153,3.271528,1.359940	0.158071,1.245410,10.629097	2.932716,3.290083,1.250690	3.15131950378
18:40:24	2.947485,3.299310,1.277456	3.041836,3.254808,1.250528	0.059875,0.205972,10.164463	2.947485,3.299310,1.277456	3.14604091644
18:40:24	2.963021,3.306515,1.298157	3.017786,3.293769,1.248814	0.359253,-0.184417,9.225615	2.963021,3.306515,1.298157	3.15659809113
18:40:24	2.979870,3.312232,1.310419	3.043538,3.284004,1.291358	-0.225132,0.361648,9.982441	2.979870,3.312232,1.310419	3.13548374176
18:40:24	2.996806,3.317913,1.322066	3.068252,3.327187,1.244572	0.620310,-0.711321,10.195598	2.996806,3.317913,1.322066	3.1407623291
18:40:24	3.012949,3.323805,1.329724	3.093957,3.318097,1.304740	0.220342,-0.330513,9.855505	3.012949,3.323805,1.329724	3.14604091644
18:40:24	3.028882,3.330701,1.334801	3.120378,3.307512,1.283417	0.033530,0.117356,10.451865	3.028882,3.330701,1.334801	3.12492656708
18:40:25	3.045290,3.339202,1.341437	3.094654,3.295194,1.361788	-0.023950,0.294587,10.597961	3.045290,3.339202,1.341437	3.13020515442
18:40:25	3.062539,3.348122,1.350210	3.119510,3.332981,1.330613	0.471819,0.268242,11.036250	3.062539,3.348122,1.350210	3.13020515442
18:40:25	3.079452,3.356348,1.358963	3.143997,3.319026,1.289318	0.143701,-0.507744,10.071057	3.079452,3.356348,1.358963	3.13020515442
18:40:25	3.095438,3.363753,1.361726	3.169757,3.358768,1.369619	0.067061,0.229922,10.169253	3.095438,3.363753,1.361726	3.12492656708
18:40:25	3.111387,3.370914,1.363267	3.196486,3.347322,1.366923	0.488584,0.004790,10.229128	3.111387,3.370914,1.363267	3.10909080505
18:40:25	3.128562,3.378668,1.367050	3.170295,3.335557,1.352772	0.522114,-0.004790,10.684182	3.128562,3.378668,1.367050	3.13020515442
18:40:25	3.149378,3.387562,1.370515	3.191806,3.373683,1.336109	0.213157,-0.011975,9.922566	3.149378,3.387562,1.370515	3.11964797974
18:40:25	3.173177,3.395802,1.374197	3.206948,3.360132,1.427515	0.232317,0.268242,10.200388	3.173177,3.395802,1.374197	3.12492656708
18:40:25	3.195281,3.401000,1.378750	3.221662,3.401427,1.410054	-0.093406,0.225132,10.375225	3.195281,3.401000,1.378750	3.11964797974
18:40:25	3.213717,3.403209,1.385061	3.293585,3.395819,1.386675	-0.342488,0.294587,10.420730	3.213717,3.403209,1.385061	3.11964797974
18:40:26	3.228189,3.403368,1.390630	3.319982,3.394469,1.360172	-0.562830,0.625100,10.360854	3.228189,3.403368,1.390630	3.11964797974
18:40:26	3.240123,3.402702,1.392342	3.299682,3.395559,1.345427	-0.074246,0.014370,10.066267	3.240123,3.402702,1.392342	3.1143693924
18:40:26	3.252134,3.404122,1.391334	3.332653,3.394760,1.449285	0.088616,0.215552,10.418335	3.252134,3.404122,1.391334	3.11964797974
18:40:26	3.264277,3.408029,1.392434	3.365291,3.390525,1.452129	-0.196392,-0.019160,10.772798	3.264277,3.408029,1.392434	3.10909080505
18:40:26	3.277558,3.414952,1.397932	3.345481,3.381438,1.436040	-0.177231,0.275427,10.734478	3.277558,3.414952,1.397932	3.10909080505
18:40:26	3.295586,3.424470,1.404723	3.372205,3.419731,1.407201	0.553250,0.141306,10.286609	3.295586,3.424470,1.404723	3.11964797974
18:40:26	3.317807,3.435842,1.409653	3.390680,3.402236,1.381793	0.308958,0.282612,9.948911	3.317807,3.435842,1.409653	3.1143693924
18:40:26	3.340482,3.448377,1.410261	3.406341,3.435201,1.371119	-0.519719,0.548459,9.457932	3.340482,3.448377,1.410261	3.11964797974
18:40:26	3.363246,3.461329,1.409006	3.421997,3.414483,1.478906	-0.296982,0.239502,10.351274	3.363246,3.461329,1.409006	3.1143693924
18:40:26	3.385573,3.473688,1.409937	3.437718,3.446321,1.378286	0.464634,0.328118,10.626702	3.385573,3.473688,1.409937	3.10909080505
18:40:27	3.406520,3.484028,1.408569	3.455241,3.479747,1.373465	0.011975,0.016765,9.788445	3.406520,3.484028,1.408569	3.10381221771
18:40:27	3.425622,3.491743,1.403947	3.475266,3.466201,1.390989	0.268242,0.361648,10.600356	3.425622,3.491743,1.403947	3.1143693924
18:40:27	3.441582,3.498321,1.400190	3.499403,3.402940,1.408931	0.893342,0.409548,10.636282	3.441582,3.498321,1.400190	3.10909080505
18:40:27	3.454366,3.504259,1.400402	3.529020,3.392580,1.417268	0.227527,0.201182,10.911709	3.454366,3.504259,1.400402	3.09853363037
18:40:27	3.465615,3.506526,1.406438	3.562603,3.386555,1.401782	0.543669,0.265847,10.401570	3.465615,3.506526,1.406438	3.10381221771
18:40:27	3.479182,3.505679,1.414337	3.543148,3.385835,1.369101	0.031135,0.481399,10.118958	3.479182,3.505679,1.414337	3.12492656708
18:40:27	3.496966,3.502387,1.418710	3.569434,3.389380,1.446632	0.443079,-0.318538,10.114167	3.496966,3.502387,1.418710	3.13548374176
18:40:27	3.518003,3.495437,1.423878	3.589790,3.398399,1.432106	0.299377,0.560435,10.597961	3.518003,3.495437,1.423878	3.00879764557
18:40:27	3.542589,3.486171,1.432068	3.605014,3.411805,1.398274	-0.146096,0.126936,10.092612	3.542589,3.486171,1.432068	3.13020515442
18:40:27	3.570127,3.477453,1.436358	3.614414,3.374437,1.475991	0.378413,0.416733,10.176438	3.570127,3.477453,1.436358	3.13548374176
18:40:28	3.597410,3.469887,1.439081	3.622002,3.387491,1.465288	0.311353,0.198787,10.779983	3.597410,3.469887,1.439081	3.09853363037
18:40:28	3.622232,3.462688,1.444120	3.684322,3.398941,1.448122	0.275427,0.438289,10.231523	3.622232,3.462688,1.444120	3.12492656708
18:40:28	3.643054,3.456261,1.450109	3.700097,3.357983,1.423693	0.055085,0.220342,10.753638	3.643054,3.456261,1.450109	3.11964797974
18:40:28	3.659316,3.450748,1.454056	3.723058,3.367320,1.402167	0.275427,0.797542,10.049502	3.659316,3.450748,1.454056	3.13548374176
18:40:28	3.672613,3.444259,1.455717	3.752381,3.376713,1.495711	0.179626,0.306563,10.454260	3.672613,3.444259,1.455717	3.14604091644
18:40:28	3.685910,3.437205,1.458027	3.783739,3.336032,1.489925	0.205972,-0.637075,10.382410	3.685910,3.437205,1.458027	3.10381221771
18:40:28	3.701943,3.431018,1.462484	3.760354,3.346429,1.473415	0.055085,0.462239,10.607542	3.701943,3.431018,1.462484	3.1407623291
18:40:28	3.722483,3.426548,1.466067	3.782594,3.354758,1.455552	0.529299,-0.119751,10.008787	3.722483,3.426548,1.466067	3.14604091644
18:40:28	3.746238,3.423224,1.467406	3.798197,3.308781,1.446037	0.414338,-0.095801,10.128538	3.746238,3.423224,1.467406	3.11964797974
18:40:28	3.771083,3.419843,1.467274	3.810945,3.313736,1.445229	0.392783,0.584385,10.277029	3.771083,3.419843,1.467274	3.1143693924
18:40:29	3.795443,3.414232,1.468550	3.823227,3.320882,1.339485	0.926873,0.629890,10.564431	3.795443,3.414232,1.468550	3.10909080505
18:40:29	3.816965,3.405590,1.465163	3.890385,3.332740,1.338413	0.268242,-0.112566,9.790840	3.816965,3.405590,1.465163	3.13548374176
18:40:29	3.834001,3.394726,1.455645	3.860041,3.297052,1.372625	0.299377,0.337698,10.104587	3.834001,3.394726,1.455645	3.10909080505
18:40:29	3.847928,3.382860,1.447319	3.836121,3.315542,1.412478	0.275427,-0.205972,10.753638	3.847928,3.382860,1.447319	3.10909080505
18:40:29	3.859550,3.370231,1.444373	3.836121,3.315542,1.412478	-0.079036,0.340093,10.897339	3.859550,3.370231,1.444373	3.10381221771
18:40:29	3.866486,3.357498,1.445230	3.836121,3.315542,1.412478	0.232317,0.771196,10.348879	3.866486,3.357498,1.445230	3.1143693924
18:40:29	3.868160,3.346431,1.447073	3.836121,3.315542,1.412478	0.390388,-0.167651,10.447075	3.868160,3.346431,1.447073	3.1143693924
18:40:29	3.866467,3.337574,1.449202	3.836121,3.315542,1.412478	0.093406,0.385598,10.401570	3.866467,3.337574,1.449202	3.1143693924
18:40:29	3.862843,3.332072,1.451280	3.836121,3.315542,1.412478	0.186812,-0.330513,10.545271	3.862843,3.332072,1.451280	3.11964797974
18:40:29	3.858963,3.330407,1.453104	3.836121,3.315542,1.412478	0.589175,0.193997,10.317744	3.858963,3.330407,1.453104	3.1143693924
18:40:30	3.856184,3.332508,1.454830	3.836121,3.315542,1.412478	0.088616,0.558040,9.999207	3.856184,3.332508,1.454830	3.11964797974
18:40:30	3.855657,3.338187,1.456315	3.836121,3.315542,1.412478	0.313748,-0.182021,10.171648	3.855657,3.338187,1.456315	3.11964797974
18:40:30	3.857995,3.346566,1.457953	3.836121,3.315542,1.412478	0.043110,0.320933,10.468630	3.857995,3.346566,1.457953	3.11964797974
18:40:30	3.863148,3.356146,1.459611	3.836121,3.315542,1.412478	0.380808,-0.222737,10.274634	3.863148,3.356146,1.459611	3.1143693924
18:40:30	3.870853,3.364596,1.461176	3.867391,3.361374,1.460731	0.050295,0.404758,10.003997	3.870853,3.364596,1.461176	3.1143693924
18:40:30	3.879790,3.370443,1.455294	3.818384,3.355020,1.398004	0.246687,1.077759,9.232800	3.879790,3.370443,1.455294	3.19882678986
18:40:30	3.888054,3.374994,1.435590	3.813094,3.352159,1.427689	0.011975,0.965193,9.855505	3.888054,3.374994,1.435590	3.18299102783
18:40:30	3.891723,3.381258,1.401690	3.809331,3.348981,1.489579	0.129331,0.011975,9.661509	3.891723,3.381258,1.401690	3.17771244049
18:40:30	3.884570,3.389484,1.356803	3.842459,3.344429,1.579554	0.677791,0.028740,9.534573	3.884570,3.389484,1.356803	3.14604091644
18:40:30	3.863912,3.396988,1.302699	3.851660,3.371461,1.562331	-0.052690,0.086221,9.599238	3.863912,3.396988,1.302699	3.17243385315
18:40:31	3.836828,3.400316,1.241386	3.867161,3.368291,1.562990	0.399968,-0.062271,9.613608	3.836828,3.400316,1.241386	3.17771244049
18:40:31	3.815552,3.401054,1.173902	3.850224,3.399536,1.513854	-0.217947,0.122146,10.209968	3.815552,3.401054,1.173902	3.13020515442
