# Flight Log 
# 25 08 17 - 14:25:11
Time		X,Y,Z				goalX,goalY,goalZ		ddx,ddy,ddz			angularx,angulary,angularz	battery
14:25:11	0.000000,0.000000,0.000000	0.000000,0.000000,0.000000	0.000000,0.000000,0.000000	0.000000,0.000000,0.000000	0
14:25:11	3.119373,1.570286,0.358334	0.000000,0.000000,0.000000	0.000000,0.000000,0.000000	3.119373,1.570286,0.358334	0
14:25:11	3.119365,1.570275,0.358329	3.057325,1.663427,0.587056	0.000000,0.000000,0.000000	3.119365,1.570275,0.358329	0
14:25:11	3.119354,1.570286,0.358327	3.057316,1.663370,0.586972	0.000000,0.000000,0.000000	3.119354,1.570286,0.358327	0
14:25:11	3.119404,1.570179,0.358207	3.057364,1.663300,0.586936	0.000000,0.000000,0.000000	3.119404,1.570179,0.358207	0
14:25:11	3.119344,1.570245,0.358249	3.057372,1.663303,0.586927	0.000000,0.000000,0.000000	3.119344,1.570245,0.358249	0
14:25:11	3.119407,1.570162,0.358198	3.057319,1.663430,0.587052	0.000000,0.000000,0.000000	3.119407,1.570162,0.358198	0
14:25:11	3.119303,1.570342,0.358377	3.057332,1.663420,0.587055	0.000000,0.000000,0.000000	3.119303,1.570342,0.358377	0
14:25:12	3.119378,1.570286,0.358314	3.057270,1.663479,0.587108	0.000000,0.000000,0.000000	3.119378,1.570286,0.358314	0
14:25:12	3.119368,1.570289,0.358332	3.057273,1.663486,0.587092	0.000000,0.000000,0.000000	3.119368,1.570289,0.358332	0
14:25:12	3.119346,1.570239,0.358261	3.057374,1.663311,0.586933	0.000000,0.000000,0.000000	3.119346,1.570239,0.358261	0
14:25:12	3.119403,1.570166,0.358214	3.057383,1.663323,0.586935	0.000000,0.000000,0.000000	3.119403,1.570166,0.358214	0
14:25:12	3.119396,1.570168,0.358233	3.057301,1.663372,0.586974	0.000000,0.000000,0.000000	3.119396,1.570168,0.358233	0
14:25:12	3.119307,1.570355,0.358365	3.057322,1.663411,0.587064	0.000000,0.000000,0.000000	3.119307,1.570355,0.358365	0
14:25:12	3.119367,1.570280,0.358316	3.057326,1.663407,0.587034	0.000000,0.000000,0.000000	3.119367,1.570280,0.358316	0
14:25:12	3.119308,1.570353,0.358370	3.057264,1.663482,0.587127	0.000000,0.000000,0.000000	3.119308,1.570353,0.358370	0
14:25:12	3.119406,1.570186,0.358223	3.057373,1.663303,0.586930	0.000000,0.000000,0.000000	3.119406,1.570186,0.358223	0
14:25:12	3.119412,1.570182,0.358188	3.057374,1.663308,0.586950	0.000000,0.000000,0.000000	3.119412,1.570182,0.358188	0
14:25:13	3.119341,1.570253,0.358276	3.057370,1.663302,0.586937	0.000000,0.000000,0.000000	3.119341,1.570253,0.358276	0
14:25:13	3.119337,1.570245,0.358233	3.057328,1.663419,0.587044	0.000000,0.000000,0.000000	3.119337,1.570245,0.358233	0
14:25:13	3.119307,1.570353,0.358371	3.057334,1.663413,0.587048	0.000000,0.000000,0.000000	3.119307,1.570353,0.358371	0
14:25:13	3.119375,1.570275,0.358327	3.057269,1.663481,0.587091	0.000000,0.000000,0.000000	3.119375,1.570275,0.358327	0
14:25:13	3.119365,1.570292,0.358342	3.057263,1.663488,0.587097	0.000000,0.000000,0.000000	3.119365,1.570292,0.358342	0
14:25:13	3.119361,1.570286,0.358320	3.057316,1.663416,0.587054	0.000000,0.000000,0.000000	3.119361,1.570286,0.358320	0
14:25:13	3.119340,1.570253,0.358233	3.057367,1.663316,0.586928	0.000000,0.000000,0.000000	3.119340,1.570253,0.358233	0
14:25:13	3.119397,1.570170,0.358236	3.057321,1.663431,0.587056	0.000000,0.000000,0.000000	3.119397,1.570170,0.358236	0
14:25:13	3.119292,1.570362,0.358380	3.057320,1.663416,0.587058	0.000000,0.000000,0.000000	3.119292,1.570362,0.358380	0
14:25:13	3.119377,1.570286,0.358333	3.057259,1.663481,0.587087	0.000000,0.000000,0.000000	3.119377,1.570286,0.358333	0
14:25:14	3.119365,1.570287,0.358340	3.057321,1.663408,0.587041	0.000000,0.000000,0.000000	3.119365,1.570287,0.358340	0
14:25:14	3.119348,1.570292,0.358324	3.057364,1.663297,0.586937	0.000000,0.000000,0.000000	3.119348,1.570292,0.358324	0
14:25:14	3.119359,1.570298,0.358348	3.057310,1.663369,0.586981	0.000000,0.000000,0.000000	3.119359,1.570298,0.358348	0
14:25:14	3.119408,1.570175,0.358211	3.057317,1.663417,0.587063	0.000000,0.000000,0.000000	3.119408,1.570175,0.358211	0
14:25:14	3.119369,1.570296,0.358319	3.057317,1.663417,0.587050	0.000000,0.000000,0.000000	3.119369,1.570296,0.358319	0
14:25:14	3.119362,1.570289,0.358323	3.057320,1.663411,0.587048	0.000000,0.000000,0.000000	3.119362,1.570289,0.358323	0
14:25:14	3.119311,1.570356,0.358354	3.057329,1.663412,0.587055	0.000000,0.000000,0.000000	3.119311,1.570356,0.358354	0
14:25:14	3.119362,1.570289,0.358333	3.057330,1.663428,0.587046	0.000000,0.000000,0.000000	3.119362,1.570289,0.358333	0
14:25:14	3.119306,1.570359,0.358369	3.057323,1.663424,0.587054	0.000000,0.000000,0.000000	3.119306,1.570359,0.358369	0
14:25:14	3.119399,1.570174,0.358219	3.057323,1.663432,0.587064	0.000000,0.000000,0.000000	3.119399,1.570174,0.358219	0
14:25:15	3.119334,1.570251,0.358261	3.057366,1.663298,0.586930	0.000000,0.000000,0.000000	3.119334,1.570251,0.358261	0
14:25:15	3.119392,1.570165,0.358208	3.057320,1.663420,0.587063	0.000000,0.000000,0.000000	3.119392,1.570165,0.358208	0
14:25:15	3.119367,1.570295,0.358337	3.057321,1.663412,0.587044	0.000000,0.000000,0.000000	3.119367,1.570295,0.358337	0
14:25:15	3.119294,1.570370,0.358377	3.057326,1.663417,0.587070	0.000000,0.000000,0.000000	3.119294,1.570370,0.358377	0
14:25:15	3.119355,1.570292,0.358338	3.057367,1.663307,0.586932	0.000000,0.000000,0.000000	3.119355,1.570292,0.358338	0
14:25:15	3.119397,1.570165,0.358221	3.057370,1.663309,0.586946	0.000000,0.000000,0.000000	3.119397,1.570165,0.358221	0
14:25:15	3.119400,1.570191,0.358221	3.057360,1.663292,0.586924	0.000000,0.000000,0.000000	3.119400,1.570191,0.358221	0
14:25:15	3.119349,1.570181,0.358148	3.057362,1.663307,0.586940	0.000000,0.000000,0.000000	3.119349,1.570181,0.358148	0
14:25:15	3.119358,1.570298,0.358332	3.057323,1.663428,0.587056	0.000000,0.000000,0.000000	3.119358,1.570298,0.358332	0
14:25:15	3.119366,1.570289,0.358332	3.057318,1.663423,0.587035	0.000000,0.000000,0.000000	3.119366,1.570289,0.358332	0
14:25:16	3.119299,1.570361,0.358389	3.057259,1.663486,0.587111	0.000000,0.000000,0.000000	3.119299,1.570361,0.358389	0
14:25:16	3.119294,1.570357,0.358371	3.057253,1.663507,0.587120	0.000000,0.000000,0.000000	3.119294,1.570357,0.358371	0
14:25:16	3.119330,1.570314,0.358351	3.057360,1.663310,0.586930	0.000000,0.000000,0.000000	3.119330,1.570314,0.358351	0
14:25:16	3.119355,1.570281,0.358332	3.057310,1.663412,0.587053	0.000000,0.000000,0.000000	3.119355,1.570281,0.358332	0
14:25:16	3.119360,1.570280,0.358329	3.057241,1.663464,0.587131	0.000000,0.000000,0.000000	3.119360,1.570280,0.358329	0
14:25:16	3.119366,1.570290,0.358332	3.057311,1.663429,0.587063	0.000000,0.000000,0.000000	3.119366,1.570290,0.358332	0
14:25:16	3.119363,1.570290,0.358349	3.057320,1.663416,0.587061	0.000000,0.000000,0.000000	3.119363,1.570290,0.358349	0
14:25:16	3.119306,1.570367,0.358387	3.057318,1.663423,0.587068	0.000000,0.000000,0.000000	3.119306,1.570367,0.358387	0
14:25:16	3.119340,1.570244,0.358259	3.057263,1.663486,0.587115	0.000000,0.000000,0.000000	3.119340,1.570244,0.358259	0
14:25:16	3.119355,1.570288,0.358323	3.057320,1.663415,0.587053	0.000000,0.000000,0.000000	3.119355,1.570288,0.358323	0
14:25:17	3.119347,1.570254,0.358258	3.057318,1.663423,0.587061	0.000000,0.000000,0.000000	3.119347,1.570254,0.358258	0
14:25:17	3.119366,1.570286,0.358331	3.057265,1.663470,0.587090	0.000000,0.000000,0.000000	3.119366,1.570286,0.358331	0
14:25:17	3.119299,1.570354,0.358383	3.057263,1.663488,0.587110	0.000000,0.000000,0.000000	3.119299,1.570354,0.358383	0
14:25:17	3.119297,1.570362,0.358364	3.057325,1.663425,0.587065	0.000000,0.000000,0.000000	3.119297,1.570362,0.358364	0
14:25:17	3.119362,1.570289,0.358335	3.057368,1.663299,0.586917	0.000000,0.000000,0.000000	3.119362,1.570289,0.358335	0
14:25:17	3.119365,1.570295,0.358346	3.057322,1.663421,0.587056	0.000000,0.000000,0.000000	3.119365,1.570295,0.358346	0
14:25:17	3.119360,1.570305,0.358352	3.057266,1.663487,0.587095	0.000000,0.000000,0.000000	3.119360,1.570305,0.358352	0
14:25:17	3.119363,1.570291,0.358334	3.057319,1.663422,0.587061	0.000000,0.000000,0.000000	3.119363,1.570291,0.358334	0
14:25:17	3.119399,1.570173,0.358228	3.057318,1.663423,0.587054	0.000000,0.000000,0.000000	3.119399,1.570173,0.358228	0
14:25:17	3.119407,1.570176,0.358219	3.057315,1.663425,0.587064	0.000000,0.000000,0.000000	3.119407,1.570176,0.358219	0
14:25:18	3.119410,1.570166,0.358216	3.057324,1.663422,0.587054	0.000000,0.000000,0.000000	3.119410,1.570166,0.358216	0
14:25:18	3.119300,1.570365,0.358375	3.057329,1.663419,0.587055	0.000000,0.000000,0.000000	3.119300,1.570365,0.358375	0
14:25:18	3.119360,1.570289,0.358341	3.057315,1.663418,0.587057	0.000000,0.000000,0.000000	3.119360,1.570289,0.358341	0
14:25:18	3.119362,1.570299,0.358351	3.057358,1.663306,0.586931	0.000000,0.000000,0.000000	3.119362,1.570299,0.358351	0
14:25:18	3.119365,1.570294,0.358358	3.057306,1.663381,0.586991	0.000000,0.000000,0.000000	3.119365,1.570294,0.358358	0
14:25:18	3.119333,1.570248,0.358243	3.057303,1.663369,0.586973	0.000000,0.000000,0.000000	3.119333,1.570248,0.358243	0
14:25:18	3.119357,1.570290,0.358350	3.057322,1.663410,0.587059	0.000000,0.000000,0.000000	3.119357,1.570290,0.358350	0
14:25:18	3.119362,1.570285,0.358348	3.057322,1.663410,0.587065	0.000000,0.000000,0.000000	3.119362,1.570285,0.358348	0
14:25:18	3.119373,1.570290,0.358352	3.057318,1.663419,0.587060	0.000000,0.000000,0.000000	3.119373,1.570290,0.358352	0
14:25:18	3.119301,1.570364,0.358388	3.057214,1.663470,0.587144	0.000000,0.000000,0.000000	3.119301,1.570364,0.358388	0
14:25:19	3.119414,1.570179,0.358214	3.057231,1.663471,0.587138	0.000000,0.000000,0.000000	3.119414,1.570179,0.358214	0
14:25:19	3.119366,1.570287,0.358354	3.057319,1.663409,0.587043	0.000000,0.000000,0.000000	3.119366,1.570287,0.358354	0
14:25:19	3.119373,1.570278,0.358342	3.057329,1.663412,0.587061	0.000000,0.000000,0.000000	3.119373,1.570278,0.358342	0
14:25:19	3.119304,1.570359,0.358367	3.057321,1.663414,0.587042	0.000000,0.000000,0.000000	3.119304,1.570359,0.358367	0
14:25:19	3.119357,1.570292,0.358348	3.057320,1.663420,0.587060	0.000000,0.000000,0.000000	3.119357,1.570292,0.358348	0
14:25:19	3.119398,1.570171,0.358222	3.057266,1.663492,0.587114	0.000000,0.000000,0.000000	3.119398,1.570171,0.358222	0
14:25:19	3.119355,1.570286,0.358341	3.057260,1.663492,0.587100	0.000000,0.000000,0.000000	3.119355,1.570286,0.358341	0
14:25:19	3.119288,1.570360,0.358385	3.057312,1.663422,0.587055	0.000000,0.000000,0.000000	3.119288,1.570360,0.358385	0
14:25:19	3.119362,1.570284,0.358351	3.057255,1.663490,0.587112	0.000000,0.000000,0.000000	3.119362,1.570284,0.358351	0
14:25:19	3.119366,1.570280,0.358343	3.057320,1.663421,0.587064	0.000000,0.000000,0.000000	3.119366,1.570280,0.358343	0
14:25:20	3.119299,1.570372,0.358381	3.057320,1.663421,0.587065	0.000000,0.000000,0.000000	3.119299,1.570372,0.358381	0
14:25:20	3.119370,1.570289,0.358334	3.057367,1.663308,0.586941	0.000000,0.000000,0.000000	3.119370,1.570289,0.358334	0
14:25:20	3.119396,1.570183,0.358223	3.057323,1.663425,0.587059	0.000000,0.000000,0.000000	3.119396,1.570183,0.358223	0
14:25:20	3.119359,1.570282,0.358342	3.057323,1.663407,0.587053	0.000000,0.000000,0.000000	3.119359,1.570282,0.358342	0
14:25:20	3.119204,1.570409,0.358461	3.057329,1.663416,0.587051	0.000000,0.000000,0.000000	3.119204,1.570409,0.358461	0
14:25:20	3.119295,1.570363,0.358392	3.057328,1.663410,0.587052	0.000000,0.000000,0.000000	3.119295,1.570363,0.358392	0
14:25:20	3.119365,1.570292,0.358346	3.057319,1.663415,0.587064	0.000000,0.000000,0.000000	3.119365,1.570292,0.358346	0
14:25:20	3.119359,1.570292,0.358357	3.057369,1.663302,0.586938	0.000000,0.000000,0.000000	3.119359,1.570292,0.358357	0
14:25:20	3.119339,1.570240,0.358270	3.057359,1.663300,0.586945	0.000000,0.000000,0.000000	3.119339,1.570240,0.358270	0
14:25:20	3.119299,1.570352,0.358388	3.057260,1.663484,0.587109	0.000000,0.000000,0.000000	3.119299,1.570352,0.358388	0
14:25:21	3.119308,1.570355,0.358383	3.057323,1.663408,0.587061	0.000000,0.000000,0.000000	3.119308,1.570355,0.358383	0
14:25:21	3.119364,1.570282,0.358345	3.057260,1.663486,0.587118	0.000000,0.000000,0.000000	3.119364,1.570282,0.358345	0
14:25:21	3.119376,1.570282,0.358357	3.057300,1.663371,0.586995	0.000000,0.000000,0.000000	3.119376,1.570282,0.358357	0
14:25:21	3.119405,1.570164,0.358225	3.057318,1.663429,0.587073	0.000000,0.000000,0.000000	3.119405,1.570164,0.358225	0
14:25:21	3.119353,1.570289,0.358339	3.057324,1.663422,0.587070	0.000000,0.000000,0.000000	3.119353,1.570289,0.358339	0
14:25:21	3.119293,1.570361,0.358386	3.057329,1.663407,0.587056	0.000000,0.000000,0.000000	3.119293,1.570361,0.358386	0
14:25:21	3.119298,1.570355,0.358388	3.057265,1.663488,0.587111	0.000000,0.000000,0.000000	3.119298,1.570355,0.358388	0
14:25:21	3.119293,1.570360,0.358398	3.057324,1.663425,0.587061	0.000000,0.000000,0.000000	3.119293,1.570360,0.358398	0
14:25:21	3.119359,1.570284,0.358344	3.057358,1.663298,0.586936	0.000000,0.000000,0.000000	3.119359,1.570284,0.358344	0
14:25:21	3.119285,1.570369,0.358400	3.057262,1.663484,0.587115	0.000000,0.000000,0.000000	3.119285,1.570369,0.358400	0
14:25:22	3.119364,1.570296,0.358354	3.057320,1.663413,0.587069	0.000000,0.000000,0.000000	3.119364,1.570296,0.358354	0
14:25:22	3.119359,1.570288,0.358345	3.057250,1.663489,0.587118	0.000000,0.000000,0.000000	3.119359,1.570288,0.358345	0
14:25:22	3.119348,1.570292,0.358347	3.057360,1.663315,0.586940	0.000000,0.000000,0.000000	3.119348,1.570292,0.358347	0
14:25:22	3.119358,1.570302,0.358351	3.057169,1.663523,0.587169	0.000000,0.000000,0.000000	3.119358,1.570302,0.358351	0
14:25:22	3.119362,1.570285,0.358357	3.057321,1.663428,0.587078	0.000000,0.000000,0.000000	3.119362,1.570285,0.358357	0
14:25:22	3.119357,1.570296,0.358349	3.057258,1.663494,0.587110	0.000000,0.000000,0.000000	3.119357,1.570296,0.358349	0
14:25:22	3.119360,1.570276,0.358339	3.057322,1.663421,0.587071	0.000000,0.000000,0.000000	3.119360,1.570276,0.358339	0
14:25:22	3.119300,1.570359,0.358380	3.057319,1.663426,0.587076	0.000000,0.000000,0.000000	3.119300,1.570359,0.358380	0
14:25:22	3.119306,1.570349,0.358387	3.057319,1.663421,0.587081	0.000000,0.000000,0.000000	3.119306,1.570349,0.358387	0
14:25:22	3.119298,1.570362,0.358387	3.057359,1.663297,0.586942	0.000000,0.000000,0.000000	3.119298,1.570362,0.358387	0
14:25:23	3.119293,1.570374,0.358382	3.057259,1.663495,0.587104	0.000000,0.000000,0.000000	3.119293,1.570374,0.358382	0
14:25:23	3.119363,1.570282,0.358358	3.057324,1.663415,0.587061	0.000000,0.000000,0.000000	3.119363,1.570282,0.358358	0
14:25:23	3.119356,1.570280,0.358344	3.057324,1.663414,0.587058	0.000000,0.000000,0.000000	3.119356,1.570280,0.358344	0
14:25:23	3.119369,1.570292,0.358360	3.057322,1.663420,0.587054	0.000000,0.000000,0.000000	3.119369,1.570292,0.358360	0
14:25:23	3.119352,1.570294,0.358354	3.057366,1.663310,0.586953	0.000000,0.000000,0.000000	3.119352,1.570294,0.358354	0
14:25:23	3.119410,1.570170,0.358229	3.057321,1.663422,0.587077	0.000000,0.000000,0.000000	3.119410,1.570170,0.358229	0
14:25:23	3.119297,1.570367,0.358399	3.057325,1.663420,0.587067	0.000000,0.000000,0.000000	3.119297,1.570367,0.358399	0
14:25:23	3.119302,1.570361,0.358399	3.057322,1.663420,0.587068	0.000000,0.000000,0.000000	3.119302,1.570361,0.358399	0
14:25:23	3.119362,1.570281,0.358348	3.057317,1.663421,0.587069	0.000000,0.000000,0.000000	3.119362,1.570281,0.358348	0
14:25:23	3.119370,1.570280,0.358344	3.057320,1.663429,0.587073	0.000000,0.000000,0.000000	3.119370,1.570280,0.358344	0
14:25:24	3.119409,1.570160,0.358230	3.057369,1.663305,0.586942	0.000000,0.000000,0.000000	3.119409,1.570160,0.358230	0
14:25:24	3.119305,1.570353,0.358401	3.057371,1.663301,0.586951	0.000000,0.000000,0.000000	3.119305,1.570353,0.358401	0
14:25:24	3.119369,1.570294,0.358358	3.057265,1.663487,0.587101	0.000000,0.000000,0.000000	3.119369,1.570294,0.358358	0
14:25:24	3.119303,1.570346,0.358397	3.057320,1.663411,0.587059	0.000000,0.000000,0.000000	3.119303,1.570346,0.358397	0
14:25:24	3.119363,1.570286,0.358354	3.057325,1.663417,0.587065	0.000000,0.000000,0.000000	3.119363,1.570286,0.358354	0
14:25:24	3.119359,1.570292,0.358355	3.057365,1.663291,0.586942	0.000000,0.000000,0.000000	3.119359,1.570292,0.358355	0
14:25:24	3.119339,1.570242,0.358281	3.057323,1.663421,0.587072	0.000000,0.000000,0.000000	3.119339,1.570242,0.358281	0
14:25:24	3.119344,1.570247,0.358266	3.057257,1.663484,0.587119	0.000000,0.000000,0.000000	3.119344,1.570247,0.358266	0
14:25:24	3.119365,1.570285,0.358347	3.057244,1.663456,0.587123	0.000000,0.000000,0.000000	3.119365,1.570285,0.358347	0
14:25:24	3.119364,1.570280,0.358342	3.057321,1.663418,0.587069	0.000000,0.000000,0.000000	3.119364,1.570280,0.358342	0
14:25:25	3.119353,1.570286,0.358357	3.057324,1.663416,0.587071	0.000000,0.000000,0.000000	3.119353,1.570286,0.358357	0
14:25:25	3.119354,1.570295,0.358349	3.057313,1.663414,0.587074	0.000000,0.000000,0.000000	3.119354,1.570295,0.358349	0
14:25:25	3.119295,1.570357,0.358391	3.057319,1.663413,0.587079	0.000000,0.000000,0.000000	3.119295,1.570357,0.358391	0
14:25:25	3.119363,1.570279,0.358345	3.057323,1.663417,0.587072	0.000000,0.000000,0.000000	3.119363,1.570279,0.358345	0
14:25:25	3.119359,1.570286,0.358357	3.057363,1.663297,0.586952	0.000000,0.000000,0.000000	3.119359,1.570286,0.358357	0
14:25:25	3.119360,1.570284,0.358342	3.057314,1.663406,0.587069	0.000000,0.000000,0.000000	3.119360,1.570284,0.358342	0
14:25:25	3.119361,1.570284,0.358351	3.057261,1.663483,0.587113	0.000000,0.000000,0.000000	3.119361,1.570284,0.358351	0
14:25:25	3.119284,1.570319,0.358414	3.057324,1.663418,0.587070	0.000000,0.000000,0.000000	3.119284,1.570319,0.358414	0
14:25:25	3.119287,1.570363,0.358396	3.057257,1.663490,0.587121	0.000000,0.000000,0.000000	3.119287,1.570363,0.358396	0
14:25:25	3.119350,1.570293,0.358358	3.057316,1.663424,0.587067	0.000000,0.000000,0.000000	3.119350,1.570293,0.358358	0
14:25:26	3.119300,1.570363,0.358382	3.057247,1.663486,0.587124	0.000000,0.000000,0.000000	3.119300,1.570363,0.358382	0
14:25:26	3.119359,1.570285,0.358344	3.057262,1.663482,0.587121	0.000000,0.000000,0.000000	3.119359,1.570285,0.358344	0
14:25:26	3.119360,1.570283,0.358352	3.057315,1.663420,0.587086	0.000000,0.000000,0.000000	3.119360,1.570283,0.358352	0
14:25:26	3.119206,1.570401,0.358460	3.057319,1.663421,0.587083	0.000000,0.000000,0.000000	3.119206,1.570401,0.358460	0
14:25:26	3.119294,1.570359,0.358403	3.057318,1.663419,0.587068	0.000000,0.000000,0.000000	3.119294,1.570359,0.358403	0
14:25:26	3.119288,1.570363,0.358394	3.057316,1.663420,0.587069	0.000000,0.000000,0.000000	3.119288,1.570363,0.358394	0
14:25:26	3.119359,1.570290,0.358363	3.057255,1.663489,0.587121	0.000000,0.000000,0.000000	3.119359,1.570290,0.358363	0
14:25:26	3.119348,1.570280,0.358349	3.057313,1.663408,0.587071	0.000000,0.000000,0.000000	3.119348,1.570280,0.358349	0
14:25:26	3.119362,1.570290,0.358345	3.057256,1.663492,0.587114	0.000000,0.000000,0.000000	3.119362,1.570290,0.358345	0
14:25:26	3.119294,1.570374,0.358395	3.057318,1.663412,0.587063	0.000000,0.000000,0.000000	3.119294,1.570374,0.358395	0
14:25:27	3.119364,1.570286,0.358356	3.057310,1.663435,0.587085	0.000000,0.000000,0.000000	3.119364,1.570286,0.358356	0
14:25:27	3.119294,1.570371,0.358400	3.057251,1.663489,0.587110	0.000000,0.000000,0.000000	3.119294,1.570371,0.358400	0
14:25:27	3.119363,1.570294,0.358351	3.057260,1.663486,0.587114	0.000000,0.000000,0.000000	3.119363,1.570294,0.358351	0
14:25:27	3.119296,1.570359,0.358398	3.057257,1.663488,0.587115	0.000000,0.000000,0.000000	3.119296,1.570359,0.358398	0
14:25:27	3.119359,1.570295,0.358362	3.057319,1.663413,0.587068	0.000000,0.000000,0.000000	3.119359,1.570295,0.358362	0
14:25:27	3.119360,1.570288,0.358347	3.057315,1.663419,0.587065	0.000000,0.000000,0.000000	3.119360,1.570288,0.358347	0
14:25:27	3.119353,1.570302,0.358362	3.057350,1.663303,0.586943	0.000000,0.000000,0.000000	3.119353,1.570302,0.358362	0
14:25:27	3.119355,1.570294,0.358356	3.057322,1.663415,0.587067	0.000000,0.000000,0.000000	3.119355,1.570294,0.358356	0
14:25:27	3.119361,1.570281,0.358361	3.057263,1.663489,0.587120	0.000000,0.000000,0.000000	3.119361,1.570281,0.358361	0
14:25:27	3.119358,1.570294,0.358356	3.057327,1.663416,0.587074	0.000000,0.000000,0.000000	3.119358,1.570294,0.358356	0
14:25:28	3.119368,1.570279,0.358349	3.057321,1.663417,0.587075	0.000000,0.000000,0.000000	3.119368,1.570279,0.358349	0
14:25:28	3.119394,1.570173,0.358231	3.057319,1.663415,0.587066	0.000000,0.000000,0.000000	3.119394,1.570173,0.358231	0
14:25:28	3.119290,1.570365,0.358399	3.057257,1.663493,0.587122	0.000000,0.000000,0.000000	3.119290,1.570365,0.358399	0
14:25:28	3.119299,1.570357,0.358388	3.057316,1.663428,0.587077	0.000000,0.000000,0.000000	3.119299,1.570357,0.358388	0
14:25:28	3.119358,1.570287,0.358347	3.057312,1.663422,0.587074	0.000000,0.000000,0.000000	3.119358,1.570287,0.358347	0
14:25:28	3.119301,1.570355,0.358410	3.057259,1.663481,0.587114	0.000000,0.000000,0.000000	3.119301,1.570355,0.358410	0
14:25:28	3.119365,1.570290,0.358373	3.057261,1.663488,0.587124	0.000000,0.000000,0.000000	3.119365,1.570290,0.358373	0
14:25:28	3.119340,1.570245,0.358279	3.057308,1.663375,0.587015	0.000000,0.000000,0.000000	3.119340,1.570245,0.358279	0
14:25:28	3.119401,1.570176,0.358220	3.057313,1.663420,0.587070	0.000000,0.000000,0.000000	3.119401,1.570176,0.358220	0
14:25:28	3.119351,1.570279,0.358364	3.057258,1.663485,0.587124	0.000000,0.000000,0.000000	3.119351,1.570279,0.358364	0
14:25:29	3.119368,1.570281,0.358356	3.057324,1.663409,0.587074	0.000000,0.000000,0.000000	3.119368,1.570281,0.358356	0
14:25:29	3.119349,1.570293,0.358358	3.057322,1.663419,0.587070	0.000000,0.000000,0.000000	3.119349,1.570293,0.358358	0
14:25:29	3.119352,1.570290,0.358352	3.057352,1.663304,0.586951	0.000000,0.000000,0.000000	3.119352,1.570290,0.358352	0
14:25:29	3.119411,1.570173,0.358242	3.057317,1.663435,0.587080	0.000000,0.000000,0.000000	3.119411,1.570173,0.358242	0
14:25:29	3.119289,1.570358,0.358409	3.057321,1.663412,0.587063	0.000000,0.000000,0.000000	3.119289,1.570358,0.358409	0
14:25:29	3.119356,1.570290,0.358352	3.057321,1.663418,0.587076	0.000000,0.000000,0.000000	3.119356,1.570290,0.358352	0
14:25:29	3.119293,1.570356,0.358391	3.057314,1.663422,0.587075	0.000000,0.000000,0.000000	3.119293,1.570356,0.358391	0
14:25:29	3.119362,1.570297,0.358370	3.057291,1.663378,0.586995	0.000000,0.000000,0.000000	3.119362,1.570297,0.358370	0
14:25:29	3.119396,1.570169,0.358240	3.057319,1.663430,0.587087	0.000000,0.000000,0.000000	3.119396,1.570169,0.358240	0
14:25:29	3.119357,1.570295,0.358362	3.057319,1.663429,0.587083	0.000000,0.000000,0.000000	3.119357,1.570295,0.358362	0
14:25:30	3.119268,1.570339,0.358419	3.057321,1.663417,0.587074	0.000000,0.000000,0.000000	3.119268,1.570339,0.358419	0
14:25:30	3.119357,1.570290,0.358357	3.057230,1.663472,0.587130	0.000000,0.000000,0.000000	3.119357,1.570290,0.358357	0
14:25:30	3.119354,1.570301,0.358372	3.057329,1.663418,0.587059	0.000000,0.000000,0.000000	3.119354,1.570301,0.358372	0
14:25:30	3.119270,1.570324,0.358423	3.057315,1.663423,0.587076	0.000000,0.000000,0.000000	3.119270,1.570324,0.358423	0
14:25:30	3.119355,1.570292,0.358362	3.057315,1.663418,0.587074	0.000000,0.000000,0.000000	3.119355,1.570292,0.358362	0
14:25:30	3.119356,1.570290,0.358353	3.057235,1.663448,0.587147	0.000000,0.000000,0.000000	3.119356,1.570290,0.358353	0
14:25:30	3.119360,1.570285,0.358363	3.057319,1.663420,0.587070	0.000000,0.000000,0.000000	3.119360,1.570285,0.358363	0
14:25:30	3.119349,1.570294,0.358374	3.057256,1.663490,0.587125	0.000000,0.000000,0.000000	3.119349,1.570294,0.358374	0
14:25:30	3.119366,1.570280,0.358353	3.057353,1.663304,0.586964	0.000000,0.000000,0.000000	3.119366,1.570280,0.358353	0
14:25:30	3.119346,1.570294,0.358352	3.057311,1.663417,0.587080	0.000000,0.000000,0.000000	3.119346,1.570294,0.358352	0
14:25:31	3.119354,1.570287,0.358356	3.057312,1.663420,0.587075	0.000000,0.000000,0.000000	3.119354,1.570287,0.358356	0
14:25:31	3.119348,1.570294,0.358365	3.057316,1.663423,0.587076	0.000000,0.000000,0.000000	3.119348,1.570294,0.358365	0
14:25:31	3.119397,1.570169,0.358241	3.057236,1.663465,0.587139	0.000000,0.000000,0.000000	3.119397,1.570169,0.358241	0
14:25:31	3.119354,1.570293,0.358364	3.057296,1.663364,0.587006	0.000000,0.000000,0.000000	3.119354,1.570293,0.358364	0
14:25:31	3.119358,1.570292,0.358361	3.057317,1.663423,0.587072	0.000000,0.000000,0.000000	3.119358,1.570292,0.358361	0
14:25:31	3.119362,1.570289,0.358359	3.057317,1.663414,0.587076	0.000000,0.000000,0.000000	3.119362,1.570289,0.358359	0
14:25:31	3.119399,1.570166,0.358236	3.057252,1.663485,0.587118	0.000000,0.000000,0.000000	3.119399,1.570166,0.358236	0
14:25:31	3.119359,1.570292,0.358360	3.057361,1.663298,0.586939	0.000000,0.000000,0.000000	3.119359,1.570292,0.358360	0
14:25:31	3.119367,1.570295,0.358365	3.057246,1.663493,0.587124	0.000000,0.000000,0.000000	3.119367,1.570295,0.358365	0
14:25:31	3.119288,1.570370,0.358404	3.057311,1.663426,0.587077	0.000000,0.000000,0.000000	3.119288,1.570370,0.358404	0
14:25:32	3.119356,1.570292,0.358356	3.057295,1.663431,0.587082	0.000000,0.000000,0.000000	3.119356,1.570292,0.358356	0
14:25:32	3.119349,1.570287,0.358364	3.057311,1.663416,0.587079	0.000000,0.000000,0.000000	3.119349,1.570287,0.358364	0
14:25:32	3.119351,1.570290,0.358366	3.057355,1.663305,0.586960	0.000000,0.000000,0.000000	3.119351,1.570290,0.358366	0
14:25:32	3.119328,1.570252,0.358276	3.057315,1.663427,0.587096	0.000000,0.000000,0.000000	3.119328,1.570252,0.358276	0
14:25:32	3.119395,1.570174,0.358231	3.057313,1.663421,0.587079	0.000000,0.000000,0.000000	3.119395,1.570174,0.358231	0
14:25:32	3.119291,1.570363,0.358402	3.057315,1.663417,0.587086	0.000000,0.000000,0.000000	3.119291,1.570363,0.358402	0
14:25:32	3.119349,1.570298,0.358357	3.057322,1.663423,0.587082	0.000000,0.000000,0.000000	3.119349,1.570298,0.358357	0
14:25:32	3.119354,1.570284,0.358363	3.057223,1.663503,0.587147	0.000000,0.000000,0.000000	3.119354,1.570284,0.358363	0
14:25:32	3.119261,1.570336,0.358434	3.057350,1.663306,0.586952	0.000000,0.000000,0.000000	3.119261,1.570336,0.358434	0
14:25:32	3.119205,1.570404,0.358468	3.057302,1.663431,0.587086	0.000000,0.000000,0.000000	3.119205,1.570404,0.358468	0
14:25:33	3.119356,1.570279,0.358369	3.057311,1.663414,0.587085	0.000000,0.000000,0.000000	3.119356,1.570279,0.358369	0
14:25:33	3.119291,1.570359,0.358412	3.057312,1.663415,0.587083	0.000000,0.000000,0.000000	3.119291,1.570359,0.358412	0
14:25:33	3.119351,1.570287,0.358365	3.057310,1.663416,0.587070	0.000000,0.000000,0.000000	3.119351,1.570287,0.358365	0
14:25:33	3.119196,1.570405,0.358483	3.057311,1.663431,0.587088	0.000000,0.000000,0.000000	3.119196,1.570405,0.358483	0
14:25:33	3.119394,1.570182,0.358238	3.057352,1.663306,0.586969	0.000000,0.000000,0.000000	3.119394,1.570182,0.358238	0
14:25:33	3.119355,1.570284,0.358360	3.057318,1.663420,0.587095	0.000000,0.000000,0.000000	3.119355,1.570284,0.358360	0
14:25:33	3.119350,1.570282,0.358360	3.057313,1.663427,0.587076	0.000000,0.000000,0.000000	3.119350,1.570282,0.358360	0
14:25:33	3.119208,1.570393,0.358476	3.057320,1.663421,0.587081	0.000000,0.000000,0.000000	3.119208,1.570393,0.358476	0
14:25:33	3.119291,1.570365,0.358411	3.057344,1.663309,0.586959	0.000000,0.000000,0.000000	3.119291,1.570365,0.358411	0
14:25:33	3.119282,1.570362,0.358417	3.057301,1.663432,0.587101	0.000000,0.000000,0.000000	3.119282,1.570362,0.358417	0
14:25:34	3.119395,1.570182,0.358254	3.057245,1.663494,0.587131	0.000000,0.000000,0.000000	3.119395,1.570182,0.358254	0
14:25:34	3.119346,1.570286,0.358365	3.057305,1.663420,0.587079	0.000000,0.000000,0.000000	3.119346,1.570286,0.358365	0
14:25:34	3.119286,1.570368,0.358419	3.057319,1.663420,0.587086	0.000000,0.000000,0.000000	3.119286,1.570368,0.358419	0
14:25:34	3.119351,1.570295,0.358358	3.057307,1.663416,0.587090	0.000000,0.000000,0.000000	3.119351,1.570295,0.358358	0
14:25:34	3.119352,1.570290,0.358378	3.057306,1.663430,0.587088	0.000000,0.000000,0.000000	3.119352,1.570290,0.358378	0
14:25:34	3.119354,1.570291,0.358372	3.057309,1.663428,0.587099	0.000000,0.000000,0.000000	3.119354,1.570291,0.358372	0
14:25:34	3.119350,1.570294,0.358373	3.057315,1.663423,0.587084	0.000000,0.000000,0.000000	3.119350,1.570294,0.358373	0
14:25:34	3.119347,1.570293,0.358366	3.057250,1.663484,0.587130	0.000000,0.000000,0.000000	3.119347,1.570293,0.358366	0
14:25:34	3.119302,1.570363,0.358408	3.057306,1.663410,0.587083	0.000000,0.000000,0.000000	3.119302,1.570363,0.358408	0
14:25:34	3.119353,1.570291,0.358370	3.057351,1.663307,0.586963	0.000000,0.000000,0.000000	3.119353,1.570291,0.358370	0
14:25:35	3.119400,1.570173,0.358241	3.057235,1.663464,0.587139	0.000000,0.000000,0.000000	3.119400,1.570173,0.358241	0
14:25:35	3.119281,1.570359,0.358423	3.057310,1.663427,0.587087	0.000000,0.000000,0.000000	3.119281,1.570359,0.358423	0
14:25:35	3.119262,1.570326,0.358440	3.057310,1.663419,0.587093	0.000000,0.000000,0.000000	3.119262,1.570326,0.358440	0
14:25:35	3.119349,1.570286,0.358374	3.057233,1.663461,0.587148	0.000000,0.000000,0.000000	3.119349,1.570286,0.358374	0
14:25:35	3.119290,1.570368,0.358416	3.057255,1.663478,0.587131	0.000000,0.000000,0.000000	3.119290,1.570368,0.358416	0
14:25:35	3.119347,1.570301,0.358369	3.057311,1.663423,0.587084	0.000000,0.000000,0.000000	3.119347,1.570301,0.358369	0
14:25:35	3.119344,1.570300,0.358362	3.057249,1.663491,0.587134	0.000000,0.000000,0.000000	3.119344,1.570300,0.358362	0
14:25:35	3.119351,1.570289,0.358370	3.057249,1.663496,0.587133	0.000000,0.000000,0.000000	3.119351,1.570289,0.358370	0
14:25:35	3.119355,1.570284,0.358370	3.057305,1.663419,0.587081	0.000000,0.000000,0.000000	3.119355,1.570284,0.358370	0
14:25:35	3.119357,1.570295,0.358360	3.057306,1.663419,0.587075	0.000000,0.000000,0.000000	3.119357,1.570295,0.358360	0
14:25:36	3.119388,1.570168,0.358241	3.057164,1.663545,0.587215	0.000000,0.000000,0.000000	3.119388,1.570168,0.358241	0
14:25:36	3.119344,1.570297,0.358363	3.057245,1.663498,0.587132	0.000000,0.000000,0.000000	3.119344,1.570297,0.358363	0
14:25:36	3.119349,1.570282,0.358367	3.057314,1.663417,0.587090	0.000000,0.000000,0.000000	3.119349,1.570282,0.358367	0
