# Flight Log 
# 25 08 17 - 16:26:56
Time		X,Y,Z				goalX,goalY,goalZ		ddx,ddy,ddz			angularx,angulary,angularz	battery
16:26:56	0.000000,0.000000,0.000000	0.000000,0.000000,0.000000	0.000000,0.000000,0.000000	0.000000,0.000000,0.000000	0
16:26:56	0.000000,0.000000,0.000000	0.000000,0.000000,0.000000	0.000000,0.000000,0.000000	0.000000,0.000000,0.000000	0
16:26:56	0.690981,0.813666,0.411380	0.762598,0.856849,0.684190	-0.088616,0.102986,10.272239	0.690981,0.813666,0.411380	3.82170081139
16:26:56	0.691014,0.813666,0.411347	0.762556,0.856902,0.684151	-0.091011,0.098196,10.286609	0.691014,0.813666,0.411347	3.82170081139
16:26:56	0.691008,0.813672,0.411359	0.762601,0.856847,0.684178	-0.091011,0.105381,10.277029	0.691008,0.813672,0.411359	3.82170081139
16:26:56	0.690977,0.813673,0.411377	0.762613,0.856843,0.684180	-0.088616,0.105381,10.277029	0.690977,0.813673,0.411377	3.82170081139
16:26:56	0.691002,0.813665,0.411359	0.762600,0.856859,0.684186	-0.093406,0.102986,10.284214	0.691002,0.813665,0.411359	3.82170081139
16:26:57	0.691269,0.813711,0.410949	0.762596,0.856842,0.684185	-0.091011,0.100591,10.277029	0.691269,0.813711,0.410949	3.82170081139
16:26:57	0.691004,0.813663,0.411366	0.762610,0.856846,0.684170	-0.086221,0.098196,10.272239	0.691004,0.813663,0.411366	3.82170081139
16:26:57	0.691008,0.813661,0.411356	0.762598,0.856846,0.684194	-0.093406,0.100591,10.281819	0.691008,0.813661,0.411356	3.82170081139
16:26:57	0.691007,0.813662,0.411358	0.762597,0.856856,0.684184	-0.091011,0.095801,10.265054	0.691007,0.813662,0.411358	3.82170081139
16:26:57	0.690995,0.813665,0.411341	0.762611,0.856852,0.684180	-0.088616,0.093406,10.274634	0.690995,0.813665,0.411341	3.82170081139
16:26:57	0.691017,0.813668,0.411338	0.762607,0.856849,0.684195	-0.093406,0.102986,10.284214	0.691017,0.813668,0.411338	3.82170081139
16:26:57	0.690989,0.813675,0.411361	0.762614,0.856849,0.684179	-0.088616,0.098196,10.277029	0.690989,0.813675,0.411361	3.82170081139
16:26:57	0.691029,0.813665,0.411344	0.762795,0.856871,0.683869	-0.093406,0.095801,10.286609	0.691029,0.813665,0.411344	3.82170081139
16:26:57	0.690923,0.813735,0.411355	0.762612,0.856839,0.684176	-0.091011,0.095801,10.274634	0.690923,0.813735,0.411355	3.82170081139
16:26:57	0.690988,0.813668,0.411361	0.762596,0.856857,0.684196	-0.091011,0.100591,10.269844	0.690988,0.813668,0.411361	3.82170081139
16:26:58	0.691281,0.813704,0.410937	0.762548,0.856897,0.684173	-0.086221,0.105381,10.277029	0.691281,0.813704,0.410937	3.82170081139
16:26:58	0.691002,0.813667,0.411360	0.675834,0.805155,0.729476	-0.088616,0.095801,10.281819	0.691002,0.813667,0.411360	3.82170081139
16:26:58	0.691019,0.813664,0.411346	0.677236,0.881323,0.700040	-0.093406,0.098196,10.289004	0.691019,0.813664,0.411346	3.82170081139
16:26:58	0.690987,0.813670,0.411371	0.712229,0.907157,0.667557	-0.088616,0.093406,10.279424	0.690987,0.813670,0.411371	3.82170081139
16:26:58	0.690920,0.813735,0.411354	0.768693,0.896144,0.637277	-0.093406,0.095801,10.269844	0.690920,0.813735,0.411354	3.82170081139
16:26:58	0.690969,0.813679,0.411389	0.780447,0.907052,0.599824	-0.086221,0.093406,10.260264	0.690969,0.813679,0.411389	3.82170081139
16:26:58	0.690991,0.813668,0.411371	0.806612,0.891516,0.568490	-0.093406,0.095801,10.260264	0.690991,0.813668,0.411371	3.82170081139
16:26:58	0.691265,0.813703,0.410935	0.806608,0.891524,0.568495	-0.083826,0.100591,10.262659	0.691265,0.813703,0.410935	3.82170081139
16:26:58	0.690949,0.813738,0.411325	0.806604,0.891527,0.568496	-0.083826,0.102986,10.274634	0.690949,0.813738,0.411325	3.82170081139
16:26:58	0.691009,0.813657,0.411351	0.806599,0.891521,0.568500	-0.091011,0.102986,10.272239	0.691009,0.813657,0.411351	3.82170081139
16:26:59	0.690987,0.813670,0.411371	0.806826,0.891550,0.568328	-0.091011,0.098196,10.274634	0.690987,0.813670,0.411371	3.82170081139
16:26:59	0.691017,0.813655,0.411337	0.806595,0.891529,0.568497	-0.095801,0.102986,10.284214	0.691017,0.813655,0.411337	3.82170081139
16:26:59	0.690933,0.813738,0.411333	0.806617,0.891525,0.568489	-0.095801,0.100591,10.284214	0.690933,0.813738,0.411333	3.82170081139
16:26:59	0.691014,0.813664,0.411348	0.806615,0.891522,0.568491	-0.086221,0.098196,10.279424	0.691014,0.813664,0.411348	3.82170081139
16:26:59	0.691014,0.813661,0.411346	0.806558,0.891566,0.568472	-0.091011,0.102986,10.284214	0.691014,0.813661,0.411346	3.82170081139
16:26:59	0.691009,0.813665,0.411351	0.806555,0.891565,0.568481	-0.098196,0.105381,10.281819	0.691009,0.813665,0.411351	3.82170081139
16:26:59	0.690989,0.813674,0.411355	0.806595,0.891526,0.568497	-0.093406,0.093406,10.279424	0.690989,0.813674,0.411355	3.82170081139
16:26:59	0.691016,0.813674,0.411348	0.806609,0.891525,0.568503	-0.088616,0.093406,10.281819	0.691016,0.813674,0.411348	3.82170081139
16:26:59	0.690979,0.813681,0.411388	0.806605,0.891526,0.568492	-0.088616,0.105381,10.281819	0.690979,0.813681,0.411388	3.82170081139
16:26:59	0.691003,0.813664,0.411352	0.806813,0.891553,0.568333	-0.088616,0.105381,10.281819	0.691003,0.813664,0.411352	3.82170081139
16:27:00	0.690940,0.813738,0.411328	0.806625,0.891519,0.568492	-0.088616,0.102986,10.284214	0.690940,0.813738,0.411328	3.82170081139
16:27:00	0.691002,0.813669,0.411358	0.806589,0.891521,0.568495	-0.093406,0.110171,10.279424	0.691002,0.813669,0.411358	3.82170081139
16:27:00	0.691006,0.813668,0.411364	0.806603,0.891527,0.568490	-0.091011,0.100591,10.279424	0.691006,0.813668,0.411364	3.82170081139
16:27:00	0.691000,0.813662,0.411361	0.806615,0.891526,0.568497	-0.086221,0.102986,10.281819	0.691000,0.813662,0.411361	3.82170081139
16:27:00	0.690987,0.813667,0.411375	0.806605,0.891520,0.568499	-0.095801,0.100591,10.279424	0.690987,0.813667,0.411375	3.82170081139
16:27:00	0.691000,0.813663,0.411355	0.806620,0.891523,0.568497	-0.091011,0.105381,10.281819	0.691000,0.813663,0.411355	3.82170081139
16:27:00	0.691028,0.813661,0.411353	0.806605,0.891527,0.568499	-0.095801,0.102986,10.265054	0.691028,0.813661,0.411353	3.82170081139
16:27:00	0.690960,0.813671,0.411397	0.806611,0.891527,0.568501	-0.086221,0.100591,10.272239	0.690960,0.813671,0.411397	3.75835776329
16:27:00	0.690960,0.813704,0.411389	0.806577,0.891527,0.568513	-0.095801,0.095801,10.255474	0.690960,0.813704,0.411389	3.75307917595
16:27:00	0.690953,0.813683,0.411411	0.675815,0.805158,0.729531	-0.182021,0.117356,10.262659	0.690953,0.813683,0.411411	3.74780058861
16:27:01	0.690988,0.813680,0.411394	0.677224,0.881331,0.700078	-0.119751,0.062271,10.277029	0.690988,0.813680,0.411394	3.74252200127
16:27:01	0.690945,0.813716,0.411386	0.712228,0.907182,0.667585	-0.047900,0.079036,10.351274	0.690945,0.813716,0.411386	3.73724341393
16:27:01	0.690999,0.813663,0.411324	0.768708,0.896116,0.637295	-0.086221,0.122146,10.305769	0.690999,0.813663,0.411324	3.73196482658
16:27:01	0.690969,0.813650,0.411343	0.780406,0.907052,0.599806	-0.138911,0.102986,10.296189	0.690969,0.813650,0.411343	3.72668623924
16:27:01	0.691052,0.813592,0.411206	0.806568,0.891518,0.568476	-0.126936,0.086221,10.214758	0.691052,0.813592,0.411206	3.71612906456
16:27:01	0.690962,0.813628,0.411214	0.806554,0.891504,0.568428	-0.138911,0.100591,10.344089	0.690962,0.813628,0.411214	3.71085047722
16:27:01	0.691024,0.813634,0.411092	0.806611,0.891472,0.568391	-0.059875,0.095801,10.353669	0.691024,0.813634,0.411092	3.70557188988
16:27:01	0.691070,0.813761,0.410825	0.806601,0.891470,0.568328	-0.172441,0.124541,10.221943	0.691070,0.813761,0.410825	3.69501471519
16:27:01	0.690847,0.813992,0.410815	0.806512,0.891636,0.568297	-0.110171,0.124541,10.291399	0.690847,0.813992,0.410815	3.68973612785
16:27:01	0.691383,0.814151,0.410129	0.806650,0.891686,0.568058	-0.086221,0.122146,10.324929	0.691383,0.814151,0.410129	3.68445754051
16:27:02	0.691463,0.814203,0.410006	0.806756,0.891892,0.568118	-0.160466,0.148491,10.272239	0.691463,0.814203,0.410006	3.67917895317
16:27:02	0.691635,0.814108,0.409825	0.806980,0.891903,0.567944	-0.155676,0.150886,10.320139	0.691635,0.814108,0.409825	3.66862177849
16:27:02	0.691878,0.814366,0.409476	0.806954,0.891956,0.567896	-0.203577,-0.179626,10.286609	0.691878,0.814366,0.409476	3.65806460381
16:27:02	0.692054,0.814472,0.409339	0.806942,0.892035,0.567861	-0.122146,0.107776,10.396780	0.692054,0.814472,0.409339	3.65278601646
16:27:02	0.691569,0.814592,0.409717	0.807386,0.892073,0.567755	0.074246,0.095801,10.384805	0.691569,0.814592,0.409717	3.64750742912
16:27:02	0.691589,0.814835,0.409653	0.807072,0.892353,0.567875	-0.153281,0.002395,10.164463	0.691589,0.814835,0.409653	3.63695025444
16:27:02	0.692110,0.815552,0.409811	0.807346,0.892298,0.567830	-0.016765,-0.019160,10.147698	0.692110,0.815552,0.409811	3.62639307976
16:27:02	0.692713,0.815763,0.409596	0.808053,0.893182,0.568182	-0.203577,0.067061,10.095007	0.692713,0.815763,0.409596	3.62111449242
16:27:02	0.693067,0.815894,0.409560	0.807851,0.893204,0.568309	-0.280217,-0.122146,10.300979	0.693067,0.815894,0.409560	3.61583590508
16:27:02	0.693197,0.815726,0.409658	0.808563,0.893286,0.568219	0.040715,0.167651,10.413545	0.693197,0.815726,0.409658	3.60527873039
16:27:03	0.695331,0.815349,0.408574	0.808367,0.893335,0.568428	-0.251477,-0.011975,10.375225	0.695331,0.815349,0.408574	3.59472155571
16:27:03	0.695261,0.815558,0.409185	0.809932,0.893034,0.568316	0.079036,0.371228,10.159673	0.695261,0.815558,0.409185	3.58416438103
16:27:03	0.695871,0.815766,0.409683	0.810468,0.893615,0.568746	-0.217947,0.356858,9.984836	0.695871,0.815766,0.409683	3.57888579369
16:27:03	0.696845,0.816528,0.409984	0.811185,0.893719,0.569051	-0.026345,0.498164,10.315349	0.696845,0.816528,0.409984	3.568328619
16:27:03	0.698338,0.816669,0.409722	0.812176,0.894418,0.569473	-0.019160,-0.201182,10.437495	0.698338,0.816669,0.409722	3.55777144432
16:27:03	0.700008,0.816464,0.409913	0.813465,0.894554,0.569658	0.021555,-0.119751,10.269844	0.700008,0.816464,0.409913	3.54721426964
16:27:03	0.702700,0.816167,0.409580	0.814928,0.894507,0.570281	-0.237107,-0.232317,9.908196	0.702700,0.816167,0.409580	3.53665685654
16:27:03	0.704263,0.816670,0.410143	0.817218,0.894771,0.570721	-0.359253,0.287402,10.406360	0.704263,0.816670,0.410143	3.52609968185
16:27:03	0.706922,0.817572,0.409806	0.819204,0.895154,0.571018	0.067061,0.201182,10.346484	0.706922,0.817572,0.409806	3.51554250717
16:27:03	0.710291,0.819782,0.409259	0.820691,0.896502,0.571936	0.220342,0.598755,10.423125	0.710291,0.819782,0.409259	3.49970674515
16:27:04	0.714971,0.823950,0.411431	0.683771,0.807959,0.724232	0.100591,0.517324,10.154883	0.714971,0.823950,0.411431	3.48914957047
16:27:04	0.721924,0.832718,0.413482	0.687793,0.887614,0.703094	0.196392,0.191602,10.511741	0.721924,0.832718,0.413482	3.47859239578
16:27:04	0.732753,0.846730,0.420570	0.728720,0.923096,0.682846	0.275427,0.514929,10.878179	0.732753,0.846730,0.420570	3.46275663376
16:27:04	0.751259,0.869652,0.431645	0.802573,0.927380,0.671765	0.186812,0.634680,11.086545	0.751259,0.869652,0.431645	3.45219945908
16:27:04	0.785030,0.900693,0.443161	0.838957,0.964128,0.648243	-0.220342,0.043110,10.578801	0.785030,0.900693,0.443161	3.43108510971
16:27:04	0.830421,0.935354,0.456337	0.912062,0.977269,0.632371	-0.107776,1.451382,10.516531	0.830421,0.935354,0.456337	3.43108510971
16:27:04	0.880052,0.971893,0.472995	0.958420,1.019135,0.623912	-0.031135,0.996328,10.693762	0.880052,0.971893,0.472995	3.404692173
16:27:04	0.928337,1.013060,0.496769	1.009057,1.064479,0.621163	-0.328118,-0.098196,10.899734	0.928337,1.013060,0.496769	3.404692173
16:27:04	0.975466,1.058689,0.526531	1.039477,1.141611,0.625828	-0.088616,-0.002395,10.636282	0.975466,1.058689,0.526531	3.42580652237
16:27:04	1.022082,1.107126,0.557506	1.112976,1.166952,0.629699	-0.057480,-0.026345,10.497371	1.022082,1.107126,0.557506	3.43108510971
16:27:05	1.068014,1.156393,0.587140	1.161545,1.218451,0.635572	-0.261057,0.241897,10.049502	1.068014,1.156393,0.587140	3.40997076035
16:27:05	1.112994,1.204471,0.615151	1.208777,1.268944,0.642583	0.280217,0.481399,9.774075	1.112994,1.204471,0.615151	3.42580652237
16:27:05	1.154305,1.250946,0.643708	1.229561,1.334997,0.649945	-0.088616,0.402363,10.511741	1.154305,1.250946,0.643708	3.43108510971
16:27:05	1.192299,1.296599,0.671007	1.263041,1.394317,0.661821	-0.062271,-0.004790,10.344089	1.192299,1.296599,0.671007	3.404692173
16:27:05	1.223631,1.342236,0.699301	1.301766,1.437652,0.672383	-0.328118,0.270637,10.415940	1.223631,1.342236,0.699301	3.404692173
16:27:05	1.249114,1.389570,0.726115	1.344250,1.471793,0.683172	-0.167651,0.459844,10.044712	1.249114,1.389570,0.726115	3.42580652237
16:27:05	1.267442,1.439367,0.752341	1.359936,1.525300,0.693750	-0.086221,0.004790,10.502161	1.267442,1.439367,0.752341	3.42052793503
16:27:05	1.282067,1.491335,0.776487	1.390087,1.556478,0.703349	0.129331,-0.148491,9.788445	1.282067,1.491335,0.776487	3.43108510971
16:27:05	1.293438,1.544853,0.799610	1.416495,1.594083,0.715762	0.047900,0.282612,10.229128	1.293438,1.544853,0.799610	3.42580652237
16:27:05	1.303611,1.599448,0.821443	1.431796,1.636307,0.720247	-0.023950,-0.301772,10.025552	1.303611,1.599448,0.821443	3.41524934769
16:27:06	1.315642,1.654538,0.840042	1.450803,1.670894,0.734064	-0.265847,-0.371228,10.090217	1.315642,1.654538,0.840042	3.42052793503
16:27:06	1.331113,1.708449,0.857386	1.464542,1.708016,0.737036	0.045505,0.237107,10.205178	1.331113,1.708449,0.857386	3.42052793503
16:27:06	1.351116,1.760238,0.872224	1.481529,1.746202,0.739105	-0.205972,0.306563,10.253079	1.351116,1.760238,0.872224	3.41524934769
16:27:06	1.375703,1.809031,0.884260	1.494388,1.822541,0.745937	-0.016765,0.443079,10.468630	1.375703,1.809031,0.884260	3.41524934769
16:27:06	1.404332,1.853553,0.893483	1.517255,1.880341,0.746771	-0.023950,0.443079,9.980046	1.404332,1.853553,0.893483	3.40997076035
16:27:06	1.435324,1.894321,0.900793	1.552537,1.907928,0.756046	-0.102986,0.081431,9.951306	1.435324,1.894321,0.900793	3.40997076035
16:27:06	1.466982,1.933303,0.905331	1.575843,1.955140,0.754688	-0.337698,0.452659,10.353669	1.466982,1.933303,0.905331	3.40997076035
16:27:06	1.498056,1.970449,0.907402	1.610526,2.000653,0.766374	0.184417,-0.004790,10.363250	1.498056,1.970449,0.907402	3.404692173
16:27:06	1.527527,2.005659,0.909188	1.419977,1.848145,0.843260	-0.229922,-0.174836,10.894944	1.527527,2.005659,0.909188	3.404692173
16:27:06	1.554442,2.037699,0.920135	1.450463,1.885925,0.848619	-0.076641,0.150886,10.964399	1.554442,2.037699,0.920135	3.39941358566
16:27:07	1.577299,2.061377,0.937319	1.473857,1.914058,0.859823	0.196392,-0.265847,10.013577	1.577299,2.061377,0.937319	3.404692173
16:27:07	1.594934,2.076270,0.953412	1.496542,1.937272,0.875824	0.328118,-0.280217,10.116563	1.594934,2.076270,0.953412	3.40997076035
16:27:07	1.606796,2.084391,0.966669	1.511950,1.950523,0.888413	0.047900,-0.011975,9.668694	1.606796,2.084391,0.966669	3.40997076035
16:27:07	1.613201,2.086167,0.977595	1.520895,1.956623,0.897805	0.292192,0.091011,10.205178	1.613201,2.086167,0.977595	3.40997076035
16:27:07	1.614819,2.083251,0.985452	1.526048,1.957455,0.906447	0.222737,-0.112566,9.905801	1.614819,2.083251,0.985452	3.404692173
16:27:07	1.611767,2.076453,0.990589	1.525733,1.953449,0.911687	0.217947,-0.141306,9.683064	1.611767,2.076453,0.990589	3.39941358566
16:27:07	1.605004,2.066541,0.993020	1.521579,1.945799,0.914379	0.591570,0.186812,9.740544	1.605004,2.066541,0.993020	3.39941358566
16:27:07	1.595249,2.054655,0.992332	1.513715,1.935108,0.914768	0.474214,-0.165256,10.049502	1.595249,2.054655,0.992332	3.39413499832
16:27:07	1.583844,2.042594,0.988093	1.503514,1.922967,0.912426	0.402363,0.150886,9.901011	1.583844,2.042594,0.988093	3.38885641098
16:27:07	1.571542,2.030480,0.981026	1.493020,1.911676,0.907843	0.208367,0.275427,10.279424	1.571542,2.030480,0.981026	3.38357782364
16:27:08	1.558733,2.019187,0.971593	1.479897,1.898491,0.900269	0.208367,0.490979,10.133328	1.558733,2.019187,0.971593	3.3782992363
16:27:08	1.545667,2.008860,0.959231	1.468353,1.887896,0.892240	0.227527,-0.055085,9.877061	1.545667,2.008860,0.959231	3.37302064896
16:27:08	1.532535,1.999343,0.943430	1.454552,1.876304,0.880314	0.170046,0.313748,10.471025	1.532535,1.999343,0.943430	3.36774206161
16:27:08	1.519780,1.990213,0.925221	1.441952,1.866265,0.866784	0.098196,0.922083,10.133328	1.519780,1.990213,0.925221	3.36774206161
16:27:08	1.507587,1.981722,0.904932	1.429645,1.856553,0.851862	0.364043,0.795146,10.411150	1.507587,1.981722,0.904932	3.37302064896
16:27:08	1.495898,1.973998,0.882703	1.418970,1.848296,0.836986	-0.002395,1.353186,10.212363	1.495898,1.973998,0.882703	3.36246347427
16:27:08	1.484462,1.966925,0.859204	1.407767,1.839771,0.819701	0.131726,0.007185,10.087822	1.484462,1.966925,0.859204	3.35718488693
16:27:08	1.473513,1.960204,0.834199	1.396894,1.831924,0.801495	0.033530,0.088616,9.865085	1.473513,1.960204,0.834199	3.35190629959
16:27:08	1.462344,1.953703,0.808591	1.385352,1.823865,0.781137	0.076641,0.114961,10.015972	1.462344,1.953703,0.808591	3.35718488693
16:27:08	1.451398,1.947203,0.781969	1.374745,1.816639,0.761982	0.265847,-0.301772,10.368040	1.451398,1.947203,0.781969	3.34662771225
16:27:09	1.441001,1.940468,0.757988	1.365120,1.809909,0.744450	0.570015,0.732876,10.461445	1.441001,1.940468,0.757988	3.35718488693
16:27:09	1.431648,1.933584,0.733992	1.354930,1.802000,0.725805	0.047900,0.280217,9.948911	1.431648,1.933584,0.733992	3.35190629959
16:27:09	1.422091,1.925659,0.709214	1.371625,1.782301,0.696261	0.340093,0.052690,9.709409	1.422091,1.925659,0.709214	3.34134912491
16:27:09	1.412447,1.916451,0.682628	1.363981,1.773785,0.684446	0.172441,0.371228,10.157278	1.412447,1.916451,0.682628	3.34662771225
16:27:09	1.403575,1.905988,0.655171	1.355664,1.763423,0.671023	0.280217,0.524509,10.406360	1.403575,1.905988,0.655171	3.34662771225
16:27:09	1.395293,1.893802,0.626969	1.348090,1.752270,0.658048	0.009580,1.240620,10.293794	1.395293,1.893802,0.626969	3.33079195023
16:27:09	1.386816,1.879125,0.599576	1.340959,1.739707,0.645199	0.352068,0.550854,10.480605	1.386816,1.879125,0.599576	3.33607053757
16:27:09	1.378152,1.862291,0.573349	1.333494,1.724924,0.633738	0.471819,0.893342,10.293794	1.378152,1.862291,0.573349	3.35190629959
16:27:09	1.369226,1.844486,0.548093	1.325884,1.708634,0.623626	0.182021,0.040715,10.085427	1.369226,1.844486,0.548093	3.34662771225
16:27:09	1.360012,1.826957,0.524074	1.318173,1.692000,0.614802	0.124541,0.498164,10.432705	1.360012,1.826957,0.524074	3.34662771225
16:27:10	1.350727,1.811333,0.500745	1.310599,1.676539,0.606949	0.179626,-0.023950,10.593171	1.350727,1.811333,0.500745	3.33607053757
16:27:10	1.341177,1.798003,0.479088	1.303193,1.663408,0.599487	0.088616,-0.141306,10.430310	1.341177,1.798003,0.479088	3.34134912491
16:27:10	1.331185,1.787142,0.458823	1.296952,1.653341,0.591926	0.397573,0.850232,10.607542	1.331185,1.787142,0.458823	3.34134912491
16:27:10	1.321217,1.779063,0.441229	1.288737,1.644600,0.586173	0.088616,-0.023950,10.552456	1.321217,1.779063,0.441229	3.34134912491
16:27:10	1.311493,1.773871,0.424912	1.281746,1.639227,0.580002	0.416733,0.222737,10.483000	1.311493,1.773871,0.424912	3.34134912491
16:27:10	1.302515,1.770427,0.410467	1.275255,1.636441,0.573563	0.165256,0.617915,10.430310	1.302515,1.770427,0.410467	3.33079195023
16:27:10	1.294582,1.767373,0.397714	1.269348,1.634797,0.567545	0.306563,1.003513,10.427915	1.294582,1.767373,0.397714	3.33607053757
16:27:10	1.288369,1.764143,0.385898	1.264254,1.633223,0.562088	0.263452,0.126936,10.291399	1.288369,1.764143,0.385898	3.33607053757
16:27:10	1.282055,1.759924,0.376038	1.259579,1.631075,0.556913	0.323328,0.019160,10.305769	1.282055,1.759924,0.376038	3.33607053757
16:27:10	1.276275,1.754877,0.366923	1.255616,1.628274,0.552646	0.404758,0.007185,10.351274	1.276275,1.754877,0.366923	3.33607053757
16:27:11	1.270483,1.749124,0.359253	1.251946,1.624910,0.549576	0.354463,0.399968,10.475815	1.270483,1.749124,0.359253	3.33607053757
16:27:11	1.264871,1.742754,0.353257	1.247899,1.620511,0.547256	0.146096,0.431104,10.779983	1.264871,1.742754,0.353257	3.33079195023
16:27:11	1.259725,1.736157,0.349067	1.244828,1.616066,0.544959	-0.136516,0.000000,10.631492	1.259725,1.736157,0.349067	3.33607053757
16:27:11	1.255459,1.729766,0.345952	1.240101,1.609667,0.545810	0.241897,0.349673,10.578801	1.255459,1.729766,0.345952	3.33079195023
16:27:11	1.251615,1.722914,0.344797	1.237211,1.604239,0.546326	0.332908,0.675396,10.435100	1.251615,1.722914,0.344797	3.33079195023
16:27:11	1.247573,1.715326,0.345019	1.234405,1.598128,0.548251	0.287402,0.550854,10.224338	1.247573,1.715326,0.345019	3.33079195023
16:27:11	1.243378,1.706453,0.346667	1.274024,1.592936,0.548866	0.325723,0.737666,10.430310	1.243378,1.706453,0.346667	3.33607053757
16:27:11	1.239391,1.696656,0.349343	1.271381,1.584200,0.552969	0.299377,0.282612,10.130933	1.239391,1.696656,0.349343	3.33079195023
16:27:11	1.237272,1.686357,0.352534	1.294527,1.591433,0.570016	0.237107,0.040715,10.868599	1.237272,1.686357,0.352534	3.32551336288
16:27:11	1.238254,1.675288,0.359805	1.319764,1.605485,0.579167	-0.105381,0.320933,10.514136	1.238254,1.675288,0.359805	3.33607053757
16:27:12	1.243720,1.665531,0.369763	1.333262,1.642553,0.613982	0.467029,0.148491,10.674602	1.243720,1.665531,0.369763	3.30967760086
16:27:12	1.253762,1.660034,0.384998	1.341139,1.693291,0.625488	0.172441,-0.234712,10.310559	1.253762,1.660034,0.384998	3.33607053757
16:27:12	1.266417,1.661050,0.401968	1.379478,1.685996,0.587717	0.021555,0.007185,9.941726	1.266417,1.661050,0.401968	3.33607053757
16:27:12	1.280893,1.668765,0.412661	1.399376,1.707469,0.575198	0.227527,-0.201182,9.695039	1.280893,1.668765,0.412661	3.32023477554
16:27:12	1.296953,1.682301,0.419599	1.421534,1.711245,0.567444	-0.023950,0.512534,10.157278	1.296953,1.682301,0.419599	3.33079195023
16:27:12	1.314204,1.700879,0.424176	1.438201,1.723262,0.575744	0.174836,0.371228,10.375225	1.314204,1.700879,0.424176	3.32023477554
16:27:12	1.333552,1.722449,0.430602	1.461336,1.734912,0.567545	0.105381,0.268242,10.717712	1.333552,1.722449,0.430602	3.3149561882
16:27:12	1.354971,1.745219,0.437104	1.482905,1.751848,0.576273	-0.026345,0.191602,10.597961	1.354971,1.745219,0.437104	3.3149561882
16:27:12	1.377850,1.767251,0.445719	1.498954,1.787274,0.582412	-0.093406,0.936453,10.413545	1.377850,1.767251,0.445719	3.32551336288
16:27:12	1.401323,1.788273,0.456218	1.513286,1.843764,0.583115	0.172441,0.035925,10.269844	1.401323,1.788273,0.456218	3.32023477554
16:27:13	1.424660,1.809744,0.467171	1.544256,1.855692,0.581950	0.239502,0.847837,10.243499	1.424660,1.809744,0.467171	3.32023477554
16:27:13	1.448098,1.832296,0.477353	1.566507,1.872922,0.592575	-0.100591,0.102986,10.686577	1.448098,1.832296,0.477353	3.3149561882
16:27:13	1.472833,1.854760,0.490054	1.586441,1.911821,0.598892	0.189207,0.117356,10.080637	1.472833,1.854760,0.490054	3.32023477554
16:27:13	1.498683,1.876593,0.504211	1.604320,1.948587,0.604379	-0.122146,-0.009580,10.274634	1.498683,1.876593,0.504211	3.32551336288
16:27:13	1.524455,1.898779,0.519602	1.638864,1.960846,0.606450	-0.155676,0.277822,10.605146	1.524455,1.898779,0.519602	3.32023477554
16:27:13	1.550519,1.922053,0.534194	1.657136,1.997360,0.612617	0.296982,0.517324,10.289004	1.550519,1.922053,0.534194	3.32023477554
16:27:13	1.576968,1.945415,0.549157	1.689433,2.009169,0.614831	-0.100591,0.711321,10.023157	1.576968,1.945415,0.549157	3.32023477554
16:27:13	1.602514,1.968315,0.562582	1.725012,2.024674,0.619199	0.067061,-0.079036,10.241104	1.602514,1.968315,0.562582	3.32023477554
16:27:13	1.626726,1.989784,0.574596	1.751451,2.045068,0.628459	0.203577,0.009580,10.332114	1.626726,1.989784,0.574596	3.3149561882
16:27:13	1.649552,2.008839,0.586993	1.768278,2.079966,0.633123	-0.361648,-0.088616,10.317744	1.649552,2.008839,0.586993	3.32023477554
16:27:14	1.670534,2.026829,0.598875	1.795036,2.087478,0.634922	0.158071,0.512534,10.430310	1.670534,2.026829,0.598875	3.32023477554
16:27:14	1.689930,2.045200,0.609486	1.818406,2.105279,0.642253	0.138911,0.205972,10.387200	1.689930,2.045200,0.609486	3.3149561882
16:27:14	1.709128,2.063940,0.620540	1.842852,2.113918,0.644302	0.155676,0.098196,9.953701	1.709128,2.063940,0.620540	3.3149561882
16:27:14	1.728881,2.083569,0.630752	1.863463,2.130274,0.650046	0.124541,-0.270637,10.166858	1.728881,2.083569,0.630752	3.3149561882
16:27:14	1.749609,2.103767,0.640838	1.643381,1.959797,0.645359	0.213157,-0.198787,10.207573	1.749609,2.103767,0.640838	3.32023477554
16:27:14	1.770748,2.122044,0.648937	1.663660,1.980208,0.651302	0.002395,0.114961,10.468630	1.770748,2.122044,0.648937	3.30967760086
16:27:14	1.789094,2.133622,0.659216	1.683208,1.997515,0.656916	0.011975,0.299377,10.665022	1.789094,2.133622,0.659216	3.29912042618
16:27:14	1.801736,2.137174,0.671841	1.697778,2.006517,0.663685	0.150886,0.742456,10.255474	1.801736,2.137174,0.671841	3.3149561882
16:27:14	1.808570,2.134787,0.683337	1.707817,2.009197,0.672282	-0.644260,0.392783,10.353669	1.808570,2.134787,0.683337	3.30967760086
16:27:14	1.808808,2.126493,0.694471	1.712332,2.006073,0.679935	0.395178,0.217947,10.552456	1.808808,2.126493,0.694471	3.3149561882
16:27:15	1.801703,2.112193,0.705623	1.709714,1.995574,0.688098	0.270637,0.007185,9.857900	1.801703,2.112193,0.705623	3.3149561882
16:27:15	1.787483,2.092941,0.716016	1.700995,1.981379,0.694749	-0.091011,0.311353,10.078242	1.787483,2.092941,0.716016	3.30967760086
16:27:15	1.767068,2.069658,0.725353	1.685090,1.961031,0.701148	0.450264,-0.057480,10.037527	1.767068,2.069658,0.725353	3.30967760086
16:27:15	1.742558,2.044250,0.733568	1.661961,1.934767,0.706838	0.170046,-0.047900,10.159673	1.742558,2.044250,0.733568	3.3149561882
16:27:15	1.715836,2.018468,0.740698	1.639376,1.910763,0.710725	0.083826,-0.165256,9.721384	1.715836,2.018468,0.740698	3.30967760086
16:27:15	1.689259,1.994512,0.745774	1.611308,1.882580,0.714032	0.112566,-0.320933,10.071057	1.689259,1.994512,0.745774	3.30967760086
16:27:15	1.664377,1.974566,0.748255	1.586374,1.859083,0.715382	0.038320,0.457449,10.118958	1.664377,1.974566,0.748255	3.30439901352
16:27:15	1.642622,1.958040,0.749630	1.563941,1.839582,0.715300	0.414338,-0.105381,10.262659	1.642622,1.958040,0.749630	3.29912042618
16:27:15	1.624207,1.943220,0.750372	1.544593,1.822889,0.715004	-0.038320,0.399968,10.427915	1.624207,1.943220,0.750372	3.29912042618
16:27:15	1.608853,1.928425,0.750690	1.528250,1.807639,0.714331	0.268242,0.172441,9.989626	1.608853,1.928425,0.750690	3.29912042618
16:27:16	1.595819,1.912273,0.750426	1.514639,1.792212,0.713261	0.141306,0.057480,10.372830	1.595819,1.912273,0.750426	3.29384183884
16:27:16	1.583763,1.893798,0.750012	1.503047,1.776715,0.712202	0.273032,1.077759,10.145303	1.583763,1.893798,0.750012	3.29912042618
16:27:16	1.571462,1.872509,0.749018	1.489813,1.756040,0.710471	0.215552,0.558040,10.269844	1.571462,1.872509,0.749018	3.29912042618
16:27:16	1.558469,1.848614,0.747181	1.477107,1.734164,0.708208	0.126936,0.055085,10.265054	1.558469,1.848614,0.747181	3.29912042618
16:27:16	1.544075,1.821920,0.744371	1.463124,1.709906,0.705373	0.263452,0.086221,10.542876	1.544075,1.821920,0.744371	3.29384183884
16:27:16	1.527844,1.791895,0.741580	1.448570,1.685176,0.702251	0.182021,0.165256,10.442285	1.527844,1.791895,0.741580	3.29384183884
16:27:16	1.509868,1.759886,0.737917	1.429437,1.652711,0.698031	0.182021,0.134121,10.339299	1.509868,1.759886,0.737917	3.29912042618
16:27:16	1.490360,1.727559,0.732910	1.410017,1.620962,0.693413	0.359253,0.409548,10.073452	1.490360,1.727559,0.732910	3.29384183884
16:27:16	1.470183,1.696193,0.726406	1.426016,1.569785,0.681594	0.452659,0.332908,10.217153	1.470183,1.696193,0.726406	3.2885632515
16:27:16	1.450006,1.666782,0.717709	1.429372,1.532823,0.662569	0.107776,-0.265847,9.742939	1.450006,1.666782,0.717709	3.2885632515
16:27:17	1.431592,1.639766,0.705733	1.392506,1.507502,0.670187	0.234712,0.174836,10.221943	1.431592,1.639766,0.705733	3.28328466415
16:27:17	1.416988,1.615244,0.694388	1.409001,1.476443,0.654191	0.280217,0.059875,10.224338	1.416988,1.615244,0.694388	3.28328466415
16:27:17	1.407101,1.592883,0.681587	1.469283,1.459784,0.640836	0.186812,-0.122146,10.054292	1.407101,1.592883,0.681587	3.28328466415
16:27:17	1.403499,1.572305,0.667012	1.503608,1.608574,0.644207	0.234712,0.016765,10.468630	1.403499,1.572305,0.667012	3.26744890213
16:27:17	1.408516,1.555628,0.654132	1.460293,1.716186,0.670511	0.344883,0.277822,10.439890	1.408516,1.555628,0.654132	3.27800607681
16:27:17	1.420955,1.547917,0.647673	1.526563,1.663079,0.669893	0.277822,-0.285007,10.653047	1.420955,1.547917,0.647673	3.27800607681
16:27:17	1.437807,1.552095,0.642054	1.536347,1.663473,0.664938	0.119751,-0.081431,10.293794	1.437807,1.552095,0.642054	3.27800607681
16:27:17	1.457166,1.566245,0.636757	1.575313,1.645958,0.659904	0.203577,0.435894,10.351274	1.457166,1.566245,0.636757	3.28328466415
16:27:17	1.480851,1.587963,0.629382	1.573470,1.689663,0.655351	-0.088616,0.390388,10.300979	1.480851,1.587963,0.629382	3.28328466415
16:27:17	1.506246,1.614747,0.621869	1.586569,1.722931,0.651874	0.088616,0.550854,10.526111	1.506246,1.614747,0.621869	3.2885632515
16:27:18	1.531015,1.644426,0.614250	1.623751,1.740563,0.648663	0.023950,0.057480,9.924961	1.531015,1.644426,0.614250	3.27800607681
16:27:18	1.552889,1.675691,0.606589	1.635916,1.776765,0.644958	0.304167,0.759221,10.483000	1.552889,1.675691,0.606589	3.28328466415
16:27:18	1.571779,1.706575,0.599889	1.671954,1.849701,0.652156	0.002395,0.251477,10.248289	1.571779,1.706575,0.599889	3.27800607681
16:27:18	1.586939,1.737594,0.595378	1.688778,1.876995,0.653818	-0.129331,-0.265847,10.480605	1.586939,1.737594,0.595378	3.27272748947
16:27:18	1.598833,1.770035,0.592765	1.722633,1.896193,0.652251	-0.155676,0.220342,10.756033	1.598833,1.770035,0.592765	3.27272748947
16:27:18	1.608685,1.804023,0.591291	1.723866,1.933961,0.649410	0.086221,-0.033530,10.461445	1.608685,1.804023,0.591291	3.27800607681
16:27:18	1.617772,1.839171,0.590812	1.738526,1.967069,0.653023	0.193997,0.514929,10.279424	1.617772,1.839171,0.590812	3.27272748947
16:27:18	1.626554,1.877235,0.590454	1.766248,1.985116,0.651270	-0.079036,0.131726,10.097402	1.626554,1.877235,0.590454	3.27272748947
16:27:18	1.636426,1.917986,0.590356	1.791092,2.004959,0.648953	0.076641,0.193997,10.653047	1.636426,1.917986,0.590356	3.27800607681
16:27:18	1.649625,1.959322,0.590910	1.807568,2.037019,0.652650	0.126936,-0.112566,10.320139	1.649625,1.959322,0.590910	3.27272748947
16:27:19	1.666938,2.001037,0.591846	1.814061,2.085111,0.652156	0.098196,-0.220342,10.238708	1.666938,2.001037,0.591846	3.27800607681
16:27:19	1.687817,2.042163,0.592698	1.847062,2.109912,0.650668	-0.119751,0.033530,10.368040	1.687817,2.042163,0.592698	3.27272748947
16:27:19	1.711910,2.080985,0.593177	1.875801,2.129460,0.648190	-0.117356,0.011975,10.305769	1.711910,2.080985,0.593177	3.27272748947
16:27:19	1.739022,2.116184,0.593597	1.906567,2.160542,0.652572	0.100591,0.122146,10.463840	1.739022,2.116184,0.593597	3.26744890213
16:27:19	1.769100,2.145565,0.594212	1.940079,2.178363,0.649792	0.131726,-0.112566,10.293794	1.769100,2.145565,0.594212	3.27272748947
16:27:19	1.800835,2.167474,0.595068	1.664439,1.990783,0.624413	-0.112566,0.222737,10.310559	1.800835,2.167474,0.595068	3.26744890213
16:27:19	1.833149,2.181772,0.592932	1.694152,2.011869,0.623387	0.067061,-0.114961,9.857900	1.833149,2.181772,0.592932	3.26217031479
16:27:19	1.861744,2.185798,0.592748	1.722942,2.025280,0.621347	0.086221,0.407153,10.779983	1.861744,2.185798,0.592748	3.24105596542
16:27:19	1.883268,2.178818,0.594134	1.744715,2.027943,0.621297	0.340093,0.294587,10.562036	1.883268,2.178818,0.594134	3.26744890213
16:27:19	1.896012,2.163526,0.595540	1.762129,2.020274,0.622210	0.110171,0.234712,10.542876	1.896012,2.163526,0.595540	3.26744890213
16:27:20	1.899649,2.140951,0.596987	1.768927,2.006076,0.623124	-0.205972,0.364043,10.533296	1.899649,2.140951,0.596987	3.26744890213
16:27:20	1.893442,2.113081,0.598535	1.767309,1.981907,0.624637	0.265847,0.383203,10.502161	1.893442,2.113081,0.598535	3.26744890213
16:27:20	1.877200,2.081994,0.600190	1.756010,1.954356,0.626331	0.102986,0.562830,10.296189	1.877200,2.081994,0.600190	3.27272748947
16:27:20	1.852543,2.049782,0.601415	1.735707,1.923447,0.628341	0.208367,0.443079,10.308164	1.852543,2.049782,0.601415	3.27272748947
16:27:20	1.821802,2.019071,0.602414	1.708488,1.891791,0.630139	0.234712,0.285007,10.171648	1.821802,2.019071,0.602414	3.26744890213
16:27:20	1.788511,1.990648,0.603346	1.679892,1.863709,0.631811	0.447869,0.469424,10.265054	1.788511,1.990648,0.603346	3.26744890213
16:27:20	1.755933,1.965235,0.604056	1.644757,1.832796,0.633914	0.205972,-0.117356,10.274634	1.755933,1.965235,0.604056	3.26744890213
16:27:20	1.725952,1.944680,0.604401	1.614340,1.807603,0.635750	0.079036,0.395178,10.427915	1.725952,1.944680,0.604401	3.26744890213
16:27:20	1.700200,1.929490,0.604041	1.587602,1.787402,0.636986	0.292192,0.213157,10.382410	1.700200,1.929490,0.604041	3.26217031479
16:27:20	1.679256,1.917014,0.604741	1.565303,1.771956,0.637981	0.313748,0.354463,10.399175	1.679256,1.917014,0.604741	3.25689172745
16:27:21	1.661784,1.904727,0.607280	1.547112,1.758561,0.639691	0.148491,0.507744,10.559641	1.661784,1.904727,0.607280	3.25689172745
16:27:21	1.646389,1.890993,0.610455	1.531398,1.745056,0.641938	0.203577,0.493374,10.439890	1.646389,1.890993,0.610455	3.25689172745
16:27:21	1.630602,1.873832,0.615591	1.516385,1.729665,0.644740	0.464634,-0.153281,10.442285	1.630602,1.873832,0.615591	3.26217031479
16:27:21	1.615016,1.853267,0.621013	1.502539,1.712963,0.647631	0.531694,0.165256,9.915381	1.615016,1.853267,0.621013	3.26744890213
16:27:21	1.599099,1.828982,0.626591	1.486561,1.691693,0.651011	0.210762,0.296982,9.975256	1.599099,1.828982,0.626591	3.26744890213
16:27:21	1.582365,1.801875,0.632384	1.468145,1.665000,0.654752	0.385598,0.780776,10.310559	1.582365,1.801875,0.632384	3.26744890213
16:27:21	1.564478,1.773248,0.637890	1.449970,1.637979,0.658161	0.210762,-0.196392,10.360854	1.564478,1.773248,0.637890	3.26744890213
16:27:21	1.545329,1.745813,0.641766	1.430532,1.610395,0.660962	0.191602,0.718506,10.169253	1.545329,1.745813,0.641766	3.26217031479
16:27:21	1.525394,1.719377,0.645450	1.410715,1.584103,0.663093	0.335303,0.007185,10.138118	1.525394,1.719377,0.645450	3.26217031479
16:27:21	1.505287,1.693971,0.649221	1.430593,1.531395,0.668535	0.261057,0.273032,10.597961	1.505287,1.693971,0.649221	3.26217031479
16:27:22	1.485219,1.669754,0.653137	1.433410,1.496990,0.675773	0.268242,-0.193997,10.138118	1.485219,1.669754,0.653137	3.25689172745
16:27:22	1.466379,1.645416,0.658363	1.466423,1.462826,0.685620	0.050295,0.043110,10.190808	1.466379,1.645416,0.658363	3.26217031479
16:27:22	1.451127,1.620963,0.665420	1.476126,1.540346,0.707865	0.114961,0.201182,10.475815	1.451127,1.620963,0.665420	3.25689172745
16:27:22	1.441541,1.599556,0.674670	1.479201,1.810714,0.672319	0.390388,0.102986,10.384805	1.441541,1.599556,0.674670	3.27272748947
16:27:22	1.437372,1.585532,0.679757	1.364074,1.408503,0.666662	0.198787,-0.433499,9.790840	1.437372,1.585532,0.679757	3.24633455276
16:27:22	1.435773,1.582822,0.676724	1.397499,1.387466,0.658046	0.201182,0.011975,9.881851	1.435773,1.582822,0.676724	3.26217031479
16:27:22	1.436316,1.588497,0.669517	1.486633,1.390911,0.659469	-0.014370,0.093406,10.791958	1.436316,1.588497,0.669517	3.23049879074
16:27:22	1.441116,1.595209,0.666101	1.514140,1.615530,0.676354	0.208367,0.701741,10.662627	1.441116,1.595209,0.666101	3.23049879074
16:27:22	1.451769,1.600055,0.667977	1.476618,1.794423,0.676772	0.179626,0.426313,10.435100	1.451769,1.600055,0.667977	3.25161314011
16:27:22	1.465377,1.605470,0.671348	1.603662,1.736689,0.670374	-0.091011,0.409548,10.099797	1.465377,1.605470,0.671348	3.24633455276
16:27:23	1.478647,1.615083,0.673290	1.613170,1.747797,0.668577	-0.114961,0.395178,10.150093	1.478647,1.615083,0.673290	3.25689172745
16:27:23	1.491967,1.631314,0.674253	1.656953,1.718576,0.669271	-0.191602,-0.126936,10.298584	1.491967,1.631314,0.674253	3.24633455276
16:27:23	1.506658,1.655692,0.674202	1.638709,1.776272,0.669938	-0.043110,-0.083826,10.257869	1.506658,1.655692,0.674202	3.24633455276
16:27:23	1.524782,1.686648,0.674704	1.657709,1.802662,0.670512	-0.474214,0.035925,10.315349	1.524782,1.686648,0.674704	3.24633455276
16:27:23	1.545936,1.723089,0.675074	1.664184,1.843334,0.670731	0.165256,0.572410,10.346484	1.545936,1.723089,0.675074	3.25161314011
16:27:23	1.569010,1.763849,0.675057	1.677385,1.893348,0.670806	-0.186812,-0.301772,10.293794	1.569010,1.763849,0.675057	3.25161314011
16:27:23	1.593057,1.806666,0.674519	1.718575,1.919149,0.670764	-0.155676,0.301772,10.391990	1.593057,1.806666,0.674519	3.25161314011
16:27:23	1.617583,1.849765,0.673138	1.733077,1.971572,0.670577	-0.191602,0.215552,10.071057	1.617583,1.849765,0.673138	3.25161314011
16:27:23	1.643079,1.890029,0.671366	1.774704,1.997435,0.670254	0.162861,0.519719,10.360854	1.643079,1.890029,0.671366	3.25161314011
16:27:23	1.669124,1.924532,0.669921	1.814137,2.018759,0.669956	-0.246687,0.174836,10.099797	1.669124,1.924532,0.669921	3.24633455276
16:27:24	1.695946,1.953790,0.668323	1.830077,2.064659,0.669617	0.172441,0.270637,10.430310	1.695946,1.953790,0.668323	3.24105596542
16:27:24	1.723223,1.979073,0.666975	1.867986,2.078342,0.669264	-0.201182,-0.196392,10.140513	1.723223,1.979073,0.666975	3.24633455276
16:27:24	1.750119,2.002373,0.665478	1.903890,2.089596,0.668825	-0.047900,0.191602,10.437495	1.750119,2.002373,0.665478	3.24105596542
16:27:24	1.777493,2.024770,0.663529	1.931842,2.110565,0.668588	0.138911,0.570015,10.394385	1.777493,2.024770,0.663529	3.24105596542
16:27:24	1.806675,2.046192,0.661963	1.966684,2.119895,0.667984	-0.050295,0.871787,10.540481	1.806675,2.046192,0.661963	3.24105596542
16:27:24	1.836394,2.067422,0.660379	1.986265,2.158909,0.667674	0.457449,0.261057,10.312954	1.836394,2.067422,0.660379	3.25161314011
16:27:24	1.867496,2.089482,0.658616	2.023144,2.168506,0.666977	0.182021,-0.184417,10.083032	1.867496,2.089482,0.658616	3.23577737808
16:27:24	1.898882,2.113721,0.656107	2.055505,2.189358,0.667062	0.136516,-0.361648,10.037527	1.898882,2.113721,0.656107	3.24633455276
16:27:24	1.930302,2.138973,0.653557	2.076731,2.231613,0.666611	-0.004790,0.076641,9.965676	1.930302,2.138973,0.653557	3.24105596542
16:27:24	1.960983,2.165578,0.650914	2.093229,2.271527,0.666056	0.112566,-0.057480,10.341694	1.960983,2.165578,0.650914	3.24105596542
16:27:25	1.989580,2.194518,0.648014	2.136073,2.287341,0.665166	-0.038320,0.490979,10.483000	1.989580,2.194518,0.648014	3.24105596542
16:27:25	2.015708,2.225126,0.644852	2.172870,2.302144,0.663895	-0.117356,0.280217,10.286609	2.015708,2.225126,0.644852	3.24105596542
16:27:25	2.041983,2.255320,0.641468	1.887250,2.085226,0.652387	0.095801,0.910107,10.351274	2.041983,2.255320,0.641468	3.24105596542
16:27:25	2.069562,2.283278,0.636544	1.916300,2.117601,0.649295	0.031135,0.174836,10.236313	2.069562,2.283278,0.636544	3.24105596542
16:27:25	2.095792,2.304062,0.634052	1.943491,2.143892,0.645890	-0.110171,0.464634,10.777588	2.095792,2.304062,0.634052	3.2041053772
16:27:25	2.116980,2.315950,0.633286	1.967748,2.162270,0.644649	0.064666,0.330513,10.518926	2.116980,2.315950,0.633286	3.23049879074
16:27:25	2.131977,2.319676,0.632066	1.986068,2.172352,0.643839	0.091011,0.352068,10.221943	2.131977,2.319676,0.632066	3.23049879074
16:27:25	2.140627,2.315517,0.630620	1.998074,2.174319,0.642738	0.507744,0.239502,10.030342	2.140627,2.315517,0.630620	3.23049879074
16:27:25	2.142226,2.303750,0.629298	2.003315,2.168265,0.641834	0.249082,-0.325723,10.123748	2.142226,2.303750,0.629298	3.23049879074
16:27:25	2.137313,2.285070,0.627364	2.001650,2.155096,0.640859	0.294587,0.565225,10.437495	2.137313,2.285070,0.627364	3.23577737808
16:27:26	2.126591,2.260579,0.625109	1.994624,2.137223,0.639690	0.129331,0.577200,10.406360	2.126591,2.260579,0.625109	3.23577737808
16:27:26	2.111556,2.231792,0.622603	1.980327,2.110470,0.638133	0.296982,0.500559,10.435100	2.111556,2.231792,0.622603	3.23049879074
16:27:26	2.093871,2.199444,0.620334	1.963168,2.081473,0.636808	0.251477,0.102986,10.059082	2.093871,2.199444,0.620334	3.23577737808
16:27:26	2.074516,2.165759,0.617562	1.943658,2.049621,0.635679	0.153281,0.498164,10.394385	2.074516,2.165759,0.617562	3.24105596542
16:27:26	2.054228,2.132750,0.614239	1.922814,2.017358,0.634107	0.610730,0.500559,10.356064	2.054228,2.132750,0.614239	3.23577737808
16:27:26	2.034041,2.101668,0.610895	1.901222,1.986027,0.632609	0.112566,-0.146096,10.253079	2.034041,2.101668,0.610895	3.23577737808
16:27:26	2.014339,2.073154,0.607547	1.880019,1.956916,0.631120	0.184417,-0.493374,10.473420	2.014339,2.073154,0.607547	3.23049879074
16:27:26	1.994816,2.046900,0.604538	1.859668,1.930284,0.629523	0.395178,0.380808,10.073452	1.994816,2.046900,0.604538	3.23049879074
16:27:26	1.975749,2.022197,0.602404	1.839796,1.905312,0.628629	0.117356,0.366438,10.559641	1.975749,2.022197,0.602404	3.23049879074
16:27:26	1.956542,1.998918,0.600934	1.819892,1.882046,0.628204	0.275427,0.062271,10.339299	1.956542,1.998918,0.600934	3.23049879074
16:27:27	1.937926,1.976182,0.600164	1.801979,1.861548,0.628233	-0.086221,0.359253,10.114167	1.937926,1.976182,0.600164	3.2252202034
16:27:27	1.919666,1.952760,0.600743	1.781089,1.837775,0.628829	-0.093406,-0.208367,10.377620	1.919666,1.952760,0.600743	3.2252202034
16:27:27	1.901752,1.928352,0.601938	1.762293,1.814823,0.630184	0.438289,0.543669,10.401570	1.901752,1.928352,0.601938	3.23577737808
16:27:27	1.883205,1.903690,0.603205	1.743185,1.791564,0.631730	0.184417,0.141306,10.279424	1.883205,1.903690,0.603205	3.23577737808
16:27:27	1.864507,1.878891,0.604966	1.723693,1.767952,0.633573	0.237107,0.210762,10.095007	1.864507,1.878891,0.604966	3.23049879074
16:27:27	1.845368,1.854375,0.607226	1.703627,1.744482,0.635761	0.567620,0.292192,10.574011	1.845368,1.854375,0.607226	3.23049879074
16:27:27	1.825728,1.830681,0.609678	1.683356,1.721469,0.638043	-0.023950,-0.186812,10.241104	1.825728,1.830681,0.609678	3.2252202034
16:27:27	1.805510,1.808013,0.611721	1.662566,1.699163,0.640427	0.167651,-0.304167,10.391990	1.805510,1.808013,0.611721	3.2252202034
16:27:27	1.783023,1.785905,0.615215	1.647007,1.670409,0.649859	0.421523,0.067061,10.365645	1.783023,1.785905,0.615215	3.23049879074
16:27:27	1.760045,1.764272,0.620022	1.624152,1.649110,0.652887	0.536484,0.102986,9.922566	1.760045,1.764272,0.620022	3.17243385315
16:27:28	1.736140,1.740935,0.627533	1.600306,1.627437,0.656686	0.263452,0.332908,10.320139	1.736140,1.740935,0.627533	3.2252202034
16:27:28	1.712111,1.716760,0.634750	1.575674,1.604390,0.660646	0.311353,0.203577,10.116563	1.712111,1.716760,0.634750	3.23577737808
16:27:28	1.687981,1.692855,0.641141	1.582472,1.550708,0.670442	0.409548,0.270637,10.583591	1.687981,1.692855,0.641141	3.23049879074
16:27:28	1.664255,1.668964,0.648946	1.518115,1.569840,0.683485	-0.079036,-0.016765,10.356064	1.664255,1.668964,0.648946	3.17243385315
16:27:28	1.641152,1.644571,0.659958	1.457498,1.666951,0.688472	0.131726,0.438289,10.154883	1.641152,1.644571,0.659958	3.23577737808
16:27:28	1.616428,1.623006,0.670812	1.489502,1.775644,0.681244	0.261057,0.340093,10.396780	1.616428,1.623006,0.670812	3.23049879074
16:27:28	1.587508,1.609001,0.680287	1.599323,1.816975,0.664443	0.411943,0.114961,10.171648	1.587508,1.609001,0.680287	3.23049879074
16:27:28	1.555616,1.608682,0.687934	1.702808,1.762318,0.661520	0.445474,0.277822,10.389595	1.555616,1.608682,0.687934	3.21994161606
16:27:28	1.525585,1.625465,0.691522	1.686515,1.753412,0.667501	0.366438,-0.170046,10.123748	1.525585,1.625465,0.691522	3.2252202034
16:27:28	1.504196,1.657773,0.693407	1.639533,1.792642,0.672727	0.031135,0.007185,10.339299	1.504196,1.657773,0.693407	3.2252202034
16:27:29	1.494758,1.700804,0.694193	1.635680,1.817662,0.675925	-0.126936,-0.131726,10.334509	1.494758,1.700804,0.694193	3.23049879074
16:27:29	1.497134,1.751094,0.693560	1.639881,1.853687,0.675022	0.102986,-0.522114,9.929751	1.497134,1.751094,0.693560	3.2252202034
16:27:29	1.511240,1.805972,0.691717	1.642065,1.909866,0.674969	0.838257,0.498164,10.178833	1.511240,1.805972,0.691717	3.21466302872
16:27:29	1.535408,1.863119,0.687788	1.678801,1.944105,0.674418	0.083826,1.046624,10.166858	1.535408,1.863119,0.687788	3.23049879074
16:27:29	1.566306,1.918099,0.682598	1.699757,2.008680,0.673016	0.107776,0.153281,10.432705	1.566306,1.918099,0.682598	3.23049879074
16:27:29	1.601763,1.965952,0.676544	1.753554,2.030281,0.672770	0.124541,0.866997,10.590776	1.601763,1.965952,0.676544	3.21994161606
16:27:29	1.639457,2.003986,0.669985	1.793957,2.067380,0.670657	0.045505,0.943638,10.358459	1.639457,2.003986,0.669985	3.21994161606
16:27:29	1.677823,2.030771,0.663789	1.829379,2.107121,0.669205	-0.162861,0.481399,10.626702	1.677823,2.030771,0.663789	3.21466302872
16:27:29	1.714012,2.047919,0.657415	1.872598,2.119430,0.667396	-0.105381,0.174836,10.377620	1.714012,2.047919,0.657415	3.21994161606
16:27:29	1.746640,2.058935,0.650910	1.907468,2.134508,0.666300	0.105381,-0.387993,10.236313	1.746640,2.058935,0.650910	3.21466302872
16:27:30	1.777484,2.065970,0.645657	1.942464,2.136187,0.664017	-0.263452,0.581990,10.353669	1.777484,2.065970,0.645657	3.21466302872
16:27:30	1.807076,2.071845,0.641344	1.972068,2.144425,0.663787	0.809517,1.310076,10.284214	1.807076,2.071845,0.641344	3.21466302872
16:27:30	1.835825,2.078850,0.637609	1.989576,2.173709,0.662807	0.095801,-0.232317,10.073452	1.835825,2.078850,0.637609	3.21466302872
16:27:30	1.864231,2.089244,0.634706	2.022829,2.173318,0.660664	0.031135,0.395178,10.535691	1.864231,2.089244,0.634706	3.20938444138
16:27:30	1.891825,2.105231,0.630834	2.050532,2.186048,0.661353	0.119751,0.641865,10.502161	1.891825,2.105231,0.630834	3.21994161606
16:27:30	1.919807,2.126450,0.627087	1.776408,1.955590,0.647182	-0.112566,0.361648,10.370435	1.919807,2.126450,0.627087	3.20938444138
16:27:30	1.947877,2.150429,0.619835	1.803411,1.979126,0.643899	0.124541,0.033530,9.992021	1.947877,2.150429,0.619835	3.21466302872
16:27:30	1.972828,2.171507,0.614530	1.829828,2.003735,0.638875	-0.270637,0.000000,10.662627	1.972828,2.171507,0.614530	3.17771244049
16:27:30	1.992027,2.185856,0.611628	1.852293,2.023621,0.635641	-0.182021,-0.179626,10.183623	1.992027,2.185856,0.611628	3.2041053772
16:27:30	2.003957,2.192898,0.608937	1.868457,2.036345,0.633522	0.141306,0.232317,10.279424	2.003957,2.192898,0.608937	3.21994161606
16:27:31	2.007750,2.192004,0.606529	1.877115,2.041242,0.631745	0.146096,0.306563,10.008787	2.007750,2.192004,0.606529	3.2252202034
16:27:31	2.003372,2.183585,0.603546	1.877534,2.038081,0.630257	0.093406,-0.205972,10.272239	2.003372,2.183585,0.603546	3.21466302872
16:27:31	1.991241,2.168007,0.600450	1.870317,2.027413,0.628757	-0.026345,0.014370,10.631492	1.991241,2.168007,0.600450	3.21466302872
16:27:31	1.972836,2.146310,0.597218	1.855901,2.009901,0.627340	0.268242,-0.057480,10.499766	1.972836,2.146310,0.597218	3.21466302872
16:27:31	1.950043,2.119776,0.594191	1.835905,1.986580,0.626284	0.172441,0.502954,10.430310	1.950043,2.119776,0.594191	3.21466302872
16:27:31	1.924743,2.090041,0.591334	1.812003,1.958812,0.625770	0.407153,0.464634,10.277029	1.924743,2.090041,0.591334	3.21466302872
16:27:31	1.898647,2.058671,0.588756	1.788611,1.931074,0.625595	0.318538,0.035925,10.624307	1.898647,2.058671,0.588756	3.2041053772
16:27:31	1.872572,2.027100,0.586943	1.760133,1.897063,0.626056	0.277822,-0.311353,10.303374	1.872572,2.027100,0.586943	3.20938444138
16:27:31	1.848008,1.997367,0.586112	1.734323,1.866026,0.627269	0.167651,0.632285,10.449470	1.848008,1.997367,0.586112	3.20938444138
16:27:31	1.825569,1.971745,0.584665	1.710538,1.837679,0.628590	0.356858,0.352068,10.193203	1.825569,1.971745,0.584665	3.2041053772
16:27:32	1.805815,1.948943,0.584344	1.689187,1.813346,0.629850	0.059875,0.203577,10.681787	1.805815,1.948943,0.584344	3.19882678986
16:27:32	1.788642,1.927390,0.585996	1.670286,1.791197,0.631894	0.455054,0.196392,10.693762	1.788642,1.927390,0.585996	3.19882678986
16:27:32	1.773432,1.906296,0.588643	1.653501,1.770141,0.634634	-0.059875,-0.105381,10.485396	1.773432,1.906296,0.588643	3.19882678986
16:27:32	1.759242,1.884641,0.592920	1.638076,1.749566,0.637677	0.294587,0.031135,10.279424	1.759242,1.884641,0.592920	3.2041053772
16:27:32	1.746153,1.861656,0.598154	1.623283,1.728265,0.641404	0.160466,-0.069456,10.626702	1.746153,1.861656,0.598154	3.2041053772
16:27:32	1.734226,1.837209,0.603955	1.609164,1.706069,0.645349	0.241897,0.153281,10.332114	1.734226,1.837209,0.603955	3.19882678986
16:27:32	1.722486,1.811546,0.610281	1.596487,1.684809,0.648961	0.337698,0.040715,10.289004	1.722486,1.811546,0.610281	3.2041053772
16:27:32	1.709456,1.785044,0.617153	1.582133,1.659580,0.652814	0.064666,0.335303,10.384805	1.709456,1.785044,0.617153	3.19882678986
16:27:32	1.694367,1.758353,0.624327	1.564836,1.634447,0.657308	0.203577,0.431104,10.363250	1.694367,1.758353,0.624327	3.19882678986
16:27:32	1.676638,1.731244,0.631570	1.582002,1.581443,0.668003	0.332908,0.996328,10.722502	1.676638,1.731244,0.631570	3.20938444138
16:27:33	1.656508,1.703391,0.640520	1.524648,1.587062,0.684772	0.256267,0.581990,10.619517	1.656508,1.703391,0.640520	3.18826961517
16:27:33	1.633685,1.675693,0.651953	1.544023,1.524553,0.673545	0.328118,0.414338,10.162068	1.633685,1.675693,0.651953	3.10381221771
16:27:33	1.607469,1.649781,0.660381	1.472670,1.538381,0.683218	0.364043,0.680186,10.490186	1.607469,1.649781,0.660381	3.2252202034
16:27:33	1.579063,1.625714,0.668693	1.401869,1.679037,0.682690	0.443079,0.028740,10.214758	1.579063,1.625714,0.668693	3.2252202034
16:27:33	1.549041,1.605170,0.676376	1.509678,1.809194,0.665769	0.141306,-0.148491,9.599238	1.549041,1.605170,0.676376	3.21466302872
16:27:33	1.517089,1.593538,0.680912	1.597254,1.791057,0.661983	0.273032,-0.007185,10.181228	1.517089,1.593538,0.680912	3.21466302872
16:27:33	1.485990,1.596641,0.683267	1.654007,1.727517,0.665988	0.143701,0.141306,10.339299	1.485990,1.596641,0.683267	3.2041053772
16:27:33	1.462505,1.615857,0.684296	1.631657,1.728201,0.670265	0.282612,-0.572410,10.365645	1.462505,1.615857,0.684296	3.19354820251
16:27:33	1.450508,1.648942,0.685194	1.592146,1.772905,0.672838	0.114961,0.744851,10.729688	1.450508,1.648942,0.685194	3.19354820251
16:27:33	1.451335,1.691528,0.684926	1.604681,1.788106,0.673646	0.102986,-0.222737,10.411150	1.451335,1.691528,0.684926	3.20938444138
16:27:34	1.466556,1.739182,0.683499	1.617640,1.822906,0.672789	0.210762,0.505349,10.272239	1.466556,1.739182,0.683499	3.19354820251
16:27:34	1.494387,1.787542,0.680607	1.631282,1.879747,0.672253	0.002395,0.392783,10.300979	1.494387,1.787542,0.680607	3.2041053772
16:27:34	1.529912,1.832749,0.676515	1.663875,1.925422,0.672163	-0.328118,0.409548,10.420730	1.529912,1.832749,0.676515	3.2041053772
16:27:34	1.568009,1.872219,0.671876	1.690798,1.980755,0.670952	-0.131726,0.205972,10.315349	1.568009,1.872219,0.671876	3.21994161606
16:27:34	1.606079,1.905323,0.666709	1.740800,2.004408,0.669779	-0.277822,-0.052690,10.633887	1.606079,1.905323,0.666709	3.21994161606
16:27:34	1.640799,1.933001,0.660706	1.783967,2.020101,0.668548	0.246687,-0.246687,10.317744	1.640799,1.933001,0.660706	3.2041053772
16:27:34	1.671897,1.954441,0.655482	1.808926,2.064370,0.667041	-0.136516,0.371228,10.327324	1.671897,1.954441,0.655482	3.20938444138
16:27:34	1.699694,1.970637,0.650951	1.847074,2.072517,0.665432	-0.158071,0.354463,10.411150	1.699694,1.970637,0.650951	3.20938444138
16:27:34	1.723415,1.984690,0.646763	1.872938,2.088361,0.665151	0.062271,0.174836,10.478210	1.723415,1.984690,0.646763	3.20938444138
16:27:34	1.744139,1.998655,0.644044	1.902616,2.090935,0.663263	-0.076641,-0.004790,10.111772	1.744139,1.998655,0.644044	3.20938444138
16:27:35	1.764000,2.014138,0.641791	1.921506,2.103331,0.663481	0.201182,0.577200,10.499766	1.764000,2.014138,0.641791	3.19354820251
16:27:35	1.784504,2.032130,0.640743	1.949383,2.108800,0.661773	0.275427,-0.277822,10.296189	1.784504,2.032130,0.640743	3.19882678986
16:27:35	1.806524,2.052464,0.639872	1.971807,2.125062,0.662587	0.033530,-0.081431,10.413545	1.806524,2.052464,0.639872	3.19882678986
16:27:35	1.829988,2.074450,0.639463	1.985092,2.163022,0.662324	0.256267,0.847837,10.451865	1.829988,2.074450,0.639463	3.19354820251
16:27:35	1.855204,2.098296,0.639510	2.016412,2.172516,0.661206	-0.095801,0.217947,10.365645	1.855204,2.098296,0.639510	3.19882678986
16:27:35	1.881780,2.124308,0.639338	2.043724,2.193529,0.662629	0.043110,-0.177231,10.241104	1.881780,2.124308,0.639338	3.18299102783
16:27:35	1.910260,2.151336,0.639653	2.062082,2.236359,0.662784	0.047900,0.019160,10.444680	1.910260,2.151336,0.639653	3.19354820251
16:27:35	1.939692,2.179555,0.640453	1.797927,2.002128,0.652311	-0.071851,0.390388,10.413545	1.939692,2.179555,0.640453	3.19354820251
16:27:35	1.967860,2.208841,0.638246	1.826242,2.031798,0.651807	-0.483794,0.069456,10.861414	1.967860,2.208841,0.638246	3.17243385315
16:27:35	1.992191,2.233593,0.638835	1.852861,2.060866,0.650218	0.335303,-0.033530,10.384805	1.992191,2.233593,0.638835	3.20938444138
16:27:36	2.010298,2.250115,0.641567	1.874800,2.083204,0.651036	0.193997,-0.160466,10.401570	2.010298,2.250115,0.641567	3.19354820251
16:27:36	2.020331,2.257179,0.644002	1.889843,2.097368,0.652280	0.038320,-0.122146,10.432705	2.020331,2.257179,0.644002	3.18826961517
16:27:36	2.021673,2.252461,0.648061	1.896472,2.101023,0.654151	0.112566,0.203577,10.667417	2.021673,2.252461,0.648061	3.19354820251
16:27:36	2.015260,2.237917,0.651276	1.894554,2.093153,0.656777	0.373623,0.646655,10.353669	2.015260,2.237917,0.651276	3.18826961517
16:27:36	2.002406,2.216181,0.653595	1.885205,2.076550,0.658710	0.239502,0.119751,10.336904	2.002406,2.216181,0.653595	3.17243385315
16:27:36	1.984507,2.187983,0.655817	1.869950,2.052907,0.660158	0.354463,0.399968,10.418335	1.984507,2.187983,0.655817	3.17771244049
16:27:36	1.963476,2.155600,0.658396	1.851826,2.026157,0.661690	0.469424,0.653840,10.403965	1.963476,2.155600,0.658396	3.17771244049
16:27:36	1.941746,2.121918,0.660582	1.827892,1.990965,0.663484	0.296982,0.105381,10.293794	1.941746,2.121918,0.660582	3.17771244049
16:27:36	1.920410,2.089066,0.662567	1.805332,1.958024,0.664869	0.325723,0.208367,10.368040	1.920410,2.089066,0.662567	3.18299102783
16:27:36	1.899884,2.058588,0.663998	1.783509,1.926565,0.666002	0.318538,0.574805,10.413545	1.899884,2.058588,0.663998	3.18826961517
16:27:37	1.880620,2.030841,0.665123	1.762516,1.897612,0.666917	0.148491,-0.107776,10.154883	1.880620,2.030841,0.665123	3.18299102783
16:27:37	1.862569,2.005203,0.666365	1.743182,1.871167,0.667507	0.392783,0.380808,10.384805	1.862569,2.005203,0.666365	3.18299102783
16:27:37	1.846067,1.980767,0.668008	1.725035,1.846651,0.668290	0.234712,3.264412,10.334509	1.846067,1.980767,0.668008	3.18826961517
16:27:37	1.831176,1.956830,0.669797	1.709779,1.824996,0.669033	0.294587,0.761616,10.511741	1.831176,1.956830,0.669797	3.18299102783
16:27:37	1.816815,1.932749,0.672120	1.692547,1.800069,0.670107	0.495769,-0.064666,10.296189	1.816815,1.932749,0.672120	3.18299102783
16:27:37	1.802281,1.907791,0.674721	1.678584,1.778829,0.670967	0.244292,0.335303,10.447075	1.802281,1.907791,0.674721	3.18299102783
16:27:37	1.786436,1.881631,0.677846	1.661023,1.752702,0.672159	0.270637,0.043110,10.360854	1.786436,1.881631,0.677846	3.17771244049
16:27:37	1.769066,1.854273,0.681019	1.643272,1.727440,0.673264	0.191602,0.416733,10.245894	1.769066,1.854273,0.681019	3.18299102783
16:27:37	1.749602,1.825556,0.683939	1.623948,1.701043,0.674035	0.347278,0.215552,10.300979	1.749602,1.825556,0.683939	3.18299102783
16:27:37	1.728903,1.795733,0.686225	1.602278,1.673151,0.674521	0.462239,0.723296,10.418335	1.728903,1.795733,0.686225	3.18299102783
16:27:38	1.703486,1.763827,0.690950	1.578010,1.643796,0.674749	0.380808,0.383203,10.265054	1.703486,1.763827,0.690950	3.18826961517
16:27:38	1.677984,1.732763,0.693627	1.552162,1.613716,0.674351	0.567620,0.488584,10.669812	1.677984,1.732763,0.693627	3.19354820251
16:27:38	1.651816,1.703459,0.695129	1.584733,1.587724,0.671104	0.150886,0.354463,10.221943	1.651816,1.703459,0.695129	3.19882678986
16:27:38	1.626046,1.677466,0.695572	1.525641,1.587204,0.657115	0.507744,1.015488,10.324929	1.626046,1.677466,0.695572	3.25161314011
16:27:38	1.600155,1.656788,0.693392	1.539443,1.530682,0.665760	0.347278,0.411943,10.839858	1.600155,1.656788,0.693392	3.15131950378
16:27:38	1.575203,1.641704,0.690379	1.476668,1.542764,0.645083	0.229922,0.938848,10.621912	1.575203,1.641704,0.690379	3.25689172745
16:27:38	1.550587,1.630018,0.685803	1.416737,1.681188,0.621846	0.134121,0.011975,10.130933	1.550587,1.630018,0.685803	3.25161314011
16:27:38	1.526278,1.621907,0.678356	1.528732,1.784331,0.634686	0.189207,0.105381,10.648257	1.526278,1.621907,0.678356	3.10381221771
16:27:38	1.501723,1.622837,0.674421	1.585217,1.766878,0.660260	0.160466,0.581990,11.156001	1.501723,1.622837,0.674421	3.08797645569
16:27:38	1.479898,1.637481,0.675485	1.623417,1.720154,0.666032	-0.076641,0.143701,10.365645	1.479898,1.637481,0.675485	3.18826961517
16:27:39	1.466808,1.664320,0.678291	1.606633,1.735198,0.668494	0.134121,-0.023950,10.447075	1.466808,1.664320,0.678291	3.17771244049
16:27:39	1.466202,1.699194,0.680619	1.580101,1.786649,0.670622	0.205972,0.205972,10.164463	1.466202,1.699194,0.680619	3.18826961517
16:27:39	1.475422,1.738968,0.682055	1.587721,1.818392,0.672399	0.280217,0.074246,10.509346	1.475422,1.738968,0.682055	3.18826961517
16:27:39	1.491197,1.781772,0.682068	1.594115,1.865258,0.673032	0.047900,0.759221,10.025552	1.491197,1.781772,0.682068	3.18299102783
16:27:39	1.511536,1.824372,0.680934	1.615642,1.903991,0.672094	0.153281,-0.237107,10.267449	1.511536,1.824372,0.680934	3.19354820251
16:27:39	1.534768,1.863977,0.679373	1.649414,1.931010,0.671780	-0.210762,0.359253,10.279424	1.534768,1.863977,0.679373	3.19354820251
16:27:39	1.559165,1.898133,0.677220	1.666006,1.978313,0.671055	0.150886,0.847837,10.200388	1.559165,1.898133,0.677220	3.19882678986
16:27:39	1.583527,1.924887,0.674719	1.699997,1.997522,0.670369	-0.102986,0.083826,10.224338	1.583527,1.924887,0.674719	3.19354820251
16:27:39	1.606385,1.944314,0.671889	1.728725,2.009128,0.669706	-0.232317,0.028740,10.260264	1.606385,1.944314,0.671889	3.18826961517
16:27:39	1.627471,1.957780,0.669150	1.753664,2.026906,0.668317	0.098196,0.445474,10.638677	1.627471,1.957780,0.669150	3.18299102783
16:27:40	1.646606,1.967078,0.666920	1.764856,2.053605,0.667345	0.153281,-0.038320,10.279424	1.646606,1.967078,0.666920	3.19354820251
16:27:40	1.662275,1.975529,0.664823	1.782172,2.062958,0.666511	0.174836,-0.023950,10.478210	1.662275,1.975529,0.664823	3.18826961517
16:27:40	1.674260,1.987937,0.661484	1.802893,2.062936,0.665478	0.282612,0.598755,10.590776	1.674260,1.987937,0.661484	3.19354820251
16:27:40	1.684739,2.006094,0.658019	1.814874,2.075757,0.664149	0.071851,-0.354463,10.174043	1.684739,2.006094,0.658019	3.18826961517
16:27:40	1.695870,2.029051,0.655374	1.827294,2.092353,0.663078	-0.213157,0.670605,10.643467	1.695870,2.029051,0.655374	3.18299102783
16:27:40	1.708797,2.056968,0.653168	1.845454,2.104312,0.661618	-0.079036,0.253872,10.109377	1.708797,2.056968,0.653168	3.18826961517
16:27:40	1.724720,2.089691,0.650490	1.861645,2.128049,0.661029	0.179626,0.325723,10.739268	1.724720,2.089691,0.650490	3.17771244049
16:27:40	1.744884,2.125295,0.648387	1.883742,2.148565,0.659425	0.193997,0.071851,10.150093	1.744884,2.125295,0.648387	3.18826961517
16:27:40	1.768865,2.161248,0.646306	1.907596,2.176294,0.659147	-0.179626,0.201182,10.104587	1.768865,2.161248,0.646306	3.18299102783
16:27:40	1.795805,2.196496,0.644431	1.929576,2.222819,0.658717	-0.347278,0.155676,10.425520	1.795805,2.196496,0.644431	3.18826961517
16:27:41	1.824319,2.231277,0.642181	1.960780,2.245011,0.657268	0.490979,0.593965,10.224338	1.824319,2.231277,0.642181	3.18826961517
16:27:41	1.853255,2.264026,0.639420	1.749894,2.102267,0.649754	0.083826,0.960403,10.358459	1.853255,2.264026,0.639420	3.18826961517
16:27:41	1.882050,2.290344,0.636884	1.779946,2.137066,0.647302	0.076641,0.285007,10.612332	1.882050,2.290344,0.636884	3.16715526581
16:27:41	1.908151,2.304481,0.637219	1.806809,2.160890,0.645697	0.067061,0.431104,10.768008	1.908151,2.304481,0.637219	3.18826961517
16:27:41	1.927786,2.304352,0.639472	1.829035,2.171204,0.646526	0.028740,0.222737,10.665022	1.927786,2.304352,0.639472	3.19354820251
16:27:41	1.939120,2.293619,0.640684	1.843985,2.168570,0.647964	0.095801,0.661025,10.588381	1.939120,2.293619,0.640684	3.18299102783
16:27:41	1.942555,2.274633,0.640408	1.850830,2.156148,0.648341	0.210762,0.507744,10.315349	1.942555,2.274633,0.640408	3.18299102783
16:27:41	1.938435,2.249194,0.639687	1.849947,2.135781,0.648223	0.045505,0.481399,10.698552	1.938435,2.249194,0.639687	3.17771244049
16:27:41	1.927528,2.220014,0.638585	1.842246,2.109783,0.647839	0.009580,0.126936,10.655442	1.927528,2.220014,0.638585	3.17771244049
16:27:41	1.910930,2.189939,0.636898	1.828440,2.080667,0.647246	0.011975,0.148491,10.109377	1.910930,2.189939,0.636898	3.17771244049
16:27:42	1.889958,2.160814,0.634796	1.809893,2.050924,0.646337	0.455054,0.282612,10.339299	1.889958,2.160814,0.634796	3.18299102783
16:27:42	1.866674,2.134125,0.632292	1.788202,2.022389,0.645178	0.299377,0.479004,10.265054	1.866674,2.134125,0.632292	3.18299102783
16:27:42	1.842901,2.110786,0.629861	1.765051,1.996395,0.643998	0.354463,-0.177231,10.080637	1.842901,2.110786,0.629861	3.17771244049
16:27:42	1.820207,2.090967,0.627859	1.742374,1.973663,0.643022	0.294587,0.356858,9.965676	1.820207,2.090967,0.627859	3.17771244049
16:27:42	1.799121,2.073803,0.626631	1.721330,1.954091,0.642302	0.565225,0.105381,9.893826	1.799121,2.073803,0.626631	3.17771244049
16:27:42	1.780586,2.058056,0.626405	1.702214,1.936620,0.642287	0.344883,-0.189207,10.233918	1.780586,2.058056,0.626405	3.18299102783
16:27:42	1.764453,2.044175,0.626295	1.685457,1.920828,0.642672	0.035925,0.131726,10.363250	1.764453,2.044175,0.626295	3.17771244049
16:27:42	1.750232,2.031835,0.626151	1.671026,1.906919,0.642980	0.222737,0.280217,10.356064	1.750232,2.031835,0.626151	3.17771244049
16:27:42	1.737897,2.018870,0.626645	1.658189,1.894209,0.643435	0.517324,0.627495,10.456655	1.737897,2.018870,0.626645	3.17771244049
16:27:42	1.725950,2.004135,0.627981	1.646580,1.880307,0.644318	0.193997,0.311353,10.502161	1.725950,2.004135,0.627981	3.18299102783
16:27:43	1.714193,1.987441,0.629492	1.634984,1.864793,0.645622	0.347278,-0.256267,10.087822	1.714193,1.987441,0.629492	3.17771244049
16:27:43	1.702361,1.968167,0.631287	1.623150,1.847243,0.646930	0.423918,0.464634,10.281819	1.702361,1.968167,0.631287	3.17771244049
16:27:43	1.690215,1.945903,0.634462	1.611124,1.827060,0.648690	0.160466,0.301772,10.116563	1.690215,1.945903,0.634462	3.17771244049
16:27:43	1.678029,1.921984,0.637660	1.598503,1.804376,0.651001	0.114961,0.270637,10.133328	1.678029,1.921984,0.637660	3.18299102783
16:27:43	1.666211,1.897838,0.640788	1.585667,1.780701,0.653159	0.289797,-0.071851,10.219548	1.666211,1.897838,0.640788	3.18299102783
16:27:43	1.655027,1.874094,0.644133	1.573174,1.757178,0.655291	0.342488,0.289797,10.358459	1.655027,1.874094,0.644133	3.17243385315
16:27:43	1.644336,1.851231,0.647697	1.561249,1.734250,0.657462	0.196392,-0.026345,10.334509	1.644336,1.851231,0.647697	3.18299102783
16:27:43	1.634155,1.829501,0.651070	1.549709,1.712467,0.659418	0.150886,0.433499,9.996812	1.634155,1.829501,0.651070	3.18299102783
16:27:43	1.624173,1.808772,0.654500	1.538655,1.691644,0.661142	0.021555,-0.035925,10.104587	1.624173,1.808772,0.654500	3.18299102783
16:27:43	1.614657,1.790133,0.657909	1.563642,1.652991,0.663840	0.706531,0.955613,10.459050	1.614657,1.790133,0.657909	3.18299102783
16:27:44	1.605916,1.774648,0.660584	1.531643,1.646112,0.667459	0.256267,-0.129331,10.370435	1.605916,1.774648,0.660584	3.17771244049
16:27:44	1.598526,1.761888,0.651583	1.475861,1.673626,0.671482	-0.146096,0.031135,8.097561	1.598526,1.761888,0.651583	3.15131950378
16:27:44	1.590048,1.752579,0.624457	1.495748,1.718355,0.718089	0.237107,0.215552,9.843530	1.590048,1.752579,0.624457	3.14604091644
16:27:44	1.577027,1.750775,0.597141	1.608213,1.829416,0.779931	0.165256,0.517324,10.406360	1.577027,1.750775,0.597141	3.15659809113
16:27:44	1.559849,1.761385,0.572859	1.710983,1.793455,0.723066	0.026345,-0.546064,10.566826	1.559849,1.761385,0.572859	3.17771244049
16:27:44	1.543770,1.789056,0.549656	1.692799,1.823925,0.679704	0.107776,-0.313748,10.753638	1.543770,1.789056,0.549656	3.14604091644
16:27:44	1.536063,1.834331,0.529036	1.659009,1.892856,0.656206	0.040715,0.095801,10.394385	1.536063,1.834331,0.529036	3.17243385315
16:27:44	1.539943,1.894558,0.509934	1.662226,1.934509,0.632568	-0.196392,0.416733,10.521321	1.539943,1.894558,0.509934	3.17243385315
16:27:44	1.554208,1.965118,0.492217	1.675152,1.990095,0.613709	0.069456,0.328118,10.454260	1.554208,1.965118,0.492217	3.17243385315
16:27:44	1.575528,2.041310,0.476802	1.696083,2.054829,0.597764	-0.074246,-0.055085,10.389595	1.575528,2.041310,0.476802	3.17243385315
16:27:45	1.602202,2.118634,0.463426	1.727864,2.106765,0.588058	-0.014370,-0.057480,10.655442	1.602202,2.118634,0.463426	3.16715526581
16:27:45	1.632186,2.192061,0.452307	1.756716,2.161718,0.591380	-0.170046,-0.445474,10.135723	1.632186,2.192061,0.452307	3.16715526581
16:27:45	1.662993,2.258217,0.416723	1.787891,2.230240,0.576908	-0.038320,0.196392,5.223538	1.662993,2.258217,0.416723	3.58416438103
16:27:45	1.693285,2.316906,0.301881	1.810184,2.275011,0.554189	-0.028740,0.222737,2.931504	1.693285,2.316906,0.301881	3.58944296837
16:27:45	1.721669,2.369235,0.085878	1.816195,2.317008,0.464991	0.004790,0.201182,1.973496	1.721669,2.369235,0.085878	3.59472155571
16:27:45	1.752335,2.416815,-0.050104	1.811929,2.361766,0.261692	6.128855,7.038962,13.026511	1.752335,2.416815,-0.050104	3.59472155571
16:27:45	1.766033,2.431710,-0.036794	1.835047,2.392872,0.241169	0.366438,0.831072,1.832190	1.766033,2.431710,-0.036794	3.60000014305
16:27:45	1.805284,2.477335,-0.056771	1.856376,2.415416,0.241467	-0.613125,7.599397,4.014053	1.805284,2.477335,-0.056771	3.60000014305
16:27:45	1.817887,2.510546,-0.063811	1.874145,2.452939,0.211549	-0.689766,1.269360,2.514771	1.817887,2.510546,-0.063811	3.60527873039
16:27:45	1.820256,2.518257,-0.071409	1.879727,2.469290,0.209358	-0.162861,-0.203577,9.924961	1.820256,2.518257,-0.071409	3.60527873039
16:27:46	1.820320,2.518181,-0.071399	1.879925,2.470287,0.209830	-0.038320,0.160466,10.303374	1.820320,2.518181,-0.071399	3.61055731773
16:27:46	1.820303,2.518173,-0.071379	1.879932,2.470285,0.209669	0.009580,0.261057,10.324929	1.820303,2.518173,-0.071379	3.61055731773
