# Flight Log 
# 25 08 17 - 19:28:54
Time		X,Y,Z				goalX,goalY,goalZ		ddx,ddy,ddz			angularx,angulary,angularz	battery
19:28:54	0.000000,0.000000,0.000000	0.000000,0.000000,0.000000	0.000000,0.000000,0.000000	0.000000,0.000000,0.000000	0
19:28:54	0.955172,4.219633,0.389268	0.000000,0.000000,0.000000	-0.201182,0.146096,10.236313	0.955172,4.219633,0.389268	0
19:28:55	0.955123,4.219636,0.389214	0.959846,4.419017,0.359313	-0.201182,0.148491,10.236313	0.955123,4.219636,0.389214	3.94310855865
19:28:55	0.955108,4.219649,0.389198	0.959439,4.418997,0.358466	-0.198787,0.143701,10.243499	0.955108,4.219649,0.389198	3.94310855865
19:28:55	0.955140,4.219631,0.389315	0.959305,4.419005,0.358239	-0.201182,0.136516,10.236313	0.955140,4.219631,0.389315	3.94310855865
19:28:55	0.955195,4.219602,0.389292	0.959581,4.419045,0.360043	-0.201182,0.146096,10.243499	0.955195,4.219602,0.389292	3.94310855865
19:28:55	0.955113,4.219647,0.389180	0.960046,4.418993,0.359655	-0.201182,0.141306,10.243499	0.955113,4.219647,0.389180	3.94310855865
19:28:55	0.955198,4.219599,0.389265	0.959353,4.418992,0.357948	-0.201182,0.141306,10.238708	0.955198,4.219599,0.389265	3.94310855865
19:28:55	0.955103,4.219644,0.389210	0.960070,4.418975,0.359235	-0.198787,0.143701,10.236313	0.955103,4.219644,0.389210	3.94310855865
19:28:55	0.955155,4.219693,0.389248	0.959267,4.419007,0.358410	-0.196392,0.143701,10.233918	0.955155,4.219693,0.389248	3.94310855865
19:28:55	0.955171,4.219619,0.389266	0.959687,4.419071,0.359047	-0.196392,0.136516,10.241104	0.955171,4.219619,0.389266	3.94310855865
19:28:55	0.955113,4.219651,0.389282	0.959845,4.419001,0.359277	-0.203577,0.143701,10.238708	0.955113,4.219651,0.389282	3.94310855865
19:28:56	0.955125,4.219596,0.389205	0.959348,4.419053,0.359547	-0.201182,0.148491,10.243499	0.955125,4.219596,0.389205	3.94310855865
19:28:56	0.955199,4.219609,0.389269	0.959470,4.418951,0.358295	-0.210762,0.143701,10.233918	0.955199,4.219609,0.389269	3.86392951012
19:28:56	0.955077,4.219638,0.389195	0.960081,4.418988,0.359310	-0.138911,0.174836,10.236313	0.955077,4.219638,0.389195	3.85337233543
19:28:56	0.955204,4.219575,0.389236	0.959058,4.418996,0.358179	-0.122146,0.134121,10.236313	0.955204,4.219575,0.389236	3.84809374809
19:28:56	0.955097,4.219613,0.389259	0.960130,4.418933,0.358768	-0.177231,0.174836,10.296189	0.955097,4.219613,0.389259	3.84281516075
19:28:56	0.955120,4.219621,0.389177	0.959230,4.419003,0.359155	-0.215552,0.064666,10.111772	0.955120,4.219621,0.389177	3.83225798607
19:28:56	0.955062,4.219634,0.389211	0.959419,4.418961,0.357880	-0.167651,0.153281,10.315349	0.955062,4.219634,0.389211	3.82697939873
19:28:56	0.955119,4.219653,0.389191	0.958931,4.419003,0.358416	-0.182021,0.189207,10.334509	0.955119,4.219653,0.389191	3.81642222404
19:28:56	0.955134,4.219624,0.389181	0.959400,4.419003,0.358132	-0.189207,0.167651,10.339299	0.955134,4.219624,0.389181	3.80586504936
19:28:56	0.955125,4.219644,0.389302	0.959533,4.418965,0.357948	-0.172441,0.134121,10.341694	0.955125,4.219644,0.389302	3.79530787468
19:28:57	0.955095,4.219607,0.389161	0.959452,4.419054,0.359851	-0.146096,0.208367,10.310559	0.955095,4.219607,0.389161	3.79530787468
19:28:57	0.955089,4.219610,0.389189	0.959216,4.418942,0.357619	-0.131726,0.074246,10.329719	0.955089,4.219610,0.389189	3.79530787468
19:28:57	0.955190,4.219581,0.389311	0.959159,4.418962,0.358059	-0.174836,0.162861,10.267449	0.955190,4.219581,0.389311	3.76891493797
19:28:57	0.955157,4.219564,0.389288	0.960016,4.418983,0.359945	-0.182021,0.057480,10.205178	0.955157,4.219564,0.389288	3.75835776329
19:28:57	0.955207,4.219574,0.389253	0.959743,4.418959,0.359577	-0.148491,0.035925,10.233918	0.955207,4.219574,0.389253	3.74780058861
19:28:57	0.955051,4.219659,0.389166	0.960156,4.418941,0.359031	-0.241897,0.112566,10.169253	0.955051,4.219659,0.389166	3.74780058861
19:28:57	0.955145,4.219586,0.389342	0.958836,4.419005,0.357745	-0.225132,0.136516,10.138118	0.955145,4.219586,0.389342	3.72668623924
19:28:57	0.954958,4.219329,0.389195	0.959641,4.419012,0.360426	-0.261057,0.227527,10.114167	0.954958,4.219329,0.389195	3.71612906456
19:28:57	0.954692,4.219051,0.389305	0.958152,4.418692,0.357950	-0.069456,0.340093,10.281819	0.954692,4.219051,0.389305	3.70557188988
19:28:57	0.954575,4.218420,0.389277	0.955990,4.418490,0.359476	-0.201182,0.093406,10.193203	0.954575,4.218420,0.389277	3.69501471519
19:28:58	0.954597,4.217957,0.389093	0.955141,4.417829,0.358566	-0.306563,0.102986,10.171648	0.954597,4.217957,0.389093	3.68445754051
19:28:58	0.954643,4.217740,0.389393	0.955433,4.417238,0.355228	-0.193997,0.105381,10.181228	0.954643,4.217740,0.389393	3.67390036583
19:28:58	0.954091,4.217505,0.389557	0.955883,4.417192,0.359927	-0.292192,-0.004790,10.233918	0.954091,4.217505,0.389557	3.66334319115
19:28:58	0.953523,4.217239,0.389331	0.951136,4.417022,0.362430	-0.189207,0.114961,10.348879	0.953523,4.217239,0.389331	3.65278601646
19:28:58	0.953394,4.216982,0.389426	0.946204,4.416512,0.358550	-0.071851,0.277822,10.166858	0.953394,4.216982,0.389426	3.64222884178
19:28:58	0.953549,4.216460,0.389490	0.945077,4.416264,0.359924	-0.268242,0.198787,10.145303	0.953549,4.216460,0.389490	3.62639307976
19:28:58	0.953690,4.215525,0.389093	0.946457,4.415812,0.360602	-0.229922,-0.035925,10.190808	0.953690,4.215525,0.389093	3.61583590508
19:28:58	0.953835,4.214017,0.389327	0.947773,4.414625,0.353091	-0.390388,-0.043110,10.049502	0.953835,4.214017,0.389327	3.60000014305
19:28:58	0.953169,4.213531,0.389321	0.949239,4.413258,0.355749	-0.287402,0.546064,10.327324	0.953169,4.213531,0.389321	3.60000014305
19:28:58	0.951821,4.212732,0.389271	0.942954,4.412541,0.355221	-0.332908,0.105381,10.214758	0.951821,4.212732,0.389271	3.57888579369
19:28:59	0.950134,4.211616,0.389673	0.929899,4.410729,0.353683	-0.220342,-0.004790,10.059082	0.950134,4.211616,0.389673	3.56305003166
19:28:59	0.947978,4.209491,0.389341	0.912949,4.407581,0.360358	-0.610730,0.112566,10.248289	0.947978,4.209491,0.389341	3.54193544388
19:28:59	0.945196,4.207112,0.389290	0.889743,4.399943,0.352641	-0.534089,0.287402,10.233918	0.945196,4.207112,0.389290	3.5313782692
19:28:59	0.940656,4.203796,0.389334	0.859087,4.386578,0.350458	-0.395178,-0.107776,10.154883	0.940656,4.203796,0.389334	3.51554250717
19:28:59	0.933658,4.199819,0.390282	0.812328,4.356028,0.351510	-0.201182,-0.356858,10.341694	0.933658,4.199819,0.390282	3.49970674515
19:28:59	0.924070,4.191740,0.393715	0.735035,4.176801,0.399033	-0.095801,-0.045505,10.339299	0.924070,4.191740,0.393715	3.48387098312
19:28:59	0.906949,4.175522,0.400037	0.727664,4.155047,0.411413	-0.189207,0.277822,10.732083	0.906949,4.175522,0.400037	3.4680352211
19:28:59	0.878367,4.147644,0.405788	0.711396,4.134531,0.417791	-0.850232,0.136516,10.099797	0.878367,4.147644,0.405788	3.44692087173
19:28:59	0.837193,4.104921,0.407771	0.747624,3.996477,0.390983	-0.986748,0.407153,10.471025	0.837193,4.104921,0.407771	3.43636369705
19:28:59	0.790415,4.049901,0.406997	0.712980,3.948199,0.401673	0.186812,-0.076641,9.783655	0.790415,4.049901,0.406997	3.40997076035
19:29:00	0.742312,3.983126,0.405552	0.615692,3.952715,0.396704	-1.049019,0.742456,10.700947	0.742312,3.983126,0.405552	3.404692173
19:29:00	0.692331,3.907464,0.407377	0.582348,3.863094,0.401592	0.598755,-0.479004,10.729688	0.692331,3.907464,0.407377	3.34134912491
19:29:00	0.640550,3.824998,0.414324	0.553056,3.763928,0.406898	-1.068179,0.493374,10.703342	0.640550,3.824998,0.414324	3.33079195023
19:29:00	0.588380,3.739154,0.425754	0.516304,3.668310,0.421254	0.352068,-0.172441,10.921289	0.588380,3.739154,0.425754	3.29912042618
19:29:00	0.537129,3.650830,0.443922	0.475155,3.574423,0.438997	-0.225132,0.095801,10.516531	0.537129,3.650830,0.443922	3.34134912491
19:29:00	0.489290,3.560606,0.467624	0.383820,3.523900,0.483181	-0.340093,0.361648,10.878179	0.489290,3.560606,0.467624	3.18299102783
19:29:00	0.447022,3.472040,0.497208	0.366835,3.404891,0.522680	-0.831072,0.387993,11.076965	0.447022,3.472040,0.497208	3.35718488693
19:29:00	0.411402,3.388273,0.533105	0.343659,3.304013,0.563024	0.071851,0.311353,10.758428	0.411402,3.388273,0.533105	3.24633455276
19:29:00	0.382788,3.308216,0.574648	0.321342,3.213809,0.609305	-0.079036,-0.196392,10.727292	0.382788,3.308216,0.574648	3.16715526581
19:29:00	0.360233,3.231193,0.620278	0.302768,3.130018,0.660488	0.790356,-0.249082,10.197993	0.360233,3.231193,0.620278	3.16715526581
19:29:01	0.342695,3.158089,0.666017	0.408352,3.073177,0.605981	-0.184417,0.021555,9.697434	0.342695,3.158089,0.666017	3.51554250717
19:29:01	0.330014,3.090234,0.701372	0.395746,3.007679,0.640512	-0.411943,0.208367,9.721384	0.330014,3.090234,0.701372	3.43108510971
19:29:01	0.324932,3.028651,0.730967	0.386397,2.941370,0.669085	-0.960403,0.301772,10.260264	0.324932,3.028651,0.730967	3.38357782364
19:29:01	0.327513,2.972280,0.760318	0.384296,2.880997,0.697843	0.076641,0.220342,9.992021	0.327513,2.972280,0.760318	3.33079195023
19:29:01	0.334752,2.918317,0.789945	0.389248,2.826011,0.720611	-0.689766,0.471819,10.391990	0.334752,2.918317,0.789945	3.29912042618
19:29:01	0.344177,2.864694,0.818933	0.398585,2.773488,0.743049	-0.522114,-0.150886,10.178833	0.344177,2.864694,0.818933	3.39941358566
19:29:01	0.353310,2.810517,0.846914	0.411260,2.722121,0.763333	-0.802332,0.510139,10.765613	0.353310,2.810517,0.846914	3.32023477554
19:29:01	0.359824,2.754024,0.875240	0.425441,2.671262,0.783499	-0.790356,0.117356,10.406360	0.359824,2.754024,0.875240	3.3149561882
19:29:01	0.362925,2.694662,0.901482	0.436262,2.618413,0.801292	-0.416733,-0.174836,10.138118	0.362925,2.694662,0.901482	3.39941358566
19:29:01	0.363298,2.633548,0.924640	0.445748,2.564167,0.818746	-0.673000,0.201182,10.166858	0.363298,2.633548,0.924640	3.3782992363
19:29:02	0.362245,2.572886,0.944330	0.450334,2.507502,0.832180	0.035925,0.028740,9.879456	0.362245,2.572886,0.944330	3.36246347427
19:29:02	0.361616,2.514097,0.960762	0.458568,2.451065,0.842709	0.098196,0.040715,9.812395	0.361616,2.514097,0.960762	3.39941358566
19:29:02	0.362202,2.457643,0.973625	0.461570,2.404336,0.841404	-0.011975,0.318538,9.896221	0.362202,2.457643,0.973625	3.44164228439
19:29:02	0.364193,2.403510,0.981702	0.469259,2.356817,0.847566	-0.165256,0.172441,9.709409	0.364193,2.403510,0.981702	3.44164228439
19:29:02	0.367716,2.352659,0.985693	0.475730,2.310361,0.847797	-0.768801,0.325723,9.898616	0.367716,2.352659,0.985693	3.42052793503
19:29:02	0.373312,2.306100,0.985846	0.485080,2.266577,0.852791	-0.471819,0.292192,9.982441	0.373312,2.306100,0.985846	3.404692173
19:29:02	0.381704,2.264082,0.982523	0.495304,2.231416,0.842456	-0.110171,0.007185,9.683064	0.381704,2.264082,0.982523	3.47331380844
19:29:02	0.393369,2.226426,0.975480	0.505540,2.193850,0.836479	-0.490979,0.318538,9.893826	0.393369,2.226426,0.975480	3.42580652237
19:29:02	0.407046,2.192695,0.965300	0.520459,2.164492,0.825650	-0.011975,0.071851,10.037527	0.407046,2.192695,0.965300	3.42580652237
19:29:02	0.421260,2.162191,0.951285	0.538887,2.140675,0.816815	-0.675396,-0.038320,9.735754	0.421260,2.162191,0.951285	3.45219945908
19:29:03	0.437035,2.133456,0.933684	0.554535,2.113691,0.803158	-0.273032,-0.158071,9.956096	0.437035,2.133456,0.933684	3.41524934769
19:29:03	0.455552,2.104231,0.914330	0.574617,2.094741,0.789844	-0.833467,-0.083826,10.157278	0.455552,2.104231,0.914330	3.43636369705
19:29:03	0.475647,2.074431,0.892254	0.594586,2.069223,0.772288	-0.912502,-0.035925,10.140513	0.475647,2.074431,0.892254	3.43636369705
19:29:03	0.496470,2.045308,0.866241	0.617194,2.049182,0.751872	-0.373623,-0.043110,9.450747	0.496470,2.045308,0.866241	3.49442815781
19:29:03	0.519030,2.018328,0.834238	0.638632,2.025497,0.724854	-0.059875,-0.091011,9.912986	0.519030,2.018328,0.834238	3.45747804642
19:29:03	0.543788,1.993511,0.798697	0.663100,2.002649,0.698622	-0.344883,-0.153281,9.807605	0.543788,1.993511,0.798697	3.47859239578
19:29:03	0.569008,1.971484,0.760060	0.691205,1.988499,0.674710	-0.912502,0.354463,10.083032	0.569008,1.971484,0.760060	3.49970674515
19:29:03	0.592131,1.952278,0.719630	0.721125,1.970565,0.660871	-0.886157,0.093406,10.485396	0.592131,1.952278,0.719630	3.43636369705
19:29:03	0.612761,1.935138,0.678677	0.746920,1.954925,0.638802	-0.615520,-0.004790,10.042317	0.612761,1.935138,0.678677	3.46275663376
19:29:03	0.630804,1.919864,0.640094	0.645677,2.038917,0.746910	-1.286125,0.608335,11.033855	0.630804,1.919864,0.640094	3.16715526581
19:29:04	0.644990,1.907974,0.603661	0.788703,1.928052,0.591075	-0.421523,-0.124541,9.292676	0.644990,1.907974,0.603661	3.77947211266
19:29:04	0.653585,1.901822,0.561302	0.679673,2.055216,0.698613	-0.306563,-0.581990,10.425520	0.653585,1.901822,0.561302	3.21994161606
19:29:04	0.657759,1.900351,0.521007	0.812879,1.912736,0.540666	-0.696951,0.165256,9.953701	0.657759,1.900351,0.521007	3.21994161606
19:29:04	0.660218,1.900942,0.477764	0.718399,1.995552,0.747807	0.177231,-0.617915,10.341694	0.660218,1.900942,0.477764	3.18299102783
19:29:04	0.662055,1.901513,0.438847	0.818610,1.923256,0.485259	-0.287402,-0.222737,9.426797	0.662055,1.901513,0.438847	3.66862177849
19:29:04	0.663759,1.901572,0.394987	0.818861,1.929123,0.470440	0.107776,-0.318538,10.209968	0.663759,1.901572,0.394987	3.35718488693
19:29:04	0.669881,1.898847,0.353532	0.817498,1.939629,0.440423	-0.191602,0.050295,10.329719	0.669881,1.898847,0.353532	3.47859239578
19:29:04	0.685741,1.890628,0.313060	0.818890,1.948887,0.413283	-0.318538,-0.294587,10.267449	0.685741,1.890628,0.313060	3.45219945908
19:29:04	0.711316,1.877885,0.272133	0.829151,1.951846,0.384779	-0.912502,0.076641,10.183623	0.711316,1.877885,0.272133	3.48914957047
19:29:04	0.745268,1.862450,0.230834	0.847677,1.950492,0.355414	-0.768801,0.086221,10.138118	0.745268,1.862450,0.230834	3.47331380844
19:29:05	0.785275,1.844751,0.188375	0.875012,1.944047,0.322670	-0.241897,-0.234712,9.764495	0.785275,1.844751,0.188375	3.46275663376
19:29:05	0.829448,1.824688,0.140811	0.905812,1.936762,0.290447	-0.232317,-0.052690,9.769285	0.829448,1.824688,0.140811	3.46275663376
19:29:05	0.877127,1.803629,0.093586	0.942973,1.920056,0.261091	-0.148491,-0.320933,10.279424	0.877127,1.803629,0.093586	3.44692087173
19:29:05	0.924758,1.784568,0.049265	0.985235,1.903876,0.217892	-0.658630,-0.167651,10.415940	0.924758,1.784568,0.049265	3.49442815781
19:29:05	0.969176,1.769325,0.006108	1.027473,1.888153,0.180717	-0.122146,-0.052690,10.533296	0.969176,1.769325,0.006108	3.50498533249
19:29:05	1.008895,1.758808,-0.032441	1.067658,1.871905,0.152787	-0.467029,0.153281,10.614727	1.008895,1.758808,-0.032441	3.4680352211
19:29:05	1.044757,1.750932,-0.062123	1.106174,1.862633,0.116567	0.215552,-0.110171,10.813513	1.044757,1.750932,-0.062123	3.4680352211
19:29:05	1.080370,1.743522,-0.071984	1.136677,1.853788,0.100006	-1.147214,0.258662,13.004956	1.080370,1.743522,-0.071984	3.42580652237
19:29:05	1.114201,1.733914,-0.055761	1.170052,1.848811,0.088906	-1.137634,0.409548,12.001443	1.114201,1.733914,-0.055761	3.39941358566
19:29:05	1.145032,1.724174,-0.030360	1.200238,1.840565,0.109444	-0.974773,0.210762,10.765613	1.145032,1.724174,-0.030360	3.29912042618
19:29:06	1.172574,1.712663,-0.002018	1.228910,1.833722,0.131674	0.390388,-0.644260,10.099797	1.172574,1.712663,-0.002018	3.2885632515
19:29:06	1.198763,1.694879,0.026907	1.253468,1.823848,0.161616	0.598755,-0.555645,9.898616	1.198763,1.694879,0.026907	3.21994161606
19:29:06	1.220915,1.673589,0.053615	1.276100,1.811262,0.182781	0.589175,-0.586780,9.604028	1.220915,1.673589,0.053615	3.29384183884
19:29:06	1.240397,1.649006,0.077652	1.295238,1.791723,0.210079	-1.439407,0.359253,10.839858	1.240397,1.649006,0.077652	3.23577737808
19:29:06	1.259066,1.619455,0.102157	1.313476,1.769140,0.230326	-0.603545,0.105381,10.286609	1.259066,1.619455,0.102157	3.2885632515
19:29:06	1.277380,1.584302,0.125886	1.327988,1.742819,0.252240	-0.285007,-0.033530,10.015972	1.277380,1.584302,0.125886	3.28328466415
19:29:06	1.294404,1.544726,0.148179	1.343266,1.709421,0.275611	-1.271755,0.016765,10.497371	1.294404,1.544726,0.148179	3.28328466415
19:29:06	1.310276,1.502903,0.168210	1.359670,1.672952,0.288156	-0.421523,-0.268242,9.889036	1.310276,1.502903,0.168210	3.38885641098
19:29:06	1.325672,1.462266,0.185201	1.373161,1.633819,0.302471	-0.536484,0.047900,10.269844	1.325672,1.462266,0.185201	3.29912042618
19:29:06	1.338054,1.425808,0.199993	1.387963,1.595506,0.311171	-0.184417,-0.201182,9.886641	1.338054,1.425808,0.199993	3.29912042618
19:29:07	1.347228,1.394027,0.211280	1.401118,1.559905,0.320671	-0.651445,-0.071851,10.186018	1.347228,1.394027,0.211280	3.33079195023
19:29:07	1.354207,1.369234,0.220885	1.410331,1.529470,0.325704	-0.004790,-0.246687,10.092612	1.354207,1.369234,0.220885	3.35190629959
19:29:07	1.359870,1.352809,0.228431	1.416136,1.505784,0.332582	-0.665815,0.256267,10.190808	1.359870,1.352809,0.228431	3.34134912491
19:29:07	1.365454,1.343123,0.234972	1.423515,1.489127,0.337370	-0.011975,-0.124541,10.068662	1.365454,1.343123,0.234972	3.35718488693
19:29:07	1.372661,1.337927,0.239725	1.429547,1.478968,0.345209	-1.087339,-0.035925,10.487791	1.372661,1.337927,0.239725	3.32551336288
19:29:07	1.381989,1.337337,0.243705	1.438552,1.473237,0.348339	-0.787961,-0.050295,10.286609	1.381989,1.337337,0.243705	3.34662771225
19:29:07	1.392840,1.341491,0.247522	1.447237,1.473042,0.351903	-0.890947,-0.189207,10.351274	1.392840,1.341491,0.247522	3.34662771225
19:29:07	1.405490,1.349824,0.250374	1.458869,1.477318,0.353182	-1.125659,-0.095801,10.418335	1.405490,1.349824,0.250374	3.35190629959
19:29:07	1.419341,1.362071,0.252063	1.470901,1.485900,0.356294	-0.744851,-0.028740,10.346484	1.419341,1.362071,0.252063	3.33607053757
19:29:07	1.432863,1.377874,0.254546	1.485136,1.497307,0.361280	-0.998723,-0.129331,10.305769	1.432863,1.377874,0.254546	3.33079195023
19:29:08	1.447161,1.395662,0.257298	1.500537,1.512196,0.363684	-0.608335,-0.160466,10.171648	1.447161,1.395662,0.257298	3.33079195023
19:29:08	1.460874,1.413821,0.258596	1.640477,1.379038,0.354300	-0.993933,-0.191602,10.023157	1.460874,1.413821,0.258596	3.40997076035
19:29:08	1.475049,1.429431,0.256465	1.648758,1.467152,0.344745	-0.479004,-0.404758,10.111772	1.475049,1.429431,0.256465	3.38885641098
19:29:08	1.493037,1.439286,0.251964	1.652873,1.515333,0.319700	-1.013093,-0.170046,9.757310	1.493037,1.439286,0.251964	3.4680352211
19:29:08	1.515595,1.444121,0.244004	1.667733,1.534389,0.293752	-0.332908,-0.155676,9.810000	1.515595,1.444121,0.244004	3.34662771225
19:29:08	1.540873,1.446658,0.231469	1.692611,1.536603,0.265203	-0.735271,-0.110171,9.774075	1.540873,1.446658,0.231469	3.34662771225
19:29:08	1.568247,1.449127,0.214831	1.720734,1.534112,0.228923	-0.639470,-0.162861,9.853110	1.568247,1.449127,0.214831	3.34662771225
19:29:08	1.597733,1.453523,0.193949	1.749446,1.532800,0.189083	-0.831072,0.055085,10.039922	1.597733,1.453523,0.193949	3.51554250717
19:29:08	1.629189,1.460443,0.168875	1.778396,1.536074,0.147212	-0.217947,0.205972,9.838740	1.629189,1.460443,0.168875	3.50498533249
19:29:08	1.661060,1.469857,0.141479	1.808710,1.542457,0.104190	-0.376018,0.062271,10.154883	1.661060,1.469857,0.141479	3.33607053757
19:29:09	1.691134,1.481727,0.113966	1.838607,1.552889,0.061910	-0.756826,-0.062271,10.092612	1.691134,1.481727,0.113966	3.44164228439
19:29:09	1.718332,1.496765,0.083067	1.866128,1.567319,0.023392	-1.013093,-0.035925,10.140513	1.718332,1.496765,0.083067	3.37302064896
19:29:09	1.742965,1.514736,0.048998	1.890350,1.585165,-0.018820	-0.771196,0.263452,10.099797	1.742965,1.514736,0.048998	3.33079195023
19:29:09	1.768121,1.533651,0.011531	1.911450,1.606958,-0.062495	-0.514929,-0.141306,9.759705	1.768121,1.533651,0.011531	3.46275663376
19:29:09	1.797920,1.550408,-0.026713	1.933292,1.628622,-0.110109	-0.754431,0.186812,10.497371	1.797920,1.550408,-0.026713	3.404692173
19:29:09	1.836588,1.561455,-0.060493	1.960215,1.647682,-0.156296	-0.577200,0.141306,10.741663	1.836588,1.561455,-0.060493	3.32551336288
19:29:09	1.878053,1.566627,-0.069440	1.998990,1.658292,-0.190850	-1.089734,0.371228,13.838423	1.878053,1.566627,-0.069440	3.43108510971
19:29:09	1.919611,1.565511,-0.051958	2.042873,1.661974,-0.191806	-0.704136,0.285007,11.167976	1.919611,1.565511,-0.051958	3.35718488693
19:29:09	1.967267,1.559537,-0.027647	1.975288,1.688352,0.120207	-0.926873,-0.210762,10.566826	1.967267,1.559537,-0.027647	3.38885641098
19:29:09	2.015780,1.553174,-0.000647	2.019218,1.683281,0.146578	-0.974773,0.148491,10.851833	2.015780,1.553174,-0.000647	3.2252202034
19:29:10	2.060452,1.547547,0.029029	2.066865,1.678372,0.170417	-0.797542,-0.411943,10.377620	2.060452,1.547547,0.029029	3.30439901352
19:29:10	2.099375,1.543149,0.058760	2.110299,1.675201,0.194192	-0.016765,-0.014370,9.987231	2.099375,1.543149,0.058760	3.36774206161
19:29:10	2.129132,1.543844,0.088592	2.146175,1.671586,0.225059	-0.584385,-0.289797,10.315349	2.129132,1.543844,0.088592	3.23577737808
19:29:10	2.148954,1.551318,0.119506	2.176590,1.673213,0.251214	0.009580,-0.095801,10.351274	2.148954,1.551318,0.119506	3.27800607681
19:29:10	2.160239,1.565322,0.151691	2.197981,1.681248,0.278434	-0.651445,0.100591,10.569221	2.160239,1.565322,0.151691	3.36774206161
19:29:10	2.164372,1.587085,0.184681	2.208405,1.697104,0.305488	-0.193997,-0.047900,10.526111	2.164372,1.587085,0.184681	3.23049879074
19:29:10	2.162623,1.617048,0.220463	2.215652,1.718734,0.334867	-0.526904,-0.124541,10.090217	2.162623,1.617048,0.220463	3.28328466415
19:29:10	2.156733,1.653595,0.256271	2.215192,1.749007,0.367750	0.486189,-0.138911,10.332114	2.156733,1.653595,0.256271	3.36774206161
19:29:10	2.147678,1.689556,0.292006	2.212427,1.784598,0.402372	-0.510139,-0.383203,10.360854	2.147678,1.689556,0.292006	3.20938444138
19:29:10	2.137434,1.715801,0.325310	2.207615,1.822253,0.436857	-0.316143,-0.512534,9.898616	2.137434,1.715801,0.325310	3.3782992363
19:29:11	2.126569,1.726273,0.354404	2.199271,1.844724,0.468910	-0.328118,-0.613125,10.679392	2.126569,1.726273,0.354404	3.35718488693
19:29:11	2.117774,1.720175,0.385679	2.192465,1.854521,0.493112	-0.622705,-0.407153,10.284214	2.117774,1.720175,0.385679	3.35718488693
19:29:11	2.113233,1.702403,0.416005	2.185900,1.846218,0.525118	-0.105381,-0.196392,10.550061	2.113233,1.702403,0.416005	3.24105596542
19:29:11	2.115130,1.677229,0.447939	2.181727,1.829879,0.552511	-0.308958,-0.210762,10.090217	2.115130,1.677229,0.447939	3.35718488693
19:29:11	2.123362,1.649475,0.478721	2.184078,1.805549,0.580305	0.371228,-0.347278,10.229128	2.123362,1.649475,0.478721	3.19882678986
19:29:11	2.136256,1.622737,0.510557	2.191386,1.779692,0.605470	-0.737666,0.079036,10.571616	2.136256,1.622737,0.510557	3.2885632515
19:29:11	2.150958,1.598743,0.543006	2.204877,1.753073,0.635518	0.208367,-0.225132,10.281819	2.150958,1.598743,0.543006	3.35718488693
19:29:11	2.165546,1.579681,0.577525	2.220568,1.730024,0.661666	-0.107776,-0.419128,10.221943	2.165546,1.579681,0.577525	3.2252202034
19:29:11	2.178644,1.568011,0.613250	2.234067,1.712732,0.690702	0.043110,-0.371228,10.138118	2.178644,1.568011,0.613250	3.2252202034
19:29:11	2.190954,1.564866,0.649598	2.247230,1.701648,0.723469	-0.203577,-0.177231,10.430310	2.190954,1.564866,0.649598	3.28328466415
19:29:12	2.203279,1.570626,0.687093	2.259059,1.699760,0.754767	-0.220342,-0.330513,10.315349	2.203279,1.570626,0.687093	3.2041053772
19:29:12	2.217343,1.584535,0.724429	2.272370,1.706349,0.785187	-0.843047,-0.572410,10.293794	2.217343,1.584535,0.724429	3.25161314011
19:29:12	2.233075,1.605661,0.762381	2.286312,1.721132,0.817907	0.390388,-0.376018,9.742939	2.233075,1.605661,0.762381	3.34134912491
19:29:12	2.249419,1.632937,0.800513	2.302882,1.742092,0.854329	-0.819097,-0.055085,10.621912	2.249419,1.632937,0.800513	3.34134912491
19:29:12	2.265355,1.665006,0.838802	2.321550,1.768976,0.887473	-0.893342,0.124541,10.509346	2.265355,1.665006,0.838802	3.23049879074
19:29:12	2.280043,1.700641,0.878413	2.337836,1.801538,0.921395	-0.253872,-0.308958,10.717712	2.280043,1.700641,0.878413	3.32551336288
19:29:12	2.293448,1.739884,0.921568	2.354993,1.835841,0.960961	-0.608335,-0.591570,10.490186	2.293448,1.739884,0.921568	3.38357782364
19:29:12	2.305362,1.782432,0.965382	2.368132,1.876168,0.997704	-0.356858,0.081431,10.217153	2.305362,1.782432,0.965382	3.36774206161
19:29:12	2.314645,1.826058,1.008881	2.403803,1.955112,1.056572	-0.627495,0.114961,10.121353	2.314645,1.826058,1.008881	3.36774206161
19:29:12	2.321655,1.869074,1.050304	2.413850,1.994949,1.089733	-1.008303,-0.131726,9.879456	2.321655,1.869074,1.050304	3.36246347427
19:29:13	2.327332,1.908658,1.087451	2.425221,2.035413,1.130436	-0.577200,-0.136516,10.169253	2.327332,1.908658,1.087451	3.23577737808
19:29:13	2.332371,1.943410,1.124117	2.433901,2.074071,1.159050	-0.773591,0.088616,10.305769	2.332371,1.943410,1.124117	3.34134912491
19:29:13	2.336802,1.974656,1.161332	2.440682,2.108406,1.188778	-0.759221,-0.352068,10.468630	2.336802,1.974656,1.161332	3.35190629959
19:29:13	2.341875,2.004056,1.198655	2.447695,2.138755,1.216978	-0.229922,-0.402363,10.207573	2.341875,2.004056,1.198655	3.35190629959
19:29:13	2.348700,2.032358,1.236937	2.456869,2.165965,1.246057	-0.143701,-0.395178,10.545271	2.348700,2.032358,1.236937	3.35190629959
19:29:13	2.357497,2.062098,1.278856	2.467554,2.192039,1.275715	-0.067061,-0.014370,10.147698	2.357497,2.062098,1.278856	3.35718488693
19:29:13	2.368799,2.094656,1.321688	2.478228,2.220898,1.307610	-0.752036,-0.479004,10.368040	2.368799,2.094656,1.321688	3.36246347427
19:29:13	2.382260,2.129477,1.363448	2.493141,2.251018,1.340683	-0.316143,-0.033530,10.049502	2.382260,2.129477,1.363448	3.3149561882
19:29:13	2.397509,2.166320,1.404195	2.512311,2.281183,1.380409	-0.488584,0.043110,10.080637	2.397509,2.166320,1.404195	3.36246347427
19:29:13	2.413484,2.204371,1.444487	2.532949,2.313429,1.411859	-0.196392,-0.361648,10.413545	2.413484,2.204371,1.444487	3.36246347427
19:29:14	2.430028,2.243020,1.484642	2.552325,2.348323,1.442524	-0.835862,-0.292192,10.420730	2.430028,2.243020,1.484642	3.30967760086
19:29:14	2.446863,2.281645,1.523944	2.574213,2.381495,1.472735	-0.708926,-0.045505,10.231523	2.446863,2.281645,1.523944	3.36246347427
19:29:14	2.463999,2.319264,1.559971	2.596301,2.414107,1.501874	-0.205972,-0.076641,9.778865	2.463999,2.319264,1.559971	3.36246347427
19:29:14	2.481191,2.353495,1.590452	2.620003,2.448146,1.530186	-0.955613,-0.323328,10.159673	2.481191,2.353495,1.590452	3.35718488693
19:29:14	2.497905,2.382709,1.618825	2.638000,2.475271,1.542218	-0.170046,0.057480,9.965676	2.497905,2.382709,1.618825	3.35718488693
19:29:14	2.514064,2.407610,1.644656	2.655306,2.502818,1.562305	-0.761616,-0.150886,10.229128	2.514064,2.407610,1.644656	3.34134912491
19:29:14	2.529887,2.429695,1.669080	2.673429,2.524251,1.581484	-0.864602,-0.162861,10.356064	2.529887,2.429695,1.669080	3.32023477554
19:29:14	2.546314,2.450302,1.692254	2.689409,2.545058,1.598540	0.124541,-0.014370,9.939331	2.546314,2.450302,1.692254	3.35190629959
19:29:14	2.563924,2.469832,1.713832	2.707427,2.562481,1.615878	-0.874182,-0.067061,10.468630	2.563924,2.469832,1.713832	3.35190629959
19:29:14	2.583496,2.489187,1.734337	2.724503,2.582010,1.633072	-0.385598,-0.419128,9.872271	2.583496,2.489187,1.734337	3.34134912491
19:29:15	2.604956,2.507963,1.753306	2.741883,2.603434,1.648058	0.091011,0.028740,10.011182	2.604956,2.507963,1.753306	3.35190629959
19:29:15	2.627390,2.527702,1.771141	2.765328,2.620072,1.670541	-0.462239,-0.201182,10.080637	2.627390,2.527702,1.771141	3.35190629959
19:29:15	2.649979,2.548482,1.788542	2.787464,2.639064,1.682258	-0.529299,-0.172441,10.427915	2.649979,2.548482,1.788542	3.34134912491
19:29:15	2.673076,2.569342,1.804438	2.811352,2.657000,1.695113	-0.881367,-0.136516,10.176438	2.673076,2.569342,1.804438	3.35190629959
19:29:15	2.696303,2.589563,1.818317	2.836114,2.673699,1.703876	-0.256267,-0.296982,10.128538	2.696303,2.589563,1.818317	3.35190629959
19:29:15	2.719390,2.608238,1.829749	2.859040,2.692983,1.712089	-0.756826,-0.349673,9.917776	2.719390,2.608238,1.829749	3.34662771225
19:29:15	2.741356,2.624384,1.837419	2.883725,2.707326,1.717044	-0.972378,-0.134121,10.015972	2.741356,2.624384,1.837419	3.34662771225
19:29:15	2.761857,2.637839,1.842980	2.905340,2.722838,1.720524	-0.124541,-0.033530,10.231523	2.761857,2.637839,1.842980	3.34134912491
19:29:15	2.781883,2.648652,1.847667	2.926624,2.736591,1.731631	-0.273032,-0.182021,10.226733	2.781883,2.648652,1.847667	3.34134912491
19:29:15	2.801941,2.658197,1.851420	2.944858,2.749389,1.721530	-0.687371,-0.098196,10.085427	2.801941,2.658197,1.851420	3.34134912491
19:29:16	2.821895,2.666494,1.851744	2.960528,2.762006,1.723772	-0.495769,-0.246687,10.097402	2.821895,2.666494,1.851744	3.33607053757
19:29:16	2.841589,2.674397,1.849945	2.975613,2.776533,1.721173	-0.289797,-0.119751,10.200388	2.841589,2.674397,1.849945	3.34134912491
19:29:16	2.860711,2.682588,1.846323	2.992369,2.788552,1.719804	-0.387993,-0.014370,10.035132	2.860711,2.682588,1.846323	3.33079195023
19:29:16	2.878985,2.691985,1.842190	2.708042,2.798272,1.731268	-0.502954,-0.440684,10.214758	2.878985,2.691985,1.842190	3.33079195023
19:29:16	2.893006,2.703452,1.837371	2.750519,2.831172,1.713764	-0.752036,-0.237107,10.015972	2.893006,2.703452,1.837371	3.34662771225
19:29:16	2.896148,2.717422,1.830715	2.736617,2.812657,1.717094	0.186812,-0.249082,10.272239	2.896148,2.717422,1.830715	3.32023477554
19:29:16	2.885312,2.733373,1.822571	2.760624,2.847205,1.692300	0.021555,-0.189207,10.020762	2.885312,2.733373,1.822571	3.33079195023
19:29:16	2.862431,2.750683,1.808651	2.768781,2.876991,1.670325	-0.644260,0.021555,9.704619	2.862431,2.750683,1.808651	3.33079195023
19:29:16	2.832494,2.769695,1.788629	2.760251,2.898819,1.634125	-0.615520,-0.201182,9.795630	2.832494,2.769695,1.788629	3.32551336288
19:29:16	2.800414,2.792028,1.761850	2.741319,2.919002,1.594778	-0.026345,0.062271,9.618398	2.800414,2.792028,1.761850	3.32551336288
19:29:17	2.770256,2.817527,1.728682	2.720383,2.941588,1.549937	-0.354463,0.182021,9.714199	2.770256,2.817527,1.728682	3.40997076035
19:29:17	2.743953,2.844924,1.688784	2.702776,2.966077,1.497343	-0.634680,-0.040715,9.884246	2.743953,2.844924,1.688784	3.3149561882
19:29:17	2.722038,2.873250,1.643711	2.689136,2.992809,1.442816	-0.534089,-0.014370,9.697434	2.722038,2.873250,1.643711	3.30439901352
19:29:17	2.705228,2.901466,1.594846	2.609159,2.993683,1.417843	-0.632285,-0.064666,9.958491	2.705228,2.901466,1.594846	3.30439901352
19:29:17	2.691979,2.927602,1.545097	2.576616,3.013984,1.387013	0.162861,-0.026345,10.090217	2.691979,2.927602,1.545097	3.30439901352
19:29:17	2.677583,2.951702,1.493617	2.617765,3.047344,1.261166	-0.768801,-0.208367,9.826765	2.677583,2.951702,1.493617	3.29912042618
19:29:17	2.659111,2.973344,1.435225	2.585654,3.062443,1.215872	-0.105381,-0.179626,9.778865	2.659111,2.973344,1.435225	3.30439901352
19:29:17	2.636595,2.993480,1.371771	2.609651,3.084176,1.117295	-0.191602,-0.136516,9.242380	2.636595,2.993480,1.371771	3.30439901352
19:29:17	2.613071,3.012317,1.301293	2.612126,3.100824,1.037833	-0.761616,-0.136516,9.723779	2.613071,3.012317,1.301293	3.29384183884
19:29:17	2.593078,3.030721,1.225483	2.605844,3.115540,0.958990	-0.730481,-0.170046,9.994417	2.593078,3.030721,1.225483	3.29384183884
19:29:18	2.579840,3.050029,1.145867	2.599879,3.134802,0.884186	-0.644260,-0.083826,10.027947	2.579840,3.050029,1.145867	3.2885632515
19:29:18	2.574783,3.069159,1.061951	2.614728,3.071877,0.754432	-0.646655,-0.270637,9.766890	2.574783,3.069159,1.061951	3.2885632515
19:29:18	2.576072,3.086149,0.972667	2.631200,3.106939,0.678032	-0.684976,0.198787,10.015972	2.576072,3.086149,0.972667	3.2885632515
19:29:18	2.580763,3.096624,0.879746	2.646335,3.127017,0.607192	-0.184417,-0.280217,9.814790	2.580763,3.096624,0.879746	3.28328466415
19:29:18	2.585817,3.098959,0.783482	2.661996,3.138091,0.523759	-0.869392,-0.047900,10.133328	2.585817,3.098959,0.783482	3.28328466415
19:29:18	2.590639,3.094350,0.684406	2.675646,3.137697,0.425864	0.229922,-0.050295,9.738149	2.590639,3.094350,0.684406	3.28328466415
19:29:18	2.593432,3.086942,0.586008	2.758013,3.124473,0.894916	-0.823887,-0.055085,11.230247	2.593432,3.086942,0.586008	3.27800607681
19:29:18	2.595767,3.080790,0.495652	2.754147,3.116981,0.816384	-0.038320,-0.433499,10.756033	2.595767,3.080790,0.495652	3.23049879074
19:29:18	2.601903,3.075957,0.410878	2.750377,3.110583,0.742293	-0.047900,-0.368833,10.257869	2.601903,3.075957,0.410878	3.2252202034
19:29:18	2.614028,3.069911,0.331694	2.748632,3.105894,0.676015	0.143701,-0.752036,10.559641	2.614028,3.069911,0.331694	3.23577737808
19:29:19	2.630529,3.064740,0.257867	2.754815,3.099740,0.609465	-0.201182,0.083826,10.365645	2.630529,3.064740,0.257867	3.23577737808
19:29:19	2.650658,3.061515,0.188436	2.765526,3.094436,0.546962	0.239502,-0.455054,10.298584	2.650658,3.061515,0.188436	3.23577737808
19:29:19	2.675309,3.058674,0.122744	2.781922,3.094470,0.482944	-0.510139,-0.189207,10.456655	2.675309,3.058674,0.122744	3.23577737808
19:29:19	2.705580,3.056825,0.060333	2.802762,3.090947,0.422249	0.100591,-0.193997,10.459050	2.705580,3.056825,0.060333	3.23577737808
19:29:19	2.741945,3.056989,0.001641	2.825552,3.089103,0.373797	0.000000,-0.696951,10.641072	2.741945,3.056989,0.001641	3.24633455276
19:29:19	2.782715,3.058443,-0.048668	2.858530,3.088430,0.320512	0.347278,-0.126936,10.813513	2.782715,3.058443,-0.048668	3.24633455276
19:29:19	2.825085,3.061594,-0.081758	2.893879,3.085734,0.279342	-0.423918,0.208367,13.982124	2.825085,3.061594,-0.081758	3.25689172745
19:29:19	2.858378,3.062385,-0.061419	2.933884,3.088200,0.249634	-0.732876,-0.091011,11.795471	2.858378,3.062385,-0.061419	3.25689172745
19:29:19	2.889758,3.059743,-0.029366	2.962807,3.089705,0.275320	0.062271,-0.143701,10.727292	2.889758,3.059743,-0.029366	3.32023477554
19:29:19	2.917992,3.055762,0.008028	2.993401,3.084200,0.309219	-0.720901,0.064666,10.454260	2.917992,3.055762,0.008028	3.32551336288
19:29:20	2.942383,3.051290,0.045281	3.021086,3.081382,0.346940	0.143701,-0.031135,9.924961	2.942383,3.051290,0.045281	3.33079195023
19:29:20	2.959998,3.049444,0.083541	3.043737,3.078199,0.390736	0.273032,-0.435894,10.013577	2.959998,3.049444,0.083541	3.32551336288
19:29:20	2.971386,3.053545,0.122511	3.056837,3.077871,0.428877	0.296982,-0.356858,10.083032	2.971386,3.053545,0.122511	3.33079195023
19:29:20	2.980015,3.064919,0.160762	3.070837,3.087184,0.462969	-0.742456,0.000000,10.720107	2.980015,3.064919,0.160762	3.3149561882
19:29:20	2.991080,3.087362,0.199929	3.080954,3.097876,0.499731	0.323328,-0.771196,10.147698	2.991080,3.087362,0.199929	3.32023477554
19:29:20	3.004761,3.117768,0.242141	3.093509,3.118085,0.537949	-0.972378,-0.100591,10.686577	3.004761,3.117768,0.242141	3.32023477554
19:29:20	3.019899,3.148059,0.285274	3.108752,3.145026,0.579442	-0.888552,0.433499,10.715317	3.019899,3.148059,0.285274	3.32023477554
19:29:20	3.037078,3.174598,0.331065	3.125423,3.171634,0.621780	0.296982,-0.316143,10.207573	3.037078,3.174598,0.331065	3.3149561882
19:29:20	3.055126,3.193644,0.379638	3.144130,3.194849,0.666504	-0.632285,-0.019160,11.005115	3.055126,3.193644,0.379638	3.32023477554
19:29:20	3.072930,3.203933,0.432324	3.165518,3.212538,0.717529	-0.416733,-0.294587,10.403965	3.072930,3.203933,0.432324	3.32551336288
19:29:21	3.091619,3.208162,0.483285	3.188493,3.356441,0.311761	-0.316143,-0.126936,9.122629	3.091619,3.208162,0.483285	3.34134912491
19:29:21	3.113220,3.207088,0.518106	3.213175,3.350653,0.342990	-0.766406,-0.067061,9.558523	3.113220,3.207088,0.518106	3.34134912491
19:29:21	3.139831,3.198364,0.545485	3.275447,3.321233,0.588280	-0.507744,-0.050295,10.171648	3.139831,3.198364,0.545485	3.34134912491
19:29:21	3.173560,3.180429,0.572130	3.307842,3.261661,0.721734	-0.819097,-0.002395,10.490186	3.173560,3.180429,0.572130	3.33607053757
19:29:21	3.212131,3.154409,0.601488	3.337608,3.202234,0.796743	-1.254990,0.318538,10.933264	3.212131,3.154409,0.601488	3.32551336288
19:29:21	3.253060,3.120898,0.633642	3.369797,3.152222,0.847552	-0.943638,-0.019160,10.653047	3.253060,3.120898,0.633642	3.30967760086
19:29:21	3.295309,3.080588,0.668026	3.411746,3.152968,0.868506	-0.641865,0.071851,10.391990	3.295309,3.080588,0.668026	3.32023477554
19:29:21	3.336658,3.036983,0.702615	3.444646,3.066376,0.932575	-0.574805,0.177231,10.566826	3.336658,3.036983,0.702615	3.30967760086
19:29:21	3.374567,2.993365,0.739623	3.478853,3.008159,0.977933	-0.768801,0.059875,10.588381	3.374567,2.993365,0.739623	3.30967760086
19:29:21	3.408903,2.951305,0.780612	3.511159,2.960080,1.024122	-1.135239,0.277822,11.117681	3.408903,2.951305,0.780612	3.32551336288
19:29:22	3.441181,2.912221,0.825299	3.540602,2.918324,1.074330	-0.110171,0.126936,10.583591	3.441181,2.912221,0.825299	3.3149561882
19:29:22	3.472161,2.877200,0.873831	3.568787,2.882527,1.127525	-0.426313,-0.201182,10.377620	3.472161,2.877200,0.873831	3.3149561882
19:29:22	3.503272,2.845088,0.928904	3.596278,2.852921,1.183705	-0.819097,-0.589175,10.461445	3.503272,2.845088,0.928904	3.3149561882
19:29:22	3.535818,2.814552,0.987101	3.624156,2.828079,1.245750	-1.386716,0.131726,11.043435	3.535818,2.814552,0.987101	3.32023477554
19:29:22	3.569012,2.786455,1.046831	3.654068,2.805665,1.309206	-0.004790,0.076641,10.150093	3.569012,2.786455,1.046831	3.32023477554
19:29:22	3.601306,2.760439,1.103955	3.611536,2.673333,0.728115	-0.742456,-0.026345,9.366921	3.601306,2.760439,1.103955	3.32023477554
19:29:22	3.631682,2.737335,1.144052	3.687757,2.607897,0.911527	-0.890947,0.289797,9.623188	3.631682,2.737335,1.144052	3.34662771225
19:29:22	3.656549,2.715508,1.178125	3.808327,2.780494,1.310592	-0.292192,0.349673,10.104587	3.656549,2.715508,1.178125	3.33607053757
19:29:22	3.675576,2.692786,1.213465	3.541721,2.570059,1.333028	0.031135,-0.184417,10.152488	3.675576,2.692786,1.213465	3.30967760086
19:29:22	3.688148,2.669034,1.251070	3.585334,2.548626,1.430418	-0.179626,-0.330513,10.291399	3.688148,2.669034,1.251070	3.3149561882
19:29:23	3.690992,2.642287,1.288953	3.652252,2.523624,1.523347	-0.131726,-0.304167,10.612332	3.690992,2.642287,1.288953	3.3149561882
19:29:23	3.684915,2.609966,1.330702	3.664274,2.490690,1.553571	-0.069456,-0.541274,10.346484	3.684915,2.609966,1.330702	3.29912042618
19:29:23	3.672220,2.572499,1.374567	3.664562,2.437463,1.542186	-0.663420,0.258662,10.104587	3.672220,2.572499,1.374567	3.30967760086
19:29:23	3.654703,2.529705,1.415890	3.667822,2.404575,1.152231	-0.783171,0.191602,10.274634	3.654703,2.529705,1.415890	3.30967760086
19:29:23	3.634482,2.481534,1.453084	3.658637,2.365977,1.179242	-0.141306,0.249082,10.171648	3.634482,2.481534,1.453084	3.33607053757
19:29:23	3.614371,2.429055,1.487395	3.651644,2.303601,1.260719	-0.661025,0.172441,10.073452	3.614371,2.429055,1.487395	3.34134912491
19:29:23	3.597090,2.373387,1.519213	3.592842,2.254313,1.297640	-0.610730,0.450264,10.241104	3.597090,2.373387,1.519213	3.35718488693
19:29:23	3.583050,2.315485,1.549708	3.619753,2.196217,1.325352	-0.143701,-0.158071,10.181228	3.583050,2.315485,1.549708	3.34134912491
19:29:23	3.573085,2.257164,1.579150	3.611977,2.149979,1.332723	0.150886,-0.007185,9.783655	3.573085,2.257164,1.579150	3.33607053757
19:29:23	3.568790,2.200271,1.604411	3.679413,2.123947,1.361679	-0.627495,0.222737,10.317744	3.568790,2.200271,1.604411	3.33607053757
19:29:24	3.570809,2.144710,1.629040	3.662486,2.065014,1.377021	-0.905317,0.215552,10.300979	3.570809,2.144710,1.629040	3.33607053757
19:29:24	3.579191,2.093284,1.651843	3.665749,1.999811,1.418485	-0.043110,-0.122146,10.298584	3.579191,2.093284,1.651843	3.33607053757
19:29:24	3.593030,2.044816,1.673967	3.679751,1.952460,1.439043	0.107776,-0.014370,10.109377	3.593030,2.044816,1.673967	3.33607053757
19:29:24	3.609501,1.999627,1.695098	3.676217,1.888279,1.473488	-0.397573,0.016765,10.315349	3.609501,1.999627,1.695098	3.34134912491
19:29:24	3.626260,1.957621,1.715695	3.682810,1.827574,1.534758	-0.091011,0.124541,10.389595	3.626260,1.957621,1.715695	3.33079195023
19:29:24	3.640997,1.916269,1.733471	3.750289,1.849924,1.477273	-0.629890,0.177231,9.575288	3.640997,1.916269,1.733471	3.33607053757
19:29:24	3.652479,1.872078,1.741600	3.685224,1.729022,1.624242	-0.802332,0.330513,9.754915	3.652479,1.872078,1.741600	3.33607053757
19:29:24	3.660600,1.831438,1.745668	3.685822,1.681139,1.623590	-0.402363,-0.091011,10.030342	3.660600,1.831438,1.745668	3.30967760086
19:29:24	3.665026,1.789836,1.747662	3.684710,1.642240,1.625288	0.172441,0.100591,10.214758	3.665026,1.789836,1.747662	3.30967760086
19:29:24	3.663697,1.743514,1.746485	3.772647,1.645971,1.559803	-0.196392,0.179626,9.752520	3.663697,1.743514,1.746485	3.30439901352
19:29:25	3.658428,1.694605,1.738384	3.675990,1.548029,1.635535	-0.562830,0.366438,10.085427	3.658428,1.694605,1.738384	3.30967760086
19:29:25	3.652531,1.642374,1.727293	3.663249,1.503387,1.621559	-0.277822,0.464634,9.941726	3.652531,1.642374,1.727293	3.30967760086
19:29:25	3.646409,1.590739,1.717824	3.655939,1.448581,1.628651	-0.438289,0.143701,10.363250	3.646409,1.590739,1.717824	3.30967760086
19:29:25	3.637555,1.534993,1.703192	3.610581,1.770795,1.559129	-0.378413,0.455054,9.625583	3.637555,1.534993,1.703192	3.30967760086
19:29:25	3.629233,1.500375,1.689614	3.516271,1.419013,1.475436	-0.682581,-0.023950,9.524993	3.629233,1.500375,1.689614	3.27800607681
19:29:25	3.612542,1.434880,1.653093	3.511246,1.373948,1.488662	-1.219065,0.479004,10.978770	3.612542,1.434880,1.653093	3.30439901352
19:29:25	3.598351,1.394570,1.627222	3.475875,1.317185,1.480233	-0.574805,-0.098196,10.547666	3.598351,1.394570,1.627222	3.2885632515
19:29:25	3.582201,1.361098,1.602119	3.473494,1.277183,1.410022	-0.689766,-0.182021,9.704619	3.582201,1.361098,1.602119	3.25161314011
19:29:25	3.557879,1.323354,1.566627	3.447144,1.260714,1.385948	-0.069456,0.344883,9.781260	3.557879,1.323354,1.566627	3.32023477554
19:29:25	3.535074,1.295574,1.534512	3.443609,1.210275,1.316591	-0.550854,-0.038320,9.783655	3.535074,1.295574,1.534512	3.26217031479
19:29:26	3.498526,1.259400,1.485969	3.413948,1.185368,1.304876	-0.323328,0.340093,10.391990	3.498526,1.259400,1.485969	3.26217031479
19:29:26	3.467330,1.230666,1.448824	3.353152,1.126943,1.413263	-0.213157,0.215552,11.033855	3.467330,1.230666,1.448824	3.33079195023
19:29:26	3.428392,1.194154,1.413151	3.316500,1.087886,1.412530	0.270637,-0.522114,10.595566	3.428392,1.194154,1.413151	3.28328466415
19:29:26	3.392616,1.155560,1.387614	3.286898,1.054734,1.366613	-0.629890,-0.064666,10.708132	3.392616,1.155560,1.387614	3.27800607681
19:29:26	3.358935,1.114993,1.368267	3.249235,1.021183,1.462040	-0.775986,-0.268242,10.245894	3.358935,1.114993,1.368267	3.29912042618
19:29:26	3.329246,1.075150,1.352425	3.241902,0.952834,1.373827	-0.385598,0.069456,9.831555	3.329246,1.075150,1.352425	3.2885632515
19:29:26	3.306743,1.044361,1.338007	3.258315,0.892886,1.436058	-1.171165,0.177231,10.760823	3.306743,1.044361,1.338007	3.28328466415
19:29:26	3.274642,0.999174,1.321637	3.233164,0.901716,1.576658	-0.136516,-0.275427,10.466235	3.274642,0.999174,1.321637	3.2885632515
19:29:26	3.247976,0.957338,1.313323	3.259446,0.873726,1.631682	-1.025068,0.263452,11.084150	3.247976,0.957338,1.313323	3.26217031479
19:29:26	3.220960,0.911939,1.313295	3.296572,0.894926,1.606308	0.086221,-0.330513,10.286609	3.220960,0.911939,1.313295	3.27800607681
19:29:27	3.201864,0.872295,1.316954	3.339797,0.967565,1.606428	0.107776,-0.193997,10.550061	3.201864,0.872295,1.316954	3.27272748947
19:29:27	3.188485,0.839331,1.324344	3.306545,0.970895,1.594947	-0.653840,0.249082,10.559641	3.188485,0.839331,1.324344	3.27272748947
19:29:27	3.182216,0.816177,1.333787	3.312179,0.935318,1.573233	0.160466,-0.074246,10.061477	3.182216,0.816177,1.333787	3.27800607681
19:29:27	3.181771,0.802283,1.345045	3.284694,0.917396,1.611296	-0.581990,0.217947,10.827883	3.181771,0.802283,1.345045	3.27800607681
19:29:27	3.186311,0.796314,1.360113	3.284066,0.930015,1.575002	-0.711321,-0.158071,10.212363	3.186311,0.796314,1.360113	3.2885632515
19:29:27	3.193329,0.796873,1.368657	3.296746,0.961543,1.404987	-0.153281,-0.268242,9.041199	3.193329,0.796873,1.368657	3.28328466415
19:29:27	3.203250,0.804460,1.367456	3.292778,0.970377,1.373678	-0.912502,-0.105381,10.200388	3.203250,0.804460,1.367456	3.27272748947
19:29:27	3.217344,0.817513,1.365510	3.281467,0.966197,1.378950	-0.625100,0.162861,10.387200	3.217344,0.817513,1.365510	3.29912042618
19:29:27	3.231012,0.832061,1.366670	3.312967,0.977431,1.510874	0.148491,-0.292192,10.641072	3.231012,0.832061,1.366670	3.29912042618
19:29:27	3.244547,0.846177,1.373896	3.315011,0.992119,1.537850	-0.153281,-0.052690,10.521321	3.244547,0.846177,1.373896	3.29384183884
19:29:28	3.259829,0.859673,1.386841	3.302058,0.986117,1.525236	-0.910107,-0.143701,10.770403	3.259829,0.859673,1.386841	3.2885632515
19:29:28	3.272381,0.870716,1.399513	3.277608,1.051190,1.470868	-0.811912,-0.172441,9.783655	3.272381,0.870716,1.399513	3.29912042618
19:29:28	3.283529,0.880674,1.405395	3.257524,1.033521,1.417643	-0.399968,-0.371228,9.419612	3.283529,0.880674,1.405395	3.2885632515
19:29:28	3.288747,0.889273,1.405177	3.239687,1.017589,1.392939	0.052690,-0.155676,9.977651	3.288747,0.889273,1.405177	3.28328466415
19:29:28	3.285297,0.896481,1.402469	3.239687,1.017589,1.392939	-0.136516,-0.409548,10.255474	3.285297,0.896481,1.402469	3.28328466415
19:29:28	3.273807,0.901946,1.388865	3.239687,1.017589,1.392939	-0.531694,-0.275427,9.127419	3.273807,0.901946,1.388865	3.59472155571
19:29:28	3.256991,0.905029,1.359995	3.239687,1.017589,1.392939	-0.656235,0.110171,9.244775	3.256991,0.905029,1.359995	3.35718488693
19:29:28	3.238890,0.902942,1.319846	3.239687,1.017589,1.392939	-0.586780,-0.055085,9.632769	3.238890,0.902942,1.319846	3.35718488693
19:29:28	3.225154,0.893895,1.271720	3.239687,1.017589,1.392939	-0.069456,-0.170046,9.728569	3.225154,0.893895,1.271720	3.33607053757
19:29:28	3.220349,0.875842,1.218710	3.239687,1.017589,1.392939	-0.421523,0.174836,9.829160	3.220349,0.875842,1.218710	3.33607053757
19:29:29	3.228432,0.851483,1.160543	3.239687,1.017589,1.392939	-0.941243,0.129331,9.975256	3.228432,0.851483,1.160543	3.33607053757
19:29:29	3.244443,0.827548,1.099960	3.239687,1.017589,1.392939	-1.125659,0.182021,10.267449	3.244443,0.827548,1.099960	3.32023477554
19:29:29	3.263100,0.810283,1.038970	3.239687,1.017589,1.392939	-0.890947,0.316143,10.310559	3.263100,0.810283,1.038970	3.29384183884
19:29:29	3.277802,0.802087,0.977266	3.239687,1.017589,1.392939	0.004790,-0.138911,9.941726	3.277802,0.802087,0.977266	3.32551336288
19:29:29	3.285436,0.804073,0.914641	3.239687,1.017589,1.392939	0.019160,-0.196392,10.243499	3.285436,0.804073,0.914641	3.3149561882
19:29:29	3.282040,0.815020,0.850682	3.285792,0.804794,0.909368	-0.447869,-0.076641,9.946516	3.282040,0.815020,0.850682	3.32551336288
19:29:29	3.268387,0.831790,0.783510	3.257443,0.790988,1.115166	-0.347278,-0.112566,10.444680	3.268387,0.831790,0.783510	3.32551336288
19:29:29	3.250129,0.846968,0.717253	3.266910,0.833417,1.061024	-0.718506,0.007185,10.305769	3.250129,0.846968,0.717253	3.30967760086
19:29:29	3.229863,0.852479,0.652870	3.271733,1.005313,0.732752	-0.696951,-0.004790,10.329719	3.229863,0.852479,0.652870	3.30967760086
