# Flight Log 
# 25 08 17 - 19:28:54
Time		X,Y,Z				goalX,goalY,goalZ		ddx,ddy,ddz			angularx,angulary,angularz	battery
19:28:54	0.000000,0.000000,0.000000	0.000000,0.000000,0.000000	0.000000,0.000000,0.000000	0.000000,0.000000,0.000000	0
19:28:54	0.684382,0.832197,0.410167	0.000000,0.000000,0.000000	0.000000,0.000000,0.000000	0.684382,0.832197,0.410167	3.74252200127
19:28:55	0.684400,0.832218,0.410144	0.807304,0.933486,0.379791	-0.093406,0.107776,10.296189	0.684400,0.832218,0.410144	3.74780058861
19:28:55	0.684586,0.832087,0.410119	0.807329,0.933503,0.379829	-0.086221,0.102986,10.286609	0.684586,0.832087,0.410119	3.74780058861
19:28:55	0.684597,0.832160,0.409979	0.807308,0.933626,0.379861	-0.093406,0.095801,10.291399	0.684597,0.832160,0.409979	3.74780058861
19:28:55	0.684439,0.832199,0.410152	0.807381,0.933655,0.380119	-0.088616,0.095801,10.298584	0.684439,0.832199,0.410152	3.74780058861
19:28:55	0.684445,0.832198,0.410156	0.807330,0.933529,0.379808	-0.095801,0.100591,10.284214	0.684445,0.832198,0.410156	3.74780058861
19:28:55	0.684433,0.832212,0.410175	0.807331,0.933533,0.379799	-0.095801,0.100591,10.303374	0.684433,0.832212,0.410175	3.74780058861
19:28:55	0.684429,0.832203,0.410171	0.807334,0.933523,0.379761	-0.093406,0.100591,10.291399	0.684429,0.832203,0.410171	3.74780058861
19:28:55	0.684389,0.832174,0.410129	0.807326,0.933520,0.379771	-0.088616,0.100591,10.281819	0.684389,0.832174,0.410129	3.74252200127
19:28:55	0.684570,0.832089,0.410131	0.807294,0.933491,0.379868	-0.091011,0.095801,10.286609	0.684570,0.832089,0.410131	3.74252200127
19:28:55	0.684586,0.832087,0.410159	0.807302,0.933614,0.379840	-0.095801,0.102986,10.289004	0.684586,0.832087,0.410159	3.74252200127
19:28:56	0.684615,0.832132,0.410031	0.807304,0.933623,0.379781	-0.093406,0.105381,10.284214	0.684615,0.832132,0.410031	3.68445754051
19:28:56	0.684424,0.832185,0.410117	0.807362,0.933661,0.380018	-0.088616,0.100591,10.286609	0.684424,0.832185,0.410117	3.67917895317
19:28:56	0.684630,0.832135,0.409964	0.807317,0.933520,0.379882	-0.117356,0.069456,10.260264	0.684630,0.832135,0.409964	3.67390036583
19:28:56	0.684480,0.832172,0.410114	0.807377,0.933678,0.380147	-0.093406,0.050295,10.303374	0.684480,0.832172,0.410114	3.66862177849
19:28:56	0.684767,0.832026,0.409966	0.807330,0.933559,0.379878	-0.102986,0.076641,10.315349	0.684767,0.832026,0.409966	3.66334319115
19:28:56	0.684422,0.832198,0.410179	0.807350,0.933766,0.380134	-0.107776,0.170046,10.200388	0.684422,0.832198,0.410179	3.65278601646
19:28:56	0.684468,0.832157,0.410209	0.807319,0.933514,0.379758	-0.095801,0.170046,10.281819	0.684468,0.832157,0.410209	3.65278601646
19:28:56	0.684723,0.832019,0.409973	0.807304,0.933540,0.379696	-0.119751,0.064666,10.478210	0.684723,0.832019,0.409973	3.64222884178
19:28:56	0.684475,0.832197,0.410128	0.807327,0.933732,0.380130	-0.136516,0.057480,10.497371	0.684475,0.832197,0.410128	3.63695025444
19:28:56	0.684563,0.832072,0.410260	0.807345,0.933557,0.379847	-0.040715,0.129331,10.255474	0.684563,0.832072,0.410260	3.63695025444
19:28:57	0.684407,0.832150,0.410158	0.807273,0.933596,0.379592	-0.067061,0.011975,10.035132	0.684407,0.832150,0.410158	3.62111449242
19:28:57	0.684402,0.832144,0.410127	0.807281,0.933500,0.379812	-0.083826,0.119751,10.279424	0.684402,0.832144,0.410127	3.61583590508
19:28:57	0.684386,0.832213,0.410099	0.807278,0.933498,0.379875	-0.016765,0.234712,10.219548	0.684386,0.832213,0.410099	3.61055731773
19:28:57	0.684427,0.832234,0.410102	0.807325,0.933496,0.379920	-0.028740,0.270637,10.269844	0.684427,0.832234,0.410102	3.60000014305
19:28:57	0.684511,0.832144,0.409907	0.807356,0.933528,0.379901	-0.112566,0.110171,10.169253	0.684511,0.832144,0.409907	3.59472155571
19:28:57	0.684587,0.831960,0.409947	0.807344,0.933597,0.380283	-0.119751,0.110171,10.229128	0.684587,0.831960,0.409947	3.58416438103
19:28:57	0.684771,0.831719,0.409733	0.807235,0.933629,0.380219	-0.038320,0.222737,10.066267	0.684771,0.831719,0.409733	3.57888579369
19:28:57	0.684163,0.831455,0.410190	0.807152,0.933755,0.380644	0.064666,0.265847,10.066267	0.684163,0.831455,0.410190	3.57360720634
19:28:57	0.684161,0.831307,0.410216	0.806680,0.933243,0.379926	-0.112566,0.069456,10.030342	0.684161,0.831307,0.410216	3.57360720634
19:28:57	0.684167,0.831291,0.410158	0.806569,0.933222,0.379902	0.043110,0.244292,10.609937	0.684167,0.831291,0.410158	3.55249285698
19:28:58	0.684758,0.831135,0.409650	0.806566,0.933230,0.380017	-0.083826,0.093406,10.104587	0.684758,0.831135,0.409650	3.54721426964
19:28:58	0.684993,0.831150,0.410126	0.806730,0.933684,0.380909	-0.071851,0.107776,10.597961	0.684993,0.831150,0.410126	3.54193544388
19:28:58	0.684805,0.831217,0.410091	0.806779,0.933815,0.379928	-0.040715,0.167651,10.207573	0.684805,0.831217,0.410091	3.5313782692
19:28:58	0.685918,0.830768,0.409177	0.806762,0.933689,0.380024	-0.035925,0.225132,9.960886	0.685918,0.830768,0.409177	3.52082109451
19:28:58	0.685584,0.830353,0.410125	0.806935,0.934525,0.381670	-0.170046,0.074246,9.994417	0.685584,0.830353,0.410125	3.51554250717
19:28:58	0.686640,0.830059,0.410195	0.806415,0.934142,0.379948	-0.105381,0.304167,10.284214	0.686640,0.830059,0.410195	3.50498533249
19:28:58	0.688883,0.831619,0.409972	0.806564,0.934868,0.379641	0.184417,0.313748,10.116563	0.688883,0.831619,0.409972	3.49442815781
19:28:58	0.690993,0.833692,0.410110	0.808496,0.936773,0.379302	-0.057480,0.129331,10.950029	0.690993,0.833692,0.410110	3.48387098312
19:28:58	0.693804,0.832670,0.408597	0.810728,0.938609,0.378117	-0.093406,0.445474,10.720107	0.693804,0.832670,0.408597	3.47331380844
19:28:58	0.693031,0.832513,0.410048	0.810384,0.940398,0.381086	-0.234712,0.112566,10.289004	0.693031,0.832513,0.410048	3.4680352211
19:28:59	0.694280,0.832216,0.409952	0.810394,0.940076,0.378018	-0.232317,-0.292192,9.853110	0.694280,0.832216,0.409952	3.4680352211
19:28:59	0.697392,0.832434,0.409787	0.810099,0.940670,0.378105	0.225132,0.225132,10.794353	0.697392,0.832434,0.409787	3.4680352211
19:28:59	0.699821,0.833643,0.409636	0.808231,0.940539,0.378468	-0.031135,0.361648,10.037527	0.699821,0.833643,0.409636	3.4680352211
19:28:59	0.701890,0.835516,0.409998	0.806774,0.939814,0.378801	0.083826,0.447869,10.257869	0.701890,0.835516,0.409998	3.4680352211
19:28:59	0.707006,0.838077,0.409034	0.805533,0.938691,0.378005	0.342488,-0.222737,10.265054	0.707006,0.838077,0.409034	3.404692173
19:28:59	0.712240,0.843109,0.411360	0.802463,0.937154,0.380125	0.411943,0.804727,10.741663	0.712240,0.843109,0.411360	3.39413499832
19:28:59	0.720921,0.851933,0.413844	0.799323,0.934135,0.375009	-0.431104,-0.040715,10.008787	0.720921,0.851933,0.413844	3.3782992363
19:28:59	0.733458,0.867021,0.417614	0.847448,0.928840,0.369544	0.050295,-0.467029,10.504556	0.733458,0.867021,0.417614	3.36774206161
19:28:59	0.751741,0.889278,0.425398	0.839925,0.973121,0.361249	0.021555,0.002395,10.686577	0.751741,0.889278,0.425398	3.35190629959
19:28:59	0.777010,0.917277,0.433757	0.828956,0.959766,0.450790	0.122146,-0.347278,10.300979	0.777010,0.917277,0.433757	3.33607053757
19:29:00	0.804798,0.947036,0.441415	0.867127,0.996301,0.432402	0.069456,1.199905,10.152488	0.804798,0.947036,0.441415	3.3149561882
19:29:00	0.833232,0.976735,0.450171	0.903788,1.031778,0.415554	-0.498164,0.064666,11.108101	0.833232,0.976735,0.450171	3.26217031479
19:29:00	0.862362,1.006752,0.460520	0.940061,1.067293,0.396290	0.124541,-0.110171,10.468630	0.862362,1.006752,0.460520	3.32551336288
19:29:00	0.895156,1.034815,0.468675	0.975916,1.102616,0.480189	0.392783,-0.112566,10.090217	0.895156,1.034815,0.468675	3.24105596542
19:29:00	0.926356,1.059780,0.480573	1.009573,1.139111,0.462249	-0.028740,-0.268242,10.044712	0.926356,1.059780,0.480573	3.32551336288
19:29:00	0.957558,1.083893,0.485217	1.038566,1.171852,0.438196	0.304167,0.462239,10.039922	0.957558,1.083893,0.485217	3.32551336288
19:29:00	0.984100,1.108192,0.484564	1.025465,1.162997,0.532522	0.155676,0.093406,10.011182	0.984100,1.108192,0.484564	3.27272748947
19:29:00	1.005001,1.132000,0.485324	1.062873,1.201751,0.533960	0.605940,-0.301772,10.130933	1.005001,1.132000,0.485324	3.30967760086
19:29:00	1.018728,1.155102,0.488237	1.100244,1.237026,0.633626	0.378413,-0.661025,10.906919	1.018728,1.155102,0.488237	3.30439901352
19:29:00	1.025488,1.180698,0.495148	1.095430,1.226939,0.632546	0.086221,0.035925,10.554851	1.025488,1.180698,0.495148	3.30439901352
19:29:01	1.028513,1.209824,0.502831	1.128335,1.253349,0.692577	0.191602,-0.057480,10.815908	1.028513,1.209824,0.502831	3.30439901352
19:29:01	1.028229,1.242056,0.517767	1.131160,1.291444,0.686152	0.419128,0.414338,10.583591	1.028229,1.242056,0.517767	3.30967760086
19:29:01	1.029162,1.278090,0.530809	1.138221,1.330857,0.667648	-0.016765,0.138911,10.454260	1.029162,1.278090,0.530809	3.29384183884
19:29:01	1.031684,1.316846,0.541392	1.142503,1.366479,0.645554	0.764011,-0.114961,10.097402	1.031684,1.316846,0.541392	3.29912042618
19:29:01	1.037449,1.358999,0.545448	1.140989,1.396559,0.622271	0.531694,-0.035925,10.284214	1.037449,1.358999,0.545448	3.29384183884
19:29:01	1.046027,1.403698,0.545903	1.137531,1.424600,0.613348	-0.057480,-0.126936,10.044712	1.046027,1.403698,0.545903	3.2885632515
19:29:01	1.059046,1.449992,0.544042	1.132384,1.504448,0.612347	0.177231,0.558040,10.154883	1.059046,1.449992,0.544042	3.2885632515
19:29:01	1.074788,1.497889,0.544249	1.171606,1.525764,0.713616	-0.227527,0.093406,11.103311	1.074788,1.497889,0.544249	3.2885632515
19:29:01	1.092109,1.546619,0.545184	1.168461,1.554600,0.615985	-0.414338,-0.404758,9.536968	1.092109,1.546619,0.545184	3.27800607681
19:29:01	1.110636,1.591651,0.536950	1.211402,1.632029,0.507261	-0.141306,-0.186812,9.323811	1.110636,1.591651,0.536950	3.26744890213
19:29:02	1.128649,1.630717,0.521726	1.200285,1.658343,0.525376	-0.371228,-0.153281,10.114167	1.128649,1.630717,0.521726	3.25689172745
19:29:02	1.143955,1.664783,0.511807	1.242810,1.688236,0.558870	-0.091011,0.277822,10.976375	1.143955,1.664783,0.511807	3.27272748947
19:29:02	1.156205,1.696337,0.510509	1.233627,1.721130,0.580691	0.318538,0.380808,10.715317	1.156205,1.696337,0.510509	3.26744890213
19:29:02	1.166839,1.727649,0.515173	1.279610,1.755531,0.583546	-0.311353,0.241897,10.399175	1.166839,1.727649,0.515173	3.2885632515
19:29:02	1.176695,1.760288,0.515942	1.273230,1.736744,0.466620	-0.857417,1.305286,9.524993	1.176695,1.760288,0.515942	3.29912042618
19:29:02	1.187259,1.791985,0.506213	1.267316,1.770494,0.571594	0.179626,0.514929,10.241104	1.187259,1.791985,0.506213	3.27800607681
19:29:02	1.199818,1.820459,0.497560	1.314311,1.804809,0.592998	-0.601150,0.158071,10.748848	1.199818,1.820459,0.497560	3.27272748947
19:29:02	1.214071,1.845638,0.494505	1.306776,1.787724,0.612035	-0.045505,-0.280217,11.242222	1.214071,1.845638,0.494505	3.15659809113
19:29:02	1.229987,1.866269,0.497490	1.298224,1.825950,0.618755	-0.294587,0.088616,10.265054	1.229987,1.866269,0.497490	3.27272748947
19:29:02	1.246100,1.882698,0.503305	1.342008,1.866905,0.612188	0.534089,0.038320,10.142908	1.246100,1.882698,0.503305	3.32551336288
19:29:03	1.260739,1.898261,0.505522	1.332340,1.857048,0.599395	0.021555,-0.270637,9.726174	1.260739,1.898261,0.505522	3.27800607681
19:29:03	1.273886,1.913167,0.501318	1.376890,1.901043,0.487853	-0.421523,0.261057,9.338181	1.273886,1.913167,0.501318	3.2885632515
19:29:03	1.286426,1.926607,0.489052	1.369002,1.892100,0.497101	-0.126936,-0.227527,9.996812	1.286426,1.926607,0.489052	3.2885632515
19:29:03	1.301066,1.939214,0.479533	1.361478,1.937369,0.524085	-0.318538,0.407153,10.490186	1.301066,1.939214,0.479533	3.25689172745
19:29:03	1.320698,1.950496,0.477887	1.406027,1.929805,0.545026	-0.265847,-1.003513,10.310559	1.320698,1.950496,0.477887	3.26217031479
19:29:03	1.346969,1.960323,0.481093	1.394248,1.923036,0.548648	-0.028740,0.507744,10.770403	1.346969,1.960323,0.481093	3.26217031479
19:29:03	1.383859,1.965690,0.488600	1.431819,1.970473,0.541596	-0.217947,-0.687371,10.260264	1.383859,1.965690,0.488600	3.26217031479
19:29:03	1.432462,1.965857,0.494007	1.463018,1.967253,0.525079	-0.119751,-0.409548,10.049502	1.432462,1.965857,0.494007	3.33607053757
19:29:03	1.487089,1.964740,0.495170	1.540523,1.967153,0.619850	-0.340093,-0.091011,10.286609	1.487089,1.964740,0.495170	3.13548374176
19:29:03	1.538821,1.965929,0.496824	1.561080,1.967823,0.617293	0.114961,0.543669,10.463840	1.538821,1.965929,0.496824	3.27800607681
19:29:04	1.579599,1.972645,0.497840	1.624136,2.059925,0.691617	0.462239,0.392783,10.660232	1.579599,1.972645,0.497840	3.09853363037
19:29:04	1.604015,1.987789,0.503014	1.660451,2.063960,0.704960	0.191602,0.620310,10.559641	1.604015,1.987789,0.503014	3.25689172745
19:29:04	1.613898,2.013026,0.509067	1.704002,2.060474,0.706183	0.201182,0.337698,10.241104	1.613898,2.013026,0.509067	3.25161314011
19:29:04	1.612326,2.047172,0.514773	1.698328,2.098851,0.693386	0.256267,0.237107,10.260264	1.612326,2.047172,0.514773	3.30439901352
19:29:04	1.601595,2.089045,0.519254	1.699271,2.131697,0.680833	0.517324,0.581990,10.111772	1.601595,2.089045,0.519254	3.27800607681
19:29:04	1.587894,2.140475,0.523220	1.693924,2.151885,0.748393	-0.280217,0.821492,10.870994	1.587894,2.140475,0.523220	3.23577737808
19:29:04	1.577636,2.201445,0.529181	1.688663,2.216622,0.719661	0.280217,-0.680186,10.351274	1.577636,2.201445,0.529181	3.35718488693
19:29:04	1.573705,2.267909,0.532653	1.657757,2.295267,0.732928	0.328118,-0.967588,10.253079	1.573705,2.267909,0.532653	3.24105596542
19:29:04	1.579116,2.336107,0.535181	1.659480,2.362022,0.726409	0.031135,0.014370,10.279424	1.579116,2.336107,0.535181	3.23577737808
19:29:04	1.596119,2.403044,0.539386	1.661000,2.432604,0.730971	0.110171,0.110171,10.142908	1.596119,2.403044,0.539386	3.23577737808
19:29:05	1.623049,2.466355,0.544852	1.708995,2.398174,0.733350	-0.210762,0.421523,10.969189	1.623049,2.466355,0.544852	3.21466302872
19:29:05	1.657976,2.521757,0.552886	1.692837,2.466854,0.721326	-0.294587,-0.043110,10.504556	1.657976,2.521757,0.552886	3.32023477554
19:29:05	1.698407,2.565078,0.564399	1.725214,2.486946,0.810318	-0.031135,0.457449,11.026670	1.698407,2.565078,0.564399	3.09325504303
19:29:05	1.740042,2.597509,0.580964	1.804332,2.619270,0.778344	0.045505,0.900527,10.248289	1.740042,2.597509,0.580964	3.24105596542
19:29:05	1.779614,2.620429,0.595403	1.835975,2.654828,0.748546	0.541274,-0.114961,9.927356	1.779614,2.620429,0.595403	3.38357782364
19:29:05	1.813454,2.635435,0.608489	1.865565,2.641076,0.823447	0.186812,-0.543669,10.815908	1.813454,2.635435,0.608489	3.21994161606
19:29:05	1.839245,2.645721,0.623336	1.898594,2.632072,0.794659	-0.282612,0.258662,10.437495	1.839245,2.645721,0.623336	3.25689172745
19:29:05	1.857675,2.653159,0.639114	1.936453,2.625900,0.868660	0.100591,0.203577,10.813513	1.857675,2.653159,0.639114	3.19354820251
19:29:05	1.869311,2.659925,0.656766	1.978728,2.674771,0.833949	-0.131726,-0.299377,9.968071	1.869311,2.659925,0.656766	3.19354820251
19:29:05	1.876191,2.668652,0.673478	1.971712,2.670708,0.901698	0.364043,0.462239,10.686577	1.876191,2.668652,0.673478	3.20938444138
19:29:06	1.879244,2.680907,0.693165	1.967619,2.718809,0.865014	0.407153,-0.332908,10.006392	1.879244,2.680907,0.693165	3.28328466415
19:29:06	1.880524,2.697274,0.713357	1.965787,2.711456,0.928371	0.177231,0.720901,11.158396	1.880524,2.697274,0.713357	3.05630493164
19:29:06	1.882376,2.717361,0.739124	1.965019,2.701636,0.883948	0.402363,0.459844,10.025552	1.882376,2.717361,0.739124	3.26744890213
19:29:06	1.887310,2.738748,0.764541	1.963907,2.689583,0.933927	-0.433499,0.479004,10.497371	1.887310,2.738748,0.764541	3.19354820251
19:29:06	1.897209,2.759298,0.794609	2.008047,2.730510,0.973869	-0.019160,0.399968,10.827883	1.897209,2.759298,0.794609	3.24105596542
19:29:06	1.912187,2.779052,0.824135	2.008341,2.771088,0.918526	0.637075,1.528022,9.151370	1.912187,2.779052,0.824135	3.45219945908
19:29:06	1.931316,2.799642,0.836855	1.999355,2.759235,0.853569	0.407153,-0.007185,9.285491	1.931316,2.799642,0.836855	3.27272748947
19:29:06	1.954321,2.820056,0.838908	2.041210,2.800215,0.825585	-0.409548,0.220342,9.984836	1.954321,2.820056,0.838908	3.34134912491
19:29:06	1.979447,2.838160,0.837592	2.027408,2.787966,0.821069	0.076641,-0.040715,10.581196	1.979447,2.838160,0.837592	3.23577737808
19:29:06	2.004590,2.852801,0.836563	2.065665,2.830437,0.823964	-0.038320,0.141306,10.351274	2.004590,2.852801,0.836563	3.20938444138
19:29:07	2.028338,2.863104,0.839250	2.103913,2.821653,0.826228	0.344883,0.038320,10.600356	2.028338,2.863104,0.839250	3.20938444138
19:29:07	2.052024,2.871923,0.843786	2.142997,2.868804,0.820316	-0.399968,-0.184417,10.600356	2.052024,2.871923,0.843786	3.21994161606
19:29:07	2.077392,2.881351,0.848396	2.128786,2.863513,0.810338	0.026345,0.845442,10.176438	2.077392,2.881351,0.848396	3.23577737808
19:29:07	2.102387,2.891702,0.852250	2.166898,2.857856,0.800196	-0.141306,0.895737,10.078242	2.102387,2.891702,0.852250	3.21994161606
19:29:07	2.124269,2.901797,0.858958	2.205235,2.904979,0.898383	-0.392783,0.395178,10.904524	2.124269,2.901797,0.858958	3.19354820251
19:29:07	2.143700,2.913112,0.869800	2.245438,2.898922,0.883627	-0.162861,0.553250,10.341694	2.143700,2.913112,0.869800	3.28328466415
19:29:07	2.162712,2.926798,0.877922	2.233780,2.892133,0.859772	0.201182,0.098196,10.056687	2.162712,2.926798,0.877922	3.21994161606
19:29:07	2.183468,2.941160,0.882374	2.275706,2.937254,0.841905	0.229922,0.256267,10.272239	2.183468,2.941160,0.882374	3.21994161606
19:29:07	2.205078,2.956019,0.884646	2.263253,2.928637,0.832111	-0.050295,0.627495,10.564431	2.205078,2.956019,0.884646	3.21466302872
19:29:07	2.227024,2.971912,0.888375	2.303620,2.973055,0.933778	0.270637,0.325723,10.439890	2.227024,2.971912,0.888375	3.13548374176
19:29:08	2.249495,2.988445,0.896418	2.343785,2.910186,0.925575	-0.311353,0.584385,10.183623	2.249495,2.988445,0.896418	3.2252202034
19:29:08	2.272319,3.004684,0.904064	2.330303,2.900266,0.907881	-0.177231,-0.081431,10.207573	2.272319,3.004684,0.904064	3.28328466415
19:29:08	2.296394,3.016375,0.910974	2.369942,2.890523,0.891059	-0.031135,0.308958,10.585986	2.296394,3.016375,0.910974	3.2041053772
19:29:08	2.321191,3.020918,0.917957	2.399228,2.894855,0.878855	0.225132,0.814307,10.511741	2.321191,3.020918,0.917957	3.21994161606
19:29:08	2.346889,3.017990,0.923528	2.393952,2.934116,0.860494	0.239502,0.000000,10.068662	2.346889,3.017990,0.923528	3.20938444138
19:29:08	2.373117,3.008517,0.928550	2.431867,2.935872,0.954905	0.009580,0.155676,10.147698	2.373117,3.008517,0.928550	3.21466302872
19:29:08	2.397778,2.995095,0.933305	2.469463,2.888223,0.943856	0.229922,0.416733,10.224338	2.397778,2.995095,0.933305	3.25689172745
19:29:08	2.420521,2.980485,0.936430	2.508000,2.896276,0.933395	0.234712,0.009580,9.726174	2.420521,2.980485,0.936430	3.25161314011
19:29:08	2.442802,2.967321,0.938128	2.494354,2.905042,0.926521	0.093406,0.201182,10.363250	2.442802,2.967321,0.938128	3.2252202034
19:29:08	2.464018,2.957361,0.939211	2.534319,2.859608,0.922786	0.201182,0.725691,10.262659	2.464018,2.957361,0.939211	3.23049879074
19:29:09	2.482369,2.951845,0.941039	2.574922,2.972250,1.133737	-0.280217,0.275427,11.017090	2.482369,2.951845,0.941039	3.08269786835
19:29:09	2.498660,2.952084,0.948870	2.563912,2.975560,1.129713	-0.107776,0.043110,10.727292	2.498660,2.952084,0.948870	3.2041053772
19:29:09	2.511878,2.960140,0.958888	2.607471,2.975416,1.112486	0.007185,0.313748,10.435100	2.511878,2.960140,0.958888	3.19354820251
19:29:09	2.523046,2.975038,0.967361	2.599540,2.970583,1.197113	0.294587,0.177231,10.918894	2.523046,2.975038,0.967361	3.18299102783
19:29:09	2.535790,2.994796,0.979585	2.644106,2.961869,1.174929	0.086221,0.352068,10.456655	2.535790,2.994796,0.979585	3.24633455276
19:29:09	2.551413,3.016608,0.993473	2.638526,3.003122,1.151581	-0.215552,0.296982,10.751243	2.551413,3.016608,0.993473	3.18826961517
19:29:09	2.570918,3.038489,1.006857	2.629152,2.990035,1.121027	0.289797,0.320933,9.774075	2.570918,3.038489,1.006857	3.33607053757
19:29:09	2.593959,3.057043,1.014957	2.670783,3.030240,1.198248	-0.083826,-0.210762,10.514136	2.593959,3.057043,1.014957	3.11964797974
19:29:09	2.617842,3.070784,1.027894	2.710291,3.072441,1.180427	0.567620,0.919687,10.315349	2.617842,3.070784,1.027894	3.21466302872
19:29:09	2.641925,3.082601,1.039852	2.695961,3.064196,1.151966	-0.404758,0.366438,10.456655	2.641925,3.082601,1.039852	3.18299102783
19:29:10	2.665004,3.092806,1.048226	2.734845,3.057106,1.125659	0.126936,0.457449,9.783655	2.665004,3.092806,1.048226	3.24105596542
19:29:10	2.687178,3.100082,1.054440	2.774331,3.104316,1.107235	-0.356858,0.229922,9.939331	2.687178,3.100082,1.054440	3.18826961517
19:29:10	2.708469,3.106478,1.057101	2.761027,3.099951,1.093566	0.725691,-0.124541,10.320139	2.708469,3.106478,1.057101	3.24633455276
19:29:10	2.727972,3.114567,1.058118	2.801585,3.096113,1.087712	0.289797,0.138911,10.384805	2.727972,3.114567,1.058118	3.19354820251
19:29:10	2.746905,3.123050,1.061621	2.837567,3.092402,1.287008	-0.328118,0.708926,10.784773	2.746905,3.123050,1.061621	3.17771244049
19:29:10	2.766232,3.131582,1.070932	2.831857,3.139503,1.291101	-0.071851,0.404758,10.926079	2.766232,3.131582,1.070932	3.14604091644
19:29:10	2.785661,3.141579,1.084817	2.873594,3.134384,1.270615	-0.356858,0.476609,10.499766	2.785661,3.141579,1.084817	3.27800607681
19:29:10	2.806467,3.152638,1.098871	2.861936,3.128386,1.240069	0.016765,0.390388,10.157278	2.806467,3.152638,1.098871	3.3149561882
19:29:10	2.828555,3.163460,1.112390	2.902787,3.121751,1.102484	0.076641,0.023950,10.629097	2.828555,3.163460,1.112390	3.17243385315
19:29:10	2.850101,3.172635,1.127328	2.942867,3.115258,1.072741	0.110171,0.471819,10.861414	2.850101,3.172635,1.127328	3.18826961517
19:29:11	2.871108,3.178861,1.144191	2.929939,3.109753,1.146546	0.165256,0.419128,10.559641	2.871108,3.178861,1.144191	3.02463340759
19:29:11	2.891479,3.181888,1.167081	2.970669,3.159350,1.322779	0.100591,-0.102986,10.878179	2.891479,3.181888,1.167081	3.04046916962
19:29:11	2.911088,3.182823,1.196491	3.010163,3.157861,1.376241	-0.045505,0.186812,11.211086	2.911088,3.182823,1.196491	3.07214069366
19:29:11	2.930979,3.184591,1.225599	3.000014,3.156973,1.314386	0.675396,0.864602,9.330996	2.930979,3.184591,1.225599	3.40997076035
19:29:11	2.951989,3.186287,1.244753	3.041412,3.209245,1.357016	0.182021,0.119751,10.339299	2.951989,3.186287,1.244753	3.02463340759
19:29:11	2.972593,3.190093,1.262597	3.028807,3.208228,1.314876	-0.227527,0.771196,9.857900	2.972593,3.190093,1.262597	3.24105596542
19:29:11	2.991714,3.197953,1.274016	3.069777,3.205944,1.275619	-0.023950,-0.213157,9.663904	2.991714,3.197953,1.274016	3.33607053757
19:29:11	3.009453,3.209756,1.280573	3.111638,3.201228,1.250498	0.610730,0.318538,10.451865	3.009453,3.209756,1.280573	3.29384183884
19:29:11	3.027406,3.224555,1.284781	3.100995,3.194146,1.236072	0.229922,0.225132,10.324929	3.027406,3.224555,1.284781	3.19882678986
19:29:11	3.046983,3.240538,1.291020	3.143556,3.238600,1.333483	0.222737,0.855022,10.765613	3.046983,3.240538,1.291020	3.06158351898
19:29:12	3.067489,3.257047,1.302191	3.131810,3.229010,1.319756	0.143701,0.893342,10.660232	3.067489,3.257047,1.302191	3.24633455276
19:29:12	3.088561,3.273427,1.313836	3.172840,3.272439,1.295180	0.447869,0.637075,10.641072	3.088561,3.273427,1.313836	3.17771244049
19:29:12	3.109744,3.287772,1.326235	3.160197,3.262611,1.269562	0.208367,-0.193997,9.970466	3.109744,3.287772,1.326235	3.27272748947
19:29:12	3.129886,3.298504,1.337673	3.200820,3.307337,1.348950	0.079036,-0.016765,10.631492	3.129886,3.298504,1.337673	3.03519058228
19:29:12	3.148661,3.307207,1.352614	3.242068,3.300898,1.323785	0.067061,-0.217947,10.188413	3.148661,3.307207,1.352614	3.24633455276
19:29:12	3.166843,3.316415,1.363460	3.230803,3.295676,1.290915	0.083826,0.330513,9.616003	3.166843,3.316415,1.363460	3.30439901352
19:29:12	3.184832,3.324904,1.370481	3.273227,3.290151,1.373722	-0.136516,0.344883,10.305769	3.184832,3.324904,1.370481	3.17243385315
19:29:12	3.202085,3.332690,1.377818	3.262434,3.338391,1.358274	0.447869,0.421523,10.188413	3.202085,3.332690,1.377818	3.24633455276
19:29:12	3.218483,3.340588,1.384259	3.369997,3.334363,1.335430	-0.079036,0.335303,9.922566	3.218483,3.340588,1.384259	3.16715526581
19:29:12	3.235574,3.350430,1.386657	3.343761,3.321725,1.308379	0.692161,-0.445474,10.027947	3.235574,3.350430,1.386657	3.25161314011
19:29:13	3.255691,3.361370,1.388584	3.403082,3.305978,1.471642	0.426313,0.062271,11.007510	3.255691,3.361370,1.388584	3.03519058228
19:29:13	3.281572,3.373281,1.399290	3.451889,3.374755,1.461441	0.069456,0.344883,10.892549	3.281572,3.373281,1.399290	3.03519058228
19:29:13	3.313276,3.387240,1.409431	3.416152,3.356084,1.418580	-0.007185,-0.021555,9.618398	3.313276,3.387240,1.409431	3.03519058228
19:29:13	3.347679,3.403387,1.412679	3.452092,3.333749,1.375991	0.459844,0.364043,10.152488	3.347679,3.403387,1.412679	3.03519058228
19:29:13	3.383045,3.417918,1.412021	3.483713,3.307915,1.362349	-0.028740,-0.210762,10.193203	3.383045,3.417918,1.412021	3.15131950378
19:29:13	3.419669,3.427282,1.411913	3.513794,3.284665,1.365111	0.426313,0.332908,10.322534	3.419669,3.427282,1.411913	3.15659809113
19:29:13	3.457648,3.429024,1.415473	3.541398,3.270282,1.365744	-0.167651,0.488584,10.760823	3.457648,3.429024,1.415473	3.15659809113
19:29:13	3.496851,3.421995,1.421400	3.567764,3.266895,1.350612	-0.059875,0.308958,10.238708	3.496851,3.421995,1.421400	3.23577737808
19:29:13	3.536242,3.406812,1.428801	3.651440,3.299485,1.487533	-0.220342,-0.117356,10.497371	3.536242,3.406812,1.428801	3.07214069366
19:29:13	3.573483,3.385734,1.437609	3.666927,3.256203,1.459678	0.203577,0.371228,9.666299	3.573483,3.385734,1.437609	3.28328466415
19:29:14	3.607388,3.360759,1.440111	3.723939,3.254004,1.431196	-0.349673,0.977168,9.922566	3.607388,3.360759,1.440111	3.28328466415
19:29:14	3.638420,3.333336,1.436567	3.735359,3.229591,1.279879	0.280217,0.977168,9.445957	3.638420,3.333336,1.436567	3.43636369705
19:29:14	3.666188,3.308303,1.423986	3.765696,3.195541,1.297812	0.323328,0.828677,10.406360	3.666188,3.308303,1.423986	3.06158351898
19:29:14	3.689796,3.291640,1.412689	3.830465,3.206435,1.321298	-0.064666,0.622705,10.911709	3.689796,3.291640,1.412689	3.16187667847
19:29:14	3.710677,3.285764,1.407160	3.830465,3.206435,1.321298	0.131726,0.131726,10.902129	3.710677,3.285764,1.407160	3.15659809113
19:29:14	3.731302,3.290415,1.404930	3.830465,3.206435,1.321298	0.071851,0.486189,10.914104	3.731302,3.290415,1.404930	3.16715526581
19:29:14	3.752705,3.303341,1.405033	3.830465,3.206435,1.321298	-0.110171,0.397573,10.569221	3.752705,3.303341,1.405033	3.16187667847
19:29:14	3.774674,3.321352,1.406810	3.830465,3.206435,1.321298	-0.246687,0.713716,10.868599	3.774674,3.321352,1.406810	3.16187667847
19:29:14	3.796662,3.340425,1.410072	3.830465,3.206435,1.321298	0.670605,0.869392,10.617122	3.796662,3.340425,1.410072	3.16187667847
19:29:14	3.817935,3.355915,1.414462	3.830465,3.206435,1.321298	0.292192,0.459844,10.368040	3.817935,3.355915,1.414462	3.16187667847
19:29:15	3.837266,3.364427,1.419636	3.830465,3.206435,1.321298	-0.158071,0.292192,10.483000	3.837266,3.364427,1.419636	3.16187667847
19:29:15	3.853588,3.364285,1.425170	3.830465,3.206435,1.321298	0.184417,-0.047900,10.437495	3.853588,3.364285,1.425170	3.16715526581
19:29:15	3.865780,3.355282,1.430375	3.830465,3.206435,1.321298	0.055085,0.658630,9.934541	3.865780,3.355282,1.430375	3.16715526581
19:29:15	3.873161,3.339098,1.434454	3.830465,3.206435,1.321298	0.416733,0.498164,10.669812	3.873161,3.339098,1.434454	3.17243385315
19:29:15	3.875209,3.319317,1.438810	3.873161,3.339098,1.434454	0.275427,0.481399,10.351274	3.875209,3.319317,1.438810	3.01407623291
19:29:15	3.872249,3.302758,1.445773	3.754874,3.288410,1.421285	0.287402,0.038320,10.439890	3.872249,3.302758,1.445773	3.16187667847
19:29:15	3.864540,3.295717,1.449764	3.756650,3.298345,1.405967	-0.016765,1.077759,10.277029	3.864540,3.295717,1.449764	3.20938444138
19:29:15	3.850793,3.299869,1.450599	3.761276,3.302570,1.397187	0.979563,0.558040,10.233918	3.850793,3.299869,1.450599	3.2041053772
19:29:15	3.832747,3.315421,1.448098	3.769524,3.300079,1.395348	0.519719,0.196392,10.147698	3.832747,3.315421,1.448098	3.17771244049
19:29:15	3.815291,3.340154,1.442317	3.727018,3.237414,1.294184	0.361648,-0.299377,9.414822	3.815291,3.340154,1.442317	3.15659809113
19:29:16	3.801903,3.368291,1.429520	3.737492,3.222574,1.306904	-0.189207,0.447869,10.291399	3.801903,3.368291,1.429520	3.07741928101
19:29:16	3.794404,3.393630,1.420380	3.693468,3.260297,1.336156	0.126936,1.197510,11.012300	3.794404,3.393630,1.420380	3.0510263443
19:29:16	3.790990,3.412020,1.420030	3.750024,3.297155,1.461831	-0.229922,0.064666,11.139236	3.790990,3.412020,1.420030	3.16187667847
19:29:16	3.788499,3.423277,1.426052	3.752072,3.286121,1.462602	0.421523,0.364043,10.806328	3.788499,3.423277,1.426052	3.15659809113
19:29:16	3.788167,3.427166,1.432730	3.753567,3.332700,1.449353	0.239502,0.227527,10.300979	3.788167,3.427166,1.432730	3.16187667847
19:29:16	3.790040,3.424479,1.437538	3.753767,3.330367,1.434660	0.292192,-0.067061,9.788445	3.790040,3.424479,1.437538	3.16187667847
19:29:16	3.792722,3.417601,1.438664	3.752642,3.331980,1.424084	0.167651,0.409548,10.471025	3.792722,3.417601,1.438664	3.15131950378
19:29:16	3.795360,3.407897,1.437939	3.751033,3.336106,1.421605	0.196392,0.119751,9.798025	3.795360,3.407897,1.437939	3.16715526581
19:29:16	3.797063,3.396806,1.437071	3.749451,3.288595,1.423201	0.459844,-0.285007,10.183623	3.797063,3.396806,1.437071	3.15659809113
19:29:16	3.796893,3.385328,1.436978	3.748429,3.295250,1.425110	0.258662,0.423918,10.614727	3.796893,3.385328,1.436978	3.15131950378
19:29:17	3.795123,3.373368,1.438244	3.748531,3.302137,1.425316	-0.239502,-0.148491,10.571616	3.795123,3.373368,1.438244	3.15131950378
19:29:17	3.791805,3.362251,1.436286	3.699384,3.259689,1.319731	0.234712,0.332908,9.673484	3.791805,3.362251,1.436286	3.15659809113
19:29:17	3.786532,3.353045,1.425654	3.698250,3.262649,1.320171	0.148491,-0.196392,10.037527	3.786532,3.353045,1.425654	3.1407623291
19:29:17	3.778373,3.344874,1.416437	3.701414,3.268173,1.343561	-0.033530,-0.028740,10.236313	3.778373,3.344874,1.416437	3.1407623291
19:29:17	3.767855,3.337984,1.411090	3.706310,3.219742,1.363839	-0.244292,0.002395,10.384805	3.767855,3.337984,1.411090	3.15659809113
19:29:17	3.756902,3.332169,1.407706	3.712620,3.223877,1.375603	0.455054,0.244292,10.791958	3.756902,3.332169,1.407706	3.12492656708
19:29:17	3.747634,3.326886,1.407151	3.719192,3.227365,1.383048	0.562830,0.160466,10.727292	3.747634,3.326886,1.407151	3.15659809113
19:29:17	3.742131,3.322413,1.408314	3.724753,3.230535,1.384267	-0.258662,0.203577,10.171648	3.742131,3.322413,1.408314	3.15659809113
19:29:17	3.741193,3.318882,1.409233	3.728055,3.233219,1.381708	-0.150886,0.373623,10.109377	3.741193,3.318882,1.409233	3.15131950378
19:29:17	3.744221,3.315911,1.409575	3.728617,3.235337,1.379688	0.136516,0.325723,10.291399	3.744221,3.315911,1.409575	3.15131950378
19:29:18	3.749733,3.312958,1.408937	3.726800,3.237120,1.378935	0.162861,0.148491,10.245894	3.749733,3.312958,1.408937	3.15131950378
19:29:18	3.755536,3.309673,1.407764	3.723493,3.238892,1.380338	0.134121,0.251477,10.399175	3.755536,3.309673,1.407764	3.14604091644
19:29:18	3.759393,3.305826,1.406567	3.720012,3.240863,1.382920	0.067061,0.074246,10.310559	3.759393,3.305826,1.406567	3.15131950378
19:29:18	3.759883,3.301131,1.405873	3.717698,3.243171,1.385553	-0.110171,0.249082,10.631492	3.759883,3.301131,1.405873	3.15131950378
19:29:18	3.755823,3.295934,1.405956	3.717404,3.245988,1.387080	0.285007,0.562830,10.732083	3.755823,3.295934,1.405956	3.15131950378
19:29:18	3.746923,3.291120,1.405760	3.719840,3.249106,1.386896	-0.126936,0.088616,10.332114	3.746923,3.291120,1.405760	3.15131950378
19:29:18	3.735221,3.288193,1.404723	3.725179,3.251995,1.387328	-0.071851,0.538879,10.162068	3.735221,3.288193,1.404723	3.15659809113
19:29:18	3.723204,3.288180,1.402932	3.732201,3.253751,1.389610	0.227527,-0.462239,10.277029	3.723204,3.288180,1.402932	3.1407623291
19:29:18	3.713521,3.291774,1.400918	3.739411,3.253759,1.393550	-0.304167,-0.474214,10.415940	3.713521,3.291774,1.400918	3.14604091644
19:29:18	3.709023,3.299132,1.398780	3.745221,3.251603,1.397981	0.091011,-0.215552,10.099797	3.709023,3.299132,1.398780	3.15131950378
19:29:19	3.711635,3.309161,1.397192	3.747920,3.247188,1.402684	0.459844,0.373623,10.686577	3.711635,3.309161,1.397192	3.13548374176
19:29:19	3.721244,3.319088,1.395917	3.746352,3.241170,1.406177	0.074246,-0.512534,10.375225	3.721244,3.319088,1.395917	3.14604091644
19:29:19	3.736067,3.326174,1.395260	3.740587,3.235214,1.408982	0.433499,-0.304167,10.636282	3.736067,3.326174,1.395260	3.14604091644
19:29:19	3.753424,3.327909,1.395209	3.731693,3.230963,1.410427	0.843047,1.484912,10.693762	3.753424,3.327909,1.395209	3.1407623291
19:29:19	3.769609,3.323045,1.395542	3.721279,3.229921,1.410540	0.098196,0.234712,10.138118	3.769609,3.323045,1.395542	3.14604091644
19:29:19	3.780996,3.312897,1.395296	3.711568,3.232839,1.409807	0.392783,0.234712,10.341694	3.780996,3.312897,1.395296	3.14604091644
19:29:19	3.785461,3.299042,1.394939	3.704736,3.238928,1.410350	-0.126936,0.136516,10.435100	3.785461,3.299042,1.394939	3.1407623291
19:29:19	3.781800,3.284076,1.394186	3.702057,3.247242,1.411134	-0.031135,0.201182,10.380015	3.781800,3.284076,1.394186	3.1407623291
19:29:19	3.769092,3.271376,1.393203	3.704253,3.256221,1.412790	0.177231,0.368833,10.346484	3.769092,3.271376,1.393203	3.1407623291
19:29:19	3.749302,3.264077,1.391705	3.711878,3.263841,1.414952	0.383203,-0.086221,10.207573	3.749302,3.264077,1.391705	3.1407623291
19:29:20	3.726967,3.264841,1.389887	3.723752,3.268220,1.418248	-0.110171,0.246687,10.597961	3.726967,3.264841,1.389887	3.1407623291
19:29:20	3.707213,3.274404,1.384814	3.570434,3.246225,1.335077	1.274150,1.985471,9.592053	3.707213,3.274404,1.384814	3.1407623291
19:29:20	3.693249,3.290824,1.372766	3.749006,3.262024,1.433410	0.435894,0.615520,10.849438	3.693249,3.290824,1.372766	3.06686210632
19:29:20	3.686969,3.310868,1.365598	3.757384,3.252172,1.459914	0.392783,-0.102986,10.684182	3.686969,3.310868,1.365598	3.11964797974
19:29:20	3.691996,3.330945,1.364493	3.761152,3.240146,1.475684	0.095801,0.287402,10.861414	3.691996,3.330945,1.364493	3.13020515442
19:29:20	3.707425,3.346937,1.362420	3.535885,3.307375,1.312576	-0.040715,0.967588,8.957373	3.707425,3.346937,1.362420	3.37302064896
19:29:20	3.727778,3.356632,1.351230	3.551404,3.322416,1.311189	0.241897,0.775986,10.003997	3.727778,3.356632,1.351230	3.11964797974
19:29:20	3.747133,3.361440,1.338974	3.571670,3.331642,1.302006	0.174836,0.977168,10.538086	3.747133,3.361440,1.338974	3.12492656708
19:29:20	3.761202,3.364786,1.326948	3.590886,3.336309,1.291835	-0.335303,-0.088616,10.588381	3.761202,3.364786,1.326948	3.13020515442
19:29:20	3.767380,3.366750,1.316463	3.604829,3.339559,1.281728	0.404758,-0.019160,10.202783	3.767380,3.366750,1.316463	3.12492656708
19:29:21	3.764602,3.367809,1.305838	3.610911,3.341441,1.272785	0.328118,0.220342,10.135723	3.764602,3.367809,1.305838	3.13020515442
19:29:21	3.754212,3.369495,1.293342	3.608056,3.342383,1.263554	0.550854,0.059875,10.095007	3.754212,3.369495,1.293342	3.13548374176
19:29:21	3.737211,3.372252,1.279217	3.597605,3.343825,1.252583	0.493374,0.419128,10.241104	3.737211,3.372252,1.279217	3.13020515442
19:29:21	3.714356,3.375845,1.264752	3.580564,3.346187,1.240116	0.098196,0.217947,10.238708	3.714356,3.375845,1.264752	3.12492656708
19:29:21	3.687998,3.380581,1.250789	3.557697,3.349255,1.227291	-0.203577,-0.404758,9.714199	3.687998,3.380581,1.250789	3.13020515442
19:29:21	3.660315,3.386804,1.235268	3.531360,3.353335,1.214881	0.141306,0.555645,9.843530	3.660315,3.386804,1.235268	3.12492656708
19:29:21	3.631836,3.395598,1.219243	3.503716,3.358765,1.201160	0.404758,-0.244292,10.420730	3.631836,3.395598,1.219243	3.11964797974
19:29:21	3.603089,3.406744,1.202641	3.475320,3.366554,1.187050	0.239502,0.387993,10.066267	3.603089,3.406744,1.202641	3.12492656708
19:29:21	3.575303,3.420451,1.185039	3.446698,3.376498,1.172503	0.282612,0.886157,10.047107	3.575303,3.420451,1.185039	3.12492656708
19:29:21	3.548992,3.436308,1.165763	3.419084,3.388801,1.157182	-0.184417,0.821492,10.063872	3.548992,3.436308,1.165763	3.11964797974
19:29:22	3.523737,3.453738,1.145619	3.392988,3.403089,1.140522	0.522114,0.114961,10.274634	3.523737,3.453738,1.145619	3.11964797974
19:29:22	3.499335,3.471922,1.124848	3.367997,3.418820,1.123206	0.220342,0.182021,10.391990	3.499335,3.471922,1.124848	3.11964797974
19:29:22	3.475369,3.490463,1.102839	3.343901,3.435233,1.105436	-0.311353,0.517324,10.039922	3.475369,3.490463,1.102839	3.1143693924
19:29:22	3.450920,3.508065,1.080464	3.320282,3.451956,1.086691	0.059875,0.524509,10.121353	3.450920,3.508065,1.080464	3.1143693924
19:29:22	3.425815,3.523949,1.057885	3.296208,3.467774,1.067702	0.498164,-0.091011,10.253079	3.425815,3.523949,1.057885	3.11964797974
19:29:22	3.400343,3.538736,1.035208	3.271492,3.481963,1.048608	0.100591,-0.040715,10.700947	3.400343,3.538736,1.035208	3.1143693924
19:29:22	3.374761,3.552864,1.012882	3.246433,3.495103,1.029505	0.296982,-0.057480,10.636282	3.374761,3.552864,1.012882	3.11964797974
19:29:22	3.349993,3.566042,0.991958	3.221298,3.507608,1.010773	0.440684,0.356858,10.300979	3.349993,3.566042,0.991958	3.11964797974
19:29:22	3.325799,3.578015,0.968833	3.196995,3.519230,0.993288	0.364043,-0.131726,9.963281	3.325799,3.578015,0.968833	3.10909080505
19:29:22	3.299646,3.590395,0.944849	3.173280,3.529730,0.974040	-0.122146,-0.045505,9.977651	3.299646,3.590395,0.944849	3.10909080505
19:29:23	3.271225,3.602882,0.920544	3.147683,3.540542,0.954163	0.344883,-0.129331,10.516531	3.271225,3.602882,0.920544	3.1143693924
19:29:23	3.242111,3.615445,0.895907	3.119896,3.551373,0.934121	0.514929,0.002395,10.454260	3.242111,3.615445,0.895907	3.10381221771
19:29:23	3.212422,3.627814,0.872069	3.091487,3.562233,0.913907	0.112566,0.225132,9.953701	3.212422,3.627814,0.872069	3.1143693924
19:29:23	3.183007,3.639595,0.848430	3.062568,3.572874,0.894459	0.390388,0.546064,10.478210	3.183007,3.639595,0.848430	3.10909080505
19:29:23	3.154155,3.649703,0.825314	3.033970,3.582956,0.875274	0.138911,0.273032,10.109377	3.154155,3.649703,0.825314	3.10381221771
19:29:23	3.125544,3.658447,0.802894	3.005944,3.591490,0.856617	0.100591,-0.081431,10.758428	3.125544,3.658447,0.802894	3.10909080505
19:29:23	3.098485,3.665246,0.784322	3.213393,3.589487,1.032041	0.256267,-0.337698,11.179951	3.098485,3.665246,0.784322	3.1143693924
19:29:23	3.076617,3.671261,0.774501	3.185586,3.581895,0.994711	0.117356,0.258662,10.557246	3.076617,3.671261,0.774501	3.09853363037
19:29:23	3.064174,3.677485,0.763158	3.188282,3.582894,0.920409	-0.268242,0.404758,9.848320	3.064174,3.677485,0.763158	3.09325504303
19:29:23	3.062887,3.683484,0.749162	3.152454,3.578578,0.942312	0.440684,0.007185,10.837463	3.062887,3.683484,0.749162	3.09853363037
19:29:24	3.071790,3.689102,0.739833	3.144622,3.586622,0.944481	0.095801,-0.285007,10.703342	3.071790,3.689102,0.739833	3.10909080505
19:29:24	3.086253,3.694155,0.734464	3.167805,3.602097,0.927568	0.524509,0.229922,10.914104	3.086253,3.694155,0.734464	3.10909080505
19:29:24	3.103332,3.698641,0.731263	3.160800,3.597850,0.942003	0.270637,0.007185,10.593171	3.103332,3.698641,0.731263	3.10381221771
19:29:24	3.121968,3.701919,0.731851	3.192205,3.606999,0.924170	0.728086,-0.088616,10.629097	3.121968,3.701919,0.731851	3.10381221771
19:29:24	3.140256,3.701945,0.734569	3.189109,3.598898,0.936582	0.649050,0.043110,10.988350	3.140256,3.701945,0.734569	3.10381221771
19:29:24	3.157241,3.699296,0.740761	3.225557,3.603983,0.921410	0.131726,0.107776,10.504556	3.157241,3.699296,0.740761	3.10909080505
19:29:24	3.172374,3.693555,0.748592	3.225655,3.593756,0.930326	0.313748,0.665815,10.777588	3.172374,3.693555,0.748592	3.10909080505
19:29:24	3.185811,3.685554,0.758534	3.269909,3.597200,0.913097	-0.031135,0.349673,10.150093	3.185811,3.685554,0.758534	3.1143693924
19:29:24	3.196877,3.676157,0.771524	3.259732,3.604325,0.991235	0.241897,0.680186,10.597961	3.196877,3.676157,0.771524	3.11964797974
19:29:24	3.205136,3.668595,0.786379	3.289638,3.574933,0.935831	-0.004790,-0.282612,9.764495	3.205136,3.668595,0.786379	3.11964797974
19:29:25	3.211596,3.663935,0.796375	3.300328,3.562474,0.931663	0.296982,0.270637,10.037527	3.211596,3.663935,0.796375	3.10381221771
19:29:25	3.218464,3.661970,0.807558	3.291827,3.570790,1.001186	0.131726,0.447869,10.911709	3.218464,3.661970,0.807558	3.10909080505
19:29:25	3.225762,3.662539,0.821747	3.295588,3.562818,0.996705	-0.031135,0.816702,10.456655	3.225762,3.662539,0.821747	3.1143693924
19:29:25	3.234034,3.664739,0.834316	3.336815,3.568987,0.956138	0.150886,0.874182,10.473420	3.234034,3.664739,0.834316	3.10909080505
19:29:25	3.244577,3.666857,0.844774	3.327117,3.573387,1.019685	0.182021,0.411943,10.530901	3.244577,3.666857,0.844774	3.09853363037
19:29:25	3.256997,3.668728,0.857605	3.330742,3.562916,1.016492	0.172441,0.462239,10.660232	3.256997,3.668728,0.857605	3.10909080505
19:29:25	3.269967,3.670039,0.870063	3.325802,3.558763,0.993269	0.071851,0.249082,10.229128	3.269967,3.670039,0.870063	3.10909080505
19:29:25	3.283386,3.669189,0.883238	3.359150,3.571465,1.048159	0.421523,-0.035925,10.631492	3.283386,3.669189,0.883238	3.10381221771
19:29:25	3.296378,3.666997,0.899500	3.363302,3.558487,1.043543	0.641865,-0.158071,10.408755	3.296378,3.666997,0.899500	3.10909080505
19:29:25	3.308993,3.664276,0.916767	3.391628,3.576207,1.081539	0.306563,0.138911,10.914104	3.308993,3.664276,0.916767	3.10909080505
19:29:26	3.321323,3.660452,0.938371	3.401271,3.561434,1.076446	0.184417,-0.507744,10.341694	3.321323,3.660452,0.938371	3.1143693924
19:29:26	3.333006,3.657340,0.961250	3.393873,3.563729,1.135584	0.117356,0.620310,10.643467	3.333006,3.657340,0.961250	3.1143693924
19:29:26	3.344097,3.655245,0.986375	3.440196,3.565596,1.085249	-0.428708,0.205972,9.884246	3.344097,3.655245,0.986375	3.1143693924
19:29:26	3.354667,3.653379,1.006967	3.433542,3.566853,1.136642	0.241897,0.033530,10.782378	3.354667,3.653379,1.006967	3.09853363037
19:29:26	3.365432,3.653187,1.030285	3.427200,3.567972,1.198006	0.026345,0.011975,10.631492	3.365432,3.653187,1.030285	3.10909080505
19:29:26	3.375865,3.653898,1.053654	3.474074,3.568088,1.146707	0.198787,0.184417,9.570498	3.375865,3.653898,1.053654	3.10909080505
19:29:26	3.386833,3.655686,1.067947	3.467814,3.567661,1.201960	0.040715,0.546064,9.877061	3.386833,3.655686,1.067947	3.09853363037
19:29:26	3.399639,3.657830,1.084430	3.461233,3.566588,1.277183	0.519719,0.294587,10.902129	3.399639,3.657830,1.084430	3.09325504303
19:29:26	3.413591,3.659782,1.104571	3.505678,3.566341,1.239162	-0.419128,-0.064666,10.121353	3.413591,3.659782,1.104571	3.09853363037
19:29:26	3.428733,3.661127,1.123454	3.497483,3.565290,1.300870	0.325723,0.234712,10.380015	3.428733,3.661127,1.123454	3.09853363037
19:29:27	3.445806,3.661148,1.142662	3.539056,3.566501,1.257243	-0.011975,-0.682581,10.121353	3.445806,3.661148,1.142662	3.09325504303
19:29:27	3.463798,3.659848,1.160401	3.532517,3.563311,1.326144	0.182021,0.119751,10.665022	3.463798,3.659848,1.160401	3.09325504303
19:29:27	3.481773,3.656999,1.179368	3.575055,3.564091,1.287118	-0.146096,0.713716,10.190808	3.481773,3.656999,1.179368	3.08797645569
19:29:27	3.499134,3.652578,1.198385	3.564269,3.565800,1.352057	0.304167,0.136516,10.423125	3.499134,3.652578,1.198385	3.09325504303
19:29:27	3.515127,3.647633,1.222785	3.597823,3.575743,1.397953	0.445474,-0.174836,11.024275	3.515127,3.647633,1.222785	3.09853363037
19:29:27	3.530132,3.643412,1.252618	3.597590,3.571420,1.363207	-0.102986,-0.126936,10.274634	3.530132,3.643412,1.252618	3.10909080505
19:29:27	3.545955,3.640014,1.280597	3.628116,3.535783,1.385516	0.280217,0.158071,10.557246	3.545955,3.640014,1.280597	3.09325504303
19:29:27	3.561811,3.636934,1.311388	3.628098,3.528534,1.440906	0.354463,0.239502,10.492581	3.561811,3.636934,1.311388	3.11964797974
19:29:27	3.577864,3.633176,1.341187	3.673306,3.527396,1.379808	0.002395,-0.395178,9.575288	3.577864,3.633176,1.341187	3.10909080505
19:29:27	3.593871,3.627090,1.357811	3.666615,3.526761,1.316054	0.380808,0.479004,9.635164	3.593871,3.627090,1.357811	3.08269786835
19:29:28	3.609114,3.618589,1.364927	3.657011,3.530413,1.279482	0.112566,0.469424,10.097402	3.609114,3.618589,1.364927	3.08797645569
19:29:28	3.622226,3.608540,1.368809	3.647865,3.535513,1.370495	0.088616,1.324446,10.808723	3.622226,3.608540,1.368809	3.08269786835
19:29:28	3.630481,3.598314,1.376129	3.693331,3.488209,1.361954	0.318538,0.522114,10.494976	3.630481,3.598314,1.376129	3.08797645569
19:29:28	3.634749,3.589602,1.383945	3.688378,3.494345,1.345849	0.033530,-0.306563,10.475815	3.634749,3.589602,1.383945	3.09325504303
19:29:28	3.637832,3.583089,1.391967	3.685817,3.499572,1.328655	0.213157,0.081431,9.510623	3.637832,3.583089,1.391967	3.08797645569
19:29:28	3.639948,3.578866,1.387267	3.683967,3.503480,1.417674	0.007185,-0.289797,8.499924	3.639948,3.578866,1.387267	3.50498533249
19:29:28	3.640512,3.579190,1.367497	3.682698,3.452680,1.428013	-0.088616,-0.646655,9.422007	3.640512,3.579190,1.367497	3.1407623291
19:29:28	3.638600,3.587584,1.337605	3.682359,3.452486,1.364839	1.068179,0.285007,9.992021	3.638600,3.587584,1.337605	3.1407623291
19:29:28	3.633650,3.606188,1.298784	3.683507,3.447450,1.430603	0.325723,0.469424,9.908196	3.633650,3.606188,1.298784	3.13020515442
19:29:28	3.627033,3.632524,1.254309	3.686476,3.489620,1.409343	0.134121,-0.364043,10.109377	3.627033,3.632524,1.254309	3.11964797974
19:29:29	3.622422,3.662889,1.207866	3.674759,3.513080,1.444628	0.208367,-0.220342,9.946516	3.622422,3.662889,1.207866	3.1143693924
19:29:29	3.622591,3.697101,1.158324	3.672852,3.553214,1.417896	-0.155676,0.404758,9.908196	3.622591,3.697101,1.158324	3.11964797974
19:29:29	3.628558,3.736113,1.105654	3.668981,3.594901,1.386387	0.100591,0.004790,9.939331	3.628558,3.736113,1.105654	3.1143693924
19:29:29	3.639126,3.779034,1.049863	3.634031,3.618312,1.321923	0.215552,0.011975,10.497371	3.639126,3.779034,1.049863	3.10909080505
19:29:29	3.651190,3.820186,0.995402	3.632560,3.689445,1.314669	0.201182,-0.764011,10.334509	3.651190,3.820186,0.995402	3.10909080505
19:29:29	3.660908,3.855202,0.943115	3.630354,3.718844,1.239497	-0.057480,0.292192,10.197993	3.660908,3.855202,0.943115	3.09853363037
19:29:29	3.666088,3.882639,0.890818	3.668190,3.743251,1.171273	-0.601150,0.332908,10.423125	3.666088,3.882639,0.890818	3.10381221771
19:29:29	3.667031,3.901462,0.838401	3.666764,3.786078,1.145969	0.150886,-0.205972,10.085427	3.667031,3.901462,0.838401	3.09325504303
19:29:29	3.666355,3.913117,0.786301	3.666532,3.808175,1.098379	-0.057480,-0.301772,10.681787	3.666355,3.913117,0.786301	3.1143693924
