# Flight Log 
# 25 08 17 - 16:26:56
Time		X,Y,Z				goalX,goalY,goalZ		ddx,ddy,ddz			angularx,angulary,angularz	battery
16:26:56	0.000000,0.000000,0.000000	0.000000,0.000000,0.000000	0.000000,0.000000,0.000000	0.000000,0.000000,0.000000	0
16:26:56	0.672538,2.226631,0.327382	0.000000,0.000000,0.000000	0.000000,0.000000,0.000000	0.672538,2.226631,0.327382	0
16:26:56	0.672526,2.226634,0.327381	0.708998,2.090030,0.477195	0.000000,0.000000,0.000000	0.672526,2.226634,0.327381	0
16:26:56	0.672536,2.226626,0.327386	0.709001,2.090025,0.477200	0.000000,0.000000,0.000000	0.672536,2.226626,0.327386	0
16:26:56	0.672526,2.226635,0.327386	0.708949,2.089992,0.477131	0.000000,0.000000,0.000000	0.672526,2.226635,0.327386	0
16:26:56	0.672528,2.226637,0.327396	0.708988,2.090036,0.477198	0.000000,0.000000,0.000000	0.672528,2.226637,0.327396	0
16:26:56	0.672529,2.226630,0.327381	0.708988,2.090030,0.477190	0.000000,0.000000,0.000000	0.672529,2.226630,0.327381	0
16:26:57	0.672525,2.226629,0.327393	0.709001,2.090030,0.477186	0.000000,0.000000,0.000000	0.672525,2.226629,0.327393	0
16:26:57	0.672526,2.226630,0.327389	0.708948,2.089995,0.477131	0.000000,0.000000,0.000000	0.672526,2.226630,0.327389	0
16:26:57	0.672534,2.226631,0.327388	0.709000,2.090044,0.477198	0.000000,0.000000,0.000000	0.672534,2.226631,0.327388	0
16:26:57	0.672527,2.226633,0.327391	0.708951,2.089997,0.477123	0.000000,0.000000,0.000000	0.672527,2.226633,0.327391	0
16:26:57	0.672527,2.226636,0.327392	0.709006,2.090042,0.477197	0.000000,0.000000,0.000000	0.672527,2.226636,0.327392	0
16:26:57	0.672531,2.226633,0.327390	0.708995,2.090024,0.477199	0.000000,0.000000,0.000000	0.672531,2.226633,0.327390	0
16:26:57	0.672530,2.226629,0.327381	0.708997,2.090034,0.477189	0.000000,0.000000,0.000000	0.672530,2.226629,0.327381	0
16:26:57	0.672475,2.226593,0.327305	0.708957,2.090001,0.477131	0.000000,0.000000,0.000000	0.672475,2.226593,0.327305	0
16:26:57	0.672534,2.226627,0.327389	0.708950,2.090001,0.477125	0.000000,0.000000,0.000000	0.672534,2.226627,0.327389	0
16:26:57	0.672526,2.226640,0.327390	0.709000,2.090030,0.477203	0.000000,0.000000,0.000000	0.672526,2.226640,0.327390	0
16:26:58	0.672529,2.226632,0.327383	0.708995,2.090031,0.477195	0.000000,0.000000,0.000000	0.672529,2.226632,0.327383	0
16:26:58	0.672466,2.226592,0.327296	0.671898,2.070254,0.395322	0.000000,0.000000,0.000000	0.672466,2.226592,0.327296	0
16:26:58	0.672472,2.226587,0.327300	0.671943,2.070281,0.395395	0.000000,0.000000,0.000000	0.672472,2.226587,0.327300	0
16:26:58	0.672478,2.226593,0.327307	0.671896,2.070249,0.395325	0.000000,0.000000,0.000000	0.672478,2.226593,0.327307	0
16:26:58	0.672468,2.226586,0.327305	0.671912,2.070205,0.395392	0.000000,0.000000,0.000000	0.672468,2.226586,0.327305	0
16:26:58	0.672533,2.226628,0.327391	0.671950,2.070290,0.395395	0.000000,0.000000,0.000000	0.672533,2.226628,0.327391	0
16:26:58	0.672527,2.226634,0.327396	0.671948,2.070285,0.395392	0.000000,0.000000,0.000000	0.672527,2.226634,0.327396	0
16:26:58	0.672482,2.226581,0.327302	0.671945,2.070295,0.395395	0.000000,0.000000,0.000000	0.672482,2.226581,0.327302	0
16:26:58	0.672530,2.226625,0.327388	0.671938,2.070289,0.395403	0.000000,0.000000,0.000000	0.672530,2.226625,0.327388	0
16:26:58	0.672526,2.226629,0.327379	0.671898,2.070250,0.395323	0.000000,0.000000,0.000000	0.672526,2.226629,0.327379	0
16:26:59	0.672526,2.226633,0.327384	0.671893,2.070249,0.395329	0.000000,0.000000,0.000000	0.672526,2.226633,0.327384	0
16:26:59	0.672506,2.226534,0.327380	0.671940,2.070289,0.395392	0.000000,0.000000,0.000000	0.672506,2.226534,0.327380	0
16:26:59	0.672530,2.226628,0.327386	0.671894,2.070251,0.395337	0.000000,0.000000,0.000000	0.672530,2.226628,0.327386	0
16:26:59	0.672536,2.226631,0.327389	0.671897,2.070247,0.395326	0.000000,0.000000,0.000000	0.672536,2.226631,0.327389	0
16:26:59	0.672479,2.226596,0.327299	0.671893,2.070244,0.395326	0.000000,0.000000,0.000000	0.672479,2.226596,0.327299	0
16:26:59	0.672535,2.226634,0.327381	0.671951,2.070285,0.395391	0.000000,0.000000,0.000000	0.672535,2.226634,0.327381	0
16:26:59	0.672529,2.226641,0.327383	0.671949,2.070283,0.395397	0.000000,0.000000,0.000000	0.672529,2.226641,0.327383	0
16:26:59	0.672534,2.226636,0.327391	0.671948,2.070284,0.395393	0.000000,0.000000,0.000000	0.672534,2.226636,0.327391	0
16:26:59	0.672534,2.226639,0.327387	0.671944,2.070293,0.395391	0.000000,0.000000,0.000000	0.672534,2.226639,0.327387	0
16:26:59	0.672472,2.226590,0.327305	0.671913,2.070196,0.395406	0.000000,0.000000,0.000000	0.672472,2.226590,0.327305	0
16:27:00	0.672479,2.226590,0.327310	0.671888,2.070250,0.395330	0.000000,0.000000,0.000000	0.672479,2.226590,0.327310	0
16:27:00	0.672536,2.226626,0.327392	0.671950,2.070284,0.395395	0.000000,0.000000,0.000000	0.672536,2.226626,0.327392	0
16:27:00	0.672532,2.226638,0.327388	0.671945,2.070292,0.395394	0.000000,0.000000,0.000000	0.672532,2.226638,0.327388	0
16:27:00	0.672525,2.226629,0.327383	0.671944,2.070292,0.395400	0.000000,0.000000,0.000000	0.672525,2.226629,0.327383	0
16:27:00	0.672537,2.226632,0.327389	0.671943,2.070295,0.395399	0.000000,0.000000,0.000000	0.672537,2.226632,0.327389	0
16:27:00	0.672479,2.226582,0.327296	0.671938,2.070284,0.395392	0.000000,0.000000,0.000000	0.672479,2.226582,0.327296	0
16:27:00	0.672531,2.226623,0.327391	0.671942,2.070293,0.395397	0.000000,0.000000,0.000000	0.672531,2.226623,0.327391	0
16:27:00	0.672534,2.226646,0.327396	0.671951,2.070289,0.395391	0.000000,0.000000,0.000000	0.672534,2.226646,0.327396	0
16:27:00	0.672449,2.226498,0.327302	0.671945,2.070284,0.395394	0.000000,0.000000,0.000000	0.672449,2.226498,0.327302	0
16:27:00	0.672526,2.226639,0.327390	0.671940,2.070283,0.395395	0.000000,0.000000,0.000000	0.672526,2.226639,0.327390	0
16:27:01	0.672529,2.226626,0.327392	0.671952,2.070286,0.395392	0.000000,0.000000,0.000000	0.672529,2.226626,0.327392	0
16:27:01	0.672521,2.226646,0.327393	0.671949,2.070290,0.395389	0.000000,0.000000,0.000000	0.672521,2.226646,0.327393	0
16:27:01	0.672533,2.226640,0.327387	0.671941,2.070292,0.395393	0.000000,0.000000,0.000000	0.672533,2.226640,0.327387	0
16:27:01	0.672535,2.226635,0.327394	0.671931,2.070283,0.395390	0.000000,0.000000,0.000000	0.672535,2.226635,0.327394	0
16:27:01	0.672529,2.226634,0.327395	0.671941,2.070294,0.395396	0.000000,0.000000,0.000000	0.672529,2.226634,0.327395	0
16:27:01	0.672479,2.226600,0.327300	0.671896,2.070256,0.395330	0.000000,0.000000,0.000000	0.672479,2.226600,0.327300	0
16:27:01	0.672522,2.226637,0.327386	0.671945,2.070284,0.395396	0.000000,0.000000,0.000000	0.672522,2.226637,0.327386	0
16:27:01	0.672532,2.226629,0.327386	0.671890,2.070247,0.395330	0.000000,0.000000,0.000000	0.672532,2.226629,0.327386	0
16:27:01	0.672484,2.226601,0.327304	0.671942,2.070283,0.395398	0.000000,0.000000,0.000000	0.672484,2.226601,0.327304	0
16:27:01	0.672486,2.226588,0.327301	0.671943,2.070290,0.395400	0.000000,0.000000,0.000000	0.672486,2.226588,0.327301	0
16:27:02	0.672532,2.226641,0.327391	0.671943,2.070291,0.395396	0.000000,0.000000,0.000000	0.672532,2.226641,0.327391	0
16:27:02	0.672537,2.226630,0.327389	0.671947,2.070288,0.395393	0.000000,0.000000,0.000000	0.672537,2.226630,0.327389	0
16:27:02	0.672544,2.226632,0.327383	0.671888,2.070254,0.395333	0.000000,0.000000,0.000000	0.672544,2.226632,0.327383	0
16:27:02	0.672539,2.226639,0.327384	0.671940,2.070290,0.395396	0.000000,0.000000,0.000000	0.672539,2.226639,0.327384	0
16:27:02	0.672540,2.226631,0.327384	0.671941,2.070290,0.395391	0.000000,0.000000,0.000000	0.672540,2.226631,0.327384	0
16:27:02	0.672476,2.226591,0.327301	0.671898,2.070247,0.395326	0.000000,0.000000,0.000000	0.672476,2.226591,0.327301	0
16:27:02	0.672532,2.226632,0.327391	0.671917,2.070196,0.395396	0.000000,0.000000,0.000000	0.672532,2.226632,0.327391	0
16:27:02	0.672523,2.226624,0.327383	0.671895,2.070241,0.395326	0.000000,0.000000,0.000000	0.672523,2.226624,0.327383	0
16:27:02	0.672539,2.226638,0.327386	0.671942,2.070287,0.395396	0.000000,0.000000,0.000000	0.672539,2.226638,0.327386	0
16:27:02	0.672542,2.226626,0.327385	0.671949,2.070290,0.395388	0.000000,0.000000,0.000000	0.672542,2.226626,0.327385	0
16:27:03	0.672479,2.226587,0.327306	0.671940,2.070281,0.395394	0.000000,0.000000,0.000000	0.672479,2.226587,0.327306	0
16:27:03	0.672539,2.226627,0.327387	0.671937,2.070292,0.395399	0.000000,0.000000,0.000000	0.672539,2.226627,0.327387	0
16:27:03	0.672525,2.226637,0.327392	0.671934,2.070287,0.395399	0.000000,0.000000,0.000000	0.672525,2.226637,0.327392	0
16:27:03	0.672537,2.226633,0.327376	0.671948,2.070293,0.395395	0.000000,0.000000,0.000000	0.672537,2.226633,0.327376	0
16:27:03	0.672540,2.226639,0.327385	0.671951,2.070297,0.395392	0.000000,0.000000,0.000000	0.672540,2.226639,0.327385	0
16:27:03	0.672531,2.226634,0.327386	0.671952,2.070288,0.395398	0.000000,0.000000,0.000000	0.672531,2.226634,0.327386	0
16:27:03	0.672482,2.226592,0.327300	0.671950,2.070291,0.395395	0.000000,0.000000,0.000000	0.672482,2.226592,0.327300	0
16:27:03	0.672531,2.226641,0.327392	0.671950,2.070291,0.395395	0.000000,0.000000,0.000000	0.672531,2.226641,0.327392	0
16:27:03	0.672521,2.226631,0.327392	0.671896,2.070251,0.395330	0.000000,0.000000,0.000000	0.672521,2.226631,0.327392	0
16:27:03	0.672483,2.226588,0.327304	0.671937,2.070288,0.395397	0.000000,0.000000,0.000000	0.672483,2.226588,0.327304	0
16:27:04	0.672533,2.226638,0.327384	0.671947,2.070295,0.395391	0.000000,0.000000,0.000000	0.672533,2.226638,0.327384	0
16:27:04	0.672484,2.226587,0.327294	0.671942,2.070286,0.395391	0.000000,0.000000,0.000000	0.672484,2.226587,0.327294	0
16:27:04	0.672490,2.226600,0.327303	0.671889,2.070250,0.395333	0.000000,0.000000,0.000000	0.672490,2.226600,0.327303	0
16:27:04	0.672533,2.226632,0.327383	0.671946,2.070284,0.395393	0.000000,0.000000,0.000000	0.672533,2.226632,0.327383	0
16:27:04	0.672522,2.226640,0.327394	0.671897,2.070247,0.395323	0.000000,0.000000,0.000000	0.672522,2.226640,0.327394	0
16:27:04	0.672536,2.226623,0.327382	0.671942,2.070284,0.395395	0.000000,0.000000,0.000000	0.672536,2.226623,0.327382	0
16:27:04	0.672482,2.226595,0.327308	0.671941,2.070285,0.395401	0.000000,0.000000,0.000000	0.672482,2.226595,0.327308	0
16:27:04	0.672528,2.226629,0.327395	0.671944,2.070283,0.395391	0.000000,0.000000,0.000000	0.672528,2.226629,0.327395	0
16:27:04	0.672465,2.226590,0.327312	0.671918,2.070198,0.395398	0.000000,0.000000,0.000000	0.672465,2.226590,0.327312	0
16:27:04	0.672480,2.226584,0.327304	0.671933,2.070286,0.395397	0.000000,0.000000,0.000000	0.672480,2.226584,0.327304	0
16:27:05	0.672528,2.226637,0.327389	0.671892,2.070250,0.395325	0.000000,0.000000,0.000000	0.672528,2.226637,0.327389	0
16:27:05	0.672542,2.226626,0.327388	0.671897,2.070250,0.395330	0.000000,0.000000,0.000000	0.672542,2.226626,0.327388	0
16:27:05	0.672523,2.226629,0.327390	0.671894,2.070256,0.395328	0.000000,0.000000,0.000000	0.672523,2.226629,0.327390	0
16:27:05	0.672527,2.226636,0.327386	0.671889,2.070248,0.395330	0.000000,0.000000,0.000000	0.672527,2.226636,0.327386	0
16:27:05	0.672529,2.226637,0.327383	0.671949,2.070291,0.395392	0.000000,0.000000,0.000000	0.672529,2.226637,0.327383	0
16:27:05	0.672534,2.226629,0.327393	0.671947,2.070285,0.395396	0.000000,0.000000,0.000000	0.672534,2.226629,0.327393	0
16:27:05	0.672484,2.226589,0.327302	0.671895,2.070248,0.395332	0.000000,0.000000,0.000000	0.672484,2.226589,0.327302	0
16:27:05	0.672530,2.226632,0.327392	0.671942,2.070284,0.395395	0.000000,0.000000,0.000000	0.672530,2.226632,0.327392	0
16:27:05	0.672472,2.226592,0.327304	0.671893,2.070247,0.395335	0.000000,0.000000,0.000000	0.672472,2.226592,0.327304	0
16:27:05	0.672527,2.226644,0.327365	0.671935,2.070287,0.395380	0.000000,0.000000,0.000000	0.672527,2.226644,0.327365	0
16:27:06	0.672501,2.226612,0.327889	0.671909,2.070215,0.395372	0.000000,0.000000,0.000000	0.672501,2.226612,0.327889	0
16:27:06	0.672517,2.226615,0.327365	0.671868,2.070185,0.395307	0.000000,0.000000,0.000000	0.672517,2.226615,0.327365	0
16:27:06	0.672486,2.226600,0.327289	0.671991,2.070282,0.395345	0.000000,0.000000,0.000000	0.672486,2.226600,0.327289	0
16:27:06	0.672536,2.226624,0.327375	0.671947,2.070277,0.395384	0.000000,0.000000,0.000000	0.672536,2.226624,0.327375	0
16:27:06	0.672537,2.226614,0.327386	0.671930,2.070205,0.395386	0.000000,0.000000,0.000000	0.672537,2.226614,0.327386	0
16:27:06	0.672482,2.226591,0.327303	0.671916,2.070188,0.395392	0.000000,0.000000,0.000000	0.672482,2.226591,0.327303	0
16:27:06	0.672538,2.226614,0.327383	0.671954,2.070273,0.395399	0.000000,0.000000,0.000000	0.672538,2.226614,0.327383	0
16:27:06	0.672488,2.226594,0.327309	0.671892,2.070244,0.395334	0.000000,0.000000,0.000000	0.672488,2.226594,0.327309	0
16:27:06	0.672545,2.226640,0.327389	0.696659,2.074186,0.411721	0.000000,0.000000,0.000000	0.672545,2.226640,0.327389	0
16:27:06	0.672535,2.226627,0.327389	0.696652,2.074187,0.411722	0.000000,0.000000,0.000000	0.672535,2.226627,0.327389	0
16:27:07	0.672479,2.226599,0.327305	0.696622,2.074153,0.411655	0.000000,0.000000,0.000000	0.672479,2.226599,0.327305	0
16:27:07	0.672489,2.226588,0.327301	0.696663,2.074183,0.411711	0.000000,0.000000,0.000000	0.672489,2.226588,0.327301	0
16:27:07	0.672550,2.226630,0.327394	0.696673,2.074198,0.411720	0.000000,0.000000,0.000000	0.672550,2.226630,0.327394	0
16:27:07	0.672550,2.226639,0.327393	0.696658,2.074200,0.411714	0.000000,0.000000,0.000000	0.672550,2.226639,0.327393	0
16:27:07	0.672512,2.226636,0.327391	0.696626,2.074162,0.411657	0.000000,0.000000,0.000000	0.672512,2.226636,0.327391	0
16:27:07	0.672482,2.226592,0.327308	0.696595,2.074152,0.411655	0.000000,0.000000,0.000000	0.672482,2.226592,0.327308	0
16:27:07	0.672516,2.226629,0.327398	0.696608,2.074150,0.411652	0.000000,0.000000,0.000000	0.672516,2.226629,0.327398	0
16:27:07	0.672529,2.226640,0.327395	0.696649,2.074191,0.411721	0.000000,0.000000,0.000000	0.672529,2.226640,0.327395	0
16:27:07	0.672469,2.226590,0.327293	0.696624,2.074098,0.411723	0.000000,0.000000,0.000000	0.672469,2.226590,0.327293	0
16:27:07	0.672462,2.226591,0.327304	0.696671,2.074189,0.411717	0.000000,0.000000,0.000000	0.672462,2.226591,0.327304	0
16:27:08	0.672533,2.226640,0.327395	0.696602,2.074145,0.411658	0.000000,0.000000,0.000000	0.672533,2.226640,0.327395	0
16:27:08	0.672512,2.226637,0.327390	0.696615,2.074154,0.411655	0.000000,0.000000,0.000000	0.672512,2.226637,0.327390	0
16:27:08	0.672489,2.226588,0.327299	0.696651,2.074189,0.411721	0.000000,0.000000,0.000000	0.672489,2.226588,0.327299	0
16:27:08	0.672482,2.226590,0.327294	0.696661,2.074185,0.411724	0.000000,0.000000,0.000000	0.672482,2.226590,0.327294	0
16:27:08	0.672537,2.226619,0.327386	0.696672,2.074180,0.411721	0.000000,0.000000,0.000000	0.672537,2.226619,0.327386	0
16:27:08	0.672537,2.226644,0.327391	0.696654,2.074187,0.411724	0.000000,0.000000,0.000000	0.672537,2.226644,0.327391	0
16:27:08	0.672516,2.226632,0.327384	0.696665,2.074185,0.411716	0.000000,0.000000,0.000000	0.672516,2.226632,0.327384	0
16:27:08	0.672476,2.226592,0.327305	0.696648,2.074196,0.411717	0.000000,0.000000,0.000000	0.672476,2.226592,0.327305	0
16:27:08	0.672516,2.226642,0.327402	0.696657,2.074184,0.411720	0.000000,0.000000,0.000000	0.672516,2.226642,0.327402	0
16:27:08	0.672538,2.226641,0.327388	0.696655,2.074185,0.411727	0.000000,0.000000,0.000000	0.672538,2.226641,0.327388	0
16:27:09	0.672466,2.226593,0.327305	0.696662,2.074198,0.411714	0.000000,0.000000,0.000000	0.672466,2.226593,0.327305	0
16:27:09	0.672520,2.226630,0.327389	0.696653,2.074201,0.411720	0.000000,0.000000,0.000000	0.672520,2.226630,0.327389	0
16:27:09	0.672537,2.226645,0.327392	0.749857,2.095683,0.426854	0.000000,0.000000,0.000000	0.672537,2.226645,0.327392	0
16:27:09	0.672486,2.226588,0.327309	0.749821,2.095598,0.426869	0.000000,0.000000,0.000000	0.672486,2.226588,0.327309	0
16:27:09	0.672519,2.226644,0.327385	0.749803,2.095650,0.426796	0.000000,0.000000,0.000000	0.672519,2.226644,0.327385	0
16:27:09	0.672526,2.226626,0.327390	0.749843,2.095691,0.426856	0.000000,0.000000,0.000000	0.672526,2.226626,0.327390	0
16:27:09	0.672513,2.226629,0.327390	0.749805,2.095656,0.426788	0.000000,0.000000,0.000000	0.672513,2.226629,0.327390	0
16:27:09	0.672494,2.226545,0.327384	0.749831,2.095675,0.426861	0.000000,0.000000,0.000000	0.672494,2.226545,0.327384	0
16:27:09	0.672552,2.226637,0.327389	0.749859,2.095680,0.426861	0.000000,0.000000,0.000000	0.672552,2.226637,0.327389	0
16:27:09	0.672470,2.226594,0.327302	0.749865,2.095683,0.426858	0.000000,0.000000,0.000000	0.672470,2.226594,0.327302	0
16:27:10	0.672547,2.226639,0.327383	0.749812,2.095649,0.426794	0.000000,0.000000,0.000000	0.672547,2.226639,0.327383	0
16:27:10	0.672523,2.226633,0.327385	0.749803,2.095652,0.426800	0.000000,0.000000,0.000000	0.672523,2.226633,0.327385	0
16:27:10	0.672538,2.226638,0.327394	0.749864,2.095683,0.426862	0.000000,0.000000,0.000000	0.672538,2.226638,0.327394	0
16:27:10	0.672542,2.226622,0.327387	0.749778,2.095565,0.426802	0.000000,0.000000,0.000000	0.672542,2.226622,0.327387	0
16:27:10	0.672531,2.226631,0.327386	0.749861,2.095689,0.426856	0.000000,0.000000,0.000000	0.672531,2.226631,0.327386	0
16:27:10	0.672532,2.226637,0.327397	0.749859,2.095677,0.426857	0.000000,0.000000,0.000000	0.672532,2.226637,0.327397	0
16:27:10	0.672477,2.226595,0.327304	0.749853,2.095682,0.426856	0.000000,0.000000,0.000000	0.672477,2.226595,0.327304	0
16:27:10	0.672487,2.226594,0.327298	0.749818,2.095648,0.426801	0.000000,0.000000,0.000000	0.672487,2.226594,0.327298	0
16:27:10	0.672539,2.226632,0.327396	0.749811,2.095645,0.426796	0.000000,0.000000,0.000000	0.672539,2.226632,0.327396	0
16:27:10	0.672483,2.226590,0.327318	0.749867,2.095695,0.426856	0.000000,0.000000,0.000000	0.672483,2.226590,0.327318	0
16:27:11	0.672542,2.226635,0.327385	0.749799,2.095647,0.426797	0.000000,0.000000,0.000000	0.672542,2.226635,0.327385	0
16:27:11	0.672530,2.226633,0.327389	0.749860,2.095685,0.426855	0.000000,0.000000,0.000000	0.672530,2.226633,0.327389	0
16:27:11	0.672497,2.226599,0.327293	0.749829,2.095601,0.426861	0.000000,0.000000,0.000000	0.672497,2.226599,0.327293	0
16:27:11	0.672474,2.226592,0.327304	0.749850,2.095693,0.426851	0.000000,0.000000,0.000000	0.672474,2.226592,0.327304	0
16:27:11	0.672478,2.226586,0.327305	0.749862,2.095678,0.426854	0.000000,0.000000,0.000000	0.672478,2.226586,0.327305	0
16:27:11	0.672535,2.226629,0.327392	0.749848,2.095676,0.426854	0.000000,0.000000,0.000000	0.672535,2.226629,0.327392	0
16:27:11	0.672524,2.226630,0.327379	0.749858,2.095684,0.426857	0.000000,0.000000,0.000000	0.672524,2.226630,0.327379	0
16:27:11	0.672560,2.226629,0.327382	0.749852,2.095692,0.426859	0.000000,0.000000,0.000000	0.672560,2.226629,0.327382	0
16:27:11	0.672528,2.226632,0.327387	0.749858,2.095692,0.426857	0.000000,0.000000,0.000000	0.672528,2.226632,0.327387	0
16:27:11	0.672519,2.226640,0.327399	0.749864,2.095686,0.426858	0.000000,0.000000,0.000000	0.672519,2.226640,0.327399	0
16:27:12	0.672543,2.226634,0.327389	0.749798,2.095650,0.426793	0.000000,0.000000,0.000000	0.672543,2.226634,0.327389	0
16:27:12	0.672479,2.226597,0.327309	0.749813,2.095653,0.426795	0.000000,0.000000,0.000000	0.672479,2.226597,0.327309	0
16:27:12	0.672510,2.226548,0.327384	0.749854,2.095692,0.426855	0.000000,0.000000,0.000000	0.672510,2.226548,0.327384	0
16:27:12	0.672530,2.226643,0.327397	0.749846,2.095691,0.426861	0.000000,0.000000,0.000000	0.672530,2.226643,0.327397	0
16:27:12	0.672486,2.226583,0.327293	0.749855,2.095689,0.426857	0.000000,0.000000,0.000000	0.672486,2.226583,0.327293	0
16:27:12	0.672546,2.226638,0.327388	0.749833,2.095604,0.426853	0.000000,0.000000,0.000000	0.672546,2.226638,0.327388	0
16:27:12	0.672486,2.226547,0.327385	0.749810,2.095660,0.426793	0.000000,0.000000,0.000000	0.672486,2.226547,0.327385	0
16:27:12	0.672552,2.226632,0.327380	0.749811,2.095649,0.426792	0.000000,0.000000,0.000000	0.672552,2.226632,0.327380	0
16:27:12	0.672483,2.226597,0.327314	0.749802,2.095645,0.426799	0.000000,0.000000,0.000000	0.672483,2.226597,0.327314	0
16:27:12	0.672488,2.226593,0.327306	0.749862,2.095684,0.426859	0.000000,0.000000,0.000000	0.672488,2.226593,0.327306	0
16:27:13	0.672486,2.226586,0.327300	0.749811,2.095652,0.426793	0.000000,0.000000,0.000000	0.672486,2.226586,0.327300	0
16:27:13	0.672483,2.226594,0.327305	0.749862,2.095683,0.426857	0.000000,0.000000,0.000000	0.672483,2.226594,0.327305	0
16:27:13	0.672547,2.226640,0.327386	0.749811,2.095648,0.426795	0.000000,0.000000,0.000000	0.672547,2.226640,0.327386	0
16:27:13	0.672482,2.226592,0.327299	0.749855,2.095686,0.426856	0.000000,0.000000,0.000000	0.672482,2.226592,0.327299	0
16:27:13	0.672545,2.226635,0.327393	0.749792,2.095558,0.426806	0.000000,0.000000,0.000000	0.672545,2.226635,0.327393	0
16:27:13	0.672529,2.226639,0.327382	0.749808,2.095647,0.426794	0.000000,0.000000,0.000000	0.672529,2.226639,0.327382	0
16:27:13	0.672524,2.226635,0.327386	0.749846,2.095691,0.426861	0.000000,0.000000,0.000000	0.672524,2.226635,0.327386	0
16:27:13	0.672522,2.226649,0.327389	0.749847,2.095681,0.426865	0.000000,0.000000,0.000000	0.672522,2.226649,0.327389	0
16:27:13	0.672538,2.226626,0.327378	0.749804,2.095653,0.426793	0.000000,0.000000,0.000000	0.672538,2.226626,0.327378	0
16:27:13	0.672467,2.226596,0.327302	0.749853,2.095687,0.426850	0.000000,0.000000,0.000000	0.672467,2.226596,0.327302	0
16:27:14	0.672508,2.226542,0.327379	0.749796,2.095655,0.426797	0.000000,0.000000,0.000000	0.672508,2.226542,0.327379	0
16:27:14	0.672538,2.226631,0.327390	0.749854,2.095689,0.426857	0.000000,0.000000,0.000000	0.672538,2.226631,0.327390	0
16:27:14	0.672473,2.226597,0.327311	0.749859,2.095693,0.426863	0.000000,0.000000,0.000000	0.672473,2.226597,0.327311	0
16:27:14	0.672500,2.226550,0.327400	0.749852,2.095688,0.426860	0.000000,0.000000,0.000000	0.672500,2.226550,0.327400	0
16:27:14	0.672524,2.226625,0.327393	0.749851,2.095689,0.426850	0.000000,0.000000,0.000000	0.672524,2.226625,0.327393	0
16:27:14	0.672531,2.226631,0.327386	0.749848,2.095683,0.426857	0.000000,0.000000,0.000000	0.672531,2.226631,0.327386	0
16:27:14	0.672532,2.226635,0.327386	0.749833,2.095601,0.426868	0.000000,0.000000,0.000000	0.672532,2.226635,0.327386	0
16:27:14	0.672481,2.226594,0.327306	0.749833,2.095591,0.426869	0.000000,0.000000,0.000000	0.672481,2.226594,0.327306	0
16:27:14	0.672473,2.226588,0.327299	0.749860,2.095676,0.426862	0.000000,0.000000,0.000000	0.672473,2.226588,0.327299	0
16:27:14	0.672537,2.226635,0.327384	0.749799,2.095646,0.426796	0.000000,0.000000,0.000000	0.672537,2.226635,0.327384	0
16:27:15	0.672473,2.226600,0.327297	0.749805,2.095649,0.426794	0.000000,0.000000,0.000000	0.672473,2.226600,0.327297	0
16:27:15	0.672482,2.226596,0.327290	0.749811,2.095653,0.426797	0.000000,0.000000,0.000000	0.672482,2.226596,0.327290	0
16:27:15	0.672533,2.226635,0.327390	0.749855,2.095682,0.426860	0.000000,0.000000,0.000000	0.672533,2.226635,0.327390	0
16:27:15	0.672529,2.226632,0.327379	0.749803,2.095650,0.426791	0.000000,0.000000,0.000000	0.672529,2.226632,0.327379	0
16:27:15	0.672537,2.226629,0.327381	0.749798,2.095667,0.426797	0.000000,0.000000,0.000000	0.672537,2.226629,0.327381	0
16:27:15	0.672443,2.226503,0.327298	0.749832,2.095603,0.426862	0.000000,0.000000,0.000000	0.672443,2.226503,0.327298	0
16:27:15	0.672523,2.226633,0.327382	0.749847,2.095686,0.426857	0.000000,0.000000,0.000000	0.672523,2.226633,0.327382	0
16:27:15	0.672531,2.226634,0.327378	0.749850,2.095679,0.426848	0.000000,0.000000,0.000000	0.672531,2.226634,0.327378	0
16:27:15	0.672531,2.226628,0.327391	0.749807,2.095649,0.426796	0.000000,0.000000,0.000000	0.672531,2.226628,0.327391	0
16:27:15	0.672536,2.226628,0.327387	0.749796,2.095641,0.426795	0.000000,0.000000,0.000000	0.672536,2.226628,0.327387	0
16:27:16	0.672479,2.226602,0.327300	0.749802,2.095657,0.426793	0.000000,0.000000,0.000000	0.672479,2.226602,0.327300	0
16:27:16	0.672532,2.226634,0.327386	0.749804,2.095647,0.426804	0.000000,0.000000,0.000000	0.672532,2.226634,0.327386	0
16:27:16	0.672481,2.226592,0.327309	0.749860,2.095677,0.426862	0.000000,0.000000,0.000000	0.672481,2.226592,0.327309	0
16:27:16	0.672541,2.226635,0.327382	0.749866,2.095677,0.426847	0.000000,0.000000,0.000000	0.672541,2.226635,0.327382	0
16:27:16	0.672443,2.226495,0.327289	0.749852,2.095685,0.426847	0.000000,0.000000,0.000000	0.672443,2.226495,0.327289	0
16:27:16	0.672533,2.226630,0.327376	0.749862,2.095690,0.426860	0.000000,0.000000,0.000000	0.672533,2.226630,0.327376	0
16:27:16	0.672476,2.226591,0.327309	0.749854,2.095688,0.426855	0.000000,0.000000,0.000000	0.672476,2.226591,0.327309	0
16:27:16	0.672532,2.226644,0.327405	0.749853,2.095683,0.426856	0.000000,0.000000,0.000000	0.672532,2.226644,0.327405	0
16:27:16	0.672527,2.226633,0.327390	0.749792,2.095651,0.426786	0.000000,0.000000,0.000000	0.672527,2.226633,0.327390	0
16:27:16	0.672525,2.226622,0.327381	0.749844,2.095686,0.426850	0.000000,0.000000,0.000000	0.672525,2.226622,0.327381	0
16:27:17	0.672465,2.226583,0.327301	0.749843,2.095691,0.426867	0.000000,0.000000,0.000000	0.672465,2.226583,0.327301	0
16:27:17	0.672484,2.226588,0.327312	0.749853,2.095692,0.426863	0.000000,0.000000,0.000000	0.672484,2.226588,0.327312	0
16:27:17	0.672479,2.226596,0.327300	0.749797,2.095654,0.426800	0.000000,0.000000,0.000000	0.672479,2.226596,0.327300	0
16:27:17	0.672440,2.226504,0.327289	0.749857,2.095679,0.426861	0.000000,0.000000,0.000000	0.672440,2.226504,0.327289	0
16:27:17	0.672476,2.226585,0.327296	0.749844,2.095598,0.426877	0.000000,0.000000,0.000000	0.672476,2.226585,0.327296	0
16:27:17	0.672470,2.226598,0.327328	0.749871,2.095671,0.426872	0.000000,0.000000,0.000000	0.672470,2.226598,0.327328	0
16:27:17	0.672500,2.226551,0.327397	0.749834,2.095572,0.426859	0.000000,0.000000,0.000000	0.672500,2.226551,0.327397	0
16:27:17	0.672536,2.226645,0.327370	0.749849,2.095662,0.426845	0.000000,0.000000,0.000000	0.672536,2.226645,0.327370	0
16:27:17	0.672515,2.226647,0.327366	0.749810,2.095632,0.426803	0.000000,0.000000,0.000000	0.672515,2.226647,0.327366	0
16:27:17	0.672469,2.226605,0.327297	0.749855,2.095672,0.426868	0.000000,0.000000,0.000000	0.672469,2.226605,0.327297	0
16:27:18	0.672527,2.226655,0.327390	0.749864,2.095669,0.426861	0.000000,0.000000,0.000000	0.672527,2.226655,0.327390	0
16:27:18	0.672534,2.226649,0.327385	0.749849,2.095681,0.426853	0.000000,0.000000,0.000000	0.672534,2.226649,0.327385	0
16:27:18	0.672467,2.226593,0.327294	0.769102,2.063088,0.452707	0.000000,0.000000,0.000000	0.672467,2.226593,0.327294	0
16:27:18	0.672521,2.226631,0.327366	0.769057,2.063062,0.452657	0.000000,0.000000,0.000000	0.672521,2.226631,0.327366	0
16:27:18	0.672476,2.226603,0.327300	0.769096,2.063101,0.452719	0.000000,0.000000,0.000000	0.672476,2.226603,0.327300	0
16:27:18	0.672538,2.226633,0.327398	0.769109,2.063091,0.452709	0.000000,0.000000,0.000000	0.672538,2.226633,0.327398	0
16:27:18	0.672490,2.226586,0.327313	0.769095,2.063092,0.452701	0.000000,0.000000,0.000000	0.672490,2.226586,0.327313	0
16:27:18	0.672535,2.226620,0.327381	0.769048,2.063054,0.452650	0.000000,0.000000,0.000000	0.672535,2.226620,0.327381	0
16:27:18	0.672527,2.226625,0.327379	0.769053,2.063070,0.452660	0.000000,0.000000,0.000000	0.672527,2.226625,0.327379	0
16:27:18	0.672505,2.226539,0.327387	0.769106,2.063102,0.452725	0.000000,0.000000,0.000000	0.672505,2.226539,0.327387	0
16:27:19	0.672474,2.226592,0.327306	0.769097,2.063089,0.452719	0.000000,0.000000,0.000000	0.672474,2.226592,0.327306	0
16:27:19	0.672530,2.226627,0.327380	0.769041,2.063049,0.452658	0.000000,0.000000,0.000000	0.672530,2.226627,0.327380	0
16:27:19	0.672535,2.226629,0.327380	0.769027,2.062974,0.452662	0.000000,0.000000,0.000000	0.672535,2.226629,0.327380	0
16:27:19	0.672520,2.226623,0.327379	0.769052,2.063057,0.452661	0.000000,0.000000,0.000000	0.672520,2.226623,0.327379	0
16:27:19	0.672484,2.226587,0.327302	0.769102,2.063094,0.452724	0.000000,0.000000,0.000000	0.672484,2.226587,0.327302	0
16:27:19	0.672532,2.226635,0.327389	0.769088,2.063091,0.452723	0.000000,0.000000,0.000000	0.672532,2.226635,0.327389	0
16:27:19	0.672531,2.226630,0.327385	0.769103,2.063079,0.452716	0.000000,0.000000,0.000000	0.672531,2.226630,0.327385	0
16:27:19	0.672534,2.226626,0.327384	0.769077,2.063085,0.452707	0.000000,0.000000,0.000000	0.672534,2.226626,0.327384	0
16:27:19	0.672454,2.226577,0.327285	0.769093,2.063094,0.452705	0.000000,0.000000,0.000000	0.672454,2.226577,0.327285	0
16:27:19	0.672519,2.226636,0.327392	0.769104,2.063084,0.452722	0.000000,0.000000,0.000000	0.672519,2.226636,0.327392	0
16:27:20	0.672525,2.226630,0.327393	0.769100,2.063083,0.452720	0.000000,0.000000,0.000000	0.672525,2.226630,0.327393	0
16:27:20	0.672520,2.226636,0.327388	0.769096,2.063086,0.452716	0.000000,0.000000,0.000000	0.672520,2.226636,0.327388	0
16:27:20	0.672445,2.226504,0.327301	0.769082,2.062988,0.452721	0.000000,0.000000,0.000000	0.672445,2.226504,0.327301	0
16:27:20	0.672466,2.226587,0.327294	0.769058,2.063043,0.452660	0.000000,0.000000,0.000000	0.672466,2.226587,0.327294	0
16:27:20	0.672467,2.226584,0.327297	0.769079,2.062997,0.452728	0.000000,0.000000,0.000000	0.672467,2.226584,0.327297	0
16:27:20	0.672483,2.226596,0.327283	0.769047,2.063041,0.452666	0.000000,0.000000,0.000000	0.672483,2.226596,0.327283	0
16:27:20	0.672438,2.226505,0.327295	0.769096,2.063072,0.452720	0.000000,0.000000,0.000000	0.672438,2.226505,0.327295	0
16:27:20	0.672472,2.226600,0.327291	0.769089,2.063079,0.452713	0.000000,0.000000,0.000000	0.672472,2.226600,0.327291	0
16:27:20	0.672518,2.226635,0.327384	0.769098,2.063084,0.452719	0.000000,0.000000,0.000000	0.672518,2.226635,0.327384	0
16:27:20	0.672515,2.226643,0.327384	0.769101,2.063087,0.452717	0.000000,0.000000,0.000000	0.672515,2.226643,0.327384	0
16:27:21	0.672524,2.226651,0.327381	0.769095,2.063086,0.452722	0.000000,0.000000,0.000000	0.672524,2.226651,0.327381	0
16:27:21	0.672477,2.226601,0.327306	0.769074,2.062997,0.452728	0.000000,0.000000,0.000000	0.672477,2.226601,0.327306	0
16:27:21	0.672475,2.226606,0.327290	0.769105,2.063076,0.452720	0.000000,0.000000,0.000000	0.672475,2.226606,0.327290	0
16:27:21	0.672481,2.226602,0.327292	0.769106,2.063073,0.452722	0.000000,0.000000,0.000000	0.672481,2.226602,0.327292	0
16:27:21	0.672483,2.226607,0.327279	0.769107,2.063073,0.452727	0.000000,0.000000,0.000000	0.672483,2.226607,0.327279	0
16:27:21	0.672474,2.226615,0.327286	0.769103,2.063074,0.452727	0.000000,0.000000,0.000000	0.672474,2.226615,0.327286	0
16:27:21	0.672473,2.226621,0.327281	0.769100,2.063071,0.452725	0.000000,0.000000,0.000000	0.672473,2.226621,0.327281	0
16:27:21	0.672462,2.226637,0.327271	0.769093,2.063063,0.452732	0.000000,0.000000,0.000000	0.672462,2.226637,0.327271	0
16:27:21	0.672471,2.226640,0.327266	0.769050,2.063032,0.452670	0.000000,0.000000,0.000000	0.672471,2.226640,0.327266	0
16:27:21	0.672464,2.226624,0.327265	0.769095,2.063066,0.452726	0.000000,0.000000,0.000000	0.672464,2.226624,0.327265	0
16:27:22	0.672471,2.226629,0.327292	0.769108,2.063075,0.452722	0.000000,0.000000,0.000000	0.672471,2.226629,0.327292	0
16:27:22	0.672474,2.226614,0.327309	0.769102,2.063079,0.452710	0.000000,0.000000,0.000000	0.672474,2.226614,0.327309	0
16:27:22	0.672467,2.226599,0.327300	0.769101,2.063073,0.452713	0.000000,0.000000,0.000000	0.672467,2.226599,0.327300	0
16:27:22	0.672476,2.226597,0.327301	0.769089,2.063075,0.452723	0.000000,0.000000,0.000000	0.672476,2.226597,0.327301	0
16:27:22	0.672462,2.226606,0.327288	0.769086,2.062984,0.452738	0.000000,0.000000,0.000000	0.672462,2.226606,0.327288	0
16:27:22	0.672464,2.226591,0.327284	0.769119,2.063055,0.452736	0.000000,0.000000,0.000000	0.672464,2.226591,0.327284	0
16:27:22	0.672481,2.226590,0.327300	0.769106,2.063064,0.452730	0.000000,0.000000,0.000000	0.672481,2.226590,0.327300	0
16:27:22	0.672530,2.226621,0.327385	0.769102,2.063064,0.452719	0.000000,0.000000,0.000000	0.672530,2.226621,0.327385	0
16:27:22	0.672532,2.226635,0.327385	0.769075,2.062998,0.452711	0.000000,0.000000,0.000000	0.672532,2.226635,0.327385	0
16:27:22	0.672541,2.226630,0.327383	0.769089,2.063089,0.452714	0.000000,0.000000,0.000000	0.672541,2.226630,0.327383	0
16:27:23	0.672501,2.226529,0.327390	0.769044,2.063068,0.452664	0.000000,0.000000,0.000000	0.672501,2.226529,0.327390	0
16:27:23	0.672548,2.226629,0.327380	0.769112,2.063097,0.452715	0.000000,0.000000,0.000000	0.672548,2.226629,0.327380	0
16:27:23	0.672534,2.226630,0.327393	0.769099,2.063099,0.452720	0.000000,0.000000,0.000000	0.672534,2.226630,0.327393	0
16:27:23	0.672536,2.226622,0.327381	0.769100,2.063094,0.452715	0.000000,0.000000,0.000000	0.672536,2.226622,0.327381	0
16:27:23	0.672532,2.226625,0.327376	0.769097,2.063098,0.452720	0.000000,0.000000,0.000000	0.672532,2.226625,0.327376	0
16:27:23	0.672529,2.226623,0.327389	0.769110,2.063087,0.452721	0.000000,0.000000,0.000000	0.672529,2.226623,0.327389	0
16:27:23	0.672538,2.226629,0.327392	0.769112,2.063093,0.452721	0.000000,0.000000,0.000000	0.672538,2.226629,0.327392	0
16:27:23	0.672524,2.226634,0.327388	0.769046,2.063054,0.452655	0.000000,0.000000,0.000000	0.672524,2.226634,0.327388	0
16:27:23	0.672468,2.226597,0.327294	0.769102,2.063090,0.452714	0.000000,0.000000,0.000000	0.672468,2.226597,0.327294	0
16:27:23	0.672474,2.226594,0.327300	0.769098,2.063097,0.452717	0.000000,0.000000,0.000000	0.672474,2.226594,0.327300	0
16:27:24	0.672532,2.226638,0.327379	0.769097,2.063097,0.452727	0.000000,0.000000,0.000000	0.672532,2.226638,0.327379	0
16:27:24	0.672537,2.226639,0.327378	0.769111,2.063082,0.452722	0.000000,0.000000,0.000000	0.672537,2.226639,0.327378	0
16:27:24	0.672536,2.226641,0.327378	0.769057,2.063040,0.452667	0.000000,0.000000,0.000000	0.672536,2.226641,0.327378	0
16:27:24	0.672526,2.226634,0.327380	0.769047,2.063050,0.452659	0.000000,0.000000,0.000000	0.672526,2.226634,0.327380	0
16:27:24	0.672536,2.226633,0.327383	0.769110,2.063081,0.452720	0.000000,0.000000,0.000000	0.672536,2.226633,0.327383	0
16:27:24	0.672481,2.226598,0.327305	0.769105,2.063086,0.452724	0.000000,0.000000,0.000000	0.672481,2.226598,0.327305	0
16:27:24	0.672479,2.226597,0.327310	0.769099,2.063095,0.452717	0.000000,0.000000,0.000000	0.672479,2.226597,0.327310	0
16:27:24	0.672539,2.226635,0.327393	0.769099,2.063091,0.452713	0.000000,0.000000,0.000000	0.672539,2.226635,0.327393	0
16:27:24	0.672458,2.226588,0.327308	0.769089,2.063086,0.452711	0.000000,0.000000,0.000000	0.672458,2.226588,0.327308	0
16:27:24	0.672510,2.226641,0.327373	0.769092,2.063085,0.452726	0.000000,0.000000,0.000000	0.672510,2.226641,0.327373	0
16:27:25	0.672463,2.226597,0.327307	0.769091,2.063077,0.452727	0.000000,0.000000,0.000000	0.672463,2.226597,0.327307	0
16:27:25	0.672464,2.226599,0.327298	0.769093,2.063078,0.452718	0.000000,0.000000,0.000000	0.672464,2.226599,0.327298	0
16:27:25	0.672522,2.226636,0.327384	0.769050,2.063049,0.452658	0.000000,0.000000,0.000000	0.672522,2.226636,0.327384	0
16:27:25	0.672463,2.226584,0.327303	0.769035,2.062970,0.452662	0.000000,0.000000,0.000000	0.672463,2.226584,0.327303	0
16:27:25	0.672460,2.226586,0.327309	0.769099,2.063092,0.452716	0.000000,0.000000,0.000000	0.672460,2.226586,0.327309	0
16:27:25	0.672518,2.226630,0.327392	0.769052,2.063059,0.452654	0.000000,0.000000,0.000000	0.672518,2.226630,0.327392	0
16:27:25	0.672539,2.226627,0.327403	0.769049,2.063056,0.452665	0.000000,0.000000,0.000000	0.672539,2.226627,0.327403	0
16:27:25	0.672531,2.226621,0.327399	0.769086,2.063087,0.452724	0.000000,0.000000,0.000000	0.672531,2.226621,0.327399	0
16:27:25	0.672531,2.226629,0.327376	0.769086,2.063086,0.452720	0.000000,0.000000,0.000000	0.672531,2.226629,0.327376	0
16:27:25	0.672472,2.226583,0.327261	0.769051,2.063051,0.452661	0.000000,0.000000,0.000000	0.672472,2.226583,0.327261	0
16:27:26	0.672471,2.226595,0.327267	0.769062,2.063046,0.452674	0.000000,0.000000,0.000000	0.672471,2.226595,0.327267	0
16:27:26	0.672518,2.226630,0.327388	0.769097,2.063091,0.452720	0.000000,0.000000,0.000000	0.672518,2.226630,0.327388	0
16:27:26	0.672529,2.226638,0.327402	0.769047,2.063071,0.452651	0.000000,0.000000,0.000000	0.672529,2.226638,0.327402	0
16:27:26	0.672433,2.226505,0.327302	0.769046,2.063058,0.452637	0.000000,0.000000,0.000000	0.672433,2.226505,0.327302	0
16:27:26	0.672458,2.226591,0.327304	0.769095,2.063106,0.452703	0.000000,0.000000,0.000000	0.672458,2.226591,0.327304	0
16:27:26	0.672515,2.226634,0.327401	0.769053,2.063049,0.452671	0.000000,0.000000,0.000000	0.672515,2.226634,0.327401	0
16:27:26	0.672520,2.226648,0.327406	0.769109,2.063084,0.452726	0.000000,0.000000,0.000000	0.672520,2.226648,0.327406	0
16:27:26	0.672521,2.226640,0.327393	0.769046,2.063051,0.452667	0.000000,0.000000,0.000000	0.672521,2.226640,0.327393	0
16:27:26	0.672473,2.226592,0.327297	0.769093,2.063090,0.452715	0.000000,0.000000,0.000000	0.672473,2.226592,0.327297	0
16:27:26	0.672498,2.226539,0.327369	0.769046,2.063049,0.452670	0.000000,0.000000,0.000000	0.672498,2.226539,0.327369	0
16:27:27	0.672468,2.226604,0.327297	0.769104,2.063079,0.452735	0.000000,0.000000,0.000000	0.672468,2.226604,0.327297	0
16:27:27	0.672536,2.226649,0.327374	0.769048,2.063048,0.452669	0.000000,0.000000,0.000000	0.672536,2.226649,0.327374	0
16:27:27	0.672471,2.226603,0.327292	0.769110,2.063069,0.452716	0.000000,0.000000,0.000000	0.672471,2.226603,0.327292	0
16:27:27	0.672533,2.226648,0.327369	0.769102,2.063077,0.452715	0.000000,0.000000,0.000000	0.672533,2.226648,0.327369	0
16:27:27	0.672466,2.226594,0.327297	0.769033,2.062959,0.452658	0.000000,0.000000,0.000000	0.672466,2.226594,0.327297	0
16:27:27	0.672517,2.226642,0.327401	0.769119,2.063087,0.452709	0.000000,0.000000,0.000000	0.672517,2.226642,0.327401	0
16:27:27	0.672520,2.226644,0.327406	0.769104,2.063097,0.452704	0.000000,0.000000,0.000000	0.672520,2.226644,0.327406	0
16:27:27	0.672495,2.226542,0.327402	0.769101,2.063098,0.452706	0.000000,0.000000,0.000000	0.672495,2.226542,0.327402	0
16:27:27	0.672530,2.226633,0.327401	0.791360,2.077992,0.450470	0.000000,0.000000,0.000000	0.672530,2.226633,0.327401	0
16:27:27	0.672531,2.226637,0.327399	0.791341,2.077997,0.450476	0.000000,0.000000,0.000000	0.672531,2.226637,0.327399	0
16:27:28	0.672531,2.226631,0.327375	0.791365,2.077992,0.450478	0.000000,0.000000,0.000000	0.672531,2.226631,0.327375	0
16:27:28	0.672479,2.226588,0.327298	0.791354,2.077998,0.450481	0.000000,0.000000,0.000000	0.672479,2.226588,0.327298	0
16:27:28	0.672472,2.226596,0.327307	0.791293,2.077874,0.450430	0.000000,0.000000,0.000000	0.672472,2.226596,0.327307	0
16:27:28	0.672529,2.226636,0.327384	0.791308,2.077959,0.450426	0.000000,0.000000,0.000000	0.672529,2.226636,0.327384	0
16:27:28	0.672523,2.226643,0.327382	0.791338,2.077990,0.450483	0.000000,0.000000,0.000000	0.672523,2.226643,0.327382	0
16:27:28	0.672516,2.226643,0.327395	0.791302,2.077950,0.450421	0.000000,0.000000,0.000000	0.672516,2.226643,0.327395	0
16:27:28	0.672530,2.226630,0.327386	0.791321,2.077915,0.450484	0.000000,0.000000,0.000000	0.672530,2.226630,0.327386	0
16:27:28	0.672545,2.226632,0.327391	0.791342,2.078002,0.450472	0.000000,0.000000,0.000000	0.672545,2.226632,0.327391	0
16:27:28	0.672480,2.226584,0.327299	0.791365,2.078004,0.450477	0.000000,0.000000,0.000000	0.672480,2.226584,0.327299	0
16:27:28	0.672537,2.226633,0.327393	0.791312,2.077976,0.450424	0.000000,0.000000,0.000000	0.672537,2.226633,0.327393	0
16:27:29	0.672471,2.226590,0.327308	0.791350,2.078004,0.450473	0.000000,0.000000,0.000000	0.672471,2.226590,0.327308	0
16:27:29	0.672530,2.226634,0.327393	0.791349,2.077997,0.450478	0.000000,0.000000,0.000000	0.672530,2.226634,0.327393	0
16:27:29	0.672529,2.226624,0.327389	0.791349,2.077987,0.450478	0.000000,0.000000,0.000000	0.672529,2.226624,0.327389	0
16:27:29	0.672522,2.226626,0.327387	0.791348,2.077987,0.450479	0.000000,0.000000,0.000000	0.672522,2.226626,0.327387	0
16:27:29	0.672537,2.226627,0.327383	0.791353,2.077993,0.450480	0.000000,0.000000,0.000000	0.672537,2.226627,0.327383	0
16:27:29	0.672517,2.226637,0.327394	0.791350,2.077993,0.450487	0.000000,0.000000,0.000000	0.672517,2.226637,0.327394	0
16:27:29	0.672548,2.226638,0.327391	0.791296,2.077953,0.450428	0.000000,0.000000,0.000000	0.672548,2.226638,0.327391	0
16:27:29	0.672532,2.226640,0.327384	0.791363,2.077984,0.450486	0.000000,0.000000,0.000000	0.672532,2.226640,0.327384	0
16:27:29	0.672531,2.226642,0.327378	0.791364,2.077992,0.450480	0.000000,0.000000,0.000000	0.672531,2.226642,0.327378	0
16:27:29	0.672535,2.226640,0.327389	0.791338,2.077901,0.450484	0.000000,0.000000,0.000000	0.672535,2.226640,0.327389	0
16:27:30	0.672537,2.226638,0.327395	0.791354,2.077998,0.450479	0.000000,0.000000,0.000000	0.672537,2.226638,0.327395	0
16:27:30	0.672541,2.226632,0.327398	0.791293,2.077964,0.450422	0.000000,0.000000,0.000000	0.672541,2.226632,0.327398	0
16:27:30	0.672465,2.226589,0.327308	0.791308,2.077962,0.450419	0.000000,0.000000,0.000000	0.672465,2.226589,0.327308	0
16:27:30	0.672518,2.226624,0.327374	0.791294,2.077973,0.450409	0.000000,0.000000,0.000000	0.672518,2.226624,0.327374	0
16:27:30	0.672458,2.226586,0.327318	0.791298,2.077974,0.450424	0.000000,0.000000,0.000000	0.672458,2.226586,0.327318	0
16:27:30	0.672525,2.226623,0.327410	0.791303,2.077955,0.450425	0.000000,0.000000,0.000000	0.672525,2.226623,0.327410	0
16:27:30	0.672467,2.226594,0.327309	0.791340,2.077998,0.450478	0.000000,0.000000,0.000000	0.672467,2.226594,0.327309	0
16:27:30	0.672480,2.226583,0.327301	0.791340,2.077997,0.450480	0.000000,0.000000,0.000000	0.672480,2.226583,0.327301	0
16:27:30	0.672471,2.226585,0.327308	0.791301,2.077961,0.450421	0.000000,0.000000,0.000000	0.672471,2.226585,0.327308	0
16:27:30	0.672481,2.226579,0.327303	0.791295,2.077967,0.450426	0.000000,0.000000,0.000000	0.672481,2.226579,0.327303	0
16:27:31	0.672527,2.226628,0.327384	0.791338,2.077989,0.450481	0.000000,0.000000,0.000000	0.672527,2.226628,0.327384	0
16:27:31	0.672532,2.226624,0.327389	0.791344,2.077989,0.450482	0.000000,0.000000,0.000000	0.672532,2.226624,0.327389	0
16:27:31	0.672473,2.226587,0.327303	0.791291,2.077961,0.450430	0.000000,0.000000,0.000000	0.672473,2.226587,0.327303	0
16:27:31	0.672531,2.226638,0.327390	0.791299,2.077964,0.450426	0.000000,0.000000,0.000000	0.672531,2.226638,0.327390	0
16:27:31	0.672523,2.226631,0.327403	0.791350,2.077998,0.450478	0.000000,0.000000,0.000000	0.672523,2.226631,0.327403	0
16:27:31	0.672522,2.226635,0.327387	0.791337,2.078001,0.450484	0.000000,0.000000,0.000000	0.672522,2.226635,0.327387	0
16:27:31	0.672523,2.226640,0.327384	0.791299,2.077971,0.450420	0.000000,0.000000,0.000000	0.672523,2.226640,0.327384	0
16:27:31	0.672520,2.226628,0.327386	0.791348,2.077992,0.450478	0.000000,0.000000,0.000000	0.672520,2.226628,0.327386	0
16:27:31	0.672521,2.226634,0.327404	0.791353,2.077994,0.450478	0.000000,0.000000,0.000000	0.672521,2.226634,0.327404	0
16:27:31	0.672531,2.226628,0.327394	0.791342,2.077995,0.450478	0.000000,0.000000,0.000000	0.672531,2.226628,0.327394	0
16:27:32	0.672533,2.226629,0.327387	0.791294,2.077957,0.450418	0.000000,0.000000,0.000000	0.672533,2.226629,0.327387	0
16:27:32	0.672467,2.226579,0.327298	0.791358,2.078002,0.450472	0.000000,0.000000,0.000000	0.672467,2.226579,0.327298	0
16:27:32	0.672473,2.226590,0.327321	0.791351,2.078010,0.450483	0.000000,0.000000,0.000000	0.672473,2.226590,0.327321	0
16:27:32	0.672542,2.226630,0.327402	0.791359,2.077987,0.450483	0.000000,0.000000,0.000000	0.672542,2.226630,0.327402	0
16:27:32	0.672472,2.226589,0.327315	0.791351,2.077993,0.450477	0.000000,0.000000,0.000000	0.672472,2.226589,0.327315	0
16:27:32	0.672478,2.226586,0.327291	0.791308,2.077961,0.450420	0.000000,0.000000,0.000000	0.672478,2.226586,0.327291	0
16:27:32	0.672473,2.226597,0.327296	0.791355,2.077988,0.450484	0.000000,0.000000,0.000000	0.672473,2.226597,0.327296	0
16:27:32	0.672473,2.226607,0.327302	0.791356,2.077986,0.450490	0.000000,0.000000,0.000000	0.672473,2.226607,0.327302	0
16:27:32	0.672523,2.226648,0.327377	0.791309,2.077945,0.450426	0.000000,0.000000,0.000000	0.672523,2.226648,0.327377	0
16:27:32	0.672461,2.226612,0.327293	0.791355,2.077992,0.450477	0.000000,0.000000,0.000000	0.672461,2.226612,0.327293	0
16:27:33	0.672526,2.226653,0.327387	0.791359,2.077989,0.450490	0.000000,0.000000,0.000000	0.672526,2.226653,0.327387	0
16:27:33	0.672530,2.226642,0.327391	0.791272,2.077885,0.450429	0.000000,0.000000,0.000000	0.672530,2.226642,0.327391	0
16:27:33	0.672470,2.226600,0.327310	0.791350,2.077997,0.450475	0.000000,0.000000,0.000000	0.672470,2.226600,0.327310	0
16:27:33	0.672487,2.226593,0.327305	0.791277,2.077886,0.450422	0.000000,0.000000,0.000000	0.672487,2.226593,0.327305	0
16:27:33	0.672466,2.226583,0.327309	0.791336,2.078006,0.450471	0.000000,0.000000,0.000000	0.672466,2.226583,0.327309	0
16:27:33	0.672524,2.226619,0.327383	0.791328,2.077917,0.450484	0.000000,0.000000,0.000000	0.672524,2.226619,0.327383	0
16:27:33	0.672479,2.226588,0.327324	0.791341,2.077996,0.450478	0.000000,0.000000,0.000000	0.672479,2.226588,0.327324	0
16:27:33	0.672495,2.226536,0.327391	0.791359,2.077997,0.450480	0.000000,0.000000,0.000000	0.672495,2.226536,0.327391	0
16:27:33	0.672487,2.226588,0.327298	0.791297,2.077969,0.450416	0.000000,0.000000,0.000000	0.672487,2.226588,0.327298	0
16:27:33	0.672483,2.226597,0.327302	0.791354,2.077994,0.450484	0.000000,0.000000,0.000000	0.672483,2.226597,0.327302	0
16:27:34	0.672533,2.226646,0.327387	0.791300,2.077966,0.450418	0.000000,0.000000,0.000000	0.672533,2.226646,0.327387	0
16:27:34	0.672532,2.226645,0.327380	0.791349,2.078001,0.450479	0.000000,0.000000,0.000000	0.672532,2.226645,0.327380	0
16:27:34	0.672490,2.226537,0.327390	0.791357,2.077993,0.450476	0.000000,0.000000,0.000000	0.672490,2.226537,0.327390	0
16:27:34	0.672532,2.226623,0.327388	0.791346,2.078009,0.450481	0.000000,0.000000,0.000000	0.672532,2.226623,0.327388	0
16:27:34	0.672471,2.226579,0.327306	0.791320,2.077901,0.450489	0.000000,0.000000,0.000000	0.672471,2.226579,0.327306	0
16:27:34	0.672539,2.226636,0.327396	0.791359,2.077997,0.450482	0.000000,0.000000,0.000000	0.672539,2.226636,0.327396	0
16:27:34	0.672538,2.226632,0.327395	0.791361,2.077987,0.450479	0.000000,0.000000,0.000000	0.672538,2.226632,0.327395	0
16:27:34	0.672485,2.226590,0.327309	0.791363,2.077995,0.450478	0.000000,0.000000,0.000000	0.672485,2.226590,0.327309	0
16:27:34	0.672531,2.226631,0.327393	0.791352,2.077997,0.450480	0.000000,0.000000,0.000000	0.672531,2.226631,0.327393	0
16:27:34	0.672517,2.226639,0.327389	0.791354,2.077990,0.450488	0.000000,0.000000,0.000000	0.672517,2.226639,0.327389	0
16:27:35	0.672534,2.226636,0.327392	0.791354,2.077989,0.450480	0.000000,0.000000,0.000000	0.672534,2.226636,0.327392	0
16:27:35	0.672520,2.226630,0.327387	0.791346,2.077994,0.450479	0.000000,0.000000,0.000000	0.672520,2.226630,0.327387	0
16:27:35	0.672527,2.226635,0.327379	0.791297,2.077957,0.450421	0.000000,0.000000,0.000000	0.672527,2.226635,0.327379	0
16:27:35	0.672471,2.226598,0.327295	0.791339,2.078000,0.450482	0.000000,0.000000,0.000000	0.672471,2.226598,0.327295	0
16:27:35	0.672453,2.226592,0.327300	0.791358,2.077984,0.450487	0.000000,0.000000,0.000000	0.672453,2.226592,0.327300	0
16:27:35	0.672525,2.226638,0.327411	0.791366,2.077977,0.450502	0.000000,0.000000,0.000000	0.672525,2.226638,0.327411	0
16:27:35	0.672535,2.226631,0.327412	0.791339,2.077885,0.450486	0.000000,0.000000,0.000000	0.672535,2.226631,0.327412	0
16:27:35	0.672509,2.226631,0.327371	0.791346,2.077971,0.450463	0.000000,0.000000,0.000000	0.672509,2.226631,0.327371	0
16:27:35	0.672525,2.226623,0.327358	0.791292,2.077935,0.450424	0.000000,0.000000,0.000000	0.672525,2.226623,0.327358	0
16:27:35	0.672516,2.226643,0.327376	0.791357,2.077977,0.450493	0.000000,0.000000,0.000000	0.672516,2.226643,0.327376	0
16:27:36	0.672527,2.226653,0.327406	0.791365,2.077978,0.450489	0.000000,0.000000,0.000000	0.672527,2.226653,0.327406	0
16:27:36	0.672538,2.226637,0.327408	0.791357,2.077976,0.450477	0.000000,0.000000,0.000000	0.672538,2.226637,0.327408	0
16:27:36	0.672483,2.226550,0.327385	0.791348,2.077977,0.450465	0.000000,0.000000,0.000000	0.672483,2.226550,0.327385	0
16:27:36	0.672518,2.226628,0.327368	0.791352,2.077979,0.450474	0.000000,0.000000,0.000000	0.672518,2.226628,0.327368	0
16:27:36	0.672432,2.226501,0.327303	0.791360,2.077988,0.450487	0.000000,0.000000,0.000000	0.672432,2.226501,0.327303	0
16:27:36	0.672471,2.226606,0.327310	0.791357,2.077995,0.450477	0.000000,0.000000,0.000000	0.672471,2.226606,0.327310	0
16:27:36	0.672525,2.226634,0.327387	0.791292,2.077966,0.450413	0.000000,0.000000,0.000000	0.672525,2.226634,0.327387	0
16:27:36	0.672527,2.226625,0.327379	0.791340,2.077996,0.450477	0.000000,0.000000,0.000000	0.672527,2.226625,0.327379	0
16:27:36	0.672477,2.226587,0.327298	0.791356,2.077987,0.450485	0.000000,0.000000,0.000000	0.672477,2.226587,0.327298	0
16:27:36	0.672536,2.226634,0.327392	0.791330,2.077907,0.450481	0.000000,0.000000,0.000000	0.672536,2.226634,0.327392	0
16:27:37	0.672526,2.226627,0.327383	0.791340,2.078003,0.450479	0.000000,0.000000,0.000000	0.672526,2.226627,0.327383	0
16:27:37	0.672522,2.226631,0.327385	0.791341,2.077993,0.450480	0.000000,0.000000,0.000000	0.672522,2.226631,0.327385	0
16:27:37	0.672522,2.226624,0.327377	0.791319,2.077917,0.450488	0.000000,0.000000,0.000000	0.672522,2.226624,0.327377	0
16:27:37	0.672519,2.226631,0.327395	0.791343,2.077994,0.450468	0.000000,0.000000,0.000000	0.672519,2.226631,0.327395	0
16:27:37	0.672534,2.226618,0.327394	0.791335,2.078001,0.450476	0.000000,0.000000,0.000000	0.672534,2.226618,0.327394	0
16:27:37	0.672467,2.226570,0.327318	0.791353,2.077995,0.450476	0.000000,0.000000,0.000000	0.672467,2.226570,0.327318	0
16:27:37	0.672529,2.226630,0.327391	0.791358,2.077993,0.450481	0.000000,0.000000,0.000000	0.672529,2.226630,0.327391	0
16:27:37	0.672509,2.226534,0.327394	0.791305,2.077963,0.450423	0.000000,0.000000,0.000000	0.672509,2.226534,0.327394	0
16:27:37	0.672531,2.226638,0.327382	0.791355,2.077990,0.450476	0.000000,0.000000,0.000000	0.672531,2.226638,0.327382	0
16:27:37	0.672524,2.226629,0.327390	0.791351,2.077984,0.450482	0.000000,0.000000,0.000000	0.672524,2.226629,0.327390	0
16:27:38	0.672525,2.226627,0.327391	0.791308,2.077959,0.450416	0.000000,0.000000,0.000000	0.672525,2.226627,0.327391	0
16:27:38	0.672528,2.226640,0.327374	0.791351,2.077984,0.450480	0.000000,0.000000,0.000000	0.672528,2.226640,0.327374	0
16:27:38	0.672544,2.226640,0.327376	0.767610,2.107589,0.425024	0.000000,0.000000,0.000000	0.672544,2.226640,0.327376	0
16:27:38	0.672527,2.226631,0.327380	0.767673,2.107622,0.425083	0.000000,0.000000,0.000000	0.672527,2.226631,0.327380	0
16:27:38	0.672529,2.226635,0.327397	0.767672,2.107624,0.425090	0.000000,0.000000,0.000000	0.672529,2.226635,0.327397	0
16:27:38	0.672503,2.226539,0.327394	0.767665,2.107616,0.425079	0.000000,0.000000,0.000000	0.672503,2.226539,0.327394	0
16:27:38	0.672529,2.226634,0.327389	0.767604,2.107595,0.425007	0.000000,0.000000,0.000000	0.672529,2.226634,0.327389	0
16:27:38	0.672473,2.226593,0.327267	0.767655,2.107621,0.425079	0.000000,0.000000,0.000000	0.672473,2.226593,0.327267	0
16:27:38	0.672467,2.226595,0.327284	0.767657,2.107616,0.425090	0.000000,0.000000,0.000000	0.672467,2.226595,0.327284	0
16:27:38	0.672532,2.226641,0.327387	0.767630,2.107586,0.425029	0.000000,0.000000,0.000000	0.672532,2.226641,0.327387	0
16:27:39	0.672536,2.226642,0.327395	0.767668,2.107624,0.425085	0.000000,0.000000,0.000000	0.672536,2.226642,0.327395	0
16:27:39	0.672539,2.226643,0.327403	0.767608,2.107590,0.424995	0.000000,0.000000,0.000000	0.672539,2.226643,0.327403	0
16:27:39	0.672497,2.226535,0.327397	0.767602,2.107607,0.424975	0.000000,0.000000,0.000000	0.672497,2.226535,0.327397	0
16:27:39	0.672468,2.226576,0.327317	0.767602,2.107623,0.424985	0.000000,0.000000,0.000000	0.672468,2.226576,0.327317	0
16:27:39	0.672531,2.226610,0.327414	0.767668,2.107652,0.425066	0.000000,0.000000,0.000000	0.672531,2.226610,0.327414	0
16:27:39	0.672561,2.226596,0.327432	0.767675,2.107659,0.425075	0.000000,0.000000,0.000000	0.672561,2.226596,0.327432	0
16:27:39	0.672547,2.226588,0.327452	0.767619,2.107631,0.424991	0.000000,0.000000,0.000000	0.672547,2.226588,0.327452	0
16:27:39	0.672556,2.226586,0.327418	0.767600,2.107628,0.424982	0.000000,0.000000,0.000000	0.672556,2.226586,0.327418	0
16:27:39	0.672517,2.226590,0.327406	0.767596,2.107626,0.424997	0.000000,0.000000,0.000000	0.672517,2.226590,0.327406	0
16:27:39	0.672535,2.226600,0.327393	0.767613,2.107630,0.425027	0.000000,0.000000,0.000000	0.672535,2.226600,0.327393	0
16:27:40	0.672546,2.226605,0.327409	0.767617,2.107615,0.425048	0.000000,0.000000,0.000000	0.672546,2.226605,0.327409	0
16:27:40	0.672539,2.226612,0.327411	0.767666,2.107632,0.425094	0.000000,0.000000,0.000000	0.672539,2.226612,0.327411	0
16:27:40	0.672543,2.226626,0.327361	0.767608,2.107582,0.425020	0.000000,0.000000,0.000000	0.672543,2.226626,0.327361	0
16:27:40	0.672471,2.226590,0.327257	0.767605,2.107589,0.425036	0.000000,0.000000,0.000000	0.672471,2.226590,0.327257	0
16:27:40	0.672520,2.226636,0.327376	0.767615,2.107589,0.425044	0.000000,0.000000,0.000000	0.672520,2.226636,0.327376	0
16:27:40	0.672538,2.226640,0.327402	0.767662,2.107619,0.425089	0.000000,0.000000,0.000000	0.672538,2.226640,0.327402	0
16:27:40	0.672479,2.226589,0.327308	0.767668,2.107616,0.425070	0.000000,0.000000,0.000000	0.672479,2.226589,0.327308	0
16:27:40	0.672457,2.226594,0.327295	0.767612,2.107583,0.425011	0.000000,0.000000,0.000000	0.672457,2.226594,0.327295	0
16:27:40	0.672461,2.226592,0.327299	0.767663,2.107621,0.425077	0.000000,0.000000,0.000000	0.672461,2.226592,0.327299	0
16:27:40	0.672468,2.226590,0.327317	0.767673,2.107624,0.425081	0.000000,0.000000,0.000000	0.672468,2.226590,0.327317	0
16:27:41	0.672531,2.226642,0.327410	0.767667,2.107627,0.425084	0.000000,0.000000,0.000000	0.672531,2.226642,0.327410	0
16:27:41	0.672482,2.226591,0.327305	0.767668,2.107614,0.425072	0.000000,0.000000,0.000000	0.672482,2.226591,0.327305	0
16:27:41	0.672530,2.226634,0.327380	0.767666,2.107618,0.425077	0.000000,0.000000,0.000000	0.672530,2.226634,0.327380	0
16:27:41	0.672526,2.226637,0.327384	0.767666,2.107616,0.425083	0.000000,0.000000,0.000000	0.672526,2.226637,0.327384	0
16:27:41	0.672470,2.226601,0.327306	0.767668,2.107621,0.425092	0.000000,0.000000,0.000000	0.672470,2.226601,0.327306	0
16:27:41	0.672525,2.226637,0.327383	0.767666,2.107615,0.425087	0.000000,0.000000,0.000000	0.672525,2.226637,0.327383	0
16:27:41	0.672476,2.226599,0.327312	0.767664,2.107618,0.425082	0.000000,0.000000,0.000000	0.672476,2.226599,0.327312	0
16:27:41	0.672531,2.226640,0.327392	0.767672,2.107619,0.425083	0.000000,0.000000,0.000000	0.672531,2.226640,0.327392	0
16:27:41	0.672469,2.226593,0.327287	0.767673,2.107622,0.425085	0.000000,0.000000,0.000000	0.672469,2.226593,0.327287	0
16:27:41	0.672474,2.226596,0.327302	0.767649,2.107536,0.425096	0.000000,0.000000,0.000000	0.672474,2.226596,0.327302	0
16:27:42	0.672527,2.226639,0.327387	0.767672,2.107614,0.425078	0.000000,0.000000,0.000000	0.672527,2.226639,0.327387	0
16:27:42	0.672513,2.226646,0.327387	0.767669,2.107630,0.425070	0.000000,0.000000,0.000000	0.672513,2.226646,0.327387	0
16:27:42	0.672522,2.226640,0.327390	0.767658,2.107635,0.425078	0.000000,0.000000,0.000000	0.672522,2.226640,0.327390	0
16:27:42	0.672473,2.226597,0.327324	0.767613,2.107589,0.425023	0.000000,0.000000,0.000000	0.672473,2.226597,0.327324	0
16:27:42	0.672475,2.226590,0.327315	0.767606,2.107592,0.425012	0.000000,0.000000,0.000000	0.672475,2.226590,0.327315	0
16:27:42	0.672536,2.226629,0.327394	0.767668,2.107629,0.425074	0.000000,0.000000,0.000000	0.672536,2.226629,0.327394	0
16:27:42	0.672535,2.226617,0.327384	0.767669,2.107624,0.425077	0.000000,0.000000,0.000000	0.672535,2.226617,0.327384	0
16:27:42	0.672487,2.226587,0.327306	0.767661,2.107622,0.425090	0.000000,0.000000,0.000000	0.672487,2.226587,0.327306	0
16:27:42	0.672537,2.226628,0.327391	0.767624,2.107579,0.425041	0.000000,0.000000,0.000000	0.672537,2.226628,0.327391	0
16:27:42	0.672537,2.226652,0.327383	0.767668,2.107606,0.425112	0.000000,0.000000,0.000000	0.672537,2.226652,0.327383	0
16:27:43	0.672539,2.226640,0.327367	0.767627,2.107571,0.425030	0.000000,0.000000,0.000000	0.672539,2.226640,0.327367	0
16:27:43	0.672521,2.226628,0.327363	0.767666,2.107611,0.425079	0.000000,0.000000,0.000000	0.672521,2.226628,0.327363	0
16:27:43	0.672527,2.226635,0.327391	0.767613,2.107591,0.425013	0.000000,0.000000,0.000000	0.672527,2.226635,0.327391	0
16:27:43	0.672512,2.226618,0.327408	0.767668,2.107619,0.425079	0.000000,0.000000,0.000000	0.672512,2.226618,0.327408	0
16:27:43	0.672537,2.226630,0.327403	0.767615,2.107617,0.425003	0.000000,0.000000,0.000000	0.672537,2.226630,0.327403	0
16:27:43	0.672531,2.226626,0.327398	0.767658,2.107634,0.425074	0.000000,0.000000,0.000000	0.672531,2.226626,0.327398	0
16:27:43	0.672532,2.226627,0.327402	0.767667,2.107620,0.425079	0.000000,0.000000,0.000000	0.672532,2.226627,0.327402	0
16:27:43	0.672529,2.226622,0.327403	0.767643,2.107634,0.425074	0.000000,0.000000,0.000000	0.672529,2.226622,0.327403	0
16:27:43	0.672496,2.226521,0.327391	0.767664,2.107623,0.425077	0.000000,0.000000,0.000000	0.672496,2.226521,0.327391	0
16:27:43	0.672483,2.226573,0.327307	0.767665,2.107634,0.425091	0.000000,0.000000,0.000000	0.672483,2.226573,0.327307	0
16:27:44	0.672445,2.226475,0.327306	0.767620,2.107604,0.425021	0.000000,0.000000,0.000000	0.672445,2.226475,0.327306	0
16:27:44	0.672535,2.226627,0.327391	0.767664,2.107629,0.425090	0.000000,0.000000,0.000000	0.672535,2.226627,0.327391	0
16:27:44	0.672471,2.226599,0.327301	0.767664,2.107622,0.425086	0.000000,0.000000,0.000000	0.672471,2.226599,0.327301	0
16:27:44	0.672449,2.226493,0.327288	0.767646,2.107624,0.425083	0.000000,0.000000,0.000000	0.672449,2.226493,0.327288	0
16:27:44	0.672486,2.226599,0.327278	0.767607,2.107586,0.425023	0.000000,0.000000,0.000000	0.672486,2.226599,0.327278	0
16:27:44	0.672476,2.226595,0.327286	0.767669,2.107619,0.425087	0.000000,0.000000,0.000000	0.672476,2.226595,0.327286	0
16:27:44	0.672545,2.226635,0.327380	0.767626,2.107596,0.425025	0.000000,0.000000,0.000000	0.672545,2.226635,0.327380	0
16:27:44	0.672531,2.226636,0.327385	0.767653,2.107633,0.425076	0.000000,0.000000,0.000000	0.672531,2.226636,0.327385	0
16:27:44	0.672474,2.226585,0.327300	0.767603,2.107604,0.425014	0.000000,0.000000,0.000000	0.672474,2.226585,0.327300	0
16:27:44	0.672477,2.226599,0.327308	0.767619,2.107603,0.425018	0.000000,0.000000,0.000000	0.672477,2.226599,0.327308	0
16:27:45	0.672470,2.226588,0.327315	0.767619,2.107606,0.425012	0.000000,0.000000,0.000000	0.672470,2.226588,0.327315	0
16:27:45	0.672535,2.226639,0.327397	0.767611,2.107599,0.425014	0.000000,0.000000,0.000000	0.672535,2.226639,0.327397	0
16:27:45	0.672526,2.226627,0.327399	0.767600,2.107517,0.425008	0.000000,0.000000,0.000000	0.672526,2.226627,0.327399	0
16:27:45	0.672537,2.226629,0.327395	0.767621,2.107591,0.425015	0.000000,0.000000,0.000000	0.672537,2.226629,0.327395	0
16:27:45	0.672539,2.226627,0.327390	0.767666,2.107625,0.425082	0.000000,0.000000,0.000000	0.672539,2.226627,0.327390	0
16:27:45	0.672475,2.226593,0.327302	0.767674,2.107622,0.425084	0.000000,0.000000,0.000000	0.672475,2.226593,0.327302	0
16:27:45	0.672485,2.226593,0.327304	0.767661,2.107625,0.425087	0.000000,0.000000,0.000000	0.672485,2.226593,0.327304	0
16:27:45	0.672465,2.226590,0.327292	0.767661,2.107619,0.425079	0.000000,0.000000,0.000000	0.672465,2.226590,0.327292	0
16:27:45	0.672475,2.226588,0.327291	0.767659,2.107610,0.425085	0.000000,0.000000,0.000000	0.672475,2.226588,0.327291	0
16:27:45	0.672526,2.226640,0.327371	0.767659,2.107622,0.425084	0.000000,0.000000,0.000000	0.672526,2.226640,0.327371	0
16:27:46	0.672471,2.226605,0.327294	0.767668,2.107622,0.425081	0.000000,0.000000,0.000000	0.672471,2.226605,0.327294	0
16:27:46	0.672535,2.226644,0.327390	0.767673,2.107623,0.425072	0.000000,0.000000,0.000000	0.672535,2.226644,0.327390	0
