# Flight Log 
# 25 08 17 - 18:32:07
Time		X,Y,Z				goalX,goalY,goalZ		ddx,ddy,ddz			angularx,angulary,angularz	battery
18:32:07	0.000000,0.000000,0.000000	0.000000,0.000000,0.000000	0.000000,0.000000,0.000000	0.000000,0.000000,0.000000	0
18:32:07	0.672563,2.226636,0.327442	0.000000,0.000000,0.000000	0.000000,0.000000,0.000000	0.672563,2.226636,0.327442	0
18:32:07	0.672560,2.226652,0.327442	0.675678,2.067014,0.348446	0.000000,0.000000,0.000000	0.672560,2.226652,0.327442	0
18:32:07	0.672550,2.226646,0.327449	0.675685,2.067006,0.348435	0.000000,0.000000,0.000000	0.672550,2.226646,0.327449	0
18:32:07	0.672557,2.226639,0.327438	0.675676,2.067019,0.348444	0.000000,0.000000,0.000000	0.672557,2.226639,0.327438	0
18:32:07	0.672515,2.226609,0.327359	0.675673,2.067015,0.348458	0.000000,0.000000,0.000000	0.672515,2.226609,0.327359	0
18:32:07	0.672545,2.226555,0.327430	0.675677,2.067011,0.348451	0.000000,0.000000,0.000000	0.672545,2.226555,0.327430	0
18:32:07	0.672537,2.226559,0.327442	0.675676,2.067012,0.348448	0.000000,0.000000,0.000000	0.672537,2.226559,0.327442	0
18:32:07	0.672563,2.226647,0.327435	0.675639,2.066916,0.348448	0.000000,0.000000,0.000000	0.672563,2.226647,0.327435	0
18:32:07	0.672556,2.226637,0.327442	0.675636,2.066982,0.348375	0.000000,0.000000,0.000000	0.672563,2.226641,0.327445	0
18:32:07	0.672521,2.226604,0.327365	0.675642,2.066976,0.348375	0.000000,0.000000,0.000000	0.672521,2.226604,0.327365	0
18:32:08	0.672565,2.226629,0.327452	0.675684,2.067018,0.348441	0.000000,0.000000,0.000000	0.672565,2.226629,0.327452	0
18:32:08	0.672507,2.226591,0.327368	0.675683,2.067026,0.348443	0.000000,0.000000,0.000000	0.672507,2.226591,0.327368	0
18:32:08	0.672568,2.226635,0.327454	0.675649,2.066930,0.348451	0.000000,0.000000,0.000000	0.672568,2.226635,0.327454	0
18:32:08	0.672569,2.226631,0.327436	0.675674,2.067029,0.348446	0.000000,0.000000,0.000000	0.672569,2.226631,0.327436	0
18:32:08	0.672507,2.226605,0.327349	0.675673,2.067021,0.348455	0.000000,0.000000,0.000000	0.672507,2.226605,0.327349	0
18:32:08	0.672566,2.226656,0.327440	0.675674,2.067021,0.348449	0.000000,0.000000,0.000000	0.672566,2.226656,0.327440	0
18:32:08	0.672562,2.226645,0.327433	0.675669,2.067025,0.348455	0.000000,0.000000,0.000000	0.672562,2.226645,0.327433	0
18:32:08	0.672576,2.226648,0.327440	0.675676,2.067006,0.348447	0.000000,0.000000,0.000000	0.672576,2.226648,0.327440	0
18:32:08	0.672541,2.226551,0.327428	0.675677,2.067007,0.348444	0.000000,0.000000,0.000000	0.672541,2.226551,0.327428	0
18:32:08	0.672561,2.226633,0.327434	0.675682,2.067013,0.348446	0.000000,0.000000,0.000000	0.672561,2.226633,0.327434	0
18:32:09	0.672570,2.226639,0.327435	0.675627,2.066981,0.348383	0.000000,0.000000,0.000000	0.672570,2.226639,0.327435	0
18:32:09	0.672569,2.226639,0.327449	0.675638,2.066993,0.348392	0.000000,0.000000,0.000000	0.672569,2.226639,0.327449	0
18:32:09	0.672569,2.226636,0.327441	0.675636,2.066987,0.348378	0.000000,0.000000,0.000000	0.672569,2.226636,0.327441	0
18:32:09	0.672564,2.226643,0.327442	0.675674,2.067031,0.348444	0.000000,0.000000,0.000000	0.672564,2.226643,0.327442	0
18:32:09	0.672535,2.226553,0.327447	0.675676,2.067019,0.348447	0.000000,0.000000,0.000000	0.672535,2.226553,0.327447	0
18:32:09	0.672573,2.226644,0.327451	0.675677,2.067014,0.348449	0.000000,0.000000,0.000000	0.672573,2.226644,0.327451	0
18:32:09	0.672567,2.226640,0.327439	0.675683,2.067018,0.348448	0.000000,0.000000,0.000000	0.672567,2.226640,0.327439	0
18:32:09	0.672561,2.226643,0.327436	0.675680,2.067015,0.348453	0.000000,0.000000,0.000000	0.672561,2.226643,0.327436	0
18:32:09	0.672568,2.226633,0.327437	0.675646,2.066844,0.343852	0.000000,0.000000,0.000000	0.672568,2.226633,0.327437	0
18:32:09	0.672569,2.226634,0.327457	0.675631,2.066844,0.343857	0.000000,0.000000,0.000000	0.672569,2.226634,0.327457	0
18:32:10	0.672571,2.226639,0.327452	0.675654,2.066792,0.343916	0.000000,0.000000,0.000000	0.672571,2.226639,0.327452	0
18:32:10	0.672562,2.226633,0.327443	0.675674,2.066896,0.343910	0.000000,0.000000,0.000000	0.672562,2.226633,0.327443	0
18:32:10	0.672553,2.226637,0.327428	0.675677,2.066896,0.343928	0.000000,0.000000,0.000000	0.672553,2.226637,0.327428	0
18:32:10	0.672511,2.226593,0.327348	0.675686,2.066889,0.343928	0.000000,0.000000,0.000000	0.672511,2.226593,0.327348	0
18:32:10	0.672579,2.226641,0.327451	0.675685,2.066889,0.343924	0.000000,0.000000,0.000000	0.672579,2.226641,0.327451	0
18:32:10	0.672565,2.226644,0.327445	0.675681,2.066888,0.343919	0.000000,0.000000,0.000000	0.672565,2.226644,0.327445	0
18:32:10	0.672569,2.226630,0.327439	0.675674,2.067020,0.348439	0.000000,0.000000,0.000000	0.672569,2.226630,0.327439	0
18:32:10	0.672552,2.226625,0.327444	0.675610,2.066758,0.343854	0.000000,0.000000,0.000000	0.672552,2.226625,0.327444	0
18:32:10	0.672563,2.226642,0.327440	0.675679,2.067019,0.348450	0.000000,0.000000,0.000000	0.672563,2.226642,0.327440	0
18:32:10	0.672555,2.226648,0.327450	0.675683,2.066872,0.343918	0.000000,0.000000,0.000000	0.672555,2.226648,0.327450	0
18:32:11	0.672569,2.226639,0.327454	0.675673,2.066879,0.343913	0.000000,0.000000,0.000000	0.672569,2.226639,0.327454	0
18:32:11	0.672559,2.226637,0.327433	0.675625,2.066847,0.343851	0.000000,0.000000,0.000000	0.672559,2.226637,0.327433	0
18:32:11	0.672565,2.226635,0.327429	0.677896,2.066915,0.343866	0.000000,0.000000,0.000000	0.672565,2.226635,0.327429	0
18:32:11	0.672550,2.226640,0.327437	0.677918,2.066856,0.343934	0.000000,0.000000,0.000000	0.672550,2.226640,0.327437	0
18:32:11	0.672562,2.226646,0.327436	0.677901,2.066900,0.343851	0.000000,0.000000,0.000000	0.672562,2.226646,0.327436	0
18:32:11	0.672513,2.226608,0.327355	0.677938,2.067066,0.348428	0.000000,0.000000,0.000000	0.672513,2.226608,0.327355	0
18:32:11	0.672552,2.226643,0.327430	0.680178,2.067067,0.348434	0.000000,0.000000,0.000000	0.672552,2.226643,0.327430	0
18:32:11	0.672558,2.226640,0.327431	0.680326,2.067188,0.348731	0.000000,0.000000,0.000000	0.672558,2.226640,0.327431	0
18:32:11	0.672557,2.226639,0.327433	0.682615,2.067300,0.348713	0.000000,0.000000,0.000000	0.672557,2.226639,0.327433	0
18:32:11	0.672564,2.226643,0.327446	0.685246,2.067692,0.354004	0.000000,0.000000,0.000000	0.672564,2.226643,0.327446	0
18:32:12	0.672556,2.226634,0.327442	0.690172,2.068174,0.354325	0.000000,0.000000,0.000000	0.672556,2.226634,0.327442	0
18:32:12	0.672510,2.226596,0.327352	0.692790,2.068468,0.354617	0.000000,0.000000,0.000000	0.672510,2.226596,0.327352	0
18:32:12	0.672516,2.226599,0.327356	0.697904,2.069489,0.359825	0.000000,0.000000,0.000000	0.672516,2.226599,0.327356	0
18:32:12	0.672566,2.226646,0.327460	0.700566,2.070127,0.365054	0.000000,0.000000,0.000000	0.672566,2.226646,0.327460	0
18:32:12	0.672573,2.226634,0.327436	0.705888,2.071313,0.365447	0.000000,0.000000,0.000000	0.672573,2.226634,0.327436	0
18:32:12	0.672559,2.226634,0.327442	0.711093,2.072858,0.370698	0.000000,0.000000,0.000000	0.672559,2.226634,0.327442	0
18:32:12	0.672563,2.226633,0.327440	0.713256,2.074165,0.380278	0.000000,0.000000,0.000000	0.672563,2.226633,0.327440	0
18:32:12	0.672565,2.226628,0.327438	0.716051,2.075427,0.385651	0.000000,0.000000,0.000000	0.672565,2.226628,0.327438	0
18:32:12	0.672557,2.226640,0.327442	0.719616,2.077091,0.392153	0.000000,0.000000,0.000000	0.672557,2.226640,0.327442	0
18:32:12	0.672506,2.226592,0.327347	0.722521,2.078750,0.397744	0.000000,0.000000,0.000000	0.672506,2.226592,0.327347	0
18:32:13	0.672553,2.226627,0.327433	0.723783,2.079985,0.404847	0.000000,0.000000,0.000000	0.672553,2.226627,0.327433	0
18:32:13	0.672505,2.226594,0.327345	0.727377,2.083144,0.416924	0.000000,0.000000,0.000000	0.672505,2.226594,0.327345	0
18:32:13	0.672537,2.226558,0.327433	0.729055,2.084154,0.419704	0.000000,0.000000,0.000000	0.672537,2.226558,0.327433	0
18:32:13	0.672554,2.226635,0.327442	0.732662,2.087912,0.432207	0.000000,0.000000,0.000000	0.672554,2.226635,0.327442	0
18:32:13	0.672507,2.226597,0.327360	0.736579,2.091187,0.439778	0.000000,0.000000,0.000000	0.672507,2.226597,0.327360	0
18:32:13	0.672557,2.226638,0.327437	0.739528,2.093877,0.445642	0.000000,0.000000,0.000000	0.672557,2.226638,0.327437	0
18:32:13	0.672561,2.226642,0.327449	0.743435,2.097720,0.453233	0.000000,0.000000,0.000000	0.672561,2.226642,0.327449	0
18:32:13	0.672558,2.226634,0.327437	0.746267,2.100765,0.458910	0.000000,0.000000,0.000000	0.672558,2.226634,0.327437	0
18:32:13	0.672555,2.226640,0.327448	0.751037,2.108133,0.474390	0.000000,0.000000,0.000000	0.672555,2.226640,0.327448	0
18:32:13	0.672569,2.226624,0.327445	0.751035,2.108140,0.474392	0.000000,0.000000,0.000000	0.672569,2.226624,0.327445	0
18:32:14	0.672574,2.226634,0.327445	0.752453,2.111849,0.482870	0.000000,0.000000,0.000000	0.672574,2.226634,0.327445	0
18:32:14	0.672575,2.226637,0.327440	0.754936,2.115363,0.487844	0.000000,0.000000,0.000000	0.672575,2.226637,0.327440	0
18:32:14	0.672565,2.226641,0.327436	0.755972,2.116896,0.489883	0.000000,0.000000,0.000000	0.672565,2.226641,0.327436	0
18:32:14	0.672514,2.226600,0.327349	0.759374,2.122217,0.496665	0.000000,0.000000,0.000000	0.672514,2.226600,0.327349	0
18:32:14	0.672569,2.226638,0.327436	0.759619,2.124930,0.502859	0.000000,0.000000,0.000000	0.672569,2.226638,0.327436	0
18:32:14	0.672565,2.226642,0.327435	0.763666,2.129364,0.505039	0.000000,0.000000,0.000000	0.672565,2.226642,0.327435	0
18:32:14	0.672561,2.226618,0.327441	0.766642,2.132599,0.505169	0.000000,0.000000,0.000000	0.672561,2.226618,0.327441	0
18:32:14	0.672562,2.226631,0.327441	0.770693,2.137706,0.507066	0.000000,0.000000,0.000000	0.672562,2.226631,0.327441	0
18:32:14	0.672555,2.226633,0.327433	0.772755,2.142037,0.510834	0.000000,0.000000,0.000000	0.672555,2.226633,0.327433	0
18:32:14	0.672554,2.226639,0.327438	0.775595,2.145325,0.510418	0.000000,0.000000,0.000000	0.672554,2.226639,0.327438	0
18:32:15	0.672550,2.226645,0.327446	0.777591,2.149965,0.513971	0.000000,0.000000,0.000000	0.672550,2.226645,0.327446	0
18:32:15	0.672564,2.226629,0.327437	0.780340,2.153473,0.513233	0.000000,0.000000,0.000000	0.672564,2.226629,0.327437	0
18:32:15	0.672561,2.226628,0.327446	0.783849,2.159457,0.513880	0.000000,0.000000,0.000000	0.672561,2.226628,0.327446	0
18:32:15	0.672522,2.226582,0.327360	0.784787,2.162027,0.515471	0.000000,0.000000,0.000000	0.672522,2.226582,0.327360	0
18:32:15	0.672554,2.226629,0.327446	0.787263,2.165671,0.514293	0.000000,0.000000,0.000000	0.672554,2.226629,0.327446	0
18:32:15	0.672569,2.226634,0.327448	0.789530,2.169126,0.512935	0.000000,0.000000,0.000000	0.672569,2.226634,0.327448	0
18:32:15	0.672569,2.226628,0.327446	0.791182,2.174783,0.515523	0.000000,0.000000,0.000000	0.672569,2.226628,0.327446	0
18:32:15	0.672565,2.226646,0.327438	0.794643,2.177796,0.509604	0.000000,0.000000,0.000000	0.672565,2.226646,0.327438	0
18:32:15	0.672562,2.226636,0.327435	0.795426,2.180748,0.510747	0.000000,0.000000,0.000000	0.672562,2.226636,0.327435	0
18:32:15	0.672512,2.226593,0.327354	0.798001,2.187350,0.509859	0.000000,0.000000,0.000000	0.672512,2.226593,0.327354	0
18:32:16	0.672564,2.226632,0.327419	0.801731,2.193499,0.504263	0.000000,0.000000,0.000000	0.672564,2.226632,0.327419	0
18:32:16	0.672574,2.226641,0.327436	0.801931,2.197465,0.506476	0.000000,0.000000,0.000000	0.672574,2.226641,0.327436	0
18:32:16	0.672570,2.226632,0.327434	0.803802,2.203930,0.504768	0.000000,0.000000,0.000000	0.672570,2.226632,0.327434	0
18:32:16	0.672541,2.226648,0.327454	0.805120,2.207286,0.502421	0.000000,0.000000,0.000000	0.672541,2.226648,0.327454	0
18:32:16	0.672572,2.226635,0.327438	0.804896,2.210685,0.504176	0.000000,0.000000,0.000000	0.672572,2.226635,0.327438	0
18:32:16	0.672553,2.226635,0.327426	0.806978,2.214077,0.499197	0.000000,0.000000,0.000000	0.672553,2.226635,0.327426	0
18:32:16	0.672505,2.226599,0.327354	0.806971,2.214081,0.499198	0.000000,0.000000,0.000000	0.672505,2.226599,0.327354	0
18:32:16	0.672497,2.226596,0.327352	0.807143,2.216959,0.499411	0.000000,0.000000,0.000000	0.672497,2.226596,0.327352	0
18:32:16	0.672503,2.226594,0.327358	0.807971,2.217106,0.496814	0.000000,0.000000,0.000000	0.672503,2.226594,0.327358	0
18:32:16	0.672553,2.226640,0.327438	0.808114,2.222791,0.497004	0.000000,0.000000,0.000000	0.672553,2.226640,0.327438	0
18:32:17	0.672542,2.226636,0.327439	0.808195,2.225678,0.497110	0.000000,0.000000,0.000000	0.672542,2.226636,0.327439	0
18:32:17	0.672555,2.226645,0.327445	0.808111,2.228440,0.497033	0.000000,0.000000,0.000000	0.672555,2.226645,0.327445	0
18:32:17	0.672557,2.226640,0.327443	0.808938,2.231344,0.494507	0.000000,0.000000,0.000000	0.672557,2.226640,0.327443	0
18:32:17	0.672562,2.226633,0.327438	0.808667,2.236925,0.494160	0.000000,0.000000,0.000000	0.672562,2.226633,0.327438	0
18:32:17	0.672580,2.226636,0.327422	0.810034,2.239382,0.489161	0.000000,0.000000,0.000000	0.672580,2.226636,0.327422	0
18:32:17	0.672541,2.226637,0.327432	0.810241,2.244479,0.486237	0.000000,0.000000,0.000000	0.672541,2.226637,0.327432	0
18:32:17	0.672505,2.226607,0.327353	0.810643,2.246825,0.483673	0.000000,0.000000,0.000000	0.672505,2.226607,0.327353	0
18:32:17	0.672542,2.226643,0.327442	0.811344,2.246573,0.481540	0.000000,0.000000,0.000000	0.672542,2.226643,0.327442	0
18:32:17	0.672493,2.226600,0.327358	0.812253,2.248484,0.476915	0.000000,0.000000,0.000000	0.672493,2.226600,0.327358	0
18:32:17	0.672539,2.226549,0.327440	0.812569,2.250648,0.474620	0.000000,0.000000,0.000000	0.672539,2.226549,0.327440	0
18:32:18	0.672541,2.226635,0.327443	0.813160,2.250329,0.472642	0.000000,0.000000,0.000000	0.672541,2.226635,0.327443	0
18:32:18	0.672561,2.226627,0.327441	0.813366,2.252375,0.470382	0.000000,0.000000,0.000000	0.672561,2.226627,0.327441	0
18:32:18	0.672498,2.226588,0.327346	0.813012,2.254712,0.470017	0.000000,0.000000,0.000000	0.672498,2.226588,0.327346	0
18:32:18	0.672526,2.226545,0.327438	0.813019,2.254723,0.470024	0.000000,0.000000,0.000000	0.672526,2.226545,0.327438	0
18:32:18	0.672549,2.226643,0.327435	0.813172,2.256647,0.467786	0.000000,0.000000,0.000000	0.672549,2.226643,0.327435	0
18:32:18	0.672547,2.226633,0.327436	0.812776,2.258918,0.467378	0.000000,0.000000,0.000000	0.672547,2.226633,0.327436	0
18:32:18	0.672493,2.226596,0.327354	0.812903,2.260733,0.465181	0.000000,0.000000,0.000000	0.672493,2.226596,0.327354	0
18:32:18	0.672557,2.226647,0.327435	0.812437,2.262953,0.464740	0.000000,0.000000,0.000000	0.672557,2.226647,0.327435	0
18:32:18	0.672552,2.226634,0.327434	0.812517,2.264648,0.462580	0.000000,0.000000,0.000000	0.672552,2.226634,0.327434	0
18:32:18	0.672561,2.226637,0.327439	0.811970,2.266748,0.462034	0.000000,0.000000,0.000000	0.672561,2.226637,0.327439	0
18:32:19	0.672545,2.226635,0.327435	0.812065,2.268391,0.459981	0.000000,0.000000,0.000000	0.672545,2.226635,0.327435	0
18:32:19	0.672558,2.226632,0.327426	0.811502,2.270435,0.459418	0.000000,0.000000,0.000000	0.672558,2.226632,0.327426	0
18:32:19	0.672561,2.226640,0.327446	0.811516,2.271890,0.457405	0.000000,0.000000,0.000000	0.672561,2.226640,0.327446	0
18:32:19	0.672553,2.226637,0.327440	0.811548,2.273424,0.455378	0.000000,0.000000,0.000000	0.672553,2.226637,0.327440	0
18:32:19	0.672556,2.226632,0.327430	0.810938,2.275345,0.454791	0.000000,0.000000,0.000000	0.672556,2.226632,0.327430	0
18:32:19	0.672552,2.226635,0.327419	0.809824,2.279241,0.453794	0.000000,0.000000,0.000000	0.672552,2.226635,0.327419	0
18:32:19	0.672524,2.226546,0.327433	0.809727,2.280477,0.451744	0.000000,0.000000,0.000000	0.672524,2.226546,0.327433	0
18:32:19	0.672507,2.226591,0.327356	0.809160,2.282365,0.451263	0.000000,0.000000,0.000000	0.672507,2.226591,0.327356	0
18:32:19	0.672555,2.226626,0.327442	0.809718,2.281743,0.449882	0.000000,0.000000,0.000000	0.672555,2.226626,0.327442	0
18:32:19	0.672492,2.226594,0.327348	0.809034,2.283512,0.449264	0.000000,0.000000,0.000000	0.672543,2.226634,0.327433	0
18:32:20	0.672554,2.226632,0.327425	0.808380,2.284427,0.450924	0.000000,0.000000,0.000000	0.672554,2.226632,0.327425	0
18:32:20	0.672557,2.226639,0.327431	0.808321,2.285544,0.449075	0.000000,0.000000,0.000000	0.672557,2.226639,0.327431	0
18:32:20	0.672569,2.226630,0.327428	0.807683,2.287247,0.448504	0.000000,0.000000,0.000000	0.672569,2.226630,0.327428	0
18:32:20	0.672502,2.226608,0.327346	0.807617,2.288283,0.446698	0.000000,0.000000,0.000000	0.672502,2.226608,0.327346	0
18:32:20	0.672553,2.226638,0.327426	0.806984,2.289945,0.446135	0.000000,0.000000,0.000000	0.672553,2.226638,0.327426	0
18:32:20	0.672553,2.226641,0.327430	0.806873,2.290827,0.444380	0.000000,0.000000,0.000000	0.672553,2.226641,0.327430	0
18:32:20	0.672501,2.226608,0.327355	0.805669,2.292210,0.447093	0.000000,0.000000,0.000000	0.672501,2.226608,0.327355	0
18:32:20	0.672560,2.226638,0.327442	0.805550,2.293092,0.445279	0.000000,0.000000,0.000000	0.672560,2.226638,0.327442	0
18:32:20	0.672548,2.226641,0.327445	0.804301,2.296173,0.444199	0.000000,0.000000,0.000000	0.672548,2.226641,0.327445	0
18:32:20	0.672503,2.226588,0.327369	0.803581,2.297616,0.443537	0.000000,0.000000,0.000000	0.672503,2.226588,0.327369	0
18:32:21	0.672501,2.226603,0.327350	0.803565,2.298454,0.441950	0.000000,0.000000,0.000000	0.672501,2.226603,0.327350	0
18:32:21	0.672549,2.226635,0.327419	0.803502,2.299215,0.440333	0.000000,0.000000,0.000000	0.672549,2.226635,0.327419	0
18:32:21	0.672500,2.226605,0.327343	0.802824,2.300616,0.439764	0.000000,0.000000,0.000000	0.672500,2.226605,0.327343	0
18:32:21	0.672552,2.226651,0.327431	0.802757,2.301326,0.438187	0.000000,0.000000,0.000000	0.672552,2.226651,0.327431	0
18:32:21	0.672553,2.226649,0.327431	0.802677,2.302023,0.436652	0.000000,0.000000,0.000000	0.672553,2.226649,0.327431	0
18:32:21	0.672548,2.226644,0.327432	0.803251,2.301362,0.435696	0.000000,0.000000,0.000000	0.672548,2.226644,0.327432	0
18:32:21	0.672542,2.226642,0.327436	0.803252,2.301364,0.435692	0.000000,0.000000,0.000000	0.672542,2.226642,0.327436	0
18:32:21	0.672553,2.226644,0.327440	0.803122,2.302010,0.434155	0.000000,0.000000,0.000000	0.672553,2.226644,0.327440	0
18:32:21	0.672523,2.226556,0.327437	0.803172,2.302056,0.434229	0.000000,0.000000,0.000000	0.672523,2.226556,0.327437	0
18:32:21	0.672551,2.226638,0.327441	0.804220,2.300726,0.432339	0.000000,0.000000,0.000000	0.672551,2.226638,0.327441	0
18:32:22	0.672562,2.226633,0.327430	0.804799,2.300140,0.431516	0.000000,0.000000,0.000000	0.672562,2.226633,0.327430	0
18:32:22	0.672490,2.226603,0.327348	0.804267,2.300560,0.433063	0.000000,0.000000,0.000000	0.672490,2.226603,0.327348	0
18:32:22	0.672505,2.226597,0.327348	0.804776,2.299941,0.432187	0.000000,0.000000,0.000000	0.672505,2.226597,0.327348	0
18:32:22	0.672552,2.226644,0.327429	0.804786,2.299067,0.434081	0.000000,0.000000,0.000000	0.672552,2.226644,0.327429	0
18:32:22	0.672502,2.226604,0.327348	0.804248,2.300346,0.433683	0.000000,0.000000,0.000000	0.672502,2.226604,0.327348	0
18:32:22	0.672545,2.226640,0.327434	0.804320,2.299521,0.435604	0.000000,0.000000,0.000000	0.672545,2.226640,0.327434	0
18:32:22	0.672499,2.226601,0.327353	0.804385,2.298694,0.437475	0.000000,0.000000,0.000000	0.672499,2.226601,0.327353	0
18:32:22	0.672555,2.226640,0.327431	0.804334,2.298646,0.437392	0.000000,0.000000,0.000000	0.672555,2.226640,0.327431	0
18:32:22	0.672554,2.226643,0.327435	0.804762,2.298688,0.435275	0.000000,0.000000,0.000000	0.672554,2.226643,0.327435	0
18:32:22	0.672548,2.226633,0.327435	0.804791,2.298781,0.435276	0.000000,0.000000,0.000000	0.672548,2.226633,0.327435	0
18:32:23	0.672467,2.226499,0.327353	0.804793,2.298790,0.435289	0.000000,0.000000,0.000000	0.672467,2.226499,0.327353	0
18:32:23	0.672460,2.226510,0.327346	0.805188,2.298860,0.433173	0.000000,0.000000,0.000000	0.672460,2.226510,0.327346	0
18:32:23	0.672545,2.226634,0.327436	0.805186,2.298856,0.433180	0.000000,0.000000,0.000000	0.672545,2.226634,0.327436	0
18:32:23	0.672554,2.226647,0.327444	0.804582,2.299932,0.432733	0.000000,0.000000,0.000000	0.672554,2.226647,0.327444	0
18:32:23	0.672565,2.226628,0.327433	0.805080,2.299473,0.431923	0.000000,0.000000,0.000000	0.672565,2.226628,0.327433	0
18:32:23	0.672500,2.226597,0.327348	0.804994,2.300072,0.430712	0.000000,0.000000,0.000000	0.672500,2.226597,0.327348	0
18:32:23	0.672551,2.226642,0.327429	0.804991,2.300081,0.430720	0.000000,0.000000,0.000000	0.672551,2.226642,0.327429	0
18:32:23	0.672550,2.226640,0.327437	0.805314,2.300030,0.428770	0.000000,0.000000,0.000000	0.672550,2.226640,0.327437	0
18:32:23	0.672502,2.226600,0.327360	0.805182,2.300653,0.427550	0.000000,0.000000,0.000000	0.672502,2.226600,0.327360	0
18:32:23	0.672547,2.226644,0.327437	0.805143,2.301253,0.426492	0.000000,0.000000,0.000000	0.672547,2.226644,0.327437	0
18:32:24	0.672548,2.226639,0.327431	0.805043,2.301791,0.425391	0.000000,0.000000,0.000000	0.672548,2.226639,0.327431	0
18:32:24	0.672558,2.226633,0.327434	0.804941,2.302330,0.424312	0.000000,0.000000,0.000000	0.672558,2.226633,0.327434	0
18:32:24	0.672555,2.226630,0.327439	0.804843,2.302840,0.423258	0.000000,0.000000,0.000000	0.672555,2.226630,0.327439	0
18:32:24	0.672523,2.226543,0.327439	0.804830,2.302838,0.423259	0.000000,0.000000,0.000000	0.672523,2.226543,0.327439	0
18:32:24	0.672540,2.226633,0.327442	0.804922,2.302126,0.425010	0.000000,0.000000,0.000000	0.672540,2.226633,0.327442	0
18:32:24	0.672552,2.226634,0.327434	0.804917,2.302121,0.425015	0.000000,0.000000,0.000000	0.672552,2.226634,0.327434	0
18:32:24	0.672552,2.226634,0.327434	0.804338,2.303109,0.424554	0.000000,0.000000,0.000000	0.672552,2.226634,0.327434	0
18:32:24	0.672500,2.226594,0.327361	0.804402,2.303156,0.424632	0.000000,0.000000,0.000000	0.672500,2.226594,0.327361	0
18:32:24	0.672505,2.226591,0.327353	0.804201,2.304357,0.421834	0.000000,0.000000,0.000000	0.672554,2.226625,0.327426	0
18:32:24	0.672502,2.226601,0.327359	0.804039,2.304795,0.420740	0.000000,0.000000,0.000000	0.672502,2.226601,0.327359	0
18:32:25	0.672539,2.226638,0.327442	0.804003,2.305301,0.419829	0.000000,0.000000,0.000000	0.672539,2.226638,0.327442	0
18:32:25	0.672555,2.226633,0.327421	0.803473,2.306281,0.419469	0.000000,0.000000,0.000000	0.672555,2.226633,0.327421	0
18:32:25	0.672548,2.226629,0.327437	0.803367,2.306718,0.418495	0.000000,0.000000,0.000000	0.672548,2.226629,0.327437	0
18:32:25	0.672551,2.226636,0.327434	0.802804,2.307628,0.418059	0.000000,0.000000,0.000000	0.672551,2.226636,0.327434	0
18:32:25	0.672550,2.226641,0.327440	0.802848,2.307663,0.418124	0.000000,0.000000,0.000000	0.672550,2.226641,0.327440	0
18:32:25	0.672496,2.226597,0.327355	0.802757,2.308083,0.417181	0.000000,0.000000,0.000000	0.672496,2.226597,0.327355	0
18:32:25	0.672554,2.226630,0.327433	0.802724,2.307996,0.417174	0.000000,0.000000,0.000000	0.672554,2.226630,0.327433	0
18:32:25	0.672559,2.226631,0.327446	0.802645,2.308497,0.416262	0.000000,0.000000,0.000000	0.672559,2.226631,0.327446	0
18:32:25	0.672553,2.226640,0.327428	0.803072,2.307979,0.415697	0.000000,0.000000,0.000000	0.672553,2.226640,0.327428	0
18:32:25	0.672547,2.226640,0.327425	0.803017,2.307942,0.415627	0.000000,0.000000,0.000000	0.672547,2.226640,0.327425	0
18:32:26	0.672560,2.226634,0.327437	0.803493,2.307461,0.415136	0.000000,0.000000,0.000000	0.672560,2.226634,0.327437	0
18:32:26	0.672552,2.226641,0.327435	0.803492,2.307469,0.415140	0.000000,0.000000,0.000000	0.672552,2.226641,0.327435	0
18:32:26	0.672553,2.226632,0.327441	0.804354,2.305956,0.414918	0.000000,0.000000,0.000000	0.672553,2.226632,0.327441	0
18:32:26	0.672563,2.226624,0.327431	0.804390,2.306030,0.414925	0.000000,0.000000,0.000000	0.672563,2.226624,0.327431	0
18:32:26	0.672498,2.226594,0.327351	0.804898,2.305113,0.415265	0.000000,0.000000,0.000000	0.672498,2.226594,0.327351	0
18:32:26	0.672494,2.226591,0.327358	0.804895,2.305113,0.415272	0.000000,0.000000,0.000000	0.672494,2.226591,0.327358	0
18:32:26	0.672522,2.226549,0.327429	0.805398,2.304162,0.415591	0.000000,0.000000,0.000000	0.672522,2.226549,0.327429	0
18:32:26	0.672544,2.226637,0.327444	0.805402,2.304159,0.415585	0.000000,0.000000,0.000000	0.672544,2.226637,0.327444	0
18:32:26	0.672554,2.226641,0.327426	0.805895,2.303212,0.415929	0.000000,0.000000,0.000000	0.672554,2.226641,0.327426	0
18:32:26	0.672556,2.226635,0.327424	0.806374,2.302251,0.416260	0.000000,0.000000,0.000000	0.672556,2.226635,0.327424	0
18:32:27	0.672518,2.226546,0.327428	0.806380,2.302246,0.416253	0.000000,0.000000,0.000000	0.672518,2.226546,0.327428	0
18:32:27	0.672548,2.226641,0.327440	0.807120,2.301352,0.414257	0.000000,0.000000,0.000000	0.672548,2.226641,0.327440	0
18:32:27	0.672549,2.226639,0.327436	0.807172,2.301437,0.414254	0.000000,0.000000,0.000000	0.672549,2.226639,0.327436	0
18:32:27	0.672554,2.226628,0.327434	0.807624,2.300366,0.414570	0.000000,0.000000,0.000000	0.672554,2.226628,0.327434	0
18:32:27	0.672544,2.226633,0.327437	0.807787,2.299946,0.415475	0.000000,0.000000,0.000000	0.672544,2.226633,0.327437	0
18:32:27	0.672520,2.226555,0.327443	0.807728,2.299910,0.415397	0.000000,0.000000,0.000000	0.672520,2.226555,0.327443	0
18:32:27	0.672557,2.226636,0.327431	0.807282,2.300954,0.415157	0.000000,0.000000,0.000000	0.672557,2.226636,0.327431	0
18:32:27	0.672553,2.226633,0.327438	0.807293,2.300956,0.415161	0.000000,0.000000,0.000000	0.672553,2.226633,0.327438	0
18:32:27	0.672560,2.226629,0.327431	0.806794,2.301941,0.414838	0.000000,0.000000,0.000000	0.672560,2.226629,0.327431	0
18:32:27	0.672473,2.226505,0.327349	0.807156,2.301442,0.414251	0.000000,0.000000,0.000000	0.672473,2.226505,0.327349	0
18:32:28	0.672519,2.226539,0.327437	0.806638,2.302311,0.413933	0.000000,0.000000,0.000000	0.672519,2.226539,0.327437	0
18:32:28	0.672553,2.226633,0.327432	0.807031,2.301920,0.413376	0.000000,0.000000,0.000000	0.672553,2.226633,0.327432	0
18:32:28	0.672549,2.226642,0.327437	0.807396,2.301430,0.412830	0.000000,0.000000,0.000000	0.672549,2.226642,0.327437	0
18:32:28	0.672555,2.226646,0.327437	0.807720,2.300866,0.412275	0.000000,0.000000,0.000000	0.672555,2.226646,0.327437	0
18:32:28	0.672556,2.226645,0.327428	0.808093,2.300476,0.411730	0.000000,0.000000,0.000000	0.672556,2.226645,0.327428	0
18:32:28	0.672552,2.226625,0.327424	0.808055,2.300386,0.411725	0.000000,0.000000,0.000000	0.672552,2.226625,0.327424	0
18:32:28	0.672550,2.226641,0.327431	0.808906,2.299038,0.411477	0.000000,0.000000,0.000000	0.672550,2.226641,0.327431	0
18:32:28	0.672514,2.226602,0.327345	0.808908,2.299047,0.411479	0.000000,0.000000,0.000000	0.672514,2.226602,0.327345	0
18:32:28	0.672560,2.226643,0.327437	0.809384,2.298067,0.411755	0.000000,0.000000,0.000000	0.672560,2.226643,0.327437	0
18:32:28	0.672563,2.226634,0.327433	0.809318,2.298037,0.411687	0.000000,0.000000,0.000000	0.672563,2.226634,0.327433	0
18:32:29	0.672544,2.226633,0.327439	0.809789,2.297039,0.411970	0.000000,0.000000,0.000000	0.672544,2.226633,0.327439	0
18:32:29	0.672551,2.226629,0.327437	0.809788,2.297045,0.411960	0.000000,0.000000,0.000000	0.672551,2.226629,0.327437	0
18:32:29	0.672553,2.226630,0.327441	0.810264,2.296015,0.412318	0.000000,0.000000,0.000000	0.672553,2.226630,0.327441	0
18:32:29	0.672548,2.226642,0.327440	0.810301,2.296099,0.412327	0.000000,0.000000,0.000000	0.672548,2.226642,0.327440	0
18:32:29	0.672502,2.226599,0.327360	0.809978,2.296559,0.412896	0.000000,0.000000,0.000000	0.672502,2.226599,0.327360	0
18:32:29	0.672556,2.226640,0.327436	0.809911,2.296533,0.412822	0.000000,0.000000,0.000000	0.672556,2.226640,0.327436	0
18:32:29	0.672504,2.226592,0.327347	0.809973,2.296562,0.412888	0.000000,0.000000,0.000000	0.672504,2.226592,0.327347	0
18:32:29	0.672558,2.226635,0.327432	0.809971,2.296558,0.412901	0.000000,0.000000,0.000000	0.672558,2.226635,0.327432	0
18:32:29	0.672557,2.226637,0.327432	0.810298,2.296097,0.412327	0.000000,0.000000,0.000000	0.672557,2.226637,0.327432	0
18:32:29	0.672557,2.226630,0.327425	0.810292,2.296091,0.412330	0.000000,0.000000,0.000000	0.672557,2.226630,0.327425	0
18:32:30	0.672556,2.226629,0.327425	0.810290,2.296099,0.412323	0.000000,0.000000,0.000000	0.672556,2.226629,0.327425	0
18:32:30	0.672498,2.226604,0.327353	0.810579,2.295555,0.411769	0.000000,0.000000,0.000000	0.672498,2.226604,0.327353	0
18:32:30	0.672492,2.226593,0.327347	0.810604,2.295643,0.411770	0.000000,0.000000,0.000000	0.672492,2.226593,0.327347	0
18:32:30	0.672498,2.226602,0.327355	0.810525,2.295521,0.411692	0.000000,0.000000,0.000000	0.672498,2.226602,0.327355	0
18:32:30	0.672555,2.226633,0.327424	0.810917,2.295194,0.411220	0.000000,0.000000,0.000000	0.672555,2.226633,0.327424	0
18:32:30	0.672495,2.226590,0.327355	0.811353,2.294199,0.411491	0.000000,0.000000,0.000000	0.672495,2.226590,0.327355	0
18:32:30	0.672549,2.226628,0.327434	0.811354,2.294198,0.411488	0.000000,0.000000,0.000000	0.672549,2.226628,0.327434	0
18:32:30	0.672552,2.226636,0.327440	0.811775,2.293102,0.411752	0.000000,0.000000,0.000000	0.672552,2.226636,0.327440	0
18:32:30	0.672548,2.226625,0.327433	0.812240,2.292181,0.412026	0.000000,0.000000,0.000000	0.672548,2.226625,0.327433	0
18:32:30	0.672536,2.226641,0.327445	0.812182,2.292162,0.411957	0.000000,0.000000,0.000000	0.672536,2.226641,0.327445	0
18:32:31	0.672493,2.226599,0.327359	0.812248,2.292185,0.412023	0.000000,0.000000,0.000000	0.672493,2.226599,0.327359	0
18:32:31	0.672548,2.226637,0.327434	0.812248,2.292182,0.412032	0.000000,0.000000,0.000000	0.672548,2.226637,0.327434	0
18:32:31	0.672549,2.226631,0.327430	0.812248,2.292185,0.412026	0.000000,0.000000,0.000000	0.672549,2.226631,0.327430	0
18:32:31	0.672556,2.226631,0.327429	0.812669,2.291157,0.412284	0.000000,0.000000,0.000000	0.672556,2.226631,0.327429	0
18:32:31	0.672546,2.226636,0.327437	0.812677,2.291165,0.412274	0.000000,0.000000,0.000000	0.672546,2.226636,0.327437	0
18:32:31	0.672567,2.226630,0.327430	0.813108,2.290135,0.412545	0.000000,0.000000,0.000000	0.672567,2.226630,0.327430	0
18:32:31	0.672556,2.226638,0.327438	0.813337,2.289676,0.411899	0.000000,0.000000,0.000000	0.672556,2.226638,0.327438	0
18:32:31	0.672544,2.226640,0.327437	0.813390,2.289709,0.411978	0.000000,0.000000,0.000000	0.672544,2.226640,0.327437	0
18:32:31	0.672472,2.226506,0.327359	0.813813,2.288684,0.412232	0.000000,0.000000,0.000000	0.672472,2.226506,0.327359	0
18:32:31	0.672548,2.226631,0.327435	0.814097,2.288805,0.409950	0.000000,0.000000,0.000000	0.672548,2.226631,0.327435	0
18:32:32	0.672539,2.226635,0.327441	0.814095,2.288787,0.409942	0.000000,0.000000,0.000000	0.672539,2.226635,0.327441	0
18:32:32	0.672549,2.226637,0.327428	0.814096,2.288786,0.409947	0.000000,0.000000,0.000000	0.672549,2.226637,0.327428	0
18:32:32	0.672549,2.226639,0.327439	0.814517,2.287750,0.410188	0.000000,0.000000,0.000000	0.672549,2.226639,0.327439	0
18:32:32	0.672520,2.226546,0.327436	0.814512,2.287748,0.410193	0.000000,0.000000,0.000000	0.672520,2.226546,0.327436	0
18:32:32	0.672552,2.226624,0.327425	0.814459,2.287707,0.410114	0.000000,0.000000,0.000000	0.672552,2.226624,0.327425	0
18:32:32	0.672558,2.226635,0.327431	0.814450,2.287712,0.410118	0.000000,0.000000,0.000000	0.672558,2.226635,0.327431	0
18:32:32	0.672553,2.226634,0.327428	0.814521,2.287748,0.410198	0.000000,0.000000,0.000000	0.672553,2.226634,0.327428	0
18:32:32	0.672549,2.226642,0.327433	0.814888,2.286605,0.410424	0.000000,0.000000,0.000000	0.672549,2.226642,0.327433	0
18:32:32	0.672545,2.226635,0.327428	0.814917,2.286687,0.410430	0.000000,0.000000,0.000000	0.672545,2.226635,0.327428	0
18:32:32	0.672501,2.226585,0.327348	0.814891,2.286605,0.410429	0.000000,0.000000,0.000000	0.672501,2.226585,0.327348	0
18:32:33	0.672503,2.226591,0.327351	0.815035,2.285516,0.412976	0.000000,0.000000,0.000000	0.672503,2.226591,0.327351	0
18:32:33	0.672550,2.226629,0.327434	0.815038,2.285512,0.412973	0.000000,0.000000,0.000000	0.672550,2.226629,0.327434	0
18:32:33	0.672557,2.226640,0.327437	0.815333,2.285625,0.410681	0.000000,0.000000,0.000000	0.672557,2.226640,0.327437	0
18:32:33	0.672553,2.226630,0.327431	0.850978,2.300352,0.431913	0.000000,0.000000,0.000000	0.672553,2.226630,0.327431	0
18:32:33	0.672560,2.226631,0.327430	0.850610,2.300205,0.434786	0.000000,0.000000,0.000000	0.672560,2.226631,0.327430	0
18:32:33	0.672543,2.226639,0.327440	0.850615,2.300206,0.434782	0.000000,0.000000,0.000000	0.672543,2.226639,0.327440	0
18:32:33	0.672548,2.226637,0.327428	0.850554,2.299553,0.436901	0.000000,0.000000,0.000000	0.672548,2.226637,0.327428	0
18:32:33	0.672556,2.226621,0.327429	0.850063,2.300870,0.436593	0.000000,0.000000,0.000000	0.672556,2.226621,0.327429	0
18:32:33	0.672556,2.226638,0.327438	0.849979,2.300748,0.436513	0.000000,0.000000,0.000000	0.672556,2.226638,0.327438	0
18:32:33	0.672462,2.226499,0.327345	0.848804,2.301862,0.441876	0.000000,0.000000,0.000000	0.672462,2.226499,0.327345	0
18:32:34	0.672555,2.226634,0.327433	0.848758,2.301819,0.441800	0.000000,0.000000,0.000000	0.672555,2.226634,0.327433	0
18:32:34	0.672548,2.226635,0.327437	0.849135,2.301357,0.441113	0.000000,0.000000,0.000000	0.672548,2.226635,0.327437	0
18:32:34	0.672549,2.226639,0.327435	0.848606,2.301990,0.442776	0.000000,0.000000,0.000000	0.672549,2.226639,0.327435	0
18:32:34	0.672554,2.226625,0.327437	0.848552,2.301942,0.442714	0.000000,0.000000,0.000000	0.672554,2.226625,0.327437	0
18:32:34	0.672550,2.226639,0.327430	0.848178,2.301184,0.447420	0.000000,0.000000,0.000000	0.672550,2.226639,0.327430	0
18:32:34	0.672554,2.226635,0.327435	0.847649,2.301788,0.448970	0.000000,0.000000,0.000000	0.672554,2.226635,0.327435	0
18:32:34	0.672506,2.226596,0.327353	0.847210,2.301583,0.451520	0.000000,0.000000,0.000000	0.672506,2.226596,0.327353	0
18:32:34	0.672549,2.226635,0.327436	0.846379,2.302698,0.453882	0.000000,0.000000,0.000000	0.672549,2.226635,0.327436	0
18:32:34	0.672503,2.226592,0.327346	0.845860,2.303270,0.455321	0.000000,0.000000,0.000000	0.672503,2.226592,0.327346	0
18:32:34	0.672519,2.226548,0.327421	0.845437,2.303009,0.457864	0.000000,0.000000,0.000000	0.672519,2.226548,0.327421	0
18:32:35	0.672552,2.226630,0.327436	0.844961,2.303654,0.459239	0.000000,0.000000,0.000000	0.672552,2.226630,0.327436	0
18:32:35	0.672561,2.226625,0.327425	0.844029,2.304628,0.461310	0.000000,0.000000,0.000000	0.672561,2.226625,0.327425	0
18:32:35	0.672517,2.226544,0.327432	0.844452,2.304208,0.460586	0.000000,0.000000,0.000000	0.672517,2.226544,0.327432	0
18:32:35	0.672545,2.226633,0.327427	0.844414,2.303562,0.462251	0.000000,0.000000,0.000000	0.672545,2.226633,0.327427	0
18:32:35	0.672556,2.226625,0.327431	0.843959,2.304736,0.461881	0.000000,0.000000,0.000000	0.672556,2.226625,0.327431	0
18:32:35	0.672556,2.226636,0.327433	0.843566,2.304551,0.464318	0.000000,0.000000,0.000000	0.672556,2.226636,0.327433	0
18:32:35	0.672503,2.226595,0.327349	0.843469,2.305258,0.463165	0.000000,0.000000,0.000000	0.672503,2.226595,0.327349	0
18:32:35	0.672558,2.226638,0.327422	0.843469,2.305256,0.463150	0.000000,0.000000,0.000000	0.672558,2.226638,0.327422	0
18:32:35	0.672495,2.226600,0.327356	0.842987,2.305761,0.464402	0.000000,0.000000,0.000000	0.672495,2.226600,0.327356	0
18:32:35	0.672561,2.226633,0.327431	0.843355,2.305309,0.463617	0.000000,0.000000,0.000000	0.672561,2.226633,0.327431	0
18:32:36	0.672495,2.226590,0.327361	0.843350,2.305302,0.463618	0.000000,0.000000,0.000000	0.672495,2.226590,0.327361	0
18:32:36	0.672553,2.226643,0.327433	0.843663,2.304815,0.462766	0.000000,0.000000,0.000000	0.672553,2.226643,0.327433	0
18:32:36	0.672542,2.226644,0.327440	0.843564,2.305498,0.461652	0.000000,0.000000,0.000000	0.672542,2.226644,0.327440	0
18:32:36	0.672528,2.226544,0.327432	0.843184,2.305327,0.463994	0.000000,0.000000,0.000000	0.672528,2.226544,0.327432	0
18:32:36	0.672551,2.226639,0.327430	0.843593,2.304916,0.463292	0.000000,0.000000,0.000000	0.672551,2.226639,0.327430	0
18:32:36	0.672498,2.226599,0.327350	0.843103,2.305987,0.462875	0.000000,0.000000,0.000000	0.672498,2.226599,0.327350	0
18:32:36	0.672557,2.226642,0.327431	0.843419,2.305469,0.462112	0.000000,0.000000,0.000000	0.672557,2.226642,0.327431	0
18:32:36	0.672502,2.226593,0.327346	0.843511,2.305601,0.462190	0.000000,0.000000,0.000000	0.672502,2.226593,0.327346	0
18:32:36	0.672552,2.226626,0.327433	0.843807,2.305104,0.461375	0.000000,0.000000,0.000000	0.672552,2.226626,0.327433	0
18:32:36	0.672554,2.226630,0.327431	0.844195,2.304713,0.460706	0.000000,0.000000,0.000000	0.672554,2.226630,0.327431	0
18:32:37	0.672548,2.226638,0.327437	0.844537,2.304286,0.459974	0.000000,0.000000,0.000000	0.672548,2.226638,0.327437	0
18:32:37	0.672526,2.226556,0.327429	0.844445,2.304948,0.458925	0.000000,0.000000,0.000000	0.672526,2.226556,0.327429	0
18:32:37	0.672497,2.226596,0.327345	0.844440,2.304944,0.458932	0.000000,0.000000,0.000000	0.672497,2.226596,0.327345	0
18:32:37	0.672504,2.226596,0.327345	0.844710,2.304481,0.458135	0.000000,0.000000,0.000000	0.672504,2.226596,0.327345	0
18:32:37	0.672552,2.226635,0.327440	0.844738,2.303941,0.459746	0.000000,0.000000,0.000000	0.672552,2.226635,0.327440	0
18:32:37	0.672554,2.226640,0.327428	0.844996,2.304741,0.456483	0.000000,0.000000,0.000000	0.672554,2.226640,0.327428	0
18:32:37	0.672551,2.226633,0.327432	0.845002,2.304730,0.456482	0.000000,0.000000,0.000000	0.672551,2.226633,0.327432	0
18:32:37	0.672558,2.226628,0.327435	0.845203,2.304943,0.454809	0.000000,0.000000,0.000000	0.672558,2.226628,0.327435	0
18:32:37	0.672551,2.226641,0.327426	0.845155,2.304909,0.454736	0.000000,0.000000,0.000000	0.672551,2.226641,0.327426	0
18:32:37	0.672550,2.226638,0.327426	0.845528,2.304527,0.454135	0.000000,0.000000,0.000000	0.672550,2.226638,0.327426	0
18:32:38	0.672559,2.226635,0.327433	0.845050,2.305536,0.453761	0.000000,0.000000,0.000000	0.672559,2.226635,0.327433	0
18:32:38	0.672553,2.226641,0.327430	0.845797,2.303568,0.454980	0.000000,0.000000,0.000000	0.672553,2.226641,0.327430	0
18:32:38	0.672544,2.226626,0.327430	0.845785,2.303572,0.454989	0.000000,0.000000,0.000000	0.672544,2.226626,0.327430	0
18:32:38	0.672558,2.226632,0.327426	0.846047,2.303129,0.454236	0.000000,0.000000,0.000000	0.672558,2.226632,0.327426	0
18:32:38	0.672555,2.226637,0.327429	0.846775,2.301741,0.453946	0.000000,0.000000,0.000000	0.672555,2.226637,0.327429	0
18:32:38	0.672546,2.226639,0.327442	0.846685,2.302381,0.453004	0.000000,0.000000,0.000000	0.672546,2.226639,0.327442	0
18:32:38	0.672503,2.226589,0.327350	0.846630,2.302336,0.452930	0.000000,0.000000,0.000000	0.672503,2.226589,0.327350	0
18:32:38	0.672549,2.226633,0.327424	0.846582,2.302988,0.452078	0.000000,0.000000,0.000000	0.672549,2.226633,0.327424	0
18:32:38	0.672490,2.226595,0.327352	0.846581,2.303003,0.452072	0.000000,0.000000,0.000000	0.672490,2.226595,0.327352	0
18:32:38	0.672552,2.226636,0.327435	0.845766,2.304467,0.452996	0.000000,0.000000,0.000000	0.672552,2.226636,0.327435	0
18:32:39	0.672548,2.226632,0.327429	0.845370,2.305451,0.452707	0.000000,0.000000,0.000000	0.672548,2.226632,0.327429	0
18:32:39	0.672500,2.226599,0.327351	0.845314,2.305412,0.452631	0.000000,0.000000,0.000000	0.672500,2.226599,0.327351	0
18:32:39	0.672563,2.226633,0.327421	0.845265,2.306037,0.451788	0.000000,0.000000,0.000000	0.672563,2.226633,0.327421	0
18:32:39	0.672504,2.226595,0.327344	0.845157,2.306613,0.450883	0.000000,0.000000,0.000000	0.672504,2.226595,0.327344	0
18:32:39	0.672558,2.226632,0.327427	0.845170,2.306605,0.450882	0.000000,0.000000,0.000000	0.672558,2.226632,0.327427	0
18:32:39	0.672544,2.226643,0.327431	0.845165,2.306601,0.450891	0.000000,0.000000,0.000000	0.672544,2.226643,0.327431	0
18:32:39	0.672556,2.226634,0.327423	0.844682,2.307432,0.450528	0.000000,0.000000,0.000000	0.672556,2.226634,0.327423	0
18:32:39	0.672499,2.226598,0.327351	0.844669,2.308118,0.449712	0.000000,0.000000,0.000000	0.672499,2.226598,0.327351	0
18:32:39	0.672528,2.226549,0.327425	0.844255,2.309064,0.449443	0.000000,0.000000,0.000000	0.672528,2.226549,0.327425	0
18:32:39	0.672551,2.226629,0.327424	0.844208,2.309027,0.449362	0.000000,0.000000,0.000000	0.672551,2.226629,0.327424	0
18:32:40	0.672553,2.226634,0.327422	0.844154,2.309598,0.448567	0.000000,0.000000,0.000000	0.672553,2.226634,0.327422	0
18:32:40	0.672556,2.226625,0.327420	0.844173,2.309594,0.448562	0.000000,0.000000,0.000000	0.672556,2.226625,0.327420	0
18:32:40	0.672558,2.226645,0.327429	0.843655,2.311037,0.447416	0.000000,0.000000,0.000000	0.672558,2.226645,0.327429	0
18:32:40	0.672562,2.226624,0.327425	0.843654,2.311045,0.447417	0.000000,0.000000,0.000000	0.672562,2.226624,0.327425	0
18:32:40	0.672552,2.226634,0.327432	0.843943,2.310648,0.446847	0.000000,0.000000,0.000000	0.672552,2.226634,0.327432	0
18:32:40	0.672518,2.226538,0.327438	0.843504,2.311511,0.446488	0.000000,0.000000,0.000000	0.672518,2.226538,0.327438	0
18:32:40	0.672520,2.226541,0.327431	0.843556,2.311559,0.446564	0.000000,0.000000,0.000000	0.672520,2.226541,0.327431	0
18:32:40	0.672507,2.226596,0.327350	0.843265,2.311413,0.448571	0.000000,0.000000,0.000000	0.672507,2.226596,0.327350	0
18:32:40	0.672553,2.226632,0.327429	0.843214,2.311370,0.448504	0.000000,0.000000,0.000000	0.672553,2.226632,0.327429	0
18:32:40	0.672479,2.226492,0.327349	0.842866,2.312319,0.448294	0.000000,0.000000,0.000000	0.672479,2.226492,0.327349	0
18:32:41	0.672549,2.226634,0.327436	0.842558,2.312725,0.448868	0.000000,0.000000,0.000000	0.672549,2.226634,0.327436	0
18:32:41	0.672550,2.226642,0.327424	0.842120,2.313542,0.448577	0.000000,0.000000,0.000000	0.672550,2.226642,0.327424	0
18:32:41	0.672507,2.226588,0.327341	0.841875,2.313487,0.450584	0.000000,0.000000,0.000000	0.672507,2.226588,0.327341	0
18:32:41	0.672503,2.226602,0.327344	0.841409,2.314332,0.450201	0.000000,0.000000,0.000000	0.672503,2.226602,0.327344	0
18:32:41	0.672526,2.226544,0.327418	0.841464,2.314358,0.450280	0.000000,0.000000,0.000000	0.672526,2.226544,0.327418	0
18:32:41	0.672475,2.226506,0.327352	0.841325,2.314805,0.449348	0.000000,0.000000,0.000000	0.672475,2.226506,0.327352	0
18:32:41	0.672552,2.226640,0.327434	0.841365,2.314851,0.449422	0.000000,0.000000,0.000000	0.672552,2.226640,0.327434	0
18:32:41	0.672498,2.226599,0.327355	0.840963,2.315725,0.449123	0.000000,0.000000,0.000000	0.672498,2.226599,0.327355	0
18:32:41	0.672555,2.226626,0.327426	0.841518,2.316012,0.445136	0.000000,0.000000,0.000000	0.672555,2.226626,0.327426	0
18:32:41	0.672565,2.226627,0.327425	0.841999,2.316263,0.441045	0.000000,0.000000,0.000000	0.672565,2.226627,0.327425	0
18:32:42	0.672476,2.226500,0.327342	0.842506,2.316542,0.436993	0.000000,0.000000,0.000000	0.672476,2.226500,0.327342	0
18:32:42	0.672562,2.226630,0.327428	0.842967,2.317377,0.431336	0.000000,0.000000,0.000000	0.672562,2.226630,0.327428	0
18:32:42	0.672512,2.226598,0.327351	0.843218,2.319240,0.423257	0.000000,0.000000,0.000000	0.672512,2.226598,0.327351	0
18:32:42	0.672497,2.226597,0.327339	0.843145,2.320930,0.417089	0.000000,0.000000,0.000000	0.672497,2.226597,0.327339	0
18:32:42	0.672558,2.226628,0.327429	0.842208,2.324416,0.408112	0.000000,0.000000,0.000000	0.672558,2.226628,0.327429	0
18:32:42	0.672497,2.226596,0.327351	0.840758,2.328740,0.398995	0.000000,0.000000,0.000000	0.672497,2.226596,0.327351	0
