# Flight Log 
# 25 08 17 - 18:29:08
Time		X,Y,Z				goalX,goalY,goalZ		ddx,ddy,ddz			angularx,angulary,angularz	battery
18:29:08	0.000000,0.000000,0.000000	0.000000,0.000000,0.000000	0.000000,0.000000,0.000000	0.000000,0.000000,0.000000	0
18:29:08	0.000000,0.000000,0.000000	0.000000,0.000000,0.000000	0.000000,0.000000,0.000000	0.000000,0.000000,0.000000	0
18:29:08	0.687431,0.825208,0.409902	0.739563,0.880909,0.378128	-0.126936,0.148491,10.327324	0.687431,0.825208,0.409902	3.70557188988
18:29:08	0.687416,0.825206,0.409925	0.739541,0.880887,0.378443	-0.126936,0.146096,10.310559	0.687416,0.825206,0.409925	3.70557188988
18:29:09	0.687414,0.825154,0.409935	0.739554,0.880911,0.378159	-0.126936,0.155676,10.322534	0.687414,0.825154,0.409935	3.70557188988
18:29:09	0.687409,0.825156,0.409928	0.739556,0.880859,0.378385	-0.122146,0.141306,10.332114	0.687409,0.825156,0.409928	3.70557188988
18:29:09	0.687448,0.825179,0.409787	0.739528,0.880895,0.378444	-0.122146,0.143701,10.317744	0.687448,0.825179,0.409787	3.70557188988
18:29:09	0.687393,0.825135,0.409917	0.739541,0.880895,0.378406	-0.124541,0.141306,10.317744	0.687393,0.825135,0.409917	3.70557188988
18:29:09	0.687460,0.825229,0.409796	0.739524,0.880863,0.378448	-0.122146,0.148491,10.312954	0.687460,0.825229,0.409796	3.70557188988
18:29:09	0.687425,0.825179,0.409799	0.739542,0.880893,0.378388	-0.119751,0.143701,10.315349	0.687425,0.825179,0.409799	3.70557188988
18:29:09	0.687409,0.825147,0.409926	0.739515,0.880894,0.378513	-0.126936,0.143701,10.327324	0.687409,0.825147,0.409926	3.70557188988
18:29:09	0.687424,0.825204,0.409923	0.739559,0.880904,0.378157	-0.126936,0.150886,10.315349	0.687424,0.825204,0.409923	3.70557188988
18:29:09	0.687410,0.825160,0.409935	0.739563,0.880904,0.378146	-0.131726,0.146096,10.327324	0.687410,0.825160,0.409935	3.70557188988
18:29:09	0.687391,0.825156,0.409938	0.739565,0.880904,0.378126	-0.131726,0.153281,10.327324	0.687391,0.825156,0.409938	3.70557188988
18:29:10	0.687327,0.825237,0.409868	0.739580,0.880902,0.378175	-0.124541,0.148491,10.320139	0.687327,0.825237,0.409868	3.63695025444
18:29:10	0.687352,0.825203,0.409824	0.739493,0.880866,0.378576	-0.146096,0.150886,10.322534	0.687352,0.825203,0.409824	3.6316716671
18:29:10	0.687381,0.825181,0.409816	0.739590,0.880852,0.378229	-0.203577,0.158071,10.296189	0.687381,0.825181,0.409816	3.62639307976
18:29:10	0.687375,0.825155,0.409876	0.739590,0.880901,0.378157	-0.146096,0.129331,10.358459	0.687375,0.825155,0.409876	3.61583590508
18:29:10	0.687435,0.825254,0.409776	0.739597,0.880897,0.378183	-0.148491,0.153281,10.317744	0.687435,0.825254,0.409776	3.61055731773
18:29:10	0.687350,0.825155,0.409912	0.739561,0.880894,0.378516	-0.098196,0.205972,10.174043	0.687350,0.825155,0.409912	3.60527873039
18:29:10	0.687430,0.825113,0.409667	0.739572,0.880868,0.378230	-0.138911,0.134121,10.320139	0.687430,0.825113,0.409667	3.60000014305
18:29:10	0.687380,0.825148,0.409865	0.739577,0.880907,0.378249	-0.150886,0.071851,10.300979	0.687380,0.825148,0.409865	3.58944296837
18:29:10	0.687289,0.825218,0.409852	0.739553,0.880943,0.378649	-0.196392,0.110171,10.293794	0.687289,0.825218,0.409852	3.58416438103
18:29:10	0.687390,0.825160,0.409921	0.739554,0.880952,0.378506	-0.086221,0.035925,10.265054	0.687390,0.825160,0.409921	3.57888579369
18:29:11	0.687439,0.825182,0.409765	0.739573,0.880912,0.378275	-0.076641,0.138911,10.394385	0.687439,0.825182,0.409765	3.568328619
18:29:11	0.687400,0.825107,0.409766	0.739524,0.880877,0.378374	-0.126936,0.170046,10.380015	0.687400,0.825107,0.409766	3.56305003166
18:29:11	0.687337,0.825349,0.409905	0.739586,0.880807,0.378273	-0.148491,0.100591,10.231523	0.687337,0.825349,0.409905	3.55249285698
18:29:11	0.687681,0.825365,0.409796	0.739426,0.880851,0.378303	-0.172441,0.093406,10.279424	0.687681,0.825365,0.409796	3.54721426964
18:29:11	0.687712,0.825171,0.409845	0.739344,0.880946,0.442557	-0.079036,0.301772,10.384805	0.687712,0.825171,0.409845	3.53665685654
18:29:11	0.687737,0.824944,0.409737	0.739353,0.881003,0.378629	-0.095801,0.064666,10.413545	0.687737,0.824944,0.409737	3.5313782692
18:29:11	0.687684,0.824954,0.409719	0.739369,0.880995,0.378812	-0.158071,0.086221,10.269844	0.687684,0.824954,0.409719	3.52082109451
18:29:11	0.687695,0.824834,0.409645	0.739386,0.881090,0.378596	-0.141306,0.107776,10.324929	0.687695,0.824834,0.409645	3.51554250717
18:29:11	0.687421,0.824698,0.409730	0.739521,0.881123,0.378779	-0.067061,0.153281,10.111772	0.687421,0.824698,0.409730	3.50498533249
18:29:11	0.687459,0.823964,0.410100	0.739497,0.881599,0.377929	-0.174836,0.376018,10.346484	0.687459,0.823964,0.410100	3.49442815781
18:29:12	0.687647,0.823761,0.410099	0.739478,0.881788,0.441709	-0.011975,0.119751,10.494976	0.687647,0.823761,0.410099	3.49442815781
18:29:12	0.689184,0.824539,0.409398	0.738814,0.881285,0.442256	-0.239502,0.165256,10.420730	0.689184,0.824539,0.409398	3.47859239578
18:29:12	0.689497,0.824645,0.409328	0.738126,0.881311,0.380378	-0.244292,0.083826,9.903406	0.689497,0.824645,0.409328	3.4680352211
18:29:12	0.689607,0.824934,0.409664	0.738291,0.881069,0.378662	-0.067061,0.268242,10.221943	0.689607,0.824934,0.409664	3.45747804642
18:29:12	0.689532,0.825679,0.409677	0.738285,0.880666,0.378598	-0.220342,0.253872,10.130933	0.689532,0.825679,0.409677	3.45219945908
18:29:12	0.690640,0.825293,0.409324	0.737732,0.880724,0.379596	-0.246687,-0.079036,10.102192	0.690640,0.825293,0.409324	3.44164228439
18:29:12	0.692165,0.824617,0.409727	0.768680,0.881171,0.378876	-0.531694,0.193997,10.368040	0.692165,0.824617,0.409727	3.43108510971
18:29:12	0.693341,0.823485,0.409439	0.768558,0.881824,0.377498	-0.081431,0.414338,10.751243	0.693341,0.823485,0.409439	3.42580652237
18:29:12	0.695749,0.821885,0.409457	0.767068,0.882721,0.378207	-0.687371,0.469424,10.104587	0.695749,0.821885,0.409457	3.41524934769
18:29:12	0.697433,0.820503,0.410016	0.765738,0.883568,0.378265	-0.177231,0.031135,10.327324	0.697433,0.820503,0.410016	3.39941358566
18:29:13	0.698857,0.818787,0.410143	0.764807,0.884527,0.377593	0.114961,0.500559,11.064990	0.698857,0.818787,0.410143	3.38885641098
18:29:13	0.701104,0.817589,0.409797	0.763393,0.885516,0.442332	-0.105381,0.258662,10.152488	0.701104,0.817589,0.409797	3.3782992363
18:29:13	0.702695,0.817710,0.410090	0.762534,0.885324,0.377947	-0.268242,-0.517324,10.073452	0.702695,0.817710,0.410090	3.36246347427
18:29:13	0.705443,0.817515,0.409814	0.760952,0.885480,0.443086	-0.091011,0.249082,10.260264	0.705443,0.817515,0.409814	3.35190629959
18:29:13	0.708663,0.817543,0.409428	0.759014,0.885474,0.379731	0.067061,1.010698,10.437495	0.708663,0.817543,0.409428	3.34134912491
18:29:13	0.713134,0.818093,0.408865	0.756792,0.885219,0.379381	-0.170046,0.383203,10.257869	0.713134,0.818093,0.408865	3.32551336288
18:29:13	0.717869,0.819571,0.409201	0.785860,0.884397,0.379419	-0.031135,0.445474,10.384805	0.717869,0.819571,0.409201	3.3149561882
18:29:13	0.724537,0.821448,0.409986	0.782109,0.883354,0.378187	0.452659,0.347278,10.344089	0.724537,0.821448,0.409986	3.30439901352
18:29:13	0.732344,0.823726,0.413156	0.777238,0.882115,0.373640	0.383203,-0.033530,10.243499	0.732344,0.823726,0.413156	3.2885632515
18:29:13	0.739038,0.829325,0.418506	0.805269,0.879090,0.425290	0.203577,0.692161,10.885364	0.739038,0.829325,0.418506	3.27800607681
18:29:14	0.744534,0.839021,0.429278	0.802001,0.873707,0.404940	0.519719,0.131726,10.260264	0.744534,0.839021,0.429278	3.2252202034
18:29:14	0.751921,0.855184,0.444049	0.797529,0.896827,0.372492	-0.258662,1.250200,11.132051	0.751921,0.855184,0.444049	3.25161314011
18:29:14	0.765682,0.878691,0.452197	0.822521,0.915414,0.414158	0.543669,0.296982,9.022039	0.765682,0.878691,0.452197	3.25161314011
18:29:14	0.787926,0.910225,0.453007	0.809895,0.929297,0.475076	0.265847,0.390388,9.958491	0.787926,0.910225,0.453007	3.25689172745
18:29:14	0.818858,0.948521,0.446863	0.823869,0.938862,0.485630	0.476609,0.217947,9.560918	0.818858,0.948521,0.446863	3.24633455276
18:29:14	0.848963,0.989386,0.434927	0.869401,0.978407,0.446646	0.182021,0.287402,9.503438	0.848963,0.989386,0.434927	3.20938444138
18:29:14	0.873087,1.027286,0.418859	0.886305,1.019274,0.479020	0.229922,0.079036,9.709409	0.873087,1.027286,0.418859	3.2252202034
18:29:14	0.889978,1.061457,0.394752	0.939086,1.062314,0.467753	-0.433499,0.158071,10.169253	0.889978,1.061457,0.394752	3.2041053772
18:29:14	0.898593,1.088968,0.367214	0.933242,1.109053,0.461663	-0.136516,0.761616,10.178833	0.898593,1.088968,0.367214	3.2041053772
18:29:14	0.899167,1.109539,0.337061	0.964448,1.128153,0.462955	-0.519719,0.747246,10.174043	0.899167,1.109539,0.337061	3.2041053772
18:29:15	0.897190,1.127800,0.307330	0.965303,1.149166,0.466553	0.177231,0.704136,10.066267	0.897190,1.127800,0.307330	3.18826961517
18:29:15	0.900275,1.148625,0.278525	0.964684,1.169029,0.528282	0.234712,0.479004,10.243499	0.900275,1.148625,0.278525	3.19882678986
18:29:15	0.908448,1.173410,0.254493	0.959880,1.186659,0.456280	0.210762,2.430945,10.746453	0.908448,1.173410,0.254493	3.19882678986
18:29:15	0.919821,1.202130,0.231213	0.953071,1.233709,0.442659	0.280217,1.468147,9.740544	0.919821,1.202130,0.231213	3.18826961517
18:29:15	0.933830,1.232940,0.202208	0.977012,1.247368,0.440869	-0.222737,0.342488,10.267449	0.933830,1.232940,0.202208	3.19882678986
18:29:15	0.947215,1.264928,0.173157	1.001035,1.292324,0.376428	0.062271,1.264570,10.619517	0.947215,1.264928,0.173157	3.19882678986
18:29:15	0.961842,1.298468,0.141439	0.992742,1.304258,0.378520	0.143701,0.711321,9.989626	0.961842,1.298468,0.141439	3.18299102783
18:29:15	0.973960,1.331824,0.108733	1.016403,1.348230,0.326401	-0.225132,0.802332,10.437495	0.973960,1.331824,0.108733	3.18299102783
18:29:15	0.983391,1.365505,0.076076	1.042445,1.360003,0.333364	0.033530,0.675396,10.085427	0.983391,1.365505,0.076076	3.2041053772
18:29:15	0.991133,1.399949,0.043807	1.037794,1.403390,0.278404	0.268242,0.208367,10.353669	0.991133,1.399949,0.043807	3.18299102783
18:29:16	0.999799,1.435486,0.015717	1.065043,1.446291,0.211124	0.141306,-0.016765,10.459050	0.999799,1.435486,0.015717	3.18299102783
18:29:16	1.009633,1.471872,-0.013568	1.059199,1.456491,0.210327	-0.122146,0.428708,10.253079	1.009633,1.471872,-0.013568	3.19354820251
18:29:16	1.017619,1.502332,-0.037293	1.053429,1.466601,0.146044	0.467029,0.385598,11.263777	1.017619,1.502332,-0.037293	3.16715526581
18:29:16	1.028298,1.544911,-0.059854	1.128887,1.560973,0.185464	-0.071851,0.352068,11.237432	1.028298,1.544911,-0.059854	3.18826961517
18:29:16	1.034765,1.579214,-0.064620	1.134955,1.590310,0.180442	0.443079,1.029858,11.187136	1.034765,1.579214,-0.064620	3.18299102783
18:29:16	1.041592,1.614261,-0.052556	1.141756,1.619552,0.190796	0.304167,1.951941,11.378738	1.041592,1.614261,-0.052556	3.20938444138
18:29:16	1.053141,1.653265,-0.030875	1.153090,1.651868,0.210557	0.186812,0.893342,11.376343	1.053141,1.653265,-0.030875	3.15131950378
18:29:16	1.071917,1.698220,-0.004052	1.171242,1.688527,0.236570	0.634680,0.196392,10.449470	1.071917,1.698220,-0.004052	3.21466302872
18:29:16	1.095944,1.750757,0.021590	1.194128,1.730882,0.262163	0.074246,-0.098196,11.019485	1.095944,1.750757,0.021590	3.2252202034
18:29:16	1.122535,1.808605,0.045194	1.219098,1.777313,0.285465	0.028740,0.009580,10.281819	1.122535,1.808605,0.045194	3.2252202034
18:29:17	1.149578,1.868829,0.064098	1.243895,1.825784,0.304451	-0.665815,0.586780,9.762100	1.149578,1.868829,0.064098	3.20938444138
18:29:17	1.173488,1.927170,0.078899	1.265359,1.873201,0.317259	-0.102986,0.730481,10.253079	1.173488,1.927170,0.078899	3.19882678986
18:29:17	1.191513,1.982231,0.091817	1.281295,1.918059,0.326922	-0.179626,0.407153,10.001602	1.191513,1.982231,0.091817	3.2041053772
18:29:17	1.201854,2.035495,0.101280	1.290137,1.962050,0.331356	0.251477,-0.644260,10.298584	1.201854,2.035495,0.101280	3.19882678986
18:29:17	1.205226,2.085547,0.110289	1.390917,2.006567,0.070745	0.174836,0.684976,10.138118	1.205226,2.085547,0.110289	3.18826961517
18:29:17	1.207124,2.131003,0.109529	1.395976,2.062639,0.070836	-0.234712,0.311353,8.090376	1.207124,2.131003,0.109529	3.62639307976
18:29:17	1.212917,2.169792,0.086362	1.402770,2.111908,0.037632	-0.124541,0.718506,9.314231	1.212917,2.169792,0.086362	3.16187667847
18:29:17	1.224024,2.204426,0.057942	1.298699,2.111554,0.283508	0.129331,-0.213157,9.680669	1.224024,2.204426,0.057942	3.18299102783
18:29:17	1.239811,2.242715,0.026370	1.308568,2.146021,0.253963	0.378413,0.756826,10.423125	1.239811,2.242715,0.026370	3.14604091644
18:29:17	1.259060,2.285077,0.001269	1.321990,2.184531,0.228311	-0.445474,0.316143,11.175161	1.259060,2.285077,0.001269	3.13548374176
18:29:18	1.281108,2.328207,-0.016570	1.338361,2.223660,0.208792	0.110171,0.519719,10.859019	1.281108,2.328207,-0.016570	3.15659809113
18:29:18	1.307060,2.371562,-0.027626	1.358448,2.263129,0.194685	0.232317,-0.158071,11.232642	1.307060,2.371562,-0.027626	3.16715526581
18:29:18	1.334145,2.414254,-0.030236	1.380614,2.301577,0.187545	-0.184417,0.107776,10.818303	1.334145,2.414254,-0.030236	3.17771244049
18:29:18	1.359951,2.455969,-0.025665	1.402181,2.339093,0.186441	0.023950,0.603545,10.487791	1.359951,2.455969,-0.025665	3.17771244049
18:29:18	1.384075,2.497852,-0.014280	1.422418,2.376651,0.190961	-0.119751,0.435894,10.662627	1.384075,2.497852,-0.014280	3.18299102783
18:29:18	1.405720,2.539394,0.001493	1.441051,2.413914,0.199315	0.107776,0.057480,10.811118	1.405720,2.539394,0.001493	3.18299102783
18:29:18	1.422977,2.580352,0.019374	1.456087,2.450982,0.209274	-0.126936,-0.050295,10.691367	1.422977,2.580352,0.019374	3.18826961517
18:29:18	1.435638,2.621271,0.037309	1.467042,2.488214,0.219657	0.895737,1.334026,10.174043	1.435638,2.621271,0.037309	3.18826961517
18:29:18	1.443759,2.661590,0.054832	1.474258,2.525478,0.229301	-0.016765,0.581990,10.360854	1.443759,2.661590,0.054832	3.18299102783
18:29:18	1.446688,2.700291,0.072148	1.477045,2.561677,0.238998	0.469424,0.344883,10.142908	1.446688,2.700291,0.072148	3.18826961517
18:29:19	1.445534,2.736681,0.088649	1.477045,2.561677,0.238998	0.193997,-0.016765,10.269844	1.445534,2.736681,0.088649	3.18299102783
18:29:19	1.441931,2.771214,0.104744	1.472462,2.628999,0.257616	-0.117356,0.332908,10.597961	1.441931,2.771214,0.104744	3.17771244049
18:29:19	1.436961,2.803771,0.119851	1.467622,2.660230,0.266541	0.237107,0.031135,10.746453	1.436961,2.803771,0.119851	3.18299102783
18:29:19	1.433261,2.832641,0.134735	1.467622,2.660230,0.266541	1.422642,5.175637,10.312954	1.433261,2.832641,0.134735	3.14604091644
18:29:19	1.430985,2.857579,0.150401	1.461183,2.712223,0.285652	0.617915,0.641865,10.418335	1.430985,2.857579,0.150401	3.18299102783
18:29:19	1.428722,2.881046,0.164723	1.459165,2.734373,0.294865	0.110171,1.609453,10.672207	1.428722,2.881046,0.164723	3.16715526581
18:29:19	1.426236,2.904329,0.179092	1.480039,2.835703,0.315629	0.021555,0.395178,10.444680	1.426236,2.904329,0.179092	3.15131950378
18:29:19	1.423465,2.928177,0.195790	1.481678,2.821476,0.280541	0.344883,-0.124541,10.629097	1.423465,2.928177,0.195790	3.06158351898
18:29:19	1.420997,2.950564,0.211039	1.483402,2.837662,0.303714	0.373623,-0.486189,9.695039	1.420997,2.950564,0.211039	3.2252202034
18:29:19	1.418982,2.980594,0.223081	1.484611,2.883644,0.341222	0.483794,-0.131726,10.027947	1.418982,2.980594,0.223081	3.10909080505
18:29:20	1.420676,3.015680,0.241259	1.484019,2.897518,0.307594	0.479004,0.649050,10.530901	1.420676,3.015680,0.241259	3.16187667847
18:29:20	1.426484,3.044253,0.258462	1.480900,2.944169,0.333278	0.237107,0.675396,10.430310	1.426484,3.044253,0.258462	3.16187667847
18:29:20	1.435248,3.069692,0.276044	1.475817,2.960525,0.359812	0.213157,2.110012,10.602751	1.435248,3.069692,0.276044	3.12492656708
18:29:20	1.446430,3.090128,0.296789	1.501334,2.979732,0.378914	-0.306563,0.476609,10.427915	1.446430,3.090128,0.296789	3.17243385315
18:29:20	1.458036,3.107123,0.320193	1.494279,3.001315,0.393101	0.361648,0.761616,10.626702	1.458036,3.107123,0.320193	3.17243385315
18:29:20	1.470727,3.122137,0.346989	1.518864,3.024214,0.398336	0.426313,0.936453,10.605146	1.470727,3.122137,0.346989	3.16715526581
18:29:20	1.481280,3.134525,0.368079	1.518864,3.024214,0.398336	0.102986,-0.361648,10.382410	1.481280,3.134525,0.368079	3.18299102783
18:29:20	1.494224,3.152269,0.395515	1.554344,3.006820,0.465537	0.107776,-0.280217,9.972861	1.494224,3.152269,0.395515	3.14604091644
18:29:20	1.503374,3.168809,0.418345	1.568102,3.025311,0.491601	-0.680186,2.450105,10.631492	1.503374,3.168809,0.418345	3.13020515442
18:29:20	1.511231,3.187305,0.441813	1.578357,3.044763,0.515188	0.361648,0.356858,10.528506	1.511231,3.187305,0.441813	3.16715526581
18:29:21	1.520828,3.205630,0.466492	1.588395,3.063632,0.538749	-0.009580,0.170046,10.612332	1.520828,3.205630,0.466492	3.17771244049
18:29:21	1.533299,3.221190,0.491185	1.600297,3.079831,0.563255	-0.208367,0.462239,10.176438	1.533299,3.221190,0.491185	3.13548374176
18:29:21	1.547769,3.233646,0.517789	1.614497,3.092452,0.589126	0.186812,0.210762,10.574011	1.547769,3.233646,0.517789	3.17771244049
18:29:21	1.564408,3.243268,0.545273	1.631569,3.100114,0.591452	-0.186812,0.625100,10.729688	1.564408,3.243268,0.545273	3.15659809113
18:29:21	1.583049,3.250634,0.572225	1.647078,3.106111,0.611959	0.179626,0.136516,10.183623	1.583049,3.250634,0.572225	3.17771244049
18:29:21	1.603837,3.255365,0.598383	1.662005,3.107867,0.622365	0.205972,1.039438,10.145303	1.603837,3.255365,0.598383	3.05630493164
18:29:21	1.628789,3.258045,0.626256	1.679549,3.107463,0.633218	0.055085,0.165256,10.032737	1.628789,3.258045,0.626256	3.18299102783
18:29:21	1.658313,3.259154,0.651860	1.700010,3.106238,0.642789	0.325723,-0.179626,10.511741	1.658313,3.259154,0.651860	3.15659809113
18:29:21	1.690170,3.257863,0.676207	1.726694,3.104071,0.652328	-0.009580,0.524509,9.948911	1.690170,3.257863,0.676207	3.18299102783
18:29:21	1.722560,3.253957,0.698319	1.749519,3.099060,0.660290	-0.237107,0.239502,10.267449	1.722560,3.253957,0.698319	3.17771244049
18:29:22	1.753603,3.248180,0.717752	1.771433,3.092803,0.666863	-0.067061,0.107776,10.308164	1.753603,3.248180,0.717752	3.16715526581
18:29:22	1.781216,3.240815,0.735042	1.790405,3.085275,0.674606	0.004790,0.366438,9.848320	1.781216,3.240815,0.735042	3.17771244049
18:29:22	1.803909,3.231775,0.750197	1.806616,3.077240,0.679565	0.035925,0.747246,10.389595	1.803909,3.231775,0.750197	3.17243385315
18:29:22	1.820906,3.221902,0.763177	1.818957,3.068086,0.686320	0.304167,-0.052690,10.212363	1.820906,3.221902,0.763177	3.16715526581
18:29:22	1.831742,3.211117,0.774207	1.827048,3.058645,0.689488	0.057480,0.816702,10.260264	1.831742,3.211117,0.774207	3.17243385315
18:29:22	1.836870,3.199698,0.783764	1.831170,3.048239,0.691656	0.119751,0.299377,10.231523	1.836870,3.199698,0.783764	3.17243385315
18:29:22	1.837536,3.187372,0.791728	1.838458,3.034874,0.708047	0.486189,0.857417,10.296189	1.837536,3.187372,0.791728	3.17243385315
18:29:22	1.834026,3.175435,0.798155	1.836500,3.023093,0.712118	0.170046,-0.122146,10.595566	1.834026,3.175435,0.798155	3.17243385315
18:29:22	1.826755,3.165050,0.802519	1.831941,3.013004,0.712352	0.938848,-0.047900,10.116563	1.826755,3.165050,0.802519	3.15131950378
18:29:22	1.817555,3.156151,0.805371	1.825624,3.004035,0.715559	0.507744,0.126936,10.509346	1.817555,3.156151,0.805371	3.16715526581
18:29:23	1.807683,3.148187,0.807317	1.819034,2.996412,0.715179	-0.076641,-0.210762,10.169253	1.807683,3.148187,0.807317	3.15659809113
18:29:23	1.798142,3.141010,0.808864	1.812493,2.989653,0.714620	0.251477,0.026345,10.612332	1.798142,3.141010,0.808864	3.16715526581
18:29:23	1.789908,3.134373,0.808845	1.806894,2.983320,0.713682	0.296982,0.821492,10.322534	1.789908,3.134373,0.808845	3.17243385315
18:29:23	1.783426,3.129011,0.807698	1.801339,2.977325,0.715788	0.373623,0.131726,10.365645	1.783426,3.129011,0.807698	3.17243385315
18:29:23	1.778602,3.122242,0.805370	1.798137,2.971344,0.713999	0.229922,1.825005,10.166858	1.778602,3.122242,0.805370	3.15131950378
18:29:23	1.775754,3.116645,0.802366	1.798137,2.971344,0.713999	-0.028740,0.847837,9.697434	1.775754,3.116645,0.802366	3.15131950378
18:29:23	1.774520,3.110968,0.797669	1.801256,2.958544,0.724577	0.471819,0.560435,10.169253	1.774520,3.110968,0.797669	3.16715526581
18:29:23	1.773712,3.105235,0.792747	1.800887,2.952713,0.721838	0.414338,0.074246,10.200388	1.773712,3.105235,0.792747	3.08797645569
18:29:23	1.774020,3.099656,0.788252	1.800887,2.952713,0.721838	1.058599,3.530259,10.066267	1.774020,3.099656,0.788252	3.17771244049
18:29:23	1.776293,3.094123,0.782602	1.802115,2.940613,0.718963	0.304167,0.507744,10.238708	1.776293,3.094123,0.782602	3.16187667847
18:29:24	1.779131,3.088645,0.775971	1.804361,2.934692,0.715656	0.593965,0.443079,10.583591	1.779131,3.088645,0.775971	3.16187667847
18:29:24	1.782111,3.083725,0.768416	1.779073,3.013253,0.802547	0.347278,0.428708,9.956096	1.782111,3.083725,0.768416	3.18299102783
18:29:24	1.785853,3.079628,0.761817	1.776921,3.015848,0.818589	-0.083826,0.486189,10.935659	1.785853,3.079628,0.761817	3.07214069366
18:29:24	1.789425,3.078280,0.759188	1.774654,3.017070,0.761336	0.263452,2.615361,10.312954	1.789425,3.078280,0.759188	3.04574775696
18:29:24	1.791097,3.081353,0.755899	1.773256,2.951702,0.766564	-0.088616,0.694556,9.886641	1.791097,3.081353,0.755899	3.37302064896
18:29:24	1.789439,3.087703,0.748161	1.806098,3.012025,0.783014	0.380808,1.156794,9.958491	1.789439,3.087703,0.748161	3.11964797974
18:29:24	1.783756,3.094883,0.742339	1.777018,3.039753,0.733203	0.028740,0.720901,10.432705	1.783756,3.094883,0.742339	3.08269786835
18:29:24	1.775055,3.103103,0.736919	1.782011,2.971068,0.743702	-0.093406,1.104104,10.027947	1.775055,3.103103,0.736919	3.34662771225
18:29:24	1.764967,3.113273,0.726280	1.756059,3.029028,0.702443	0.452659,0.831072,9.795630	1.764967,3.113273,0.726280	3.10909080505
18:29:24	1.755616,3.122129,0.717232	1.762475,2.962335,0.725893	0.306563,0.227527,9.951306	1.755616,3.122129,0.717232	3.32551336288
18:29:25	1.743437,3.131900,0.703510	1.768836,3.049612,0.752110	0.419128,0.495769,11.060200	1.743437,3.131900,0.703510	3.01407623291
18:29:25	1.734542,3.137524,0.696517	1.742415,3.077994,0.706274	0.234712,0.922083,10.547666	1.734542,3.137524,0.696517	3.08269786835
18:29:25	1.727164,3.141142,0.691839	1.715008,3.075645,0.715216	-0.158071,2.315984,9.771680	1.727164,3.141142,0.691839	3.35190629959
18:29:25	1.720850,3.145695,0.682968	1.750871,3.009081,0.733790	0.124541,0.126936,10.403965	1.720850,3.145695,0.682968	3.14604091644
18:29:25	1.715111,3.152020,0.675800	1.722347,3.069503,0.687383	0.481399,1.779500,10.574011	1.715111,3.152020,0.675800	3.06158351898
18:29:25	1.710728,3.159113,0.669829	1.725216,3.097252,0.699314	0.696951,1.599873,10.339299	1.710728,3.159113,0.669829	3.34134912491
18:29:25	1.707342,3.167460,0.662149	1.727300,3.092446,0.716935	0.292192,0.244292,10.140513	1.707342,3.167460,0.662149	3.07214069366
18:29:25	1.704948,3.178661,0.656612	1.728872,3.086045,0.665793	0.062271,0.165256,10.806328	1.704948,3.178661,0.656612	3.08269786835
18:29:25	1.704219,3.192762,0.649754	1.697519,3.109757,0.678014	0.079036,1.393901,9.232800	1.704219,3.192762,0.649754	3.36246347427
18:29:25	1.706431,3.206171,0.634740	1.696378,3.101605,0.709938	0.069456,0.474214,10.329719	1.706431,3.206171,0.634740	3.04574775696
18:29:26	1.709262,3.215736,0.624402	1.696378,3.101605,0.709938	0.390388,0.335303,10.887759	1.709262,3.215736,0.624402	3.07741928101
18:29:26	1.712348,3.225866,0.613400	1.692826,3.089144,0.630626	-0.014370,0.910107,10.372830	1.712348,3.225866,0.613400	3.29912042618
18:29:26	1.715127,3.228777,0.601609	1.691188,3.086803,0.655042	-0.093406,0.213157,10.291399	1.715127,3.228777,0.601609	3.3149561882
18:29:26	1.717046,3.225291,0.589133	1.689868,3.088165,0.619841	0.419128,1.264570,10.595566	1.717046,3.225291,0.589133	3.06686210632
18:29:26	1.717427,3.216024,0.579634	1.689503,3.093299,0.577025	0.548459,0.502954,10.085427	1.717427,3.216024,0.579634	3.25689172745
18:29:26	1.715402,3.202541,0.566554	1.722054,3.045895,0.601820	-0.035925,-0.114961,9.908196	1.715402,3.202541,0.566554	3.33079195023
18:29:26	1.709639,3.187953,0.550543	1.693419,3.109792,0.575020	0.241897,0.481399,10.233918	1.709639,3.187953,0.550543	3.1407623291
18:29:26	1.700539,3.174165,0.534873	1.730674,3.054204,0.609567	0.263452,0.534089,10.032737	1.700539,3.174165,0.534873	3.24105596542
18:29:26	1.689008,3.164432,0.520507	1.737451,3.092471,0.578404	0.713716,0.277822,10.894944	1.689008,3.164432,0.520507	3.01407623291
18:29:26	1.677771,3.161429,0.509772	1.765637,3.045462,0.649405	-0.191602,0.093406,10.554851	1.677771,3.161429,0.509772	3.26217031479
18:29:27	1.670594,3.164309,0.501693	1.749079,3.093997,0.686362	-0.407153,-0.009580,11.038645	1.670594,3.164309,0.501693	3.26217031479
18:29:27	1.668925,3.172839,0.500160	1.718674,3.121361,0.628330	0.634680,0.574805,10.607542	1.668925,3.172839,0.500160	3.02991199493
18:29:27	1.672922,3.185526,0.501738	1.740477,3.064516,0.667634	0.395178,0.150886,10.207573	1.672922,3.185526,0.501738	3.34662771225
18:29:27	1.680220,3.200876,0.501408	1.744618,3.105207,0.625506	-0.198787,0.153281,10.734478	1.680220,3.200876,0.501408	3.02991199493
18:29:27	1.690274,3.215772,0.502834	1.738941,3.095961,0.621932	0.067061,1.068179,10.514136	1.690274,3.215772,0.502834	3.24633455276
18:29:27	1.702800,3.228232,0.502388	1.731622,3.088130,0.622213	0.747246,0.313748,10.523716	1.702800,3.228232,0.502388	3.15131950378
18:29:27	1.717323,3.235222,0.503027	1.720748,3.080555,0.588120	-0.007185,-0.047900,10.629097	1.717323,3.235222,0.503027	3.11964797974
18:29:27	1.731672,3.233686,0.505152	1.714333,3.083219,0.552689	0.416733,0.778381,10.363250	1.731672,3.233686,0.505152	3.24105596542
18:29:27	1.743941,3.223723,0.504195	1.738948,3.067595,0.550607	-0.021555,0.074246,9.874666	1.743941,3.223723,0.504195	3.28328466415
18:29:27	1.751464,3.206760,0.501590	1.761666,3.056734,0.591632	0.229922,0.553250,10.032737	1.751464,3.206760,0.501590	3.12492656708
18:29:28	1.752193,3.185864,0.501298	1.764477,3.078309,0.561697	0.083826,0.605940,10.260264	1.752193,3.185864,0.501298	3.06686210632
18:29:28	1.747420,3.164725,0.502823	1.766937,3.091121,0.557845	0.555645,0.570015,10.090217	1.747420,3.164725,0.502823	3.27272748947
18:29:28	1.739009,3.147273,0.502385	1.771607,3.038200,0.558589	-0.059875,1.334026,10.197993	1.739009,3.147273,0.502385	3.15659809113
18:29:28	1.727382,3.137700,0.500934	1.778293,3.076799,0.561404	0.301772,0.711321,10.389595	1.727382,3.137700,0.500934	3.1407623291
18:29:28	1.714256,3.136589,0.501038	1.786126,3.014336,0.562699	0.541274,0.696951,10.377620	1.714256,3.136589,0.501038	3.09853363037
18:29:28	1.702328,3.144407,0.502922	1.761501,3.074521,0.622204	0.002395,0.421523,10.815908	1.702328,3.144407,0.502922	3.1407623291
18:29:28	1.694460,3.160683,0.507073	1.766846,3.097498,0.615148	0.040715,-0.040715,10.832673	1.694460,3.160683,0.507073	3.06158351898
18:29:28	1.692515,3.178173,0.514024	1.760287,3.038057,0.588171	-0.076641,0.483794,10.655442	1.692515,3.178173,0.514024	3.17243385315
18:29:28	1.696027,3.202325,0.521417	1.734384,3.102605,0.580882	0.026345,0.179626,10.435100	1.696027,3.202325,0.521417	3.17243385315
18:29:28	1.709569,3.229857,0.526831	1.727798,3.088152,0.570921	-0.313748,0.023950,10.128538	1.709569,3.229857,0.526831	3.14604091644
18:29:29	1.729336,3.246938,0.531644	1.687662,3.089747,0.557784	0.328118,0.232317,10.027947	1.729336,3.246938,0.531644	3.18299102783
18:29:29	1.752525,3.255217,0.535196	1.719858,3.099234,0.585717	0.177231,-0.368833,10.590776	1.752525,3.255217,0.535196	3.18826961517
18:29:29	1.770608,3.253456,0.538641	1.719858,3.099234,0.585717	-0.093406,0.483794,10.827883	1.770608,3.253456,0.538641	3.12492656708
18:29:29	1.789454,3.237448,0.542745	1.742326,3.087883,0.575689	-0.335303,0.208367,10.030342	1.789454,3.237448,0.542745	3.30967760086
18:29:29	1.798105,3.214246,0.543770	1.774243,3.060247,0.534559	-0.007185,0.555645,10.504556	1.798105,3.214246,0.543770	3.02991199493
18:29:29	1.801302,3.186212,0.544711	1.775693,3.033161,0.533056	-0.086221,0.011975,10.439890	1.801302,3.186212,0.544711	3.25689172745
18:29:29	1.800961,3.157690,0.542011	1.767320,3.062531,0.534398	-0.347278,0.158071,10.353669	1.800961,3.157690,0.542011	3.13548374176
18:29:29	1.797502,3.130943,0.540710	1.769089,3.078831,0.602556	0.340093,0.395178,10.552456	1.797502,3.130943,0.540710	3.11964797974
18:29:29	1.791182,3.109410,0.542249	1.804483,3.060590,0.536131	0.138911,0.658630,11.208691	1.791182,3.109410,0.542249	3.04574775696
18:29:29	1.782997,3.097340,0.543626	1.809284,3.004790,0.531311	0.443079,0.931663,9.776470	1.782997,3.097340,0.543626	3.3782992363
18:29:30	1.774797,3.094521,0.539869	1.782285,3.039369,0.538714	-0.064666,0.174836,9.750125	1.774797,3.094521,0.539869	3.15659809113
18:29:30	1.768213,3.098708,0.535678	1.754475,3.037414,0.548427	-0.074246,-0.438289,10.823093	1.768213,3.098708,0.535678	3.12492656708
18:29:30	1.763397,3.106952,0.535244	1.757514,3.032864,0.551091	0.215552,0.062271,10.835068	1.763397,3.106952,0.535244	3.06158351898
18:29:30	1.758743,3.116899,0.537513	1.760196,2.962929,0.546703	0.189207,0.699346,10.585986	1.758743,3.116899,0.537513	3.06158351898
18:29:30	1.753938,3.125252,0.541862	1.763181,3.053475,0.537470	0.064666,0.356858,10.231523	1.753938,3.125252,0.541862	3.13548374176
18:29:30	1.750642,3.128566,0.547164	1.765370,2.986954,0.526539	0.347278,0.122146,9.936936	1.750642,3.128566,0.547164	3.15131950378
18:29:30	1.748647,3.126384,0.551029	1.766659,3.051722,0.516228	0.234712,0.234712,10.293794	1.748647,3.126384,0.551029	3.13548374176
18:29:30	1.746932,3.119095,0.552231	1.735682,3.055543,0.577507	0.040715,-0.002395,10.413545	1.746932,3.119095,0.552231	3.17771244049
18:29:30	1.744792,3.107089,0.554193	1.736808,3.062466,0.573959	0.625100,0.285007,10.768008	1.744792,3.107089,0.554193	3.07741928101
18:29:30	1.740021,3.094628,0.558238	1.739297,3.038124,0.565473	0.510139,0.958008,10.231523	1.740021,3.094628,0.558238	3.13548374176
18:29:31	1.731488,3.084402,0.561964	1.744065,2.980502,0.556621	0.421523,0.555645,10.308164	1.731488,3.084402,0.561964	3.16715526581
18:29:31	1.720419,3.077128,0.564282	1.750482,3.017182,0.551130	-0.059875,-0.294587,10.502161	1.720419,3.077128,0.564282	3.15131950378
18:29:31	1.708612,3.071642,0.566791	1.757617,3.020606,0.610266	0.445474,0.931663,9.924961	1.708612,3.071642,0.566791	3.13020515442
18:29:31	1.697309,3.069791,0.570126	1.764588,2.990160,0.603696	0.122146,1.705254,10.950029	1.697309,3.069791,0.570126	3.13020515442
18:29:31	1.690119,3.073596,0.575713	1.769426,3.020456,0.591277	-0.035925,0.275427,10.425520	1.690119,3.073596,0.575713	3.1407623291
18:29:31	1.689618,3.080914,0.581512	1.738475,3.016308,0.578752	-0.244292,0.117356,10.071057	1.689618,3.080914,0.581512	3.12492656708
18:29:31	1.695181,3.090942,0.585739	1.767690,3.010484,0.568445	0.299377,1.065784,10.289004	1.695181,3.090942,0.585739	3.18299102783
18:29:31	1.705377,3.102904,0.587090	1.729997,3.035436,0.564935	-0.277822,0.474214,10.396780	1.705377,3.102904,0.587090	3.15131950378
18:29:31	1.719282,3.113932,0.587711	1.753909,2.964719,0.563128	0.031135,-0.102986,9.896221	1.719282,3.113932,0.587711	3.15131950378
18:29:31	1.733923,3.121868,0.588645	1.712985,3.055463,0.561240	-0.004790,0.840652,10.777588	1.733923,3.121868,0.588645	3.12492656708
18:29:32	1.744942,3.124293,0.590716	1.737927,3.053341,0.557614	-0.330513,0.134121,10.768008	1.744942,3.124293,0.590716	3.13020515442
18:29:32	1.751624,3.120136,0.593908	1.733519,3.055345,0.614629	0.347278,-0.148491,10.391990	1.751624,3.120136,0.593908	3.13020515442
18:29:32	1.754348,3.112820,0.597122	1.731635,2.995433,0.608187	0.507744,-0.342488,10.863809	1.754348,3.112820,0.597122	3.04046916962
18:29:32	1.754138,3.104859,0.602374	1.763405,3.064209,0.596634	0.452659,-0.493374,10.269844	1.754138,3.104859,0.602374	3.14604091644
18:29:32	1.751450,3.095795,0.606827	1.764889,3.037494,0.587008	0.246687,0.342488,10.075847	1.751450,3.095795,0.606827	3.12492656708
18:29:32	1.746942,3.086606,0.610535	1.767405,3.043175,0.577723	0.352068,0.009580,10.368040	1.746942,3.086606,0.610535	3.16715526581
18:29:32	1.741814,3.080360,0.612274	1.738402,3.015266,0.573295	-0.213157,0.601150,10.418335	1.741814,3.080360,0.612274	3.15131950378
18:29:32	1.737296,3.077724,0.613280	1.743180,2.979397,0.663975	0.273032,0.241897,10.478210	1.737296,3.077724,0.613280	3.13020515442
18:29:32	1.734157,3.077977,0.615322	1.748724,2.979294,0.657767	0.423918,2.842888,10.887759	1.734157,3.077977,0.615322	3.04574775696
18:29:32	1.732206,3.078555,0.621723	1.752092,2.978322,0.634088	0.114961,0.124541,10.315349	1.732206,3.078555,0.621723	3.13020515442
18:29:33	1.731783,3.078099,0.627820	1.753293,2.978870,0.605834	0.340093,0.112566,10.176438	1.731783,3.078099,0.627820	3.13020515442
18:29:33	1.733470,3.077566,0.631848	1.751021,2.979776,0.692425	0.565225,0.002395,10.478210	1.733470,3.077566,0.631848	3.13020515442
18:29:33	1.737331,3.076591,0.637918	1.745302,2.877532,0.669654	0.713716,1.219065,10.779983	1.737331,3.076591,0.637918	3.08269786835
18:29:33	1.741990,3.075171,0.645786	1.737905,2.983312,0.635735	0.335303,0.615520,10.090217	1.741990,3.075171,0.645786	3.13020515442
18:29:33	1.746105,3.072179,0.650764	1.731293,2.987333,0.612450	0.546064,0.684976,9.889036	1.746105,3.072179,0.650764	3.24105596542
18:29:33	1.749412,3.066587,0.651844	1.725568,2.891958,0.605054	0.361648,-0.220342,10.102192	1.749412,3.066587,0.651844	3.15131950378
18:29:33	1.750648,3.060375,0.649207	1.774989,2.953550,0.718478	0.517324,0.241897,9.989626	1.750648,3.060375,0.649207	3.12492656708
18:29:33	1.748241,3.052806,0.648471	1.777871,2.861110,0.725764	-0.047900,0.098196,10.894944	1.748241,3.052806,0.648471	3.04574775696
18:29:33	1.743104,3.043813,0.653483	1.733616,2.927526,0.707347	0.320933,0.203577,10.401570	1.743104,3.043813,0.653483	3.10381221771
18:29:33	1.736607,3.034935,0.659930	1.743798,2.941548,0.680920	0.720901,0.958008,10.126143	1.736607,3.034935,0.659930	3.11964797974
18:29:34	1.729052,3.025846,0.665584	1.743798,2.941548,0.680920	0.138911,0.256267,9.742939	1.729052,3.025846,0.665584	3.23049879074
18:29:34	1.719991,3.019792,0.666484	1.807836,2.840327,0.650097	0.440684,0.541274,10.296189	1.719991,3.019792,0.666484	3.12492656708
18:29:34	1.713522,3.018637,0.664251	1.834364,2.918181,0.657747	-0.079036,0.495769,10.099797	1.713522,3.018637,0.664251	3.1143693924
18:29:34	1.710339,3.020892,0.663052	1.839653,2.915260,0.664074	0.548459,1.520837,10.588381	1.710339,3.020892,0.663052	3.1143693924
18:29:34	1.714768,3.025130,0.666202	1.834390,2.909129,0.652469	0.663420,1.432222,10.475815	1.714768,3.025130,0.666202	3.12492656708
18:29:34	1.724801,3.032108,0.669111	1.798503,2.846117,0.645480	0.117356,0.222737,10.135723	1.724801,3.032108,0.669111	3.12492656708
18:29:34	1.739868,3.039345,0.671205	1.744457,2.938938,0.629270	0.390388,2.521956,10.123748	1.739868,3.039345,0.671205	3.11964797974
18:29:34	1.757095,3.043640,0.672868	1.717131,2.930698,0.726130	0.579595,0.055085,10.135723	1.757095,3.043640,0.672868	3.12492656708
18:29:34	1.770394,3.044182,0.674825	1.746101,2.929018,0.719941	0.368833,-0.198787,10.487791	1.770394,3.044182,0.674825	3.11964797974
18:29:34	1.774784,3.042388,0.679487	1.736403,2.931525,0.701028	0.311353,1.580713,10.296189	1.774784,3.042388,0.679487	3.11964797974
18:29:35	1.770597,3.039401,0.683580	1.793034,2.936079,0.682260	0.148491,0.555645,9.745334	1.770597,3.039401,0.683580	3.12492656708
18:29:35	1.759782,3.036680,0.685368	1.756839,2.940654,0.673464	0.617915,1.113684,10.133328	1.759782,3.036680,0.685368	3.12492656708
18:29:35	1.743260,3.035247,0.684536	1.781999,2.839525,0.675901	0.031135,0.210762,10.255474	1.743260,3.035247,0.684536	3.11964797974
18:29:35	1.723588,3.036904,0.683189	1.760981,2.941523,0.681586	2.902764,4.775669,10.339299	1.723588,3.036904,0.683189	3.11964797974
18:29:35	1.702769,3.041244,0.683720	1.794140,2.935247,0.681763	0.718506,1.132844,10.518926	1.702769,3.041244,0.683720	3.10909080505
18:29:35	1.684531,3.049139,0.686995	1.824579,2.923898,0.668132	0.275427,0.287402,10.593171	1.684531,3.049139,0.686995	3.12492656708
18:29:35	1.672872,3.062863,0.689290	1.793459,2.955712,0.657691	0.258662,0.019160,10.205178	1.672872,3.062863,0.689290	3.12492656708
18:29:35	1.672696,3.080567,0.690623	1.797160,2.980008,0.755502	0.023950,0.356858,10.667417	1.672696,3.080567,0.690623	3.1143693924
18:29:35	1.683154,3.101869,0.692682	1.782499,2.999196,0.748426	-0.095801,0.426313,10.655442	1.683154,3.101869,0.692682	3.13020515442
18:29:35	1.702086,3.125222,0.696566	1.754744,3.013644,0.732400	0.282612,-0.009580,10.693762	1.702086,3.125222,0.696566	3.13020515442
18:29:36	1.727814,3.148072,0.700092	1.714741,3.028761,0.717125	0.016765,1.010698,10.013577	1.727814,3.148072,0.700092	3.1143693924
18:29:36	1.756559,3.165485,0.703279	1.721038,3.051073,0.703956	0.270637,0.294587,10.310559	1.756559,3.165485,0.703279	3.1143693924
18:29:36	1.782556,3.175905,0.706590	1.782267,2.980489,0.689797	0.814307,-0.047900,10.027947	1.782556,3.175905,0.706590	3.1143693924
18:29:36	1.802838,3.179600,0.707860	1.751444,2.985828,0.684633	0.170046,-0.093406,10.097402	1.802838,3.179600,0.707860	3.11964797974
18:29:36	1.815572,3.177036,0.707319	1.785707,2.980266,0.689709	0.435894,0.102986,10.097402	1.815572,3.177036,0.707319	3.1143693924
18:29:36	1.819913,3.166939,0.707771	1.789485,2.971562,0.693612	0.646655,1.075364,10.490186	1.819913,3.166939,0.707771	3.11964797974
18:29:36	1.816790,3.150438,0.709025	1.771619,2.962343,0.677961	0.186812,0.320933,10.286609	1.816790,3.150438,0.709025	3.12492656708
18:29:36	1.810637,3.129313,0.710294	1.833251,2.995042,0.776847	0.047900,0.488584,10.174043	1.810637,3.129313,0.710294	3.12492656708
18:29:36	1.802147,3.105487,0.711674	1.846071,2.928660,0.772855	-0.016765,0.256267,10.894944	1.802147,3.105487,0.711674	3.11964797974
18:29:36	1.791936,3.083256,0.715586	1.810167,3.017204,0.756707	-0.560435,0.687371,10.207573	1.791936,3.083256,0.715586	3.11964797974
18:29:37	1.782854,3.064290,0.719513	1.773258,2.996428,0.741052	0.423918,0.277822,9.975256	1.782854,3.064290,0.719513	3.1143693924
18:29:37	1.775559,3.051447,0.722567	1.785205,2.914904,0.725499	0.100591,0.371228,10.435100	1.775559,3.051447,0.722567	3.1143693924
18:29:37	1.768831,3.046866,0.722783	1.796070,2.924426,0.723569	0.229922,-0.155676,10.471025	1.768831,3.046866,0.722783	3.10909080505
18:29:37	1.761863,3.047632,0.722333	1.755110,2.924477,0.726411	0.380808,0.562830,10.825488	1.761863,3.047632,0.722333	3.10909080505
18:29:37	1.756334,3.051221,0.724521	1.763488,2.850559,0.719433	1.034648,2.735112,10.502161	1.756334,3.051221,0.724521	3.10909080505
18:29:37	1.751921,3.056336,0.727214	1.771804,2.963064,0.707107	0.481399,0.608335,10.574011	1.751921,3.056336,0.727214	3.1143693924
18:29:37	1.747762,3.059510,0.730736	1.778689,2.957094,0.693060	0.445474,0.888552,10.291399	1.747762,3.059510,0.730736	3.10381221771
18:29:37	1.745108,3.060214,0.734006	1.731368,2.955713,0.678050	-0.035925,-0.229922,10.178833	1.745108,3.060214,0.734006	3.1143693924
18:29:37	1.744330,3.059837,0.734247	1.732834,2.956188,0.779190	-0.002395,0.191602,10.403965	1.744330,3.059837,0.734247	3.11964797974
18:29:37	1.743723,3.058905,0.735437	1.733846,2.957364,0.777967	0.308958,0.320933,10.538086	1.743723,3.058905,0.735437	3.1143693924
18:29:38	1.741365,3.058610,0.742273	1.736919,2.958406,0.751084	0.524509,-0.035925,10.336904	1.741365,3.058610,0.742273	3.12492656708
18:29:38	1.738772,3.059245,0.747995	1.741965,2.957209,0.722021	-0.225132,0.816702,10.075847	1.738772,3.059245,0.747995	3.11964797974
18:29:38	1.735188,3.060827,0.750321	1.746978,2.954965,0.813891	0.771196,0.634680,9.244775	1.735188,3.060827,0.750321	3.1143693924
18:29:38	1.733634,3.061576,0.741959	1.749957,2.953581,0.740627	0.165256,-0.285007,10.262659	1.733634,3.061576,0.741959	3.09853363037
18:29:38	1.734268,3.061408,0.730765	1.749789,2.953329,0.784898	-0.158071,0.735271,9.877061	1.734268,3.061408,0.730765	3.09853363037
18:29:38	1.736184,3.060078,0.718036	1.746791,2.955358,0.737403	0.268242,-0.431104,11.208691	1.736184,3.060078,0.718036	3.09325504303
18:29:38	1.739168,3.057270,0.708481	1.742280,2.959386,0.776417	0.241897,0.138911,10.399175	1.739168,3.057270,0.708481	3.09325504303
18:29:38	1.742029,3.054467,0.698756	1.737399,2.964037,0.714635	0.455054,0.296982,10.473420	1.742029,3.054467,0.698756	3.09853363037
18:29:38	1.744190,3.051608,0.688114	1.733863,2.968684,0.754708	0.234712,0.764011,9.362131	1.744190,3.051608,0.688114	3.09853363037
18:29:38	1.744116,3.049374,0.669782	1.732990,2.920541,0.726791	-0.172441,0.646655,11.031460	1.744116,3.049374,0.669782	3.07741928101
18:29:39	1.740982,3.049311,0.654118	1.780367,2.860902,0.767572	-0.131726,0.201182,10.415940	1.740982,3.049311,0.654118	3.08797645569
18:29:39	1.736585,3.050200,0.643378	1.745465,2.919679,0.745412	-0.210762,0.773591,11.064990	1.736585,3.050200,0.643378	3.08797645569
18:29:39	1.731382,3.051612,0.636099	1.745465,2.919679,0.745412	0.011975,-0.100591,10.672207	1.731382,3.051612,0.636099	3.09325504303
18:29:39	1.728884,3.052969,0.628812	1.757265,2.967544,0.695552	0.316143,-0.052690,10.068662	1.728884,3.052969,0.628812	3.09325504303
18:29:39	1.727648,3.053387,0.620580	1.759677,2.966580,0.629258	-0.126936,0.428708,10.298584	1.727648,3.053387,0.620580	3.08797645569
18:29:39	1.728083,3.054409,0.617337	1.759442,2.965355,0.645149	0.201182,1.322051,10.483000	1.728083,3.054409,0.617337	3.09853363037
18:29:39	1.730121,3.056550,0.616706	1.756382,2.962135,0.649712	-0.100591,5.194797,10.523716	1.730121,3.056550,0.616706	3.10909080505
18:29:39	1.733923,3.057970,0.619183	1.750899,2.959624,0.641381	0.692161,2.493215,10.164463	1.733923,3.057970,0.619183	3.10909080505
18:29:39	1.739183,3.058182,0.622922	1.742871,2.958775,0.626232	0.766406,0.838257,10.166858	1.739183,3.058182,0.622922	3.10909080505
18:29:39	1.744846,3.056598,0.626781	1.733949,2.960572,0.609869	0.318538,0.225132,10.013577	1.744846,3.056598,0.626781	3.10909080505
18:29:40	1.749648,3.052476,0.629851	1.725690,2.966536,0.595950	0.306563,0.256267,9.956096	1.749648,3.052476,0.629851	3.10909080505
18:29:40	1.751475,3.046151,0.630974	1.773714,2.872262,0.589384	-0.016765,0.328118,10.200388	1.751475,3.046151,0.630974	3.10909080505
18:29:40	1.748986,3.037922,0.629861	1.776280,2.936917,0.696920	0.912502,-0.740061,9.872271	1.748986,3.037922,0.629861	3.10381221771
18:29:40	1.741987,3.028269,0.630126	1.734702,2.952037,0.595185	0.246687,0.316143,10.926079	1.741987,3.028269,0.630126	3.10909080505
18:29:40	1.733685,3.018313,0.630908	1.799962,2.916304,0.691725	0.591570,0.828677,9.805210	1.733685,3.018313,0.630908	3.10909080505
18:29:40	1.726489,3.012160,0.626568	1.808988,2.834515,0.707474	0.038320,0.160466,10.662627	1.726489,3.012160,0.626568	3.10381221771
18:29:40	1.718266,3.008092,0.622364	1.825264,2.882842,0.625470	0.368833,2.143542,11.189531	1.718266,3.008092,0.622364	3.08797645569
18:29:40	1.715647,3.006279,0.620903	1.806700,2.828655,0.627606	-0.095801,1.535208,9.718989	1.715647,3.006279,0.620903	3.08797645569
18:29:40	1.717871,3.004175,0.616487	1.828474,2.888692,0.647354	0.114961,1.046624,10.102192	1.717871,3.004175,0.616487	3.08797645569
18:29:40	1.724854,3.000743,0.615178	1.818392,2.893884,0.657031	0.225132,0.792751,10.487791	1.724854,3.000743,0.615178	3.09325504303
18:29:41	1.734377,2.996209,0.620040	1.803606,2.900890,0.640366	-0.047900,2.562671,10.791958	1.734377,2.996209,0.620040	3.10381221771
18:29:41	1.741650,2.992715,0.626428	1.789361,2.803655,0.608604	0.045505,0.749641,10.305769	1.741650,2.992715,0.626428	3.1143693924
18:29:41	1.746729,2.988040,0.634643	1.781837,2.861977,0.683117	0.378413,0.021555,10.209968	1.746729,2.988040,0.634643	3.1143693924
18:29:41	1.746628,2.984312,0.643282	1.780922,2.868121,0.649044	0.287402,0.280217,10.796748	1.746628,2.984312,0.643282	3.10909080505
18:29:41	1.742968,2.981863,0.654526	1.785684,2.872581,0.706663	0.196392,0.232317,10.442285	1.742968,2.981863,0.654526	3.10909080505
18:29:41	1.736863,2.981263,0.667450	1.795023,2.873910,0.654349	0.553250,0.809517,10.253079	1.736863,2.981263,0.667450	3.1143693924
18:29:41	1.729722,2.982588,0.680205	1.806790,2.872273,0.701469	-0.105381,0.572410,9.632769	1.729722,2.982588,0.680205	3.1143693924
18:29:41	1.723561,2.986068,0.688314	1.817006,2.867293,0.666711	-0.280217,0.974773,10.463840	1.723561,2.986068,0.688314	3.10909080505
18:29:41	1.721172,2.990726,0.696467	1.822205,2.860103,0.735065	-0.038320,0.735271,9.850715	1.721172,2.990726,0.696467	3.10381221771
18:29:41	1.724103,2.995278,0.702359	1.818990,2.904583,0.710253	0.110171,1.856140,10.284214	1.724103,2.995278,0.702359	3.10381221771
18:29:42	1.733011,2.997948,0.708721	1.837513,2.828454,0.687048	0.390388,0.538879,10.449470	1.733011,2.997948,0.708721	3.09853363037
18:29:42	1.746007,2.999308,0.712111	1.786175,2.897583,0.769118	-0.205972,1.360371,10.099797	1.746007,2.999308,0.712111	3.09853363037
18:29:42	1.760903,2.999196,0.714613	1.762537,2.896995,0.761463	0.354463,-0.433499,11.050620	1.760903,2.999196,0.714613	3.10381221771
18:29:42	1.774282,2.997456,0.720986	1.792050,2.799055,0.735959	0.347278,0.011975,10.715317	1.774282,2.997456,0.720986	3.09853363037
18:29:42	1.782279,2.994260,0.726462	1.777755,2.904171,0.710876	0.754431,0.423918,10.384805	1.782279,2.994260,0.726462	3.09853363037
18:29:42	1.784449,2.988248,0.729415	1.773003,2.808900,0.697103	-0.076641,0.397573,10.152488	1.784449,2.988248,0.729415	3.09325504303
18:29:42	1.781715,2.979747,0.730083	1.775958,2.874130,0.796672	0.270637,0.335303,9.920171	1.781715,2.979747,0.730083	3.10381221771
18:29:42	1.775250,2.970023,0.729524	1.785423,2.785300,0.799794	0.239502,0.761616,10.327324	1.775250,2.970023,0.729524	3.10909080505
18:29:42	1.766524,2.959471,0.731753	1.799113,2.854010,0.792518	0.318538,1.322051,10.794353	1.766524,2.959471,0.731753	3.09325504303
18:29:42	1.757388,2.948481,0.736994	1.813810,2.871383,0.773227	0.991538,2.227368,10.787168	1.757388,2.948481,0.736994	3.09853363037
18:29:43	1.749023,2.939067,0.743222	1.827751,2.835159,0.746464	0.184417,0.201182,10.272239	1.749023,2.939067,0.743222	3.09853363037
18:29:43	1.743111,2.934563,0.746604	1.837943,2.843973,0.728856	0.282612,0.038320,9.975256	1.743111,2.934563,0.746604	3.10381221771
18:29:43	1.741650,2.935304,0.746119	1.841515,2.844277,0.728259	0.136516,1.171165,10.133328	1.741650,2.935304,0.746119	3.09325504303
18:29:43	1.746489,2.940879,0.743278	1.835768,2.836738,0.739530	0.014370,0.342488,10.490186	1.746489,2.940879,0.743278	3.09325504303
18:29:43	1.758765,2.950383,0.741750	1.818000,2.822291,0.748979	0.031135,3.937412,10.724897	1.758765,2.950383,0.741750	3.09853363037
18:29:43	1.777536,2.958682,0.745857	1.789610,2.859665,0.735726	0.562830,0.759221,10.693762	1.777536,2.958682,0.745857	3.09325504303
18:29:43	1.799537,2.960289,0.754959	1.806871,2.854846,0.804169	0.414338,1.317261,10.688972	1.799537,2.960289,0.754959	3.09853363037
18:29:43	1.821108,2.953343,0.767193	1.823508,2.863984,0.754986	0.043110,0.174836,10.502161	1.821108,2.953343,0.767193	3.10381221771
18:29:43	1.838964,2.939038,0.779059	1.845771,2.833263,0.805233	0.285007,1.041833,10.044712	1.838964,2.939038,0.779059	3.10909080505
18:29:43	1.850646,2.921298,0.786029	1.825185,2.757016,0.775067	0.445474,1.834585,10.540481	1.850646,2.921298,0.786029	3.10909080505
18:29:44	1.854073,2.902930,0.792184	1.817588,2.838416,0.747649	0.105381,0.510139,10.243499	1.854073,2.902930,0.792184	3.10381221771
18:29:44	1.849328,2.885240,0.795472	1.875038,2.815011,0.836880	0.720901,1.178350,10.423125	1.849328,2.885240,0.795472	3.10381221771
18:29:44	1.839429,2.871655,0.798873	1.892913,2.789352,0.820335	-0.014370,0.675396,10.660232	1.839429,2.871655,0.798873	3.10381221771
18:29:44	1.819535,2.857956,0.805432	1.920128,2.756684,0.796569	1.022673,1.437012,10.425520	1.819535,2.857956,0.805432	3.10381221771
18:29:44	1.803323,2.852570,0.809078	1.895044,2.766982,0.779442	0.179626,0.172441,10.327324	1.803323,2.852570,0.809078	3.09325504303
18:29:44	1.793308,2.852288,0.810896	1.912727,2.768911,0.873783	0.546064,-0.131726,9.853110	1.793308,2.852288,0.810896	3.08797645569
18:29:44	1.789621,2.856128,0.811841	1.920271,2.763610,0.871833	0.222737,0.634680,10.710527	1.789621,2.856128,0.811841	3.08797645569
18:29:44	1.792340,2.863396,0.816422	1.917955,2.752771,0.855103	0.268242,0.438289,10.502161	1.792340,2.863396,0.816422	3.09325504303
18:29:44	1.804208,2.872572,0.822955	1.901369,2.738194,0.827708	0.086221,0.977168,10.140513	1.804208,2.872572,0.822955	3.08797645569
18:29:44	1.823155,2.881413,0.828244	1.924592,2.775755,0.803688	0.083826,-0.565225,10.535691	1.823155,2.881413,0.828244	3.09325504303
18:29:45	1.845710,2.887036,0.831074	1.940997,2.765918,0.894380	0.213157,0.833467,9.810000	1.845710,2.887036,0.831074	3.09325504303
18:29:45	1.869038,2.890230,0.833088	1.955597,2.760338,0.886648	0.694556,0.517324,10.844648	1.869038,2.890230,0.833088	3.09853363037
18:29:45	1.890927,2.892662,0.836707	1.972113,2.808093,0.872416	-0.074246,1.319656,10.248289	1.890927,2.892662,0.836707	3.09853363037
18:29:45	1.910576,2.893976,0.842518	1.992269,2.805756,0.850382	0.273032,0.277822,10.423125	1.910576,2.893976,0.842518	3.09853363037
18:29:45	1.925905,2.894240,0.849077	2.018114,2.805226,0.717527	0.562830,0.229922,9.860295	1.925905,2.894240,0.849077	3.09853363037
18:29:45	1.936038,2.895195,0.849360	2.052724,2.803946,0.708359	-0.258662,0.895737,9.261541	1.936038,2.895195,0.849360	3.09853363037
18:29:45	1.942482,2.898438,0.839664	2.041522,2.799756,0.745270	0.325723,0.385598,10.138118	1.942482,2.898438,0.839664	3.09325504303
18:29:45	1.947312,2.904527,0.828917	2.033430,2.790655,0.791611	0.275427,0.328118,10.504556	1.947312,2.904527,0.828917	3.09325504303
18:29:45	1.951927,2.912915,0.822644	2.078266,2.829526,0.822150	0.201182,0.708926,10.329719	1.951927,2.912915,0.822644	3.09853363037
18:29:45	1.957521,2.920707,0.823224	2.069567,2.816882,0.824420	-0.464634,0.574805,10.935659	1.957521,2.920707,0.823224	3.09325504303
18:29:46	1.965402,2.927733,0.828380	2.057591,2.805799,0.804354	-0.007185,-0.038320,10.593171	1.965402,2.927733,0.828380	3.09853363037
18:29:46	1.976466,2.933866,0.833211	2.092998,2.847201,0.887072	-0.043110,0.136516,10.327324	1.976466,2.933866,0.833211	3.10381221771
18:29:46	1.990194,2.937166,0.839467	2.071849,2.840813,0.864404	0.035925,1.769919,9.695039	1.990194,2.937166,0.839467	3.09325504303
18:29:46	2.005222,2.940192,0.849013	2.047670,2.836785,0.823095	0.541274,1.046624,10.375225	2.005222,2.940192,0.849013	3.10909080505
18:29:46	2.019983,2.945558,0.852435	2.024034,2.828599,0.908028	-0.131726,0.179626,9.644744	2.019983,2.945558,0.852435	3.10381221771
18:29:46	2.032064,2.950990,0.853224	2.003548,2.819738,0.906032	-0.016765,0.373623,11.093730	2.032064,2.950990,0.853224	3.08797645569
18:29:46	2.039784,2.954415,0.857533	2.041838,2.865632,0.889613	0.186812,0.459844,10.605146	2.039784,2.954415,0.857533	3.09325504303
18:29:46	2.041760,2.955415,0.863166	2.037379,2.863209,0.866817	0.170046,0.167651,9.936936	2.041760,2.955415,0.863166	3.09325504303
18:29:46	2.038320,2.955213,0.867042	2.041249,2.863685,0.847349	0.435894,0.225132,9.917776	2.038320,2.955213,0.867042	3.09325504303
18:29:46	2.031891,2.955065,0.867930	2.050975,2.863870,0.842479	0.541274,0.287402,10.202783	2.031891,2.955065,0.867930	3.08797645569
18:29:47	2.024321,2.954694,0.868279	2.011211,2.864275,0.840828	0.354463,-0.409548,10.274634	2.024321,2.954694,0.868279	3.09853363037
18:29:47	2.017975,2.955201,0.869587	2.021695,2.864222,0.836572	0.253872,0.273032,10.200388	2.017975,2.955201,0.869587	3.09325504303
18:29:47	2.013715,2.956485,0.872342	2.080897,2.862169,0.825799	0.146096,0.632285,10.207573	2.013715,2.956485,0.872342	3.09325504303
18:29:47	2.010934,2.958906,0.875286	2.086011,2.858577,0.813383	0.126936,-0.253872,10.480605	2.010934,2.958906,0.875286	3.09853363037
18:29:47	2.012428,2.961870,0.877137	2.085097,2.853932,0.804926	0.091011,0.584385,10.188413	2.012428,2.961870,0.877137	3.09853363037
18:29:47	2.019463,2.964817,0.877639	2.075427,2.848970,0.801447	0.081431,0.713716,9.886641	2.019463,2.964817,0.877639	3.09853363037
18:29:47	2.031555,2.965640,0.877912	2.057329,2.846813,0.801023	-0.395178,0.323328,10.056687	2.031555,2.965640,0.877912	3.09853363037
18:29:47	2.046083,2.962570,0.878488	2.033948,2.850659,0.902115	0.158071,0.076641,10.090217	2.046083,2.962570,0.878488	3.09853363037
18:29:47	2.059548,2.954788,0.879796	2.168101,2.965675,0.898013	0.038320,0.435894,10.538086	2.059548,2.954788,0.879796	3.09325504303
18:29:47	2.068617,2.943929,0.880727	2.152286,2.930474,0.892371	-0.112566,0.562830,10.042317	2.068617,2.943929,0.880727	3.08797645569
18:29:48	2.072399,2.935743,0.878360	2.196563,2.945356,0.900143	0.330513,0.270637,10.672207	2.072399,2.935743,0.878360	3.08797645569
18:29:48	2.072950,2.933892,0.875888	2.195231,2.950144,0.912370	0.969983,0.656235,10.581196	2.072950,2.933892,0.875888	3.08797645569
18:29:48	2.073976,2.939009,0.877692	2.194080,2.943993,0.908440	0.227527,0.435894,11.029065	2.073976,2.939009,0.877692	3.09325504303
18:29:48	2.077722,2.952215,0.882007	2.188962,2.924879,0.889820	0.330513,1.235830,10.207573	2.077722,2.952215,0.882007	3.09853363037
18:29:48	2.084048,2.972329,0.885399	2.179513,2.945951,0.874648	0.565225,-0.047900,9.901011	2.084048,2.972329,0.885399	3.08797645569
18:29:48	2.092972,2.995955,0.886999	2.165759,2.961151,0.866860	0.091011,-0.153281,9.769285	2.092972,2.995955,0.886999	3.09325504303
18:29:48	2.102122,3.016632,0.887100	2.200605,3.025388,0.865779	1.841770,1.642983,10.059082	2.102122,3.016632,0.887100	3.09325504303
18:29:48	2.113257,3.041870,0.885948	2.234789,3.037008,0.870619	0.395178,0.737666,9.932146	2.113257,3.041870,0.885948	3.09325504303
18:29:48	2.126723,3.067707,0.886462	2.216558,3.053102,0.869886	0.337698,-0.373623,10.444680	2.126723,3.067707,0.886462	3.08797645569
18:29:48	2.140649,3.085715,0.888995	2.246971,3.075279,0.859961	-0.294587,0.615520,10.538086	2.140649,3.085715,0.888995	3.09325504303
18:29:49	2.156983,3.100881,0.891628	2.307656,3.055309,1.132876	0.035925,0.148491,10.044712	2.156983,3.100881,0.891628	3.09853363037
18:29:49	2.173728,3.113770,0.894619	2.298641,3.029253,1.149344	0.268242,-0.031135,10.645862	2.173728,3.113770,0.894619	3.07214069366
18:29:49	2.189099,3.123168,0.901058	2.321441,3.062932,1.119158	-0.239502,1.029858,11.464958	2.189099,3.123168,0.901058	3.07214069366
18:29:49	2.212417,3.131949,0.918250	2.341409,3.050198,1.162147	-0.208367,0.270637,10.274634	2.212417,3.131949,0.918250	3.08797645569
18:29:49	2.232750,3.134920,0.935018	2.361035,3.044824,1.092799	0.519719,0.893342,10.399175	2.232750,3.134920,0.935018	3.09325504303
18:29:49	2.254483,3.136674,0.950584	2.378827,3.041615,1.024178	0.114961,0.950823,10.073452	2.254483,3.136674,0.950584	3.07741928101
18:29:49	2.278300,3.136395,0.959411	2.445205,3.093333,1.085492	-0.007185,0.471819,9.326206	2.278300,3.136395,0.959411	3.08269786835
18:29:49	2.302991,3.134948,0.963936	2.457780,3.147607,1.066845	0.014370,2.713557,10.734478	2.302991,3.134948,0.963936	3.08269786835
18:29:49	2.328116,3.135434,0.970144	2.469730,3.147908,1.041262	0.577200,0.469424,10.375225	2.328116,3.135434,0.970144	3.07741928101
18:29:49	2.353137,3.140982,0.975270	2.429640,3.140521,1.017869	0.364043,-0.196392,10.164463	2.353137,3.140982,0.975270	3.07741928101
18:29:50	2.377534,3.152154,0.977823	2.442431,3.124032,1.109437	-0.009580,1.094524,9.845925	2.377534,3.152154,0.977823	3.07741928101
18:29:50	2.399610,3.167279,0.981147	2.510146,3.152563,1.098446	-0.222737,0.450264,10.665022	2.399610,3.167279,0.981147	3.07214069366
18:29:50	2.415606,3.180797,0.987149	2.531031,3.178725,1.069575	0.608335,0.701741,10.444680	2.415606,3.180797,0.987149	3.07741928101
18:29:50	2.436759,3.198408,0.997371	2.605990,3.206288,1.136557	0.227527,0.464634,10.291399	2.436759,3.198408,0.997371	3.07741928101
18:29:50	2.454789,3.212465,1.006583	2.576877,3.183312,1.100097	0.170046,0.706531,10.447075	2.454789,3.212465,1.006583	3.07741928101
18:29:50	2.474962,3.226612,1.016800	2.597719,3.212896,1.055625	0.129331,0.174836,9.886641	2.474962,3.226612,1.016800	3.07214069366
18:29:50	2.497571,3.238049,1.023938	2.614060,3.245820,1.022574	0.344883,0.167651,10.195598	2.497571,3.238049,1.023938	3.07214069366
18:29:50	2.521190,3.246718,1.026499	2.628384,3.231305,1.111908	-0.083826,0.447869,9.848320	2.521190,3.246718,1.026499	3.07214069366
18:29:50	2.544960,3.255238,1.026916	2.642289,3.218031,1.112066	0.352068,-0.083826,10.727292	2.544960,3.255238,1.026916	3.07214069366
18:29:50	2.564832,3.262855,1.030168	2.656268,3.203432,1.096896	0.083826,0.265847,10.473420	2.564832,3.262855,1.030168	3.07214069366
18:29:51	2.592418,3.272352,1.038694	2.670343,3.190206,1.169728	0.397573,0.337698,10.087822	2.592418,3.272352,1.038694	3.08269786835
18:29:51	2.614936,3.278988,1.046176	2.686061,3.179190,1.244388	0.155676,1.056204,11.000325	2.614936,3.278988,1.046176	3.07214069366
18:29:51	2.637732,3.283144,1.058897	2.751711,3.173506,1.294965	0.354463,0.914897,10.463840	2.637732,3.283144,1.058897	3.07741928101
18:29:51	2.659842,3.285008,1.077873	2.769936,3.168482,1.224015	0.416733,1.034648,10.698552	2.659842,3.285008,1.077873	3.07214069366
18:29:51	2.681702,3.284427,1.096644	2.786991,3.168953,1.138181	-0.155676,0.354463,9.390872	2.681702,3.284427,1.096644	3.09325504303
18:29:51	2.703868,3.281766,1.101028	2.803794,3.172095,1.214654	0.294587,1.592688,8.995693	2.703868,3.281766,1.101028	3.05630493164
18:29:51	2.726026,3.277850,1.099194	2.820335,3.178235,1.222828	0.076641,0.560435,10.688972	2.726026,3.277850,1.099194	3.05630493164
18:29:51	2.749077,3.273735,1.102507	2.835743,3.289300,1.317771	0.469424,0.263452,11.012300	2.749077,3.273735,1.102507	3.06158351898
18:29:51	2.773532,3.271857,1.112771	2.848893,3.293076,1.279428	0.349673,1.140029,10.645862	2.773532,3.271857,1.112771	3.06158351898
18:29:51	2.797858,3.273957,1.127196	2.861732,3.290887,1.322757	-0.114961,0.258662,10.712922	2.797858,3.273957,1.127196	3.06158351898
18:29:52	2.820382,3.282299,1.142091	2.929175,3.279248,1.366835	-0.074246,0.914897,10.954819	2.820382,3.282299,1.142091	3.06686210632
18:29:52	2.841530,3.295944,1.162042	2.947112,3.310582,1.390628	0.261057,-0.131726,10.851833	2.841530,3.295944,1.162042	3.06686210632
18:29:52	2.861659,3.313440,1.187370	2.966518,3.283864,1.392504	0.081431,0.522114,10.382410	2.861659,3.313440,1.187370	3.06686210632
18:29:52	2.881451,3.332391,1.215793	2.987032,3.305429,1.378118	0.074246,0.407153,10.882969	2.881451,3.332391,1.215793	3.07741928101
18:29:52	2.901612,3.351229,1.246551	3.006924,3.327211,1.353839	-0.016765,-0.038320,10.152488	2.901612,3.351229,1.246551	3.08269786835
18:29:52	2.922541,3.368692,1.275810	3.025653,3.350395,1.228002	-0.052690,0.962798,10.147698	2.922541,3.368692,1.275810	3.08269786835
18:29:52	2.943217,3.385248,1.298760	3.044295,3.375796,1.332691	0.361648,0.409548,9.474697	2.943217,3.385248,1.298760	3.07741928101
18:29:52	2.963900,3.399974,1.313947	3.023725,3.401443,1.274711	0.340093,0.996328,10.152488	2.963900,3.399974,1.313947	3.07214069366
18:29:52	2.983710,3.413677,1.328154	3.075667,3.393072,1.241929	-0.313748,0.330513,9.709409	2.983710,3.413677,1.328154	3.06158351898
18:29:52	3.000638,3.427009,1.336293	3.065194,3.417128,1.350110	0.213157,0.186812,9.599238	3.000638,3.427009,1.336293	3.06686210632
18:29:53	3.014251,3.439194,1.343733	3.088695,3.441727,1.335044	0.289797,0.055085,10.676997	3.014251,3.439194,1.343733	3.06158351898
18:29:53	3.025588,3.451489,1.355854	3.081737,3.434456,1.374125	0.519719,1.803450,10.528506	3.025588,3.451489,1.355854	3.07214069366
18:29:53	3.035101,3.463750,1.371850	3.107829,3.458982,1.340404	0.079036,0.419128,10.665022	3.035101,3.463750,1.371850	3.07741928101
18:29:53	3.043138,3.474868,1.390850	3.102897,3.484184,1.362985	0.328118,0.009580,9.668694	3.043138,3.474868,1.390850	3.07741928101
18:29:53	3.049995,3.485541,1.408805	3.098641,3.477818,1.387567	0.071851,0.062271,10.358459	3.049995,3.485541,1.408805	3.08269786835
18:29:53	3.056252,3.498618,1.429039	3.126863,3.502286,1.408188	0.471819,2.150728,10.633887	3.056252,3.498618,1.429039	3.08797645569
18:29:53	3.062157,3.513516,1.452799	3.123276,3.493451,1.421280	0.208367,0.170046,10.906919	3.062157,3.513516,1.452799	3.09325504303
18:29:53	3.068783,3.529113,1.479708	3.119473,3.484040,1.490439	0.335303,0.807122,10.289004	3.068783,3.529113,1.479708	3.08797645569
18:29:53	3.076850,3.544589,1.508095	3.146817,3.474786,1.492976	0.112566,0.234712,10.950029	3.076850,3.544589,1.508095	3.09325504303
18:29:53	3.086920,3.557063,1.538589	3.140987,3.498713,1.490195	0.514929,1.820215,10.308164	3.086920,3.557063,1.538589	3.09325504303
18:29:54	3.099766,3.566434,1.568566	3.165604,3.556883,1.551481	0.402363,0.069456,10.109377	3.099766,3.566434,1.568566	3.09853363037
18:29:54	3.114675,3.574530,1.597073	3.156692,3.552016,1.553077	0.637075,1.159189,10.207573	3.114675,3.574530,1.597073	3.08797645569
18:29:54	3.129300,3.584023,1.624897	3.179792,3.546697,1.555364	-0.028740,-0.023950,10.439890	3.129300,3.584023,1.624897	3.10381221771
18:29:54	3.141612,3.595693,1.650772	3.204139,3.539743,1.497317	0.258662,1.077759,9.917776	3.141612,3.595693,1.650772	3.09853363037
18:29:54	3.151836,3.608495,1.674690	3.197870,3.532168,1.508135	-0.009580,0.414338,10.236313	3.151836,3.608495,1.674690	3.09853363037
18:29:54	3.160717,3.621205,1.696171	3.224432,3.556471,1.524238	0.045505,0.282612,10.008787	3.160717,3.621205,1.696171	3.08797645569
18:29:54	3.168434,3.631556,1.717447	3.219664,3.549789,1.605359	1.013093,1.360371,10.205178	3.168434,3.631556,1.717447	3.08797645569
18:29:54	3.176146,3.639524,1.739913	3.247113,3.577045,1.620438	0.421523,1.966311,10.102192	3.176146,3.639524,1.739913	3.09853363037
18:29:54	3.184401,3.645572,1.761496	3.242249,3.573164,1.636604	0.308958,0.752036,10.013577	3.184401,3.645572,1.761496	3.08797645569
18:29:54	3.193517,3.648821,1.781884	3.268840,3.570876,1.655267	0.296982,0.318538,10.662627	3.193517,3.648821,1.781884	3.08797645569
18:29:55	3.202951,3.650387,1.802605	3.263223,3.601873,1.674108	0.368833,0.749641,10.138118	3.202951,3.650387,1.802605	3.09853363037
18:29:55	3.213423,3.652398,1.823646	3.257073,3.600927,1.691899	0.505349,0.447869,10.253079	3.213423,3.652398,1.823646	3.09325504303
18:29:55	3.225379,3.658806,1.844270	3.282006,3.597573,1.709899	0.023950,0.610730,10.571616	3.225379,3.658806,1.844270	3.09325504303
18:29:55	3.237472,3.671194,1.864663	3.306711,3.590744,1.729872	0.299377,0.476609,10.516531	3.237472,3.671194,1.864663	3.05630493164
18:29:55	3.250634,3.688857,1.887112	3.299050,3.612678,1.744514	-0.220342,-0.280217,10.693762	3.250634,3.688857,1.887112	3.10381221771
18:29:55	3.267821,3.710719,1.909549	3.321173,3.631835,1.759403	0.016765,0.625100,10.066267	3.267821,3.710719,1.909549	3.09325504303
18:29:55	3.287667,3.734436,1.930837	3.341397,3.649717,1.775443	0.189207,0.014370,10.126143	3.287667,3.734436,1.930837	3.10381221771
18:29:55	3.308386,3.757875,1.950434	3.361088,3.699629,1.795794	0.543669,0.778381,10.157278	3.308386,3.757875,1.950434	3.09853363037
18:29:55	3.330969,3.779216,1.969532	3.379830,3.718520,1.817731	0.332908,-0.387993,10.102192	3.330969,3.779216,1.969532	3.09853363037
18:29:55	3.354721,3.796294,1.987289	3.397571,3.739684,1.842215	0.328118,-0.361648,10.056687	3.354721,3.796294,1.987289	3.09853363037
18:29:56	3.376912,3.809517,2.005385	3.415918,3.731517,1.867152	0.153281,0.220342,10.576406	3.376912,3.809517,2.005385	3.09853363037
18:29:56	3.396335,3.818508,2.021409	3.467829,3.757953,1.895402	-0.055085,0.641865,9.903406	3.396335,3.818508,2.021409	3.09853363037
18:29:56	3.412129,3.824540,2.033938	3.458052,3.753764,1.866589	1.868115,6.159990,10.059082	3.412129,3.824540,2.033938	3.09325504303
18:29:56	3.424177,3.826369,2.043986	3.482589,3.752166,1.905344	0.337698,0.210762,9.841135	3.424177,3.826369,2.043986	3.09853363037
18:29:56	3.432058,3.827172,2.049054	3.477365,3.751744,1.893557	-0.299377,0.294587,10.399175	3.432058,3.827172,2.049054	3.08797645569
18:29:56	3.435782,3.828640,2.052409	3.506830,3.750912,1.948868	0.035925,-0.105381,10.442285	3.435782,3.828640,2.052409	3.08797645569
18:29:56	3.437775,3.832181,2.053508	3.505650,3.781147,1.946869	0.625100,0.584385,10.190808	3.437775,3.832181,2.053508	3.08269786835
18:29:56	3.441033,3.838268,2.055849	3.503842,3.777870,1.942224	-0.074246,-0.105381,10.576406	3.441033,3.838268,2.055849	3.08797645569
18:29:56	3.449004,3.849319,2.056365	3.499499,3.771817,1.940195	0.064666,1.137634,10.111772	3.449004,3.849319,2.056365	3.08797645569
18:29:56	3.461022,3.863427,2.053438	3.524711,3.795477,1.945198	0.263452,0.107776,10.485396	3.461022,3.863427,2.053438	3.07741928101
18:29:57	3.475800,3.877128,2.050753	3.548129,3.818963,1.951540	0.270637,1.020278,10.571616	3.475800,3.877128,2.050753	3.08269786835
18:29:57	3.493948,3.885904,2.048197	3.537477,3.813254,1.893764	-0.009580,0.680186,10.775193	3.493948,3.885904,2.048197	3.06158351898
18:29:57	3.513058,3.894126,2.044607	3.558287,3.840154,1.897721	0.021555,0.536484,10.133328	3.513058,3.894126,2.044607	3.13020515442
18:29:57	3.532188,3.903890,2.034909	3.578485,3.834900,1.920992	0.241897,-0.143701,10.238708	3.532188,3.903890,2.034909	3.07741928101
18:29:57	3.550693,3.911984,2.024357	3.599306,3.829452,1.878076	0.033530,0.845442,10.365645	3.550693,3.911984,2.024357	3.07741928101
18:29:57	3.566174,3.919972,2.012494	3.621786,3.856775,1.902554	0.740061,0.720901,9.687854	3.566174,3.919972,2.012494	3.17771244049
18:29:57	3.581522,3.924440,1.989800	3.644614,3.853646,1.888034	1.381926,2.138752,10.183623	3.581522,3.924440,1.989800	3.06158351898
18:29:57	3.595530,3.927820,1.972429	3.668057,3.851772,1.863413	-0.033530,0.402363,10.336904	3.595530,3.927820,1.972429	3.04574775696
18:29:57	3.609001,3.930907,1.952643	3.659953,3.849901,1.840776	0.043110,0.112566,9.910591	3.609001,3.930907,1.952643	3.09325504303
18:29:57	3.623639,3.935023,1.930488	3.683362,3.879264,1.823242	-0.038320,0.943638,10.274634	3.623639,3.935023,1.930488	3.18299102783
18:29:58	3.639071,3.937785,1.904163	3.706176,3.877646,1.816313	-0.031135,0.376018,10.516531	3.639071,3.937785,1.904163	3.06686210632
18:29:58	3.654050,3.939989,1.876998	3.697132,3.876268,1.748783	0.067061,0.869392,10.751243	3.654050,3.939989,1.876998	3.07214069366
18:29:58	3.670262,3.943731,1.848763	3.719423,3.873871,1.746322	0.481399,0.866997,9.841135	3.670262,3.943731,1.848763	3.06158351898
18:29:58	3.687611,3.948330,1.818163	3.709145,3.871542,1.685085	0.615520,1.741179,10.521321	3.687611,3.948330,1.818163	3.06158351898
18:29:58	3.705076,3.953289,1.787420	3.698525,3.900356,1.687999	0.347278,1.147214,9.884246	3.705076,3.953289,1.787420	3.10909080505
18:29:58	3.721469,3.958546,1.754675	3.720764,3.897600,1.631997	0.014370,0.253872,10.418335	3.721469,3.958546,1.754675	3.05630493164
18:29:58	3.734276,3.964041,1.722938	3.744734,3.894361,1.636671	0.316143,-0.016765,10.049502	3.734276,3.964041,1.722938	3.08269786835
18:29:58	3.743061,3.970239,1.690387	3.738944,3.890496,1.581831	0.335303,0.562830,10.559641	3.743061,3.970239,1.690387	3.05630493164
18:29:58	3.749032,3.977034,1.659869	3.735143,3.918623,1.585111	-0.047900,1.278940,10.130933	3.749032,3.977034,1.659869	3.11964797974
18:29:58	3.751718,3.982089,1.629934	3.765165,3.915334,1.524312	0.083826,0.074246,10.597961	3.751718,3.982089,1.629934	3.04046916962
18:29:59	3.752378,3.990605,1.601185	3.764567,3.910786,1.585833	-0.304167,0.174836,10.042317	3.752378,3.990605,1.601185	3.10909080505
18:29:59	3.750915,4.002097,1.569544	3.765329,3.936008,1.592382	-0.277822,0.241897,10.818303	3.750915,4.002097,1.569544	3.01935482025
18:29:59	3.750352,4.015661,1.543913	3.765329,3.936008,1.592382	-0.069456,0.814307,10.892549	3.750352,4.015661,1.543913	3.06158351898
18:29:59	3.751110,4.030725,1.523134	3.765353,3.950991,1.505375	0.182021,1.489702,10.645862	3.751110,4.030725,1.523134	3.07214069366
18:29:59	3.752876,4.048379,1.500587	3.764648,3.972952,1.488817	0.416733,0.831072,9.838740	3.752876,4.048379,1.500587	3.13548374176
18:29:59	3.755914,4.066184,1.473685	3.762821,3.994016,1.483904	1.147214,5.266648,9.726174	3.755914,4.066184,1.473685	3.05630493164
18:29:59	3.760037,4.082850,1.447889	3.760410,4.015941,1.477518	0.158071,0.184417,10.221943	3.760037,4.082850,1.447889	3.06158351898
18:29:59	3.764576,4.099784,1.424176	3.757770,4.037983,1.466347	0.395178,1.310076,10.471025	3.764576,4.099784,1.424176	3.05630493164
18:29:59	3.768127,4.116245,1.402865	3.755339,4.059857,1.386178	0.198787,0.773591,10.708132	3.768127,4.116245,1.402865	3.05630493164
18:29:59	3.771916,4.133194,1.380629	3.785339,4.049841,1.369395	0.122146,0.105381,9.778865	3.771916,4.133194,1.380629	3.09325504303
18:30:00	3.774231,4.147983,1.354301	3.783724,4.072540,1.362858	0.244292,0.337698,9.618398	3.774231,4.147983,1.354301	3.08269786835
18:30:00	3.777896,4.160728,1.328693	3.781702,4.096729,1.355801	0.764011,1.913621,10.336904	3.777896,4.160728,1.328693	3.08269786835
18:30:00	3.784166,4.172581,1.302065	3.778505,4.089660,1.344298	1.051414,0.488584,10.265054	3.784166,4.172581,1.302065	3.06158351898
18:30:00	3.790053,4.184546,1.269217	3.774647,4.114406,1.288716	0.038320,-0.102986,9.481882	3.790053,4.184546,1.269217	3.1143693924
18:30:00	3.796667,4.196075,1.222741	3.802797,4.139664,1.258928	0.244292,-0.172441,9.946516	3.796667,4.196075,1.222741	3.1143693924
18:30:00	3.800898,4.211586,1.167549	3.799728,4.130944,1.249976	0.301772,0.562830,9.685459	3.800898,4.211586,1.167549	3.10909080505
18:30:00	3.799011,4.236079,1.105102	3.799956,4.149134,1.257199	0.543669,0.658630,10.059082	3.799011,4.236079,1.105102	3.10381221771
18:30:00	3.789006,4.269897,1.037202	3.804934,4.193843,1.214050	0.258662,0.380808,9.702224	3.789006,4.269897,1.037202	3.09325504303
18:30:00	3.772769,4.307624,0.966250	3.782751,4.235169,1.111366	-0.182021,0.500559,10.475815	3.772769,4.307624,0.966250	3.08797645569
18:30:00	3.756176,4.340872,0.908331	3.762294,4.275477,1.073672	0.191602,0.629890,10.585986	3.756176,4.340872,0.908331	3.09325504303
18:30:01	3.733655,4.391361,0.826013	3.742044,4.313685,0.972605	0.548459,0.256267,9.917776	3.733655,4.391361,0.826013	3.08797645569
18:30:01	3.717864,4.437467,0.754748	3.719530,4.350301,0.938661	-0.414338,0.119751,10.257869	3.717864,4.437467,0.754748	3.07741928101
18:30:01	3.705288,4.483474,0.684632	3.695595,4.386487,0.836705	0.191602,0.938848,10.660232	3.705288,4.483474,0.684632	3.07741928101
18:30:01	3.692190,4.527324,0.618413	3.703047,4.455931,0.793169	0.162861,-0.186812,10.243499	3.692190,4.527324,0.618413	3.07214069366
18:30:01	3.678441,4.566520,0.553453	3.698004,4.431755,0.751514	0.043110,1.566343,10.815908	3.678441,4.566520,0.553453	3.08269786835
18:30:01	3.662835,4.601396,0.491566	3.683319,4.469199,0.694038	0.450264,-0.308958,10.799143	3.662835,4.601396,0.491566	3.06686210632
18:30:01	3.647470,4.631388,0.433121	3.668733,4.501949,0.639046	0.136516,0.452659,10.305769	3.647470,4.631388,0.433121	3.05630493164
18:30:01	3.632933,4.657416,0.362892	3.654700,4.530404,0.579848	0.023950,0.136516,6.782695	3.632933,4.657416,0.362892	3.48914957047
