# Flight Log 
# 25 08 17 - 18:27:26
Time		X,Y,Z				goalX,goalY,goalZ		ddx,ddy,ddz			angularx,angulary,angularz	battery
18:27:26	0.000000,0.000000,0.000000	0.000000,0.000000,0.000000	0.000000,0.000000,0.000000	0.000000,0.000000,0.000000	0
18:27:26	0.000000,0.000000,0.000000	0.000000,0.000000,0.000000	0.000000,0.000000,0.000000	0.000000,0.000000,0.000000	0
18:27:27	0.692829,0.830053,0.410493	0.768298,0.909952,0.440961	-0.131726,0.134121,10.308164	0.692829,0.830053,0.410493	0
18:27:27	0.692839,0.830087,0.410486	0.768308,0.909978,0.440852	-0.131726,0.143701,10.317744	0.692839,0.830087,0.410486	0
18:27:27	0.692858,0.830093,0.410442	0.768300,0.877971,0.440918	-0.134121,0.134121,10.308164	0.692858,0.830093,0.410442	3.77419352531
18:27:27	0.692855,0.830075,0.410453	0.768296,0.909975,0.440958	-0.131726,0.143701,10.303374	0.692855,0.830075,0.410453	3.77419352531
18:27:27	0.692827,0.830081,0.410494	0.768297,0.909979,0.440949	-0.131726,0.141306,10.300979	0.692827,0.830081,0.410494	3.77419352531
18:27:27	0.692731,0.830025,0.410606	0.768308,0.909971,0.440905	-0.131726,0.134121,10.310559	0.692731,0.830025,0.410606	3.77419352531
18:27:27	0.692844,0.830036,0.410473	0.768293,0.909974,0.440937	-0.129331,0.129331,10.308164	0.692844,0.830036,0.410473	3.77419352531
18:27:27	0.692848,0.830036,0.410477	0.768323,0.909975,0.440840	-0.126936,0.138911,10.300979	0.692848,0.830036,0.410477	3.77419352531
18:27:27	0.692826,0.830091,0.410494	0.768311,0.909979,0.440904	-0.119751,0.136516,10.303374	0.692826,0.830091,0.410494	3.77419352531
18:27:27	0.692824,0.830038,0.410510	0.768308,0.909940,0.440901	-0.129331,0.143701,10.300979	0.692824,0.830038,0.410510	3.77419352531
18:27:28	0.692903,0.830054,0.410408	0.768279,0.909965,0.440991	-0.134121,0.143701,10.300979	0.692903,0.830054,0.410408	3.77419352531
18:27:28	0.692833,0.830062,0.410497	0.767818,0.910434,0.441339	-0.122146,0.165256,10.315349	0.692833,0.830062,0.410497	3.77419352531
18:27:28	0.692850,0.830034,0.410410	0.768284,0.878006,0.441049	-0.124541,0.189207,10.303374	0.692850,0.830034,0.410410	3.68973612785
18:27:28	0.693670,0.829268,0.410194	0.768290,0.909977,0.441061	-0.136516,0.117356,10.315349	0.693670,0.829268,0.410194	3.68445754051
18:27:28	0.692856,0.829962,0.410405	0.768314,0.909999,0.441165	-0.165256,0.131726,10.423125	0.692856,0.829962,0.410405	3.67917895317
18:27:28	0.692835,0.829993,0.410448	0.768321,0.910006,0.440920	-0.134121,0.093406,10.408755	0.692835,0.829993,0.410448	3.67390036583
18:27:28	0.692822,0.830012,0.410446	0.768353,0.909999,0.440758	-0.074246,0.143701,10.456655	0.692822,0.830012,0.410446	3.66334319115
18:27:28	0.692798,0.829980,0.410351	0.768309,0.909976,0.440911	-0.098196,0.124541,10.353669	0.692798,0.829980,0.410351	3.66334319115
18:27:28	0.692843,0.829978,0.410288	0.768287,0.878012,0.441265	-0.079036,0.316143,10.190808	0.692843,0.829978,0.410288	3.64750742912
18:27:28	0.692862,0.829960,0.410315	0.768286,0.878028,0.441275	-0.126936,0.126936,10.415940	0.692862,0.829960,0.410315	3.64222884178
18:27:29	0.692832,0.829990,0.410402	0.768300,0.878009,0.441365	-0.143701,0.158071,10.351274	0.692832,0.829990,0.410402	3.6316716671
18:27:29	0.692851,0.829968,0.410388	0.817122,0.929808,0.437880	-0.076641,0.177231,10.152488	0.692851,0.829968,0.410388	3.62639307976
18:27:29	0.693730,0.829348,0.410028	0.768313,0.877926,0.441224	-0.079036,0.246687,10.188413	0.693730,0.829348,0.410028	3.62111449242
18:27:29	0.693583,0.829706,0.410195	0.767786,0.910271,0.441713	-0.047900,0.193997,10.387200	0.693583,0.829706,0.410195	3.61055731773
18:27:29	0.693833,0.830042,0.410112	0.767725,0.878042,0.441664	-0.117356,0.167651,10.372830	0.693833,0.830042,0.410112	3.60527873039
18:27:29	0.693987,0.830252,0.410062	0.767597,0.909839,0.441860	-0.182021,0.205972,10.200388	0.693987,0.830252,0.410062	3.59472155571
18:27:29	0.693954,0.830033,0.410112	0.767608,0.909895,0.441941	-0.416733,-0.232317,10.756033	0.693954,0.830033,0.410112	3.58944296837
18:27:29	0.693651,0.830295,0.410116	0.767717,0.909949,0.441629	-0.225132,0.217947,10.130933	0.693651,0.830295,0.410116	3.57888579369
18:27:29	0.694779,0.831076,0.409451	0.767570,0.909568,0.441913	-0.306563,0.119751,10.468630	0.694779,0.831076,0.409451	3.57888579369
18:27:29	0.694935,0.830445,0.409572	0.767070,0.909767,0.378961	-0.234712,0.292192,10.030342	0.694935,0.830445,0.409572	3.55777144432
18:27:30	0.694901,0.831249,0.410019	0.766885,0.909462,0.379130	-0.038320,-0.088616,10.289004	0.694901,0.831249,0.410019	3.55249285698
18:27:30	0.695750,0.830736,0.409677	0.766473,0.909601,0.378915	-0.201182,0.091011,10.760823	0.695750,0.830736,0.409677	3.54193544388
18:27:30	0.695590,0.831447,0.410091	0.766591,0.909301,0.378521	-0.100591,0.320933,10.224338	0.695590,0.831447,0.410091	3.5313782692
18:27:30	0.695606,0.831939,0.410183	0.766676,0.908931,0.441691	-0.045505,0.191602,10.300979	0.695606,0.831939,0.410183	3.52609968185
18:27:30	0.697576,0.830919,0.409371	0.766492,0.908828,0.441513	0.076641,-0.138911,10.595566	0.697576,0.830919,0.409371	3.51554250717
18:27:30	0.699985,0.831512,0.409185	0.765118,0.909199,0.441967	-0.076641,0.055085,10.459050	0.699985,0.831512,0.409185	3.50498533249
18:27:30	0.699302,0.831979,0.410025	0.764143,0.908892,0.442202	-0.210762,-0.086221,10.499766	0.699302,0.831979,0.410025	3.49442815781
18:27:30	0.700050,0.831881,0.409834	0.763938,0.908884,0.379067	-0.227527,0.134121,10.169253	0.700050,0.831881,0.409834	3.48387098312
18:27:30	0.702934,0.832383,0.409730	0.762806,0.908742,0.378942	0.150886,0.380808,10.619517	0.702934,0.832383,0.409730	3.47331380844
18:27:30	0.703586,0.832046,0.409325	0.761991,0.908480,0.378639	-0.510139,0.002395,10.449470	0.703586,0.832046,0.409325	3.45747804642
18:27:31	0.703004,0.830884,0.409716	0.762506,0.909100,0.378146	-0.009580,-0.062271,10.217153	0.703004,0.830884,0.409716	3.44692087173
18:27:31	0.704078,0.829902,0.410287	0.761951,0.909794,0.378151	-0.059875,0.340093,10.135723	0.704078,0.829902,0.410287	3.43636369705
18:27:31	0.706213,0.829431,0.409793	0.760940,0.878296,0.377950	0.229922,0.376018,10.454260	0.706213,0.829431,0.409793	3.42052793503
18:27:31	0.708212,0.830399,0.409962	0.759803,0.877987,0.378141	0.268242,0.704136,10.281819	0.708212,0.830399,0.409962	3.41524934769
18:27:31	0.713106,0.831055,0.409534	0.757775,0.909474,0.378168	0.347278,0.603545,10.320139	0.713106,0.831055,0.409534	3.39941358566
18:27:31	0.718573,0.832302,0.410248	0.786202,0.908891,0.378907	0.040715,1.058599,10.030342	0.718573,0.832302,0.410248	3.38357782364
18:27:31	0.726170,0.835093,0.410470	0.782566,0.907697,0.377661	0.421523,0.625100,10.123748	0.726170,0.835093,0.410470	3.37302064896
18:27:31	0.736790,0.840790,0.414846	0.776937,0.905232,0.435886	0.225132,0.232317,10.281819	0.736790,0.840790,0.414846	3.37302064896
18:27:31	0.749536,0.853612,0.422855	0.802047,0.899661,0.420342	0.285007,-0.134121,10.449470	0.749536,0.853612,0.422855	3.34134912491
18:27:31	0.768367,0.873837,0.431433	0.824194,0.921317,0.402645	0.253872,0.129331,10.595566	0.768367,0.873837,0.431433	3.32023477554
18:27:32	0.794913,0.899891,0.439351	0.841837,0.939109,0.449551	-0.330513,0.189207,10.370435	0.794913,0.899891,0.439351	3.30439901352
18:27:32	0.827279,0.931287,0.449137	0.855739,0.953638,0.430187	-0.251477,0.335303,10.657837	0.827279,0.931287,0.449137	3.26217031479
18:27:32	0.855307,0.971013,0.456742	0.901508,0.995885,0.471095	0.043110,-0.165256,9.730964	0.855307,0.971013,0.456742	3.30439901352
18:27:32	0.874516,1.016936,0.458997	0.919814,1.033391,0.463113	-0.052690,-0.589175,9.556128	0.874516,1.016936,0.458997	3.30439901352
18:27:32	0.890045,1.061463,0.456440	0.942205,1.101967,0.462376	0.182021,-0.227527,9.853110	0.890045,1.061463,0.456440	3.2252202034
18:27:32	0.907709,1.100037,0.446864	0.964095,1.141114,0.478074	0.019160,0.098196,9.491462	0.907709,1.100037,0.446864	3.2252202034
18:27:32	0.927203,1.130893,0.434849	0.984780,1.184580,0.439521	-0.553250,0.620310,9.948911	0.927203,1.130893,0.434849	3.2252202034
18:27:32	0.948970,1.155598,0.415384	1.004046,1.200469,0.410410	0.158071,0.102986,9.611213	0.948970,1.155598,0.415384	3.2252202034
18:27:32	0.970511,1.176322,0.388628	1.023154,1.219126,0.398595	0.227527,0.471819,9.836345	0.970511,1.176322,0.388628	3.21466302872
18:27:32	0.991568,1.193323,0.358257	1.042047,1.240064,0.400186	0.170046,0.431104,10.063872	0.991568,1.193323,0.358257	3.23577737808
18:27:33	1.011162,1.208474,0.327214	1.062090,1.262731,0.467584	0.105381,0.711321,10.190808	1.011162,1.208474,0.327214	3.20938444138
18:27:33	1.025492,1.224998,0.301984	1.084181,1.285442,0.465348	0.019160,-0.071851,10.899734	1.025492,1.224998,0.301984	3.26217031479
18:27:33	1.034946,1.245615,0.281814	1.077072,1.306121,0.450711	-0.158071,0.052690,11.134446	1.034946,1.245615,0.281814	3.27272748947
18:27:33	1.040635,1.271372,0.265690	1.104745,1.323947,0.426478	0.332908,0.313748,10.703342	1.040635,1.271372,0.265690	3.27272748947
18:27:33	1.045696,1.302346,0.251686	1.101922,1.338756,0.393591	0.220342,0.325723,10.317744	1.045696,1.302346,0.251686	3.27272748947
18:27:33	1.049077,1.337381,0.239052	1.099570,1.382609,0.357572	0.232317,0.114961,10.097402	1.049077,1.337381,0.239052	3.27800607681
18:27:33	1.053800,1.375840,0.223010	1.129250,1.392303,0.388972	0.150886,-0.182021,9.759705	1.053800,1.375840,0.223010	3.26744890213
18:27:33	1.060244,1.416434,0.211301	1.125947,1.464457,0.357638	-0.110171,0.376018,10.729688	1.060244,1.416434,0.211301	3.27800607681
18:27:33	1.072783,1.458254,0.203365	1.119242,1.503266,0.317189	0.198787,-0.823887,10.712922	1.072783,1.458254,0.203365	3.28328466415
18:27:33	1.088503,1.498703,0.195957	1.143132,1.542823,0.328132	0.100591,0.653840,9.977651	1.088503,1.498703,0.195957	3.27800607681
18:27:34	1.105436,1.539117,0.187612	1.165000,1.518616,0.348270	0.246687,0.220342,10.169253	1.105436,1.539117,0.187612	3.27800607681
18:27:34	1.123033,1.579280,0.183230	1.203251,1.531800,0.444661	0.261057,0.299377,10.550061	1.123033,1.579280,0.183230	3.28328466415
18:27:34	1.144303,1.616742,0.185175	1.174555,1.630899,0.302465	-0.009580,0.605940,10.650652	1.144303,1.616742,0.185175	3.27800607681
18:27:34	1.163783,1.649420,0.181492	1.258975,1.706385,0.291939	0.356858,0.467029,8.840017	1.163783,1.649420,0.181492	3.29384183884
18:27:34	1.182902,1.679183,0.160380	1.278756,1.719744,0.330586	0.258662,0.086221,9.915381	1.182902,1.679183,0.160380	3.25161314011
18:27:34	1.197434,1.708537,0.141722	1.268836,1.702400,0.312780	0.081431,0.510139,10.619517	1.197434,1.708537,0.141722	3.25689172745
18:27:34	1.207852,1.740317,0.126765	1.325681,1.747893,0.284197	-0.234712,0.483794,10.037527	1.207852,1.740317,0.126765	3.26217031479
18:27:34	1.215910,1.773150,0.110437	1.352267,1.728394,0.253341	0.095801,-0.011975,9.920171	1.215910,1.773150,0.110437	3.25161314011
18:27:34	1.222645,1.807574,0.091036	1.352876,1.722610,0.207592	0.112566,-0.311353,10.574011	1.222645,1.807574,0.091036	3.25689172745
18:27:34	1.231199,1.843473,0.069529	1.366629,1.768578,0.180917	1.060994,0.371228,10.609937	1.231199,1.843473,0.069529	3.24105596542
18:27:35	1.242218,1.878993,0.049479	1.380397,1.812610,0.156708	0.186812,-0.148491,10.605146	1.242218,1.878993,0.049479	3.24633455276
18:27:35	1.255597,1.913906,0.030513	1.396201,1.855103,0.132165	-0.136516,0.179626,10.861414	1.255597,1.913906,0.030513	3.25689172745
18:27:35	1.271283,1.948377,0.013203	1.407853,1.876866,0.104548	0.021555,0.859812,10.121353	1.271283,1.948377,0.013203	3.25689172745
18:27:35	1.288811,1.982308,-0.002005	1.428082,1.917189,0.080030	-0.253872,0.948428,10.427915	1.288811,1.982308,-0.002005	3.25689172745
18:27:35	1.308069,2.016364,-0.015306	1.448765,1.978623,0.096476	-0.273032,0.112566,10.981165	1.308069,2.016364,-0.015306	3.25161314011
18:27:35	1.330881,2.051731,-0.020028	1.473758,2.018334,0.067780	0.373623,0.081431,11.534414	1.330881,2.051731,-0.020028	3.26744890213
18:27:35	1.354683,2.090434,-0.017377	1.495508,2.055709,0.082632	0.419128,0.119751,10.818303	1.354683,2.090434,-0.017377	3.2885632515
18:27:35	1.379348,2.132843,-0.009245	1.520776,2.094647,0.077722	0.490979,0.239502,10.463840	1.379348,2.132843,-0.009245	3.27800607681
18:27:35	1.407385,2.180743,0.001782	1.526937,2.097806,0.130323	0.040715,0.536484,10.542876	1.407385,2.180743,0.001782	3.28328466415
18:27:35	1.437237,2.232187,0.015529	1.513219,2.129619,0.107701	0.855022,2.062112,10.226733	1.437237,2.232187,0.015529	3.28328466415
18:27:36	1.468531,2.282148,0.031554	1.494895,2.226869,0.137339	0.071851,-0.153281,10.542876	1.468531,2.282148,0.031554	3.28328466415
18:27:36	1.501078,2.325038,0.050898	1.539546,2.295005,0.162921	0.064666,-0.062271,10.736873	1.501078,2.325038,0.050898	3.28328466415
18:27:36	1.531290,2.360459,0.073205	1.584502,2.336091,0.179727	0.016765,0.265847,10.372830	1.531290,2.360459,0.073205	3.28328466415
18:27:36	1.558368,2.391521,0.095242	1.631494,2.316671,0.258343	-0.033530,0.493374,10.241104	1.558368,2.391521,0.095242	3.2885632515
18:27:36	1.581991,2.419920,0.118136	1.616495,2.394926,0.209569	0.361648,-0.009580,10.475815	1.581991,2.419920,0.118136	3.28328466415
18:27:36	1.602362,2.446615,0.133851	1.667556,2.378573,0.291222	0.071851,-0.055085,8.933423	1.602362,2.446615,0.133851	3.28328466415
18:27:36	1.620092,2.472570,0.142452	1.656225,2.458914,0.270734	0.356858,2.735112,10.389595	1.620092,2.472570,0.142452	3.26744890213
18:27:36	1.636660,2.497949,0.149913	1.710155,2.443503,0.380475	0.023950,0.203577,10.356064	1.636660,2.497949,0.149913	3.26217031479
18:27:36	1.652860,2.522839,0.159738	1.700312,2.492488,0.298946	-0.380808,-0.225132,10.080637	1.652860,2.522839,0.159738	3.25161314011
18:27:36	1.668993,2.547833,0.165594	1.722644,2.541604,0.279547	0.905317,-0.759221,9.683064	1.668993,2.547833,0.165594	3.25161314011
18:27:37	1.684964,2.573810,0.166694	1.744946,2.558260,0.273602	0.306563,0.179626,10.197993	1.684964,2.573810,0.166694	3.25161314011
18:27:37	1.700743,2.601299,0.166627	1.767457,2.574308,0.273173	0.344883,0.028740,10.209968	1.700743,2.601299,0.166627	3.25689172745
18:27:37	1.717925,2.630443,0.167761	1.813577,2.561548,0.383690	-0.011975,0.443079,10.662627	1.717925,2.630443,0.167761	3.25161314011
18:27:37	1.737252,2.660621,0.174421	1.778571,2.635232,0.264257	-0.289797,0.155676,11.021880	1.737252,2.660621,0.174421	3.24633455276
18:27:37	1.759647,2.690824,0.184368	1.798074,2.680960,0.307531	0.378413,0.021555,10.593171	1.759647,2.690824,0.184368	3.26217031479
18:27:37	1.783414,2.720161,0.198587	1.847957,2.663161,0.409349	0.055085,1.712439,10.734478	1.783414,2.720161,0.198587	3.26744890213
18:27:37	1.806570,2.747680,0.217667	1.865728,2.710236,0.307701	0.342488,0.677791,10.724897	1.806570,2.747680,0.217667	3.26217031479
18:27:37	1.828467,2.773951,0.232111	1.884393,2.757985,0.331715	0.452659,0.318538,9.462722	1.828467,2.773951,0.232111	3.26217031479
18:27:37	1.849963,2.797541,0.246724	1.903222,2.775440,0.369718	0.320933,0.292192,10.550061	1.849963,2.797541,0.246724	3.26217031479
18:27:37	1.870433,2.823252,0.267938	1.922834,2.792762,0.390235	-0.203577,0.514929,10.578801	1.870433,2.823252,0.267938	3.27272748947
18:27:38	1.891120,2.852745,0.292255	1.942638,2.839959,0.404549	-0.040715,-0.047900,10.710527	1.891120,2.852745,0.292255	3.27272748947
18:27:38	1.913693,2.884761,0.319544	1.961507,2.821412,0.409855	0.155676,0.577200,10.571616	1.913693,2.884761,0.319544	3.27800607681
18:27:38	1.937069,2.918691,0.344053	1.979560,2.833343,0.480868	0.081431,0.543669,10.140513	1.937069,2.918691,0.344053	3.27800607681
18:27:38	1.960095,2.950902,0.369960	1.997669,2.845287,0.490914	0.282612,0.483794,10.684182	1.960095,2.950902,0.369960	3.25689172745
18:27:38	1.983410,2.979656,0.398089	2.015883,2.891199,0.494441	0.431104,-0.371228,10.334509	1.983410,2.979656,0.398089	3.21466302872
18:27:38	2.008783,3.005931,0.425165	2.065270,2.938818,0.496757	-0.079036,0.332908,10.068662	2.008783,3.005931,0.425165	3.26744890213
18:27:38	2.034648,3.029802,0.449547	2.081612,3.019864,0.568748	0.536484,2.826123,10.140513	2.034648,3.029802,0.449547	3.25689172745
18:27:38	2.057942,3.051872,0.476830	2.098827,3.038389,0.578478	-0.289797,0.220342,11.009905	2.057942,3.051872,0.476830	3.08797645569
18:27:38	2.077250,3.076044,0.507209	2.118177,3.056751,0.575876	-0.059875,0.270637,10.200388	2.077250,3.076044,0.507209	3.27800607681
18:27:38	2.093083,3.103395,0.534927	2.139860,3.072969,0.639604	0.217947,0.098196,9.996812	2.093083,3.103395,0.534927	3.26217031479
18:27:39	2.106356,3.133311,0.563129	2.195325,3.055630,0.643272	0.577200,0.754431,10.308164	2.106356,3.133311,0.563129	3.25161314011
18:27:39	2.118264,3.165149,0.590201	2.213876,3.043536,0.702150	0.143701,0.045505,10.027947	2.118264,3.165149,0.590201	3.26744890213
18:27:39	2.130761,3.196136,0.617982	2.197121,3.047605,0.695170	0.313748,1.135239,10.585986	2.130761,3.196136,0.617982	3.25161314011
18:27:39	2.145987,3.223774,0.645318	2.204809,3.069468,0.689730	0.352068,0.816702,10.360854	2.145987,3.223774,0.645318	3.27800607681
18:27:39	2.163885,3.246465,0.670018	2.236928,3.105047,0.736942	0.270637,0.064666,10.293794	2.163885,3.246465,0.670018	3.25689172745
18:27:39	2.183946,3.263546,0.691791	2.253737,3.124438,0.768454	0.119751,0.890947,10.432705	2.183946,3.263546,0.691791	3.24633455276
18:27:39	2.206266,3.274776,0.717756	2.271862,3.131897,0.755592	0.136516,0.009580,11.146421	2.206266,3.274776,0.717756	3.08797645569
18:27:39	2.230822,3.282878,0.744509	2.291307,3.137445,0.771009	0.285007,-0.136516,9.977651	2.230822,3.282878,0.744509	3.27272748947
18:27:39	2.257698,3.289911,0.769585	2.316495,3.146843,0.820705	3.214116,4.933740,10.480605	2.257698,3.289911,0.769585	3.16187667847
18:27:39	2.288254,3.296269,0.798292	2.350434,3.154561,0.834855	0.586780,1.904041,10.339299	2.288254,3.296269,0.798292	3.16187667847
18:27:40	2.321563,3.302989,0.828029	2.391706,3.165300,0.852067	2.847678,3.166216,10.545271	2.321563,3.302989,0.828029	3.16187667847
18:27:40	2.355362,3.309724,0.857972	2.432650,3.178437,0.898693	-0.287402,0.287402,10.437495	2.355362,3.309724,0.857972	3.16187667847
18:27:40	2.388654,3.316163,0.889595	2.462871,3.185003,0.949546	0.244292,0.524509,10.219548	2.388654,3.316163,0.889595	3.19354820251
18:27:40	2.420384,3.322914,0.923215	2.524514,3.215988,0.973671	-0.270637,0.464634,10.387200	2.420384,3.322914,0.923215	3.24105596542
18:27:40	2.449479,3.329528,0.955880	2.567253,3.234847,0.979372	-0.325723,0.699346,10.245894	2.449479,3.329528,0.955880	3.25689172745
18:27:40	2.475140,3.334838,0.986137	2.599895,3.247425,0.988249	0.102986,-0.021555,10.257869	2.475140,3.334838,0.986137	3.25161314011
18:27:40	2.498478,3.338953,1.014163	2.631084,3.263980,0.995822	0.811912,1.583108,9.697434	2.498478,3.338953,1.014163	3.25689172745
18:27:40	2.521131,3.343176,1.040451	2.652993,3.275190,0.998921	-0.122146,0.148491,10.015972	2.521131,3.343176,1.040451	3.25161314011
18:27:40	2.543902,3.348990,1.064459	2.671369,3.304183,1.071381	0.052690,1.494492,10.025552	2.543902,3.348990,1.064459	3.25689172745
18:27:40	2.566697,3.359291,1.091260	2.689688,3.299499,1.082042	0.174836,0.378413,10.669812	2.566697,3.359291,1.091260	3.07741928101
18:27:41	2.589191,3.377309,1.119924	2.708083,3.290747,1.081633	-0.191602,0.038320,10.212363	2.589191,3.377309,1.119924	3.25689172745
18:27:41	2.612646,3.402175,1.145331	2.720142,3.283044,1.150067	-0.126936,-0.081431,10.523716	2.612646,3.402175,1.145331	3.25689172745
18:27:41	2.638963,3.429361,1.171190	2.743452,3.325173,1.159828	-0.141306,0.237107,10.324929	2.638963,3.429361,1.171190	3.23577737808
18:27:41	2.668391,3.455478,1.198433	2.758471,3.373111,1.164336	0.107776,0.069456,10.581196	2.668391,3.455478,1.198433	3.24633455276
18:27:41	2.698764,3.479889,1.223908	2.772323,3.390061,1.169853	-0.177231,0.256267,10.104587	2.698764,3.479889,1.223908	3.25161314011
18:27:41	2.728781,3.502619,1.246393	2.786144,3.407985,1.245874	-0.028740,0.395178,9.956096	2.728781,3.502619,1.246393	3.24633455276
18:27:41	2.757386,3.522961,1.269131	2.800596,3.459115,1.261456	-0.193997,0.689766,10.324929	2.757386,3.522961,1.269131	3.2252202034
18:27:41	2.783152,3.539951,1.291273	2.816287,3.479904,1.274957	0.450264,0.299377,10.300979	2.783152,3.539951,1.291273	3.25161314011
18:27:41	2.804243,3.552291,1.313957	2.866368,3.471388,1.290212	-0.019160,0.641865,10.128538	2.804243,3.552291,1.313957	3.24105596542
18:27:41	2.820378,3.561913,1.336031	2.887537,3.497213,1.304569	0.205972,0.076641,10.174043	2.820378,3.561913,1.336031	3.24105596542
18:27:42	2.833907,3.570668,1.358344	2.878926,3.491727,1.320398	-0.285007,0.641865,10.008787	2.833907,3.570668,1.358344	3.21994161606
18:27:42	2.846094,3.579809,1.380423	2.903272,3.582446,1.335088	0.114961,-0.263452,10.219548	2.846094,3.579809,1.380423	3.24633455276
18:27:42	2.856255,3.589352,1.404028	2.896671,3.576871,1.349646	-0.378413,1.489702,10.382410	2.856255,3.589352,1.404028	3.18299102783
18:27:42	2.864369,3.602551,1.427345	2.923275,3.602223,1.424184	0.435894,0.531694,10.056687	2.864369,3.602551,1.427345	3.23049879074
18:27:42	2.870373,3.620850,1.451298	2.919094,3.592373,1.437925	0.174836,1.154399,10.202783	2.870373,3.620850,1.451298	3.24105596542
18:27:42	2.874807,3.643253,1.475911	2.948099,3.611869,1.447394	0.308958,0.217947,10.248289	2.874807,3.643253,1.475911	3.24105596542
18:27:42	2.878272,3.667024,1.499012	2.945867,3.597754,1.458870	-0.052690,0.507744,10.277029	2.878272,3.667024,1.499012	3.24633455276
18:27:42	2.882112,3.689374,1.520872	3.001853,3.588287,1.414421	-0.232317,0.641865,10.006392	2.882112,3.689374,1.520872	3.24633455276
18:27:42	2.887724,3.708901,1.536804	2.940957,3.635152,1.495026	0.332908,0.378413,9.606423	2.887724,3.708901,1.536804	3.27800607681
18:27:42	2.897227,3.724550,1.550210	2.981146,3.589078,1.480237	1.856140,2.011816,10.935659	2.897227,3.724550,1.550210	3.19354820251
18:27:43	2.911041,3.737387,1.562022	2.961121,3.680636,1.565405	0.481399,2.756667,10.140513	2.911041,3.737387,1.562022	3.24633455276
18:27:43	2.929262,3.748250,1.576114	2.983341,3.673673,1.540199	0.021555,0.840652,10.751243	2.929262,3.748250,1.576114	3.07741928101
18:27:43	2.950753,3.759905,1.591103	3.003051,3.699167,1.567832	-0.095801,1.111289,10.138118	2.950753,3.759905,1.591103	3.28328466415
18:27:43	2.973116,3.774279,1.604610	3.021768,3.691296,1.602967	-0.114961,1.065784,10.322534	2.973116,3.774279,1.604610	3.13548374176
18:27:43	2.995848,3.790715,1.621624	3.040190,3.713756,1.632849	0.011975,0.790356,10.195598	2.995848,3.790715,1.621624	3.07741928101
18:27:43	3.018751,3.807485,1.642761	3.058482,3.735670,1.590396	0.208367,0.665815,10.569221	3.018751,3.807485,1.642761	3.2041053772
18:27:43	3.040908,3.823415,1.660205	3.076884,3.757812,1.609527	-0.002395,0.057480,9.948911	3.040908,3.823415,1.660205	3.2041053772
18:27:43	3.061094,3.836916,1.672071	3.096202,3.749032,1.515349	0.102986,0.227527,9.833950	3.061094,3.836916,1.672071	3.24105596542
18:27:43	3.078605,3.846294,1.674993	3.117018,3.774237,1.562283	-0.088616,0.016765,9.613608	3.078605,3.846294,1.674993	3.51026391983
18:27:43	3.093346,3.850277,1.671030	3.139498,3.770320,1.567342	-0.414338,0.673000,10.164463	3.093346,3.850277,1.671030	3.23049879074
18:27:44	3.105985,3.848782,1.667068	3.163492,3.801983,1.513196	0.323328,0.467029,10.164463	3.105985,3.848782,1.667068	3.19882678986
18:27:44	3.118359,3.843820,1.659156	3.188099,3.772465,1.524594	-0.091011,0.797542,10.243499	3.118359,3.843820,1.659156	3.44164228439
18:27:44	3.131793,3.838744,1.648443	3.180391,3.775559,1.547790	0.352068,0.328118,10.427915	3.131793,3.838744,1.648443	3.19882678986
18:27:44	3.146824,3.835283,1.641631	3.203756,3.778127,1.567624	-0.074246,0.476609,10.918894	3.146824,3.835283,1.641631	3.07741928101
18:27:44	3.162267,3.834677,1.640535	3.226493,3.779212,1.510832	-0.383203,0.098196,10.768008	3.162267,3.834677,1.640535	3.23577737808
18:27:44	3.177929,3.836807,1.635804	3.217215,3.778589,1.514985	0.397573,0.486189,10.224338	3.177929,3.836807,1.635804	3.32551336288
18:27:44	3.194110,3.841103,1.627343	3.239584,3.776469,1.532008	0.203577,0.316143,10.212363	3.194110,3.841103,1.627343	3.2041053772
18:27:44	3.209755,3.846318,1.621086	3.262018,3.773579,1.549004	0.215552,0.493374,10.473420	3.209755,3.846318,1.621086	3.12492656708
18:27:44	3.226457,3.852290,1.620690	3.284617,3.770316,1.555588	-0.021555,0.387993,10.612332	3.226457,3.852290,1.620690	3.18826961517
18:27:44	3.248709,3.859676,1.622938	3.304820,3.798186,1.551713	-0.131726,1.080154,9.697434	3.248709,3.859676,1.622938	3.24105596542
18:27:45	3.275636,3.867326,1.624084	3.321550,3.793495,1.547370	-0.091011,0.754431,10.214758	3.275636,3.867326,1.624084	3.25689172745
18:27:45	3.302943,3.874323,1.622545	3.336948,3.821040,1.548142	-0.313748,0.692161,10.346484	3.302943,3.874323,1.622545	3.23577737808
18:27:45	3.328259,3.879562,1.620023	3.385112,3.817466,1.489311	0.261057,0.232317,10.557246	3.328259,3.879562,1.620023	3.23049879074
18:27:45	3.350099,3.882735,1.610988	3.403134,3.814895,1.500455	-0.495769,0.335303,10.032737	3.350099,3.882735,1.610988	3.44692087173
18:27:45	3.367800,3.883562,1.598570	3.423476,3.813902,1.528086	0.337698,0.110171,10.720107	3.367800,3.883562,1.598570	3.18299102783
18:27:45	3.383734,3.882088,1.590157	3.445759,3.814278,1.551394	0.009580,-0.009580,11.247012	3.383734,3.882088,1.590157	3.10381221771
18:27:45	3.400502,3.879389,1.586935	3.435997,3.815625,1.562173	0.467029,0.720901,10.095007	3.400502,3.879389,1.586935	3.23577737808
18:27:45	3.417768,3.876715,1.586565	3.457563,3.817251,1.566153	0.167651,-0.201182,10.339299	3.417768,3.876715,1.586565	3.23577737808
18:27:45	3.432770,3.873470,1.588129	3.479863,3.819070,1.563449	0.356858,0.335303,9.891431	3.432770,3.873470,1.588129	3.24105596542
18:27:45	3.446049,3.869942,1.588443	3.503696,3.821116,1.561111	-0.011975,0.047900,10.109377	3.446049,3.869942,1.588443	3.25161314011
18:27:46	3.460257,3.867198,1.586980	3.527530,3.791101,1.498925	0.083826,0.534089,10.420730	3.460257,3.867198,1.586980	3.24105596542
18:27:46	3.476148,3.865916,1.579262	3.518414,3.792259,1.507779	0.385598,0.756826,9.606423	3.476148,3.865916,1.579262	3.42052793503
18:27:46	3.492926,3.866185,1.567222	3.540446,3.792427,1.533204	0.011975,0.122146,10.257869	3.492926,3.866185,1.567222	3.17243385315
18:27:46	3.509238,3.867562,1.558607	3.562476,3.791922,1.557045	1.178350,1.266965,10.389595	3.509238,3.867562,1.558607	3.14604091644
18:27:46	3.525894,3.870223,1.554739	3.584717,3.790670,1.569543	0.663420,0.534089,10.542876	3.525894,3.870223,1.554739	3.07741928101
18:27:46	3.545465,3.874791,1.556871	3.605938,3.820455,1.569610	0.368833,0.510139,10.777588	3.545465,3.874791,1.556871	3.15659809113
18:27:46	3.569642,3.882035,1.560258	3.624526,3.816834,1.562251	0.081431,0.146096,10.217153	3.569642,3.882035,1.560258	3.23577737808
18:27:46	3.595933,3.891938,1.560102	3.641014,3.811534,1.559090	-0.275427,0.282612,10.200388	3.595933,3.891938,1.560102	3.23577737808
18:27:46	3.622102,3.903748,1.557767	3.657256,3.836692,1.562508	-0.004790,0.174836,10.030342	3.622102,3.903748,1.557767	3.24105596542
18:27:46	3.646827,3.914900,1.554776	3.705825,3.829547,1.568412	0.689766,1.777104,9.994417	3.646827,3.914900,1.554776	3.2252202034
18:27:47	3.668054,3.923482,1.552450	3.692097,3.855703,1.574597	-0.047900,0.562830,10.269844	3.668054,3.923482,1.552450	3.19882678986
18:27:47	3.685780,3.929998,1.551139	3.680728,3.851507,1.578300	0.002395,0.823887,10.095007	3.685780,3.929998,1.551139	3.19354820251
18:27:47	3.698956,3.935524,1.550259	3.703474,3.880033,1.580818	0.938848,1.628613,10.023157	3.698956,3.935524,1.550259	3.2041053772
18:27:47	3.705401,3.941076,1.549832	3.697861,3.876817,1.582022	0.562830,0.397573,10.286609	3.705401,3.941076,1.549832	3.2252202034
18:27:47	3.705439,3.949054,1.548614	3.696271,3.872726,1.519659	-0.091011,0.289797,10.248289	3.705439,3.949054,1.548614	3.23049879074
18:27:47	3.700152,3.958732,1.541720	3.698284,3.899371,1.528248	-0.100591,0.239502,10.003997	3.700152,3.958732,1.541720	3.43636369705
18:27:47	3.691722,3.970846,1.532828	3.702709,3.892775,1.548033	0.184417,0.069456,10.856624	3.691722,3.970846,1.532828	3.20938444138
18:27:47	3.683288,3.986398,1.525975	3.676072,3.916279,1.501431	-0.021555,0.150886,10.461445	3.683288,3.986398,1.525975	3.17771244049
18:27:47	3.678300,4.003177,1.516228	3.680020,3.938228,1.518611	0.244292,-0.011975,9.893826	3.678300,4.003177,1.516228	3.24105596542
18:27:47	3.677203,4.019492,1.508155	3.681646,3.960379,1.539818	0.213157,1.343606,10.420730	3.677203,4.019492,1.508155	3.12492656708
18:27:48	3.679510,4.036876,1.504432	3.681107,3.950391,1.488204	1.693279,3.391348,10.353669	3.679510,4.036876,1.504432	3.12492656708
18:27:48	3.684746,4.056299,1.497922	3.678636,3.971151,1.496671	0.289797,0.835862,10.305769	3.684746,4.056299,1.497922	3.40997076035
18:27:48	3.691835,4.074913,1.490121	3.674747,3.991554,1.515414	-0.091011,0.349673,10.200388	3.691835,4.074913,1.490121	3.16187667847
18:27:48	3.698784,4.092923,1.486573	3.702403,4.012907,1.462903	0.687371,1.020278,10.459050	3.698784,4.092923,1.486573	3.21994161606
18:27:48	3.703557,4.108716,1.479119	3.698927,4.034704,1.473782	0.486189,0.352068,10.291399	3.703557,4.108716,1.479119	3.40997076035
18:27:48	3.706602,4.122211,1.471331	3.696661,4.057887,1.491951	0.119751,0.754431,9.968071	3.706602,4.122211,1.471331	3.19882678986
18:27:48	3.707599,4.134975,1.466367	3.695441,4.050039,1.441812	0.074246,0.102986,10.468630	3.707599,4.134975,1.466367	3.17243385315
18:27:48	3.708011,4.148864,1.460655	3.695475,4.074219,1.452660	0.047900,0.462239,10.387200	3.708011,4.148864,1.460655	3.2252202034
18:27:48	3.707579,4.161459,1.455420	3.695282,4.098086,1.463152	-0.294587,0.605940,10.617122	3.707579,4.161459,1.455420	3.16187667847
18:27:48	3.708105,4.175303,1.455693	3.695364,4.090554,1.472988	0.114961,-0.067061,10.391990	3.708105,4.175303,1.455693	3.18299102783
18:27:49	3.708815,4.189782,1.452470	3.694865,4.113604,1.472647	0.028740,0.296982,10.454260	3.708815,4.189782,1.452470	3.18299102783
18:27:49	3.709675,4.202980,1.447484	3.694540,4.137424,1.420827	0.313748,-0.055085,10.360854	3.709675,4.202980,1.447484	3.21466302872
18:27:49	3.709098,4.214760,1.443016	3.725805,4.129712,1.431389	0.047900,0.268242,9.594448	3.709098,4.214760,1.443016	3.36774206161
18:27:49	3.711964,4.227293,1.420744	3.693018,4.154662,1.452067	0.198787,0.629890,10.502161	3.711964,4.227293,1.420744	3.21466302872
18:27:49	3.715233,4.237320,1.414889	3.723883,4.180067,1.436202	-0.241897,0.067061,10.825488	3.715233,4.237320,1.414889	3.08797645569
18:27:49	3.715233,4.237320,1.414889	3.722860,4.177608,1.431245	-0.273032,0.531694,9.946516	3.715233,4.237320,1.414889	3.08797645569
18:27:49	3.715233,4.237320,1.414889	3.727627,4.140288,1.457068	-0.196392,-0.031135,10.629097	3.715233,4.237320,1.414889	3.24633455276
18:27:49	3.715233,4.237320,1.414889	3.727627,4.140288,1.457068	0.775986,0.376018,10.391990	3.715233,4.237320,1.414889	3.07214069366
18:27:49	3.715233,4.237320,1.414889	3.727627,4.140288,1.457068	0.098196,0.785566,10.128538	3.715233,4.237320,1.414889	3.2252202034
18:27:49	3.715233,4.237320,1.414889	3.727627,4.140288,1.457068	1.013093,1.104104,10.059082	3.715233,4.237320,1.414889	3.2252202034
18:27:50	3.715233,4.237320,1.414889	3.727627,4.140288,1.457068	0.203577,0.538879,10.552456	3.715233,4.237320,1.414889	3.21994161606
18:27:50	3.715233,4.237320,1.414889	3.727627,4.140288,1.457068	0.162861,-0.007185,10.408755	3.715233,4.237320,1.414889	3.21994161606
18:27:50	3.715233,4.237320,1.414889	3.727627,4.140288,1.457068	0.033530,0.711321,10.552456	3.715233,4.237320,1.414889	3.21994161606
18:27:50	3.715233,4.237320,1.414889	3.727627,4.140288,1.457068	0.232317,0.902922,10.095007	3.715233,4.237320,1.414889	3.21994161606
18:27:50	3.715233,4.237320,1.414889	3.727627,4.140288,1.457068	0.296982,0.802332,10.051897	3.715233,4.237320,1.414889	3.21994161606
18:27:50	3.715233,4.237320,1.414889	3.727627,4.140288,1.457068	0.265847,0.404758,10.365645	3.715233,4.237320,1.414889	3.2252202034
18:27:50	3.715233,4.237320,1.414889	3.727627,4.140288,1.457068	-0.100591,0.847837,10.241104	3.715233,4.237320,1.414889	3.21994161606
18:27:50	3.715233,4.237320,1.414889	3.727627,4.140288,1.457068	0.378413,0.035925,10.286609	3.715233,4.237320,1.414889	3.21994161606
18:27:50	3.715233,4.237320,1.414889	3.727627,4.140288,1.457068	0.361648,0.541274,10.178833	3.715233,4.237320,1.414889	3.21994161606
18:27:50	3.715233,4.237320,1.414889	3.727627,4.140288,1.457068	0.189207,0.505349,10.521321	3.715233,4.237320,1.414889	3.21994161606
18:27:51	3.715233,4.237320,1.414889	3.727627,4.140288,1.457068	0.246687,0.079036,10.403965	3.715233,4.237320,1.414889	3.21466302872
18:27:51	3.715233,4.237320,1.414889	3.727627,4.140288,1.457068	0.340093,0.718506,10.109377	3.715233,4.237320,1.414889	3.21466302872
18:27:51	3.715233,4.237320,1.414889	3.727627,4.140288,1.457068	0.064666,0.428708,10.353669	3.715233,4.237320,1.414889	3.21994161606
18:27:51	3.715233,4.237320,1.414889	3.727627,4.140288,1.457068	0.148491,0.342488,10.104587	3.715233,4.237320,1.414889	3.21466302872
18:27:51	3.715233,4.237320,1.414889	3.727627,4.140288,1.457068	0.153281,0.148491,10.483000	3.715233,4.237320,1.414889	3.21466302872
18:27:51	3.715233,4.237320,1.414889	3.727627,4.140288,1.457068	0.584385,0.356858,10.147698	3.715233,4.237320,1.414889	3.21466302872
18:27:51	3.715233,4.237320,1.414889	3.727627,4.140288,1.457068	0.462239,0.850232,9.057964	3.715233,4.237320,1.414889	3.21466302872
18:27:51	3.715233,4.237320,1.414889	3.727627,4.140288,1.457068	0.541274,0.153281,8.749006	3.715233,4.237320,1.414889	3.28328466415
18:27:51	3.715233,4.237320,1.414889	3.727627,4.140288,1.457068	0.165256,0.661025,9.105864	3.715233,4.237320,1.414889	3.2885632515
18:27:51	3.715233,4.237320,1.414889	3.727627,4.140288,1.457068	0.026345,0.397573,9.000483	3.715233,4.237320,1.414889	3.29384183884
18:27:52	3.946597,4.404242,0.921441	3.727627,4.140288,1.457068	0.330513,0.459844,8.789722	3.946597,4.404242,0.921441	3.30439901352
18:27:52	3.947756,4.434881,0.813239	3.874922,4.348867,1.221343	0.239502,0.138911,10.047107	3.947756,4.434881,0.813239	3.15131950378
18:27:52	3.948947,4.464744,0.718006	3.928352,4.327023,1.067485	-0.069456,0.536484,10.478210	3.948947,4.464744,0.718006	3.15131950378
18:27:52	3.945378,4.493455,0.636779	3.940894,4.374860,1.008439	-0.239502,0.431104,10.660232	3.945378,4.493455,0.636779	3.16187667847
18:27:52	3.938129,4.520891,0.562162	3.937632,4.380689,0.856435	0.239502,2.768643,11.218271	3.938129,4.520891,0.562162	3.20938444138
18:27:52	3.928984,4.546793,0.495227	3.920499,4.379121,0.768288	0.505349,1.252595,11.064990	3.928984,4.546793,0.495227	3.19354820251
18:27:52	3.919590,4.568820,0.435519	3.912699,4.405795,0.712568	1.257385,3.343447,10.471025	3.919590,4.568820,0.435519	3.19354820251
18:27:52	3.910622,4.585475,0.365869	3.905056,4.427405,0.658686	0.069456,0.352068,5.429509	3.910622,4.585475,0.365869	3.27272748947
