# Flight Log 
# 25 08 17 - 18:27:26
Time		X,Y,Z				goalX,goalY,goalZ		ddx,ddy,ddz			angularx,angulary,angularz	battery
18:27:26	0.000000,0.000000,0.000000	0.000000,0.000000,0.000000	0.000000,0.000000,0.000000	0.000000,0.000000,0.000000	0
18:27:26	0.000000,0.000000,0.000000	0.000000,0.000000,0.000000	0.000000,0.000000,0.000000	0.000000,0.000000,0.000000	0
18:27:27	0.672567,2.226650,0.327455	0.675729,2.067022,0.348759	0.000000,0.000000,0.000000	0.672567,2.226650,0.327455	0
18:27:27	0.672565,2.226639,0.327450	0.675725,2.067037,0.348761	0.000000,0.000000,0.000000	0.672565,2.226639,0.327450	0
18:27:27	0.672571,2.226639,0.327448	0.675677,2.067016,0.348455	0.000000,0.000000,0.000000	0.672571,2.226639,0.327448	0
18:27:27	0.672564,2.226648,0.327445	0.675726,2.067025,0.348758	0.000000,0.000000,0.000000	0.672564,2.226648,0.327445	0
18:27:27	0.672576,2.226645,0.327448	0.675698,2.066941,0.348762	0.000000,0.000000,0.000000	0.672576,2.226645,0.327448	0
18:27:27	0.672536,2.226555,0.327459	0.675714,2.067031,0.348762	0.000000,0.000000,0.000000	0.672536,2.226555,0.327459	0
18:27:27	0.672570,2.226645,0.327463	0.675705,2.066937,0.348763	0.000000,0.000000,0.000000	0.672570,2.226645,0.327463	0
18:27:27	0.672576,2.226642,0.327448	0.675681,2.066994,0.348692	0.000000,0.000000,0.000000	0.672576,2.226642,0.327448	0
18:27:27	0.672569,2.226640,0.327451	0.675679,2.066985,0.348694	0.000000,0.000000,0.000000	0.672569,2.226640,0.327451	0
18:27:27	0.672521,2.226601,0.327369	0.675720,2.067026,0.348761	0.000000,0.000000,0.000000	0.672521,2.226601,0.327369	0
18:27:28	0.672569,2.226647,0.327446	0.675686,2.066991,0.348696	0.000000,0.000000,0.000000	0.672569,2.226647,0.327446	0
18:27:28	0.672529,2.226555,0.327450	0.675734,2.067026,0.348759	0.000000,0.000000,0.000000	0.672529,2.226555,0.327450	0
18:27:28	0.672511,2.226610,0.327368	0.675633,2.066979,0.348388	0.000000,0.000000,0.000000	0.672511,2.226610,0.327368	0
18:27:28	0.672558,2.226639,0.327453	0.675722,2.067018,0.348751	0.000000,0.000000,0.000000	0.672558,2.226639,0.327453	0
18:27:28	0.672571,2.226637,0.327451	0.675701,2.066941,0.348760	0.000000,0.000000,0.000000	0.672571,2.226637,0.327451	0
18:27:28	0.672543,2.226549,0.327449	0.675726,2.067023,0.348753	0.000000,0.000000,0.000000	0.672543,2.226549,0.327449	0
18:27:28	0.672570,2.226638,0.327444	0.675726,2.067024,0.348750	0.000000,0.000000,0.000000	0.672570,2.226638,0.327444	0
18:27:28	0.672486,2.226516,0.327373	0.675724,2.067022,0.348756	0.000000,0.000000,0.000000	0.672486,2.226516,0.327373	0
18:27:28	0.672557,2.226646,0.327451	0.675678,2.067016,0.348456	0.000000,0.000000,0.000000	0.672557,2.226646,0.327451	0
18:27:28	0.672567,2.226639,0.327447	0.675691,2.067024,0.348458	0.000000,0.000000,0.000000	0.672567,2.226639,0.327447	0
18:27:29	0.672578,2.226641,0.327453	0.675677,2.067022,0.348455	0.000000,0.000000,0.000000	0.672578,2.226641,0.327453	0
18:27:29	0.672571,2.226646,0.327451	0.675630,2.066982,0.348396	0.000000,0.000000,0.000000	0.672571,2.226646,0.327451	0
18:27:29	0.672508,2.226606,0.327373	0.675682,2.067022,0.348454	0.000000,0.000000,0.000000	0.672508,2.226606,0.327373	0
18:27:29	0.672570,2.226643,0.327457	0.675685,2.066988,0.348690	0.000000,0.000000,0.000000	0.672570,2.226643,0.327457	0
18:27:29	0.672565,2.226645,0.327446	0.675670,2.067027,0.348457	0.000000,0.000000,0.000000	0.672565,2.226645,0.327446	0
18:27:29	0.672567,2.226634,0.327455	0.675681,2.066992,0.348699	0.000000,0.000000,0.000000	0.672567,2.226634,0.327455	0
18:27:29	0.672566,2.226639,0.327446	0.675697,2.066932,0.348751	0.000000,0.000000,0.000000	0.672566,2.226639,0.327446	0
18:27:29	0.672568,2.226644,0.327448	0.675650,2.066901,0.348692	0.000000,0.000000,0.000000	0.672568,2.226644,0.327448	0
18:27:29	0.672569,2.226647,0.327452	0.675706,2.066931,0.348756	0.000000,0.000000,0.000000	0.672569,2.226647,0.327452	0
18:27:29	0.672571,2.226635,0.327454	0.675704,2.066805,0.344163	0.000000,0.000000,0.000000	0.672571,2.226635,0.327454	0
18:27:30	0.672536,2.226545,0.327453	0.675723,2.066888,0.344164	0.000000,0.000000,0.000000	0.672536,2.226545,0.327453	0
18:27:30	0.672571,2.226639,0.327457	0.675732,2.066894,0.344163	0.000000,0.000000,0.000000	0.672571,2.226639,0.327457	0
18:27:30	0.672542,2.226551,0.327453	0.675725,2.066892,0.344161	0.000000,0.000000,0.000000	0.672542,2.226551,0.327453	0
18:27:30	0.672565,2.226645,0.327456	0.675691,2.066943,0.348759	0.000000,0.000000,0.000000	0.672565,2.226645,0.327456	0
18:27:30	0.672575,2.226633,0.327441	0.675732,2.067026,0.348757	0.000000,0.000000,0.000000	0.672575,2.226633,0.327441	0
18:27:30	0.672572,2.226638,0.327442	0.675720,2.067035,0.348750	0.000000,0.000000,0.000000	0.672572,2.226638,0.327442	0
18:27:30	0.672573,2.226641,0.327447	0.675650,2.066914,0.348695	0.000000,0.000000,0.000000	0.672573,2.226641,0.327447	0
18:27:30	0.672555,2.226650,0.327446	0.675727,2.066895,0.344165	0.000000,0.000000,0.000000	0.672555,2.226650,0.327446	0
18:27:30	0.672565,2.226635,0.327449	0.675675,2.066850,0.344103	0.000000,0.000000,0.000000	0.672565,2.226635,0.327449	0
18:27:30	0.672558,2.226650,0.327458	0.675725,2.066889,0.344164	0.000000,0.000000,0.000000	0.672558,2.226650,0.327458	0
18:27:31	0.672566,2.226641,0.327448	0.675730,2.066894,0.344170	0.000000,0.000000,0.000000	0.672566,2.226641,0.327448	0
18:27:31	0.672564,2.226639,0.327446	0.675682,2.066850,0.344107	0.000000,0.000000,0.000000	0.672564,2.226639,0.327446	0
18:27:31	0.672569,2.226635,0.327446	0.675677,2.066881,0.343929	0.000000,0.000000,0.000000	0.672569,2.226635,0.327446	0
18:27:31	0.672568,2.226634,0.327446	0.675680,2.066884,0.343927	0.000000,0.000000,0.000000	0.672568,2.226634,0.327446	0
18:27:31	0.672565,2.226643,0.327451	0.675728,2.066885,0.344168	0.000000,0.000000,0.000000	0.672565,2.226643,0.327451	0
18:27:31	0.672539,2.226547,0.327449	0.678026,2.066958,0.344163	0.000000,0.000000,0.000000	0.672539,2.226547,0.327449	0
18:27:31	0.672540,2.226541,0.327455	0.678030,2.066957,0.344159	0.000000,0.000000,0.000000	0.672540,2.226541,0.327455	0
18:27:31	0.672564,2.226645,0.327453	0.677996,2.067002,0.348753	0.000000,0.000000,0.000000	0.672564,2.226645,0.327453	0
18:27:31	0.672531,2.226548,0.327448	0.680275,2.067138,0.348669	0.000000,0.000000,0.000000	0.672531,2.226548,0.327448	0
18:27:31	0.672564,2.226644,0.327450	0.682758,2.067329,0.349029	0.000000,0.000000,0.000000	0.672564,2.226644,0.327450	0
18:27:32	0.672572,2.226645,0.327460	0.685252,2.067701,0.354012	0.000000,0.000000,0.000000	0.672572,2.226645,0.327460	0
18:27:32	0.672566,2.226633,0.327449	0.687806,2.067943,0.354377	0.000000,0.000000,0.000000	0.672566,2.226633,0.327449	0
18:27:32	0.672509,2.226593,0.327372	0.693101,2.068797,0.359974	0.000000,0.000000,0.000000	0.672509,2.226593,0.327372	0
18:27:32	0.672559,2.226644,0.327458	0.696216,2.069291,0.360914	0.000000,0.000000,0.000000	0.672559,2.226644,0.327458	0
18:27:32	0.672560,2.226641,0.327447	0.699955,2.069977,0.362450	0.000000,0.000000,0.000000	0.672560,2.226641,0.327447	0
18:27:32	0.672561,2.226645,0.327460	0.703503,2.070695,0.363503	0.000000,0.000000,0.000000	0.672561,2.226645,0.327460	0
18:27:32	0.672559,2.226640,0.327454	0.707306,2.071254,0.359056	0.000000,0.000000,0.000000	0.672559,2.226640,0.327454	0
18:27:32	0.672568,2.226639,0.327457	0.710674,2.071808,0.353825	0.000000,0.000000,0.000000	0.672568,2.226639,0.327457	0
18:27:32	0.672564,2.226647,0.327453	0.714107,2.072482,0.348423	0.000000,0.000000,0.000000	0.672564,2.226647,0.327453	0
18:27:32	0.672562,2.226636,0.327450	0.717610,2.073298,0.342844	0.000000,0.000000,0.000000	0.672562,2.226636,0.327450	0
18:27:33	0.672562,2.226638,0.327450	0.721182,2.074209,0.331178	0.000000,0.000000,0.000000	0.672562,2.226638,0.327450	0
18:27:33	0.672534,2.226550,0.327466	0.724754,2.075304,0.325207	0.000000,0.000000,0.000000	0.672534,2.226550,0.327466	0
18:27:33	0.672563,2.226647,0.327445	0.725690,2.075780,0.319059	0.000000,0.000000,0.000000	0.672563,2.226647,0.327445	0
18:27:33	0.672545,2.226553,0.327457	0.729359,2.077233,0.312781	0.000000,0.000000,0.000000	0.672545,2.226553,0.327457	0
18:27:33	0.672559,2.226628,0.327446	0.730335,2.077816,0.306246	0.000000,0.000000,0.000000	0.672559,2.226628,0.327446	0
18:27:33	0.672536,2.226549,0.327461	0.732420,2.078952,0.298963	0.000000,0.000000,0.000000	0.672536,2.226549,0.327461	0
18:27:33	0.672559,2.226637,0.327456	0.736371,2.080618,0.298647	0.000000,0.000000,0.000000	0.672559,2.226637,0.327456	0
18:27:33	0.672582,2.226642,0.327451	0.739979,2.082673,0.290050	0.000000,0.000000,0.000000	0.672582,2.226642,0.327451	0
18:27:33	0.672576,2.226635,0.327449	0.742525,2.084598,0.281420	0.000000,0.000000,0.000000	0.672576,2.226635,0.327449	0
18:27:33	0.672535,2.226601,0.327365	0.748360,2.087654,0.280030	0.000000,0.000000,0.000000	0.672535,2.226601,0.327365	0
18:27:34	0.672580,2.226633,0.327446	0.754413,2.091330,0.278644	0.000000,0.000000,0.000000	0.672580,2.226633,0.327446	0
18:27:34	0.672573,2.226639,0.327446	0.760280,2.095972,0.269651	0.000000,0.000000,0.000000	0.672573,2.226639,0.327446	0
18:27:34	0.672572,2.226642,0.327439	0.763839,2.098719,0.267222	0.000000,0.000000,0.000000	0.672572,2.226642,0.327439	0
18:27:34	0.672503,2.226596,0.327375	0.775388,2.107759,0.267693	0.000000,0.000000,0.000000	0.672503,2.226596,0.327375	0
18:27:34	0.672556,2.226629,0.327458	0.779646,2.111598,0.267579	0.000000,0.000000,0.000000	0.672556,2.226629,0.327458	0
18:27:34	0.672551,2.226637,0.327452	0.780985,2.114174,0.258522	0.000000,0.000000,0.000000	0.672551,2.226637,0.327452	0
18:27:34	0.672494,2.226584,0.327363	0.786514,2.120781,0.252144	0.000000,0.000000,0.000000	0.672494,2.226584,0.327363	0
18:27:34	0.672567,2.226635,0.327454	0.791425,2.128072,0.243475	0.000000,0.000000,0.000000	0.672567,2.226635,0.327454	0
18:27:34	0.672558,2.226633,0.327453	0.792410,2.130618,0.237692	0.000000,0.000000,0.000000	0.672558,2.226633,0.327453	0
18:27:34	0.672563,2.226642,0.327456	0.796677,2.138297,0.229560	0.000000,0.000000,0.000000	0.672563,2.226642,0.327456	0
18:27:35	0.672583,2.226636,0.327457	0.800446,2.146320,0.221793	0.000000,0.000000,0.000000	0.672583,2.226636,0.327457	0
18:27:35	0.672576,2.226648,0.327449	0.803788,2.154577,0.214442	0.000000,0.000000,0.000000	0.672576,2.226648,0.327449	0
18:27:35	0.672562,2.226637,0.327455	0.805250,2.159738,0.208777	0.000000,0.000000,0.000000	0.672562,2.226637,0.327455	0
18:27:35	0.672590,2.226640,0.327451	0.807700,2.168073,0.202366	0.000000,0.000000,0.000000	0.672590,2.226640,0.327451	0
18:27:35	0.672509,2.226554,0.327456	0.811916,2.179303,0.201966	0.000000,0.000000,0.000000	0.672509,2.226554,0.327456	0
18:27:35	0.672520,2.226592,0.327369	0.813306,2.187734,0.196612	0.000000,0.000000,0.000000	0.672520,2.226592,0.327369	0
18:27:35	0.672565,2.226636,0.327458	0.814703,2.194827,0.195178	0.000000,0.000000,0.000000	0.672565,2.226636,0.327458	0
18:27:35	0.672533,2.226543,0.327450	0.816696,2.202778,0.196934	0.000000,0.000000,0.000000	0.672533,2.226543,0.327450	0
18:27:35	0.672586,2.226648,0.327462	0.819262,2.213904,0.202264	0.000000,0.000000,0.000000	0.672586,2.226648,0.327462	0
18:27:35	0.672502,2.226604,0.327373	0.819643,2.221533,0.201932	0.000000,0.000000,0.000000	0.672502,2.226604,0.327373	0
18:27:36	0.672559,2.226645,0.327463	0.821094,2.229230,0.208462	0.000000,0.000000,0.000000	0.672559,2.226645,0.327463	0
18:27:36	0.672566,2.226648,0.327463	0.822662,2.240174,0.220476	0.000000,0.000000,0.000000	0.672566,2.226648,0.327463	0
18:27:36	0.672565,2.226640,0.327451	0.823898,2.246813,0.231921	0.000000,0.000000,0.000000	0.672565,2.226640,0.327451	0
18:27:36	0.672578,2.226641,0.327460	0.823928,2.246890,0.231918	0.000000,0.000000,0.000000	0.672578,2.226641,0.327460	0
18:27:36	0.672557,2.226653,0.327460	0.824835,2.256387,0.249391	0.000000,0.000000,0.000000	0.672557,2.226653,0.327460	0
18:27:36	0.672568,2.226637,0.327458	0.824922,2.261697,0.259296	0.000000,0.000000,0.000000	0.672568,2.226637,0.327458	0
18:27:36	0.672514,2.226606,0.327380	0.824826,2.264954,0.265899	0.000000,0.000000,0.000000	0.672514,2.226606,0.327380	0
18:27:36	0.672566,2.226632,0.327449	0.824783,2.264919,0.265854	0.000000,0.000000,0.000000	0.672566,2.226632,0.327449	0
18:27:36	0.672571,2.226644,0.327453	0.824448,2.269556,0.274874	0.000000,0.000000,0.000000	0.672571,2.226644,0.327453	0
18:27:36	0.672567,2.226638,0.327456	0.823106,2.274416,0.276389	0.000000,0.000000,0.000000	0.672567,2.226638,0.327456	0
18:27:37	0.672568,2.226626,0.327458	0.822614,2.276291,0.277573	0.000000,0.000000,0.000000	0.672568,2.226626,0.327458	0
18:27:37	0.672559,2.226638,0.327453	0.822046,2.278032,0.278657	0.000000,0.000000,0.000000	0.672559,2.226638,0.327453	0
18:27:37	0.672568,2.226634,0.327452	0.820246,2.283116,0.279302	0.000000,0.000000,0.000000	0.672568,2.226634,0.327452	0
18:27:37	0.672540,2.226552,0.327448	0.819771,2.284739,0.280381	0.000000,0.000000,0.000000	0.672540,2.226552,0.327448	0
18:27:37	0.672568,2.226646,0.327455	0.818596,2.288650,0.287033	0.000000,0.000000,0.000000	0.672568,2.226646,0.327455	0
18:27:37	0.672562,2.226639,0.327449	0.818148,2.290016,0.287971	0.000000,0.000000,0.000000	0.672562,2.226639,0.327449	0
18:27:37	0.672562,2.226642,0.327452	0.818369,2.290448,0.294495	0.000000,0.000000,0.000000	0.672562,2.226642,0.327452	0
18:27:37	0.672562,2.226639,0.327451	0.817139,2.293840,0.300373	0.000000,0.000000,0.000000	0.672562,2.226639,0.327451	0
18:27:37	0.672570,2.226647,0.327454	0.816814,2.295009,0.305842	0.000000,0.000000,0.000000	0.672570,2.226647,0.327454	0
18:27:37	0.672513,2.226600,0.327371	0.816457,2.296119,0.311108	0.000000,0.000000,0.000000	0.672513,2.226600,0.327371	0
18:27:38	0.672514,2.226601,0.327376	0.815123,2.299054,0.316255	0.000000,0.000000,0.000000	0.672514,2.226601,0.327376	0
18:27:38	0.672539,2.226549,0.327452	0.814666,2.299953,0.321034	0.000000,0.000000,0.000000	0.672539,2.226549,0.327452	0
18:27:38	0.672505,2.226603,0.327379	0.813349,2.302641,0.330291	0.000000,0.000000,0.000000	0.672505,2.226603,0.327379	0
18:27:38	0.672514,2.226612,0.327372	0.812904,2.303402,0.334662	0.000000,0.000000,0.000000	0.672514,2.226612,0.327372	0
18:27:38	0.672572,2.226640,0.327458	0.811496,2.305782,0.338789	0.000000,0.000000,0.000000	0.672572,2.226640,0.327458	0
18:27:38	0.672573,2.226638,0.327448	0.810664,2.307098,0.342553	0.000000,0.000000,0.000000	0.672573,2.226638,0.327448	0
18:27:38	0.672560,2.226647,0.327455	0.810092,2.307610,0.350428	0.000000,0.000000,0.000000	0.672560,2.226647,0.327455	0
18:27:38	0.672555,2.226640,0.327466	0.809543,2.308111,0.353947	0.000000,0.000000,0.000000	0.672555,2.226640,0.327466	0
18:27:38	0.672540,2.226553,0.327450	0.809118,2.308663,0.357487	0.000000,0.000000,0.000000	0.672540,2.226553,0.327450	0
18:27:38	0.672568,2.226640,0.327451	0.808453,2.309038,0.364642	0.000000,0.000000,0.000000	0.672568,2.226640,0.327451	0
18:27:39	0.672566,2.226637,0.327456	0.808453,2.308564,0.367377	0.000000,0.000000,0.000000	0.672566,2.226637,0.327456	0
18:27:39	0.672565,2.226643,0.327449	0.808577,2.307592,0.374267	0.000000,0.000000,0.000000	0.672565,2.226643,0.327449	0
18:27:39	0.672559,2.226639,0.327452	0.808325,2.307455,0.377886	0.000000,0.000000,0.000000	0.672559,2.226639,0.327452	0
18:27:39	0.672559,2.226639,0.327457	0.808585,2.306512,0.380961	0.000000,0.000000,0.000000	0.672559,2.226639,0.327457	0
18:27:39	0.672551,2.226638,0.327458	0.809013,2.304585,0.386882	0.000000,0.000000,0.000000	0.672551,2.226638,0.327458	0
18:27:39	0.672570,2.226641,0.327451	0.808505,2.305125,0.389399	0.000000,0.000000,0.000000	0.672570,2.226641,0.327451	0
18:27:39	0.672565,2.226635,0.327456	0.809172,2.303518,0.391576	0.000000,0.000000,0.000000	0.672565,2.226635,0.327456	0
18:27:39	0.672564,2.226642,0.327457	0.809335,2.302646,0.394250	0.000000,0.000000,0.000000	0.672564,2.226642,0.327457	0
18:27:39	0.672566,2.226641,0.327451	0.808403,2.302803,0.399633	0.000000,0.000000,0.000000	0.672566,2.226641,0.327451	0
18:27:39	0.672561,2.226648,0.327463	0.809072,2.301420,0.401559	0.000000,0.000000,0.000000	0.672561,2.226648,0.327463	0
18:27:40	0.672563,2.226644,0.327446	0.808990,2.301213,0.402969	0.000000,0.000000,0.000000	0.672563,2.226644,0.327446	0
18:27:40	0.672538,2.226552,0.327457	0.808581,2.300851,0.407250	0.000000,0.000000,0.000000	0.672538,2.226552,0.327457	0
18:27:40	0.672506,2.226597,0.327377	0.807737,2.301091,0.411976	0.000000,0.000000,0.000000	0.672506,2.226597,0.327377	0
18:27:40	0.672533,2.226555,0.327463	0.807670,2.300899,0.413056	0.000000,0.000000,0.000000	0.672533,2.226555,0.327463	0
18:27:40	0.672537,2.226557,0.327449	0.807265,2.300527,0.416785	0.000000,0.000000,0.000000	0.672537,2.226557,0.327449	0
18:27:40	0.672558,2.226642,0.327464	0.806755,2.300832,0.418381	0.000000,0.000000,0.000000	0.672558,2.226642,0.327464	0
18:27:40	0.672569,2.226628,0.327451	0.805919,2.301054,0.422447	0.000000,0.000000,0.000000	0.672569,2.226628,0.327451	0
18:27:40	0.672576,2.226630,0.327454	0.805074,2.301992,0.424690	0.000000,0.000000,0.000000	0.672576,2.226630,0.327454	0
18:27:40	0.672575,2.226645,0.327450	0.804262,2.302129,0.428599	0.000000,0.000000,0.000000	0.672575,2.226645,0.327450	0
18:27:40	0.672567,2.226640,0.327455	0.803778,2.302369,0.429937	0.000000,0.000000,0.000000	0.672567,2.226640,0.327455	0
18:27:41	0.672515,2.226604,0.327372	0.803898,2.301726,0.431646	0.000000,0.000000,0.000000	0.672515,2.226604,0.327372	0
18:27:41	0.672570,2.226642,0.327458	0.803107,2.301839,0.435277	0.000000,0.000000,0.000000	0.672570,2.226642,0.327458	0
18:27:41	0.672571,2.226639,0.327446	0.802171,2.303155,0.436033	0.000000,0.000000,0.000000	0.672571,2.226639,0.327446	0
18:27:41	0.672566,2.226643,0.327460	0.801269,2.304426,0.436770	0.000000,0.000000,0.000000	0.672566,2.226643,0.327460	0
18:27:41	0.672538,2.226547,0.327462	0.800856,2.304689,0.437890	0.000000,0.000000,0.000000	0.672538,2.226547,0.327462	0
18:27:41	0.672553,2.226642,0.327455	0.800117,2.304728,0.441167	0.000000,0.000000,0.000000	0.672553,2.226642,0.327455	0
18:27:41	0.672559,2.226645,0.327450	0.799261,2.305892,0.441752	0.000000,0.000000,0.000000	0.672559,2.226645,0.327450	0
18:27:41	0.672533,2.226552,0.327466	0.798876,2.306035,0.442740	0.000000,0.000000,0.000000	0.672533,2.226552,0.327466	0
18:27:41	0.672512,2.226592,0.327373	0.799461,2.304974,0.443458	0.000000,0.000000,0.000000	0.672512,2.226592,0.327373	0
18:27:41	0.672503,2.226603,0.327382	0.799085,2.305189,0.444421	0.000000,0.000000,0.000000	0.672503,2.226603,0.327382	0
18:27:42	0.672562,2.226637,0.327456	0.798696,2.304949,0.446370	0.000000,0.000000,0.000000	0.672562,2.226637,0.327456	0
18:27:42	0.672568,2.226638,0.327445	0.798364,2.305128,0.447348	0.000000,0.000000,0.000000	0.672568,2.226638,0.327445	0
18:27:42	0.672511,2.226602,0.327372	0.798023,2.304905,0.449332	0.000000,0.000000,0.000000	0.672511,2.226602,0.327372	0
18:27:42	0.672480,2.226512,0.327371	0.797327,2.304917,0.452121	0.000000,0.000000,0.000000	0.672480,2.226512,0.327371	0
18:27:42	0.672523,2.226556,0.327462	0.797015,2.304775,0.454054	0.000000,0.000000,0.000000	0.672523,2.226556,0.327462	0
18:27:42	0.672566,2.226638,0.327458	0.796690,2.304979,0.454815	0.000000,0.000000,0.000000	0.672566,2.226638,0.327458	0
18:27:42	0.672531,2.226553,0.327455	0.795486,2.306460,0.455808	0.000000,0.000000,0.000000	0.672531,2.226553,0.327455	0
18:27:42	0.672571,2.226640,0.327452	0.794669,2.307024,0.457150	0.000000,0.000000,0.000000	0.672571,2.226640,0.327452	0
18:27:42	0.672554,2.226640,0.327464	0.793953,2.307656,0.458611	0.000000,0.000000,0.000000	0.672554,2.226640,0.327464	0
18:27:42	0.672530,2.226552,0.327451	0.793660,2.307836,0.459299	0.000000,0.000000,0.000000	0.672530,2.226552,0.327451	0
18:27:43	0.672564,2.226645,0.327450	0.792907,2.308393,0.460626	0.000000,0.000000,0.000000	0.672564,2.226645,0.327450	0
18:27:43	0.672570,2.226643,0.327455	0.793371,2.307984,0.459952	0.000000,0.000000,0.000000	0.672570,2.226643,0.327455	0
18:27:43	0.672562,2.226636,0.327452	0.793087,2.308146,0.460608	0.000000,0.000000,0.000000	0.672562,2.226636,0.327452	0
18:27:43	0.672561,2.226643,0.327457	0.793176,2.307429,0.461688	0.000000,0.000000,0.000000	0.672561,2.226643,0.327457	0
18:27:43	0.672571,2.226633,0.327447	0.792932,2.307679,0.462309	0.000000,0.000000,0.000000	0.672571,2.226633,0.327447	0
18:27:43	0.672569,2.226638,0.327451	0.792992,2.308045,0.461202	0.000000,0.000000,0.000000	0.672569,2.226638,0.327451	0
18:27:43	0.672490,2.226510,0.327369	0.792389,2.307977,0.463489	0.000000,0.000000,0.000000	0.672490,2.226510,0.327369	0
18:27:43	0.672571,2.226635,0.327457	0.792839,2.307586,0.462844	0.000000,0.000000,0.000000	0.672571,2.226635,0.327457	0
18:27:43	0.672573,2.226637,0.327454	0.792517,2.307697,0.463346	0.000000,0.000000,0.000000	0.672573,2.226637,0.327454	0
18:27:43	0.672561,2.226640,0.327445	0.793002,2.307367,0.462788	0.000000,0.000000,0.000000	0.672561,2.226640,0.327445	0
18:27:44	0.672542,2.226560,0.327453	0.793373,2.307927,0.460092	0.000000,0.000000,0.000000	0.672542,2.226560,0.327453	0
18:27:44	0.672568,2.226635,0.327457	0.794177,2.306810,0.459875	0.000000,0.000000,0.000000	0.672568,2.226635,0.327457	0
18:27:44	0.672542,2.226553,0.327454	0.794182,2.306804,0.459883	0.000000,0.000000,0.000000	0.672542,2.226553,0.327454	0
18:27:44	0.672557,2.226638,0.327458	0.794913,2.306628,0.457608	0.000000,0.000000,0.000000	0.672557,2.226638,0.327458	0
18:27:44	0.672568,2.226639,0.327453	0.795305,2.306261,0.457004	0.000000,0.000000,0.000000	0.672568,2.226639,0.327453	0
18:27:44	0.672574,2.226646,0.327462	0.795312,2.306245,0.456987	0.000000,0.000000,0.000000	0.672574,2.226646,0.327462	0
18:27:44	0.672580,2.226634,0.327456	0.795710,2.305874,0.456371	0.000000,0.000000,0.000000	0.672580,2.226634,0.327456	0
18:27:44	0.672558,2.226640,0.327457	0.796362,2.305654,0.454051	0.000000,0.000000,0.000000	0.672558,2.226640,0.327457	0
18:27:44	0.672563,2.226638,0.327449	0.796756,2.305289,0.453452	0.000000,0.000000,0.000000	0.672563,2.226638,0.327449	0
18:27:44	0.672558,2.226638,0.327458	0.796819,2.305685,0.452561	0.000000,0.000000,0.000000	0.672558,2.226638,0.327458	0
18:27:45	0.672547,2.226540,0.327449	0.797191,2.305323,0.451978	0.000000,0.000000,0.000000	0.672547,2.226540,0.327449	0
18:27:45	0.672572,2.226647,0.327454	0.797203,2.305685,0.451028	0.000000,0.000000,0.000000	0.672572,2.226647,0.327454	0
18:27:45	0.672495,2.226502,0.327374	0.797950,2.304948,0.449889	0.000000,0.000000,0.000000	0.672495,2.226502,0.327374	0
18:27:45	0.672570,2.226639,0.327451	0.798310,2.304586,0.449334	0.000000,0.000000,0.000000	0.672570,2.226639,0.327451	0
18:27:45	0.672560,2.226638,0.327447	0.798951,2.304401,0.447151	0.000000,0.000000,0.000000	0.672560,2.226638,0.327447	0
18:27:45	0.672568,2.226650,0.327453	0.799302,2.304041,0.446590	0.000000,0.000000,0.000000	0.672568,2.226650,0.327453	0
18:27:45	0.672575,2.226638,0.327460	0.799583,2.304203,0.444969	0.000000,0.000000,0.000000	0.672575,2.226638,0.327460	0
18:27:45	0.672534,2.226538,0.327455	0.799876,2.303798,0.444354	0.000000,0.000000,0.000000	0.672534,2.226538,0.327455	0
18:27:45	0.672513,2.226597,0.327376	0.800265,2.303488,0.443892	0.000000,0.000000,0.000000	0.672513,2.226597,0.327376	0
18:27:45	0.672543,2.226557,0.327461	0.800549,2.303087,0.443260	0.000000,0.000000,0.000000	0.672543,2.226557,0.327461	0
18:27:46	0.672571,2.226642,0.327471	0.801199,2.301936,0.443044	0.000000,0.000000,0.000000	0.672571,2.226642,0.327471	0
18:27:46	0.672569,2.226633,0.327460	0.801269,2.302072,0.443133	0.000000,0.000000,0.000000	0.672569,2.226633,0.327460	0
18:27:46	0.672569,2.226637,0.327453	0.801602,2.301714,0.442595	0.000000,0.000000,0.000000	0.672569,2.226637,0.327453	0
18:27:46	0.672566,2.226644,0.327454	0.802182,2.301528,0.440468	0.000000,0.000000,0.000000	0.672566,2.226644,0.327454	0
18:27:46	0.672575,2.226649,0.327456	0.802492,2.301168,0.439930	0.000000,0.000000,0.000000	0.672575,2.226649,0.327456	0
18:27:46	0.672569,2.226639,0.327462	0.802466,2.301545,0.439125	0.000000,0.000000,0.000000	0.672569,2.226639,0.327462	0
18:27:46	0.672570,2.226645,0.327449	0.802713,2.301157,0.438547	0.000000,0.000000,0.000000	0.672570,2.226645,0.327449	0
18:27:46	0.672566,2.226640,0.327449	0.803068,2.300860,0.438112	0.000000,0.000000,0.000000	0.672566,2.226640,0.327449	0
18:27:46	0.672546,2.226553,0.327467	0.803039,2.301208,0.437301	0.000000,0.000000,0.000000	0.672546,2.226553,0.327467	0
18:27:46	0.672577,2.226640,0.327453	0.803567,2.300506,0.436239	0.000000,0.000000,0.000000	0.672577,2.226640,0.327453	0
18:27:47	0.672573,2.226637,0.327447	0.803530,2.300860,0.435487	0.000000,0.000000,0.000000	0.672573,2.226637,0.327447	0
18:27:47	0.672565,2.226640,0.327449	0.803866,2.300570,0.435084	0.000000,0.000000,0.000000	0.672565,2.226640,0.327449	0
18:27:47	0.672565,2.226645,0.327448	0.803826,2.300915,0.434326	0.000000,0.000000,0.000000	0.672565,2.226645,0.327448	0
18:27:47	0.672539,2.226553,0.327464	0.803811,2.300920,0.434336	0.000000,0.000000,0.000000	0.672539,2.226553,0.327464	0
18:27:47	0.672557,2.226645,0.327458	0.804022,2.300968,0.432783	0.000000,0.000000,0.000000	0.672557,2.226645,0.327458	0
18:27:47	0.672571,2.226636,0.327464	0.803667,2.301702,0.432441	0.000000,0.000000,0.000000	0.672571,2.226636,0.327464	0
18:27:47	0.672566,2.226624,0.327468	0.803672,2.301693,0.432425	0.000000,0.000000,0.000000	0.672566,2.226624,0.327468	0
18:27:47	0.672566,2.226624,0.327451	0.803339,2.302891,0.431163	0.000000,0.000000,0.000000	0.672566,2.226624,0.327451	0
18:27:47	0.672575,2.226635,0.327464	0.802933,2.303506,0.430819	0.000000,0.000000,0.000000	0.672575,2.226635,0.327464	0
18:27:47	0.672564,2.226628,0.327467	0.802649,2.304219,0.430613	0.000000,0.000000,0.000000	0.672564,2.226628,0.327467	0
18:27:48	0.672564,2.226626,0.327448	0.802870,2.304345,0.429067	0.000000,0.000000,0.000000	0.672564,2.226626,0.327448	0
18:27:48	0.672506,2.226601,0.327379	0.802530,2.305013,0.428805	0.000000,0.000000,0.000000	0.672506,2.226601,0.327379	0
18:27:48	0.672569,2.226637,0.327459	0.802179,2.305655,0.428531	0.000000,0.000000,0.000000	0.672569,2.226637,0.327459	0
18:27:48	0.672541,2.226541,0.327460	0.802302,2.306067,0.426199	0.000000,0.000000,0.000000	0.672541,2.226541,0.327460	0
18:27:48	0.672571,2.226637,0.327442	0.801988,2.306655,0.426021	0.000000,0.000000,0.000000	0.672571,2.226637,0.327442	0
18:27:48	0.672562,2.226636,0.327462	0.801609,2.307343,0.425675	0.000000,0.000000,0.000000	0.672562,2.226636,0.327462	0
18:27:48	0.672540,2.226549,0.327468	0.801818,2.307469,0.424111	0.000000,0.000000,0.000000	0.672540,2.226549,0.327468	0
18:27:48	0.672566,2.226638,0.327471	0.801462,2.308104,0.423861	0.000000,0.000000,0.000000	0.672566,2.226638,0.327471	0
18:27:48	0.672564,2.226635,0.327432	0.801132,2.308741,0.423627	0.000000,0.000000,0.000000	0.672564,2.226635,0.327432	0
18:27:48	0.672551,2.226638,0.327448	0.801181,2.308770,0.423697	0.000000,0.000000,0.000000	0.672551,2.226638,0.327448	0
18:27:49	0.672542,2.226547,0.327483	0.800817,2.309394,0.423401	0.000000,0.000000,0.000000	0.672542,2.226547,0.327483	0
18:27:49	0.672518,2.226596,0.327381	0.800667,2.310141,0.421591	0.000000,0.000000,0.000000	0.672518,2.226596,0.327381	0
18:27:49	0.672563,2.226634,0.327438	0.800980,2.309793,0.421233	0.000000,0.000000,0.000000	0.672563,2.226634,0.327438	0
18:27:49	0.672553,2.226638,0.327463	0.800321,2.310753,0.421359	0.000000,0.000000,0.000000	0.672553,2.226638,0.327463	0
18:27:49	0.672516,2.226600,0.327385	0.800455,2.311137,0.419149	0.000000,0.000000,0.000000	0.672516,2.226600,0.327385	0
18:27:49	0.672561,2.226647,0.327452	0.800460,2.311128,0.419165	0.000000,0.000000,0.000000	0.672561,2.226647,0.327452	0
18:27:49	0.672482,2.226519,0.327362	0.832408,2.332238,0.442382	0.000000,0.000000,0.000000	0.672482,2.226519,0.327362	0
18:27:49	0.672567,2.226641,0.327434	0.832401,2.332234,0.442385	0.000000,0.000000,0.000000	0.672567,2.226641,0.327434	0
18:27:49	0.672504,2.226609,0.327368	0.832405,2.332224,0.442378	0.000000,0.000000,0.000000	0.672504,2.226609,0.327368	0
18:27:49	0.672566,2.226658,0.327462	0.832364,2.332136,0.442382	0.000000,0.000000,0.000000	0.672566,2.226658,0.327462	0
18:27:50	0.672543,2.226543,0.327451	0.832403,2.332236,0.442383	0.000000,0.000000,0.000000	0.672543,2.226543,0.327451	0
18:27:50	0.672566,2.226636,0.327448	0.832374,2.332149,0.442386	0.000000,0.000000,0.000000	0.672566,2.226636,0.327448	0
18:27:50	0.672573,2.226634,0.327459	0.832407,2.332237,0.442377	0.000000,0.000000,0.000000	0.672573,2.226634,0.327459	0
18:27:50	0.672516,2.226590,0.327383	0.832334,2.332206,0.442294	0.000000,0.000000,0.000000	0.672516,2.226590,0.327383	0
18:27:50	0.672563,2.226640,0.327470	0.832363,2.332151,0.442374	0.000000,0.000000,0.000000	0.672563,2.226640,0.327470	0
18:27:50	0.672566,2.226638,0.327451	0.832414,2.332246,0.442379	0.000000,0.000000,0.000000	0.672566,2.226638,0.327451	0
18:27:50	0.672550,2.226630,0.327434	0.832332,2.332115,0.442315	0.000000,0.000000,0.000000	0.672550,2.226630,0.327434	0
18:27:50	0.672477,2.226518,0.327375	0.832379,2.332142,0.442381	0.000000,0.000000,0.000000	0.672477,2.226518,0.327375	0
18:27:50	0.672572,2.226657,0.327477	0.832393,2.332232,0.442368	0.000000,0.000000,0.000000	0.672572,2.226657,0.327477	0
18:27:50	0.672582,2.226652,0.327466	0.832402,2.332235,0.442364	0.000000,0.000000,0.000000	0.672582,2.226652,0.327466	0
18:27:51	0.672572,2.226641,0.327459	0.832405,2.332228,0.442390	0.000000,0.000000,0.000000	0.672572,2.226641,0.327459	0
18:27:51	0.672567,2.226627,0.327440	0.832412,2.332234,0.442393	0.000000,0.000000,0.000000	0.672567,2.226627,0.327440	0
18:27:51	0.672556,2.226630,0.327441	0.832381,2.332143,0.442383	0.000000,0.000000,0.000000	0.672556,2.226630,0.327441	0
18:27:51	0.672561,2.226639,0.327453	0.832406,2.332218,0.442384	0.000000,0.000000,0.000000	0.672561,2.226639,0.327453	0
18:27:51	0.672574,2.226645,0.327448	0.832417,2.332223,0.442382	0.000000,0.000000,0.000000	0.672574,2.226645,0.327448	0
18:27:51	0.672540,2.226565,0.327456	0.832400,2.332225,0.442389	0.000000,0.000000,0.000000	0.672540,2.226565,0.327456	0
18:27:51	0.672511,2.226618,0.327370	0.832407,2.332227,0.442399	0.000000,0.000000,0.000000	0.672511,2.226618,0.327370	0
18:27:51	0.672526,2.226615,0.327360	0.832410,2.332216,0.442392	0.000000,0.000000,0.000000	0.672526,2.226615,0.327360	0
18:27:51	0.672563,2.226646,0.327457	0.832371,2.332128,0.442377	0.000000,0.000000,0.000000	0.672563,2.226646,0.327457	0
18:27:51	0.672573,2.226655,0.327468	0.832348,2.332190,0.442303	0.000000,0.000000,0.000000	0.672573,2.226655,0.327468	0
18:27:52	0.672524,2.226564,0.327478	0.832401,2.332227,0.442385	0.000000,0.000000,0.000000	0.672524,2.226564,0.327478	0
18:27:52	0.672564,2.226637,0.327461	0.836995,2.337004,0.383369	0.000000,0.000000,0.000000	0.672564,2.226637,0.327461	0
18:27:52	0.672484,2.226510,0.327383	0.837010,2.338023,0.373243	0.000000,0.000000,0.000000	0.672484,2.226510,0.327383	0
18:27:52	0.672563,2.226625,0.327466	0.837042,2.337980,0.373321	0.000000,0.000000,0.000000	0.672563,2.226625,0.327466	0
18:27:52	0.672561,2.226638,0.327471	0.836312,2.340506,0.355087	0.000000,0.000000,0.000000	0.672561,2.226638,0.327471	0
18:27:52	0.672536,2.226544,0.327467	0.851304,2.290606,0.453347	0.000000,0.000000,0.000000	0.672536,2.226544,0.327467	0
18:27:52	0.672519,2.226600,0.327372	0.851305,2.290600,0.453362	0.000000,0.000000,0.000000	0.672519,2.226600,0.327372	0
18:27:52	0.672572,2.226636,0.327463	0.851304,2.290596,0.453352	0.000000,0.000000,0.000000	0.672572,2.226636,0.327463	0
