# Flight Log 
# 25 08 17 - 17:18:18
Time		X,Y,Z				goalX,goalY,goalZ		ddx,ddy,ddz			angularx,angulary,angularz	battery
17:18:18	0.000000,0.000000,0.000000	0.000000,0.000000,0.000000	0.000000,0.000000,0.000000	0.000000,0.000000,0.000000	0
17:18:18	0.000000,0.000000,0.000000	0.000000,0.000000,0.000000	0.000000,0.000000,0.000000	0.000000,0.000000,0.000000	0
17:18:18	0.672479,2.226604,0.327313	0.675327,2.082531,0.466421	0.000000,0.000000,0.000000	0.672479,2.226604,0.327313	0
17:18:18	0.672481,2.226611,0.327312	0.675345,2.082489,0.466494	0.000000,0.000000,0.000000	0.672481,2.226611,0.327312	0
17:18:18	0.672533,2.226648,0.327403	0.675373,2.082583,0.466488	0.000000,0.000000,0.000000	0.672533,2.226648,0.327403	0
17:18:18	0.672477,2.226615,0.327311	0.675332,2.082538,0.466425	0.000000,0.000000,0.000000	0.672477,2.226615,0.327311	0
17:18:19	0.672508,2.226556,0.327394	0.675370,2.082584,0.466479	0.000000,0.000000,0.000000	0.672508,2.226556,0.327394	0
17:18:19	0.672477,2.226603,0.327316	0.675380,2.082586,0.466482	0.000000,0.000000,0.000000	0.672477,2.226603,0.327316	0
17:18:19	0.672443,2.226509,0.327314	0.675371,2.082583,0.466494	0.000000,0.000000,0.000000	0.672443,2.226509,0.327314	0
17:18:19	0.672531,2.226646,0.327395	0.675370,2.082586,0.466497	0.000000,0.000000,0.000000	0.672531,2.226646,0.327395	0
17:18:19	0.672541,2.226651,0.327390	0.675313,2.082547,0.466423	0.000000,0.000000,0.000000	0.672541,2.226651,0.327390	0
17:18:19	0.672527,2.226651,0.327393	0.675369,2.082585,0.466489	0.000000,0.000000,0.000000	0.672527,2.226651,0.327393	0
17:18:19	0.672490,2.226602,0.327320	0.675331,2.082549,0.466423	0.000000,0.000000,0.000000	0.672490,2.226602,0.327320	0
17:18:19	0.672496,2.226606,0.327308	0.675383,2.082577,0.466495	0.000000,0.000000,0.000000	0.672496,2.226606,0.327308	0
17:18:19	0.672531,2.226634,0.327396	0.675326,2.082548,0.466430	0.000000,0.000000,0.000000	0.672531,2.226634,0.327396	0
17:18:19	0.672528,2.226652,0.327399	0.675379,2.082581,0.466481	0.000000,0.000000,0.000000	0.672528,2.226652,0.327399	0
17:18:20	0.672542,2.226649,0.327401	0.675358,2.082497,0.466498	0.000000,0.000000,0.000000	0.672542,2.226649,0.327401	0
17:18:20	0.672488,2.226601,0.327314	0.675369,2.082576,0.466491	0.000000,0.000000,0.000000	0.672488,2.226601,0.327314	0
17:18:20	0.672546,2.226646,0.327396	0.675328,2.082541,0.466430	0.000000,0.000000,0.000000	0.672546,2.226646,0.327396	0
17:18:20	0.672533,2.226655,0.327404	0.675381,2.082578,0.466487	0.000000,0.000000,0.000000	0.672533,2.226655,0.327404	0
17:18:20	0.672460,2.226513,0.327318	0.675329,2.082547,0.466422	0.000000,0.000000,0.000000	0.672460,2.226513,0.327318	0
17:18:20	0.672480,2.226603,0.327316	0.675326,2.082555,0.466427	0.000000,0.000000,0.000000	0.672480,2.226603,0.327316	0
17:18:20	0.672527,2.226644,0.327402	0.675323,2.082541,0.466424	0.000000,0.000000,0.000000	0.672527,2.226644,0.327402	0
17:18:20	0.672534,2.226650,0.327403	0.675370,2.082589,0.466491	0.000000,0.000000,0.000000	0.672534,2.226650,0.327403	0
17:18:20	0.672536,2.226649,0.327389	0.675372,2.082595,0.466499	0.000000,0.000000,0.000000	0.672536,2.226649,0.327389	0
17:18:20	0.672477,2.226596,0.327320	0.675306,2.082453,0.466435	0.000000,0.000000,0.000000	0.672477,2.226596,0.327320	0
17:18:21	0.672479,2.226606,0.327316	0.675334,2.082541,0.466420	0.000000,0.000000,0.000000	0.672479,2.226606,0.327316	0
17:18:21	0.672449,2.226513,0.327315	0.675329,2.082531,0.466425	0.000000,0.000000,0.000000	0.672449,2.226513,0.327315	0
17:18:21	0.672483,2.226600,0.327316	0.675325,2.082545,0.466423	0.000000,0.000000,0.000000	0.672483,2.226600,0.327316	0
17:18:21	0.672483,2.226604,0.327310	0.675327,2.082543,0.466418	0.000000,0.000000,0.000000	0.672483,2.226604,0.327310	0
17:18:21	0.672506,2.226548,0.327392	0.675323,2.082537,0.466422	0.000000,0.000000,0.000000	0.672506,2.226548,0.327392	0
17:18:21	0.672485,2.226608,0.327312	0.675326,2.082538,0.466416	0.000000,0.000000,0.000000	0.672485,2.226608,0.327312	0
17:18:21	0.672480,2.226612,0.327313	0.675340,2.082545,0.466426	0.000000,0.000000,0.000000	0.672480,2.226612,0.327313	0
17:18:21	0.672527,2.226643,0.327397	0.675340,2.082484,0.466497	0.000000,0.000000,0.000000	0.672527,2.226643,0.327397	0
17:18:21	0.672476,2.226603,0.327317	0.675330,2.082542,0.466426	0.000000,0.000000,0.000000	0.672476,2.226603,0.327317	0
17:18:21	0.672538,2.226644,0.327398	0.675333,2.082540,0.466428	0.000000,0.000000,0.000000	0.672538,2.226644,0.327398	0
17:18:22	0.672544,2.226640,0.327392	0.675331,2.082543,0.466424	0.000000,0.000000,0.000000	0.672544,2.226640,0.327392	0
17:18:22	0.672487,2.226599,0.327310	0.675377,2.082580,0.466486	0.000000,0.000000,0.000000	0.672487,2.226599,0.327310	0
17:18:22	0.672488,2.226604,0.327314	0.675370,2.082576,0.466489	0.000000,0.000000,0.000000	0.672488,2.226604,0.327314	0
17:18:22	0.672462,2.226500,0.327311	0.675378,2.082576,0.466492	0.000000,0.000000,0.000000	0.672462,2.226500,0.327311	0
17:18:22	0.672490,2.226601,0.327320	0.675354,2.082489,0.466505	0.000000,0.000000,0.000000	0.672490,2.226601,0.327320	0
17:18:22	0.672535,2.226643,0.327401	0.675332,2.082547,0.466424	0.000000,0.000000,0.000000	0.672535,2.226643,0.327401	0
17:18:22	0.672541,2.226643,0.327392	0.675375,2.082576,0.466497	0.000000,0.000000,0.000000	0.672541,2.226643,0.327392	0
17:18:22	0.672489,2.226602,0.327313	0.675326,2.082534,0.466415	0.000000,0.000000,0.000000	0.672489,2.226602,0.327313	0
17:18:22	0.672517,2.226552,0.327389	0.675379,2.082583,0.466486	0.000000,0.000000,0.000000	0.672517,2.226552,0.327389	0
17:18:22	0.672488,2.226604,0.327314	0.675328,2.082539,0.466418	0.000000,0.000000,0.000000	0.672488,2.226604,0.327314	0
17:18:23	0.672539,2.226647,0.327391	0.678775,2.082621,0.466333	0.000000,0.000000,0.000000	0.672539,2.226647,0.327391	0
17:18:23	0.672542,2.226637,0.327388	0.678776,2.082628,0.466328	0.000000,0.000000,0.000000	0.672542,2.226637,0.327388	0
17:18:23	0.672483,2.226602,0.327307	0.678771,2.082631,0.466334	0.000000,0.000000,0.000000	0.672483,2.226602,0.327307	0
17:18:23	0.672492,2.226614,0.327321	0.678798,2.082579,0.466401	0.000000,0.000000,0.000000	0.672492,2.226614,0.327321	0
17:18:23	0.672479,2.226600,0.327318	0.678770,2.082633,0.466339	0.000000,0.000000,0.000000	0.672479,2.226600,0.327318	0
17:18:23	0.672533,2.226642,0.327388	0.678825,2.082664,0.466406	0.000000,0.000000,0.000000	0.672533,2.226642,0.327388	0
17:18:23	0.672484,2.226598,0.327313	0.678769,2.082625,0.466337	0.000000,0.000000,0.000000	0.672484,2.226598,0.327313	0
17:18:23	0.672483,2.226611,0.327313	0.678764,2.082629,0.466336	0.000000,0.000000,0.000000	0.672483,2.226611,0.327313	0
17:18:23	0.672488,2.226603,0.327311	0.678774,2.082621,0.466339	0.000000,0.000000,0.000000	0.672488,2.226603,0.327311	0
17:18:23	0.672537,2.226646,0.327394	0.678783,2.082623,0.466336	0.000000,0.000000,0.000000	0.672537,2.226646,0.327394	0
17:18:24	0.672537,2.226643,0.327396	0.678823,2.082654,0.466396	0.000000,0.000000,0.000000	0.672537,2.226643,0.327396	0
17:18:24	0.672477,2.226612,0.327317	0.682446,2.083493,0.468989	0.000000,0.000000,0.000000	0.672477,2.226612,0.327317	0
17:18:24	0.672542,2.226644,0.327399	0.685885,2.083688,0.468685	0.000000,0.000000,0.000000	0.672542,2.226644,0.327399	0
17:18:24	0.672490,2.226603,0.327318	0.689732,2.084768,0.471261	0.000000,0.000000,0.000000	0.672490,2.226603,0.327318	0
17:18:24	0.672489,2.226600,0.327313	0.693605,2.085903,0.473686	0.000000,0.000000,0.000000	0.672489,2.226600,0.327313	0
17:18:24	0.672478,2.226595,0.327314	0.697705,2.087248,0.476213	0.000000,0.000000,0.000000	0.672478,2.226595,0.327314	0
17:18:24	0.672533,2.226650,0.327399	0.701858,2.088724,0.478643	0.000000,0.000000,0.000000	0.672533,2.226650,0.327399	0
17:18:24	0.672534,2.226643,0.327392	0.706129,2.090370,0.481023	0.000000,0.000000,0.000000	0.672534,2.226643,0.327392	0
17:18:24	0.672482,2.226605,0.327312	0.710449,2.092157,0.483267	0.000000,0.000000,0.000000	0.672482,2.226605,0.327312	0
17:18:24	0.672540,2.226645,0.327408	0.714932,2.094100,0.485561	0.000000,0.000000,0.000000	0.672540,2.226645,0.327408	0
17:18:25	0.672532,2.226635,0.327395	0.720400,2.097728,0.490915	0.000000,0.000000,0.000000	0.672532,2.226635,0.327395	0
17:18:25	0.672503,2.226602,0.327315	0.721447,2.099218,0.494372	0.000000,0.000000,0.000000	0.672503,2.226602,0.327315	0
17:18:25	0.672539,2.226645,0.327400	0.726243,2.101842,0.496406	0.000000,0.000000,0.000000	0.672539,2.226645,0.327400	0
17:18:25	0.672528,2.226646,0.327396	0.728450,2.105294,0.503435	0.000000,0.000000,0.000000	0.672528,2.226646,0.327396	0
17:18:25	0.672541,2.226644,0.327393	0.733470,2.108380,0.505374	0.000000,0.000000,0.000000	0.672541,2.226644,0.327393	0
17:18:25	0.672487,2.226604,0.327319	0.735992,2.112695,0.512701	0.000000,0.000000,0.000000	0.672487,2.226604,0.327319	0
17:18:25	0.672482,2.226611,0.327318	0.741190,2.116411,0.514319	0.000000,0.000000,0.000000	0.672482,2.226611,0.327318	0
17:18:25	0.672537,2.226643,0.327397	0.743932,2.121555,0.521829	0.000000,0.000000,0.000000	0.672537,2.226643,0.327397	0
17:18:25	0.672543,2.226647,0.327381	0.749170,2.125824,0.522899	0.000000,0.000000,0.000000	0.672543,2.226647,0.327381	0
17:18:25	0.672592,2.226457,0.327216	0.752172,2.132045,0.530469	0.000000,0.000000,0.000000	0.672592,2.226457,0.327216	0
17:18:26	0.672551,2.226633,0.327399	0.757388,2.136680,0.530734	0.000000,0.000000,0.000000	0.672551,2.226633,0.327399	0
17:18:26	0.672544,2.226642,0.327405	0.760297,2.144148,0.537958	0.000000,0.000000,0.000000	0.672544,2.226642,0.327405	0
17:18:26	0.672544,2.226646,0.327400	0.765323,2.149540,0.537497	0.000000,0.000000,0.000000	0.672544,2.226646,0.327400	0
17:18:26	0.672531,2.226638,0.327402	0.771501,2.159293,0.539592	0.000000,0.000000,0.000000	0.672531,2.226638,0.327402	0
17:18:26	0.672486,2.226604,0.327313	0.776018,2.165051,0.538078	0.000000,0.000000,0.000000	0.672486,2.226604,0.327313	0
17:18:26	0.672468,2.226604,0.327317	0.781389,2.175419,0.538359	0.000000,0.000000,0.000000	0.672468,2.226604,0.327317	0
17:18:26	0.672470,2.226599,0.327320	0.785167,2.181226,0.535697	0.000000,0.000000,0.000000	0.672470,2.226599,0.327320	0
17:18:26	0.672455,2.226594,0.327317	0.787052,2.190966,0.539170	0.000000,0.000000,0.000000	0.672455,2.226594,0.327317	0
17:18:26	0.672479,2.226598,0.327308	0.790267,2.196722,0.535604	0.000000,0.000000,0.000000	0.672479,2.226598,0.327308	0
17:18:26	0.672475,2.226596,0.327310	0.793198,2.202332,0.531810	0.000000,0.000000,0.000000	0.672475,2.226596,0.327310	0
17:18:27	0.672485,2.226611,0.327315	0.793732,2.207314,0.532702	0.000000,0.000000,0.000000	0.672485,2.226611,0.327315	0
17:18:27	0.672514,2.226605,0.327306	0.795769,2.207744,0.527762	0.000000,0.000000,0.000000	0.672514,2.226605,0.327306	0
17:18:27	0.672489,2.226604,0.327312	0.798112,2.213003,0.523633	0.000000,0.000000,0.000000	0.672489,2.226604,0.327312	0
17:18:27	0.672516,2.226597,0.327303	0.798426,2.217880,0.524118	0.000000,0.000000,0.000000	0.672516,2.226597,0.327303	0
17:18:27	0.672526,2.226638,0.327401	0.800327,2.222807,0.519633	0.000000,0.000000,0.000000	0.672526,2.226638,0.327401	0
17:18:27	0.672474,2.226607,0.327318	0.800354,2.227528,0.519753	0.000000,0.000000,0.000000	0.672474,2.226607,0.327318	0
17:18:27	0.672534,2.226644,0.327394	0.801964,2.227471,0.515178	0.000000,0.000000,0.000000	0.672534,2.226644,0.327394	0
17:18:27	0.672432,2.226507,0.327316	0.801922,2.232201,0.515067	0.000000,0.000000,0.000000	0.672432,2.226507,0.327316	0
17:18:27	0.672540,2.226647,0.327394	0.803278,2.236599,0.510476	0.000000,0.000000,0.000000	0.672540,2.226647,0.327394	0
17:18:27	0.672472,2.226607,0.327316	0.803026,2.241102,0.510085	0.000000,0.000000,0.000000	0.672472,2.226607,0.327316	0
17:18:28	0.672481,2.226596,0.327308	0.804101,2.245149,0.505430	0.000000,0.000000,0.000000	0.672481,2.226596,0.327308	0
17:18:28	0.672539,2.226634,0.327392	0.803621,2.249477,0.504796	0.000000,0.000000,0.000000	0.672539,2.226634,0.327392	0
17:18:28	0.672486,2.226601,0.327308	0.804546,2.253197,0.500227	0.000000,0.000000,0.000000	0.672486,2.226601,0.327308	0
17:18:28	0.672543,2.226647,0.327387	0.803852,2.257298,0.499331	0.000000,0.000000,0.000000	0.672543,2.226647,0.327387	0
17:18:28	0.672435,2.226504,0.327293	0.804539,2.260590,0.494823	0.000000,0.000000,0.000000	0.672435,2.226504,0.327293	0
17:18:28	0.672478,2.226608,0.327300	0.803738,2.264557,0.493776	0.000000,0.000000,0.000000	0.672478,2.226608,0.327300	0
17:18:28	0.672468,2.226594,0.327304	0.804283,2.267587,0.489383	0.000000,0.000000,0.000000	0.672468,2.226594,0.327304	0
17:18:28	0.672457,2.226607,0.327311	0.803362,2.271218,0.488301	0.000000,0.000000,0.000000	0.672457,2.226607,0.327311	0
17:18:28	0.672475,2.226593,0.327311	0.802369,2.274827,0.487089	0.000000,0.000000,0.000000	0.672475,2.226593,0.327311	0
17:18:28	0.672523,2.226647,0.327394	0.802751,2.277453,0.482768	0.000000,0.000000,0.000000	0.672523,2.226647,0.327394	0
17:18:29	0.672527,2.226655,0.327403	0.801737,2.280878,0.481553	0.000000,0.000000,0.000000	0.672527,2.226655,0.327403	0
17:18:29	0.672467,2.226603,0.327317	0.803020,2.279841,0.478613	0.000000,0.000000,0.000000	0.672467,2.226603,0.327317	0
17:18:29	0.672463,2.226607,0.327313	0.802040,2.283173,0.477479	0.000000,0.000000,0.000000	0.672463,2.226607,0.327313	0
17:18:29	0.672477,2.226599,0.327319	0.802164,2.285259,0.473431	0.000000,0.000000,0.000000	0.672477,2.226599,0.327319	0
17:18:29	0.672540,2.226647,0.327393	0.801141,2.288392,0.472270	0.000000,0.000000,0.000000	0.672540,2.226647,0.327393	0
17:18:29	0.672479,2.226601,0.327312	0.801221,2.290236,0.468409	0.000000,0.000000,0.000000	0.672479,2.226601,0.327312	0
17:18:29	0.672475,2.226606,0.327322	0.801274,2.290283,0.468485	0.000000,0.000000,0.000000	0.672475,2.226606,0.327322	0
17:18:29	0.672484,2.226605,0.327320	0.801360,2.292051,0.464857	0.000000,0.000000,0.000000	0.672484,2.226605,0.327320	0
17:18:29	0.672473,2.226602,0.327323	0.801377,2.293678,0.461314	0.000000,0.000000,0.000000	0.672473,2.226602,0.327323	0
17:18:29	0.672484,2.226603,0.327316	0.801334,2.293587,0.461305	0.000000,0.000000,0.000000	0.672484,2.226603,0.327316	0
17:18:30	0.672485,2.226600,0.327307	0.801467,2.295275,0.458045	0.000000,0.000000,0.000000	0.672485,2.226600,0.327307	0
17:18:30	0.672489,2.226555,0.327397	0.801448,2.295287,0.458046	0.000000,0.000000,0.000000	0.672489,2.226555,0.327397	0
17:18:30	0.672473,2.226601,0.327319	0.802560,2.294177,0.455940	0.000000,0.000000,0.000000	0.672473,2.226601,0.327319	0
17:18:30	0.672477,2.226609,0.327315	0.801403,2.296715,0.454779	0.000000,0.000000,0.000000	0.672477,2.226609,0.327315	0
17:18:30	0.672535,2.226647,0.327399	0.801371,2.298114,0.451709	0.000000,0.000000,0.000000	0.672535,2.226647,0.327399	0
17:18:30	0.672519,2.226648,0.327395	0.801440,2.298161,0.451783	0.000000,0.000000,0.000000	0.672519,2.226648,0.327395	0
17:18:30	0.672525,2.226640,0.327399	0.801404,2.299479,0.448841	0.000000,0.000000,0.000000	0.672525,2.226640,0.327399	0
17:18:30	0.672520,2.226655,0.327400	0.800291,2.301824,0.447801	0.000000,0.000000,0.000000	0.672520,2.226655,0.327400	0
17:18:30	0.672473,2.226604,0.327318	0.801220,2.301863,0.443246	0.000000,0.000000,0.000000	0.672473,2.226604,0.327318	0
17:18:30	0.672491,2.226599,0.327309	0.802223,2.300793,0.441575	0.000000,0.000000,0.000000	0.672491,2.226599,0.327309	0
17:18:31	0.672535,2.226643,0.327390	0.802282,2.300827,0.441656	0.000000,0.000000,0.000000	0.672535,2.226643,0.327390	0
17:18:31	0.672473,2.226601,0.327323	0.803220,2.299770,0.440035	0.000000,0.000000,0.000000	0.672473,2.226601,0.327323	0
17:18:31	0.672530,2.226644,0.327388	0.803053,2.300863,0.437507	0.000000,0.000000,0.000000	0.672530,2.226644,0.327388	0
17:18:31	0.672481,2.226596,0.327311	0.803941,2.299846,0.435987	0.000000,0.000000,0.000000	0.672481,2.226596,0.327311	0
17:18:31	0.672484,2.226603,0.327313	0.804859,2.298879,0.434571	0.000000,0.000000,0.000000	0.672484,2.226603,0.327313	0
17:18:31	0.672537,2.226638,0.327389	0.804799,2.298845,0.434507	0.000000,0.000000,0.000000	0.672537,2.226638,0.327389	0
17:18:31	0.672538,2.226645,0.327387	0.804647,2.299936,0.432267	0.000000,0.000000,0.000000	0.672538,2.226645,0.327387	0
17:18:31	0.672480,2.226607,0.327309	0.805508,2.299009,0.430946	0.000000,0.000000,0.000000	0.672480,2.226607,0.327309	0
17:18:31	0.672494,2.226590,0.327307	0.806247,2.298015,0.429503	0.000000,0.000000,0.000000	0.672494,2.226590,0.327307	0
17:18:31	0.672452,2.226506,0.327313	0.805281,2.300021,0.428782	0.000000,0.000000,0.000000	0.672452,2.226506,0.327313	0
17:18:32	0.672476,2.226604,0.327309	0.806047,2.299063,0.427477	0.000000,0.000000,0.000000	0.672476,2.226604,0.327309	0
17:18:32	0.672443,2.226511,0.327320	0.805914,2.300118,0.425582	0.000000,0.000000,0.000000	0.672443,2.226511,0.327320	0
17:18:32	0.672478,2.226609,0.327307	0.805721,2.301085,0.423683	0.000000,0.000000,0.000000	0.672478,2.226609,0.327307	0
17:18:32	0.672502,2.226553,0.327391	0.805480,2.301972,0.421781	0.000000,0.000000,0.000000	0.672502,2.226553,0.327391	0
17:18:32	0.672481,2.226606,0.327312	0.806194,2.301055,0.420637	0.000000,0.000000,0.000000	0.672481,2.226606,0.327312	0
17:18:32	0.672484,2.226606,0.327312	0.805976,2.301955,0.418921	0.000000,0.000000,0.000000	0.672484,2.226606,0.327312	0
17:18:32	0.672478,2.226597,0.327316	0.804887,2.304512,0.416648	0.000000,0.000000,0.000000	0.672478,2.226597,0.327316	0
17:18:32	0.672471,2.226607,0.327314	0.804896,2.304523,0.416648	0.000000,0.000000,0.000000	0.672471,2.226607,0.327314	0
17:18:32	0.672472,2.226609,0.327305	0.804755,2.305346,0.415130	0.000000,0.000000,0.000000	0.672472,2.226609,0.327305	0
17:18:32	0.672468,2.226608,0.327318	0.804697,2.305300,0.415051	0.000000,0.000000,0.000000	0.672468,2.226608,0.327318	0
17:18:33	0.672477,2.226610,0.327316	0.805364,2.304421,0.414076	0.000000,0.000000,0.000000	0.672477,2.226610,0.327316	0
17:18:33	0.672539,2.226642,0.327388	0.805234,2.305222,0.412634	0.000000,0.000000,0.000000	0.672539,2.226642,0.327388	0
17:18:33	0.672532,2.226644,0.327398	0.805886,2.304370,0.411711	0.000000,0.000000,0.000000	0.672532,2.226644,0.327398	0
17:18:33	0.672484,2.226608,0.327311	0.805833,2.304318,0.411631	0.000000,0.000000,0.000000	0.672484,2.226608,0.327311	0
17:18:33	0.672535,2.226643,0.327402	0.805823,2.304326,0.411638	0.000000,0.000000,0.000000	0.672535,2.226643,0.327402	0
17:18:33	0.672482,2.226600,0.327309	0.806516,2.303514,0.410798	0.000000,0.000000,0.000000	0.672482,2.226600,0.327309	0
17:18:33	0.672529,2.226647,0.327396	0.806478,2.303447,0.410795	0.000000,0.000000,0.000000	0.672529,2.226647,0.327396	0
17:18:33	0.672483,2.226601,0.327317	0.805670,2.305101,0.410277	0.000000,0.000000,0.000000	0.672483,2.226601,0.327317	0
17:18:33	0.672484,2.226604,0.327315	0.806241,2.304229,0.409340	0.000000,0.000000,0.000000	0.672484,2.226604,0.327315	0
17:18:33	0.672476,2.226613,0.327318	0.805383,2.305680,0.408821	0.000000,0.000000,0.000000	0.672476,2.226613,0.327318	0
17:18:34	0.672530,2.226648,0.327401	0.805220,2.306458,0.407476	0.000000,0.000000,0.000000	0.672530,2.226648,0.327401	0
17:18:34	0.672533,2.226644,0.327397	0.805868,2.305678,0.406738	0.000000,0.000000,0.000000	0.672533,2.226644,0.327397	0
17:18:34	0.672450,2.226516,0.327319	0.806461,2.304867,0.405928	0.000000,0.000000,0.000000	0.672450,2.226516,0.327319	0
17:18:34	0.672537,2.226645,0.327388	0.839855,2.324363,0.425902	0.000000,0.000000,0.000000	0.672537,2.226645,0.327388	0
17:18:34	0.672532,2.226654,0.327393	0.840567,2.323383,0.424902	0.000000,0.000000,0.000000	0.672532,2.226654,0.327393	0
17:18:34	0.672485,2.226600,0.327312	0.841262,2.322415,0.423928	0.000000,0.000000,0.000000	0.672485,2.226600,0.327312	0
17:18:34	0.672531,2.226646,0.327400	0.841998,2.321493,0.423039	0.000000,0.000000,0.000000	0.672531,2.226646,0.327400	0
17:18:34	0.672452,2.226505,0.327313	0.843543,2.318627,0.422604	0.000000,0.000000,0.000000	0.672452,2.226505,0.327313	0
17:18:34	0.672536,2.226645,0.327395	0.844149,2.317758,0.421585	0.000000,0.000000,0.000000	0.672536,2.226645,0.327395	0
17:18:34	0.672529,2.226651,0.327396	0.844747,2.316862,0.420647	0.000000,0.000000,0.000000	0.672529,2.226651,0.327396	0
17:18:35	0.672532,2.226650,0.327395	0.846211,2.314130,0.420196	0.000000,0.000000,0.000000	0.672532,2.226650,0.327395	0
17:18:35	0.672466,2.226615,0.327323	0.846812,2.313311,0.419357	0.000000,0.000000,0.000000	0.672466,2.226615,0.327323	0
17:18:35	0.672526,2.226645,0.327404	0.847361,2.312453,0.418458	0.000000,0.000000,0.000000	0.672526,2.226645,0.327404	0
17:18:35	0.672477,2.226598,0.327317	0.847301,2.312420,0.418379	0.000000,0.000000,0.000000	0.672477,2.226598,0.327317	0
17:18:35	0.672482,2.226600,0.327321	0.848647,2.309746,0.417923	0.000000,0.000000,0.000000	0.672482,2.226600,0.327321	0
17:18:35	0.672533,2.226642,0.327394	0.849115,2.308849,0.417035	0.000000,0.000000,0.000000	0.672533,2.226642,0.327394	0
17:18:35	0.672478,2.226607,0.327313	0.849619,2.308141,0.416174	0.000000,0.000000,0.000000	0.672478,2.226607,0.327313	0
17:18:35	0.672487,2.226602,0.327312	0.850153,2.307383,0.415389	0.000000,0.000000,0.000000	0.672487,2.226602,0.327312	0
17:18:35	0.672534,2.226644,0.327401	0.850092,2.307352,0.415307	0.000000,0.000000,0.000000	0.672534,2.226644,0.327401	0
17:18:35	0.672481,2.226611,0.327308	0.851357,2.304806,0.414913	0.000000,0.000000,0.000000	0.672481,2.226611,0.327308	0
17:18:36	0.672538,2.226641,0.327394	0.851737,2.304026,0.413999	0.000000,0.000000,0.000000	0.672538,2.226641,0.327394	0
17:18:36	0.672481,2.226600,0.327315	0.852143,2.303276,0.413176	0.000000,0.000000,0.000000	0.672481,2.226600,0.327315	0
17:18:36	0.672525,2.226642,0.327395	0.853219,2.300659,0.412696	0.000000,0.000000,0.000000	0.672525,2.226642,0.327395	0
17:18:36	0.672526,2.226655,0.327398	0.853306,2.300795,0.412777	0.000000,0.000000,0.000000	0.672526,2.226655,0.327398	0
17:18:36	0.672505,2.226557,0.327401	0.853604,2.299959,0.411897	0.000000,0.000000,0.000000	0.672505,2.226557,0.327401	0
17:18:36	0.672538,2.226645,0.327399	0.854648,2.297468,0.411421	0.000000,0.000000,0.000000	0.672538,2.226645,0.327399	0
17:18:36	0.672481,2.226603,0.327307	0.855042,2.296849,0.410704	0.000000,0.000000,0.000000	0.672481,2.226603,0.327307	0
17:18:36	0.672481,2.226596,0.327316	0.856066,2.294483,0.410214	0.000000,0.000000,0.000000	0.672481,2.226596,0.327316	0
17:18:36	0.672543,2.226646,0.327404	0.856391,2.293851,0.409449	0.000000,0.000000,0.000000	0.672543,2.226646,0.327404	0
17:18:36	0.672476,2.226594,0.327309	0.856315,2.293806,0.409387	0.000000,0.000000,0.000000	0.672476,2.226594,0.327309	0
17:18:37	0.672534,2.226640,0.327395	0.856332,2.293813,0.409376	0.000000,0.000000,0.000000	0.672534,2.226640,0.327395	0
17:18:37	0.672488,2.226599,0.327305	0.856385,2.293851,0.409455	0.000000,0.000000,0.000000	0.672488,2.226599,0.327305	0
17:18:37	0.672482,2.226604,0.327303	0.855747,2.295633,0.409175	0.000000,0.000000,0.000000	0.672482,2.226604,0.327303	0
17:18:37	0.672536,2.226646,0.327399	0.855758,2.295633,0.409163	0.000000,0.000000,0.000000	0.672536,2.226646,0.327399	0
17:18:37	0.672535,2.226640,0.327401	0.855692,2.295598,0.409097	0.000000,0.000000,0.000000	0.672535,2.226640,0.327401	0
17:18:37	0.672490,2.226589,0.327309	0.855728,2.295543,0.409167	0.000000,0.000000,0.000000	0.672490,2.226589,0.327309	0
17:18:37	0.672499,2.226557,0.327398	0.855015,2.297276,0.408807	0.000000,0.000000,0.000000	0.672499,2.226557,0.327398	0
17:18:37	0.672480,2.226599,0.327307	0.855050,2.297359,0.408808	0.000000,0.000000,0.000000	0.672480,2.226599,0.327307	0
17:18:37	0.672483,2.226598,0.327311	0.855102,2.297400,0.408876	0.000000,0.000000,0.000000	0.672483,2.226598,0.327311	0
17:18:37	0.672488,2.226599,0.327311	0.855054,2.297357,0.408801	0.000000,0.000000,0.000000	0.672488,2.226599,0.327311	0
17:18:38	0.672529,2.226647,0.327398	0.855382,2.296717,0.408072	0.000000,0.000000,0.000000	0.672529,2.226647,0.327398	0
17:18:38	0.672526,2.226635,0.327396	0.856067,2.294998,0.408421	0.000000,0.000000,0.000000	0.672526,2.226635,0.327396	0
17:18:38	0.672481,2.226603,0.327308	0.856020,2.294958,0.408339	0.000000,0.000000,0.000000	0.672481,2.226603,0.327308	0
17:18:38	0.672540,2.226644,0.327398	0.856640,2.293192,0.408623	0.000000,0.000000,0.000000	0.672540,2.226644,0.327398	0
17:18:38	0.672528,2.226635,0.327400	0.856643,2.293192,0.408617	0.000000,0.000000,0.000000	0.672528,2.226635,0.327400	0
17:18:38	0.672480,2.226602,0.327310	0.856696,2.293218,0.408694	0.000000,0.000000,0.000000	0.672480,2.226602,0.327310	0
17:18:38	0.672541,2.226640,0.327390	0.856634,2.293184,0.408616	0.000000,0.000000,0.000000	0.672541,2.226640,0.327390	0
17:18:38	0.672534,2.226641,0.327406	0.856020,2.294955,0.408340	0.000000,0.000000,0.000000	0.672534,2.226641,0.327406	0
17:18:38	0.672504,2.226552,0.327398	0.856067,2.295000,0.408422	0.000000,0.000000,0.000000	0.672504,2.226552,0.327398	0
17:18:38	0.672529,2.226648,0.327391	0.856033,2.294911,0.408419	0.000000,0.000000,0.000000	0.672529,2.226648,0.327391	0
17:18:39	0.672481,2.226602,0.327316	0.855390,2.296727,0.408067	0.000000,0.000000,0.000000	0.672481,2.226602,0.327316	0
17:18:39	0.672532,2.226641,0.327395	0.855384,2.296717,0.408067	0.000000,0.000000,0.000000	0.672532,2.226641,0.327395	0
17:18:39	0.672451,2.226511,0.327310	0.855710,2.296088,0.407338	0.000000,0.000000,0.000000	0.672451,2.226511,0.327310	0
17:18:39	0.672534,2.226638,0.327399	0.855752,2.296117,0.407406	0.000000,0.000000,0.000000	0.672534,2.226638,0.327399	0
17:18:39	0.672482,2.226592,0.327310	0.855705,2.296080,0.407331	0.000000,0.000000,0.000000	0.672482,2.226592,0.327310	0
17:18:39	0.672533,2.226644,0.327394	0.855709,2.296080,0.407336	0.000000,0.000000,0.000000	0.672533,2.226644,0.327394	0
17:18:39	0.672489,2.226602,0.327311	0.855759,2.296129,0.407410	0.000000,0.000000,0.000000	0.672489,2.226602,0.327311	0
17:18:39	0.672536,2.226652,0.327396	0.856328,2.294340,0.407602	0.000000,0.000000,0.000000	0.672536,2.226652,0.327396	0
17:18:39	0.672492,2.226601,0.327309	0.856323,2.294339,0.407604	0.000000,0.000000,0.000000	0.672492,2.226601,0.327309	0
17:18:39	0.672535,2.226647,0.327396	0.856383,2.294380,0.407678	0.000000,0.000000,0.000000	0.672535,2.226647,0.327396	0
17:18:40	0.672543,2.226640,0.327397	0.856334,2.294336,0.407603	0.000000,0.000000,0.000000	0.672543,2.226640,0.327397	0
17:18:40	0.672530,2.226634,0.327396	0.855762,2.296129,0.407415	0.000000,0.000000,0.000000	0.672530,2.226634,0.327396	0
17:18:40	0.672540,2.226641,0.327390	0.855082,2.297805,0.407056	0.000000,0.000000,0.000000	0.672540,2.226641,0.327390	0
17:18:40	0.672472,2.226606,0.327322	0.855119,2.297847,0.407134	0.000000,0.000000,0.000000	0.672472,2.226606,0.327322	0
17:18:40	0.672482,2.226596,0.327314	0.854479,2.299552,0.406851	0.000000,0.000000,0.000000	0.672482,2.226596,0.327314	0
17:18:40	0.672530,2.226646,0.327399	0.854479,2.299560,0.406859	0.000000,0.000000,0.000000	0.672530,2.226646,0.327399	0
17:18:40	0.672530,2.226646,0.327394	0.854812,2.298916,0.406152	0.000000,0.000000,0.000000	0.672530,2.226646,0.327394	0
17:18:40	0.672539,2.226642,0.327390	0.855422,2.297128,0.406420	0.000000,0.000000,0.000000	0.672539,2.226642,0.327390	0
17:18:40	0.672543,2.226643,0.327390	0.855389,2.297188,0.406349	0.000000,0.000000,0.000000	0.672543,2.226643,0.327390	0
17:18:40	0.672538,2.226648,0.327390	0.856080,2.295503,0.406692	0.000000,0.000000,0.000000	0.672538,2.226648,0.327390	0
17:18:41	0.672535,2.226640,0.327398	0.856679,2.293767,0.406954	0.000000,0.000000,0.000000	0.672535,2.226640,0.327398	0
17:18:41	0.672483,2.226603,0.327314	0.857574,2.291419,0.406491	0.000000,0.000000,0.000000	0.672483,2.226603,0.327314	0
17:18:41	0.672480,2.226593,0.327314	0.857566,2.291436,0.406500	0.000000,0.000000,0.000000	0.672480,2.226593,0.327314	0
17:18:41	0.672537,2.226646,0.327397	0.857577,2.291423,0.406494	0.000000,0.000000,0.000000	0.672537,2.226646,0.327397	0
17:18:41	0.672545,2.226635,0.327390	0.857568,2.291429,0.406500	0.000000,0.000000,0.000000	0.672545,2.226635,0.327390	0
17:18:41	0.672542,2.226638,0.327400	0.856980,2.293162,0.406245	0.000000,0.000000,0.000000	0.672542,2.226638,0.327400	0
17:18:41	0.672539,2.226643,0.327390	0.856985,2.293161,0.406237	0.000000,0.000000,0.000000	0.672539,2.226643,0.327390	0
17:18:41	0.672528,2.226639,0.327398	0.856370,2.294893,0.405990	0.000000,0.000000,0.000000	0.672528,2.226639,0.327398	0
17:18:41	0.672535,2.226644,0.327393	0.855761,2.296590,0.405727	0.000000,0.000000,0.000000	0.672535,2.226644,0.327393	0
17:18:41	0.672532,2.226637,0.327392	0.855145,2.298275,0.405464	0.000000,0.000000,0.000000	0.672532,2.226637,0.327392	0
17:18:42	0.672533,2.226650,0.327399	0.855137,2.298286,0.405458	0.000000,0.000000,0.000000	0.672533,2.226650,0.327399	0
17:18:42	0.672544,2.226638,0.327388	0.855143,2.298291,0.405458	0.000000,0.000000,0.000000	0.672544,2.226638,0.327388	0
17:18:42	0.672535,2.226648,0.327402	0.855133,2.298289,0.405463	0.000000,0.000000,0.000000	0.672535,2.226648,0.327402	0
17:18:42	0.672507,2.226552,0.327403	0.855134,2.298293,0.405465	0.000000,0.000000,0.000000	0.672507,2.226552,0.327403	0
17:18:42	0.672534,2.226639,0.327398	0.854813,2.298920,0.406148	0.000000,0.000000,0.000000	0.672534,2.226639,0.327398	0
17:18:42	0.672484,2.226598,0.327310	0.853773,2.301209,0.406497	0.000000,0.000000,0.000000	0.672484,2.226598,0.327310	0
17:18:42	0.672459,2.226503,0.327319	0.852738,2.303566,0.406902	0.000000,0.000000,0.000000	0.672459,2.226503,0.327319	0
17:18:42	0.672535,2.226637,0.327409	0.851418,2.306904,0.406368	0.000000,0.000000,0.000000	0.672535,2.226637,0.327409	0
17:18:42	0.672527,2.226649,0.327400	0.849586,2.310857,0.406419	0.000000,0.000000,0.000000	0.672527,2.226649,0.327400	0
17:18:42	0.672530,2.226636,0.327404	0.847618,2.314734,0.406365	0.000000,0.000000,0.000000	0.672530,2.226636,0.327404	0
17:18:43	0.672537,2.226648,0.327402	0.846145,2.317879,0.405757	0.000000,0.000000,0.000000	0.672537,2.226648,0.327402	0
17:18:43	0.672487,2.226595,0.327319	0.844105,2.321679,0.405698	0.000000,0.000000,0.000000	0.672487,2.226595,0.327319	0
17:18:43	0.672532,2.226640,0.327387	0.842470,2.324589,0.404894	0.000000,0.000000,0.000000	0.672532,2.226640,0.327387	0
17:18:43	0.672539,2.226637,0.327394	0.841720,2.326063,0.404609	0.000000,0.000000,0.000000	0.672539,2.226637,0.327394	0
17:18:43	0.672532,2.226632,0.327395	0.839542,2.329719,0.404481	0.000000,0.000000,0.000000	0.672532,2.226632,0.327395	0
17:18:43	0.672536,2.226637,0.327391	0.838722,2.331104,0.404100	0.000000,0.000000,0.000000	0.672536,2.226637,0.327391	0
