# Flight Log 
# 25 08 17 - 17:14:58
Time		X,Y,Z				goalX,goalY,goalZ		ddx,ddy,ddz			angularx,angulary,angularz	battery
17:14:58	0.000000,0.000000,0.000000	0.000000,0.000000,0.000000	0.000000,0.000000,0.000000	0.000000,0.000000,0.000000	0
17:14:58	3.120442,1.570418,0.356270	0.000000,0.000000,0.000000	0.000000,0.000000,0.000000	3.120442,1.570418,0.356270	0
17:14:58	3.120449,1.570373,0.356259	2.972166,1.530541,0.446309	0.000000,0.000000,0.000000	3.120449,1.570373,0.356259	0
17:14:58	3.120456,1.570386,0.356278	2.972195,1.530488,0.446293	0.000000,0.000000,0.000000	3.120456,1.570386,0.356278	0
17:14:58	3.120471,1.570375,0.356263	2.972190,1.530496,0.446298	0.000000,0.000000,0.000000	3.120471,1.570375,0.356263	0
17:14:58	3.120432,1.570432,0.356286	2.972165,1.530546,0.446307	0.000000,0.000000,0.000000	3.120432,1.570432,0.356286	0
17:14:58	3.120451,1.570365,0.356249	2.972184,1.530483,0.446274	0.000000,0.000000,0.000000	3.120451,1.570365,0.356249	0
17:14:58	3.120440,1.570427,0.356286	2.972190,1.530496,0.446287	0.000000,0.000000,0.000000	3.120440,1.570427,0.356286	0
17:14:58	3.120456,1.570381,0.356265	2.972188,1.530498,0.446289	0.000000,0.000000,0.000000	3.120456,1.570381,0.356265	0
17:14:58	3.120463,1.570374,0.356260	2.972195,1.530492,0.446284	0.000000,0.000000,0.000000	3.120463,1.570374,0.356260	0
17:14:59	3.120436,1.570432,0.356274	2.972169,1.530546,0.446296	0.000000,0.000000,0.000000	3.120436,1.570432,0.356274	0
17:14:59	3.120456,1.570371,0.356246	2.972189,1.530489,0.446272	0.000000,0.000000,0.000000	3.120456,1.570371,0.356246	0
17:14:59	3.120456,1.570382,0.356266	2.972189,1.530499,0.446289	0.000000,0.000000,0.000000	3.120456,1.570382,0.356266	0
17:14:59	3.120457,1.570374,0.356254	2.972189,1.530492,0.446279	0.000000,0.000000,0.000000	3.120457,1.570374,0.356254	0
17:14:59	3.120453,1.570379,0.356241	2.972186,1.530496,0.446267	0.000000,0.000000,0.000000	3.120453,1.570379,0.356241	0
17:14:59	3.120437,1.570438,0.356278	2.972170,1.530551,0.446300	0.000000,0.000000,0.000000	3.120437,1.570438,0.356278	0
17:14:59	3.120431,1.570427,0.356286	2.972186,1.530494,0.446303	0.000000,0.000000,0.000000	3.120431,1.570427,0.356286	0
17:14:59	3.120453,1.570378,0.356259	2.972186,1.530496,0.446283	0.000000,0.000000,0.000000	3.120453,1.570378,0.356259	0
17:14:59	3.120447,1.570379,0.356271	2.972180,1.530497,0.446294	0.000000,0.000000,0.000000	3.120447,1.570379,0.356271	0
17:14:59	3.120457,1.570367,0.356271	2.972189,1.530485,0.446293	0.000000,0.000000,0.000000	3.120457,1.570367,0.356271	0
17:15:00	3.120429,1.570413,0.356299	2.972162,1.530528,0.446318	0.000000,0.000000,0.000000	3.120429,1.570413,0.356299	0
17:15:00	3.120427,1.570423,0.356293	2.972176,1.530540,0.446316	0.000000,0.000000,0.000000	3.120427,1.570423,0.356293	0
17:15:00	3.120445,1.570422,0.356282	2.972178,1.530537,0.446303	0.000000,0.000000,0.000000	3.120445,1.570422,0.356282	0
17:15:00	3.120451,1.570377,0.356285	2.972183,1.530495,0.446306	0.000000,0.000000,0.000000	3.120451,1.570377,0.356285	0
17:15:00	3.120460,1.570364,0.356259	2.972192,1.530482,0.446283	0.000000,0.000000,0.000000	3.120460,1.570364,0.356259	0
17:15:00	3.120445,1.570431,0.356296	2.972178,1.530545,0.446315	0.000000,0.000000,0.000000	3.120445,1.570431,0.356296	0
17:15:00	3.120456,1.570375,0.356282	2.972182,1.530553,0.446316	0.000000,0.000000,0.000000	3.120456,1.570375,0.356282	0
17:15:00	3.120446,1.570422,0.356283	2.972187,1.530481,0.446294	0.000000,0.000000,0.000000	3.120446,1.570422,0.356283	0
17:15:00	3.120441,1.570428,0.356274	2.972174,1.530542,0.446296	0.000000,0.000000,0.000000	3.120441,1.570428,0.356274	0
17:15:00	3.120443,1.570426,0.356276	2.972179,1.530502,0.446295	0.000000,0.000000,0.000000	3.120443,1.570426,0.356276	0
17:15:01	3.120448,1.570364,0.356261	2.972180,1.530483,0.446286	0.000000,0.000000,0.000000	3.120448,1.570364,0.356261	0
17:15:01	3.120452,1.570372,0.356268	2.972176,1.530544,0.446307	0.000000,0.000000,0.000000	3.120452,1.570372,0.356268	0
17:15:01	3.120450,1.570382,0.356273	2.972183,1.530500,0.446296	0.000000,0.000000,0.000000	3.120450,1.570382,0.356273	0
17:15:01	3.120468,1.570353,0.356242	2.972200,1.530473,0.446268	0.000000,0.000000,0.000000	3.120468,1.570353,0.356242	0
17:15:01	3.120451,1.570379,0.356262	2.972196,1.530492,0.446286	0.000000,0.000000,0.000000	3.120451,1.570379,0.356262	0
17:15:01	3.120458,1.570372,0.356260	2.972190,1.530490,0.446284	0.000000,0.000000,0.000000	3.120458,1.570372,0.356260	0
17:15:01	3.120438,1.570424,0.356269	2.972171,1.530538,0.446292	0.000000,0.000000,0.000000	3.120438,1.570424,0.356269	0
17:15:01	3.120451,1.570372,0.356262	2.972183,1.530490,0.446286	0.000000,0.000000,0.000000	3.120451,1.570372,0.356262	0
17:15:01	3.120452,1.570372,0.356261	2.972186,1.530505,0.446289	0.000000,0.000000,0.000000	3.120452,1.570372,0.356261	0
17:15:01	3.120454,1.570369,0.356254	2.972186,1.530487,0.446279	0.000000,0.000000,0.000000	3.120454,1.570369,0.356254	0
17:15:02	3.120453,1.570382,0.356264	2.972186,1.530499,0.446287	0.000000,0.000000,0.000000	3.120453,1.570382,0.356264	0
17:15:02	3.120473,1.570352,0.356232	2.972205,1.530472,0.446259	0.000000,0.000000,0.000000	3.120473,1.570352,0.356232	0
17:15:02	3.120442,1.570426,0.356279	2.972175,1.530540,0.446300	0.000000,0.000000,0.000000	3.120442,1.570426,0.356279	0
17:15:02	3.120446,1.570426,0.356297	2.972197,1.530487,0.446296	0.000000,0.000000,0.000000	3.120446,1.570426,0.356297	0
17:15:02	3.120468,1.570379,0.356256	2.972197,1.530487,0.446296	0.000000,0.000000,0.000000	3.120468,1.570379,0.356256	0
17:15:02	3.120447,1.570435,0.356269	2.972190,1.530498,0.446273	0.000000,0.000000,0.000000	3.120447,1.570435,0.356269	0
17:15:02	3.120440,1.570368,0.356276	2.972172,1.530486,0.446298	0.000000,0.000000,0.000000	3.120440,1.570368,0.356276	0
17:15:02	3.120443,1.570418,0.356285	2.972175,1.530533,0.446306	0.000000,0.000000,0.000000	3.120443,1.570418,0.356285	0
17:15:02	3.120426,1.570406,0.356295	2.972158,1.530521,0.446315	0.000000,0.000000,0.000000	3.120426,1.570406,0.356295	0
17:15:02	3.120445,1.570398,0.356306	2.972177,1.530514,0.446324	0.000000,0.000000,0.000000	3.120445,1.570398,0.356306	0
17:15:03	3.120440,1.570414,0.356309	2.972173,1.530528,0.446327	0.000000,0.000000,0.000000	3.120440,1.570414,0.356309	0
17:15:03	3.120468,1.570360,0.356262	2.972200,1.530479,0.446286	0.000000,0.000000,0.000000	3.120468,1.570360,0.356262	0
17:15:03	3.120456,1.570370,0.356245	2.972189,1.530488,0.446271	0.000000,0.000000,0.000000	3.120456,1.570370,0.356245	0
17:15:03	3.120439,1.570427,0.356266	2.972172,1.530541,0.446289	0.000000,0.000000,0.000000	3.120439,1.570427,0.356266	0
17:15:03	3.120466,1.570444,0.356259	2.972199,1.530558,0.446282	0.000000,0.000000,0.000000	3.120466,1.570444,0.356259	0
17:15:03	3.120490,1.570374,0.356223	2.972223,1.530493,0.446251	0.000000,0.000000,0.000000	3.120490,1.570374,0.356223	0
17:15:03	3.120447,1.570393,0.356247	2.972180,1.530509,0.446273	0.000000,0.000000,0.000000	3.120447,1.570393,0.356247	0
17:15:03	3.120460,1.570381,0.356201	2.972193,1.530498,0.446233	0.000000,0.000000,0.000000	3.120460,1.570381,0.356201	0
17:15:03	3.120443,1.570377,0.356261	2.972175,1.530495,0.446286	0.000000,0.000000,0.000000	3.120443,1.570377,0.356261	0
17:15:03	3.120433,1.570502,0.356327	2.972175,1.530495,0.446286	0.000000,0.000000,0.000000	3.120433,1.570502,0.356327	0
17:15:04	3.120419,1.570430,0.356314	2.972151,1.530543,0.446332	0.000000,0.000000,0.000000	3.120419,1.570430,0.356314	0
17:15:04	3.120446,1.570370,0.356260	2.972179,1.530488,0.446284	0.000000,0.000000,0.000000	3.120446,1.570370,0.356260	0
17:15:04	3.120452,1.570353,0.356251	2.972180,1.530484,0.446279	0.000000,0.000000,0.000000	3.120452,1.570353,0.356251	0
17:15:04	3.120487,1.570369,0.356233	2.972220,1.530488,0.446259	0.000000,0.000000,0.000000	3.120487,1.570369,0.356233	0
17:15:04	3.120428,1.570509,0.356313	2.972161,1.530618,0.446330	0.000000,0.000000,0.000000	3.120428,1.570509,0.356313	0
17:15:04	3.120448,1.570433,0.356264	2.972181,1.530547,0.446287	0.000000,0.000000,0.000000	3.120448,1.570433,0.356264	0
17:15:04	3.120454,1.570374,0.356233	2.972187,1.530492,0.446261	0.000000,0.000000,0.000000	3.120454,1.570374,0.356233	0
17:15:04	3.120445,1.570418,0.356269	2.972178,1.530533,0.446292	0.000000,0.000000,0.000000	3.120445,1.570418,0.356269	0
17:15:04	3.120466,1.570392,0.356264	2.972178,1.530533,0.446292	0.000000,0.000000,0.000000	3.120466,1.570392,0.356264	0
17:15:04	3.120461,1.570381,0.356277	2.972193,1.530498,0.446299	0.000000,0.000000,0.000000	3.120461,1.570381,0.356277	0
17:15:05	3.120454,1.570383,0.356268	2.972186,1.530500,0.446291	0.000000,0.000000,0.000000	3.120454,1.570383,0.356268	0
17:15:05	3.120448,1.570360,0.356245	2.972180,1.530479,0.446271	0.000000,0.000000,0.000000	3.120448,1.570360,0.356245	0
17:15:05	3.120464,1.570383,0.356259	2.972164,1.530542,0.446296	0.000000,0.000000,0.000000	3.120464,1.570383,0.356259	0
17:15:05	3.120440,1.570442,0.356296	2.972173,1.530555,0.446315	0.000000,0.000000,0.000000	3.120440,1.570442,0.356296	0
17:15:05	3.120449,1.570383,0.356273	2.972181,1.530500,0.446296	0.000000,0.000000,0.000000	3.120449,1.570383,0.356273	0
17:15:05	3.120460,1.570358,0.356243	2.972158,1.530553,0.446312	0.000000,0.000000,0.000000	3.120460,1.570358,0.356243	0
17:15:05	3.120453,1.570370,0.356275	2.972185,1.530485,0.446286	0.000000,0.000000,0.000000	3.120453,1.570370,0.356275	0
17:15:05	3.120434,1.570425,0.356283	2.972186,1.530496,0.446292	0.000000,0.000000,0.000000	3.120434,1.570425,0.356283	0
17:15:05	3.120455,1.570376,0.356254	2.972188,1.530494,0.446278	0.000000,0.000000,0.000000	3.120455,1.570376,0.356254	0
17:15:05	3.120450,1.570386,0.356259	2.972182,1.530503,0.446283	0.000000,0.000000,0.000000	3.120450,1.570386,0.356259	0
17:15:06	3.120466,1.570365,0.356256	2.972194,1.530492,0.446280	0.000000,0.000000,0.000000	3.120466,1.570365,0.356256	0
17:15:06	3.120456,1.570362,0.356262	2.972188,1.530481,0.446286	0.000000,0.000000,0.000000	3.120456,1.570362,0.356262	0
17:15:06	3.120458,1.570428,0.356255	2.972179,1.530502,0.446280	0.000000,0.000000,0.000000	3.120458,1.570428,0.356255	0
17:15:06	3.120460,1.570380,0.356266	2.972179,1.530502,0.446280	0.000000,0.000000,0.000000	3.120460,1.570380,0.356266	0
17:15:06	3.120456,1.570365,0.356278	2.972192,1.530497,0.446289	0.000000,0.000000,0.000000	3.120456,1.570365,0.356278	0
17:15:06	3.120453,1.570365,0.356264	2.972185,1.530483,0.446287	0.000000,0.000000,0.000000	3.120453,1.570365,0.356264	0
17:15:06	3.120468,1.570382,0.356252	2.972201,1.530500,0.446276	0.000000,0.000000,0.000000	3.120468,1.570382,0.356252	0
17:15:06	3.120463,1.570370,0.356257	2.972195,1.530488,0.446281	0.000000,0.000000,0.000000	3.120463,1.570370,0.356257	0
17:15:06	3.120444,1.570426,0.356266	2.972177,1.530541,0.446289	0.000000,0.000000,0.000000	3.120444,1.570426,0.356266	0
17:15:06	3.120451,1.570380,0.356281	2.972183,1.530498,0.446303	0.000000,0.000000,0.000000	3.120451,1.570380,0.356281	0
17:15:07	3.120422,1.570424,0.356292	2.972155,1.530538,0.446313	0.000000,0.000000,0.000000	3.120422,1.570424,0.356292	0
17:15:07	3.120450,1.570367,0.356246	2.972158,1.530567,0.446258	0.000000,0.000000,0.000000	3.120450,1.570367,0.356246	0
17:15:07	3.120449,1.570384,0.356245	2.972182,1.530501,0.446271	0.000000,0.000000,0.000000	3.120449,1.570384,0.356245	0
17:15:07	3.120427,1.570450,0.356313	2.972160,1.530562,0.446331	0.000000,0.000000,0.000000	3.120427,1.570450,0.356313	0
17:15:07	3.120447,1.570374,0.356287	2.972160,1.530562,0.446331	0.000000,0.000000,0.000000	3.120447,1.570374,0.356287	0
17:15:07	3.120439,1.570418,0.356291	2.972171,1.530533,0.446311	0.000000,0.000000,0.000000	3.120439,1.570418,0.356291	0
17:15:07	3.120483,1.570360,0.356259	2.972214,1.530480,0.446282	0.000000,0.000000,0.000000	3.120483,1.570360,0.356259	0
17:15:07	3.120452,1.570340,0.356221	2.972175,1.530515,0.446297	0.000000,0.000000,0.000000	3.120452,1.570340,0.356221	0
17:15:07	3.120476,1.570444,0.356249	2.972210,1.530557,0.446273	0.000000,0.000000,0.000000	3.120476,1.570444,0.356249	0
17:15:07	3.120438,1.570366,0.356222	2.972164,1.530511,0.446234	0.000000,0.000000,0.000000	3.120438,1.570366,0.356222	0
17:15:08	3.120473,1.570418,0.356239	2.972186,1.530613,0.446261	0.000000,0.000000,0.000000	3.120473,1.570418,0.356239	0
17:15:08	3.120437,1.570376,0.356272	2.972169,1.530493,0.446296	0.000000,0.000000,0.000000	3.120437,1.570376,0.356272	0
17:15:08	3.120425,1.570431,0.356288	2.972181,1.530492,0.446297	0.000000,0.000000,0.000000	3.120425,1.570431,0.356288	0
17:15:08	3.120421,1.570363,0.356295	2.972166,1.530477,0.446313	0.000000,0.000000,0.000000	3.120421,1.570363,0.356295	0
17:15:08	3.120453,1.570467,0.356238	2.972187,1.530579,0.446264	0.000000,0.000000,0.000000	3.120453,1.570467,0.356238	0
17:15:08	3.120418,1.570421,0.356232	2.972170,1.530543,0.446256	0.000000,0.000000,0.000000	3.120418,1.570421,0.356232	0
17:15:08	3.120441,1.570344,0.356232	2.972175,1.530452,0.446222	0.000000,0.000000,0.000000	3.120441,1.570344,0.356232	0
17:15:08	3.120411,1.570407,0.356164	2.972176,1.530481,0.446190	0.000000,0.000000,0.000000	3.120411,1.570407,0.356164	0
17:15:08	3.120358,1.570368,0.356170	2.972172,1.530554,0.446232	0.000000,0.000000,0.000000	3.120358,1.570368,0.356170	0
17:15:08	3.120451,1.570385,0.356237	2.972168,1.530510,0.446283	0.000000,0.000000,0.000000	3.120451,1.570385,0.356237	0
17:15:09	3.120409,1.570412,0.356268	2.972142,1.530526,0.446292	0.000000,0.000000,0.000000	3.120409,1.570412,0.356268	0
17:15:09	3.120429,1.570424,0.356290	2.972159,1.530529,0.446316	0.000000,0.000000,0.000000	3.120429,1.570424,0.356290	0
17:15:09	3.120441,1.570370,0.356265	2.972189,1.530499,0.446279	0.000000,0.000000,0.000000	3.120441,1.570370,0.356265	0
17:15:09	3.120459,1.570382,0.356273	2.972201,1.530496,0.446285	0.000000,0.000000,0.000000	3.120459,1.570382,0.356273	0
17:15:09	3.120465,1.570377,0.356259	2.972209,1.530487,0.446267	0.000000,0.000000,0.000000	3.120465,1.570377,0.356259	0
17:15:09	3.120460,1.570378,0.356259	2.972196,1.530482,0.446271	0.000000,0.000000,0.000000	3.120460,1.570378,0.356259	0
17:15:09	3.120474,1.570368,0.356239	2.972198,1.530492,0.446271	0.000000,0.000000,0.000000	3.120474,1.570368,0.356239	0
17:15:09	3.120458,1.570361,0.356262	2.972190,1.530479,0.446285	0.000000,0.000000,0.000000	3.120458,1.570361,0.356262	0
17:15:09	3.120432,1.570419,0.356284	2.972164,1.530533,0.446305	0.000000,0.000000,0.000000	3.120432,1.570419,0.356284	0
17:15:09	3.120426,1.570425,0.356298	2.972159,1.530539,0.446317	0.000000,0.000000,0.000000	3.120426,1.570425,0.356298	0
17:15:10	3.120445,1.570360,0.356286	2.972177,1.530479,0.446307	0.000000,0.000000,0.000000	3.120445,1.570360,0.356286	0
17:15:10	3.120460,1.570360,0.356259	2.972192,1.530479,0.446283	0.000000,0.000000,0.000000	3.120460,1.570360,0.356259	0
17:15:10	3.120449,1.570409,0.356272	2.972182,1.530525,0.446294	0.000000,0.000000,0.000000	3.120449,1.570409,0.356272	0
17:15:10	3.120448,1.570429,0.356267	2.972184,1.530549,0.446294	0.000000,0.000000,0.000000	3.120448,1.570429,0.356267	0
17:15:10	3.120465,1.570369,0.356261	2.972203,1.530494,0.446278	0.000000,0.000000,0.000000	3.120465,1.570369,0.356261	0
17:15:10	3.120476,1.570363,0.356243	2.972201,1.530476,0.446256	0.000000,0.000000,0.000000	3.120476,1.570363,0.356243	0
17:15:10	3.120455,1.570367,0.356249	2.972187,1.530486,0.446274	0.000000,0.000000,0.000000	3.120455,1.570367,0.356249	0
17:15:10	3.120459,1.570382,0.356255	2.972191,1.530500,0.446280	0.000000,0.000000,0.000000	3.120459,1.570382,0.356255	0
17:15:10	3.120438,1.570428,0.356299	2.972184,1.530504,0.446313	0.000000,0.000000,0.000000	3.120438,1.570428,0.356299	0
17:15:10	3.120453,1.570366,0.356268	2.972185,1.530484,0.446291	0.000000,0.000000,0.000000	3.120453,1.570366,0.356268	0
17:15:11	3.120431,1.570427,0.356290	2.972163,1.530541,0.446310	0.000000,0.000000,0.000000	3.120431,1.570427,0.356290	0
17:15:11	3.120438,1.570418,0.356289	2.972188,1.530501,0.446292	0.000000,0.000000,0.000000	3.120438,1.570418,0.356289	0
17:15:11	3.120436,1.570427,0.356278	2.972173,1.530550,0.446310	0.000000,0.000000,0.000000	3.120436,1.570427,0.356278	0
17:15:11	3.120463,1.570375,0.356259	2.972196,1.530493,0.446283	0.000000,0.000000,0.000000	3.120463,1.570375,0.356259	0
17:15:11	3.120443,1.570423,0.356280	2.972176,1.530538,0.446301	0.000000,0.000000,0.000000	3.120443,1.570423,0.356280	0
17:15:11	3.120446,1.570417,0.356273	2.972174,1.530538,0.446306	0.000000,0.000000,0.000000	3.120446,1.570417,0.356273	0
17:15:11	3.120439,1.570421,0.356276	2.972166,1.530551,0.446311	0.000000,0.000000,0.000000	3.120439,1.570421,0.356276	0
17:15:11	3.120449,1.570379,0.356252	2.972184,1.530491,0.446275	0.000000,0.000000,0.000000	3.120449,1.570379,0.356252	0
17:15:11	3.120462,1.570383,0.356265	2.972187,1.530485,0.446279	0.000000,0.000000,0.000000	3.120462,1.570383,0.356265	0
17:15:11	3.120453,1.570378,0.356260	2.972192,1.530489,0.446292	0.000000,0.000000,0.000000	3.120453,1.570378,0.356260	0
17:15:12	3.120456,1.570379,0.356252	2.972183,1.530492,0.446271	0.000000,0.000000,0.000000	3.120456,1.570379,0.356252	0
17:15:12	3.120455,1.570371,0.356239	2.972187,1.530489,0.446265	0.000000,0.000000,0.000000	3.120455,1.570371,0.356239	0
17:15:12	3.120434,1.570442,0.356287	2.972189,1.530495,0.446285	0.000000,0.000000,0.000000	3.120434,1.570442,0.356287	0
17:15:12	3.120449,1.570375,0.356264	2.972168,1.530548,0.446303	0.000000,0.000000,0.000000	3.120449,1.570375,0.356264	0
17:15:12	3.120459,1.570388,0.356253	2.972168,1.530548,0.446303	0.000000,0.000000,0.000000	3.120459,1.570388,0.356253	0
17:15:12	3.120450,1.570377,0.356257	2.972183,1.530494,0.446281	0.000000,0.000000,0.000000	3.120450,1.570377,0.356257	0
17:15:12	3.120451,1.570374,0.356263	2.972183,1.530492,0.446287	0.000000,0.000000,0.000000	3.120451,1.570374,0.356263	0
17:15:12	3.120463,1.570369,0.356257	2.972195,1.530487,0.446281	0.000000,0.000000,0.000000	3.120463,1.570369,0.356257	0
17:15:12	3.120461,1.570374,0.356270	2.972192,1.530492,0.446292	0.000000,0.000000,0.000000	3.120461,1.570374,0.356270	0
17:15:12	3.120427,1.570425,0.356281	2.972160,1.530539,0.446302	0.000000,0.000000,0.000000	3.120427,1.570425,0.356281	0
17:15:13	3.120453,1.570363,0.356254	2.972196,1.530483,0.446275	0.000000,0.000000,0.000000	3.120453,1.570363,0.356254	0
17:15:13	3.120456,1.570367,0.356255	2.972188,1.530486,0.446279	0.000000,0.000000,0.000000	3.120456,1.570367,0.356255	0
17:15:13	3.120430,1.570416,0.356279	2.972189,1.530488,0.446286	0.000000,0.000000,0.000000	3.120430,1.570416,0.356279	0
17:15:13	3.120463,1.570378,0.356257	2.972195,1.530496,0.446281	0.000000,0.000000,0.000000	3.120463,1.570378,0.356257	0
17:15:13	3.120429,1.570441,0.356277	2.972190,1.530493,0.446279	0.000000,0.000000,0.000000	3.120429,1.570441,0.356277	0
17:15:13	3.120464,1.570367,0.356258	2.972193,1.530478,0.446279	0.000000,0.000000,0.000000	3.120464,1.570367,0.356258	0
17:15:13	3.120435,1.570423,0.356284	2.972168,1.530530,0.446302	0.000000,0.000000,0.000000	3.120435,1.570423,0.356284	0
17:15:13	3.120462,1.570367,0.356251	2.972195,1.530486,0.446280	0.000000,0.000000,0.000000	3.120462,1.570367,0.356251	0
17:15:13	3.120429,1.570433,0.356282	2.972162,1.530546,0.446303	0.000000,0.000000,0.000000	3.120429,1.570433,0.356282	0
17:15:13	3.120457,1.570381,0.356263	2.972189,1.530499,0.446286	0.000000,0.000000,0.000000	3.120457,1.570381,0.356263	0
17:15:14	3.120452,1.570386,0.356256	2.972185,1.530504,0.446280	0.000000,0.000000,0.000000	3.120452,1.570386,0.356256	0
17:15:14	3.120439,1.570430,0.356277	2.972172,1.530544,0.446298	0.000000,0.000000,0.000000	3.120439,1.570430,0.356277	0
17:15:14	3.120437,1.570440,0.356278	2.972170,1.530554,0.446300	0.000000,0.000000,0.000000	3.120437,1.570440,0.356278	0
17:15:14	3.120441,1.570437,0.356267	2.972170,1.530554,0.446300	0.000000,0.000000,0.000000	3.120441,1.570437,0.356267	0
17:15:14	3.120447,1.570375,0.356252	2.972180,1.530493,0.446277	0.000000,0.000000,0.000000	3.120447,1.570375,0.356252	0
17:15:14	3.120453,1.570376,0.356257	2.972186,1.530494,0.446282	0.000000,0.000000,0.000000	3.120453,1.570376,0.356257	0
17:15:14	3.120432,1.570432,0.356305	2.972165,1.530546,0.446324	0.000000,0.000000,0.000000	3.120432,1.570432,0.356305	0
17:15:14	3.120456,1.570371,0.356254	2.972195,1.530473,0.446278	0.000000,0.000000,0.000000	3.120456,1.570371,0.356254	0
17:15:14	3.120453,1.570361,0.356248	2.972185,1.530480,0.446274	0.000000,0.000000,0.000000	3.120453,1.570361,0.356248	0
17:15:14	3.120448,1.570365,0.356246	2.972180,1.530484,0.446272	0.000000,0.000000,0.000000	3.120448,1.570365,0.356246	0
17:15:15	3.120457,1.570371,0.356261	2.972189,1.530489,0.446285	0.000000,0.000000,0.000000	3.120457,1.570371,0.356261	0
17:15:15	3.120456,1.570387,0.356276	2.972188,1.530504,0.446298	0.000000,0.000000,0.000000	3.120456,1.570387,0.356276	0
17:15:15	3.120450,1.570369,0.356255	2.972183,1.530488,0.446280	0.000000,0.000000,0.000000	3.120450,1.570369,0.356255	0
17:15:15	3.120458,1.570366,0.356264	2.972183,1.530488,0.446280	0.000000,0.000000,0.000000	3.120458,1.570366,0.356264	0
17:15:15	3.120455,1.570361,0.356270	2.972177,1.530493,0.446287	0.000000,0.000000,0.000000	3.120455,1.570361,0.356270	0
17:15:15	3.120457,1.570373,0.356275	2.972189,1.530491,0.446297	0.000000,0.000000,0.000000	3.120457,1.570373,0.356275	0
17:15:15	3.120436,1.570428,0.356302	2.972168,1.530542,0.446321	0.000000,0.000000,0.000000	3.120436,1.570428,0.356302	0
17:15:15	3.120435,1.570431,0.356283	2.972155,1.530530,0.446305	0.000000,0.000000,0.000000	3.120435,1.570431,0.356283	0
17:15:15	3.120433,1.570420,0.356278	2.972177,1.530480,0.446285	0.000000,0.000000,0.000000	3.120433,1.570420,0.356278	0
17:15:15	3.120429,1.570424,0.356295	2.972176,1.530491,0.446291	0.000000,0.000000,0.000000	3.120429,1.570424,0.356295	0
17:15:16	3.120444,1.570363,0.356259	2.972179,1.530491,0.446298	0.000000,0.000000,0.000000	3.120444,1.570363,0.356259	0
17:15:16	3.120457,1.570369,0.356269	2.972177,1.530505,0.446290	0.000000,0.000000,0.000000	3.120457,1.570369,0.356269	0
17:15:16	3.120443,1.570427,0.356284	2.972174,1.530487,0.446298	0.000000,0.000000,0.000000	3.120443,1.570427,0.356284	0
17:15:16	3.120449,1.570368,0.356261	2.972181,1.530486,0.446285	0.000000,0.000000,0.000000	3.120449,1.570368,0.356261	0
17:15:16	3.120449,1.570367,0.356259	2.972181,1.530486,0.446284	0.000000,0.000000,0.000000	3.120449,1.570367,0.356259	0
17:15:16	3.120466,1.570365,0.356252	2.972171,1.530539,0.446308	0.000000,0.000000,0.000000	3.120466,1.570365,0.356252	0
17:15:16	3.120428,1.570428,0.356283	2.972161,1.530542,0.446304	0.000000,0.000000,0.000000	3.120428,1.570428,0.356283	0
17:15:16	3.120456,1.570374,0.356270	2.972188,1.530492,0.446293	0.000000,0.000000,0.000000	3.120456,1.570374,0.356270	0
17:15:16	3.120453,1.570383,0.356258	2.972186,1.530483,0.446278	0.000000,0.000000,0.000000	3.120453,1.570383,0.356258	0
17:15:16	3.120441,1.570397,0.356204	2.972165,1.530543,0.446291	0.000000,0.000000,0.000000	3.120441,1.570397,0.356204	0
17:15:17	3.120453,1.570368,0.356252	2.972188,1.530486,0.446274	0.000000,0.000000,0.000000	3.120453,1.570368,0.356252	0
17:15:17	3.120466,1.570379,0.356259	2.972171,1.530545,0.446297	0.000000,0.000000,0.000000	3.120466,1.570379,0.356259	0
17:15:17	3.120431,1.570436,0.356273	2.972165,1.530550,0.446296	0.000000,0.000000,0.000000	3.120431,1.570436,0.356273	0
17:15:17	3.120441,1.570442,0.356286	2.972174,1.530555,0.446307	0.000000,0.000000,0.000000	3.120441,1.570442,0.356286	0
17:15:17	3.120451,1.570381,0.356252	2.972174,1.530555,0.446307	0.000000,0.000000,0.000000	3.120451,1.570381,0.356252	0
17:15:17	3.120464,1.570367,0.356257	2.972196,1.530486,0.446281	0.000000,0.000000,0.000000	3.120464,1.570367,0.356257	0
17:15:17	3.120452,1.570386,0.356266	2.972184,1.530503,0.446289	0.000000,0.000000,0.000000	3.120452,1.570386,0.356266	0
17:15:17	3.120465,1.570376,0.356249	2.972176,1.530541,0.446303	0.000000,0.000000,0.000000	3.120465,1.570376,0.356249	0
17:15:17	3.120436,1.570440,0.356286	2.972169,1.530553,0.446307	0.000000,0.000000,0.000000	3.120436,1.570440,0.356286	0
17:15:17	3.120464,1.570372,0.356269	2.972189,1.530495,0.446295	0.000000,0.000000,0.000000	3.120464,1.570372,0.356269	0
17:15:18	3.120447,1.570376,0.356261	2.972179,1.530493,0.446285	0.000000,0.000000,0.000000	3.120447,1.570376,0.356261	0
17:15:18	3.120422,1.570437,0.356280	2.972155,1.530550,0.446302	0.000000,0.000000,0.000000	3.120422,1.570437,0.356280	0
17:15:18	3.120445,1.570373,0.356253	2.972162,1.530464,0.446260	0.000000,0.000000,0.000000	3.120445,1.570373,0.356253	0
17:15:18	3.120465,1.570368,0.356251	2.972197,1.530487,0.446276	0.000000,0.000000,0.000000	3.120465,1.570368,0.356251	0
17:15:18	3.120448,1.570382,0.356262	2.972180,1.530500,0.446286	0.000000,0.000000,0.000000	3.120448,1.570382,0.356262	0
17:15:18	3.120448,1.570370,0.356255	2.972181,1.530488,0.446280	0.000000,0.000000,0.000000	3.120448,1.570370,0.356255	0
17:15:18	3.120439,1.570389,0.356220	2.972181,1.530488,0.446280	0.000000,0.000000,0.000000	3.120439,1.570389,0.356220	0
