# Flight Log 
# 25 08 17 - 17:19:14
Time		X,Y,Z				goalX,goalY,goalZ		ddx,ddy,ddz			angularx,angulary,angularz	battery
17:19:14	0.000000,0.000000,0.000000	0.000000,0.000000,0.000000	0.000000,0.000000,0.000000	0.000000,0.000000,0.000000	0
17:19:14	0.698677,0.825723,0.409944	0.000000,0.000000,0.000000	0.000000,0.000000,0.000000	0.698677,0.825723,0.409944	0
17:19:14	0.698649,0.825754,0.409857	0.699035,0.827786,0.729917	-0.038320,0.088616,10.293794	0.698662,0.825768,0.409921	0
17:19:15	0.698688,0.825760,0.409867	0.699025,0.827819,0.729894	-0.107776,0.256267,10.324929	0.698688,0.825760,0.409867	3.53665685654
17:19:15	0.698701,0.825833,0.409932	0.699026,0.827824,0.729825	-0.021555,0.026345,10.217153	0.698701,0.825833,0.409932	3.5313782692
17:19:15	0.698717,0.825777,0.409794	0.699053,0.827866,0.729906	0.011975,0.119751,10.267449	0.698717,0.825777,0.409794	3.5313782692
17:19:15	0.698746,0.825768,0.409804	0.699030,0.827855,0.729853	-0.138911,0.088616,10.351274	0.698746,0.825768,0.409804	3.51554250717
17:19:15	0.698703,0.825760,0.409858	0.699046,0.827838,0.729850	-0.023950,-0.023950,10.449470	0.698703,0.825760,0.409858	3.50498533249
17:19:15	0.698651,0.825654,0.409868	0.699055,0.827813,0.729831	-0.160466,0.213157,10.250684	0.698651,0.825654,0.409868	3.49970674515
17:19:15	0.698696,0.825565,0.409833	0.699017,0.827736,0.729840	-0.052690,0.325723,10.286609	0.698696,0.825565,0.409833	3.49970674515
17:19:15	0.698824,0.825368,0.409745	0.699049,0.827671,0.729805	-0.126936,-0.057480,10.305769	0.698714,0.825336,0.409930	3.48387098312
17:19:15	0.698715,0.825284,0.409984	0.699063,0.827504,0.729900	-0.047900,-0.107776,10.248289	0.698715,0.825284,0.409984	3.47331380844
17:19:15	0.698938,0.825006,0.409959	0.699063,0.827467,0.729953	-0.028740,0.301772,10.289004	0.698938,0.825006,0.409959	3.4680352211
17:19:16	0.699248,0.824902,0.409870	0.699226,0.827264,0.729926	0.000000,0.141306,10.418335	0.699248,0.824902,0.409870	3.4680352211
17:19:16	0.699286,0.825213,0.410227	0.699452,0.827188,0.729837	0.043110,-0.112566,10.545271	0.699286,0.825213,0.410227	3.44692087173
17:19:16	0.699288,0.825258,0.410065	0.699480,0.827416,0.730196	0.081431,0.040715,10.358459	0.699288,0.825258,0.410065	3.44164228439
17:19:16	0.699106,0.824859,0.410048	0.699481,0.827448,0.730035	-0.083826,0.050295,10.569221	0.699106,0.824859,0.410048	3.43108510971
17:19:16	0.699089,0.824590,0.410021	0.699348,0.827157,0.730015	0.107776,-0.045505,10.514136	0.699089,0.824590,0.410021	3.42052793503
17:19:16	0.699106,0.824336,0.410087	0.699336,0.826961,0.729986	-0.232317,0.210762,10.224338	0.699106,0.824336,0.410087	3.41524934769
17:19:16	0.699903,0.823110,0.409623	0.699348,0.826776,0.730049	-0.287402,-0.045505,10.394385	0.699903,0.823110,0.409623	3.404692173
17:19:16	0.700509,0.821244,0.409721	0.699929,0.825880,0.729575	-0.043110,0.167651,10.128538	0.700509,0.821244,0.409721	3.38885641098
17:19:16	0.701202,0.819747,0.409511	0.700371,0.824520,0.729654	-0.186812,0.471819,10.432705	0.701202,0.819747,0.409511	3.38357782364
17:19:16	0.703045,0.818082,0.409115	0.700876,0.823427,0.729426	-0.158071,0.383203,10.408755	0.703045,0.818082,0.409115	3.38357782364
17:19:17	0.703613,0.816905,0.409793	0.702221,0.822211,0.729004	-0.249082,-0.062271,10.162068	0.703613,0.816905,0.409793	3.35718488693
17:19:17	0.704126,0.816284,0.409933	0.702634,0.821357,0.729663	-0.203577,0.313748,10.327324	0.704126,0.816284,0.409933	3.34662771225
17:19:17	0.704519,0.816551,0.410004	0.703008,0.820905,0.729792	-0.069456,0.342488,10.169253	0.704519,0.816551,0.410004	3.33607053757
17:19:17	0.707181,0.816735,0.409607	0.703294,0.812064,0.729869	0.186812,0.706531,10.413545	0.707181,0.816735,0.409607	3.32551336288
17:19:17	0.709248,0.817463,0.409770	0.705236,0.812202,0.729455	-0.234712,0.285007,10.432705	0.709248,0.817463,0.409770	3.30967760086
17:19:17	0.713040,0.819087,0.409485	0.706742,0.821763,0.729615	0.256267,0.881367,10.296189	0.713040,0.819087,0.409485	3.29912042618
17:19:17	0.718548,0.822492,0.410582	0.709509,0.822945,0.729314	0.031135,0.364043,10.523716	0.718548,0.822492,0.410582	3.2885632515
17:19:17	0.725526,0.827198,0.414504	0.713517,0.825433,0.730369	0.227527,0.383203,10.394385	0.725526,0.827198,0.414504	3.27272748947
17:19:17	0.735260,0.834518,0.420145	0.727659,0.828874,0.734458	0.071851,0.505349,10.856624	0.735260,0.834518,0.420145	3.25689172745
17:19:17	0.747602,0.847652,0.431497	0.734728,0.834191,0.740142	0.356858,1.037043,11.053015	0.747602,0.847652,0.431497	3.24105596542
17:19:18	0.772897,0.867396,0.447601	0.743588,0.843625,0.751295	0.735271,0.893342,11.407478	0.772897,0.867396,0.447601	3.20938444138
17:19:18	0.812487,0.890794,0.468203	0.761488,0.857573,0.766181	0.498164,0.974773,10.959609	0.812487,0.890794,0.468203	3.16715526581
17:19:18	0.859221,0.913669,0.492126	0.798766,0.883569,0.786697	-0.057480,0.464634,10.315349	0.859221,0.913669,0.492126	3.23049879074
17:19:18	0.905160,0.936256,0.514261	0.840696,0.909393,0.809859	0.172441,0.998723,9.989626	0.905160,0.936256,0.514261	3.23049879074
17:19:18	0.949275,0.959419,0.533984	0.914407,0.946237,0.833102	-0.160466,0.960403,10.236313	0.949275,0.959419,0.533984	3.2252202034
17:19:18	0.989260,0.983301,0.554458	0.955220,0.973290,0.852558	0.268242,0.076641,10.535691	0.989260,0.983301,0.554458	3.21994161606
17:19:18	1.018907,1.006540,0.573380	0.993092,1.001151,0.872368	-0.380808,0.340093,10.339299	1.018907,1.006540,0.573380	3.21994161606
17:19:18	1.045251,1.036863,0.594229	1.038192,1.017972,0.892786	0.091011,0.148491,10.444680	1.045251,1.036863,0.594229	3.20938444138
17:19:18	1.063791,1.066427,0.613512	1.066589,1.048479,0.910519	-0.273032,0.404758,10.090217	1.063791,1.066427,0.613512	3.21466302872
17:19:18	1.077801,1.097749,0.631773	1.078660,1.080214,0.930932	0.146096,0.088616,10.269844	1.077801,1.097749,0.631773	3.20938444138
17:19:19	1.088086,1.130153,0.646728	1.101553,1.112969,0.946760	0.074246,-0.126936,10.162068	1.088086,1.130153,0.646728	3.2041053772
17:19:19	1.095108,1.160557,0.661671	1.108307,1.146471,0.962480	0.208367,0.011975,10.274634	1.095611,1.163423,0.663180	3.20938444138
17:19:19	1.103267,1.199939,0.678865	1.128453,1.180329,0.974535	0.210762,0.205972,10.444680	1.103267,1.199939,0.678865	3.20938444138
17:19:19	1.113319,1.239925,0.695178	1.134097,1.216178,0.991184	0.256267,0.198787,10.327324	1.113319,1.239925,0.695178	3.2041053772
17:19:19	1.123638,1.279569,0.712040	1.140799,1.253700,1.009217	0.179626,-0.028740,10.504556	1.123638,1.279569,0.712040	3.2041053772
17:19:19	1.138412,1.329758,0.733375	1.147972,1.292538,1.029476	0.004790,0.270637,10.902129	1.138412,1.329758,0.733375	3.2041053772
17:19:19	1.152125,1.377208,0.755991	1.174099,1.351145,1.042367	0.397573,0.500559,10.578801	1.152125,1.377208,0.755991	3.19882678986
17:19:19	1.166200,1.424586,0.779999	1.182801,1.391812,1.068694	0.136516,0.948428,10.348879	1.166200,1.424586,0.779999	3.2041053772
17:19:19	1.180083,1.471182,0.804927	1.212864,1.430666,1.085845	0.292192,0.304167,10.020762	1.180083,1.471182,0.804927	3.19882678986
17:19:19	1.194363,1.514111,0.829126	1.221796,1.493756,1.110544	-0.074246,0.481399,10.226733	1.194363,1.514111,0.829126	3.19354820251
17:19:20	1.209522,1.551929,0.855876	1.229728,1.531555,1.139255	0.294587,0.917292,10.494976	1.209522,1.551929,0.855876	3.19882678986
17:19:20	1.225902,1.586928,0.884662	1.268230,1.567070,1.152011	0.419128,-0.177231,10.578801	1.225902,1.586928,0.884662	3.19354820251
17:19:20	1.244164,1.620056,0.913725	1.275753,1.643677,1.166757	0.023950,0.538879,10.454260	1.244164,1.620056,0.913725	3.18826961517
17:19:20	1.263577,1.653656,0.941488	1.323334,1.686145,1.158383	0.275427,0.775986,9.905801	1.263577,1.653656,0.941488	3.2041053772
17:19:20	1.283774,1.690521,0.963189	1.321854,1.727806,1.128725	-0.059875,0.208367,9.560918	1.283774,1.690521,0.963189	3.18826961517
17:19:20	1.304088,1.731825,0.975363	1.363069,1.759021,1.080984	-0.031135,0.924478,9.441167	1.304088,1.731825,0.975363	3.17243385315
17:19:20	1.324517,1.775748,0.978613	1.404214,1.787572,1.054201	0.031135,0.210762,9.728569	1.324517,1.775748,0.978613	3.16715526581
17:19:20	1.345087,1.820699,0.976663	1.391957,1.814551,1.047051	-0.182021,0.172441,10.123748	1.345087,1.820699,0.976663	3.16187667847
17:19:20	1.365647,1.865463,0.973823	1.432948,1.840914,1.051342	-0.098196,0.270637,10.454260	1.365647,1.865463,0.973823	3.16187667847
17:19:20	1.386234,1.908104,0.973502	1.420612,1.920722,1.057589	-0.193997,0.443079,10.794353	1.386234,1.908104,0.973502	3.16187667847
17:19:21	1.408085,1.947685,0.975567	1.461593,1.948471,1.058296	-0.201182,0.366438,10.372830	1.408085,1.947685,0.975567	3.16715526581
17:19:21	1.430428,1.985219,0.978187	1.501816,1.978056,1.053752	0.392783,0.637075,10.530901	1.430428,1.985219,0.978187	3.16715526581
17:19:21	1.453531,2.019736,0.980267	1.488410,1.955535,1.047988	0.091011,0.155676,10.533296	1.453531,2.019736,0.980267	3.18826961517
17:19:21	1.477600,2.049036,0.981598	1.527882,1.988158,1.043413	0.117356,0.347278,10.226733	1.477600,2.049036,0.981598	3.16715526581
17:19:21	1.502356,2.071625,0.983491	1.566773,2.023912,1.040485	0.215552,-0.086221,10.150093	1.502356,2.071625,0.983491	3.16187667847
17:19:21	1.526669,2.089950,0.984698	1.551920,2.117025,1.036319	-0.071851,0.071851,10.003997	1.526669,2.089950,0.984698	3.16187667847
17:19:21	1.549441,2.107278,0.985071	1.590665,2.106030,1.033663	-0.035925,1.003513,10.427915	1.549441,2.107278,0.985071	3.16187667847
17:19:21	1.570310,2.125107,0.985088	1.630335,2.148966,1.032844	0.201182,0.203577,10.212363	1.570310,2.125107,0.985088	3.15131950378
17:19:21	1.589203,2.145196,0.985144	1.617814,2.138269,1.032807	0.124541,0.294587,10.389595	1.589203,2.145196,0.985144	3.15659809113
17:19:21	1.605444,2.167255,0.985316	1.659811,2.126216,1.032684	0.074246,-0.170046,10.492581	1.605444,2.167255,0.985316	3.15659809113
17:19:22	1.620473,2.189151,0.986102	1.703400,2.112980,1.032305	0.167651,-0.083826,10.624307	1.620473,2.189151,0.986102	3.15131950378
17:19:22	1.637264,2.210124,0.987345	1.694383,2.153176,1.030575	0.131726,-0.110171,10.454260	1.637264,2.210124,0.987345	3.16187667847
17:19:22	1.656663,2.231399,0.988408	1.737642,2.193925,1.027842	-0.102986,-0.304167,10.281819	1.656663,2.231399,0.988408	3.16187667847
17:19:22	1.677156,2.255082,0.987028	1.726002,2.181161,1.025503	-0.158071,0.677791,10.387200	1.677156,2.255082,0.987028	3.14604091644
17:19:22	1.698520,2.278426,0.985794	1.767040,2.220284,1.028539	0.143701,0.364043,10.447075	1.698520,2.278426,0.985794	3.1407623291
17:19:22	1.719860,2.299536,0.986665	1.754221,2.259611,1.031253	-0.026345,-0.134121,10.459050	1.719860,2.299536,0.986665	3.15131950378
17:19:22	1.738338,2.318337,0.986909	1.794751,2.246945,1.029336	-0.100591,0.294587,10.629097	1.738338,2.318337,0.986909	3.14604091644
17:19:22	1.759731,2.339050,0.986928	1.835986,2.341364,1.028870	0.124541,-0.002395,10.312954	1.759731,2.339050,0.986928	3.14604091644
17:19:22	1.779586,2.357188,0.986960	1.824161,2.329903,1.028759	-0.304167,0.579595,10.202783	1.779586,2.357188,0.986960	3.14604091644
17:19:22	1.797872,2.374884,0.986215	1.865582,2.372354,1.028689	0.596360,0.550854,10.284214	1.797872,2.374884,0.986215	3.1407623291
17:19:23	1.814352,2.392037,0.985570	1.854610,2.361736,1.030326	0.265847,-0.129331,10.250684	1.814352,2.392037,0.985570	3.1407623291
17:19:23	1.828861,2.408741,0.984573	1.898055,2.351444,1.031746	1.058599,0.409548,9.996812	1.828861,2.408741,0.984573	3.1407623291
17:19:23	1.843101,2.423789,0.984985	1.889350,2.394755,1.033939	0.155676,0.445474,10.432705	1.843101,2.423789,0.984985	3.1407623291
17:19:23	1.858551,2.438564,0.985658	1.934139,2.385727,1.033032	0.296982,0.311353,10.787168	1.858551,2.438564,0.985658	3.14604091644
17:19:23	1.875477,2.454129,0.985794	1.924870,2.536862,1.031552	0.009580,0.220342,10.332114	1.875477,2.454129,0.985794	3.14604091644
17:19:23	1.893543,2.470759,0.986388	1.968047,2.527522,1.031252	0.474214,0.047900,10.473420	1.893543,2.470759,0.986388	3.13548374176
17:19:23	1.913393,2.491774,0.985562	1.957207,2.570878,1.029947	0.177231,0.629890,10.341694	1.913393,2.491774,0.985562	3.1407623291
17:19:23	1.934941,2.517602,0.984621	1.998631,2.558269,1.031763	0.172441,0.057480,10.413545	1.934941,2.517602,0.984621	3.13548374176
17:19:23	1.957451,2.548567,0.983324	1.985702,2.596105,1.033833	0.799937,1.226250,10.035132	1.957451,2.548567,0.983324	3.13548374176
17:19:23	1.980760,2.583624,0.982252	2.025529,2.577527,1.036688	-0.014370,0.311353,10.289004	1.980760,2.583624,0.982252	3.13548374176
17:19:24	2.003866,2.620552,0.981083	2.064877,2.609826,1.039045	0.031135,0.637075,10.571616	2.003866,2.620552,0.981083	3.13020515442
17:19:24	2.026837,2.657271,0.980331	2.051013,2.587669,1.041617	0.031135,0.474214,10.226733	2.026837,2.657271,0.980331	3.13020515442
17:19:24	2.048784,2.690477,0.979584	2.090565,2.618971,1.043272	-0.007185,-0.076641,9.992021	2.048784,2.690477,0.979584	3.13020515442
17:19:24	2.068368,2.716337,0.980314	2.130729,2.652380,1.044915	0.165256,0.462239,10.485396	2.068368,2.716337,0.980314	3.13548374176
17:19:24	2.085236,2.735800,0.981040	2.118979,2.690198,1.043310	0.316143,0.035925,10.236313	2.085236,2.735800,0.981040	3.13020515442
17:19:24	2.099398,2.752187,0.980750	2.162192,2.731853,1.041713	-0.220342,-0.038320,10.356064	2.099398,2.752187,0.980750	3.13020515442
17:19:24	2.110272,2.768332,0.979441	2.207028,2.722021,1.042351	0.033530,0.170046,10.485396	2.110272,2.768332,0.979441	3.13020515442
17:19:24	2.119793,2.786252,0.978235	2.200503,2.765667,1.045230	-0.114961,0.081431,10.116563	2.119793,2.786252,0.978235	3.12492656708
17:19:24	2.129814,2.807061,0.977421	2.194791,2.754915,1.047882	-0.052690,0.337698,10.214758	2.129814,2.807061,0.977421	3.12492656708
17:19:24	2.140086,2.830534,0.976820	2.242112,2.795764,1.049674	0.055085,0.541274,10.178833	2.140086,2.830534,0.976820	3.11964797974
17:19:25	2.151441,2.855498,0.976896	2.235949,2.781679,1.050995	0.495769,1.101709,10.310559	2.151441,2.855498,0.976896	3.12492656708
17:19:25	2.164880,2.881447,0.976501	2.229135,2.820035,1.050829	0.239502,0.984353,9.956096	2.164880,2.881447,0.976501	3.10909080505
17:19:25	2.180449,2.908338,0.977552	2.274405,2.857799,1.051698	0.191602,0.474214,10.442285	2.180449,2.908338,0.977552	3.12492656708
17:19:25	2.197299,2.938190,0.976036	2.265064,2.841664,1.049387	0.052690,-0.126936,9.970466	2.197299,2.938190,0.976036	3.13020515442
17:19:25	2.215693,2.967384,0.975647	2.254954,2.877086,1.052722	-0.234712,-0.009580,10.463840	2.215693,2.967384,0.975647	3.09325504303
17:19:25	2.233917,2.993626,0.976413	2.297251,2.912903,1.053577	0.330513,0.416733,10.358459	2.233917,2.993626,0.976413	3.12492656708
17:19:25	2.251158,3.018084,0.976225	2.339650,2.950491,1.051891	-0.395178,0.335303,10.387200	2.251158,3.018084,0.976225	3.12492656708
17:19:25	2.267915,3.040892,0.975942	2.329305,2.989150,1.052304	-0.095801,0.359253,10.533296	2.267915,3.040892,0.975942	3.11964797974
17:19:25	2.284615,3.062907,0.975760	2.372584,2.975465,1.052927	0.043110,0.368833,10.672207	2.284615,3.062907,0.975760	3.11964797974
17:19:25	2.302206,3.084226,0.975009	2.362564,2.962256,1.053328	-0.146096,0.088616,10.384805	2.302206,3.084226,0.975009	3.10909080505
17:19:26	2.322057,3.102299,0.975003	2.396856,2.960554,1.048400	-0.150886,0.033530,10.423125	2.322057,3.102299,0.975003	3.13020515442
17:19:26	2.344252,3.115484,0.976035	2.393432,2.991954,1.054992	-0.179626,-0.256267,10.312954	2.344252,3.115484,0.976035	3.10381221771
17:19:26	2.367912,3.125507,0.977284	2.431587,2.986787,1.051122	0.172441,0.146096,10.221943	2.367912,3.125507,0.977284	3.13020515442
17:19:26	2.392365,3.132987,0.977175	2.419146,2.978335,1.049825	0.352068,0.033530,10.300979	2.392365,3.132987,0.977175	3.1143693924
17:19:26	2.416264,3.136514,0.977218	2.457914,3.133541,1.050215	0.134121,0.371228,10.363250	2.416264,3.136514,0.977218	3.12492656708
17:19:26	2.437023,3.137704,0.977170	2.496908,3.131425,1.050121	0.126936,0.294587,10.444680	2.437023,3.137704,0.977170	3.1143693924
17:19:26	2.454184,3.141318,0.976082	2.537786,3.130711,1.050225	0.340093,-0.040715,10.454260	2.454184,3.141318,0.976082	3.1143693924
17:19:26	2.469625,3.149557,0.975306	2.527490,3.128543,1.052620	1.398691,0.467029,10.420730	2.469625,3.149557,0.975306	3.10381221771
17:19:26	2.481590,3.161435,0.975035	2.571558,3.123599,1.054328	0.150886,0.102986,10.078242	2.481590,3.161435,0.975035	3.10909080505
17:19:26	2.493325,3.179973,0.974880	2.563767,3.115723,1.054962	0.241897,-0.131726,10.485396	2.493325,3.179973,0.974880	3.09853363037
17:19:27	2.503141,3.198484,0.975440	2.610671,3.158683,1.055264	0.364043,0.495769,10.545271	2.504106,3.200057,0.975569	3.10381221771
17:19:27	2.514669,3.222306,0.977083	2.604203,3.146632,1.053748	0.002395,0.184417,10.121353	2.514669,3.222306,0.977083	3.10909080505
17:19:27	2.524846,3.244158,0.977737	2.597865,3.186616,1.050417	0.249082,0.129331,10.214758	2.525814,3.246244,0.977812	3.1143693924
17:19:27	2.537740,3.268317,0.979047	2.644512,3.172253,1.048813	-0.079036,-0.138911,10.396780	2.537740,3.268317,0.979047	3.10909080505
17:19:27	2.554399,3.294437,0.979821	2.636661,3.157756,1.045722	-0.265847,0.361648,10.329719	2.554399,3.294437,0.979821	3.10381221771
17:19:27	2.572000,3.313497,0.980618	2.655658,3.173291,1.031593	0.215552,0.423918,10.425520	2.572000,3.313497,0.980618	3.16715526581
17:19:27	2.596219,3.329808,0.981217	2.692522,3.210593,1.030122	-0.122146,-0.155676,10.114167	2.596219,3.329808,0.981217	3.10909080505
17:19:27	2.620276,3.340592,0.980604	2.689430,3.202160,1.030922	0.165256,0.754431,10.396780	2.620276,3.340592,0.980604	3.09325504303
17:19:27	2.642287,3.346890,0.980655	2.735776,3.233493,1.036804	-0.124541,0.239502,10.578801	2.642287,3.346890,0.980655	3.06158351898
17:19:27	2.666991,3.349164,0.983390	2.733376,3.218466,1.042234	0.083826,0.677791,10.791958	2.666991,3.349164,0.983390	3.09853363037
17:19:28	2.686131,3.348908,0.985165	2.719806,3.217168,1.036542	-0.028740,0.730481,10.442285	2.686131,3.348908,0.985165	3.10909080505
17:19:28	2.704365,3.345454,0.987131	2.760752,3.217465,1.032212	0.131726,0.361648,9.980046	2.704365,3.345454,0.987131	3.09853363037
17:19:28	2.716161,3.340495,0.988332	2.802803,3.220968,1.027797	0.385598,0.483794,10.241104	2.716161,3.340495,0.988332	3.10909080505
17:19:28	2.725381,3.335953,0.988270	2.796970,3.222370,1.025670	0.110171,0.308958,10.466235	2.725381,3.335953,0.988270	3.09853363037
17:19:28	2.734155,3.332960,0.987978	2.791438,3.225095,1.025806	0.371228,-0.201182,10.380015	2.734155,3.332960,0.987978	3.09853363037
17:19:28	2.742426,3.332201,0.987517	2.839507,3.226891,1.026448	-0.182021,0.723296,10.499766	2.742426,3.332201,0.987517	3.09853363037
17:19:28	2.752105,3.334429,0.987172	2.834544,3.227346,1.027462	0.193997,-0.361648,10.499766	2.752105,3.334429,0.987172	3.08797645569
17:19:28	2.764981,3.338522,0.987032	2.828737,3.226009,1.028223	-0.059875,0.091011,10.336904	2.764981,3.338522,0.987032	3.09325504303
17:19:28	2.779838,3.343051,0.987595	2.874326,3.223573,1.028522	-0.138911,0.265847,10.490186	2.779838,3.343051,0.987595	3.08797645569
17:19:28	2.796674,3.346590,0.988205	2.865431,3.220836,1.027292	0.354463,0.847837,10.186018	2.796674,3.346590,0.988205	3.09853363037
17:19:29	2.814980,3.348540,0.988108	2.855329,3.218713,1.025948	0.193997,0.205972,10.197993	2.814980,3.348540,0.988108	3.09853363037
17:19:29	2.831474,3.347211,0.988309	2.897679,3.217543,1.026162	0.134121,0.421523,10.157278	2.831474,3.347211,0.988309	3.09853363037
17:19:29	2.847165,3.343057,0.988536	2.887783,3.218340,1.025721	0.177231,0.548459,10.667417	2.847165,3.343057,0.988536	3.09325504303
17:19:29	2.862731,3.337451,0.988436	2.931701,3.327499,1.025220	0.280217,0.340093,10.159673	2.862731,3.337451,0.988436	3.1143693924
17:19:29	2.875793,3.332563,0.988268	2.922361,3.330863,1.025440	0.162861,-0.141306,10.533296	2.875793,3.332563,0.988268	3.08797645569
17:19:29	2.885107,3.332201,0.987013	2.967858,3.333796,1.025810	0.057480,0.610730,10.202783	2.885107,3.332201,0.987013	3.09853363037
17:19:29	2.891867,3.337667,0.985901	2.962269,3.334013,1.028571	0.117356,-0.074246,10.375225	2.891867,3.337667,0.985901	3.07214069366
17:19:29	2.898057,3.348790,0.985522	3.011547,3.330733,1.031018	0.083826,0.098196,10.267449	2.898057,3.348790,0.985522	3.07741928101
17:19:29	2.904936,3.364396,0.985903	3.007833,3.324059,1.031851	0.411943,0.301772,10.593171	2.904936,3.364396,0.985903	3.08269786835
17:19:29	2.914854,3.382543,0.986831	3.003705,3.314696,1.031013	0.193997,0.110171,10.305769	2.914854,3.382543,0.986831	3.08269786835
17:19:30	2.928754,3.399448,0.988824	2.997754,3.357141,1.028972	0.320933,0.340093,10.138118	2.928754,3.399448,0.988824	3.10381221771
17:19:30	2.945957,3.415484,0.990395	2.989414,3.346998,1.024587	0.079036,0.423918,10.320139	2.945957,3.415484,0.990395	3.10909080505
17:19:30	2.964757,3.429158,0.990666	3.032426,3.390710,1.021131	0.352068,0.129331,9.970466	2.964757,3.429158,0.990666	3.10381221771
17:19:30	2.983401,3.441357,0.990747	3.021146,3.382505,1.020534	0.433499,0.162861,10.231523	2.983401,3.441357,0.990747	3.08797645569
17:19:30	3.000237,3.452801,0.989082	3.063293,3.428519,1.020357	0.316143,0.160466,10.348879	3.000237,3.452801,0.989082	3.08269786835
17:19:30	3.014494,3.460310,0.989067	3.106524,3.421653,1.024019	0.514929,0.440684,10.588381	3.014494,3.460310,0.989067	3.06158351898
17:19:30	3.028831,3.464919,0.990835	3.097970,3.417147,1.024053	-0.059875,-0.021555,10.128538	3.028831,3.464919,0.990835	3.07741928101
17:19:30	3.046188,3.468966,0.992605	3.089368,3.414382,1.020163	-0.011975,-0.124541,10.370435	3.046188,3.468966,0.992605	3.10909080505
17:19:30	3.062821,3.471335,0.994033	3.132287,3.411954,1.016269	-0.088616,-0.179626,10.389595	3.062821,3.471335,0.994033	3.10909080505
17:19:30	3.077714,3.472759,0.994052	3.122308,3.410532,1.013128	0.186812,-0.071851,10.229128	3.077714,3.472759,0.994052	3.09325504303
17:19:31	3.091232,3.474649,0.993333	3.166705,3.356345,1.013086	0.205972,0.665815,10.320139	3.091232,3.474649,0.993333	3.07741928101
17:19:31	3.103184,3.476760,0.992915	3.158594,3.355211,1.014668	-0.043110,0.158071,10.344089	3.103184,3.476760,0.992915	3.06686210632
17:19:31	3.113554,3.478263,0.993150	3.204756,3.353944,1.015588	0.117356,0.182021,10.382410	3.113554,3.478263,0.993150	3.07214069366
17:19:31	3.126447,3.478752,0.994322	3.197976,3.352985,1.014717	0.361648,-0.014370,9.932146	3.126447,3.478752,0.994322	3.08797645569
17:19:31	3.140018,3.477755,0.995285	3.190799,3.352749,1.012491	-0.129331,0.162861,10.408755	3.140018,3.477755,0.995285	3.09325504303
17:19:31	3.153877,3.474440,0.996011	3.235989,3.353347,1.010373	0.064666,0.514929,10.102192	3.153877,3.474440,0.996011	3.09325504303
17:19:31	3.168324,3.469219,0.996581	3.227674,3.355336,1.008776	0.347278,0.052690,10.490186	3.168324,3.469219,0.996581	3.08269786835
17:19:31	3.183899,3.462913,0.996165	3.272339,3.358469,1.007522	-0.026345,0.502954,10.413545	3.183899,3.462913,0.996165	3.08269786835
17:19:31	3.201230,3.456322,0.995274	3.262994,3.362252,1.008437	-0.007185,-0.155676,10.425520	3.201230,3.456322,0.995274	3.07741928101
17:19:31	3.221402,3.449990,0.994368	3.305929,3.366207,1.010398	0.205972,0.450264,10.521321	3.221402,3.449990,0.994368	3.07741928101
17:19:32	3.242944,3.443984,0.993828	3.293825,3.370006,1.012391	0.217947,0.256267,10.174043	3.242944,3.443984,0.993828	3.07214069366
17:19:32	3.264472,3.438376,0.993137	3.334234,3.373610,1.013579	0.217947,0.323328,10.399175	3.264472,3.438376,0.993137	3.07214069366
17:19:32	3.284898,3.432823,0.992590	3.321317,3.376974,1.015099	0.562830,0.335303,10.296189	3.284898,3.432823,0.992590	3.07214069366
17:19:32	3.302081,3.428466,0.991995	3.362394,3.326973,1.016302	0.062271,0.155676,10.550061	3.302081,3.428466,0.991995	3.06158351898
17:19:32	3.320019,3.423176,0.991440	3.404558,3.329802,1.017408	0.354463,-0.019160,10.456655	3.320019,3.423176,0.991440	3.07214069366
17:19:32	3.335441,3.419057,0.991388	3.394655,3.332761,1.018833	0.210762,0.059875,10.356064	3.335441,3.419057,0.991388	3.07214069366
17:19:32	3.353796,3.413936,0.991445	3.437871,3.335479,1.019086	-0.067061,-0.241897,10.303374	3.353796,3.413936,0.991445	3.07214069366
17:19:32	3.370027,3.409221,0.991789	3.427722,3.338305,1.018822	0.143701,0.277822,10.063872	3.370027,3.409221,0.991789	3.07214069366
17:19:32	3.385557,3.404884,0.991585	3.471317,3.341134,1.018065	0.316143,0.519719,10.209968	3.385557,3.404884,0.991585	3.07741928101
17:19:32	3.399683,3.400885,0.991051	3.461999,3.343736,1.018513	0.244292,0.249082,10.145303	3.399683,3.400885,0.991051	3.06686210632
17:19:33	3.412940,3.397787,0.990963	3.506857,3.346136,1.019688	0.162861,0.826282,10.262659	3.412940,3.397787,0.990963	3.06686210632
17:19:33	3.426520,3.395671,0.990835	3.498903,3.347995,1.019880	0.349673,0.644260,10.303374	3.426520,3.395671,0.990835	3.06686210632
17:19:33	3.441874,3.395599,0.990891	3.490755,3.349264,1.020163	0.244292,0.282612,10.231523	3.441874,3.395599,0.990891	3.07741928101
17:19:33	3.456541,3.396509,0.990924	3.534876,3.349307,1.020041	-0.129331,0.474214,10.368040	3.456541,3.396509,0.990924	3.07214069366
17:19:33	3.470195,3.398851,0.990719	3.526076,3.348761,1.019968	0.040715,0.100591,10.219548	3.470195,3.398851,0.990719	3.06686210632
17:19:33	3.483196,3.401882,0.990934	3.571216,3.347356,1.020419	0.402363,0.641865,10.298584	3.483196,3.401882,0.990934	3.06686210632
17:19:33	3.494040,3.404387,0.991278	3.563416,3.345537,1.019945	0.153281,-0.102986,10.126143	3.494040,3.404387,0.991278	3.06686210632
17:19:33	3.507141,3.407184,0.992120	3.608081,3.292130,1.018310	-0.196392,0.577200,10.300979	3.507141,3.407184,0.992120	3.07214069366
17:19:33	3.520349,3.408584,0.992625	3.602382,3.289023,1.017336	-0.038320,0.287402,10.269844	3.520349,3.408584,0.992625	3.06686210632
17:19:33	3.536134,3.408409,0.993173	3.594457,3.288183,1.016224	0.471819,0.790356,10.653047	3.536134,3.408409,0.993173	3.06686210632
17:19:34	3.553682,3.405132,0.993486	3.638320,3.288288,1.015020	-0.026345,0.167651,10.121353	3.553682,3.405132,0.993486	3.06686210632
17:19:34	3.572539,3.398528,0.993292	3.627791,3.290254,1.014332	-0.100591,-0.136516,10.236313	3.572539,3.398528,0.993292	3.06158351898
17:19:34	3.591930,3.390063,0.992343	3.669810,3.294216,1.014757	0.098196,0.543669,10.576406	3.591930,3.390063,0.992343	3.06686210632
17:19:34	3.610556,3.380153,0.991500	3.658175,3.299295,1.016846	0.126936,0.455054,10.154883	3.610556,3.380153,0.991500	3.06158351898
17:19:34	3.626945,3.370857,0.990889	3.647000,3.358575,1.018701	-0.076641,0.311353,10.190808	3.626945,3.370857,0.990889	3.06158351898
17:19:34	3.638778,3.364674,0.989750	3.637166,3.310819,1.020045	0.114961,0.409548,10.471025	3.638778,3.364674,0.989750	3.06158351898
17:19:34	3.645719,3.363444,0.988340	3.630067,3.367862,1.022551	-0.021555,-0.026345,10.123748	3.645719,3.363444,0.988340	3.0510263443
17:19:34	3.648086,3.366921,0.988224	3.625902,3.368600,1.025651	0.143701,0.102986,10.588381	3.648086,3.366921,0.988224	3.04574775696
17:19:34	3.645461,3.376903,0.988254	3.624482,3.366514,1.025908	0.292192,0.529299,10.394385	3.645461,3.376903,0.988254	3.06686210632
17:19:34	3.638877,3.391028,0.988497	3.626057,3.360525,1.025842	0.167651,-0.076641,10.315349	3.638877,3.391028,0.988497	3.06686210632
17:19:35	3.630929,3.407298,0.988361	3.630007,3.352050,1.025307	-0.141306,0.498164,10.224338	3.630929,3.407298,0.988361	3.06686210632
17:19:35	3.624588,3.422736,0.988112	3.688109,3.342288,1.025606	0.100591,-0.251477,10.083032	3.624588,3.422736,0.988112	3.05630493164
17:19:35	3.622904,3.436018,0.988256	3.691914,3.333025,1.026153	0.014370,0.605940,10.284214	3.622904,3.436018,0.988256	3.05630493164
17:19:35	3.628488,3.445476,0.988817	3.692924,3.325056,1.025836	-0.052690,0.301772,10.456655	3.628488,3.445476,0.988817	3.05630493164
17:19:35	3.641374,3.449116,0.989885	3.689574,3.319381,1.024603	-0.019160,-0.270637,10.411150	3.641374,3.449116,0.989885	3.06158351898
17:19:35	3.659800,3.446042,0.990437	3.681842,3.317197,1.022253	0.138911,0.114961,10.315349	3.659800,3.446042,0.990437	3.06158351898
17:19:35	3.681068,3.436259,0.990942	3.670786,3.319042,1.021038	-0.057480,0.217947,10.576406	3.681068,3.436259,0.990942	3.06158351898
17:19:35	3.700964,3.420916,0.990235	3.658026,3.324911,1.019928	0.227527,0.296982,10.102192	3.700964,3.420916,0.990235	3.06158351898
17:19:35	3.714785,3.401666,0.989320	3.646088,3.334117,1.021482	0.352068,0.237107,10.133328	3.714785,3.401666,0.989320	3.0510263443
17:19:35	3.719292,3.380904,0.988365	3.691129,3.345667,1.023495	0.500559,0.603545,10.114167	3.719292,3.380904,0.988365	3.05630493164
17:19:36	3.715477,3.361773,0.987353	3.688425,3.358124,1.025597	0.105381,0.205972,10.128538	3.715477,3.361773,0.987353	3.05630493164
17:19:36	3.705935,3.348491,0.986829	3.744047,3.369603,1.027823	0.179626,-0.268242,10.327324	3.705935,3.348491,0.986829	3.0510263443
17:19:36	3.693318,3.344469,0.986020	3.696439,3.377572,1.028976	0.464634,0.105381,10.174043	3.693318,3.344469,0.986020	3.0510263443
17:19:36	3.680897,3.349864,0.985587	3.704009,3.326652,1.030755	0.210762,0.457449,10.518926	3.680897,3.349864,0.985587	3.05630493164
17:19:36	3.669968,3.362119,0.985061	3.711462,3.323415,1.031709	-0.165256,0.277822,10.430310	3.669968,3.362119,0.985061	3.05630493164
17:19:36	3.664361,3.377414,0.985524	3.664686,3.316062,1.032865	0.313748,-0.071851,10.370435	3.664361,3.377414,0.985524	3.0510263443
17:19:36	3.665444,3.393250,0.987167	3.670356,3.349472,1.076400	0.258662,0.354463,10.521321	3.665444,3.393250,0.987167	3.0510263443
17:19:36	3.671407,3.408029,0.991333	3.668623,3.324133,1.069501	0.076641,0.359253,10.600356	3.671407,3.408029,0.991333	3.06686210632
17:19:36	3.682175,3.418895,0.995127	3.659082,3.300488,1.052001	0.100591,0.105381,10.368040	3.682175,3.418895,0.995127	3.0510263443
17:19:36	3.696630,3.421784,0.999382	3.641853,3.283102,1.036068	0.033530,0.368833,10.380015	3.696630,3.421784,0.999382	3.0510263443
17:19:37	3.711997,3.414865,1.001604	3.618726,3.278478,1.018194	0.129331,0.701741,10.061477	3.711997,3.414865,1.001604	3.0510263443
17:19:37	3.725559,3.397687,1.001074	3.680806,3.289549,1.008864	0.191602,0.131726,10.126143	3.725559,3.397687,1.001074	3.04574775696
17:19:37	3.735277,3.372915,0.998799	3.659105,3.317033,1.011090	0.416733,0.692161,10.471025	3.735277,3.372915,0.998799	3.04574775696
17:19:37	3.740579,3.344718,0.996627	3.730224,3.356669,1.020646	-0.045505,0.610730,10.310559	3.740579,3.344718,0.996627	3.04574775696
17:19:37	3.740615,3.319404,0.996149	3.721740,3.401785,1.029768	0.246687,0.059875,10.475815	3.740615,3.319404,0.996149	3.04574775696
17:19:37	3.736693,3.304204,0.997387	3.721683,3.355620,1.031774	0.119751,0.344883,10.545271	3.736693,3.304204,0.997387	3.04046916962
17:19:37	3.729566,3.300581,0.998746	3.727957,3.379941,1.026573	0.399968,0.524509,10.114167	3.729566,3.300581,0.998746	3.05630493164
17:19:37	3.720363,3.307429,0.999467	3.739361,3.299070,1.020867	-0.057480,-0.531694,10.176438	3.720363,3.307429,0.999467	3.04574775696
17:19:37	3.711364,3.322420,0.996152	3.754085,3.288114,1.017840	0.148491,0.483794,10.365645	3.711364,3.322420,0.996152	3.04574775696
17:19:37	3.706018,3.340106,0.994473	3.768485,3.264129,1.031764	0.148491,0.483794,10.365645	3.706018,3.340106,0.994473	3.04574775696
17:19:38	3.708124,3.357084,0.995897	3.690372,3.322498,1.038812	0.605940,0.285007,10.346484	3.708124,3.357084,0.995897	3.04046916962
17:19:38	3.716224,3.370445,0.998824	3.687001,3.295333,1.032832	0.079036,0.332908,10.691367	3.716224,3.370445,0.998824	3.04574775696
17:19:38	3.726872,3.377776,1.001105	3.674042,3.360622,1.020540	0.261057,0.047900,10.286609	3.726872,3.377776,1.001105	3.07214069366
17:19:38	3.738635,3.379312,1.002228	3.743671,3.348892,1.010959	0.150886,-0.119751,10.312954	3.738635,3.379312,1.002228	3.04574775696
17:19:38	3.750293,3.376729,1.000674	3.724851,3.346434,1.006241	0.265847,0.210762,9.702224	3.750293,3.376729,1.000674	3.04574775696
17:19:38	3.760249,3.371887,0.985970	3.706197,3.350566,1.012769	0.938848,0.795146,9.316626	3.760249,3.371887,0.985970	3.06686210632
17:19:38	3.763577,3.367973,0.962152	3.776935,3.358313,1.074528	0.330513,0.584385,9.798025	3.763577,3.367973,0.962152	3.05630493164
17:19:38	3.756958,3.371589,0.932256	3.771611,3.364576,1.174561	0.016765,0.385598,10.059082	3.756958,3.371589,0.932256	3.06158351898
17:19:38	3.742033,3.389599,0.897603	3.782201,3.358791,1.300127	0.261057,-0.385598,10.231523	3.742033,3.389599,0.897603	3.05630493164
17:19:38	3.724633,3.426052,0.857625	3.786562,3.348145,1.278648	0.246687,0.165256,10.267449	3.724633,3.426052,0.857625	3.05630493164
17:19:39	3.713485,3.479406,0.814238	3.736394,3.390834,1.250671	0.416733,0.352068,10.133328	3.713485,3.479406,0.814238	3.0510263443
17:19:39	3.710155,3.544714,0.769334	3.732779,3.402217,1.181223	0.126936,-0.380808,10.015972	3.710155,3.544714,0.769334	3.04574775696
