# Flight Log 
# 25 08 17 - 17:18:18
Time		X,Y,Z				goalX,goalY,goalZ		ddx,ddy,ddz			angularx,angulary,angularz	battery
17:18:18	0.000000,0.000000,0.000000	0.000000,0.000000,0.000000	0.000000,0.000000,0.000000	0.000000,0.000000,0.000000	0
17:18:18	2.033730,3.844919,0.608815	0.000000,0.000000,0.000000	0.000000,0.000000,0.000000	2.033730,3.844919,0.608815	0
17:18:18	2.033710,3.844922,0.608819	0.000000,0.000000,0.000000	0.000000,0.000000,0.000000	2.033710,3.844922,0.608819	0
17:18:18	2.033721,3.844921,0.608822	0.000000,0.000000,0.000000	0.000000,0.000000,0.000000	2.033721,3.844921,0.608822	0
17:18:18	2.033727,3.844918,0.608817	0.000000,0.000000,0.000000	0.000000,0.000000,0.000000	2.033727,3.844918,0.608817	0
17:18:18	2.033716,3.844917,0.608825	0.000000,0.000000,0.000000	0.000000,0.000000,0.000000	2.033716,3.844917,0.608825	0
17:18:19	2.033718,3.844917,0.608812	0.000000,0.000000,0.000000	0.000000,0.000000,0.000000	2.033718,3.844917,0.608812	0
17:18:19	2.033716,3.844921,0.608818	0.000000,0.000000,0.000000	0.000000,0.000000,0.000000	2.033716,3.844921,0.608818	0
17:18:19	2.033723,3.844918,0.608819	0.000000,0.000000,0.000000	0.000000,0.000000,0.000000	2.033723,3.844918,0.608819	0
17:18:19	2.033718,3.844921,0.608820	0.000000,0.000000,0.000000	0.000000,0.000000,0.000000	2.033718,3.844921,0.608820	0
17:18:19	2.033719,3.844919,0.608822	0.000000,0.000000,0.000000	0.000000,0.000000,0.000000	2.033719,3.844919,0.608822	0
17:18:19	2.033717,3.844923,0.608828	0.000000,0.000000,0.000000	0.000000,0.000000,0.000000	2.033717,3.844923,0.608828	0
17:18:19	2.033715,3.844921,0.608834	0.000000,0.000000,0.000000	0.000000,0.000000,0.000000	2.033715,3.844921,0.608834	0
17:18:19	2.033717,3.844917,0.608825	0.000000,0.000000,0.000000	0.000000,0.000000,0.000000	2.033717,3.844917,0.608825	0
17:18:19	2.033721,3.844919,0.608819	0.000000,0.000000,0.000000	0.000000,0.000000,0.000000	2.033721,3.844919,0.608819	0
17:18:19	2.033716,3.844919,0.608818	0.000000,0.000000,0.000000	0.000000,0.000000,0.000000	2.033716,3.844919,0.608818	0
17:18:20	2.033719,3.844919,0.608821	0.000000,0.000000,0.000000	0.000000,0.000000,0.000000	2.033719,3.844919,0.608821	0
17:18:20	2.033725,3.844921,0.608808	0.000000,0.000000,0.000000	0.000000,0.000000,0.000000	2.033725,3.844921,0.608808	0
17:18:20	2.033724,3.844913,0.608810	0.000000,0.000000,0.000000	0.000000,0.000000,0.000000	2.033724,3.844913,0.608810	0
17:18:20	2.033721,3.844921,0.608818	0.000000,0.000000,0.000000	0.000000,0.000000,0.000000	2.033721,3.844921,0.608818	0
17:18:20	2.033719,3.844920,0.608817	0.000000,0.000000,0.000000	0.000000,0.000000,0.000000	2.033719,3.844920,0.608817	0
17:18:20	2.033728,3.844915,0.608814	0.000000,0.000000,0.000000	0.000000,0.000000,0.000000	2.033728,3.844915,0.608814	0
17:18:20	2.033729,3.844916,0.608820	0.000000,0.000000,0.000000	0.000000,0.000000,0.000000	2.033729,3.844916,0.608820	0
17:18:20	2.033724,3.844918,0.608821	0.000000,0.000000,0.000000	0.000000,0.000000,0.000000	2.033724,3.844918,0.608821	0
17:18:20	2.033717,3.844924,0.608826	0.000000,0.000000,0.000000	0.000000,0.000000,0.000000	2.033717,3.844924,0.608826	0
17:18:20	2.033722,3.844920,0.608820	0.000000,0.000000,0.000000	0.000000,0.000000,0.000000	2.033722,3.844920,0.608820	0
17:18:21	2.033721,3.844915,0.608825	0.000000,0.000000,0.000000	0.000000,0.000000,0.000000	2.033721,3.844915,0.608825	0
17:18:21	2.033717,3.844922,0.608819	0.000000,0.000000,0.000000	0.000000,0.000000,0.000000	2.033717,3.844922,0.608819	0
17:18:21	2.033725,3.844915,0.608811	0.000000,0.000000,0.000000	0.000000,0.000000,0.000000	2.033725,3.844915,0.608811	0
17:18:21	2.033720,3.844896,0.608822	0.000000,0.000000,0.000000	0.000000,0.000000,0.000000	2.033720,3.844896,0.608822	0
17:18:21	2.033727,3.844910,0.608819	0.000000,0.000000,0.000000	0.000000,0.000000,0.000000	2.033727,3.844910,0.608819	0
17:18:21	2.033726,3.844914,0.608813	0.000000,0.000000,0.000000	0.000000,0.000000,0.000000	2.033726,3.844914,0.608813	0
17:18:21	2.033729,3.844922,0.608818	0.000000,0.000000,0.000000	0.000000,0.000000,0.000000	2.033729,3.844922,0.608818	0
17:18:21	2.033728,3.844917,0.608819	0.000000,0.000000,0.000000	0.000000,0.000000,0.000000	2.033728,3.844917,0.608819	0
17:18:21	2.033718,3.844919,0.608816	0.000000,0.000000,0.000000	0.000000,0.000000,0.000000	2.033718,3.844919,0.608816	0
17:18:21	2.033725,3.844925,0.608828	0.000000,0.000000,0.000000	0.000000,0.000000,0.000000	2.033725,3.844925,0.608828	0
17:18:22	2.033720,3.844917,0.608819	0.000000,0.000000,0.000000	0.000000,0.000000,0.000000	2.033720,3.844917,0.608819	0
17:18:22	2.033727,3.844917,0.608818	0.000000,0.000000,0.000000	0.000000,0.000000,0.000000	2.033727,3.844917,0.608818	0
17:18:22	2.033731,3.844913,0.608821	0.000000,0.000000,0.000000	0.000000,0.000000,0.000000	2.033731,3.844913,0.608821	0
17:18:22	2.033724,3.844908,0.608817	0.000000,0.000000,0.000000	0.000000,0.000000,0.000000	2.033724,3.844908,0.608817	0
17:18:22	2.033726,3.844913,0.608819	0.000000,0.000000,0.000000	0.000000,0.000000,0.000000	2.033726,3.844913,0.608819	0
17:18:22	2.033717,3.844916,0.608825	0.000000,0.000000,0.000000	0.000000,0.000000,0.000000	2.033717,3.844916,0.608825	0
17:18:22	2.033721,3.844918,0.608820	0.000000,0.000000,0.000000	0.000000,0.000000,0.000000	2.033721,3.844918,0.608820	0
17:18:22	2.033719,3.844909,0.608817	0.000000,0.000000,0.000000	0.000000,0.000000,0.000000	2.033719,3.844909,0.608817	0
17:18:22	2.033727,3.844919,0.608817	0.000000,0.000000,0.000000	0.000000,0.000000,0.000000	2.033727,3.844919,0.608817	0
17:18:22	2.033724,3.844915,0.608822	0.000000,0.000000,0.000000	0.000000,0.000000,0.000000	2.033724,3.844915,0.608822	0
17:18:23	2.033729,3.844917,0.608813	0.000000,0.000000,0.000000	0.000000,0.000000,0.000000	2.033729,3.844917,0.608813	0
17:18:23	2.033729,3.844914,0.608827	0.000000,0.000000,0.000000	0.000000,0.000000,0.000000	2.033729,3.844914,0.608827	0
17:18:23	2.033720,3.844913,0.608820	0.000000,0.000000,0.000000	0.000000,0.000000,0.000000	2.033720,3.844913,0.608820	0
17:18:23	2.033724,3.844914,0.608819	0.000000,0.000000,0.000000	0.000000,0.000000,0.000000	2.033724,3.844914,0.608819	0
17:18:23	2.033726,3.844918,0.608822	0.000000,0.000000,0.000000	0.000000,0.000000,0.000000	2.033726,3.844918,0.608822	0
17:18:23	2.033728,3.844913,0.608822	0.000000,0.000000,0.000000	0.000000,0.000000,0.000000	2.033728,3.844913,0.608822	0
17:18:23	2.033731,3.844921,0.608823	0.000000,0.000000,0.000000	0.000000,0.000000,0.000000	2.033731,3.844921,0.608823	0
17:18:23	2.033721,3.844914,0.608817	0.000000,0.000000,0.000000	0.000000,0.000000,0.000000	2.033721,3.844914,0.608817	0
17:18:23	2.033719,3.844913,0.608810	0.000000,0.000000,0.000000	0.000000,0.000000,0.000000	2.033719,3.844913,0.608810	0
17:18:23	2.033731,3.844913,0.608821	0.000000,0.000000,0.000000	0.000000,0.000000,0.000000	2.033731,3.844913,0.608821	0
17:18:24	2.033714,3.844918,0.608822	0.000000,0.000000,0.000000	0.000000,0.000000,0.000000	2.033714,3.844918,0.608822	0
17:18:24	2.033713,3.844911,0.608816	0.000000,0.000000,0.000000	0.000000,0.000000,0.000000	2.033713,3.844911,0.608816	0
17:18:24	2.033723,3.844913,0.608814	0.000000,0.000000,0.000000	0.000000,0.000000,0.000000	2.033723,3.844913,0.608814	0
17:18:24	2.033726,3.844914,0.608829	0.000000,0.000000,0.000000	0.000000,0.000000,0.000000	2.033726,3.844914,0.608829	0
17:18:24	2.033724,3.844918,0.608824	0.000000,0.000000,0.000000	0.000000,0.000000,0.000000	2.033724,3.844918,0.608824	0
17:18:24	2.033717,3.844914,0.608812	0.000000,0.000000,0.000000	0.000000,0.000000,0.000000	2.033717,3.844914,0.608812	0
17:18:24	2.033711,3.844918,0.608822	0.000000,0.000000,0.000000	0.000000,0.000000,0.000000	2.033711,3.844918,0.608822	0
17:18:24	2.033725,3.844919,0.608819	0.000000,0.000000,0.000000	0.000000,0.000000,0.000000	2.033725,3.844919,0.608819	0
17:18:24	2.033715,3.844918,0.608822	0.000000,0.000000,0.000000	0.000000,0.000000,0.000000	2.033715,3.844918,0.608822	0
17:18:24	2.033720,3.844919,0.608825	0.000000,0.000000,0.000000	0.000000,0.000000,0.000000	2.033720,3.844919,0.608825	0
17:18:25	2.033716,3.844918,0.608822	0.000000,0.000000,0.000000	0.000000,0.000000,0.000000	2.033716,3.844918,0.608822	0
17:18:25	2.033726,3.844914,0.608818	0.000000,0.000000,0.000000	0.000000,0.000000,0.000000	2.033726,3.844914,0.608818	0
17:18:25	2.033718,3.844917,0.608826	0.000000,0.000000,0.000000	0.000000,0.000000,0.000000	2.033718,3.844917,0.608826	0
17:18:25	2.033723,3.844905,0.608821	0.000000,0.000000,0.000000	0.000000,0.000000,0.000000	2.033723,3.844905,0.608821	0
17:18:25	2.033723,3.844919,0.608822	0.000000,0.000000,0.000000	0.000000,0.000000,0.000000	2.033723,3.844919,0.608822	0
17:18:25	2.033726,3.844916,0.608822	0.000000,0.000000,0.000000	0.000000,0.000000,0.000000	2.033726,3.844916,0.608822	0
17:18:25	2.033733,3.844914,0.608818	0.000000,0.000000,0.000000	0.000000,0.000000,0.000000	2.033733,3.844914,0.608818	0
17:18:25	2.033715,3.844909,0.608826	0.000000,0.000000,0.000000	0.000000,0.000000,0.000000	2.033715,3.844909,0.608826	0
17:18:25	2.033730,3.844916,0.608819	0.000000,0.000000,0.000000	0.000000,0.000000,0.000000	2.033730,3.844916,0.608819	0
17:18:25	2.033713,3.844919,0.608817	0.000000,0.000000,0.000000	0.000000,0.000000,0.000000	2.033713,3.844919,0.608817	0
17:18:26	2.033728,3.844917,0.608816	0.000000,0.000000,0.000000	0.000000,0.000000,0.000000	2.033728,3.844917,0.608816	0
17:18:26	2.033721,3.844916,0.608821	0.000000,0.000000,0.000000	0.000000,0.000000,0.000000	2.033721,3.844916,0.608821	0
17:18:26	2.033725,3.844918,0.608825	0.000000,0.000000,0.000000	0.000000,0.000000,0.000000	2.033725,3.844918,0.608825	0
17:18:26	2.033716,3.844919,0.608838	0.000000,0.000000,0.000000	0.000000,0.000000,0.000000	2.033716,3.844919,0.608838	0
17:18:26	2.033715,3.844918,0.608827	0.000000,0.000000,0.000000	0.000000,0.000000,0.000000	2.033715,3.844918,0.608827	0
17:18:26	2.033711,3.844918,0.608823	0.000000,0.000000,0.000000	0.000000,0.000000,0.000000	2.033711,3.844918,0.608823	0
17:18:26	2.033719,3.844918,0.608829	0.000000,0.000000,0.000000	0.000000,0.000000,0.000000	2.033719,3.844918,0.608829	0
17:18:26	2.033719,3.844919,0.608828	0.000000,0.000000,0.000000	0.000000,0.000000,0.000000	2.033719,3.844919,0.608828	0
17:18:26	2.033714,3.844918,0.608828	0.000000,0.000000,0.000000	0.000000,0.000000,0.000000	2.033714,3.844918,0.608828	0
17:18:26	2.033721,3.844915,0.608819	0.000000,0.000000,0.000000	0.000000,0.000000,0.000000	2.033721,3.844915,0.608819	0
17:18:27	2.033726,3.844914,0.608822	0.000000,0.000000,0.000000	0.000000,0.000000,0.000000	2.033726,3.844914,0.608822	0
17:18:27	2.033717,3.844914,0.608825	0.000000,0.000000,0.000000	0.000000,0.000000,0.000000	2.033717,3.844914,0.608825	0
17:18:27	2.033711,3.844920,0.608824	0.000000,0.000000,0.000000	0.000000,0.000000,0.000000	2.033711,3.844920,0.608824	0
17:18:27	2.033724,3.844920,0.608821	0.000000,0.000000,0.000000	0.000000,0.000000,0.000000	2.033724,3.844920,0.608821	0
17:18:27	2.033721,3.844920,0.608820	0.000000,0.000000,0.000000	0.000000,0.000000,0.000000	2.033721,3.844920,0.608820	0
17:18:27	2.033721,3.844915,0.608821	0.000000,0.000000,0.000000	0.000000,0.000000,0.000000	2.033721,3.844915,0.608821	0
17:18:27	2.033717,3.844920,0.608819	0.000000,0.000000,0.000000	0.000000,0.000000,0.000000	2.033717,3.844920,0.608819	0
17:18:27	2.033716,3.844917,0.608820	0.000000,0.000000,0.000000	0.000000,0.000000,0.000000	2.033716,3.844917,0.608820	0
17:18:27	2.033717,3.844918,0.608823	0.000000,0.000000,0.000000	0.000000,0.000000,0.000000	2.033717,3.844918,0.608823	0
17:18:27	2.033714,3.844918,0.608825	0.000000,0.000000,0.000000	0.000000,0.000000,0.000000	2.033714,3.844918,0.608825	0
17:18:28	2.033720,3.844919,0.608827	0.000000,0.000000,0.000000	0.000000,0.000000,0.000000	2.033720,3.844919,0.608827	0
17:18:28	2.033716,3.844917,0.608823	0.000000,0.000000,0.000000	0.000000,0.000000,0.000000	2.033716,3.844917,0.608823	0
17:18:28	2.033720,3.844918,0.608831	0.000000,0.000000,0.000000	0.000000,0.000000,0.000000	2.033720,3.844918,0.608831	0
17:18:28	2.033717,3.844921,0.608820	0.000000,0.000000,0.000000	0.000000,0.000000,0.000000	2.033717,3.844921,0.608820	0
17:18:28	2.033717,3.844910,0.608817	0.000000,0.000000,0.000000	0.000000,0.000000,0.000000	2.033717,3.844910,0.608817	0
17:18:28	2.033719,3.844924,0.608817	0.000000,0.000000,0.000000	0.000000,0.000000,0.000000	2.033719,3.844924,0.608817	0
17:18:28	2.033715,3.844925,0.608820	0.000000,0.000000,0.000000	0.000000,0.000000,0.000000	2.033715,3.844925,0.608820	0
17:18:28	2.033722,3.844920,0.608822	0.000000,0.000000,0.000000	0.000000,0.000000,0.000000	2.033722,3.844920,0.608822	0
17:18:28	2.033718,3.844922,0.608822	0.000000,0.000000,0.000000	0.000000,0.000000,0.000000	2.033718,3.844922,0.608822	0
17:18:28	2.033719,3.844920,0.608825	0.000000,0.000000,0.000000	0.000000,0.000000,0.000000	2.033719,3.844920,0.608825	0
17:18:29	2.033720,3.844926,0.608821	0.000000,0.000000,0.000000	0.000000,0.000000,0.000000	2.033720,3.844926,0.608821	0
17:18:29	2.033716,3.844914,0.608835	0.000000,0.000000,0.000000	0.000000,0.000000,0.000000	2.033716,3.844914,0.608835	0
17:18:29	2.033716,3.844929,0.608861	0.000000,0.000000,0.000000	0.000000,0.000000,0.000000	2.033716,3.844929,0.608861	0
17:18:29	2.033728,3.844911,0.608828	0.000000,0.000000,0.000000	0.000000,0.000000,0.000000	2.033728,3.844911,0.608828	0
17:18:29	2.033722,3.844889,0.608818	0.000000,0.000000,0.000000	0.000000,0.000000,0.000000	2.033722,3.844889,0.608818	0
17:18:29	2.033660,3.844915,0.608853	0.000000,0.000000,0.000000	0.000000,0.000000,0.000000	2.033660,3.844915,0.608853	0
17:18:29	2.033721,3.844901,0.608825	0.000000,0.000000,0.000000	0.000000,0.000000,0.000000	2.033721,3.844901,0.608825	0
17:18:29	2.033724,3.844910,0.608811	0.000000,0.000000,0.000000	0.000000,0.000000,0.000000	2.033724,3.844910,0.608811	0
17:18:29	2.033862,3.844877,0.608765	0.000000,0.000000,0.000000	0.000000,0.000000,0.000000	2.033862,3.844877,0.608765	0
17:18:29	2.033727,3.844909,0.608813	0.000000,0.000000,0.000000	0.000000,0.000000,0.000000	2.033727,3.844909,0.608813	0
17:18:30	2.033693,3.844912,0.608826	0.000000,0.000000,0.000000	0.000000,0.000000,0.000000	2.033693,3.844912,0.608826	0
17:18:30	2.033704,3.844907,0.608829	0.000000,0.000000,0.000000	0.000000,0.000000,0.000000	2.033704,3.844907,0.608829	0
17:18:30	2.033714,3.844920,0.608837	0.000000,0.000000,0.000000	0.000000,0.000000,0.000000	2.033714,3.844920,0.608837	0
17:18:30	2.033720,3.844916,0.608822	0.000000,0.000000,0.000000	0.000000,0.000000,0.000000	2.033720,3.844916,0.608822	0
17:18:30	2.033714,3.844920,0.608824	0.000000,0.000000,0.000000	0.000000,0.000000,0.000000	2.033714,3.844920,0.608824	0
17:18:30	2.033717,3.844926,0.608826	0.000000,0.000000,0.000000	0.000000,0.000000,0.000000	2.033717,3.844926,0.608826	0
17:18:30	2.033709,3.844919,0.608828	0.000000,0.000000,0.000000	0.000000,0.000000,0.000000	2.033709,3.844919,0.608828	0
17:18:30	2.033715,3.844912,0.608825	0.000000,0.000000,0.000000	0.000000,0.000000,0.000000	2.033715,3.844912,0.608825	0
17:18:30	2.033723,3.844915,0.608832	0.000000,0.000000,0.000000	0.000000,0.000000,0.000000	2.033723,3.844915,0.608832	0
17:18:30	2.033719,3.844913,0.608825	0.000000,0.000000,0.000000	0.000000,0.000000,0.000000	2.033719,3.844913,0.608825	0
17:18:31	2.033726,3.844906,0.608820	0.000000,0.000000,0.000000	0.000000,0.000000,0.000000	2.033726,3.844906,0.608820	0
17:18:31	2.033850,3.844987,0.608757	0.000000,0.000000,0.000000	0.000000,0.000000,0.000000	2.033850,3.844987,0.608757	0
17:18:31	2.033723,3.844917,0.608822	0.000000,0.000000,0.000000	0.000000,0.000000,0.000000	2.033723,3.844917,0.608822	0
17:18:31	2.033724,3.844929,0.608826	0.000000,0.000000,0.000000	0.000000,0.000000,0.000000	2.033724,3.844929,0.608826	0
17:18:31	2.033726,3.844937,0.608823	0.000000,0.000000,0.000000	0.000000,0.000000,0.000000	2.033726,3.844937,0.608823	0
17:18:31	2.033707,3.844923,0.608822	0.000000,0.000000,0.000000	0.000000,0.000000,0.000000	2.033707,3.844923,0.608822	0
17:18:31	2.033706,3.844917,0.608821	0.000000,0.000000,0.000000	0.000000,0.000000,0.000000	2.033706,3.844917,0.608821	0
17:18:31	2.033719,3.844930,0.608844	0.000000,0.000000,0.000000	0.000000,0.000000,0.000000	2.033719,3.844930,0.608844	0
17:18:31	2.033695,3.844919,0.608839	0.000000,0.000000,0.000000	0.000000,0.000000,0.000000	2.033695,3.844919,0.608839	0
17:18:31	2.033705,3.844922,0.608829	0.000000,0.000000,0.000000	0.000000,0.000000,0.000000	2.033705,3.844922,0.608829	0
17:18:32	2.033695,3.844919,0.608827	0.000000,0.000000,0.000000	0.000000,0.000000,0.000000	2.033695,3.844919,0.608827	0
17:18:32	2.033706,3.844917,0.608824	0.000000,0.000000,0.000000	0.000000,0.000000,0.000000	2.033706,3.844917,0.608824	0
17:18:32	2.033716,3.844921,0.608815	0.000000,0.000000,0.000000	0.000000,0.000000,0.000000	2.033716,3.844921,0.608815	0
17:18:32	2.033720,3.844921,0.608814	0.000000,0.000000,0.000000	0.000000,0.000000,0.000000	2.033720,3.844921,0.608814	0
17:18:32	2.033716,3.844916,0.608823	0.000000,0.000000,0.000000	0.000000,0.000000,0.000000	2.033716,3.844916,0.608823	0
17:18:32	2.033730,3.844919,0.608811	0.000000,0.000000,0.000000	0.000000,0.000000,0.000000	2.033730,3.844919,0.608811	0
17:18:32	2.033729,3.844915,0.608822	0.000000,0.000000,0.000000	0.000000,0.000000,0.000000	2.033729,3.844915,0.608822	0
17:18:32	2.033718,3.844924,0.608817	0.000000,0.000000,0.000000	0.000000,0.000000,0.000000	2.033718,3.844924,0.608817	0
17:18:32	2.033722,3.844913,0.608822	0.000000,0.000000,0.000000	0.000000,0.000000,0.000000	2.033722,3.844913,0.608822	0
17:18:32	2.033726,3.844923,0.608822	0.000000,0.000000,0.000000	0.000000,0.000000,0.000000	2.033726,3.844923,0.608822	0
17:18:33	2.033723,3.844919,0.608830	0.000000,0.000000,0.000000	0.000000,0.000000,0.000000	2.033723,3.844919,0.608830	0
17:18:33	2.033727,3.844926,0.608818	0.000000,0.000000,0.000000	0.000000,0.000000,0.000000	2.033727,3.844926,0.608818	0
17:18:33	2.033726,3.844919,0.608825	0.000000,0.000000,0.000000	0.000000,0.000000,0.000000	2.033726,3.844919,0.608825	0
17:18:33	2.033724,3.844927,0.608817	0.000000,0.000000,0.000000	0.000000,0.000000,0.000000	2.033724,3.844927,0.608817	0
17:18:33	2.033729,3.844911,0.608826	0.000000,0.000000,0.000000	0.000000,0.000000,0.000000	2.033729,3.844911,0.608826	0
17:18:33	2.033725,3.844915,0.608824	0.000000,0.000000,0.000000	0.000000,0.000000,0.000000	2.033725,3.844915,0.608824	0
17:18:33	2.033726,3.844918,0.608822	0.000000,0.000000,0.000000	0.000000,0.000000,0.000000	2.033726,3.844918,0.608822	0
17:18:33	2.033714,3.844913,0.608818	0.000000,0.000000,0.000000	0.000000,0.000000,0.000000	2.033714,3.844913,0.608818	0
17:18:33	2.033722,3.844924,0.608835	0.000000,0.000000,0.000000	0.000000,0.000000,0.000000	2.033722,3.844924,0.608835	0
17:18:33	2.033716,3.844921,0.608826	0.000000,0.000000,0.000000	0.000000,0.000000,0.000000	2.033716,3.844921,0.608826	0
17:18:34	2.033723,3.844920,0.608816	0.000000,0.000000,0.000000	0.000000,0.000000,0.000000	2.033723,3.844920,0.608816	0
17:18:34	2.033727,3.844918,0.608827	0.000000,0.000000,0.000000	0.000000,0.000000,0.000000	2.033727,3.844918,0.608827	0
17:18:34	2.033722,3.844914,0.608826	0.000000,0.000000,0.000000	0.000000,0.000000,0.000000	2.033722,3.844914,0.608826	0
17:18:34	2.033720,3.844922,0.608825	0.000000,0.000000,0.000000	0.000000,0.000000,0.000000	2.033720,3.844922,0.608825	0
17:18:34	2.033729,3.844925,0.608820	0.000000,0.000000,0.000000	0.000000,0.000000,0.000000	2.033729,3.844925,0.608820	0
17:18:34	2.033716,3.844915,0.608830	0.000000,0.000000,0.000000	0.000000,0.000000,0.000000	2.033716,3.844915,0.608830	0
17:18:34	2.033725,3.844920,0.608827	0.000000,0.000000,0.000000	0.000000,0.000000,0.000000	2.033725,3.844920,0.608827	0
17:18:34	2.033721,3.844918,0.608829	0.000000,0.000000,0.000000	0.000000,0.000000,0.000000	2.033721,3.844918,0.608829	0
17:18:34	2.033725,3.844918,0.608822	0.000000,0.000000,0.000000	0.000000,0.000000,0.000000	2.033725,3.844918,0.608822	0
17:18:34	2.033721,3.844931,0.608827	0.000000,0.000000,0.000000	0.000000,0.000000,0.000000	2.033721,3.844931,0.608827	0
17:18:35	2.033725,3.844915,0.608824	0.000000,0.000000,0.000000	0.000000,0.000000,0.000000	2.033725,3.844915,0.608824	0
17:18:35	2.033722,3.844922,0.608824	0.000000,0.000000,0.000000	0.000000,0.000000,0.000000	2.033722,3.844922,0.608824	0
17:18:35	2.033715,3.844918,0.608828	0.000000,0.000000,0.000000	0.000000,0.000000,0.000000	2.033715,3.844918,0.608828	0
17:18:35	2.033713,3.844921,0.608824	0.000000,0.000000,0.000000	0.000000,0.000000,0.000000	2.033713,3.844921,0.608824	0
17:18:35	2.033728,3.844918,0.608827	0.000000,0.000000,0.000000	0.000000,0.000000,0.000000	2.033728,3.844918,0.608827	0
17:18:35	2.033714,3.844919,0.608828	0.000000,0.000000,0.000000	0.000000,0.000000,0.000000	2.033714,3.844919,0.608828	0
17:18:35	2.033715,3.844919,0.608830	0.000000,0.000000,0.000000	0.000000,0.000000,0.000000	2.033715,3.844919,0.608830	0
17:18:35	2.033717,3.844920,0.608823	0.000000,0.000000,0.000000	0.000000,0.000000,0.000000	2.033717,3.844920,0.608823	0
17:18:35	2.033718,3.844919,0.608832	0.000000,0.000000,0.000000	0.000000,0.000000,0.000000	2.033718,3.844919,0.608832	0
17:18:35	2.033714,3.844919,0.608821	0.000000,0.000000,0.000000	0.000000,0.000000,0.000000	2.033714,3.844919,0.608821	0
17:18:36	2.033724,3.844919,0.608826	0.000000,0.000000,0.000000	0.000000,0.000000,0.000000	2.033724,3.844919,0.608826	0
17:18:36	2.033716,3.844918,0.608823	0.000000,0.000000,0.000000	0.000000,0.000000,0.000000	2.033716,3.844918,0.608823	0
17:18:36	2.033714,3.844923,0.608826	0.000000,0.000000,0.000000	0.000000,0.000000,0.000000	2.033714,3.844923,0.608826	0
17:18:36	2.033716,3.844918,0.608821	0.000000,0.000000,0.000000	0.000000,0.000000,0.000000	2.033716,3.844918,0.608821	0
17:18:36	2.033715,3.844918,0.608832	0.000000,0.000000,0.000000	0.000000,0.000000,0.000000	2.033715,3.844918,0.608832	0
17:18:36	2.033721,3.844925,0.608826	0.000000,0.000000,0.000000	0.000000,0.000000,0.000000	2.033721,3.844925,0.608826	0
17:18:36	2.033715,3.844911,0.608828	0.000000,0.000000,0.000000	0.000000,0.000000,0.000000	2.033715,3.844911,0.608828	0
17:18:36	2.033722,3.844919,0.608828	0.000000,0.000000,0.000000	0.000000,0.000000,0.000000	2.033722,3.844919,0.608828	0
17:18:36	2.033719,3.844913,0.608833	0.000000,0.000000,0.000000	0.000000,0.000000,0.000000	2.033719,3.844913,0.608833	0
17:18:36	2.033717,3.844917,0.608822	0.000000,0.000000,0.000000	0.000000,0.000000,0.000000	2.033717,3.844917,0.608822	0
17:18:37	2.033722,3.844915,0.608824	0.000000,0.000000,0.000000	0.000000,0.000000,0.000000	2.033722,3.844915,0.608824	0
17:18:37	2.033721,3.844915,0.608826	0.000000,0.000000,0.000000	0.000000,0.000000,0.000000	2.033721,3.844915,0.608826	0
17:18:37	2.033727,3.844923,0.608826	0.000000,0.000000,0.000000	0.000000,0.000000,0.000000	2.033727,3.844923,0.608826	0
17:18:37	2.033719,3.844916,0.608819	0.000000,0.000000,0.000000	0.000000,0.000000,0.000000	2.033719,3.844916,0.608819	0
17:18:37	2.033723,3.844923,0.608816	0.000000,0.000000,0.000000	0.000000,0.000000,0.000000	2.033723,3.844923,0.608816	0
17:18:37	2.033722,3.844922,0.608818	0.000000,0.000000,0.000000	0.000000,0.000000,0.000000	2.033722,3.844922,0.608818	0
17:18:37	2.033720,3.844919,0.608823	0.000000,0.000000,0.000000	0.000000,0.000000,0.000000	2.033720,3.844919,0.608823	0
17:18:37	2.033726,3.844926,0.608833	0.000000,0.000000,0.000000	0.000000,0.000000,0.000000	2.033726,3.844926,0.608833	0
17:18:37	2.033722,3.844918,0.608818	0.000000,0.000000,0.000000	0.000000,0.000000,0.000000	2.033722,3.844918,0.608818	0
17:18:37	2.033716,3.844921,0.608829	0.000000,0.000000,0.000000	0.000000,0.000000,0.000000	2.033716,3.844921,0.608829	0
17:18:38	2.033720,3.844925,0.608826	0.000000,0.000000,0.000000	0.000000,0.000000,0.000000	2.033720,3.844925,0.608826	0
17:18:38	2.033735,3.844914,0.608816	0.000000,0.000000,0.000000	0.000000,0.000000,0.000000	2.033735,3.844914,0.608816	0
17:18:38	2.033719,3.844912,0.608822	0.000000,0.000000,0.000000	0.000000,0.000000,0.000000	2.033719,3.844912,0.608822	0
17:18:38	2.033715,3.844926,0.608827	0.000000,0.000000,0.000000	0.000000,0.000000,0.000000	2.033715,3.844926,0.608827	0
17:18:38	2.033721,3.844915,0.608832	0.000000,0.000000,0.000000	0.000000,0.000000,0.000000	2.033721,3.844915,0.608832	0
17:18:38	2.033722,3.844917,0.608832	0.000000,0.000000,0.000000	0.000000,0.000000,0.000000	2.033722,3.844917,0.608832	0
17:18:38	2.033720,3.844916,0.608818	0.000000,0.000000,0.000000	0.000000,0.000000,0.000000	2.033720,3.844916,0.608818	0
17:18:38	2.033728,3.844922,0.608833	0.000000,0.000000,0.000000	0.000000,0.000000,0.000000	2.033728,3.844922,0.608833	0
17:18:38	2.033731,3.844917,0.608814	0.000000,0.000000,0.000000	0.000000,0.000000,0.000000	2.033731,3.844917,0.608814	0
17:18:38	2.033731,3.844914,0.608822	0.000000,0.000000,0.000000	0.000000,0.000000,0.000000	2.033731,3.844914,0.608822	0
17:18:39	2.033728,3.844917,0.608824	0.000000,0.000000,0.000000	0.000000,0.000000,0.000000	2.033728,3.844917,0.608824	0
17:18:39	2.033727,3.844918,0.608825	0.000000,0.000000,0.000000	0.000000,0.000000,0.000000	2.033727,3.844918,0.608825	0
17:18:39	2.033719,3.844914,0.608823	0.000000,0.000000,0.000000	0.000000,0.000000,0.000000	2.033719,3.844914,0.608823	0
17:18:39	2.033711,3.844915,0.608824	0.000000,0.000000,0.000000	0.000000,0.000000,0.000000	2.033711,3.844915,0.608824	0
17:18:39	2.033710,3.844915,0.608826	0.000000,0.000000,0.000000	0.000000,0.000000,0.000000	2.033710,3.844915,0.608826	0
17:18:39	2.033709,3.844922,0.608830	0.000000,0.000000,0.000000	0.000000,0.000000,0.000000	2.033709,3.844922,0.608830	0
17:18:39	2.033718,3.844923,0.608834	0.000000,0.000000,0.000000	0.000000,0.000000,0.000000	2.033718,3.844923,0.608834	0
17:18:39	2.033720,3.844919,0.608828	0.000000,0.000000,0.000000	0.000000,0.000000,0.000000	2.033720,3.844919,0.608828	0
17:18:39	2.033713,3.844919,0.608825	0.000000,0.000000,0.000000	0.000000,0.000000,0.000000	2.033713,3.844919,0.608825	0
17:18:39	2.033723,3.844916,0.608828	0.000000,0.000000,0.000000	0.000000,0.000000,0.000000	2.033723,3.844916,0.608828	0
17:18:40	2.033719,3.844920,0.608827	0.000000,0.000000,0.000000	0.000000,0.000000,0.000000	2.033719,3.844920,0.608827	0
17:18:40	2.033718,3.844916,0.608825	0.000000,0.000000,0.000000	0.000000,0.000000,0.000000	2.033718,3.844916,0.608825	0
17:18:40	2.033712,3.844909,0.608825	0.000000,0.000000,0.000000	0.000000,0.000000,0.000000	2.033712,3.844909,0.608825	0
17:18:40	2.033719,3.844910,0.608827	0.000000,0.000000,0.000000	0.000000,0.000000,0.000000	2.033719,3.844910,0.608827	0
17:18:40	2.033728,3.844912,0.608830	0.000000,0.000000,0.000000	0.000000,0.000000,0.000000	2.033728,3.844912,0.608830	0
17:18:40	2.033713,3.844912,0.608828	0.000000,0.000000,0.000000	0.000000,0.000000,0.000000	2.033713,3.844912,0.608828	0
17:18:40	2.033728,3.844914,0.608828	0.000000,0.000000,0.000000	0.000000,0.000000,0.000000	2.033728,3.844914,0.608828	0
17:18:40	2.033722,3.844911,0.608826	0.000000,0.000000,0.000000	0.000000,0.000000,0.000000	2.033722,3.844911,0.608826	0
17:18:40	2.033719,3.844916,0.608832	0.000000,0.000000,0.000000	0.000000,0.000000,0.000000	2.033719,3.844916,0.608832	0
17:18:40	2.033724,3.844911,0.608837	0.000000,0.000000,0.000000	0.000000,0.000000,0.000000	2.033724,3.844911,0.608837	0
17:18:41	2.033724,3.844910,0.608819	0.000000,0.000000,0.000000	0.000000,0.000000,0.000000	2.033724,3.844910,0.608819	0
17:18:41	2.033728,3.844910,0.608828	0.000000,0.000000,0.000000	0.000000,0.000000,0.000000	2.033728,3.844910,0.608828	0
17:18:41	2.033720,3.844915,0.608827	0.000000,0.000000,0.000000	0.000000,0.000000,0.000000	2.033720,3.844915,0.608827	0
17:18:41	2.033721,3.844911,0.608823	0.000000,0.000000,0.000000	0.000000,0.000000,0.000000	2.033721,3.844911,0.608823	0
17:18:41	2.033711,3.844921,0.608830	0.000000,0.000000,0.000000	0.000000,0.000000,0.000000	2.033711,3.844921,0.608830	0
17:18:41	2.033713,3.844917,0.608818	0.000000,0.000000,0.000000	0.000000,0.000000,0.000000	2.033713,3.844917,0.608818	0
17:18:41	2.033727,3.844913,0.608815	0.000000,0.000000,0.000000	0.000000,0.000000,0.000000	2.033727,3.844913,0.608815	0
17:18:41	2.033715,3.844918,0.608833	0.000000,0.000000,0.000000	0.000000,0.000000,0.000000	2.033715,3.844918,0.608833	0
17:18:41	2.033721,3.844918,0.608830	0.000000,0.000000,0.000000	0.000000,0.000000,0.000000	2.033721,3.844918,0.608830	0
17:18:41	2.033717,3.844916,0.608831	0.000000,0.000000,0.000000	0.000000,0.000000,0.000000	2.033717,3.844916,0.608831	0
17:18:42	2.033716,3.844918,0.608820	0.000000,0.000000,0.000000	0.000000,0.000000,0.000000	2.033716,3.844918,0.608820	0
17:18:42	2.033733,3.844917,0.608826	0.000000,0.000000,0.000000	0.000000,0.000000,0.000000	2.033733,3.844917,0.608826	0
17:18:42	2.033729,3.844921,0.608824	0.000000,0.000000,0.000000	0.000000,0.000000,0.000000	2.033729,3.844921,0.608824	0
17:18:42	2.033719,3.844920,0.608825	0.000000,0.000000,0.000000	0.000000,0.000000,0.000000	2.033719,3.844920,0.608825	0
17:18:42	2.033719,3.844918,0.608825	0.000000,0.000000,0.000000	0.000000,0.000000,0.000000	2.033719,3.844918,0.608825	0
17:18:42	2.033718,3.844920,0.608831	0.000000,0.000000,0.000000	0.000000,0.000000,0.000000	2.033718,3.844920,0.608831	0
17:18:42	2.033717,3.844916,0.608832	0.000000,0.000000,0.000000	0.000000,0.000000,0.000000	2.033717,3.844916,0.608832	0
17:18:42	2.033725,3.844913,0.608819	0.000000,0.000000,0.000000	0.000000,0.000000,0.000000	2.033725,3.844913,0.608819	0
17:18:42	2.033715,3.844918,0.608830	0.000000,0.000000,0.000000	0.000000,0.000000,0.000000	2.033715,3.844918,0.608830	0
17:18:42	2.033726,3.844911,0.608835	0.000000,0.000000,0.000000	0.000000,0.000000,0.000000	2.033726,3.844911,0.608835	0
17:18:43	2.033724,3.844917,0.608830	0.000000,0.000000,0.000000	0.000000,0.000000,0.000000	2.033724,3.844917,0.608830	0
17:18:43	2.033724,3.844919,0.608833	0.000000,0.000000,0.000000	0.000000,0.000000,0.000000	2.033724,3.844919,0.608833	0
17:18:43	2.033722,3.844910,0.608820	0.000000,0.000000,0.000000	0.000000,0.000000,0.000000	2.033722,3.844910,0.608820	0
17:18:43	2.033717,3.844920,0.608831	0.000000,0.000000,0.000000	0.000000,0.000000,0.000000	2.033717,3.844920,0.608831	0
17:18:43	2.033725,3.844913,0.608824	0.000000,0.000000,0.000000	0.000000,0.000000,0.000000	2.033725,3.844913,0.608824	0
17:18:43	2.033721,3.844915,0.608829	0.000000,0.000000,0.000000	0.000000,0.000000,0.000000	2.033721,3.844915,0.608829	0
