# Flight Log 
# 25 08 17 - 17:18:18
Time		X,Y,Z				goalX,goalY,goalZ		ddx,ddy,ddz			angularx,angulary,angularz	battery
17:18:18	0.000000,0.000000,0.000000	0.000000,0.000000,0.000000	0.000000,0.000000,0.000000	0.000000,0.000000,0.000000	0
17:18:18	0.000000,0.000000,0.000000	0.000000,0.000000,0.000000	0.000000,0.000000,0.000000	0.000000,0.000000,0.000000	0
17:18:18	0.711935,0.827821,0.409862	0.708704,0.829317,0.729772	-0.086221,0.119751,10.315349	0.711935,0.827821,0.409862	3.69501471519
17:18:18	0.711847,0.827806,0.409846	0.708698,0.829307,0.729811	-0.083826,0.124541,10.320139	0.711847,0.827806,0.409846	3.69501471519
17:18:18	0.711921,0.827811,0.409879	0.708697,0.829316,0.729795	-0.081431,0.126936,10.322534	0.711921,0.827811,0.409879	3.69501471519
17:18:18	0.711938,0.827789,0.409866	0.708704,0.829322,0.729780	-0.088616,0.122146,10.324929	0.711938,0.827789,0.409866	3.69501471519
17:18:19	0.711947,0.827821,0.409842	0.708703,0.829322,0.729783	-0.088616,0.126936,10.315349	0.711947,0.827821,0.409842	3.69501471519
17:18:19	0.711931,0.827820,0.409867	0.708712,0.829312,0.729763	-0.088616,0.122146,10.324929	0.711931,0.827820,0.409867	3.69501471519
17:18:19	0.712045,0.827854,0.409680	0.708713,0.829318,0.729779	-0.086221,0.129331,10.315349	0.712045,0.827854,0.409680	3.69501471519
17:18:19	0.711953,0.827661,0.409755	0.708694,0.829332,0.729826	-0.088616,0.129331,10.315349	0.711953,0.827661,0.409755	3.69501471519
17:18:19	0.711934,0.827835,0.409897	0.708707,0.829313,0.729776	-0.091011,0.129331,10.317744	0.711934,0.827835,0.409897	3.69501471519
17:18:19	0.711931,0.827828,0.409856	0.708701,0.829329,0.729816	-0.086221,0.126936,10.315349	0.711931,0.827828,0.409856	3.69501471519
17:18:19	0.711932,0.827831,0.409872	0.708690,0.829327,0.729821	-0.088616,0.122146,10.305769	0.711932,0.827831,0.409872	3.69501471519
17:18:19	0.711936,0.827827,0.409900	0.708639,0.829290,0.729778	-0.088616,0.124541,10.324929	0.711936,0.827827,0.409900	3.69501471519
17:18:19	0.711938,0.827828,0.409881	0.708702,0.829300,0.729780	-0.086221,0.124541,10.310559	0.711938,0.827828,0.409881	3.69501471519
17:18:19	0.711931,0.827826,0.409858	0.708706,0.829322,0.729768	-0.091011,0.126936,10.312954	0.711931,0.827826,0.409858	3.69501471519
17:18:20	0.711934,0.827849,0.409825	0.708772,0.829264,0.729744	-0.093406,0.126936,10.341694	0.711934,0.827849,0.409825	3.69501471519
17:18:20	0.711962,0.827854,0.409865	0.708746,0.829324,0.729682	-0.088616,0.124541,10.320139	0.711962,0.827854,0.409865	3.6316716671
17:18:20	0.711954,0.827854,0.409828	0.708707,0.829305,0.729781	-0.007185,0.110171,10.305769	0.711954,0.827854,0.409828	3.62639307976
17:18:20	0.711893,0.827802,0.409830	0.708742,0.829309,0.729771	-0.100591,0.172441,10.346484	0.711893,0.827802,0.409830	3.62111449242
17:18:20	0.712008,0.827819,0.409830	0.708733,0.829302,0.729788	-0.062271,0.158071,10.317744	0.712008,0.827819,0.409830	3.61583590508
17:18:20	0.712006,0.827792,0.409849	0.708739,0.829298,0.729762	-0.110171,0.141306,10.291399	0.712006,0.827792,0.409849	3.60527873039
17:18:20	0.711989,0.827804,0.409797	0.708721,0.829291,0.729745	-0.074246,0.071851,10.360854	0.711989,0.827804,0.409797	3.60000014305
17:18:20	0.712006,0.827795,0.409830	0.708728,0.829302,0.729711	-0.105381,0.110171,10.456655	0.712006,0.827795,0.409830	3.59472155571
17:18:20	0.712004,0.827820,0.409789	0.708731,0.829301,0.729764	-0.083826,0.098196,10.303374	0.712004,0.827820,0.409789	3.58944296837
17:18:20	0.711988,0.827824,0.409805	0.708693,0.829283,0.729699	-0.095801,0.031135,10.171648	0.711988,0.827824,0.409805	3.57888579369
17:18:21	0.711972,0.827757,0.409830	0.708729,0.829289,0.729687	-0.057480,0.129331,10.358459	0.711972,0.827757,0.409830	3.57360720634
17:18:21	0.712125,0.827647,0.409633	0.708699,0.829292,0.729740	-0.124541,0.184417,10.236313	0.712125,0.827647,0.409633	3.56305003166
17:18:21	0.712097,0.827631,0.409629	0.708820,0.829151,0.729630	-0.055085,0.177231,10.454260	0.712097,0.827631,0.409629	3.56305003166
17:18:21	0.712098,0.827660,0.409666	0.708815,0.829146,0.729598	-0.064666,0.225132,10.221943	0.712098,0.827660,0.409666	3.54721426964
17:18:21	0.712121,0.827611,0.409687	0.708785,0.829196,0.729618	-0.091011,-0.014370,10.380015	0.712121,0.827611,0.409687	3.54721426964
17:18:21	0.712077,0.827657,0.409662	0.708835,0.829206,0.729576	-0.143701,0.028740,10.260264	0.712077,0.827657,0.409662	3.53665685654
17:18:21	0.712106,0.827577,0.409715	0.708819,0.829166,0.729673	-0.002395,0.529299,10.516531	0.712106,0.827577,0.409715	3.52609968185
17:18:21	0.712032,0.827584,0.409761	0.708758,0.829135,0.729627	-0.067061,0.275427,10.140513	0.712032,0.827584,0.409761	3.52082109451
17:18:21	0.712108,0.827548,0.409720	0.708729,0.829124,0.729680	-0.026345,0.091011,10.380015	0.712108,0.827548,0.409720	3.51026391983
17:18:21	0.712310,0.827373,0.409558	0.708786,0.829085,0.729608	-0.040715,0.026345,10.193203	0.712310,0.827373,0.409558	3.49970674515
17:18:22	0.712475,0.827559,0.409769	0.708935,0.828942,0.729632	-0.102986,0.033530,10.197993	0.712475,0.827559,0.409769	3.49442815781
17:18:22	0.712662,0.827723,0.409770	0.708984,0.829086,0.729677	-0.098196,-0.059875,10.279424	0.712662,0.827723,0.409770	3.48387098312
17:18:22	0.713207,0.827796,0.409797	0.709321,0.829218,0.729731	-0.074246,0.308958,10.298584	0.713207,0.827796,0.409797	3.47859239578
17:18:22	0.713673,0.827282,0.409635	0.709657,0.829297,0.729647	-0.191602,-0.158071,10.403965	0.713673,0.827282,0.409635	3.4680352211
17:18:22	0.714126,0.827128,0.409511	0.709788,0.829031,0.729696	0.117356,0.352068,10.411150	0.714126,0.827128,0.409511	3.45747804642
17:18:22	0.714332,0.827810,0.409790	0.710438,0.828825,0.729356	-0.114961,0.256267,10.554851	0.714332,0.827810,0.409790	3.44692087173
17:18:22	0.714385,0.827611,0.409904	0.710408,0.829301,0.729707	-0.201182,-0.117356,10.341694	0.714385,0.827611,0.409904	3.44164228439
17:18:22	0.715225,0.827267,0.409790	0.710467,0.829136,0.729860	-0.220342,0.323328,10.260264	0.715225,0.827267,0.409790	3.43108510971
17:18:22	0.716552,0.827371,0.409734	0.711269,0.828890,0.729411	-0.275427,0.004790,10.279424	0.716552,0.827371,0.409734	3.42052793503
17:18:22	0.717936,0.826969,0.409390	0.712115,0.828971,0.729554	-0.014370,-0.340093,10.226733	0.717936,0.826969,0.409390	3.40997076035
17:18:23	0.719326,0.824786,0.409473	0.722573,0.828616,0.728889	-0.198787,-0.186812,9.920171	0.719326,0.824786,0.409473	3.39413499832
17:18:23	0.721528,0.823479,0.409111	0.723327,0.826921,0.729297	0.114961,0.728086,10.260264	0.721528,0.823479,0.409111	3.38357782364
17:18:23	0.722284,0.823756,0.409521	0.725082,0.826030,0.728761	-0.191602,0.162861,10.154883	0.722284,0.823756,0.409521	3.3782992363
17:18:23	0.724251,0.823316,0.409120	0.725328,0.826316,0.729438	0.076641,0.038320,10.262659	0.724251,0.823316,0.409120	3.36774206161
17:18:23	0.726076,0.823749,0.409376	0.726672,0.826022,0.729237	0.330513,0.498164,10.432705	0.726076,0.823749,0.409376	3.35718488693
17:18:23	0.728653,0.825375,0.408959	0.728138,0.826404,0.729297	-0.172441,-0.277822,10.164463	0.728653,0.825375,0.408959	3.34134912491
17:18:23	0.731964,0.828150,0.409423	0.730258,0.827573,0.728842	-0.117356,0.809517,10.154883	0.731964,0.828150,0.409423	3.33079195023
17:18:23	0.736890,0.832616,0.410111	0.732563,0.829820,0.729386	0.069456,-0.414338,10.272239	0.736890,0.832616,0.410111	3.3149561882
17:18:23	0.743975,0.838306,0.413361	0.736023,0.833142,0.730665	0.153281,0.320933,10.540481	0.743975,0.838306,0.413361	3.30439901352
17:18:23	0.752978,0.847974,0.420657	0.741299,0.837533,0.733962	-0.059875,0.079036,10.506951	0.752978,0.847974,0.420657	3.2885632515
17:18:24	0.770241,0.862875,0.430916	0.748242,0.844559,0.741324	0.275427,0.668210,10.600356	0.770241,0.862875,0.430916	3.27272748947
17:18:24	0.800189,0.882899,0.441922	0.770908,0.865076,0.751126	0.349673,2.098037,10.990745	0.800189,0.882899,0.441922	3.26217031479
17:18:24	0.839892,0.906922,0.460526	0.802150,0.879676,0.763159	0.289797,1.017883,10.859019	0.839892,0.906922,0.460526	3.2252202034
17:18:24	0.882313,0.935620,0.479141	0.840413,0.906346,0.782330	0.344883,1.736389,9.956096	0.882313,0.935620,0.479141	3.25161314011
17:18:24	0.921641,0.969209,0.494848	0.879782,0.936753,0.800228	-0.100591,0.914897,10.511741	0.921641,0.969209,0.494848	3.24633455276
17:18:24	0.959003,1.005240,0.510625	0.917485,0.970342,0.815147	-0.079036,0.955613,10.403965	0.959003,1.005240,0.510625	3.23577737808
17:18:24	0.992247,1.043981,0.525542	0.974483,1.027273,0.828472	0.112566,0.411943,10.363250	0.992247,1.043981,0.525542	3.24633455276
17:18:24	1.020895,1.084762,0.541063	1.007481,1.064938,0.844302	-0.172441,-0.263452,10.377620	1.020895,1.084762,0.541063	3.23577737808
17:18:24	1.044978,1.127139,0.557877	1.038202,1.103838,0.859479	-0.033530,0.318538,10.449470	1.044978,1.127139,0.557877	3.24105596542
17:18:24	1.065871,1.170900,0.574836	1.066163,1.143665,0.875545	-0.102986,-0.141306,10.461445	1.065871,1.170900,0.574836	3.23577737808
17:18:25	1.083932,1.216048,0.593563	1.091970,1.196338,0.889411	-0.203577,-0.172441,10.523716	1.083932,1.216048,0.593563	3.23577737808
17:18:25	1.100469,1.262923,0.612996	1.104112,1.238128,0.910768	0.019160,0.059875,10.863809	1.100469,1.262923,0.612996	3.23577737808
17:18:25	1.116094,1.311900,0.634095	1.128413,1.280509,0.928876	0.177231,1.539998,10.195598	1.116094,1.311900,0.634095	3.23577737808
17:18:25	1.132605,1.360603,0.654288	1.138636,1.337905,0.949938	0.256267,-0.265847,10.648257	1.132605,1.360603,0.654288	3.23049879074
17:18:25	1.148648,1.407445,0.678941	1.164046,1.380683,0.968869	0.110171,0.191602,10.327324	1.148648,1.407445,0.678941	3.23049879074
17:18:25	1.165534,1.454621,0.705107	1.174492,1.438341,0.992637	0.153281,0.055085,10.444680	1.165534,1.454621,0.705107	3.23049879074
17:18:25	1.182589,1.503415,0.734183	1.202038,1.480493,1.016581	0.083826,1.702859,10.686577	1.182589,1.503415,0.734183	3.23577737808
17:18:25	1.199510,1.553931,0.765840	1.212786,1.542072,1.043969	-0.016765,0.876577,10.705737	1.199510,1.553931,0.765840	3.2252202034
17:18:25	1.216149,1.605712,0.799895	1.244059,1.585609,1.071974	-0.131726,0.775986,10.669812	1.216149,1.605712,0.799895	3.23577737808
17:18:25	1.233275,1.658335,0.836224	1.254844,1.653019,1.102057	-0.107776,0.476609,10.547666	1.233275,1.658335,0.836224	3.23577737808
17:18:26	1.251484,1.711415,0.874780	1.293633,1.696366,1.129258	-0.083826,-0.031135,10.463840	1.251484,1.711415,0.874780	3.24633455276
17:18:26	1.270375,1.763939,0.914599	1.306644,1.773862,1.156374	0.208367,0.507744,10.188413	1.270375,1.763939,0.914599	3.24105596542
17:18:26	1.290469,1.815513,0.954749	1.363589,1.815586,1.162695	-0.371228,0.229922,10.418335	1.290469,1.815513,0.954749	3.23577737808
17:18:26	1.312641,1.866161,0.990393	1.411308,1.894813,1.092599	-0.035925,-0.043110,9.055569	1.312641,1.866161,0.990393	3.21994161606
17:18:26	1.337309,1.914578,1.013171	1.451246,1.917803,1.015680	0.057480,0.344883,8.880732	1.337309,1.914578,1.013171	3.21994161606
17:18:26	1.364548,1.959290,1.021264	1.489644,1.942232,0.968413	-0.225132,0.905317,9.192085	1.364548,1.959290,1.021264	3.20938444138
17:18:26	1.394686,1.998854,1.019462	1.523240,1.968855,0.954287	-0.045505,0.347278,9.450747	1.394686,1.998854,1.019462	3.19354820251
17:18:26	1.427910,2.033331,1.014062	1.508263,1.998891,0.958066	-0.105381,0.016765,10.413545	1.427910,2.033331,1.014062	3.19354820251
17:18:26	1.462077,2.064739,1.008734	1.541545,2.031747,0.969966	0.081431,-0.402363,10.624307	1.462077,2.064739,1.008734	3.2041053772
17:18:26	1.492967,2.094887,1.005445	1.574427,2.119650,0.981585	0.167651,-0.162861,10.332114	1.492967,2.094887,1.005445	3.20938444138
17:18:27	1.518749,2.124465,1.002933	1.556209,2.101564,0.988439	0.167651,-0.162861,10.332114	1.518749,2.124465,1.002933	3.20938444138
17:18:27	1.538821,2.152822,1.001571	1.594390,2.083838,0.993626	0.167651,0.019160,10.588381	1.538821,2.152822,1.001571	3.20938444138
17:18:27	1.554175,2.179934,1.001762	1.635937,2.120227,0.996502	-0.146096,-0.081431,10.490186	1.554175,2.179934,1.001762	3.2041053772
17:18:27	1.567819,2.206001,1.003202	1.626795,2.157445,0.995883	0.359253,0.811912,10.195598	1.567819,2.206001,1.003202	3.19882678986
17:18:27	1.581444,2.231206,1.004487	1.671954,2.195103,0.992953	-0.263452,0.026345,10.231523	1.581444,2.231206,1.004487	3.19882678986
17:18:27	1.595442,2.255502,1.006059	1.663811,2.233343,0.989750	-0.107776,0.565225,10.411150	1.595442,2.255502,1.006059	3.19882678986
17:18:27	1.609861,2.281546,1.005706	1.708674,2.218764,0.986545	-0.141306,0.165256,10.312954	1.609861,2.281546,1.005706	3.19882678986
17:18:27	1.625277,2.310556,1.002785	1.699962,2.256388,0.987913	-0.141306,0.112566,10.432705	1.625277,2.310556,1.002785	3.19882678986
17:18:27	1.642405,2.340393,1.001023	1.744053,2.292186,0.994431	0.146096,0.277822,10.693762	1.642405,2.340393,1.001023	3.19354820251
17:18:27	1.660459,2.371729,1.001181	1.733660,2.327562,0.997758	-0.256267,0.627495,10.626702	1.660459,2.371729,1.001181	3.19882678986
17:18:28	1.678424,2.405674,1.000288	1.776112,2.361972,0.997632	-0.009580,0.819097,10.408755	1.678424,2.405674,1.000288	3.19882678986
17:18:28	1.695448,2.440715,0.999174	1.765452,2.394852,0.999467	-0.186812,0.119751,10.430310	1.695448,2.440715,0.999174	3.19882678986
17:18:28	1.711595,2.475787,0.997887	1.808571,2.427131,1.002015	-0.153281,-0.043110,10.360854	1.711595,2.475787,0.997887	3.19354820251
17:18:28	1.726803,2.510294,0.996458	1.798953,2.459434,1.004822	-0.114961,0.079036,10.346484	1.726803,2.510294,0.996458	3.19354820251
17:18:28	1.741801,2.543580,0.995321	1.843177,2.492170,1.007894	-0.232317,0.320933,10.267449	1.741801,2.543580,0.995321	3.18826961517
17:18:28	1.756838,2.575745,0.994095	1.834125,2.525509,1.010534	-0.292192,-0.052690,10.238708	1.756838,2.575745,0.994095	3.18826961517
17:18:28	1.771801,2.606218,0.993274	1.878566,2.559720,1.013256	-0.016765,0.531694,10.387200	1.771801,2.606218,0.993274	3.18299102783
17:18:28	1.787093,2.636226,0.991816	1.869471,2.594643,1.015395	0.069456,0.349673,10.509346	1.787093,2.636226,0.991816	3.19354820251
17:18:28	1.803010,2.666123,0.990038	1.860371,2.630065,1.018470	0.059875,-0.043110,9.762100	1.803010,2.666123,0.990038	3.18826961517
17:18:28	1.818501,2.696191,0.987872	1.904025,2.665564,1.022362	0.047900,0.548459,10.542876	1.818501,2.696191,0.987872	3.18826961517
17:18:29	1.834047,2.726258,0.985334	1.894749,2.700846,1.027035	0.273032,0.208367,10.298584	1.834047,2.726258,0.985334	3.18826961517
17:18:29	1.848920,2.755536,0.984361	1.939092,2.682887,1.031462	0.177231,0.577200,10.602751	1.848920,2.755536,0.984361	3.18299102783
17:18:29	1.865421,2.783759,0.983394	1.929794,2.718551,1.034569	-0.057480,0.038320,10.176438	1.865421,2.783759,0.983394	3.18299102783
17:18:29	1.883750,2.809738,0.983239	1.973204,2.755058,1.036553	0.100591,0.069456,10.559641	1.883750,2.809738,0.983239	3.18299102783
17:18:29	1.903331,2.834210,0.982540	1.962117,2.792952,1.036759	-0.105381,0.122146,10.437495	1.903331,2.834210,0.982540	3.18299102783
17:18:29	1.923259,2.857408,0.980992	2.003755,2.831596,1.038595	-0.126936,-0.347278,10.344089	1.923259,2.857408,0.980992	3.18299102783
17:18:29	1.943197,2.878251,0.979212	1.991637,2.817774,1.042225	0.186812,0.658630,9.948911	1.943197,2.878251,0.979212	3.17771244049
17:18:29	1.962475,2.894978,0.978215	2.033069,2.858790,1.046057	0.193997,0.450264,10.248289	1.962475,2.894978,0.978215	3.17771244049
17:18:29	1.981003,2.908142,0.978600	2.074862,2.902290,1.047825	0.208367,0.201182,10.181228	1.981003,2.908142,0.978600	3.17771244049
17:18:29	1.998217,2.921899,0.978512	2.063899,2.894327,1.046872	0.009580,-0.081431,10.071057	1.998217,2.921899,0.978512	3.17771244049
17:18:30	2.014178,2.937164,0.977518	2.106926,2.939481,1.047812	0.234712,0.356858,10.571616	2.014178,2.937164,0.977518	3.17243385315
17:18:30	2.028888,2.954075,0.977639	2.097327,2.930313,1.049547	0.253872,0.217947,10.095007	2.028888,2.954075,0.977639	3.17243385315
17:18:30	2.042517,2.974126,0.976876	2.142001,2.919916,1.049202	-0.026345,0.440684,10.602751	2.042517,2.974126,0.976876	3.17771244049
17:18:30	2.057116,2.995461,0.977284	2.133795,2.961182,1.050782	0.273032,-0.361648,10.504556	2.057116,2.995461,0.977284	3.17771244049
17:18:30	2.074461,3.019114,0.978266	2.178277,3.001600,1.049870	0.409548,0.742456,10.212363	2.074461,3.019114,0.978266	3.17243385315
17:18:30	2.093976,3.046422,0.978795	2.167776,2.987248,1.047659	0.261057,0.414338,10.226733	2.093976,3.046422,0.978795	3.17771244049
17:18:30	2.116071,3.075216,0.978664	2.209214,3.024084,1.046790	0.026345,0.713716,10.315349	2.116071,3.075216,0.978664	3.17243385315
17:18:30	2.140579,3.103991,0.979555	2.195926,3.060030,1.046831	0.019160,0.098196,10.250684	2.140579,3.103991,0.979555	3.16715526581
17:18:30	2.165796,3.132540,0.979587	2.265261,3.007622,1.034818	-0.172441,0.232317,10.542876	2.165796,3.132540,0.979587	3.17243385315
17:18:30	2.191096,3.157957,0.979283	2.278421,3.021244,1.025352	0.055085,-0.124541,10.071057	2.191096,3.157957,0.979283	3.16715526581
17:18:31	2.216821,3.177886,0.979147	2.272720,3.022916,1.024162	0.256267,0.483794,10.080637	2.216821,3.177886,0.979147	3.16187667847
17:18:31	2.243518,3.190894,0.978447	2.296099,3.040362,1.018856	-0.296982,0.107776,10.368040	2.243518,3.190894,0.978447	3.16715526581
17:18:31	2.269767,3.196533,0.977895	2.336656,3.061927,1.023161	0.368833,0.059875,10.437495	2.269767,3.196533,0.977895	3.16187667847
17:18:31	2.295766,3.195726,0.977283	2.382501,3.083825,1.029577	0.028740,0.328118,10.602751	2.295766,3.195726,0.977283	3.16715526581
17:18:31	2.321414,3.190572,0.977930	2.432249,3.113707,1.037092	0.021555,0.847837,10.370435	2.321414,3.190572,0.977930	3.16715526581
17:18:31	2.346824,3.185198,0.979331	2.445915,3.099247,1.048470	0.114961,0.210762,10.554851	2.346824,3.185198,0.979331	3.16715526581
17:18:31	2.372062,3.182117,0.981742	2.482597,3.103322,1.044430	0.160466,0.040715,10.324929	2.372062,3.182117,0.981742	3.16715526581
17:18:31	2.397817,3.182686,0.984235	2.522143,3.157471,1.039586	0.270637,0.696951,10.267449	2.397817,3.182686,0.984235	3.16187667847
17:18:31	2.423558,3.189600,0.984752	2.556000,3.157535,1.033187	0.102986,0.301772,10.159673	2.423558,3.189600,0.984752	3.17243385315
17:18:31	2.448965,3.205832,0.982212	2.544635,3.205592,1.034104	-0.071851,0.445474,10.399175	2.448965,3.205832,0.982212	3.16715526581
17:18:32	2.474812,3.230269,0.980626	2.582689,3.195537,1.039737	0.462239,0.881367,10.377620	2.474812,3.230269,0.980626	3.16187667847
17:18:32	2.500498,3.261999,0.979571	2.620505,3.180356,1.042854	0.004790,0.629890,10.403965	2.500498,3.261999,0.979571	3.16187667847
17:18:32	2.527666,3.297220,0.979931	2.651843,3.216531,1.042339	-0.114961,0.888552,10.581196	2.527666,3.297220,0.979931	3.15131950378
17:18:32	2.557577,3.332819,0.981024	2.662707,3.214319,1.031288	-0.138911,0.270637,10.245894	2.557577,3.332819,0.981024	3.15659809113
17:18:32	2.589543,3.366195,0.980293	2.674552,3.225747,1.021831	0.215552,0.888552,9.980046	2.589543,3.366195,0.980293	3.15659809113
17:18:32	2.623771,3.393457,0.979278	2.707310,3.259742,1.022526	0.019160,0.747246,10.035132	2.623771,3.393457,0.979278	3.14604091644
17:18:32	2.659220,3.413495,0.979340	2.762966,3.316060,1.032234	0.079036,0.117356,10.796748	2.659220,3.413495,0.979340	3.15659809113
17:18:32	2.693153,3.429005,0.981936	2.765645,3.296391,1.038948	0.134121,0.057480,10.370435	2.693153,3.429005,0.981936	3.1407623291
17:18:32	2.724178,3.442616,0.983170	2.809143,3.328479,1.039456	-0.165256,0.031135,10.478210	2.724178,3.442616,0.983170	3.16715526581
17:18:32	2.751708,3.451116,0.986917	2.790711,3.320640,1.036428	0.225132,0.479004,10.341694	2.751708,3.451116,0.986917	3.14604091644
17:18:33	2.775216,3.455217,0.989696	2.827718,3.315715,1.028094	0.227527,0.337698,10.035132	2.775216,3.455217,0.989696	3.16187667847
17:18:33	2.793845,3.454965,0.992261	2.867203,3.473324,1.021952	-0.023950,0.227527,9.865085	2.793845,3.454965,0.992261	3.15131950378
17:18:33	2.808254,3.452560,0.993432	2.909614,3.473828,1.016592	0.318538,0.232317,10.200388	2.808254,3.452560,0.993432	3.15131950378
17:18:33	2.820540,3.454002,0.992523	2.901048,3.475162,1.014604	0.368833,0.483794,10.344089	2.820540,3.454002,0.992523	3.15131950378
17:18:33	2.831800,3.462104,0.991312	2.893749,3.474031,1.016721	0.282612,0.577200,10.413545	2.831800,3.462104,0.991312	3.15131950378
17:18:33	2.841195,3.477264,0.990501	2.940393,3.468812,1.019326	0.778381,1.559158,10.363250	2.841195,3.477264,0.990501	3.15131950378
17:18:33	2.850937,3.498658,0.989760	2.934811,3.459408,1.021173	0.364043,0.455054,10.554851	2.850937,3.498658,0.989760	3.15131950378
17:18:33	2.864761,3.523646,0.989391	2.928886,3.446328,1.022693	0.110171,0.737666,10.360854	2.864761,3.523646,0.989391	3.15131950378
17:18:33	2.882751,3.547549,0.990229	2.973678,3.431237,1.023147	0.100591,0.227527,10.459050	2.882751,3.547549,0.990229	3.15131950378
17:18:33	2.904785,3.566286,0.991975	2.962702,3.417086,1.021154	0.306563,0.205972,10.566826	2.904785,3.566286,0.991975	3.15131950378
17:18:34	2.931426,3.577979,0.993419	3.002513,3.459429,1.017420	-0.177231,0.785566,10.585986	2.931426,3.577979,0.993419	3.14604091644
17:18:34	2.959955,3.581502,0.994966	3.036757,3.456430,1.013310	-0.031135,0.663420,10.439890	2.959955,3.581502,0.994966	3.15131950378
17:18:34	2.989756,3.579568,0.993944	3.067364,3.460949,1.009908	0.126936,-0.328118,10.205178	2.989756,3.579568,0.993944	3.15659809113
17:18:34	3.022231,3.573963,0.992215	3.083724,3.402557,1.034846	0.007185,-0.126936,9.996812	3.022231,3.573963,0.992215	3.14604091644
17:18:34	3.055352,3.564954,0.990635	3.123130,3.400828,1.043701	0.354463,0.335303,10.286609	3.055352,3.564954,0.990635	3.15131950378
17:18:34	3.087522,3.552769,0.990691	3.166226,3.398885,1.055341	-0.023950,0.512534,10.459050	3.087522,3.552769,0.990691	3.14604091644
17:18:34	3.119938,3.539269,0.993245	3.202227,3.416966,1.054363	-0.124541,0.462239,10.408755	3.119938,3.539269,0.993245	3.14604091644
17:18:34	3.152018,3.525806,0.996170	3.226903,3.368943,1.038782	0.102986,0.316143,10.471025	3.152018,3.525806,0.996170	3.15131950378
17:18:34	3.181347,3.513280,0.997783	3.272609,3.373838,1.030546	0.299377,0.864602,10.097402	3.181347,3.513280,0.997783	3.16715526581
17:18:34	3.207975,3.502276,0.996857	3.312854,3.393738,1.024435	0.088616,0.138911,10.329719	3.207975,3.502276,0.996857	3.16715526581
17:18:35	3.234084,3.493608,0.994528	3.337492,3.347909,1.025260	0.148491,0.490979,10.734478	3.234084,3.493608,0.994528	3.14604091644
17:18:35	3.259525,3.487345,0.992142	3.381338,3.356969,1.034154	-0.112566,0.711321,10.399175	3.259525,3.487345,0.992142	3.14604091644
17:18:35	3.284856,3.481852,0.992629	3.420776,3.368201,1.040708	-0.184417,0.258662,10.727292	3.284856,3.481852,0.992629	3.1407623291
17:18:35	3.312359,3.477655,0.995393	3.407328,3.356116,1.045424	0.419128,0.205972,10.583591	3.312359,3.477655,0.995393	3.1407623291
17:18:35	3.341317,3.473949,0.997969	3.425907,3.311751,1.027329	0.098196,0.311353,10.092612	3.341317,3.473949,0.997969	3.1407623291
17:18:35	3.369188,3.468690,0.998263	3.465067,3.314930,1.019855	-0.052690,0.673000,10.399175	3.369188,3.468690,0.998263	3.14604091644
17:18:35	3.395432,3.461132,0.996991	3.505786,3.320375,1.019485	-0.222737,0.498164,10.289004	3.395432,3.461132,0.996991	3.1407623291
17:18:35	3.421879,3.452262,0.995498	3.547826,3.329053,1.023446	-0.366438,0.965193,10.547666	3.421879,3.452262,0.995498	3.1407623291
17:18:35	3.449703,3.442825,0.995189	3.534657,3.317700,1.034460	-0.102986,0.931663,10.820698	3.449703,3.442825,0.995189	3.1407623291
17:18:35	3.478303,3.432696,0.996970	3.559020,3.273898,1.029694	0.038320,0.213157,10.509346	3.478303,3.432696,0.996970	3.1407623291
17:18:36	3.505484,3.420355,0.998915	3.606201,3.276681,1.024818	0.399968,0.929268,10.243499	3.505484,3.420355,0.998915	3.1407623291
17:18:36	3.531495,3.406381,1.000119	3.656685,3.286348,1.018818	0.249082,0.720901,10.190808	3.531495,3.406381,1.000119	3.17771244049
17:18:36	3.558692,3.392346,0.998401	3.669375,3.258246,1.012454	-0.172441,0.289797,10.142908	3.558692,3.392346,0.998401	3.13548374176
17:18:36	3.588380,3.379409,0.995655	3.662348,3.240721,1.023235	-0.023950,-0.086221,10.636282	3.588380,3.379409,0.995655	3.1407623291
17:18:36	3.618949,3.365927,0.995104	3.701163,3.261287,1.034109	-0.251477,0.316143,10.593171	3.618949,3.365927,0.995104	3.1407623291
17:18:36	3.648730,3.352492,0.997198	3.652294,3.282968,1.035283	0.170046,0.158071,10.317744	3.648730,3.352492,0.997198	3.1407623291
17:18:36	3.675642,3.341630,0.998158	3.604892,3.391009,1.026232	0.074246,0.510139,10.401570	3.675642,3.341630,0.998158	3.13548374176
17:18:36	3.695422,3.334771,0.997914	3.649190,3.321284,1.023244	-0.055085,0.301772,9.968071	3.695422,3.334771,0.997914	3.13548374176
17:18:36	3.706451,3.333343,0.996037	3.705242,3.331541,1.024153	0.572410,0.208367,10.248289	3.706451,3.333343,0.996037	3.13548374176
17:18:36	3.710861,3.336835,0.993843	3.688716,3.333116,1.032718	-0.098196,0.651445,10.516531	3.710861,3.336835,0.993843	3.13548374176
17:18:37	3.710986,3.344387,0.992085	3.682352,3.327012,1.042146	-0.100591,0.318538,10.442285	3.710986,3.344387,0.992085	3.13548374176
17:18:37	3.707156,3.354572,0.992298	3.682729,3.314379,1.048806	-0.021555,0.500559,10.722502	3.707156,3.354572,0.992298	3.13548374176
17:18:37	3.701162,3.364495,0.994660	3.689252,3.384652,1.047659	0.354463,-0.059875,10.186018	3.701162,3.364495,0.994660	3.13548374176
17:18:37	3.695017,3.373503,0.997570	3.698970,3.369228,1.037019	-0.208367,0.711321,10.207573	3.695017,3.373503,0.997570	3.13548374176
17:18:37	3.690030,3.382617,0.997345	3.708756,3.354514,1.025781	0.028740,0.282612,9.896221	3.690030,3.382617,0.997345	3.19354820251
17:18:37	3.688498,3.390766,0.994333	3.716437,3.339913,1.027480	-0.019160,0.179626,10.236313	3.688498,3.390766,0.994333	3.13020515442
17:18:37	3.692553,3.395794,0.992198	3.718194,3.327255,1.040783	0.756826,0.023950,10.399175	3.692553,3.395794,0.992198	3.13020515442
17:18:37	3.701460,3.396179,0.992983	3.710985,3.319745,1.048731	0.289797,0.124541,10.356064	3.701460,3.396179,0.992983	3.13020515442
17:18:37	3.712829,3.391521,0.996219	3.696338,3.319524,1.043989	-0.158071,0.308958,10.609937	3.712829,3.391521,0.996219	3.13548374176
17:18:37	3.723529,3.381991,0.999117	3.677977,3.328005,1.030182	0.201182,0.227527,9.970466	3.723529,3.381991,0.999117	3.13548374176
17:18:38	3.731036,3.369621,1.001103	3.747892,3.343645,1.018300	-0.107776,-0.318538,10.193203	3.731036,3.369621,1.001103	3.13548374176
17:18:38	3.735767,3.356568,1.000623	3.736262,3.363636,1.010957	-0.007185,0.804727,9.999207	3.735767,3.356568,1.000623	3.13020515442
17:18:38	3.738199,3.346163,0.998309	3.728959,3.384394,1.013377	-0.098196,-0.007185,10.298584	3.738199,3.346163,0.998309	3.13020515442
17:18:38	3.737542,3.341306,0.995445	3.725434,3.313802,1.023527	0.093406,0.689766,10.528506	3.737542,3.341306,0.995445	3.12492656708
17:18:38	3.734676,3.342049,0.993991	3.726850,3.320724,1.035784	0.308958,0.744851,10.511741	3.734676,3.342049,0.993991	3.12492656708
17:18:38	3.731246,3.347260,0.995857	3.731628,3.318984,1.040210	-0.057480,-0.071851,10.593171	3.731246,3.347260,0.995857	3.13020515442
17:18:38	3.729086,3.356855,0.997837	3.737099,3.309987,1.032187	0.172441,0.677791,10.391990	3.729086,3.356855,0.997837	3.13020515442
17:18:38	3.730192,3.368549,0.998807	3.740220,3.380872,1.024408	0.047900,-0.117356,9.982441	3.730192,3.368549,0.998807	3.15131950378
17:18:38	3.734732,3.381866,0.997931	3.738017,3.362031,1.020350	0.155676,0.035925,10.044712	3.734732,3.381866,0.997931	3.15131950378
17:18:38	3.741558,3.397255,0.994051	3.730307,3.340352,1.025240	0.193997,-0.364043,10.444680	3.741558,3.397255,0.994051	3.11964797974
17:18:39	3.749844,3.409854,0.993000	3.719061,3.315631,1.041655	-0.119751,0.514929,11.100916	3.749844,3.409854,0.993000	3.12492656708
17:18:39	3.758328,3.415676,0.996530	3.705769,3.296436,1.044164	0.095801,0.840652,10.387200	3.758328,3.415676,0.996530	3.13020515442
17:18:39	3.765422,3.414492,1.000849	3.778876,3.287999,1.028574	-0.095801,0.558040,10.324929	3.765422,3.414492,1.000849	3.13548374176
17:18:39	3.771467,3.407294,1.002366	3.767793,3.290799,1.011205	0.280217,0.340093,10.083032	3.771467,3.407294,1.002366	3.13020515442
17:18:39	3.776949,3.396093,1.000195	3.758185,3.302979,1.005888	0.323328,0.100591,10.118958	3.776949,3.396093,1.000195	3.13548374176
17:18:39	3.780319,3.383583,0.996221	3.749532,3.321248,1.016204	0.179626,0.122146,10.284214	3.780319,3.383583,0.996221	3.12492656708
17:18:39	3.780768,3.372559,0.992980	3.744614,3.341349,1.033375	-0.047900,-0.110171,10.715317	3.780768,3.372559,0.992980	3.12492656708
17:18:39	3.778714,3.366945,0.993655	3.744232,3.358505,1.044911	0.093406,0.605940,10.827883	3.778714,3.366945,0.993655	3.10381221771
17:18:39	3.774584,3.370413,0.996115	3.747801,3.366365,1.041589	0.395178,0.071851,10.451865	3.774584,3.370413,0.996115	3.13548374176
17:18:39	3.769367,3.383818,0.997552	3.754682,3.359393,1.031137	0.325723,0.567620,10.159673	3.769367,3.383818,0.997552	3.13548374176
17:18:40	3.764897,3.404820,0.996723	3.762963,3.336835,1.025537	0.443079,-0.356858,10.188413	3.764897,3.404820,0.996723	3.13020515442
17:18:40	3.762877,3.428987,0.994890	3.769964,3.302473,1.030227	0.045505,0.493374,10.571616	3.762877,3.428987,0.994890	3.10381221771
17:18:40	3.764302,3.451219,0.994940	3.772626,3.263996,1.038084	0.148491,0.177231,10.844648	3.764302,3.451219,0.994940	3.10909080505
17:18:40	3.769488,3.466030,0.998301	3.769440,3.253578,1.032254	0.213157,-0.378413,10.224338	3.769488,3.466030,0.998301	3.11964797974
17:18:40	3.777900,3.469495,1.003028	3.761211,3.293124,1.020827	-0.002395,0.471819,10.190808	3.777900,3.469495,1.003028	3.15659809113
17:18:40	3.787521,3.461652,1.005993	3.747383,3.289162,1.001297	0.158071,0.565225,9.910591	3.787521,3.461652,1.005993	3.13548374176
17:18:40	3.795995,3.445026,1.004267	3.818762,3.303234,0.990384	-0.059875,0.486189,10.269844	3.795995,3.445026,1.004267	3.13548374176
17:18:40	3.803071,3.421588,1.000729	3.805338,3.244176,0.998782	0.086221,-0.023950,10.358459	3.803071,3.421588,1.000729	3.07214069366
17:18:40	3.809817,3.394177,0.998096	3.794145,3.282325,1.013315	0.261057,0.522114,10.403965	3.809817,3.394177,0.998096	3.07214069366
17:18:40	3.815647,3.365636,0.997319	3.783411,3.326397,1.024321	0.205972,0.004790,10.593171	3.815647,3.365636,0.997319	3.10909080505
17:18:41	3.819713,3.341529,0.998928	3.774275,3.372011,1.026161	0.244292,0.323328,10.387200	3.819713,3.341529,0.998928	3.11964797974
17:18:41	3.821923,3.327722,1.000490	3.854685,3.322851,1.019404	0.445474,0.852627,10.197993	3.821923,3.327722,1.000490	3.12492656708
17:18:41	3.822811,3.326413,1.000032	3.851414,3.343249,1.013061	0.186812,0.093406,10.310559	3.822811,3.326413,1.000032	3.11964797974
17:18:41	3.824118,3.337531,0.998908	3.850031,3.343631,1.015949	0.349673,0.488584,10.459050	3.824118,3.337531,0.998908	3.1143693924
17:18:41	3.826424,3.359368,0.997818	3.847806,3.324293,1.020527	0.263452,-0.117356,10.502161	3.826424,3.359368,0.997818	3.11964797974
17:18:41	3.829684,3.386971,0.998354	3.844025,3.375018,1.024963	-0.052690,0.752036,10.451865	3.829684,3.386971,0.998354	3.1143693924
17:18:41	3.833988,3.416072,1.001206	3.838689,3.330298,1.021973	0.447869,0.328118,10.250684	3.833988,3.416072,1.001206	3.13020515442
17:18:41	3.839034,3.443833,1.002962	3.745063,3.283643,1.010201	0.093406,-0.095801,10.475815	3.839034,3.443833,1.002962	3.1143693924
17:18:41	3.844398,3.464287,1.000087	3.750296,3.266866,1.002551	0.091011,0.728086,9.335786	3.844398,3.464287,1.000087	3.12492656708
17:18:41	3.848176,3.473511,0.985735	3.732030,3.300610,1.018207	0.067061,0.404758,9.606423	3.848176,3.473511,0.985735	3.15131950378
17:18:42	3.847122,3.473733,0.964440	3.741239,3.310142,1.067681	0.105381,0.100591,9.764495	3.847122,3.473733,0.964440	3.15131950378
17:18:42	3.837438,3.471538,0.936202	3.815245,3.300765,1.153684	0.608335,0.011975,9.857900	3.837438,3.471538,0.936202	3.15131950378
17:18:42	3.816588,3.473559,0.901766	3.830536,3.328069,1.212054	0.344883,0.222737,10.130933	3.816588,3.473559,0.901766	3.14604091644
17:18:42	3.787008,3.484941,0.862075	3.843664,3.359570,1.221245	0.368833,-0.107776,10.063872	3.787008,3.484941,0.862075	3.1407623291
17:18:42	3.756271,3.510959,0.818032	3.802853,3.384150,1.200346	0.246687,-0.306563,10.212363	3.756271,3.510959,0.818032	3.1407623291
17:18:42	3.731017,3.553356,0.771917	3.766314,3.435552,1.181405	0.129331,-0.347278,10.145303	3.731017,3.553356,0.771917	3.1407623291
17:18:42	3.711425,3.609959,0.728097	3.732484,3.485402,1.141109	-0.011975,0.095801,10.842253	3.711425,3.609959,0.728097	3.09325504303
17:18:42	3.692657,3.675620,0.687651	3.725989,3.558952,1.107123	0.234712,0.610730,10.420730	3.692657,3.675620,0.687651	3.13020515442
17:18:42	3.673577,3.744778,0.648261	3.696484,3.631883,1.071823	-0.059875,-0.282612,10.451865	3.673577,3.744778,0.648261	3.10381221771
17:18:42	3.655530,3.813778,0.612151	3.669128,3.704963,1.034451	-0.452659,-0.328118,10.772798	3.655530,3.813778,0.612151	3.12492656708
17:18:43	3.639617,3.878766,0.577010	3.660372,3.776770,0.999213	0.000000,0.232317,10.300979	3.639617,3.878766,0.577010	3.10909080505
17:18:43	3.625717,3.938882,0.543913	3.635998,3.845527,0.967392	0.170046,-0.148491,10.478210	3.625717,3.938882,0.543913	3.11964797974
17:18:43	3.615595,3.993631,0.511415	3.628396,3.910779,0.935715	0.117356,0.143701,10.332114	3.615595,3.993631,0.511415	3.1143693924
17:18:43	3.609261,4.042885,0.479782	3.622242,3.959107,0.900797	0.172441,0.227527,10.600356	3.609261,4.042885,0.479782	3.1143693924
17:18:43	3.606185,4.087190,0.449315	3.605412,4.041697,0.877747	-0.117356,-0.241897,10.564431	3.606185,4.087190,0.449315	3.10909080505
17:18:43	3.605914,4.127614,0.404598	3.603826,4.082069,0.847265	0.067061,0.086221,6.871311	3.605914,4.127614,0.404598	3.54193544388
